2025-02-02 15:11:57,569 - INFO - Trial 80 finished with value: 0.8508771929824562 and parameters: {'n_estimators': 193, 'max_depth': 20, 'min_samples_split': 2, 'min_samples_leaf': 2, 'class_weight': None}. Best is trial 1 with value: 0.8508771929824562.
2025-02-02 15:11:57,682 - INFO - Trial 81 finished with value: 0.8508771929824562 and parameters: {'n_estimators': 110, 'max_depth': 8, 'min_samples_split': 2, 'min_samples_leaf': 3, 'class_weight': None}. Best is trial 1 with value: 0.8508771929824562.
2025-02-02 15:11:57,778 - INFO - Trial 82 finished with value: 0.8508771929824562 and parameters: {'n_estimators': 87, 'max_depth': 9, 'min_samples_split': 3, 'min_samples_leaf': 3, 'class_weight': None}. Best is trial 1 with value: 0.8508771929824562.
2025-02-02 15:11:57,883 - INFO - Trial 83 finished with value: 0.8508771929824562 and parameters: {'n_estimators': 103, 'max_depth': 10, 'min_samples_split': 4, 'min_samples_leaf': 3, 'class_weight': None}. Best is trial 1 with value: 0.8508771929824562.
2025-02-02 15:11:58,014 - INFO - Trial 84 finished with value: 0.8508771929824562 and parameters: {'n_estimators': 134, 'max_depth': 11, 'min_samples_split': 3, 'min_samples_leaf': 3, 'class_weight': None}. Best is trial 1 with value: 0.8508771929824562.
2025-02-02 15:11:58,105 - INFO - Trial 85 finished with value: 0.8508771929824562 and parameters: {'n_estimators': 79, 'max_depth': 18, 'min_samples_split': 2, 'min_samples_leaf': 1, 'class_weight': None}. Best is trial 1 with value: 0.8508771929824562.
2025-02-02 15:11:58,174 - INFO - Trial 86 finished with value: 0.8508771929824562 and parameters: {'n_estimators': 50, 'max_depth': 13, 'min_samples_split': 2, 'min_samples_leaf': 3, 'class_weight': 'balanced'}. Best is trial 1 with value: 0.8508771929824562.
2025-02-02 15:11:58,332 - INFO - Trial 87 finished with value: 0.8508771929824562 and parameters: {'n_estimators': 169, 'max_depth': 16, 'min_samples_split': 3, 'min_samples_leaf': 3, 'class_weight': None}. Best is trial 1 with value: 0.8508771929824562.
2025-02-02 15:11:58,412 - INFO - Trial 88 finished with value: 0.8227272727272728 and parameters: {'n_estimators': 67, 'max_depth': 5, 'min_samples_split': 9, 'min_samples_leaf': 2, 'class_weight': None}. Best is trial 1 with value: 0.8508771929824562.
2025-02-02 15:11:58,563 - INFO - Trial 89 finished with value: 0.7945736434108528 and parameters: {'n_estimators': 161, 'max_depth': 12, 'min_samples_split': 2, 'min_samples_leaf': 4, 'class_weight': None}. Best is trial 1 with value: 0.8508771929824562.
2025-02-02 15:11:58,683 - INFO - Trial 90 finished with value: 0.8508771929824562 and parameters: {'n_estimators': 116, 'max_depth': 6, 'min_samples_split': 4, 'min_samples_leaf': 1, 'class_weight': 'balanced'}. Best is trial 1 with value: 0.8508771929824562.
2025-02-02 15:11:58,899 - INFO - Trial 91 finished with value: 0.8508771929824562 and parameters: {'n_estimators': 235, 'max_depth': 15, 'min_samples_split': 4, 'min_samples_leaf': 2, 'class_weight': 'balanced'}. Best is trial 1 with value: 0.8508771929824562.
2025-02-02 15:11:59,157 - INFO - Trial 92 finished with value: 0.8508771929824562 and parameters: {'n_estimators': 297, 'max_depth': 14, 'min_samples_split': 5, 'min_samples_leaf': 2, 'class_weight': 'balanced'}. Best is trial 1 with value: 0.8508771929824562.
2025-02-02 15:11:59,394 - INFO - Trial 93 finished with value: 0.8508771929824562 and parameters: {'n_estimators': 272, 'max_depth': 12, 'min_samples_split': 5, 'min_samples_leaf': 2, 'class_weight': 'balanced'}. Best is trial 1 with value: 0.8508771929824562.
2025-02-02 15:11:59,652 - INFO - Trial 94 finished with value: 0.8508771929824562 and parameters: {'n_estimators': 298, 'max_depth': 13, 'min_samples_split': 5, 'min_samples_leaf': 2, 'class_weight': 'balanced'}. Best is trial 1 with value: 0.8508771929824562.
2025-02-02 15:11:59,796 - INFO - Trial 95 finished with value: 0.8508771929824562 and parameters: {'n_estimators': 146, 'max_depth': 10, 'min_samples_split': 7, 'min_samples_leaf': 3, 'class_weight': None}. Best is trial 1 with value: 0.8508771929824562.
2025-02-02 15:11:59,931 - INFO - Trial 96 finished with value: 0.8508771929824562 and parameters: {'n_estimators': 132, 'max_depth': 11, 'min_samples_split': 6, 'min_samples_leaf': 3, 'class_weight': None}. Best is trial 1 with value: 0.8508771929824562.
2025-02-02 15:12:00,172 - INFO - Trial 97 finished with value: 0.8508771929824562 and parameters: {'n_estimators': 260, 'max_depth': 7, 'min_samples_split': 3, 'min_samples_leaf': 2, 'class_weight': 'balanced'}. Best is trial 1 with value: 0.8508771929824562.
2025-02-02 15:12:00,354 - INFO - Trial 98 finished with value: 0.8227272727272728 and parameters: {'n_estimators': 200, 'max_depth': 18, 'min_samples_split': 10, 'min_samples_leaf': 1, 'class_weight': None}. Best is trial 1 with value: 0.8508771929824562.
2025-02-02 15:12:00,598 - INFO - Trial 99 finished with value: 0.8508771929824562 and parameters: {'n_estimators': 284, 'max_depth': 16, 'min_samples_split': 8, 'min_samples_leaf': 3, 'class_weight': None}. Best is trial 1 with value: 0.8508771929824562.
2025-02-02 15:12:01,155 - INFO - A new study created in memory with name: no-name-a57615df-e7f0-486c-a87e-96e0ed2dc861
2025-02-02 15:12:01,176 - INFO - Trial 0 finished with value: 0.7584541062801933 and parameters: {'max_depth': 17, 'min_samples_split': 9, 'min_samples_leaf': 4, 'class_weight': 'balanced'}. Best is trial 0 with value: 0.7584541062801933.
2025-02-02 15:12:01,193 - INFO - Trial 1 finished with value: 0.7584541062801933 and parameters: {'max_depth': 11, 'min_samples_split': 5, 'min_samples_leaf': 3, 'class_weight': None}. Best is trial 0 with value: 0.7584541062801933.
2025-02-02 15:12:01,213 - INFO - Trial 2 finished with value: 0.75 and parameters: {'max_depth': 6, 'min_samples_split': 7, 'min_samples_leaf': 2, 'class_weight': 'balanced'}. Best is trial 0 with value: 0.7584541062801933.
2025-02-02 15:12:01,232 - INFO - Trial 3 finished with value: 0.7584541062801933 and parameters: {'max_depth': 6, 'min_samples_split': 7, 'min_samples_leaf': 3, 'class_weight': 'balanced'}. Best is trial 0 with value: 0.7584541062801933.
2025-02-02 15:12:01,251 - INFO - Trial 4 finished with value: 0.7584541062801933 and parameters: {'max_depth': 4, 'min_samples_split': 9, 'min_samples_leaf': 4, 'class_weight': None}. Best is trial 0 with value: 0.7584541062801933.
2025-02-02 15:12:01,270 - INFO - Trial 5 finished with value: 0.75 and parameters: {'max_depth': 9, 'min_samples_split': 4, 'min_samples_leaf': 1, 'class_weight': None}. Best is trial 0 with value: 0.7584541062801933.
2025-02-02 15:12:01,288 - INFO - Trial 6 finished with value: 0.75 and parameters: {'max_depth': 11, 'min_samples_split': 3, 'min_samples_leaf': 2, 'class_weight': None}. Best is trial 0 with value: 0.7584541062801933.
2025-02-02 15:12:01,304 - INFO - Trial 7 finished with value: 0.75 and parameters: {'max_depth': 17, 'min_samples_split': 6, 'min_samples_leaf': 1, 'class_weight': 'balanced'}. Best is trial 0 with value: 0.7584541062801933.
2025-02-02 15:12:01,321 - INFO - Trial 8 finished with value: 0.75 and parameters: {'max_depth': 5, 'min_samples_split': 5, 'min_samples_leaf': 1, 'class_weight': 'balanced'}. Best is trial 0 with value: 0.7584541062801933.
2025-02-02 15:12:01,338 - INFO - Trial 9 finished with value: 0.7584541062801933 and parameters: {'max_depth': 16, 'min_samples_split': 10, 'min_samples_leaf': 3, 'class_weight': 'balanced'}. Best is trial 0 with value: 0.7584541062801933.
2025-02-02 15:12:01,363 - INFO - Trial 10 finished with value: 0.7584541062801933 and parameters: {'max_depth': 20, 'min_samples_split': 9, 'min_samples_leaf': 4, 'class_weight': 'balanced'}. Best is trial 0 with value: 0.7584541062801933.
2025-02-02 15:12:01,386 - INFO - Trial 11 finished with value: 0.7584541062801933 and parameters: {'max_depth': 14, 'min_samples_split': 2, 'min_samples_leaf': 4, 'class_weight': None}. Best is trial 0 with value: 0.7584541062801933.
2025-02-02 15:12:01,409 - INFO - Trial 12 finished with value: 0.7584541062801933 and parameters: {'max_depth': 13, 'min_samples_split': 7, 'min_samples_leaf': 3, 'class_weight': None}. Best is trial 0 with value: 0.7584541062801933.
2025-02-02 15:12:01,431 - INFO - Trial 13 finished with value: 0.7584541062801933 and parameters: {'max_depth': 10, 'min_samples_split': 5, 'min_samples_leaf': 4, 'class_weight': None}. Best is trial 0 with value: 0.7584541062801933.
2025-02-02 15:12:01,454 - INFO - Trial 14 finished with value: 0.7584541062801933 and parameters: {'max_depth': 20, 'min_samples_split': 8, 'min_samples_leaf': 3, 'class_weight': 'balanced'}. Best is trial 0 with value: 0.7584541062801933.
2025-02-02 15:12:01,477 - INFO - Trial 15 finished with value: 0.75 and parameters: {'max_depth': 17, 'min_samples_split': 5, 'min_samples_leaf': 2, 'class_weight': None}. Best is trial 0 with value: 0.7584541062801933.
2025-02-02 15:12:01,500 - INFO - Trial 16 finished with value: 0.7584541062801933 and parameters: {'max_depth': 8, 'min_samples_split': 10, 'min_samples_leaf': 4, 'class_weight': None}. Best is trial 0 with value: 0.7584541062801933.
2025-02-02 15:12:01,523 - INFO - Trial 17 finished with value: 0.7584541062801933 and parameters: {'max_depth': 13, 'min_samples_split': 3, 'min_samples_leaf': 3, 'class_weight': 'balanced'}. Best is trial 0 with value: 0.7584541062801933.
2025-02-02 15:12:01,546 - INFO - Trial 18 finished with value: 0.7584541062801933 and parameters: {'max_depth': 15, 'min_samples_split': 6, 'min_samples_leaf': 4, 'class_weight': 'balanced'}. Best is trial 0 with value: 0.7584541062801933.
2025-02-02 15:12:01,569 - INFO - Trial 19 finished with value: 0.7584541062801933 and parameters: {'max_depth': 18, 'min_samples_split': 8, 'min_samples_leaf': 3, 'class_weight': None}. Best is trial 0 with value: 0.7584541062801933.
2025-02-02 15:12:01,592 - INFO - Trial 20 finished with value: 0.75 and parameters: {'max_depth': 12, 'min_samples_split': 4, 'min_samples_leaf': 2, 'class_weight': None}. Best is trial 0 with value: 0.7584541062801933.
2025-02-02 15:12:01,616 - INFO - Trial 21 finished with value: 0.7584541062801933 and parameters: {'max_depth': 7, 'min_samples_split': 7, 'min_samples_leaf': 3, 'class_weight': 'balanced'}. Best is trial 0 with value: 0.7584541062801933.
2025-02-02 15:12:01,639 - INFO - Trial 22 finished with value: 0.7584541062801933 and parameters: {'max_depth': 3, 'min_samples_split': 8, 'min_samples_leaf': 3, 'class_weight': 'balanced'}. Best is trial 0 with value: 0.7584541062801933.
2025-02-02 15:12:01,663 - INFO - Trial 23 finished with value: 0.7853566958698374 and parameters: {'max_depth': 10, 'min_samples_split': 6, 'min_samples_leaf': 3, 'class_weight': 'balanced'}. Best is trial 23 with value: 0.7853566958698374.
2025-02-02 15:12:01,686 - INFO - Trial 24 finished with value: 0.7584541062801933 and parameters: {'max_depth': 10, 'min_samples_split': 6, 'min_samples_leaf': 4, 'class_weight': 'balanced'}. Best is trial 23 with value: 0.7853566958698374.
2025-02-02 15:12:01,710 - INFO - Trial 25 finished with value: 0.75 and parameters: {'max_depth': 11, 'min_samples_split': 4, 'min_samples_leaf': 2, 'class_weight': 'balanced'}. Best is trial 23 with value: 0.7853566958698374.
2025-02-02 15:12:01,734 - INFO - Trial 26 finished with value: 0.7584541062801933 and parameters: {'max_depth': 8, 'min_samples_split': 6, 'min_samples_leaf': 3, 'class_weight': 'balanced'}. Best is trial 23 with value: 0.7853566958698374.
2025-02-02 15:12:01,757 - INFO - Trial 27 finished with value: 0.7584541062801933 and parameters: {'max_depth': 12, 'min_samples_split': 5, 'min_samples_leaf': 4, 'class_weight': 'balanced'}. Best is trial 23 with value: 0.7853566958698374.
2025-02-02 15:12:01,780 - INFO - Trial 28 finished with value: 0.7584541062801933 and parameters: {'max_depth': 9, 'min_samples_split': 9, 'min_samples_leaf': 3, 'class_weight': None}. Best is trial 23 with value: 0.7853566958698374.
2025-02-02 15:12:01,805 - INFO - Trial 29 finished with value: 0.75 and parameters: {'max_depth': 14, 'min_samples_split': 6, 'min_samples_leaf': 2, 'class_weight': 'balanced'}. Best is trial 23 with value: 0.7853566958698374.
2025-02-02 15:12:01,828 - INFO - Trial 30 finished with value: 0.7584541062801933 and parameters: {'max_depth': 18, 'min_samples_split': 8, 'min_samples_leaf': 4, 'class_weight': 'balanced'}. Best is trial 23 with value: 0.7853566958698374.
2025-02-02 15:12:01,851 - INFO - Trial 31 finished with value: 0.7584541062801933 and parameters: {'max_depth': 6, 'min_samples_split': 7, 'min_samples_leaf': 3, 'class_weight': 'balanced'}. Best is trial 23 with value: 0.7853566958698374.
2025-02-02 15:12:01,875 - INFO - Trial 32 finished with value: 0.7584541062801933 and parameters: {'max_depth': 5, 'min_samples_split': 7, 'min_samples_leaf': 3, 'class_weight': 'balanced'}. Best is trial 23 with value: 0.7853566958698374.
2025-02-02 15:12:01,899 - INFO - Trial 33 finished with value: 0.7584541062801933 and parameters: {'max_depth': 8, 'min_samples_split': 9, 'min_samples_leaf': 3, 'class_weight': 'balanced'}. Best is trial 23 with value: 0.7853566958698374.
2025-02-02 15:12:01,923 - INFO - Trial 34 finished with value: 0.7584541062801933 and parameters: {'max_depth': 3, 'min_samples_split': 5, 'min_samples_leaf': 2, 'class_weight': 'balanced'}. Best is trial 23 with value: 0.7853566958698374.
2025-02-02 15:12:01,946 - INFO - Trial 35 finished with value: 0.7584541062801933 and parameters: {'max_depth': 10, 'min_samples_split': 4, 'min_samples_leaf': 3, 'class_weight': None}. Best is trial 23 with value: 0.7853566958698374.
2025-02-02 15:12:01,969 - INFO - Trial 36 finished with value: 0.7584541062801933 and parameters: {'max_depth': 6, 'min_samples_split': 7, 'min_samples_leaf': 4, 'class_weight': 'balanced'}. Best is trial 23 with value: 0.7853566958698374.
2025-02-02 15:12:01,993 - INFO - Trial 37 finished with value: 0.75 and parameters: {'max_depth': 9, 'min_samples_split': 8, 'min_samples_leaf': 2, 'class_weight': None}. Best is trial 23 with value: 0.7853566958698374.
2025-02-02 15:12:02,018 - INFO - Trial 38 finished with value: 0.75 and parameters: {'max_depth': 5, 'min_samples_split': 10, 'min_samples_leaf': 1, 'class_weight': 'balanced'}. Best is trial 23 with value: 0.7853566958698374.
2025-02-02 15:12:02,041 - INFO - Trial 39 finished with value: 0.7853566958698374 and parameters: {'max_depth': 7, 'min_samples_split': 6, 'min_samples_leaf': 3, 'class_weight': 'balanced'}. Best is trial 23 with value: 0.7853566958698374.
2025-02-02 15:12:02,065 - INFO - Trial 40 finished with value: 0.7584541062801933 and parameters: {'max_depth': 11, 'min_samples_split': 6, 'min_samples_leaf': 4, 'class_weight': 'balanced'}. Best is trial 23 with value: 0.7853566958698374.
2025-02-02 15:12:02,088 - INFO - Trial 41 finished with value: 0.7584541062801933 and parameters: {'max_depth': 7, 'min_samples_split': 5, 'min_samples_leaf': 3, 'class_weight': 'balanced'}. Best is trial 23 with value: 0.7853566958698374.
2025-02-02 15:12:02,112 - INFO - Trial 42 finished with value: 0.7584541062801933 and parameters: {'max_depth': 7, 'min_samples_split': 7, 'min_samples_leaf': 3, 'class_weight': 'balanced'}. Best is trial 23 with value: 0.7853566958698374.
2025-02-02 15:12:02,138 - INFO - Trial 43 finished with value: 0.7584541062801933 and parameters: {'max_depth': 4, 'min_samples_split': 6, 'min_samples_leaf': 3, 'class_weight': 'balanced'}. Best is trial 23 with value: 0.7853566958698374.
2025-02-02 15:12:02,161 - INFO - Trial 44 finished with value: 0.7853566958698374 and parameters: {'max_depth': 13, 'min_samples_split': 3, 'min_samples_leaf': 3, 'class_weight': None}. Best is trial 23 with value: 0.7853566958698374.
2025-02-02 15:12:02,186 - INFO - Trial 45 finished with value: 0.7853566958698374 and parameters: {'max_depth': 15, 'min_samples_split': 2, 'min_samples_leaf': 3, 'class_weight': None}. Best is trial 23 with value: 0.7853566958698374.
2025-02-02 15:12:02,210 - INFO - Trial 46 finished with value: 0.7584541062801933 and parameters: {'max_depth': 16, 'min_samples_split': 2, 'min_samples_leaf': 3, 'class_weight': None}. Best is trial 23 with value: 0.7853566958698374.
2025-02-02 15:12:02,233 - INFO - Trial 47 finished with value: 0.7853566958698374 and parameters: {'max_depth': 15, 'min_samples_split': 3, 'min_samples_leaf': 3, 'class_weight': None}. Best is trial 23 with value: 0.7853566958698374.
2025-02-02 15:12:02,258 - INFO - Trial 48 finished with value: 0.7853566958698374 and parameters: {'max_depth': 14, 'min_samples_split': 3, 'min_samples_leaf': 3, 'class_weight': None}. Best is trial 23 with value: 0.7853566958698374.
2025-02-02 15:12:02,281 - INFO - Trial 49 finished with value: 0.7584541062801933 and parameters: {'max_depth': 15, 'min_samples_split': 3, 'min_samples_leaf': 3, 'class_weight': None}. Best is trial 23 with value: 0.7853566958698374.
2025-02-02 15:12:02,307 - INFO - Trial 50 finished with value: 0.75 and parameters: {'max_depth': 15, 'min_samples_split': 2, 'min_samples_leaf': 2, 'class_weight': None}. Best is trial 23 with value: 0.7853566958698374.
2025-02-02 15:12:02,332 - INFO - Trial 51 finished with value: 0.7584541062801933 and parameters: {'max_depth': 13, 'min_samples_split': 3, 'min_samples_leaf': 3, 'class_weight': None}. Best is trial 23 with value: 0.7853566958698374.
2025-02-02 15:12:02,359 - INFO - Trial 52 finished with value: 0.7853566958698374 and parameters: {'max_depth': 14, 'min_samples_split': 3, 'min_samples_leaf': 3, 'class_weight': None}. Best is trial 23 with value: 0.7853566958698374.
2025-02-02 15:12:02,385 - INFO - Trial 53 finished with value: 0.7584541062801933 and parameters: {'max_depth': 16, 'min_samples_split': 2, 'min_samples_leaf': 3, 'class_weight': None}. Best is trial 23 with value: 0.7853566958698374.
2025-02-02 15:12:02,409 - INFO - Trial 54 finished with value: 0.7853566958698374 and parameters: {'max_depth': 13, 'min_samples_split': 3, 'min_samples_leaf': 3, 'class_weight': None}. Best is trial 23 with value: 0.7853566958698374.
2025-02-02 15:12:02,433 - INFO - Trial 55 finished with value: 0.7853566958698374 and parameters: {'max_depth': 14, 'min_samples_split': 2, 'min_samples_leaf': 3, 'class_weight': None}. Best is trial 23 with value: 0.7853566958698374.
2025-02-02 15:12:02,459 - INFO - Trial 56 finished with value: 0.7853566958698374 and parameters: {'max_depth': 12, 'min_samples_split': 4, 'min_samples_leaf': 3, 'class_weight': None}. Best is trial 23 with value: 0.7853566958698374.
2025-02-02 15:12:02,482 - INFO - Trial 57 finished with value: 0.7584541062801933 and parameters: {'max_depth': 16, 'min_samples_split': 3, 'min_samples_leaf': 3, 'class_weight': None}. Best is trial 23 with value: 0.7853566958698374.
2025-02-02 15:12:02,508 - INFO - Trial 58 finished with value: 0.7584541062801933 and parameters: {'max_depth': 13, 'min_samples_split': 2, 'min_samples_leaf': 3, 'class_weight': None}. Best is trial 23 with value: 0.7853566958698374.
2025-02-02 15:12:02,621 - INFO - Trial 59 finished with value: 0.7853566958698374 and parameters: {'max_depth': 17, 'min_samples_split': 4, 'min_samples_leaf': 3, 'class_weight': None}. Best is trial 23 with value: 0.7853566958698374.
2025-02-02 15:12:02,649 - INFO - Trial 60 finished with value: 0.75 and parameters: {'max_depth': 18, 'min_samples_split': 3, 'min_samples_leaf': 2, 'class_weight': None}. Best is trial 23 with value: 0.7853566958698374.
2025-02-02 15:12:02,673 - INFO - Trial 61 finished with value: 0.7853566958698374 and parameters: {'max_depth': 14, 'min_samples_split': 3, 'min_samples_leaf': 3, 'class_weight': None}. Best is trial 23 with value: 0.7853566958698374.
2025-02-02 15:12:02,696 - INFO - Trial 62 finished with value: 0.7584541062801933 and parameters: {'max_depth': 15, 'min_samples_split': 2, 'min_samples_leaf': 3, 'class_weight': None}. Best is trial 23 with value: 0.7853566958698374.
2025-02-02 15:12:02,722 - INFO - Trial 63 finished with value: 0.7853566958698374 and parameters: {'max_depth': 14, 'min_samples_split': 3, 'min_samples_leaf': 3, 'class_weight': None}. Best is trial 23 with value: 0.7853566958698374.
2025-02-02 15:12:02,746 - INFO - Trial 64 finished with value: 0.7584541062801933 and parameters: {'max_depth': 12, 'min_samples_split': 4, 'min_samples_leaf': 3, 'class_weight': None}. Best is trial 23 with value: 0.7853566958698374.
2025-02-02 15:12:02,771 - INFO - Trial 65 finished with value: 0.7584541062801933 and parameters: {'max_depth': 15, 'min_samples_split': 4, 'min_samples_leaf': 3, 'class_weight': None}. Best is trial 23 with value: 0.7853566958698374.
2025-02-02 15:12:02,795 - INFO - Trial 66 finished with value: 0.7584541062801933 and parameters: {'max_depth': 11, 'min_samples_split': 3, 'min_samples_leaf': 3, 'class_weight': None}. Best is trial 23 with value: 0.7853566958698374.
2025-02-02 15:12:02,818 - INFO - Trial 67 finished with value: 0.7584541062801933 and parameters: {'max_depth': 14, 'min_samples_split': 2, 'min_samples_leaf': 3, 'class_weight': None}. Best is trial 23 with value: 0.7853566958698374.
2025-02-02 15:12:02,842 - INFO - Trial 68 finished with value: 0.7584541062801933 and parameters: {'max_depth': 13, 'min_samples_split': 3, 'min_samples_leaf': 3, 'class_weight': None}. Best is trial 23 with value: 0.7853566958698374.
2025-02-02 15:12:02,867 - INFO - Trial 69 finished with value: 0.75 and parameters: {'max_depth': 17, 'min_samples_split': 3, 'min_samples_leaf': 2, 'class_weight': None}. Best is trial 23 with value: 0.7853566958698374.
2025-02-02 15:12:02,892 - INFO - Trial 70 finished with value: 0.7584541062801933 and parameters: {'max_depth': 12, 'min_samples_split': 2, 'min_samples_leaf': 4, 'class_weight': None}. Best is trial 23 with value: 0.7853566958698374.
