2025-02-02 15:33:29,412 - INFO - Trial 25 finished with value: 0.846683354192741 and parameters: {'n_estimators': 266, 'max_depth': 5, 'learning_rate': 0.1776603726861076, 'subsample': 0.5517241188318559}. Best is trial 6 with value: 0.875.
2025-02-02 15:33:29,461 - INFO - Trial 26 finished with value: 0.846683354192741 and parameters: {'n_estimators': 219, 'max_depth': 8, 'learning_rate': 0.15448809228564114, 'subsample': 0.7072420026627485}. Best is trial 6 with value: 0.875.
2025-02-02 15:33:29,505 - INFO - Trial 27 finished with value: 0.8125 and parameters: {'n_estimators': 150, 'max_depth': 13, 'learning_rate': 0.08572086655631324, 'subsample': 0.7931089494466164}. Best is trial 6 with value: 0.875.
2025-02-02 15:33:29,559 - INFO - Trial 28 finished with value: 0.8125 and parameters: {'n_estimators': 247, 'max_depth': 10, 'learning_rate': 0.13014047992949482, 'subsample': 0.9075632806608136}. Best is trial 6 with value: 0.875.
2025-02-02 15:33:29,596 - INFO - Trial 29 finished with value: 0.8125 and parameters: {'n_estimators': 115, 'max_depth': 17, 'learning_rate': 0.1788110909576006, 'subsample': 0.5925560625337912}. Best is trial 6 with value: 0.875.
2025-02-02 15:33:29,648 - INFO - Trial 30 finished with value: 0.8125 and parameters: {'n_estimators': 209, 'max_depth': 7, 'learning_rate': 0.048087094112132085, 'subsample': 0.6401238653598348}. Best is trial 6 with value: 0.875.
2025-02-02 15:33:29,685 - INFO - Trial 31 finished with value: 0.846683354192741 and parameters: {'n_estimators': 122, 'max_depth': 19, 'learning_rate': 0.16797355676662973, 'subsample': 0.5629161708028813}. Best is trial 6 with value: 0.875.
2025-02-02 15:33:29,731 - INFO - Trial 32 finished with value: 0.8792270531400965 and parameters: {'n_estimators': 177, 'max_depth': 17, 'learning_rate': 0.1856764153248929, 'subsample': 0.5434767245953127}. Best is trial 32 with value: 0.8792270531400965.
2025-02-02 15:33:29,775 - INFO - Trial 33 finished with value: 0.8125 and parameters: {'n_estimators': 180, 'max_depth': 17, 'learning_rate': 0.18792364926889657, 'subsample': 0.5325425728068066}. Best is trial 32 with value: 0.8792270531400965.
2025-02-02 15:33:29,833 - INFO - Trial 34 finished with value: 0.846683354192741 and parameters: {'n_estimators': 284, 'max_depth': 15, 'learning_rate': 0.19940234300789983, 'subsample': 0.5384704617399547}. Best is trial 32 with value: 0.8792270531400965.
2025-02-02 15:33:29,883 - INFO - Trial 35 finished with value: 0.8125 and parameters: {'n_estimators': 230, 'max_depth': 18, 'learning_rate': 0.1847055831802683, 'subsample': 0.5902593247188869}. Best is trial 32 with value: 0.8792270531400965.
2025-02-02 15:33:29,925 - INFO - Trial 36 finished with value: 0.846683354192741 and parameters: {'n_estimators': 158, 'max_depth': 9, 'learning_rate': 0.16025228095929683, 'subsample': 0.6982745825699999}. Best is trial 32 with value: 0.8792270531400965.
2025-02-02 15:33:29,971 - INFO - Trial 37 finished with value: 0.8125 and parameters: {'n_estimators': 180, 'max_depth': 19, 'learning_rate': 0.17344347177287922, 'subsample': 0.5664342142508009}. Best is trial 32 with value: 0.8792270531400965.
2025-02-02 15:33:30,033 - INFO - Trial 38 finished with value: 0.8125 and parameters: {'n_estimators': 300, 'max_depth': 16, 'learning_rate': 0.14459190893897156, 'subsample': 0.536162890597422}. Best is trial 32 with value: 0.8792270531400965.
2025-02-02 15:33:30,089 - INFO - Trial 39 finished with value: 0.8125 and parameters: {'n_estimators': 257, 'max_depth': 12, 'learning_rate': 0.17326006335432637, 'subsample': 0.7742961251639953}. Best is trial 32 with value: 0.8792270531400965.
2025-02-02 15:33:30,149 - INFO - Trial 40 finished with value: 0.8125 and parameters: {'n_estimators': 272, 'max_depth': 19, 'learning_rate': 0.11393257715642699, 'subsample': 0.5017132387455893}. Best is trial 32 with value: 0.8792270531400965.
2025-02-02 15:33:30,190 - INFO - Trial 41 finished with value: 0.8792270531400965 and parameters: {'n_estimators': 135, 'max_depth': 18, 'learning_rate': 0.1913649209894563, 'subsample': 0.5708309208121839}. Best is trial 32 with value: 0.8792270531400965.
2025-02-02 15:33:30,231 - INFO - Trial 42 finished with value: 0.846683354192741 and parameters: {'n_estimators': 113, 'max_depth': 16, 'learning_rate': 0.1890474808184849, 'subsample': 0.5603293551288634}. Best is trial 32 with value: 0.8792270531400965.
2025-02-02 15:33:30,267 - INFO - Trial 43 finished with value: 0.8125 and parameters: {'n_estimators': 92, 'max_depth': 17, 'learning_rate': 0.19274725424297048, 'subsample': 0.590854145781641}. Best is trial 32 with value: 0.8792270531400965.
2025-02-02 15:33:30,316 - INFO - Trial 44 finished with value: 0.846683354192741 and parameters: {'n_estimators': 196, 'max_depth': 18, 'learning_rate': 0.1794759313359981, 'subsample': 0.5246672412967672}. Best is trial 32 with value: 0.8792270531400965.
2025-02-02 15:33:30,370 - INFO - Trial 45 finished with value: 0.8125 and parameters: {'n_estimators': 235, 'max_depth': 20, 'learning_rate': 0.19925650968509684, 'subsample': 0.5784127659017881}. Best is trial 32 with value: 0.8792270531400965.
2025-02-02 15:33:30,419 - INFO - Trial 46 finished with value: 0.8125 and parameters: {'n_estimators': 191, 'max_depth': 14, 'learning_rate': 0.15919284991150956, 'subsample': 0.6276465530761243}. Best is trial 32 with value: 0.8792270531400965.
2025-02-02 15:33:30,461 - INFO - Trial 47 finished with value: 0.846683354192741 and parameters: {'n_estimators': 132, 'max_depth': 18, 'learning_rate': 0.146060309019085, 'subsample': 0.5519251952602691}. Best is trial 32 with value: 0.8792270531400965.
2025-02-02 15:33:30,508 - INFO - Trial 48 finished with value: 0.8125 and parameters: {'n_estimators': 166, 'max_depth': 9, 'learning_rate': 0.1692898196964659, 'subsample': 0.866314243901394}. Best is trial 32 with value: 0.8792270531400965.
2025-02-02 15:33:30,558 - INFO - Trial 49 finished with value: 0.846683354192741 and parameters: {'n_estimators': 212, 'max_depth': 4, 'learning_rate': 0.18375635788110664, 'subsample': 0.6737764638087189}. Best is trial 32 with value: 0.8792270531400965.
2025-02-02 15:33:30,601 - INFO - Trial 50 finished with value: 0.8401360544217686 and parameters: {'n_estimators': 156, 'max_depth': 7, 'learning_rate': 0.19122070542427536, 'subsample': 0.7346345673102357}. Best is trial 32 with value: 0.8792270531400965.
2025-02-02 15:33:30,643 - INFO - Trial 51 finished with value: 0.7853566958698374 and parameters: {'n_estimators': 147, 'max_depth': 19, 'learning_rate': 0.17149155868503704, 'subsample': 0.5192689225338558}. Best is trial 32 with value: 0.8792270531400965.
2025-02-02 15:33:30,683 - INFO - Trial 52 finished with value: 0.8125 and parameters: {'n_estimators': 133, 'max_depth': 17, 'learning_rate': 0.18153710862755681, 'subsample': 0.6022453008642676}. Best is trial 32 with value: 0.8792270531400965.
2025-02-02 15:33:30,722 - INFO - Trial 53 finished with value: 0.8188405797101449 and parameters: {'n_estimators': 100, 'max_depth': 20, 'learning_rate': 0.19355613717994644, 'subsample': 0.5427140222877772}. Best is trial 32 with value: 0.8792270531400965.
2025-02-02 15:33:30,770 - INFO - Trial 54 finished with value: 0.846683354192741 and parameters: {'n_estimators': 205, 'max_depth': 15, 'learning_rate': 0.1989970848303162, 'subsample': 0.5695549118848077}. Best is trial 32 with value: 0.8792270531400965.
2025-02-02 15:33:30,818 - INFO - Trial 55 finished with value: 0.7853566958698374 and parameters: {'n_estimators': 174, 'max_depth': 16, 'learning_rate': 0.16325675083161875, 'subsample': 0.9967785432093199}. Best is trial 32 with value: 0.8792270531400965.
2025-02-02 15:33:30,851 - INFO - Trial 56 finished with value: 0.75 and parameters: {'n_estimators': 71, 'max_depth': 18, 'learning_rate': 0.05601629642553561, 'subsample': 0.6403135221786227}. Best is trial 32 with value: 0.8792270531400965.
2025-02-02 15:33:30,891 - INFO - Trial 57 finished with value: 0.8125 and parameters: {'n_estimators': 142, 'max_depth': 8, 'learning_rate': 0.15362754138305892, 'subsample': 0.5169475510809334}. Best is trial 32 with value: 0.8792270531400965.
2025-02-02 15:33:30,948 - INFO - Trial 58 finished with value: 0.846683354192741 and parameters: {'n_estimators': 250, 'max_depth': 6, 'learning_rate': 0.17608654396681434, 'subsample': 0.5005491082803802}. Best is trial 32 with value: 0.8792270531400965.
2025-02-02 15:33:31,004 - INFO - Trial 59 finished with value: 0.7853566958698374 and parameters: {'n_estimators': 225, 'max_depth': 10, 'learning_rate': 0.08939921478661832, 'subsample': 0.9655609364017044}. Best is trial 32 with value: 0.8792270531400965.
2025-02-02 15:33:31,046 - INFO - Trial 60 finished with value: 0.846683354192741 and parameters: {'n_estimators': 128, 'max_depth': 13, 'learning_rate': 0.18549973014078183, 'subsample': 0.6835330636396699}. Best is trial 32 with value: 0.8792270531400965.
2025-02-02 15:33:31,112 - INFO - Trial 61 finished with value: 0.8401360544217686 and parameters: {'n_estimators': 237, 'max_depth': 4, 'learning_rate': 0.19100598296221324, 'subsample': 0.7600225287326604}. Best is trial 32 with value: 0.8792270531400965.
2025-02-02 15:33:31,179 - INFO - Trial 62 finished with value: 0.8125 and parameters: {'n_estimators': 244, 'max_depth': 5, 'learning_rate': 0.1945805505460133, 'subsample': 0.6078985196246197}. Best is trial 32 with value: 0.8792270531400965.
2025-02-02 15:33:31,247 - INFO - Trial 63 finished with value: 0.8401360544217686 and parameters: {'n_estimators': 266, 'max_depth': 3, 'learning_rate': 0.19992010815063, 'subsample': 0.7203490358982455}. Best is trial 32 with value: 0.8792270531400965.
2025-02-02 15:33:31,311 - INFO - Trial 64 finished with value: 0.846683354192741 and parameters: {'n_estimators': 255, 'max_depth': 3, 'learning_rate': 0.18208261259735306, 'subsample': 0.6564233967020784}. Best is trial 32 with value: 0.8792270531400965.
2025-02-02 15:33:31,379 - INFO - Trial 65 finished with value: 0.7853566958698374 and parameters: {'n_estimators': 280, 'max_depth': 11, 'learning_rate': 0.03547740903311422, 'subsample': 0.8098134027572322}. Best is trial 32 with value: 0.8792270531400965.
2025-02-02 15:33:31,446 - INFO - Trial 66 finished with value: 0.8125 and parameters: {'n_estimators': 289, 'max_depth': 8, 'learning_rate': 0.07208145444423605, 'subsample': 0.5487248469234847}. Best is trial 32 with value: 0.8792270531400965.
2025-02-02 15:33:31,501 - INFO - Trial 67 finished with value: 0.8125 and parameters: {'n_estimators': 217, 'max_depth': 14, 'learning_rate': 0.1667792278148805, 'subsample': 0.5826422250479207}. Best is trial 32 with value: 0.8792270531400965.
2025-02-02 15:33:31,559 - INFO - Trial 68 finished with value: 0.8125 and parameters: {'n_estimators': 230, 'max_depth': 4, 'learning_rate': 0.13522666286805568, 'subsample': 0.5195455146906667}. Best is trial 32 with value: 0.8792270531400965.
2025-02-02 15:33:31,611 - INFO - Trial 69 finished with value: 0.846683354192741 and parameters: {'n_estimators': 190, 'max_depth': 18, 'learning_rate': 0.17528881679930142, 'subsample': 0.6327448087185409}. Best is trial 32 with value: 0.8792270531400965.
2025-02-02 15:33:31,674 - INFO - Trial 70 finished with value: 0.875 and parameters: {'n_estimators': 273, 'max_depth': 12, 'learning_rate': 0.18811927972542575, 'subsample': 0.7538405826963905}. Best is trial 32 with value: 0.8792270531400965.
2025-02-02 15:33:31,735 - INFO - Trial 71 finished with value: 0.846683354192741 and parameters: {'n_estimators': 271, 'max_depth': 7, 'learning_rate': 0.18851068839139984, 'subsample': 0.7183588069695199}. Best is trial 32 with value: 0.8792270531400965.
2025-02-02 15:33:31,799 - INFO - Trial 72 finished with value: 0.8401360544217686 and parameters: {'n_estimators': 288, 'max_depth': 19, 'learning_rate': 0.1946881932929586, 'subsample': 0.7574897326932966}. Best is trial 32 with value: 0.8792270531400965.
2025-02-02 15:33:31,858 - INFO - Trial 73 finished with value: 0.846683354192741 and parameters: {'n_estimators': 257, 'max_depth': 10, 'learning_rate': 0.18049063423935616, 'subsample': 0.741128291856392}. Best is trial 32 with value: 0.8792270531400965.
2025-02-02 15:33:31,905 - INFO - Trial 74 finished with value: 0.8125 and parameters: {'n_estimators': 172, 'max_depth': 17, 'learning_rate': 0.18694144908587892, 'subsample': 0.8315036132446615}. Best is trial 32 with value: 0.8792270531400965.
2025-02-02 15:33:31,963 - INFO - Trial 75 finished with value: 0.8125 and parameters: {'n_estimators': 240, 'max_depth': 6, 'learning_rate': 0.19453854816493918, 'subsample': 0.7696483560034398}. Best is trial 32 with value: 0.8792270531400965.
2025-02-02 15:33:32,008 - INFO - Trial 76 finished with value: 0.846683354192741 and parameters: {'n_estimators': 159, 'max_depth': 12, 'learning_rate': 0.1748023980352145, 'subsample': 0.6895593347588701}. Best is trial 32 with value: 0.8792270531400965.
2025-02-02 15:33:32,069 - INFO - Trial 77 finished with value: 0.846683354192741 and parameters: {'n_estimators': 276, 'max_depth': 20, 'learning_rate': 0.18472123286907854, 'subsample': 0.5572578228898941}. Best is trial 32 with value: 0.8792270531400965.
2025-02-02 15:33:32,123 - INFO - Trial 78 finished with value: 0.846683354192741 and parameters: {'n_estimators': 211, 'max_depth': 9, 'learning_rate': 0.15829177876177547, 'subsample': 0.5317033668667551}. Best is trial 32 with value: 0.8792270531400965.
2025-02-02 15:33:32,175 - INFO - Trial 79 finished with value: 0.8125 and parameters: {'n_estimators': 119, 'max_depth': 15, 'learning_rate': 0.16848196780268518, 'subsample': 0.7961879453119892}. Best is trial 32 with value: 0.8792270531400965.
2025-02-02 15:33:32,246 - INFO - Trial 80 finished with value: 0.846683354192741 and parameters: {'n_estimators': 246, 'max_depth': 11, 'learning_rate': 0.18002892746587318, 'subsample': 0.5740315576217484}. Best is trial 32 with value: 0.8792270531400965.
2025-02-02 15:33:32,321 - INFO - Trial 81 finished with value: 0.846683354192741 and parameters: {'n_estimators': 266, 'max_depth': 7, 'learning_rate': 0.18895432827771338, 'subsample': 0.6569156229416342}. Best is trial 32 with value: 0.8792270531400965.
2025-02-02 15:33:32,369 - INFO - Trial 82 finished with value: 0.875 and parameters: {'n_estimators': 108, 'max_depth': 6, 'learning_rate': 0.19388619345115563, 'subsample': 0.7183497689556169}. Best is trial 32 with value: 0.8792270531400965.
2025-02-02 15:33:32,410 - INFO - Trial 83 finished with value: 0.846683354192741 and parameters: {'n_estimators': 108, 'max_depth': 5, 'learning_rate': 0.19437235998189709, 'subsample': 0.7216586308534537}. Best is trial 32 with value: 0.8792270531400965.
2025-02-02 15:33:32,444 - INFO - Trial 84 finished with value: 0.7853566958698374 and parameters: {'n_estimators': 74, 'max_depth': 6, 'learning_rate': 0.19819766871506328, 'subsample': 0.7087697282589641}. Best is trial 32 with value: 0.8792270531400965.
2025-02-02 15:33:32,481 - INFO - Trial 85 finished with value: 0.875 and parameters: {'n_estimators': 89, 'max_depth': 8, 'learning_rate': 0.19005992515829778, 'subsample': 0.7429357160273644}. Best is trial 32 with value: 0.8792270531400965.
2025-02-02 15:33:32,518 - INFO - Trial 86 finished with value: 0.846683354192741 and parameters: {'n_estimators': 92, 'max_depth': 8, 'learning_rate': 0.17788589774056732, 'subsample': 0.7483693316690727}. Best is trial 32 with value: 0.8792270531400965.
2025-02-02 15:33:32,556 - INFO - Trial 87 finished with value: 0.846683354192741 and parameters: {'n_estimators': 98, 'max_depth': 7, 'learning_rate': 0.18406674597837053, 'subsample': 0.7867624207464782}. Best is trial 32 with value: 0.8792270531400965.
2025-02-02 15:33:32,598 - INFO - Trial 88 finished with value: 0.8401360544217686 and parameters: {'n_estimators': 110, 'max_depth': 18, 'learning_rate': 0.1905299148549212, 'subsample': 0.7318563614899125}. Best is trial 32 with value: 0.8792270531400965.
2025-02-02 15:33:32,631 - INFO - Trial 89 finished with value: 0.7853566958698374 and parameters: {'n_estimators': 60, 'max_depth': 9, 'learning_rate': 0.1708278531543826, 'subsample': 0.9001393421607446}. Best is trial 32 with value: 0.8792270531400965.
2025-02-02 15:33:32,669 - INFO - Trial 90 finished with value: 0.75 and parameters: {'n_estimators': 86, 'max_depth': 17, 'learning_rate': 0.11111756634475539, 'subsample': 0.5125743292603137}. Best is trial 32 with value: 0.8792270531400965.
2025-02-02 15:33:32,711 - INFO - Trial 91 finished with value: 0.846683354192741 and parameters: {'n_estimators': 124, 'max_depth': 8, 'learning_rate': 0.19609795304616742, 'subsample': 0.6780621193908931}. Best is trial 32 with value: 0.8792270531400965.
2025-02-02 15:33:32,758 - INFO - Trial 92 finished with value: 0.875 and parameters: {'n_estimators': 149, 'max_depth': 9, 'learning_rate': 0.1911065630936389, 'subsample': 0.6956423720730766}. Best is trial 32 with value: 0.8792270531400965.
2025-02-02 15:33:32,802 - INFO - Trial 93 finished with value: 0.846683354192741 and parameters: {'n_estimators': 135, 'max_depth': 6, 'learning_rate': 0.19026021985372307, 'subsample': 0.7006623923328497}. Best is trial 32 with value: 0.8792270531400965.
2025-02-02 15:33:32,851 - INFO - Trial 94 finished with value: 0.8125 and parameters: {'n_estimators': 180, 'max_depth': 10, 'learning_rate': 0.18536052492291166, 'subsample': 0.7720383018523066}. Best is trial 32 with value: 0.8792270531400965.
2025-02-02 15:33:32,896 - INFO - Trial 95 finished with value: 0.8125 and parameters: {'n_estimators': 148, 'max_depth': 8, 'learning_rate': 0.1775115809452582, 'subsample': 0.5315838250012657}. Best is trial 32 with value: 0.8792270531400965.
2025-02-02 15:33:32,940 - INFO - Trial 96 finished with value: 0.846683354192741 and parameters: {'n_estimators': 138, 'max_depth': 19, 'learning_rate': 0.19988802009436915, 'subsample': 0.7463722126121454}. Best is trial 32 with value: 0.8792270531400965.
2025-02-02 15:33:32,986 - INFO - Trial 97 finished with value: 0.8125 and parameters: {'n_estimators': 153, 'max_depth': 9, 'learning_rate': 0.1813994035190827, 'subsample': 0.7259089955813052}. Best is trial 32 with value: 0.8792270531400965.
2025-02-02 15:33:33,034 - INFO - Trial 98 finished with value: 0.846683354192741 and parameters: {'n_estimators': 162, 'max_depth': 16, 'learning_rate': 0.19244716298843098, 'subsample': 0.8098011701709107}. Best is trial 32 with value: 0.8792270531400965.
2025-02-02 15:33:33,093 - INFO - Trial 99 finished with value: 0.846683354192741 and parameters: {'n_estimators': 142, 'max_depth': 7, 'learning_rate': 0.17278738416446832, 'subsample': 0.5456941084437261}. Best is trial 32 with value: 0.8792270531400965.
2025-02-02 15:37:08,117 - INFO - A new study created in memory with name: no-name-8fa7f1dc-00f3-4478-bb1d-e686633d3d7a
2025-02-02 15:37:08,339 - INFO - Trial 0 finished with value: 0.75 and parameters: {'n_estimators': 294, 'max_depth': 15, 'min_samples_split': 9, 'min_samples_leaf': 3, 'class_weight': None}. Best is trial 0 with value: 0.75.
2025-02-02 15:37:08,446 - INFO - Trial 1 finished with value: 0.7662337662337663 and parameters: {'n_estimators': 150, 'max_depth': 3, 'min_samples_split': 5, 'min_samples_leaf': 1, 'class_weight': 'balanced'}. Best is trial 1 with value: 0.7662337662337663.
2025-02-02 15:37:08,561 - INFO - Trial 2 finished with value: 0.8508771929824562 and parameters: {'n_estimators': 160, 'max_depth': 17, 'min_samples_split': 6, 'min_samples_leaf': 3, 'class_weight': 'balanced'}. Best is trial 2 with value: 0.8508771929824562.
2025-02-02 15:37:08,610 - INFO - Trial 3 finished with value: 0.7853566958698374 and parameters: {'n_estimators': 67, 'max_depth': 18, 'min_samples_split': 5, 'min_samples_leaf': 3, 'class_weight': None}. Best is trial 2 with value: 0.8508771929824562.
2025-02-02 15:37:08,764 - INFO - Trial 4 finished with value: 0.8508771929824562 and parameters: {'n_estimators': 215, 'max_depth': 13, 'min_samples_split': 6, 'min_samples_leaf': 3, 'class_weight': 'balanced'}. Best is trial 2 with value: 0.8508771929824562.
2025-02-02 15:37:08,934 - INFO - Trial 5 finished with value: 0.8508771929824562 and parameters: {'n_estimators': 241, 'max_depth': 13, 'min_samples_split': 3, 'min_samples_leaf': 3, 'class_weight': 'balanced'}. Best is trial 2 with value: 0.8508771929824562.
2025-02-02 15:37:09,032 - INFO - Trial 6 finished with value: 0.75 and parameters: {'n_estimators': 136, 'max_depth': 7, 'min_samples_split': 4, 'min_samples_leaf': 3, 'class_weight': None}. Best is trial 2 with value: 0.8508771929824562.
2025-02-02 15:37:09,216 - INFO - Trial 7 finished with value: 0.7912280701754386 and parameters: {'n_estimators': 245, 'max_depth': 5, 'min_samples_split': 2, 'min_samples_leaf': 3, 'class_weight': 'balanced'}. Best is trial 2 with value: 0.8508771929824562.
2025-02-02 15:37:09,380 - INFO - Trial 8 finished with value: 0.8188405797101449 and parameters: {'n_estimators': 205, 'max_depth': 18, 'min_samples_split': 7, 'min_samples_leaf': 3, 'class_weight': 'balanced'}. Best is trial 2 with value: 0.8508771929824562.
2025-02-02 15:37:09,440 - INFO - Trial 9 finished with value: 0.7853566958698374 and parameters: {'n_estimators': 79, 'max_depth': 8, 'min_samples_split': 5, 'min_samples_leaf': 1, 'class_weight': None}. Best is trial 2 with value: 0.8508771929824562.
2025-02-02 15:37:09,534 - INFO - Trial 10 finished with value: 0.7662337662337663 and parameters: {'n_estimators': 120, 'max_depth': 20, 'min_samples_split': 10, 'min_samples_leaf': 4, 'class_weight': 'balanced'}. Best is trial 2 with value: 0.8508771929824562.
2025-02-02 15:37:09,685 - INFO - Trial 11 finished with value: 0.8508771929824562 and parameters: {'n_estimators': 188, 'max_depth': 11, 'min_samples_split': 7, 'min_samples_leaf': 2, 'class_weight': 'balanced'}. Best is trial 2 with value: 0.8508771929824562.
