2025-02-02 15:33:27,120 - INFO - Trial 29 finished with value: 0.8188405797101449 and parameters: {'max_depth': 13, 'min_samples_split': 5, 'min_samples_leaf': 2, 'class_weight': None}. Best is trial 14 with value: 0.9375.
2025-02-02 15:33:27,131 - INFO - Trial 30 finished with value: 0.9080100125156445 and parameters: {'max_depth': 8, 'min_samples_split': 7, 'min_samples_leaf': 3, 'class_weight': None}. Best is trial 14 with value: 0.9375.
2025-02-02 15:33:27,143 - INFO - Trial 31 finished with value: 0.9080100125156445 and parameters: {'max_depth': 7, 'min_samples_split': 5, 'min_samples_leaf': 3, 'class_weight': None}. Best is trial 14 with value: 0.9375.
2025-02-02 15:33:27,154 - INFO - Trial 32 finished with value: 0.9080100125156445 and parameters: {'max_depth': 6, 'min_samples_split': 5, 'min_samples_leaf': 3, 'class_weight': None}. Best is trial 14 with value: 0.9375.
2025-02-02 15:33:27,165 - INFO - Trial 33 finished with value: 0.9080100125156445 and parameters: {'max_depth': 11, 'min_samples_split': 4, 'min_samples_leaf': 1, 'class_weight': None}. Best is trial 14 with value: 0.9375.
2025-02-02 15:33:27,176 - INFO - Trial 34 finished with value: 0.795864262990456 and parameters: {'max_depth': 5, 'min_samples_split': 6, 'min_samples_leaf': 3, 'class_weight': 'balanced'}. Best is trial 14 with value: 0.9375.
2025-02-02 15:33:27,186 - INFO - Trial 35 finished with value: 0.9105263157894736 and parameters: {'max_depth': 10, 'min_samples_split': 4, 'min_samples_leaf': 2, 'class_weight': None}. Best is trial 14 with value: 0.9375.
2025-02-02 15:33:27,198 - INFO - Trial 36 finished with value: 0.8818181818181818 and parameters: {'max_depth': 12, 'min_samples_split': 4, 'min_samples_leaf': 2, 'class_weight': None}. Best is trial 14 with value: 0.9375.
2025-02-02 15:33:27,209 - INFO - Trial 37 finished with value: 0.8508771929824562 and parameters: {'max_depth': 10, 'min_samples_split': 3, 'min_samples_leaf': 1, 'class_weight': 'balanced'}. Best is trial 14 with value: 0.9375.
2025-02-02 15:33:27,220 - INFO - Trial 38 finished with value: 0.8188405797101449 and parameters: {'max_depth': 14, 'min_samples_split': 2, 'min_samples_leaf': 2, 'class_weight': None}. Best is trial 14 with value: 0.9375.
2025-02-02 15:33:27,230 - INFO - Trial 39 finished with value: 0.8188405797101449 and parameters: {'max_depth': 17, 'min_samples_split': 3, 'min_samples_leaf': 2, 'class_weight': None}. Best is trial 14 with value: 0.9375.
2025-02-02 15:33:27,242 - INFO - Trial 40 finished with value: 0.8188405797101449 and parameters: {'max_depth': 13, 'min_samples_split': 10, 'min_samples_leaf': 2, 'class_weight': 'balanced'}. Best is trial 14 with value: 0.9375.
2025-02-02 15:33:27,253 - INFO - Trial 41 finished with value: 0.9375 and parameters: {'max_depth': 8, 'min_samples_split': 5, 'min_samples_leaf': 4, 'class_weight': None}. Best is trial 14 with value: 0.9375.
2025-02-02 15:33:27,263 - INFO - Trial 42 finished with value: 0.8188405797101449 and parameters: {'max_depth': 10, 'min_samples_split': 5, 'min_samples_leaf': 4, 'class_weight': None}. Best is trial 14 with value: 0.9375.
2025-02-02 15:33:27,274 - INFO - Trial 43 finished with value: 0.8188405797101449 and parameters: {'max_depth': 8, 'min_samples_split': 4, 'min_samples_leaf': 4, 'class_weight': None}. Best is trial 14 with value: 0.9375.
2025-02-02 15:33:27,286 - INFO - Trial 44 finished with value: 0.9080100125156445 and parameters: {'max_depth': 8, 'min_samples_split': 5, 'min_samples_leaf': 4, 'class_weight': None}. Best is trial 14 with value: 0.9375.
2025-02-02 15:33:27,297 - INFO - Trial 45 finished with value: 0.8188405797101449 and parameters: {'max_depth': 11, 'min_samples_split': 4, 'min_samples_leaf': 4, 'class_weight': None}. Best is trial 14 with value: 0.9375.
2025-02-02 15:33:27,308 - INFO - Trial 46 finished with value: 0.8188405797101449 and parameters: {'max_depth': 9, 'min_samples_split': 6, 'min_samples_leaf': 4, 'class_weight': None}. Best is trial 14 with value: 0.9375.
2025-02-02 15:33:27,319 - INFO - Trial 47 finished with value: 0.9375 and parameters: {'max_depth': 6, 'min_samples_split': 3, 'min_samples_leaf': 4, 'class_weight': None}. Best is trial 14 with value: 0.9375.
2025-02-02 15:33:27,330 - INFO - Trial 48 finished with value: 0.9080100125156445 and parameters: {'max_depth': 4, 'min_samples_split': 3, 'min_samples_leaf': 4, 'class_weight': None}. Best is trial 14 with value: 0.9375.
2025-02-02 15:33:27,341 - INFO - Trial 49 finished with value: 0.9080100125156445 and parameters: {'max_depth': 6, 'min_samples_split': 5, 'min_samples_leaf': 4, 'class_weight': None}. Best is trial 14 with value: 0.9375.
2025-02-02 15:33:27,353 - INFO - Trial 50 finished with value: 0.8818181818181818 and parameters: {'max_depth': 5, 'min_samples_split': 4, 'min_samples_leaf': 4, 'class_weight': 'balanced'}. Best is trial 14 with value: 0.9375.
2025-02-02 15:33:27,364 - INFO - Trial 51 finished with value: 0.9080100125156445 and parameters: {'max_depth': 4, 'min_samples_split': 2, 'min_samples_leaf': 4, 'class_weight': None}. Best is trial 14 with value: 0.9375.
2025-02-02 15:33:27,375 - INFO - Trial 52 finished with value: 0.8188405797101449 and parameters: {'max_depth': 8, 'min_samples_split': 3, 'min_samples_leaf': 4, 'class_weight': None}. Best is trial 14 with value: 0.9375.
2025-02-02 15:33:27,386 - INFO - Trial 53 finished with value: 0.8188405797101449 and parameters: {'max_depth': 10, 'min_samples_split': 6, 'min_samples_leaf': 4, 'class_weight': None}. Best is trial 14 with value: 0.9375.
2025-02-02 15:33:27,397 - INFO - Trial 54 finished with value: 0.8188405797101449 and parameters: {'max_depth': 6, 'min_samples_split': 4, 'min_samples_leaf': 2, 'class_weight': None}. Best is trial 14 with value: 0.9375.
2025-02-02 15:33:27,409 - INFO - Trial 55 finished with value: 0.9375 and parameters: {'max_depth': 9, 'min_samples_split': 3, 'min_samples_leaf': 4, 'class_weight': None}. Best is trial 14 with value: 0.9375.
2025-02-02 15:33:27,420 - INFO - Trial 56 finished with value: 0.8188405797101449 and parameters: {'max_depth': 9, 'min_samples_split': 3, 'min_samples_leaf': 4, 'class_weight': None}. Best is trial 14 with value: 0.9375.
2025-02-02 15:33:27,431 - INFO - Trial 57 finished with value: 0.8188405797101449 and parameters: {'max_depth': 7, 'min_samples_split': 4, 'min_samples_leaf': 4, 'class_weight': None}. Best is trial 14 with value: 0.9375.
2025-02-02 15:33:27,442 - INFO - Trial 58 finished with value: 0.8188405797101449 and parameters: {'max_depth': 12, 'min_samples_split': 5, 'min_samples_leaf': 4, 'class_weight': None}. Best is trial 14 with value: 0.9375.
2025-02-02 15:33:27,453 - INFO - Trial 59 finished with value: 0.8188405797101449 and parameters: {'max_depth': 8, 'min_samples_split': 2, 'min_samples_leaf': 4, 'class_weight': None}. Best is trial 14 with value: 0.9375.
2025-02-02 15:33:27,465 - INFO - Trial 60 finished with value: 0.9375 and parameters: {'max_depth': 9, 'min_samples_split': 3, 'min_samples_leaf': 4, 'class_weight': None}. Best is trial 14 with value: 0.9375.
2025-02-02 15:33:27,476 - INFO - Trial 61 finished with value: 0.8188405797101449 and parameters: {'max_depth': 9, 'min_samples_split': 3, 'min_samples_leaf': 4, 'class_weight': None}. Best is trial 14 with value: 0.9375.
2025-02-02 15:33:27,487 - INFO - Trial 62 finished with value: 0.8188405797101449 and parameters: {'max_depth': 10, 'min_samples_split': 3, 'min_samples_leaf': 4, 'class_weight': None}. Best is trial 14 with value: 0.9375.
2025-02-02 15:33:27,498 - INFO - Trial 63 finished with value: 0.9375 and parameters: {'max_depth': 11, 'min_samples_split': 4, 'min_samples_leaf': 4, 'class_weight': None}. Best is trial 14 with value: 0.9375.
2025-02-02 15:33:27,509 - INFO - Trial 64 finished with value: 0.8508771929824562 and parameters: {'max_depth': 11, 'min_samples_split': 9, 'min_samples_leaf': 4, 'class_weight': None}. Best is trial 14 with value: 0.9375.
2025-02-02 15:33:27,521 - INFO - Trial 65 finished with value: 0.8188405797101449 and parameters: {'max_depth': 10, 'min_samples_split': 4, 'min_samples_leaf': 4, 'class_weight': None}. Best is trial 14 with value: 0.9375.
2025-02-02 15:33:27,532 - INFO - Trial 66 finished with value: 0.8188405797101449 and parameters: {'max_depth': 9, 'min_samples_split': 4, 'min_samples_leaf': 4, 'class_weight': None}. Best is trial 14 with value: 0.9375.
2025-02-02 15:33:27,543 - INFO - Trial 67 finished with value: 0.9375 and parameters: {'max_depth': 12, 'min_samples_split': 2, 'min_samples_leaf': 4, 'class_weight': None}. Best is trial 14 with value: 0.9375.
2025-02-02 15:33:27,555 - INFO - Trial 68 finished with value: 0.9375 and parameters: {'max_depth': 12, 'min_samples_split': 2, 'min_samples_leaf': 4, 'class_weight': None}. Best is trial 14 with value: 0.9375.
2025-02-02 15:33:27,567 - INFO - Trial 69 finished with value: 0.8246753246753247 and parameters: {'max_depth': 11, 'min_samples_split': 2, 'min_samples_leaf': 4, 'class_weight': 'balanced'}. Best is trial 14 with value: 0.9375.
2025-02-02 15:33:27,579 - INFO - Trial 70 finished with value: 0.9080100125156445 and parameters: {'max_depth': 13, 'min_samples_split': 3, 'min_samples_leaf': 4, 'class_weight': None}. Best is trial 14 with value: 0.9375.
2025-02-02 15:33:27,590 - INFO - Trial 71 finished with value: 0.9375 and parameters: {'max_depth': 12, 'min_samples_split': 2, 'min_samples_leaf': 4, 'class_weight': None}. Best is trial 14 with value: 0.9375.
2025-02-02 15:33:27,602 - INFO - Trial 72 finished with value: 0.8188405797101449 and parameters: {'max_depth': 14, 'min_samples_split': 2, 'min_samples_leaf': 4, 'class_weight': None}. Best is trial 14 with value: 0.9375.
2025-02-02 15:33:27,614 - INFO - Trial 73 finished with value: 0.8188405797101449 and parameters: {'max_depth': 12, 'min_samples_split': 2, 'min_samples_leaf': 4, 'class_weight': None}. Best is trial 14 with value: 0.9375.
2025-02-02 15:33:27,625 - INFO - Trial 74 finished with value: 0.9375 and parameters: {'max_depth': 9, 'min_samples_split': 3, 'min_samples_leaf': 4, 'class_weight': None}. Best is trial 14 with value: 0.9375.
2025-02-02 15:33:27,636 - INFO - Trial 75 finished with value: 0.8188405797101449 and parameters: {'max_depth': 11, 'min_samples_split': 2, 'min_samples_leaf': 4, 'class_weight': None}. Best is trial 14 with value: 0.9375.
2025-02-02 15:33:27,649 - INFO - Trial 76 finished with value: 0.8188405797101449 and parameters: {'max_depth': 12, 'min_samples_split': 3, 'min_samples_leaf': 4, 'class_weight': None}. Best is trial 14 with value: 0.9375.
2025-02-02 15:33:27,661 - INFO - Trial 77 finished with value: 0.8188405797101449 and parameters: {'max_depth': 13, 'min_samples_split': 2, 'min_samples_leaf': 4, 'class_weight': None}. Best is trial 14 with value: 0.9375.
2025-02-02 15:33:27,673 - INFO - Trial 78 finished with value: 0.9080100125156445 and parameters: {'max_depth': 14, 'min_samples_split': 3, 'min_samples_leaf': 3, 'class_weight': None}. Best is trial 14 with value: 0.9375.
2025-02-02 15:33:27,685 - INFO - Trial 79 finished with value: 0.8188405797101449 and parameters: {'max_depth': 7, 'min_samples_split': 2, 'min_samples_leaf': 4, 'class_weight': None}. Best is trial 14 with value: 0.9375.
2025-02-02 15:33:27,697 - INFO - Trial 80 finished with value: 0.7912280701754386 and parameters: {'max_depth': 10, 'min_samples_split': 3, 'min_samples_leaf': 4, 'class_weight': 'balanced'}. Best is trial 14 with value: 0.9375.
2025-02-02 15:33:27,709 - INFO - Trial 81 finished with value: 0.9080100125156445 and parameters: {'max_depth': 12, 'min_samples_split': 2, 'min_samples_leaf': 4, 'class_weight': None}. Best is trial 14 with value: 0.9375.
2025-02-02 15:33:27,720 - INFO - Trial 82 finished with value: 0.8188405797101449 and parameters: {'max_depth': 11, 'min_samples_split': 2, 'min_samples_leaf': 4, 'class_weight': None}. Best is trial 14 with value: 0.9375.
2025-02-02 15:33:27,732 - INFO - Trial 83 finished with value: 0.9375 and parameters: {'max_depth': 13, 'min_samples_split': 2, 'min_samples_leaf': 4, 'class_weight': None}. Best is trial 14 with value: 0.9375.
2025-02-02 15:33:27,744 - INFO - Trial 84 finished with value: 0.9375 and parameters: {'max_depth': 8, 'min_samples_split': 2, 'min_samples_leaf': 4, 'class_weight': None}. Best is trial 14 with value: 0.9375.
2025-02-02 15:33:27,756 - INFO - Trial 85 finished with value: 0.9080100125156445 and parameters: {'max_depth': 12, 'min_samples_split': 3, 'min_samples_leaf': 4, 'class_weight': None}. Best is trial 14 with value: 0.9375.
2025-02-02 15:33:27,767 - INFO - Trial 86 finished with value: 0.8188405797101449 and parameters: {'max_depth': 11, 'min_samples_split': 3, 'min_samples_leaf': 4, 'class_weight': None}. Best is trial 14 with value: 0.9375.
2025-02-02 15:33:27,779 - INFO - Trial 87 finished with value: 0.8188405797101449 and parameters: {'max_depth': 10, 'min_samples_split': 4, 'min_samples_leaf': 4, 'class_weight': None}. Best is trial 14 with value: 0.9375.
2025-02-02 15:33:27,791 - INFO - Trial 88 finished with value: 0.9080100125156445 and parameters: {'max_depth': 9, 'min_samples_split': 5, 'min_samples_leaf': 4, 'class_weight': None}. Best is trial 14 with value: 0.9375.
2025-02-02 15:33:27,802 - INFO - Trial 89 finished with value: 0.8188405797101449 and parameters: {'max_depth': 6, 'min_samples_split': 2, 'min_samples_leaf': 3, 'class_weight': None}. Best is trial 14 with value: 0.9375.
2025-02-02 15:33:27,815 - INFO - Trial 90 finished with value: 0.8188405797101449 and parameters: {'max_depth': 14, 'min_samples_split': 4, 'min_samples_leaf': 4, 'class_weight': None}. Best is trial 14 with value: 0.9375.
2025-02-02 15:33:27,828 - INFO - Trial 91 finished with value: 0.8188405797101449 and parameters: {'max_depth': 9, 'min_samples_split': 3, 'min_samples_leaf': 4, 'class_weight': None}. Best is trial 14 with value: 0.9375.
2025-02-02 15:33:27,840 - INFO - Trial 92 finished with value: 0.9080100125156445 and parameters: {'max_depth': 8, 'min_samples_split': 3, 'min_samples_leaf': 4, 'class_weight': None}. Best is trial 14 with value: 0.9375.
2025-02-02 15:33:27,852 - INFO - Trial 93 finished with value: 0.8188405797101449 and parameters: {'max_depth': 9, 'min_samples_split': 3, 'min_samples_leaf': 4, 'class_weight': None}. Best is trial 14 with value: 0.9375.
2025-02-02 15:33:27,864 - INFO - Trial 94 finished with value: 0.8188405797101449 and parameters: {'max_depth': 11, 'min_samples_split': 3, 'min_samples_leaf': 4, 'class_weight': None}. Best is trial 14 with value: 0.9375.
2025-02-02 15:33:27,876 - INFO - Trial 95 finished with value: 0.9375 and parameters: {'max_depth': 7, 'min_samples_split': 2, 'min_samples_leaf': 4, 'class_weight': None}. Best is trial 14 with value: 0.9375.
2025-02-02 15:33:27,888 - INFO - Trial 96 finished with value: 0.8188405797101449 and parameters: {'max_depth': 10, 'min_samples_split': 4, 'min_samples_leaf': 4, 'class_weight': None}. Best is trial 14 with value: 0.9375.
2025-02-02 15:33:27,900 - INFO - Trial 97 finished with value: 0.7912280701754386 and parameters: {'max_depth': 9, 'min_samples_split': 3, 'min_samples_leaf': 4, 'class_weight': 'balanced'}. Best is trial 14 with value: 0.9375.
2025-02-02 15:33:27,912 - INFO - Trial 98 finished with value: 0.8188405797101449 and parameters: {'max_depth': 10, 'min_samples_split': 2, 'min_samples_leaf': 4, 'class_weight': None}. Best is trial 14 with value: 0.9375.
2025-02-02 15:33:27,924 - INFO - Trial 99 finished with value: 0.9080100125156445 and parameters: {'max_depth': 12, 'min_samples_split': 4, 'min_samples_leaf': 4, 'class_weight': None}. Best is trial 14 with value: 0.9375.
2025-02-02 15:33:28,243 - INFO - A new study created in memory with name: no-name-26645e14-72e1-47d8-b97b-0ac10ac82a5f
2025-02-02 15:33:28,288 - INFO - Trial 0 finished with value: 0.8125 and parameters: {'n_estimators': 84, 'max_depth': 17, 'learning_rate': 0.17539858297545005, 'subsample': 0.5842785449910264}. Best is trial 0 with value: 0.8125.
2025-02-02 15:33:28,336 - INFO - Trial 1 finished with value: 0.846683354192741 and parameters: {'n_estimators': 264, 'max_depth': 18, 'learning_rate': 0.1861018618551563, 'subsample': 0.5177487172046977}. Best is trial 1 with value: 0.846683354192741.
2025-02-02 15:33:28,384 - INFO - Trial 2 finished with value: 0.8125 and parameters: {'n_estimators': 287, 'max_depth': 18, 'learning_rate': 0.095392853865336, 'subsample': 0.8780167724445569}. Best is trial 1 with value: 0.846683354192741.
2025-02-02 15:33:28,417 - INFO - Trial 3 finished with value: 0.75 and parameters: {'n_estimators': 164, 'max_depth': 9, 'learning_rate': 0.02554153405853052, 'subsample': 0.7329704482364363}. Best is trial 1 with value: 0.846683354192741.
2025-02-02 15:33:28,436 - INFO - Trial 4 finished with value: 0.75 and parameters: {'n_estimators': 86, 'max_depth': 12, 'learning_rate': 0.0705284599376122, 'subsample': 0.5365003569424822}. Best is trial 1 with value: 0.846683354192741.
2025-02-02 15:33:28,476 - INFO - Trial 5 finished with value: 0.846683354192741 and parameters: {'n_estimators': 237, 'max_depth': 9, 'learning_rate': 0.19243548780588327, 'subsample': 0.5202201654101735}. Best is trial 1 with value: 0.846683354192741.
2025-02-02 15:33:28,510 - INFO - Trial 6 finished with value: 0.875 and parameters: {'n_estimators': 209, 'max_depth': 7, 'learning_rate': 0.1951153744873594, 'subsample': 0.7258922896500466}. Best is trial 6 with value: 0.875.
2025-02-02 15:33:28,535 - INFO - Trial 7 finished with value: 0.846683354192741 and parameters: {'n_estimators': 139, 'max_depth': 18, 'learning_rate': 0.17097474704718119, 'subsample': 0.563618721127449}. Best is trial 6 with value: 0.875.
2025-02-02 15:33:28,578 - INFO - Trial 8 finished with value: 0.8125 and parameters: {'n_estimators': 229, 'max_depth': 9, 'learning_rate': 0.061719697711399416, 'subsample': 0.5765767793767271}. Best is trial 6 with value: 0.875.
2025-02-02 15:33:28,626 - INFO - Trial 9 finished with value: 0.8125 and parameters: {'n_estimators': 279, 'max_depth': 20, 'learning_rate': 0.12099446257942961, 'subsample': 0.7391756105141718}. Best is trial 6 with value: 0.875.
2025-02-02 15:33:28,673 - INFO - Trial 10 finished with value: 0.7853566958698374 and parameters: {'n_estimators': 196, 'max_depth': 3, 'learning_rate': 0.14139344954240754, 'subsample': 0.9900041160432411}. Best is trial 6 with value: 0.875.
2025-02-02 15:33:28,725 - INFO - Trial 11 finished with value: 0.846683354192741 and parameters: {'n_estimators': 239, 'max_depth': 3, 'learning_rate': 0.1989395054331631, 'subsample': 0.6638871554819982}. Best is trial 6 with value: 0.875.
2025-02-02 15:33:28,772 - INFO - Trial 12 finished with value: 0.8125 and parameters: {'n_estimators': 199, 'max_depth': 13, 'learning_rate': 0.15065080282803117, 'subsample': 0.8382411102399829}. Best is trial 6 with value: 0.875.
2025-02-02 15:33:28,827 - INFO - Trial 13 finished with value: 0.846683354192741 and parameters: {'n_estimators': 267, 'max_depth': 7, 'learning_rate': 0.15479207218639618, 'subsample': 0.6616299114013162}. Best is trial 6 with value: 0.875.
2025-02-02 15:33:28,866 - INFO - Trial 14 finished with value: 0.7853566958698374 and parameters: {'n_estimators': 139, 'max_depth': 15, 'learning_rate': 0.12337981531248876, 'subsample': 0.8359118993112507}. Best is trial 6 with value: 0.875.
2025-02-02 15:33:28,920 - INFO - Trial 15 finished with value: 0.846683354192741 and parameters: {'n_estimators': 251, 'max_depth': 6, 'learning_rate': 0.17953924478333066, 'subsample': 0.6553109884182704}. Best is trial 6 with value: 0.875.
2025-02-02 15:33:28,967 - INFO - Trial 16 finished with value: 0.7853566958698374 and parameters: {'n_estimators': 202, 'max_depth': 14, 'learning_rate': 0.19834551081592466, 'subsample': 0.9484881648711385}. Best is trial 6 with value: 0.875.
2025-02-02 15:33:29,028 - INFO - Trial 17 finished with value: 0.8125 and parameters: {'n_estimators': 299, 'max_depth': 6, 'learning_rate': 0.16297613047975806, 'subsample': 0.7916754388189202}. Best is trial 6 with value: 0.875.
2025-02-02 15:33:29,073 - INFO - Trial 18 finished with value: 0.8125 and parameters: {'n_estimators': 168, 'max_depth': 11, 'learning_rate': 0.1368632484380369, 'subsample': 0.7036111615487622}. Best is trial 6 with value: 0.875.
2025-02-02 15:33:29,101 - INFO - Trial 19 finished with value: 0.75 and parameters: {'n_estimators': 52, 'max_depth': 20, 'learning_rate': 0.10425774465091536, 'subsample': 0.6080649596160975}. Best is trial 6 with value: 0.875.
2025-02-02 15:33:29,156 - INFO - Trial 20 finished with value: 0.75 and parameters: {'n_estimators': 217, 'max_depth': 16, 'learning_rate': 0.014611397837884454, 'subsample': 0.5055488542984242}. Best is trial 6 with value: 0.875.
2025-02-02 15:33:29,211 - INFO - Trial 21 finished with value: 0.846683354192741 and parameters: {'n_estimators': 261, 'max_depth': 10, 'learning_rate': 0.18745369194165218, 'subsample': 0.5063027460928347}. Best is trial 6 with value: 0.875.
2025-02-02 15:33:29,262 - INFO - Trial 22 finished with value: 0.846683354192741 and parameters: {'n_estimators': 241, 'max_depth': 8, 'learning_rate': 0.18651468617327566, 'subsample': 0.6244357912725333}. Best is trial 6 with value: 0.875.
2025-02-02 15:33:29,312 - INFO - Trial 23 finished with value: 0.8125 and parameters: {'n_estimators': 221, 'max_depth': 5, 'learning_rate': 0.1658728677306913, 'subsample': 0.5207528896111793}. Best is trial 6 with value: 0.875.
2025-02-02 15:33:29,357 - INFO - Trial 24 finished with value: 0.846683354192741 and parameters: {'n_estimators': 185, 'max_depth': 11, 'learning_rate': 0.19462822026696358, 'subsample': 0.6140288153606196}. Best is trial 6 with value: 0.875.
