2025-02-02 16:56:42,483 - INFO - Trial 46 finished with value: 0.9375 and parameters: {'max_depth': 20, 'min_samples_split': 2, 'min_samples_leaf': 4, 'class_weight': None}. Best is trial 30 with value: 0.9375.
2025-02-02 16:56:42,500 - INFO - Trial 47 finished with value: 0.8188405797101449 and parameters: {'max_depth': 20, 'min_samples_split': 6, 'min_samples_leaf': 3, 'class_weight': None}. Best is trial 30 with value: 0.9375.
2025-02-02 16:56:42,516 - INFO - Trial 48 finished with value: 0.8188405797101449 and parameters: {'max_depth': 19, 'min_samples_split': 3, 'min_samples_leaf': 4, 'class_weight': None}. Best is trial 30 with value: 0.9375.
2025-02-02 16:56:42,531 - INFO - Trial 49 finished with value: 0.8188405797101449 and parameters: {'max_depth': 17, 'min_samples_split': 5, 'min_samples_leaf': 4, 'class_weight': None}. Best is trial 30 with value: 0.9375.
2025-02-02 16:56:42,546 - INFO - Trial 50 finished with value: 0.8188405797101449 and parameters: {'max_depth': 20, 'min_samples_split': 2, 'min_samples_leaf': 3, 'class_weight': None}. Best is trial 30 with value: 0.9375.
2025-02-02 16:56:42,561 - INFO - Trial 51 finished with value: 0.8188405797101449 and parameters: {'max_depth': 18, 'min_samples_split': 2, 'min_samples_leaf': 4, 'class_weight': None}. Best is trial 30 with value: 0.9375.
2025-02-02 16:56:42,576 - INFO - Trial 52 finished with value: 0.9080100125156445 and parameters: {'max_depth': 3, 'min_samples_split': 2, 'min_samples_leaf': 4, 'class_weight': None}. Best is trial 30 with value: 0.9375.
2025-02-02 16:56:42,591 - INFO - Trial 53 finished with value: 0.9080100125156445 and parameters: {'max_depth': 18, 'min_samples_split': 3, 'min_samples_leaf': 4, 'class_weight': None}. Best is trial 30 with value: 0.9375.
2025-02-02 16:56:42,607 - INFO - Trial 54 finished with value: 0.9080100125156445 and parameters: {'max_depth': 7, 'min_samples_split': 2, 'min_samples_leaf': 3, 'class_weight': None}. Best is trial 30 with value: 0.9375.
2025-02-02 16:56:42,623 - INFO - Trial 55 finished with value: 0.8188405797101449 and parameters: {'max_depth': 14, 'min_samples_split': 4, 'min_samples_leaf': 4, 'class_weight': None}. Best is trial 30 with value: 0.9375.
2025-02-02 16:56:42,645 - INFO - Trial 56 finished with value: 0.8188405797101449 and parameters: {'max_depth': 15, 'min_samples_split': 3, 'min_samples_leaf': 4, 'class_weight': None}. Best is trial 30 with value: 0.9375.
2025-02-02 16:56:42,661 - INFO - Trial 57 finished with value: 0.8508771929824562 and parameters: {'max_depth': 8, 'min_samples_split': 10, 'min_samples_leaf': 4, 'class_weight': None}. Best is trial 30 with value: 0.9375.
2025-02-02 16:56:42,681 - INFO - Trial 58 finished with value: 0.7912280701754386 and parameters: {'max_depth': 11, 'min_samples_split': 6, 'min_samples_leaf': 2, 'class_weight': None}. Best is trial 30 with value: 0.9375.
2025-02-02 16:56:42,698 - INFO - Trial 59 finished with value: 0.9080100125156445 and parameters: {'max_depth': 6, 'min_samples_split': 8, 'min_samples_leaf': 1, 'class_weight': None}. Best is trial 30 with value: 0.9375.
2025-02-02 16:56:42,713 - INFO - Trial 60 finished with value: 0.9080100125156445 and parameters: {'max_depth': 3, 'min_samples_split': 2, 'min_samples_leaf': 3, 'class_weight': None}. Best is trial 30 with value: 0.9375.
2025-02-02 16:56:42,730 - INFO - Trial 61 finished with value: 0.9080100125156445 and parameters: {'max_depth': 4, 'min_samples_split': 3, 'min_samples_leaf': 3, 'class_weight': None}. Best is trial 30 with value: 0.9375.
2025-02-02 16:56:42,745 - INFO - Trial 62 finished with value: 0.9080100125156445 and parameters: {'max_depth': 5, 'min_samples_split': 3, 'min_samples_leaf': 3, 'class_weight': None}. Best is trial 30 with value: 0.9375.
2025-02-02 16:56:42,761 - INFO - Trial 63 finished with value: 0.9080100125156445 and parameters: {'max_depth': 4, 'min_samples_split': 4, 'min_samples_leaf': 3, 'class_weight': None}. Best is trial 30 with value: 0.9375.
2025-02-02 16:56:42,778 - INFO - Trial 64 finished with value: 0.8188405797101449 and parameters: {'max_depth': 3, 'min_samples_split': 2, 'min_samples_leaf': 2, 'class_weight': None}. Best is trial 30 with value: 0.9375.
2025-02-02 16:56:42,794 - INFO - Trial 65 finished with value: 0.8188405797101449 and parameters: {'max_depth': 5, 'min_samples_split': 5, 'min_samples_leaf': 3, 'class_weight': None}. Best is trial 30 with value: 0.9375.
2025-02-02 16:56:42,811 - INFO - Trial 66 finished with value: 0.8188405797101449 and parameters: {'max_depth': 9, 'min_samples_split': 3, 'min_samples_leaf': 3, 'class_weight': None}. Best is trial 30 with value: 0.9375.
2025-02-02 16:56:42,829 - INFO - Trial 67 finished with value: 0.7912280701754386 and parameters: {'max_depth': 7, 'min_samples_split': 2, 'min_samples_leaf': 4, 'class_weight': 'balanced'}. Best is trial 30 with value: 0.9375.
2025-02-02 16:56:42,848 - INFO - Trial 68 finished with value: 0.8818181818181818 and parameters: {'max_depth': 17, 'min_samples_split': 4, 'min_samples_leaf': 2, 'class_weight': None}. Best is trial 30 with value: 0.9375.
2025-02-02 16:56:42,868 - INFO - Trial 69 finished with value: 0.9080100125156445 and parameters: {'max_depth': 13, 'min_samples_split': 3, 'min_samples_leaf': 3, 'class_weight': None}. Best is trial 30 with value: 0.9375.
2025-02-02 16:56:42,894 - INFO - Trial 70 finished with value: 0.8188405797101449 and parameters: {'max_depth': 19, 'min_samples_split': 3, 'min_samples_leaf': 4, 'class_weight': None}. Best is trial 30 with value: 0.9375.
2025-02-02 16:56:42,913 - INFO - Trial 71 finished with value: 0.9080100125156445 and parameters: {'max_depth': 12, 'min_samples_split': 4, 'min_samples_leaf': 3, 'class_weight': None}. Best is trial 30 with value: 0.9375.
2025-02-02 16:56:42,932 - INFO - Trial 72 finished with value: 0.9080100125156445 and parameters: {'max_depth': 16, 'min_samples_split': 5, 'min_samples_leaf': 3, 'class_weight': None}. Best is trial 30 with value: 0.9375.
2025-02-02 16:56:42,950 - INFO - Trial 73 finished with value: 0.8188405797101449 and parameters: {'max_depth': 10, 'min_samples_split': 4, 'min_samples_leaf': 3, 'class_weight': None}. Best is trial 30 with value: 0.9375.
2025-02-02 16:56:42,970 - INFO - Trial 74 finished with value: 0.9080100125156445 and parameters: {'max_depth': 6, 'min_samples_split': 5, 'min_samples_leaf': 3, 'class_weight': None}. Best is trial 30 with value: 0.9375.
2025-02-02 16:56:42,990 - INFO - Trial 75 finished with value: 0.8188405797101449 and parameters: {'max_depth': 14, 'min_samples_split': 4, 'min_samples_leaf': 1, 'class_weight': None}. Best is trial 30 with value: 0.9375.
2025-02-02 16:56:43,014 - INFO - Trial 76 finished with value: 0.8532668881506091 and parameters: {'max_depth': 12, 'min_samples_split': 2, 'min_samples_leaf': 3, 'class_weight': 'balanced'}. Best is trial 30 with value: 0.9375.
2025-02-02 16:56:43,038 - INFO - Trial 77 finished with value: 0.8818181818181818 and parameters: {'max_depth': 4, 'min_samples_split': 3, 'min_samples_leaf': 2, 'class_weight': None}. Best is trial 30 with value: 0.9375.
2025-02-02 16:56:43,062 - INFO - Trial 78 finished with value: 0.8188405797101449 and parameters: {'max_depth': 5, 'min_samples_split': 5, 'min_samples_leaf': 4, 'class_weight': None}. Best is trial 30 with value: 0.9375.
2025-02-02 16:56:43,084 - INFO - Trial 79 finished with value: 0.9080100125156445 and parameters: {'max_depth': 20, 'min_samples_split': 4, 'min_samples_leaf': 4, 'class_weight': None}. Best is trial 30 with value: 0.9375.
2025-02-02 16:56:43,108 - INFO - Trial 80 finished with value: 0.8188405797101449 and parameters: {'max_depth': 9, 'min_samples_split': 2, 'min_samples_leaf': 3, 'class_weight': None}. Best is trial 30 with value: 0.9375.
2025-02-02 16:56:43,135 - INFO - Trial 81 finished with value: 0.8188405797101449 and parameters: {'max_depth': 10, 'min_samples_split': 2, 'min_samples_leaf': 3, 'class_weight': None}. Best is trial 30 with value: 0.9375.
2025-02-02 16:56:43,159 - INFO - Trial 82 finished with value: 0.8188405797101449 and parameters: {'max_depth': 8, 'min_samples_split': 2, 'min_samples_leaf': 3, 'class_weight': None}. Best is trial 30 with value: 0.9375.
2025-02-02 16:56:43,181 - INFO - Trial 83 finished with value: 0.8188405797101449 and parameters: {'max_depth': 10, 'min_samples_split': 3, 'min_samples_leaf': 3, 'class_weight': None}. Best is trial 30 with value: 0.9375.
2025-02-02 16:56:43,203 - INFO - Trial 84 finished with value: 0.9080100125156445 and parameters: {'max_depth': 11, 'min_samples_split': 2, 'min_samples_leaf': 3, 'class_weight': None}. Best is trial 30 with value: 0.9375.
2025-02-02 16:56:43,228 - INFO - Trial 85 finished with value: 0.9080100125156445 and parameters: {'max_depth': 11, 'min_samples_split': 2, 'min_samples_leaf': 4, 'class_weight': None}. Best is trial 30 with value: 0.9375.
2025-02-02 16:56:43,250 - INFO - Trial 86 finished with value: 0.8188405797101449 and parameters: {'max_depth': 9, 'min_samples_split': 3, 'min_samples_leaf': 3, 'class_weight': None}. Best is trial 30 with value: 0.9375.
2025-02-02 16:56:43,268 - INFO - Trial 87 finished with value: 0.7912280701754386 and parameters: {'max_depth': 15, 'min_samples_split': 2, 'min_samples_leaf': 3, 'class_weight': 'balanced'}. Best is trial 30 with value: 0.9375.
2025-02-02 16:56:43,284 - INFO - Trial 88 finished with value: 0.8188405797101449 and parameters: {'max_depth': 8, 'min_samples_split': 5, 'min_samples_leaf': 2, 'class_weight': None}. Best is trial 30 with value: 0.9375.
2025-02-02 16:56:43,300 - INFO - Trial 89 finished with value: 0.9080100125156445 and parameters: {'max_depth': 7, 'min_samples_split': 7, 'min_samples_leaf': 4, 'class_weight': None}. Best is trial 30 with value: 0.9375.
2025-02-02 16:56:43,318 - INFO - Trial 90 finished with value: 0.9375 and parameters: {'max_depth': 16, 'min_samples_split': 4, 'min_samples_leaf': 4, 'class_weight': None}. Best is trial 30 with value: 0.9375.
2025-02-02 16:56:43,334 - INFO - Trial 91 finished with value: 0.9080100125156445 and parameters: {'max_depth': 16, 'min_samples_split': 4, 'min_samples_leaf': 4, 'class_weight': None}. Best is trial 30 with value: 0.9375.
2025-02-02 16:56:43,353 - INFO - Trial 92 finished with value: 0.8188405797101449 and parameters: {'max_depth': 13, 'min_samples_split': 3, 'min_samples_leaf': 4, 'class_weight': None}. Best is trial 30 with value: 0.9375.
2025-02-02 16:56:43,397 - INFO - Trial 93 finished with value: 0.8188405797101449 and parameters: {'max_depth': 18, 'min_samples_split': 4, 'min_samples_leaf': 4, 'class_weight': None}. Best is trial 30 with value: 0.9375.
2025-02-02 16:56:43,443 - INFO - Trial 94 finished with value: 0.8188405797101449 and parameters: {'max_depth': 17, 'min_samples_split': 6, 'min_samples_leaf': 4, 'class_weight': None}. Best is trial 30 with value: 0.9375.
2025-02-02 16:56:43,477 - INFO - Trial 95 finished with value: 0.9080100125156445 and parameters: {'max_depth': 10, 'min_samples_split': 2, 'min_samples_leaf': 4, 'class_weight': None}. Best is trial 30 with value: 0.9375.
2025-02-02 16:56:43,497 - INFO - Trial 96 finished with value: 0.9080100125156445 and parameters: {'max_depth': 14, 'min_samples_split': 3, 'min_samples_leaf': 3, 'class_weight': None}. Best is trial 30 with value: 0.9375.
2025-02-02 16:56:43,516 - INFO - Trial 97 finished with value: 0.9375 and parameters: {'max_depth': 4, 'min_samples_split': 5, 'min_samples_leaf': 4, 'class_weight': None}. Best is trial 30 with value: 0.9375.
2025-02-02 16:56:43,535 - INFO - Trial 98 finished with value: 0.8188405797101449 and parameters: {'max_depth': 4, 'min_samples_split': 5, 'min_samples_leaf': 4, 'class_weight': None}. Best is trial 30 with value: 0.9375.
2025-02-02 16:56:43,554 - INFO - Trial 99 finished with value: 0.8188405797101449 and parameters: {'max_depth': 3, 'min_samples_split': 6, 'min_samples_leaf': 4, 'class_weight': None}. Best is trial 30 with value: 0.9375.
2025-02-02 16:56:43,861 - INFO - A new study created in memory with name: no-name-ce3e1427-12a1-4b40-aaec-0412dc96c70f
2025-02-02 16:56:44,795 - INFO - Trial 0 finished with value: 0.7853566958698374 and parameters: {'n_estimators': 55, 'max_depth': 20, 'learning_rate': 0.15453400156099933, 'subsample': 0.9726655763163885}. Best is trial 0 with value: 0.7853566958698374.
2025-02-02 16:56:44,859 - INFO - Trial 1 finished with value: 0.8125 and parameters: {'n_estimators': 250, 'max_depth': 9, 'learning_rate': 0.14161194142154832, 'subsample': 0.7523696213491275}. Best is trial 1 with value: 0.8125.
2025-02-02 16:56:44,893 - INFO - Trial 2 finished with value: 0.8125 and parameters: {'n_estimators': 131, 'max_depth': 8, 'learning_rate': 0.12747019264788795, 'subsample': 0.964935114810391}. Best is trial 1 with value: 0.8125.
2025-02-02 16:56:44,932 - INFO - Trial 3 finished with value: 0.7853566958698374 and parameters: {'n_estimators': 166, 'max_depth': 18, 'learning_rate': 0.09555920023821998, 'subsample': 0.7266353959163289}. Best is trial 1 with value: 0.8125.
2025-02-02 16:56:44,979 - INFO - Trial 4 finished with value: 0.7853566958698374 and parameters: {'n_estimators': 207, 'max_depth': 7, 'learning_rate': 0.07956329182987912, 'subsample': 0.9162992035437132}. Best is trial 1 with value: 0.8125.
2025-02-02 16:56:45,009 - INFO - Trial 5 finished with value: 0.7853566958698374 and parameters: {'n_estimators': 104, 'max_depth': 16, 'learning_rate': 0.04922519715561027, 'subsample': 0.9279596732027637}. Best is trial 1 with value: 0.8125.
2025-02-02 16:56:45,031 - INFO - Trial 6 finished with value: 0.75 and parameters: {'n_estimators': 64, 'max_depth': 4, 'learning_rate': 0.06299982881418952, 'subsample': 0.741063229355056}. Best is trial 1 with value: 0.8125.
2025-02-02 16:56:45,086 - INFO - Trial 7 finished with value: 0.7853566958698374 and parameters: {'n_estimators': 228, 'max_depth': 14, 'learning_rate': 0.025037306548993242, 'subsample': 0.5520301610768281}. Best is trial 1 with value: 0.8125.
2025-02-02 16:56:45,142 - INFO - Trial 8 finished with value: 0.8125 and parameters: {'n_estimators': 250, 'max_depth': 17, 'learning_rate': 0.14722685611732692, 'subsample': 0.5185988572713787}. Best is trial 1 with value: 0.8125.
2025-02-02 16:56:45,187 - INFO - Trial 9 finished with value: 0.8125 and parameters: {'n_estimators': 174, 'max_depth': 12, 'learning_rate': 0.15134598764554805, 'subsample': 0.8795965734840638}. Best is trial 1 with value: 0.8125.
2025-02-02 16:56:45,269 - INFO - Trial 10 finished with value: 0.846683354192741 and parameters: {'n_estimators': 294, 'max_depth': 9, 'learning_rate': 0.1853289963016029, 'subsample': 0.637187952480658}. Best is trial 10 with value: 0.846683354192741.
2025-02-02 16:56:45,349 - INFO - Trial 11 finished with value: 0.8125 and parameters: {'n_estimators': 299, 'max_depth': 9, 'learning_rate': 0.1908197251615863, 'subsample': 0.6269517119541161}. Best is trial 10 with value: 0.846683354192741.
2025-02-02 16:56:45,431 - INFO - Trial 12 finished with value: 0.846683354192741 and parameters: {'n_estimators': 284, 'max_depth': 4, 'learning_rate': 0.18890171578311413, 'subsample': 0.639732886819984}. Best is trial 10 with value: 0.846683354192741.
2025-02-02 16:56:45,511 - INFO - Trial 13 finished with value: 0.846683354192741 and parameters: {'n_estimators': 300, 'max_depth': 3, 'learning_rate': 0.19607990304710146, 'subsample': 0.6364930686732136}. Best is trial 10 with value: 0.846683354192741.
2025-02-02 16:56:45,586 - INFO - Trial 14 finished with value: 0.846683354192741 and parameters: {'n_estimators': 267, 'max_depth': 5, 'learning_rate': 0.17657876025427494, 'subsample': 0.6260072513604152}. Best is trial 10 with value: 0.846683354192741.
2025-02-02 16:56:45,655 - INFO - Trial 15 finished with value: 0.8125 and parameters: {'n_estimators': 209, 'max_depth': 6, 'learning_rate': 0.11824649849025903, 'subsample': 0.8114943333510405}. Best is trial 10 with value: 0.846683354192741.
2025-02-02 16:56:45,731 - INFO - Trial 16 finished with value: 0.846683354192741 and parameters: {'n_estimators': 272, 'max_depth': 13, 'learning_rate': 0.16994347493006898, 'subsample': 0.6821067937797398}. Best is trial 10 with value: 0.846683354192741.
2025-02-02 16:56:45,809 - INFO - Trial 17 finished with value: 0.846683354192741 and parameters: {'n_estimators': 279, 'max_depth': 10, 'learning_rate': 0.1987202585143046, 'subsample': 0.5735458862624342}. Best is trial 10 with value: 0.846683354192741.
2025-02-02 16:56:45,877 - INFO - Trial 18 finished with value: 0.846683354192741 and parameters: {'n_estimators': 226, 'max_depth': 3, 'learning_rate': 0.1679682929619232, 'subsample': 0.798770728111044}. Best is trial 10 with value: 0.846683354192741.
2025-02-02 16:56:45,935 - INFO - Trial 19 finished with value: 0.846683354192741 and parameters: {'n_estimators': 132, 'max_depth': 11, 'learning_rate': 0.10480305116244229, 'subsample': 0.6814548028638782}. Best is trial 10 with value: 0.846683354192741.
2025-02-02 16:56:46,005 - INFO - Trial 20 finished with value: 0.8125 and parameters: {'n_estimators': 197, 'max_depth': 6, 'learning_rate': 0.1782738575692085, 'subsample': 0.5896353589324268}. Best is trial 10 with value: 0.846683354192741.
2025-02-02 16:56:46,096 - INFO - Trial 21 finished with value: 0.846683354192741 and parameters: {'n_estimators': 294, 'max_depth': 3, 'learning_rate': 0.19819538285254404, 'subsample': 0.6523294443293702}. Best is trial 10 with value: 0.846683354192741.
2025-02-02 16:56:46,186 - INFO - Trial 22 finished with value: 0.8125 and parameters: {'n_estimators': 300, 'max_depth': 5, 'learning_rate': 0.18407866497935077, 'subsample': 0.5962259189805229}. Best is trial 10 with value: 0.846683354192741.
2025-02-02 16:56:46,266 - INFO - Trial 23 finished with value: 0.846683354192741 and parameters: {'n_estimators': 248, 'max_depth': 3, 'learning_rate': 0.1634965388428322, 'subsample': 0.5196869081776914}. Best is trial 10 with value: 0.846683354192741.
2025-02-02 16:56:46,375 - INFO - Trial 24 finished with value: 0.846683354192741 and parameters: {'n_estimators': 272, 'max_depth': 7, 'learning_rate': 0.12844690641230247, 'subsample': 0.6919628348807364}. Best is trial 10 with value: 0.846683354192741.
2025-02-02 16:56:46,460 - INFO - Trial 25 finished with value: 0.846683354192741 and parameters: {'n_estimators': 281, 'max_depth': 5, 'learning_rate': 0.1847062999778469, 'subsample': 0.6359828196863487}. Best is trial 10 with value: 0.846683354192741.
2025-02-02 16:56:46,537 - INFO - Trial 26 finished with value: 0.846683354192741 and parameters: {'n_estimators': 254, 'max_depth': 8, 'learning_rate': 0.19948718033818905, 'subsample': 0.783388072141061}. Best is trial 10 with value: 0.846683354192741.
2025-02-02 16:56:46,601 - INFO - Trial 27 finished with value: 0.846683354192741 and parameters: {'n_estimators': 230, 'max_depth': 4, 'learning_rate': 0.16221168499217808, 'subsample': 0.6661551652852763}. Best is trial 10 with value: 0.846683354192741.
2025-02-02 16:56:46,702 - INFO - Trial 28 finished with value: 0.75 and parameters: {'n_estimators': 286, 'max_depth': 14, 'learning_rate': 0.012055325372089934, 'subsample': 0.7045521147481832}. Best is trial 10 with value: 0.846683354192741.
2025-02-02 16:56:46,810 - INFO - Trial 29 finished with value: 0.846683354192741 and parameters: {'n_estimators': 267, 'max_depth': 20, 'learning_rate': 0.13505383794716244, 'subsample': 0.5532831365976862}. Best is trial 10 with value: 0.846683354192741.
2025-02-02 16:56:46,911 - INFO - Trial 30 finished with value: 0.846683354192741 and parameters: {'n_estimators': 231, 'max_depth': 6, 'learning_rate': 0.1550774181110134, 'subsample': 0.6050911760357263}. Best is trial 10 with value: 0.846683354192741.
2025-02-02 16:56:47,020 - INFO - Trial 31 finished with value: 0.846683354192741 and parameters: {'n_estimators': 262, 'max_depth': 5, 'learning_rate': 0.17612500791315927, 'subsample': 0.6305569472010061}. Best is trial 10 with value: 0.846683354192741.
2025-02-02 16:56:47,135 - INFO - Trial 32 finished with value: 0.846683354192741 and parameters: {'n_estimators': 285, 'max_depth': 4, 'learning_rate': 0.18460393455753635, 'subsample': 0.6222120991463482}. Best is trial 10 with value: 0.846683354192741.
2025-02-02 16:56:47,247 - INFO - Trial 33 finished with value: 0.846683354192741 and parameters: {'n_estimators': 259, 'max_depth': 8, 'learning_rate': 0.17327706317675515, 'subsample': 0.7178937852243238}. Best is trial 10 with value: 0.846683354192741.
2025-02-02 16:56:47,373 - INFO - Trial 34 finished with value: 0.8125 and parameters: {'n_estimators': 296, 'max_depth': 10, 'learning_rate': 0.15968607525139286, 'subsample': 0.655492789872187}. Best is trial 10 with value: 0.846683354192741.
2025-02-02 16:56:47,484 - INFO - Trial 35 finished with value: 0.7853566958698374 and parameters: {'n_estimators': 241, 'max_depth': 7, 'learning_rate': 0.1890618148823894, 'subsample': 0.8386312033423589}. Best is trial 10 with value: 0.846683354192741.
2025-02-02 16:56:47,600 - INFO - Trial 36 finished with value: 0.8125 and parameters: {'n_estimators': 277, 'max_depth': 4, 'learning_rate': 0.14050051623648174, 'subsample': 0.7552892718070805}. Best is trial 10 with value: 0.846683354192741.
2025-02-02 16:56:47,678 - INFO - Trial 37 finished with value: 0.8125 and parameters: {'n_estimators': 137, 'max_depth': 5, 'learning_rate': 0.17695254341322278, 'subsample': 0.5551116416425674}. Best is trial 10 with value: 0.846683354192741.
2025-02-02 16:56:47,772 - INFO - Trial 38 finished with value: 0.8125 and parameters: {'n_estimators': 201, 'max_depth': 3, 'learning_rate': 0.19084766274696477, 'subsample': 0.9861842414441653}. Best is trial 10 with value: 0.846683354192741.
