2025-02-02 17:07:43,556 - INFO - Trial 216 finished with value: 0.7912280701754386 and parameters: {'max_depth': 14, 'min_samples_split': 4, 'min_samples_leaf': 2, 'class_weight': None}. Best is trial 49 with value: 0.9396135265700484.
2025-02-02 17:07:43,576 - INFO - Trial 217 finished with value: 0.9396135265700484 and parameters: {'max_depth': 17, 'min_samples_split': 5, 'min_samples_leaf': 2, 'class_weight': None}. Best is trial 49 with value: 0.9396135265700484.
2025-02-02 17:07:43,599 - INFO - Trial 218 finished with value: 0.9396135265700484 and parameters: {'max_depth': 16, 'min_samples_split': 5, 'min_samples_leaf': 2, 'class_weight': None}. Best is trial 49 with value: 0.9396135265700484.
2025-02-02 17:07:43,620 - INFO - Trial 219 finished with value: 0.8188405797101449 and parameters: {'max_depth': 16, 'min_samples_split': 5, 'min_samples_leaf': 2, 'class_weight': None}. Best is trial 49 with value: 0.9396135265700484.
2025-02-02 17:07:43,642 - INFO - Trial 220 finished with value: 0.8246753246753247 and parameters: {'max_depth': 16, 'min_samples_split': 5, 'min_samples_leaf': 2, 'class_weight': 'balanced'}. Best is trial 49 with value: 0.9396135265700484.
2025-02-02 17:07:43,666 - INFO - Trial 221 finished with value: 0.9396135265700484 and parameters: {'max_depth': 3, 'min_samples_split': 5, 'min_samples_leaf': 2, 'class_weight': None}. Best is trial 49 with value: 0.9396135265700484.
2025-02-02 17:07:43,686 - INFO - Trial 222 finished with value: 0.8188405797101449 and parameters: {'max_depth': 3, 'min_samples_split': 5, 'min_samples_leaf': 2, 'class_weight': None}. Best is trial 49 with value: 0.9396135265700484.
2025-02-02 17:07:43,708 - INFO - Trial 223 finished with value: 0.9396135265700484 and parameters: {'max_depth': 3, 'min_samples_split': 5, 'min_samples_leaf': 2, 'class_weight': None}. Best is trial 49 with value: 0.9396135265700484.
2025-02-02 17:07:43,729 - INFO - Trial 224 finished with value: 0.8188405797101449 and parameters: {'max_depth': 3, 'min_samples_split': 5, 'min_samples_leaf': 2, 'class_weight': None}. Best is trial 49 with value: 0.9396135265700484.
2025-02-02 17:07:43,751 - INFO - Trial 225 finished with value: 0.9105263157894736 and parameters: {'max_depth': 5, 'min_samples_split': 5, 'min_samples_leaf': 2, 'class_weight': None}. Best is trial 49 with value: 0.9396135265700484.
2025-02-02 17:07:43,773 - INFO - Trial 226 finished with value: 0.8188405797101449 and parameters: {'max_depth': 4, 'min_samples_split': 5, 'min_samples_leaf': 2, 'class_weight': None}. Best is trial 49 with value: 0.9396135265700484.
2025-02-02 17:07:43,802 - INFO - Trial 227 finished with value: 0.9396135265700484 and parameters: {'max_depth': 3, 'min_samples_split': 5, 'min_samples_leaf': 2, 'class_weight': None}. Best is trial 49 with value: 0.9396135265700484.
2025-02-02 17:07:43,823 - INFO - Trial 228 finished with value: 0.8188405797101449 and parameters: {'max_depth': 3, 'min_samples_split': 5, 'min_samples_leaf': 2, 'class_weight': None}. Best is trial 49 with value: 0.9396135265700484.
2025-02-02 17:07:43,844 - INFO - Trial 229 finished with value: 0.8188405797101449 and parameters: {'max_depth': 3, 'min_samples_split': 5, 'min_samples_leaf': 2, 'class_weight': None}. Best is trial 49 with value: 0.9396135265700484.
2025-02-02 17:07:43,866 - INFO - Trial 230 finished with value: 0.8188405797101449 and parameters: {'max_depth': 3, 'min_samples_split': 5, 'min_samples_leaf': 2, 'class_weight': None}. Best is trial 49 with value: 0.9396135265700484.
2025-02-02 17:07:43,886 - INFO - Trial 231 finished with value: 0.8188405797101449 and parameters: {'max_depth': 3, 'min_samples_split': 5, 'min_samples_leaf': 2, 'class_weight': None}. Best is trial 49 with value: 0.9396135265700484.
2025-02-02 17:07:43,906 - INFO - Trial 232 finished with value: 0.8188405797101449 and parameters: {'max_depth': 4, 'min_samples_split': 5, 'min_samples_leaf': 2, 'class_weight': None}. Best is trial 49 with value: 0.9396135265700484.
2025-02-02 17:07:43,925 - INFO - Trial 233 finished with value: 0.9105263157894736 and parameters: {'max_depth': 4, 'min_samples_split': 5, 'min_samples_leaf': 2, 'class_weight': None}. Best is trial 49 with value: 0.9396135265700484.
2025-02-02 17:07:43,945 - INFO - Trial 234 finished with value: 0.8188405797101449 and parameters: {'max_depth': 3, 'min_samples_split': 5, 'min_samples_leaf': 2, 'class_weight': None}. Best is trial 49 with value: 0.9396135265700484.
2025-02-02 17:07:43,964 - INFO - Trial 235 finished with value: 0.9396135265700484 and parameters: {'max_depth': 3, 'min_samples_split': 5, 'min_samples_leaf': 2, 'class_weight': None}. Best is trial 49 with value: 0.9396135265700484.
2025-02-02 17:07:43,985 - INFO - Trial 236 finished with value: 0.9396135265700484 and parameters: {'max_depth': 3, 'min_samples_split': 5, 'min_samples_leaf': 2, 'class_weight': None}. Best is trial 49 with value: 0.9396135265700484.
2025-02-02 17:07:44,008 - INFO - Trial 237 finished with value: 0.8188405797101449 and parameters: {'max_depth': 3, 'min_samples_split': 5, 'min_samples_leaf': 2, 'class_weight': None}. Best is trial 49 with value: 0.9396135265700484.
2025-02-02 17:07:44,031 - INFO - Trial 238 finished with value: 0.9396135265700484 and parameters: {'max_depth': 3, 'min_samples_split': 2, 'min_samples_leaf': 2, 'class_weight': None}. Best is trial 49 with value: 0.9396135265700484.
2025-02-02 17:07:44,052 - INFO - Trial 239 finished with value: 0.9396135265700484 and parameters: {'max_depth': 3, 'min_samples_split': 2, 'min_samples_leaf': 2, 'class_weight': None}. Best is trial 49 with value: 0.9396135265700484.
2025-02-02 17:07:44,070 - INFO - Trial 240 finished with value: 0.8188405797101449 and parameters: {'max_depth': 3, 'min_samples_split': 2, 'min_samples_leaf': 2, 'class_weight': None}. Best is trial 49 with value: 0.9396135265700484.
2025-02-02 17:07:44,090 - INFO - Trial 241 finished with value: 0.8188405797101449 and parameters: {'max_depth': 3, 'min_samples_split': 2, 'min_samples_leaf': 2, 'class_weight': None}. Best is trial 49 with value: 0.9396135265700484.
2025-02-02 17:07:44,112 - INFO - Trial 242 finished with value: 0.9396135265700484 and parameters: {'max_depth': 4, 'min_samples_split': 2, 'min_samples_leaf': 2, 'class_weight': None}. Best is trial 49 with value: 0.9396135265700484.
2025-02-02 17:07:44,133 - INFO - Trial 243 finished with value: 0.8188405797101449 and parameters: {'max_depth': 4, 'min_samples_split': 2, 'min_samples_leaf': 3, 'class_weight': None}. Best is trial 49 with value: 0.9396135265700484.
2025-02-02 17:07:44,155 - INFO - Trial 244 finished with value: 0.8188405797101449 and parameters: {'max_depth': 3, 'min_samples_split': 2, 'min_samples_leaf': 2, 'class_weight': None}. Best is trial 49 with value: 0.9396135265700484.
2025-02-02 17:07:44,176 - INFO - Trial 245 finished with value: 0.9396135265700484 and parameters: {'max_depth': 4, 'min_samples_split': 2, 'min_samples_leaf': 2, 'class_weight': None}. Best is trial 49 with value: 0.9396135265700484.
2025-02-02 17:07:44,200 - INFO - Trial 246 finished with value: 0.7912280701754386 and parameters: {'max_depth': 4, 'min_samples_split': 2, 'min_samples_leaf': 2, 'class_weight': None}. Best is trial 49 with value: 0.9396135265700484.
2025-02-02 17:07:44,223 - INFO - Trial 247 finished with value: 0.9396135265700484 and parameters: {'max_depth': 3, 'min_samples_split': 2, 'min_samples_leaf': 2, 'class_weight': None}. Best is trial 49 with value: 0.9396135265700484.
2025-02-02 17:07:44,250 - INFO - Trial 248 finished with value: 0.8188405797101449 and parameters: {'max_depth': 3, 'min_samples_split': 2, 'min_samples_leaf': 2, 'class_weight': None}. Best is trial 49 with value: 0.9396135265700484.
2025-02-02 17:07:44,280 - INFO - Trial 249 finished with value: 0.8188405797101449 and parameters: {'max_depth': 4, 'min_samples_split': 2, 'min_samples_leaf': 2, 'class_weight': None}. Best is trial 49 with value: 0.9396135265700484.
2025-02-02 17:07:44,301 - INFO - Trial 250 finished with value: 0.9396135265700484 and parameters: {'max_depth': 3, 'min_samples_split': 2, 'min_samples_leaf': 2, 'class_weight': None}. Best is trial 49 with value: 0.9396135265700484.
2025-02-02 17:07:44,323 - INFO - Trial 251 finished with value: 0.8188405797101449 and parameters: {'max_depth': 3, 'min_samples_split': 2, 'min_samples_leaf': 2, 'class_weight': None}. Best is trial 49 with value: 0.9396135265700484.
2025-02-02 17:07:44,346 - INFO - Trial 252 finished with value: 0.8188405797101449 and parameters: {'max_depth': 4, 'min_samples_split': 2, 'min_samples_leaf': 2, 'class_weight': None}. Best is trial 49 with value: 0.9396135265700484.
2025-02-02 17:07:44,372 - INFO - Trial 253 finished with value: 0.8818181818181818 and parameters: {'max_depth': 5, 'min_samples_split': 2, 'min_samples_leaf': 2, 'class_weight': None}. Best is trial 49 with value: 0.9396135265700484.
2025-02-02 17:07:44,401 - INFO - Trial 254 finished with value: 0.8188405797101449 and parameters: {'max_depth': 3, 'min_samples_split': 2, 'min_samples_leaf': 2, 'class_weight': None}. Best is trial 49 with value: 0.9396135265700484.
2025-02-02 17:07:44,432 - INFO - Trial 255 finished with value: 0.9396135265700484 and parameters: {'max_depth': 3, 'min_samples_split': 2, 'min_samples_leaf': 2, 'class_weight': None}. Best is trial 49 with value: 0.9396135265700484.
2025-02-02 17:07:44,456 - INFO - Trial 256 finished with value: 0.8818181818181818 and parameters: {'max_depth': 4, 'min_samples_split': 2, 'min_samples_leaf': 2, 'class_weight': None}. Best is trial 49 with value: 0.9396135265700484.
2025-02-02 17:07:44,480 - INFO - Trial 257 finished with value: 0.9396135265700484 and parameters: {'max_depth': 3, 'min_samples_split': 2, 'min_samples_leaf': 2, 'class_weight': None}. Best is trial 49 with value: 0.9396135265700484.
2025-02-02 17:07:44,502 - INFO - Trial 258 finished with value: 0.8188405797101449 and parameters: {'max_depth': 3, 'min_samples_split': 2, 'min_samples_leaf': 2, 'class_weight': 'balanced'}. Best is trial 49 with value: 0.9396135265700484.
2025-02-02 17:07:44,525 - INFO - Trial 259 finished with value: 0.9105263157894736 and parameters: {'max_depth': 4, 'min_samples_split': 2, 'min_samples_leaf': 2, 'class_weight': None}. Best is trial 49 with value: 0.9396135265700484.
2025-02-02 17:07:44,547 - INFO - Trial 260 finished with value: 0.9396135265700484 and parameters: {'max_depth': 3, 'min_samples_split': 2, 'min_samples_leaf': 2, 'class_weight': None}. Best is trial 49 with value: 0.9396135265700484.
2025-02-02 17:07:44,569 - INFO - Trial 261 finished with value: 0.9396135265700484 and parameters: {'max_depth': 3, 'min_samples_split': 2, 'min_samples_leaf': 2, 'class_weight': None}. Best is trial 49 with value: 0.9396135265700484.
2025-02-02 17:07:44,592 - INFO - Trial 262 finished with value: 0.8188405797101449 and parameters: {'max_depth': 3, 'min_samples_split': 5, 'min_samples_leaf': 2, 'class_weight': None}. Best is trial 49 with value: 0.9396135265700484.
2025-02-02 17:07:44,620 - INFO - Trial 263 finished with value: 0.8188405797101449 and parameters: {'max_depth': 4, 'min_samples_split': 5, 'min_samples_leaf': 2, 'class_weight': None}. Best is trial 49 with value: 0.9396135265700484.
2025-02-02 17:07:44,652 - INFO - Trial 264 finished with value: 0.8188405797101449 and parameters: {'max_depth': 3, 'min_samples_split': 2, 'min_samples_leaf': 2, 'class_weight': None}. Best is trial 49 with value: 0.9396135265700484.
2025-02-02 17:07:44,686 - INFO - Trial 265 finished with value: 0.8188405797101449 and parameters: {'max_depth': 5, 'min_samples_split': 5, 'min_samples_leaf': 2, 'class_weight': None}. Best is trial 49 with value: 0.9396135265700484.
2025-02-02 17:07:44,720 - INFO - Trial 266 finished with value: 0.8188405797101449 and parameters: {'max_depth': 3, 'min_samples_split': 5, 'min_samples_leaf': 2, 'class_weight': None}. Best is trial 49 with value: 0.9396135265700484.
2025-02-02 17:07:44,755 - INFO - Trial 267 finished with value: 0.8818181818181818 and parameters: {'max_depth': 4, 'min_samples_split': 5, 'min_samples_leaf': 2, 'class_weight': None}. Best is trial 49 with value: 0.9396135265700484.
2025-02-02 17:07:44,786 - INFO - Trial 268 finished with value: 0.8188405797101449 and parameters: {'max_depth': 3, 'min_samples_split': 5, 'min_samples_leaf': 2, 'class_weight': None}. Best is trial 49 with value: 0.9396135265700484.
2025-02-02 17:07:44,822 - INFO - Trial 269 finished with value: 0.9396135265700484 and parameters: {'max_depth': 3, 'min_samples_split': 2, 'min_samples_leaf': 2, 'class_weight': None}. Best is trial 49 with value: 0.9396135265700484.
2025-02-02 17:07:44,859 - INFO - Trial 270 finished with value: 0.9396135265700484 and parameters: {'max_depth': 4, 'min_samples_split': 5, 'min_samples_leaf': 2, 'class_weight': None}. Best is trial 49 with value: 0.9396135265700484.
2025-02-02 17:07:44,889 - INFO - Trial 271 finished with value: 0.9396135265700484 and parameters: {'max_depth': 3, 'min_samples_split': 5, 'min_samples_leaf': 2, 'class_weight': None}. Best is trial 49 with value: 0.9396135265700484.
2025-02-02 17:07:44,923 - INFO - Trial 272 finished with value: 0.8818181818181818 and parameters: {'max_depth': 11, 'min_samples_split': 5, 'min_samples_leaf': 2, 'class_weight': None}. Best is trial 49 with value: 0.9396135265700484.
2025-02-02 17:07:44,954 - INFO - Trial 273 finished with value: 0.8818181818181818 and parameters: {'max_depth': 4, 'min_samples_split': 2, 'min_samples_leaf': 2, 'class_weight': None}. Best is trial 49 with value: 0.9396135265700484.
2025-02-02 17:07:44,983 - INFO - Trial 274 finished with value: 0.9396135265700484 and parameters: {'max_depth': 3, 'min_samples_split': 5, 'min_samples_leaf': 2, 'class_weight': None}. Best is trial 49 with value: 0.9396135265700484.
2025-02-02 17:07:45,007 - INFO - Trial 275 finished with value: 0.8188405797101449 and parameters: {'max_depth': 3, 'min_samples_split': 5, 'min_samples_leaf': 2, 'class_weight': None}. Best is trial 49 with value: 0.9396135265700484.
2025-02-02 17:07:45,032 - INFO - Trial 276 finished with value: 0.9396135265700484 and parameters: {'max_depth': 3, 'min_samples_split': 5, 'min_samples_leaf': 2, 'class_weight': None}. Best is trial 49 with value: 0.9396135265700484.
2025-02-02 17:07:45,056 - INFO - Trial 277 finished with value: 0.8188405797101449 and parameters: {'max_depth': 4, 'min_samples_split': 2, 'min_samples_leaf': 2, 'class_weight': 'balanced'}. Best is trial 49 with value: 0.9396135265700484.
2025-02-02 17:07:45,081 - INFO - Trial 278 finished with value: 0.7912280701754386 and parameters: {'max_depth': 12, 'min_samples_split': 5, 'min_samples_leaf': 2, 'class_weight': None}. Best is trial 49 with value: 0.9396135265700484.
2025-02-02 17:07:45,106 - INFO - Trial 279 finished with value: 0.9396135265700484 and parameters: {'max_depth': 3, 'min_samples_split': 5, 'min_samples_leaf': 2, 'class_weight': None}. Best is trial 49 with value: 0.9396135265700484.
2025-02-02 17:07:45,137 - INFO - Trial 280 finished with value: 0.8188405797101449 and parameters: {'max_depth': 3, 'min_samples_split': 6, 'min_samples_leaf': 2, 'class_weight': None}. Best is trial 49 with value: 0.9396135265700484.
2025-02-02 17:07:45,165 - INFO - Trial 281 finished with value: 0.8188405797101449 and parameters: {'max_depth': 4, 'min_samples_split': 5, 'min_samples_leaf': 2, 'class_weight': None}. Best is trial 49 with value: 0.9396135265700484.
2025-02-02 17:07:45,189 - INFO - Trial 282 finished with value: 0.9080100125156445 and parameters: {'max_depth': 3, 'min_samples_split': 2, 'min_samples_leaf': 1, 'class_weight': None}. Best is trial 49 with value: 0.9396135265700484.
2025-02-02 17:07:45,212 - INFO - Trial 283 finished with value: 0.9396135265700484 and parameters: {'max_depth': 3, 'min_samples_split': 5, 'min_samples_leaf': 2, 'class_weight': None}. Best is trial 49 with value: 0.9396135265700484.
2025-02-02 17:07:45,235 - INFO - Trial 284 finished with value: 0.9396135265700484 and parameters: {'max_depth': 16, 'min_samples_split': 5, 'min_samples_leaf': 2, 'class_weight': None}. Best is trial 49 with value: 0.9396135265700484.
2025-02-02 17:07:45,258 - INFO - Trial 285 finished with value: 0.8188405797101449 and parameters: {'max_depth': 10, 'min_samples_split': 2, 'min_samples_leaf': 2, 'class_weight': None}. Best is trial 49 with value: 0.9396135265700484.
2025-02-02 17:07:45,280 - INFO - Trial 286 finished with value: 0.8818181818181818 and parameters: {'max_depth': 17, 'min_samples_split': 5, 'min_samples_leaf': 2, 'class_weight': None}. Best is trial 49 with value: 0.9396135265700484.
2025-02-02 17:07:45,320 - INFO - Trial 287 finished with value: 0.9105263157894736 and parameters: {'max_depth': 5, 'min_samples_split': 5, 'min_samples_leaf': 2, 'class_weight': None}. Best is trial 49 with value: 0.9396135265700484.
2025-02-02 17:07:45,346 - INFO - Trial 288 finished with value: 0.7912280701754386 and parameters: {'max_depth': 4, 'min_samples_split': 6, 'min_samples_leaf': 2, 'class_weight': None}. Best is trial 49 with value: 0.9396135265700484.
2025-02-02 17:07:45,374 - INFO - Trial 289 finished with value: 0.7912280701754386 and parameters: {'max_depth': 19, 'min_samples_split': 3, 'min_samples_leaf': 2, 'class_weight': None}. Best is trial 49 with value: 0.9396135265700484.
2025-02-02 17:07:45,399 - INFO - Trial 290 finished with value: 0.9396135265700484 and parameters: {'max_depth': 3, 'min_samples_split': 2, 'min_samples_leaf': 2, 'class_weight': None}. Best is trial 49 with value: 0.9396135265700484.
2025-02-02 17:07:45,423 - INFO - Trial 291 finished with value: 0.9105263157894736 and parameters: {'max_depth': 16, 'min_samples_split': 5, 'min_samples_leaf': 2, 'class_weight': None}. Best is trial 49 with value: 0.9396135265700484.
2025-02-02 17:07:45,445 - INFO - Trial 292 finished with value: 0.9396135265700484 and parameters: {'max_depth': 17, 'min_samples_split': 3, 'min_samples_leaf': 2, 'class_weight': None}. Best is trial 49 with value: 0.9396135265700484.
2025-02-02 17:07:45,469 - INFO - Trial 293 finished with value: 0.8188405797101449 and parameters: {'max_depth': 3, 'min_samples_split': 5, 'min_samples_leaf': 2, 'class_weight': None}. Best is trial 49 with value: 0.9396135265700484.
2025-02-02 17:07:45,496 - INFO - Trial 294 finished with value: 0.8188405797101449 and parameters: {'max_depth': 3, 'min_samples_split': 5, 'min_samples_leaf': 2, 'class_weight': None}. Best is trial 49 with value: 0.9396135265700484.
2025-02-02 17:07:45,520 - INFO - Trial 295 finished with value: 0.9105263157894736 and parameters: {'max_depth': 9, 'min_samples_split': 5, 'min_samples_leaf': 2, 'class_weight': None}. Best is trial 49 with value: 0.9396135265700484.
2025-02-02 17:07:45,544 - INFO - Trial 296 finished with value: 0.7912280701754386 and parameters: {'max_depth': 4, 'min_samples_split': 5, 'min_samples_leaf': 2, 'class_weight': 'balanced'}. Best is trial 49 with value: 0.9396135265700484.
2025-02-02 17:07:45,567 - INFO - Trial 297 finished with value: 0.9105263157894736 and parameters: {'max_depth': 16, 'min_samples_split': 2, 'min_samples_leaf': 2, 'class_weight': None}. Best is trial 49 with value: 0.9396135265700484.
2025-02-02 17:07:45,592 - INFO - Trial 298 finished with value: 0.8818181818181818 and parameters: {'max_depth': 17, 'min_samples_split': 5, 'min_samples_leaf': 2, 'class_weight': None}. Best is trial 49 with value: 0.9396135265700484.
2025-02-02 17:07:45,616 - INFO - Trial 299 finished with value: 0.8188405797101449 and parameters: {'max_depth': 3, 'min_samples_split': 3, 'min_samples_leaf': 2, 'class_weight': None}. Best is trial 49 with value: 0.9396135265700484.
2025-02-02 17:07:45,643 - INFO - Trial 300 finished with value: 0.8188405797101449 and parameters: {'max_depth': 16, 'min_samples_split': 6, 'min_samples_leaf': 2, 'class_weight': None}. Best is trial 49 with value: 0.9396135265700484.
2025-02-02 17:07:45,669 - INFO - Trial 301 finished with value: 0.8818181818181818 and parameters: {'max_depth': 4, 'min_samples_split': 5, 'min_samples_leaf': 2, 'class_weight': None}. Best is trial 49 with value: 0.9396135265700484.
2025-02-02 17:07:45,697 - INFO - Trial 302 finished with value: 0.8188405797101449 and parameters: {'max_depth': 3, 'min_samples_split': 2, 'min_samples_leaf': 2, 'class_weight': None}. Best is trial 49 with value: 0.9396135265700484.
2025-02-02 17:07:45,727 - INFO - Trial 303 finished with value: 0.8818181818181818 and parameters: {'max_depth': 16, 'min_samples_split': 4, 'min_samples_leaf': 2, 'class_weight': None}. Best is trial 49 with value: 0.9396135265700484.
2025-02-02 17:07:45,751 - INFO - Trial 304 finished with value: 0.8188405797101449 and parameters: {'max_depth': 3, 'min_samples_split': 5, 'min_samples_leaf': 2, 'class_weight': None}. Best is trial 49 with value: 0.9396135265700484.
2025-02-02 17:07:45,773 - INFO - Trial 305 finished with value: 0.8818181818181818 and parameters: {'max_depth': 4, 'min_samples_split': 5, 'min_samples_leaf': 2, 'class_weight': None}. Best is trial 49 with value: 0.9396135265700484.
2025-02-02 17:07:45,794 - INFO - Trial 306 finished with value: 0.7912280701754386 and parameters: {'max_depth': 16, 'min_samples_split': 2, 'min_samples_leaf': 2, 'class_weight': None}. Best is trial 49 with value: 0.9396135265700484.
2025-02-02 17:07:45,817 - INFO - Trial 307 finished with value: 0.8188405797101449 and parameters: {'max_depth': 6, 'min_samples_split': 5, 'min_samples_leaf': 2, 'class_weight': None}. Best is trial 49 with value: 0.9396135265700484.
2025-02-02 17:07:45,840 - INFO - Trial 308 finished with value: 0.9396135265700484 and parameters: {'max_depth': 3, 'min_samples_split': 5, 'min_samples_leaf': 2, 'class_weight': None}. Best is trial 49 with value: 0.9396135265700484.
