2025-02-02 17:07:39,971 - INFO - Trial 30 finished with value: 0.9080100125156445 and parameters: {'max_depth': 14, 'min_samples_split': 5, 'min_samples_leaf': 1, 'class_weight': None}. Best is trial 12 with value: 0.9105263157894736.
2025-02-02 17:07:39,986 - INFO - Trial 31 finished with value: 0.8401360544217686 and parameters: {'max_depth': 14, 'min_samples_split': 5, 'min_samples_leaf': 1, 'class_weight': None}. Best is trial 12 with value: 0.9105263157894736.
2025-02-02 17:07:40,001 - INFO - Trial 32 finished with value: 0.8188405797101449 and parameters: {'max_depth': 15, 'min_samples_split': 3, 'min_samples_leaf': 1, 'class_weight': None}. Best is trial 12 with value: 0.9105263157894736.
2025-02-02 17:07:40,014 - INFO - Trial 33 finished with value: 0.8188405797101449 and parameters: {'max_depth': 17, 'min_samples_split': 5, 'min_samples_leaf': 1, 'class_weight': None}. Best is trial 12 with value: 0.9105263157894736.
2025-02-02 17:07:40,030 - INFO - Trial 34 finished with value: 0.8188405797101449 and parameters: {'max_depth': 10, 'min_samples_split': 3, 'min_samples_leaf': 1, 'class_weight': None}. Best is trial 12 with value: 0.9105263157894736.
2025-02-02 17:07:40,044 - INFO - Trial 35 finished with value: 0.8188405797101449 and parameters: {'max_depth': 13, 'min_samples_split': 5, 'min_samples_leaf': 3, 'class_weight': None}. Best is trial 12 with value: 0.9105263157894736.
2025-02-02 17:07:40,058 - INFO - Trial 36 finished with value: 0.8508771929824562 and parameters: {'max_depth': 18, 'min_samples_split': 6, 'min_samples_leaf': 1, 'class_weight': 'balanced'}. Best is trial 12 with value: 0.9105263157894736.
2025-02-02 17:07:40,075 - INFO - Trial 37 finished with value: 0.9080100125156445 and parameters: {'max_depth': 11, 'min_samples_split': 6, 'min_samples_leaf': 3, 'class_weight': None}. Best is trial 12 with value: 0.9105263157894736.
2025-02-02 17:07:40,091 - INFO - Trial 38 finished with value: 0.9080100125156445 and parameters: {'max_depth': 9, 'min_samples_split': 6, 'min_samples_leaf': 3, 'class_weight': None}. Best is trial 12 with value: 0.9105263157894736.
2025-02-02 17:07:40,108 - INFO - Trial 39 finished with value: 0.8401360544217686 and parameters: {'max_depth': 11, 'min_samples_split': 4, 'min_samples_leaf': 1, 'class_weight': None}. Best is trial 12 with value: 0.9105263157894736.
2025-02-02 17:07:40,125 - INFO - Trial 40 finished with value: 0.8188405797101449 and parameters: {'max_depth': 7, 'min_samples_split': 5, 'min_samples_leaf': 3, 'class_weight': None}. Best is trial 12 with value: 0.9105263157894736.
2025-02-02 17:07:40,141 - INFO - Trial 41 finished with value: 0.8188405797101449 and parameters: {'max_depth': 9, 'min_samples_split': 6, 'min_samples_leaf': 3, 'class_weight': None}. Best is trial 12 with value: 0.9105263157894736.
2025-02-02 17:07:40,156 - INFO - Trial 42 finished with value: 0.9080100125156445 and parameters: {'max_depth': 9, 'min_samples_split': 6, 'min_samples_leaf': 3, 'class_weight': None}. Best is trial 12 with value: 0.9105263157894736.
2025-02-02 17:07:40,172 - INFO - Trial 43 finished with value: 0.9080100125156445 and parameters: {'max_depth': 10, 'min_samples_split': 5, 'min_samples_leaf': 4, 'class_weight': None}. Best is trial 12 with value: 0.9105263157894736.
2025-02-02 17:07:40,186 - INFO - Trial 44 finished with value: 0.8188405797101449 and parameters: {'max_depth': 12, 'min_samples_split': 6, 'min_samples_leaf': 3, 'class_weight': None}. Best is trial 12 with value: 0.9105263157894736.
2025-02-02 17:07:40,203 - INFO - Trial 45 finished with value: 0.9080100125156445 and parameters: {'max_depth': 6, 'min_samples_split': 6, 'min_samples_leaf': 3, 'class_weight': None}. Best is trial 12 with value: 0.9105263157894736.
2025-02-02 17:07:40,218 - INFO - Trial 46 finished with value: 0.8188405797101449 and parameters: {'max_depth': 8, 'min_samples_split': 3, 'min_samples_leaf': 2, 'class_weight': None}. Best is trial 12 with value: 0.9105263157894736.
2025-02-02 17:07:40,235 - INFO - Trial 47 finished with value: 0.8188405797101449 and parameters: {'max_depth': 13, 'min_samples_split': 7, 'min_samples_leaf': 4, 'class_weight': None}. Best is trial 12 with value: 0.9105263157894736.
2025-02-02 17:07:40,252 - INFO - Trial 48 finished with value: 0.9080100125156445 and parameters: {'max_depth': 11, 'min_samples_split': 4, 'min_samples_leaf': 3, 'class_weight': None}. Best is trial 12 with value: 0.9105263157894736.
2025-02-02 17:07:40,271 - INFO - Trial 49 finished with value: 0.9396135265700484 and parameters: {'max_depth': 15, 'min_samples_split': 5, 'min_samples_leaf': 2, 'class_weight': None}. Best is trial 49 with value: 0.9396135265700484.
2025-02-02 17:07:40,290 - INFO - Trial 50 finished with value: 0.9105263157894736 and parameters: {'max_depth': 15, 'min_samples_split': 5, 'min_samples_leaf': 2, 'class_weight': None}. Best is trial 49 with value: 0.9396135265700484.
2025-02-02 17:07:40,304 - INFO - Trial 51 finished with value: 0.7912280701754386 and parameters: {'max_depth': 15, 'min_samples_split': 5, 'min_samples_leaf': 2, 'class_weight': None}. Best is trial 49 with value: 0.9396135265700484.
2025-02-02 17:07:40,321 - INFO - Trial 52 finished with value: 0.9396135265700484 and parameters: {'max_depth': 16, 'min_samples_split': 5, 'min_samples_leaf': 2, 'class_weight': None}. Best is trial 49 with value: 0.9396135265700484.
2025-02-02 17:07:40,339 - INFO - Trial 53 finished with value: 0.8188405797101449 and parameters: {'max_depth': 16, 'min_samples_split': 4, 'min_samples_leaf': 2, 'class_weight': None}. Best is trial 49 with value: 0.9396135265700484.
2025-02-02 17:07:40,366 - INFO - Trial 54 finished with value: 0.8188405797101449 and parameters: {'max_depth': 14, 'min_samples_split': 5, 'min_samples_leaf': 2, 'class_weight': None}. Best is trial 49 with value: 0.9396135265700484.
2025-02-02 17:07:40,389 - INFO - Trial 55 finished with value: 0.8188405797101449 and parameters: {'max_depth': 17, 'min_samples_split': 4, 'min_samples_leaf': 2, 'class_weight': None}. Best is trial 49 with value: 0.9396135265700484.
2025-02-02 17:07:40,414 - INFO - Trial 56 finished with value: 0.9396135265700484 and parameters: {'max_depth': 15, 'min_samples_split': 5, 'min_samples_leaf': 2, 'class_weight': None}. Best is trial 49 with value: 0.9396135265700484.
2025-02-02 17:07:40,432 - INFO - Trial 57 finished with value: 0.8818181818181818 and parameters: {'max_depth': 18, 'min_samples_split': 5, 'min_samples_leaf': 2, 'class_weight': None}. Best is trial 49 with value: 0.9396135265700484.
2025-02-02 17:07:40,448 - INFO - Trial 58 finished with value: 0.8188405797101449 and parameters: {'max_depth': 15, 'min_samples_split': 4, 'min_samples_leaf': 2, 'class_weight': None}. Best is trial 49 with value: 0.9396135265700484.
2025-02-02 17:07:40,463 - INFO - Trial 59 finished with value: 0.9105263157894736 and parameters: {'max_depth': 16, 'min_samples_split': 3, 'min_samples_leaf': 2, 'class_weight': None}. Best is trial 49 with value: 0.9396135265700484.
2025-02-02 17:07:40,479 - INFO - Trial 60 finished with value: 0.8532668881506091 and parameters: {'max_depth': 17, 'min_samples_split': 2, 'min_samples_leaf': 2, 'class_weight': 'balanced'}. Best is trial 49 with value: 0.9396135265700484.
2025-02-02 17:07:40,493 - INFO - Trial 61 finished with value: 0.9396135265700484 and parameters: {'max_depth': 15, 'min_samples_split': 3, 'min_samples_leaf': 2, 'class_weight': None}. Best is trial 49 with value: 0.9396135265700484.
2025-02-02 17:07:40,507 - INFO - Trial 62 finished with value: 0.8188405797101449 and parameters: {'max_depth': 16, 'min_samples_split': 3, 'min_samples_leaf': 2, 'class_weight': None}. Best is trial 49 with value: 0.9396135265700484.
2025-02-02 17:07:40,521 - INFO - Trial 63 finished with value: 0.8188405797101449 and parameters: {'max_depth': 15, 'min_samples_split': 2, 'min_samples_leaf': 2, 'class_weight': None}. Best is trial 49 with value: 0.9396135265700484.
2025-02-02 17:07:40,539 - INFO - Trial 64 finished with value: 0.9396135265700484 and parameters: {'max_depth': 3, 'min_samples_split': 3, 'min_samples_leaf': 2, 'class_weight': None}. Best is trial 49 with value: 0.9396135265700484.
2025-02-02 17:07:40,554 - INFO - Trial 65 finished with value: 0.8188405797101449 and parameters: {'max_depth': 3, 'min_samples_split': 3, 'min_samples_leaf': 2, 'class_weight': None}. Best is trial 49 with value: 0.9396135265700484.
2025-02-02 17:07:40,571 - INFO - Trial 66 finished with value: 0.7912280701754386 and parameters: {'max_depth': 13, 'min_samples_split': 4, 'min_samples_leaf': 2, 'class_weight': None}. Best is trial 49 with value: 0.9396135265700484.
2025-02-02 17:07:40,587 - INFO - Trial 67 finished with value: 0.8818181818181818 and parameters: {'max_depth': 5, 'min_samples_split': 2, 'min_samples_leaf': 2, 'class_weight': None}. Best is trial 49 with value: 0.9396135265700484.
2025-02-02 17:07:40,604 - INFO - Trial 68 finished with value: 0.8818181818181818 and parameters: {'max_depth': 14, 'min_samples_split': 8, 'min_samples_leaf': 2, 'class_weight': None}. Best is trial 49 with value: 0.9396135265700484.
2025-02-02 17:07:40,622 - INFO - Trial 69 finished with value: 0.8188405797101449 and parameters: {'max_depth': 4, 'min_samples_split': 4, 'min_samples_leaf': 2, 'class_weight': 'balanced'}. Best is trial 49 with value: 0.9396135265700484.
2025-02-02 17:07:40,636 - INFO - Trial 70 finished with value: 0.8818181818181818 and parameters: {'max_depth': 19, 'min_samples_split': 10, 'min_samples_leaf': 2, 'class_weight': None}. Best is trial 49 with value: 0.9396135265700484.
2025-02-02 17:07:40,651 - INFO - Trial 71 finished with value: 0.7912280701754386 and parameters: {'max_depth': 17, 'min_samples_split': 3, 'min_samples_leaf': 2, 'class_weight': None}. Best is trial 49 with value: 0.9396135265700484.
2025-02-02 17:07:40,665 - INFO - Trial 72 finished with value: 0.7912280701754386 and parameters: {'max_depth': 15, 'min_samples_split': 3, 'min_samples_leaf': 2, 'class_weight': None}. Best is trial 49 with value: 0.9396135265700484.
2025-02-02 17:07:40,679 - INFO - Trial 73 finished with value: 0.8188405797101449 and parameters: {'max_depth': 16, 'min_samples_split': 2, 'min_samples_leaf': 2, 'class_weight': None}. Best is trial 49 with value: 0.9396135265700484.
2025-02-02 17:07:40,694 - INFO - Trial 74 finished with value: 0.8818181818181818 and parameters: {'max_depth': 15, 'min_samples_split': 3, 'min_samples_leaf': 2, 'class_weight': None}. Best is trial 49 with value: 0.9396135265700484.
2025-02-02 17:07:40,709 - INFO - Trial 75 finished with value: 0.8188405797101449 and parameters: {'max_depth': 16, 'min_samples_split': 4, 'min_samples_leaf': 2, 'class_weight': None}. Best is trial 49 with value: 0.9396135265700484.
2025-02-02 17:07:40,724 - INFO - Trial 76 finished with value: 0.7912280701754386 and parameters: {'max_depth': 14, 'min_samples_split': 3, 'min_samples_leaf': 2, 'class_weight': None}. Best is trial 49 with value: 0.9396135265700484.
2025-02-02 17:07:40,739 - INFO - Trial 77 finished with value: 0.8188405797101449 and parameters: {'max_depth': 13, 'min_samples_split': 8, 'min_samples_leaf': 2, 'class_weight': None}. Best is trial 49 with value: 0.9396135265700484.
2025-02-02 17:07:40,765 - INFO - Trial 78 finished with value: 0.8188405797101449 and parameters: {'max_depth': 18, 'min_samples_split': 2, 'min_samples_leaf': 2, 'class_weight': None}. Best is trial 49 with value: 0.9396135265700484.
2025-02-02 17:07:40,799 - INFO - Trial 79 finished with value: 0.8818181818181818 and parameters: {'max_depth': 15, 'min_samples_split': 5, 'min_samples_leaf': 2, 'class_weight': None}. Best is trial 49 with value: 0.9396135265700484.
2025-02-02 17:07:40,827 - INFO - Trial 80 finished with value: 0.8188405797101449 and parameters: {'max_depth': 16, 'min_samples_split': 4, 'min_samples_leaf': 2, 'class_weight': 'balanced'}. Best is trial 49 with value: 0.9396135265700484.
2025-02-02 17:07:40,853 - INFO - Trial 81 finished with value: 0.9105263157894736 and parameters: {'max_depth': 17, 'min_samples_split': 5, 'min_samples_leaf': 2, 'class_weight': None}. Best is trial 49 with value: 0.9396135265700484.
2025-02-02 17:07:40,878 - INFO - Trial 82 finished with value: 0.7912280701754386 and parameters: {'max_depth': 17, 'min_samples_split': 6, 'min_samples_leaf': 2, 'class_weight': None}. Best is trial 49 with value: 0.9396135265700484.
2025-02-02 17:07:40,895 - INFO - Trial 83 finished with value: 0.8188405797101449 and parameters: {'max_depth': 18, 'min_samples_split': 5, 'min_samples_leaf': 2, 'class_weight': None}. Best is trial 49 with value: 0.9396135265700484.
2025-02-02 17:07:40,911 - INFO - Trial 84 finished with value: 0.9105263157894736 and parameters: {'max_depth': 14, 'min_samples_split': 5, 'min_samples_leaf': 2, 'class_weight': None}. Best is trial 49 with value: 0.9396135265700484.
2025-02-02 17:07:40,928 - INFO - Trial 85 finished with value: 0.8188405797101449 and parameters: {'max_depth': 17, 'min_samples_split': 7, 'min_samples_leaf': 2, 'class_weight': None}. Best is trial 49 with value: 0.9396135265700484.
2025-02-02 17:07:40,944 - INFO - Trial 86 finished with value: 0.8188405797101449 and parameters: {'max_depth': 16, 'min_samples_split': 6, 'min_samples_leaf': 2, 'class_weight': None}. Best is trial 49 with value: 0.9396135265700484.
2025-02-02 17:07:40,960 - INFO - Trial 87 finished with value: 0.8818181818181818 and parameters: {'max_depth': 19, 'min_samples_split': 5, 'min_samples_leaf': 2, 'class_weight': None}. Best is trial 49 with value: 0.9396135265700484.
2025-02-02 17:07:40,974 - INFO - Trial 88 finished with value: 0.7912280701754386 and parameters: {'max_depth': 15, 'min_samples_split': 4, 'min_samples_leaf': 2, 'class_weight': None}. Best is trial 49 with value: 0.9396135265700484.
2025-02-02 17:07:40,993 - INFO - Trial 89 finished with value: 0.9105263157894736 and parameters: {'max_depth': 15, 'min_samples_split': 5, 'min_samples_leaf': 2, 'class_weight': None}. Best is trial 49 with value: 0.9396135265700484.
2025-02-02 17:07:41,013 - INFO - Trial 90 finished with value: 0.8188405797101449 and parameters: {'max_depth': 13, 'min_samples_split': 3, 'min_samples_leaf': 2, 'class_weight': None}. Best is trial 49 with value: 0.9396135265700484.
2025-02-02 17:07:41,032 - INFO - Trial 91 finished with value: 0.9396135265700484 and parameters: {'max_depth': 14, 'min_samples_split': 5, 'min_samples_leaf': 2, 'class_weight': None}. Best is trial 49 with value: 0.9396135265700484.
2025-02-02 17:07:41,049 - INFO - Trial 92 finished with value: 0.9396135265700484 and parameters: {'max_depth': 14, 'min_samples_split': 5, 'min_samples_leaf': 2, 'class_weight': None}. Best is trial 49 with value: 0.9396135265700484.
2025-02-02 17:07:41,069 - INFO - Trial 93 finished with value: 0.8818181818181818 and parameters: {'max_depth': 14, 'min_samples_split': 6, 'min_samples_leaf': 2, 'class_weight': None}. Best is trial 49 with value: 0.9396135265700484.
2025-02-02 17:07:41,085 - INFO - Trial 94 finished with value: 0.7912280701754386 and parameters: {'max_depth': 12, 'min_samples_split': 5, 'min_samples_leaf': 2, 'class_weight': None}. Best is trial 49 with value: 0.9396135265700484.
2025-02-02 17:07:41,101 - INFO - Trial 95 finished with value: 0.9105263157894736 and parameters: {'max_depth': 14, 'min_samples_split': 4, 'min_samples_leaf': 2, 'class_weight': None}. Best is trial 49 with value: 0.9396135265700484.
2025-02-02 17:07:41,117 - INFO - Trial 96 finished with value: 0.8188405797101449 and parameters: {'max_depth': 16, 'min_samples_split': 5, 'min_samples_leaf': 2, 'class_weight': None}. Best is trial 49 with value: 0.9396135265700484.
2025-02-02 17:07:41,135 - INFO - Trial 97 finished with value: 0.7912280701754386 and parameters: {'max_depth': 15, 'min_samples_split': 6, 'min_samples_leaf': 2, 'class_weight': None}. Best is trial 49 with value: 0.9396135265700484.
2025-02-02 17:07:41,153 - INFO - Trial 98 finished with value: 0.8532668881506091 and parameters: {'max_depth': 13, 'min_samples_split': 4, 'min_samples_leaf': 2, 'class_weight': 'balanced'}. Best is trial 49 with value: 0.9396135265700484.
2025-02-02 17:07:41,180 - INFO - Trial 99 finished with value: 0.8818181818181818 and parameters: {'max_depth': 14, 'min_samples_split': 3, 'min_samples_leaf': 2, 'class_weight': None}. Best is trial 49 with value: 0.9396135265700484.
2025-02-02 17:07:41,197 - INFO - Trial 100 finished with value: 0.7912280701754386 and parameters: {'max_depth': 15, 'min_samples_split': 9, 'min_samples_leaf': 2, 'class_weight': None}. Best is trial 49 with value: 0.9396135265700484.
2025-02-02 17:07:41,214 - INFO - Trial 101 finished with value: 0.7912280701754386 and parameters: {'max_depth': 16, 'min_samples_split': 5, 'min_samples_leaf': 2, 'class_weight': None}. Best is trial 49 with value: 0.9396135265700484.
2025-02-02 17:07:41,231 - INFO - Trial 102 finished with value: 0.7912280701754386 and parameters: {'max_depth': 16, 'min_samples_split': 5, 'min_samples_leaf': 2, 'class_weight': None}. Best is trial 49 with value: 0.9396135265700484.
2025-02-02 17:07:41,253 - INFO - Trial 103 finished with value: 0.8188405797101449 and parameters: {'max_depth': 17, 'min_samples_split': 5, 'min_samples_leaf': 2, 'class_weight': None}. Best is trial 49 with value: 0.9396135265700484.
2025-02-02 17:07:41,268 - INFO - Trial 104 finished with value: 0.8188405797101449 and parameters: {'max_depth': 16, 'min_samples_split': 5, 'min_samples_leaf': 2, 'class_weight': None}. Best is trial 49 with value: 0.9396135265700484.
2025-02-02 17:07:41,286 - INFO - Trial 105 finished with value: 0.7912280701754386 and parameters: {'max_depth': 15, 'min_samples_split': 6, 'min_samples_leaf': 2, 'class_weight': None}. Best is trial 49 with value: 0.9396135265700484.
2025-02-02 17:07:41,301 - INFO - Trial 106 finished with value: 0.8188405797101449 and parameters: {'max_depth': 15, 'min_samples_split': 5, 'min_samples_leaf': 2, 'class_weight': None}. Best is trial 49 with value: 0.9396135265700484.
2025-02-02 17:07:41,318 - INFO - Trial 107 finished with value: 0.8818181818181818 and parameters: {'max_depth': 14, 'min_samples_split': 4, 'min_samples_leaf': 2, 'class_weight': None}. Best is trial 49 with value: 0.9396135265700484.
2025-02-02 17:07:41,334 - INFO - Trial 108 finished with value: 0.9105263157894736 and parameters: {'max_depth': 17, 'min_samples_split': 7, 'min_samples_leaf': 2, 'class_weight': None}. Best is trial 49 with value: 0.9396135265700484.
2025-02-02 17:07:41,352 - INFO - Trial 109 finished with value: 0.8188405797101449 and parameters: {'max_depth': 12, 'min_samples_split': 5, 'min_samples_leaf': 2, 'class_weight': None}. Best is trial 49 with value: 0.9396135265700484.
2025-02-02 17:07:41,374 - INFO - Trial 110 finished with value: 0.8818181818181818 and parameters: {'max_depth': 14, 'min_samples_split': 4, 'min_samples_leaf': 2, 'class_weight': None}. Best is trial 49 with value: 0.9396135265700484.
2025-02-02 17:07:41,393 - INFO - Trial 111 finished with value: 0.8188405797101449 and parameters: {'max_depth': 14, 'min_samples_split': 5, 'min_samples_leaf': 2, 'class_weight': None}. Best is trial 49 with value: 0.9396135265700484.
2025-02-02 17:07:41,412 - INFO - Trial 112 finished with value: 0.8188405797101449 and parameters: {'max_depth': 15, 'min_samples_split': 5, 'min_samples_leaf': 2, 'class_weight': None}. Best is trial 49 with value: 0.9396135265700484.
2025-02-02 17:07:41,436 - INFO - Trial 113 finished with value: 0.7912280701754386 and parameters: {'max_depth': 14, 'min_samples_split': 6, 'min_samples_leaf': 2, 'class_weight': None}. Best is trial 49 with value: 0.9396135265700484.
2025-02-02 17:07:41,459 - INFO - Trial 114 finished with value: 0.9396135265700484 and parameters: {'max_depth': 16, 'min_samples_split': 5, 'min_samples_leaf': 2, 'class_weight': None}. Best is trial 49 with value: 0.9396135265700484.
2025-02-02 17:07:41,480 - INFO - Trial 115 finished with value: 0.8188405797101449 and parameters: {'max_depth': 16, 'min_samples_split': 5, 'min_samples_leaf': 2, 'class_weight': None}. Best is trial 49 with value: 0.9396135265700484.
2025-02-02 17:07:41,500 - INFO - Trial 116 finished with value: 0.8188405797101449 and parameters: {'max_depth': 17, 'min_samples_split': 3, 'min_samples_leaf': 2, 'class_weight': None}. Best is trial 49 with value: 0.9396135265700484.
2025-02-02 17:07:41,524 - INFO - Trial 117 finished with value: 0.8246753246753247 and parameters: {'max_depth': 16, 'min_samples_split': 10, 'min_samples_leaf': 2, 'class_weight': 'balanced'}. Best is trial 49 with value: 0.9396135265700484.
2025-02-02 17:07:41,546 - INFO - Trial 118 finished with value: 0.8188405797101449 and parameters: {'max_depth': 18, 'min_samples_split': 4, 'min_samples_leaf': 2, 'class_weight': None}. Best is trial 49 with value: 0.9396135265700484.
2025-02-02 17:07:41,570 - INFO - Trial 119 finished with value: 0.7912280701754386 and parameters: {'max_depth': 15, 'min_samples_split': 5, 'min_samples_leaf': 2, 'class_weight': None}. Best is trial 49 with value: 0.9396135265700484.
2025-02-02 17:07:41,591 - INFO - Trial 120 finished with value: 0.9396135265700484 and parameters: {'max_depth': 16, 'min_samples_split': 6, 'min_samples_leaf': 2, 'class_weight': None}. Best is trial 49 with value: 0.9396135265700484.
2025-02-02 17:07:41,611 - INFO - Trial 121 finished with value: 0.8188405797101449 and parameters: {'max_depth': 16, 'min_samples_split': 7, 'min_samples_leaf': 2, 'class_weight': None}. Best is trial 49 with value: 0.9396135265700484.
2025-02-02 17:07:41,633 - INFO - Trial 122 finished with value: 0.8818181818181818 and parameters: {'max_depth': 17, 'min_samples_split': 6, 'min_samples_leaf': 2, 'class_weight': None}. Best is trial 49 with value: 0.9396135265700484.
