2024-11-26 15:58:42,117 - INFO - Trial 99 finished with value: 1.0 and parameters: {'n_estimators': 130, 'max_depth': 12, 'learning_rate': 0.06278492612981183, 'subsample': 0.767930563888398, 'colsample_bytree': 0.9020939722889809, 'scale_pos_weight': 0.8388086599229019}. Best is trial 0 with value: 1.0.
2024-12-10 14:13:44,371 - INFO - A new study created in memory with name: no-name-7be9a3a3-b09b-48e7-ab55-5c0058ca9a4a
2024-12-10 14:13:44,637 - INFO - Trial 0 finished with value: 0.99013357619915 and parameters: {'n_estimators': 83, 'max_depth': 3, 'min_samples_split': 10, 'min_samples_leaf': 4, 'class_weight': None}. Best is trial 0 with value: 0.99013357619915.
2024-12-10 14:13:45,113 - INFO - Trial 1 finished with value: 1.0 and parameters: {'n_estimators': 240, 'max_depth': 17, 'min_samples_split': 10, 'min_samples_leaf': 2, 'class_weight': 'balanced'}. Best is trial 1 with value: 1.0.
2024-12-10 14:13:45,636 - INFO - Trial 2 finished with value: 1.0 and parameters: {'n_estimators': 235, 'max_depth': 20, 'min_samples_split': 4, 'min_samples_leaf': 1, 'class_weight': 'balanced'}. Best is trial 1 with value: 1.0.
2024-12-10 14:13:45,746 - INFO - Trial 3 finished with value: 1.0 and parameters: {'n_estimators': 50, 'max_depth': 15, 'min_samples_split': 5, 'min_samples_leaf': 3, 'class_weight': None}. Best is trial 1 with value: 1.0.
2024-12-10 14:13:46,050 - INFO - Trial 4 finished with value: 0.99013357619915 and parameters: {'n_estimators': 180, 'max_depth': 3, 'min_samples_split': 2, 'min_samples_leaf': 4, 'class_weight': None}. Best is trial 1 with value: 1.0.
2024-12-10 14:13:46,582 - INFO - Trial 5 finished with value: 0.99013357619915 and parameters: {'n_estimators': 294, 'max_depth': 6, 'min_samples_split': 10, 'min_samples_leaf': 1, 'class_weight': None}. Best is trial 1 with value: 1.0.
2024-12-10 14:13:47,111 - INFO - Trial 6 finished with value: 0.99013357619915 and parameters: {'n_estimators': 274, 'max_depth': 8, 'min_samples_split': 6, 'min_samples_leaf': 2, 'class_weight': None}. Best is trial 1 with value: 1.0.
2024-12-10 14:13:47,591 - INFO - Trial 7 finished with value: 1.0 and parameters: {'n_estimators': 255, 'max_depth': 15, 'min_samples_split': 10, 'min_samples_leaf': 4, 'class_weight': 'balanced'}. Best is trial 1 with value: 1.0.
2024-12-10 14:13:48,078 - INFO - Trial 8 finished with value: 0.99013357619915 and parameters: {'n_estimators': 294, 'max_depth': 3, 'min_samples_split': 5, 'min_samples_leaf': 2, 'class_weight': None}. Best is trial 1 with value: 1.0.
2024-12-10 14:13:48,434 - INFO - Trial 9 finished with value: 0.9949377571191965 and parameters: {'n_estimators': 182, 'max_depth': 10, 'min_samples_split': 7, 'min_samples_leaf': 3, 'class_weight': None}. Best is trial 1 with value: 1.0.
2024-12-10 14:13:48,862 - INFO - Trial 10 finished with value: 1.0 and parameters: {'n_estimators': 216, 'max_depth': 18, 'min_samples_split': 8, 'min_samples_leaf': 2, 'class_weight': 'balanced'}. Best is trial 1 with value: 1.0.
2024-12-10 14:13:49,319 - INFO - Trial 11 finished with value: 1.0 and parameters: {'n_estimators': 229, 'max_depth': 20, 'min_samples_split': 3, 'min_samples_leaf': 1, 'class_weight': 'balanced'}. Best is trial 1 with value: 1.0.
2024-12-10 14:13:49,590 - INFO - Trial 12 finished with value: 1.0 and parameters: {'n_estimators': 125, 'max_depth': 16, 'min_samples_split': 4, 'min_samples_leaf': 1, 'class_weight': 'balanced'}. Best is trial 1 with value: 1.0.
2024-12-10 14:13:50,042 - INFO - Trial 13 finished with value: 1.0 and parameters: {'n_estimators': 226, 'max_depth': 20, 'min_samples_split': 8, 'min_samples_leaf': 1, 'class_weight': 'balanced'}. Best is trial 1 with value: 1.0.
2024-12-10 14:13:50,329 - INFO - Trial 14 finished with value: 1.0 and parameters: {'n_estimators': 138, 'max_depth': 13, 'min_samples_split': 2, 'min_samples_leaf': 2, 'class_weight': 'balanced'}. Best is trial 1 with value: 1.0.
2024-12-10 14:13:50,860 - INFO - Trial 15 finished with value: 1.0 and parameters: {'n_estimators': 248, 'max_depth': 18, 'min_samples_split': 4, 'min_samples_leaf': 3, 'class_weight': 'balanced'}. Best is trial 1 with value: 1.0.
2024-12-10 14:13:51,287 - INFO - Trial 16 finished with value: 1.0 and parameters: {'n_estimators': 201, 'max_depth': 12, 'min_samples_split': 8, 'min_samples_leaf': 1, 'class_weight': 'balanced'}. Best is trial 1 with value: 1.0.
2024-12-10 14:13:51,591 - INFO - Trial 17 finished with value: 1.0 and parameters: {'n_estimators': 148, 'max_depth': 18, 'min_samples_split': 6, 'min_samples_leaf': 2, 'class_weight': 'balanced'}. Best is trial 1 with value: 1.0.
2024-12-10 14:13:52,106 - INFO - Trial 18 finished with value: 0.9946251129177958 and parameters: {'n_estimators': 256, 'max_depth': 17, 'min_samples_split': 9, 'min_samples_leaf': 1, 'class_weight': 'balanced'}. Best is trial 1 with value: 1.0.
2024-12-10 14:13:52,499 - INFO - Trial 19 finished with value: 1.0 and parameters: {'n_estimators': 199, 'max_depth': 20, 'min_samples_split': 4, 'min_samples_leaf': 2, 'class_weight': 'balanced'}. Best is trial 1 with value: 1.0.
2024-12-10 14:13:52,828 - INFO - Trial 20 finished with value: 1.0 and parameters: {'n_estimators': 163, 'max_depth': 14, 'min_samples_split': 6, 'min_samples_leaf': 3, 'class_weight': 'balanced'}. Best is trial 1 with value: 1.0.
2024-12-10 14:13:52,979 - INFO - Trial 21 finished with value: 1.0 and parameters: {'n_estimators': 63, 'max_depth': 16, 'min_samples_split': 5, 'min_samples_leaf': 3, 'class_weight': None}. Best is trial 1 with value: 1.0.
2024-12-10 14:13:53,202 - INFO - Trial 22 finished with value: 1.0 and parameters: {'n_estimators': 97, 'max_depth': 14, 'min_samples_split': 5, 'min_samples_leaf': 3, 'class_weight': None}. Best is trial 1 with value: 1.0.
2024-12-10 14:13:53,442 - INFO - Trial 23 finished with value: 1.0 and parameters: {'n_estimators': 116, 'max_depth': 18, 'min_samples_split': 3, 'min_samples_leaf': 3, 'class_weight': None}. Best is trial 1 with value: 1.0.
2024-12-10 14:13:53,917 - INFO - Trial 24 finished with value: 1.0 and parameters: {'n_estimators': 239, 'max_depth': 10, 'min_samples_split': 7, 'min_samples_leaf': 2, 'class_weight': 'balanced'}. Best is trial 1 with value: 1.0.
2024-12-10 14:13:54,453 - INFO - Trial 25 finished with value: 1.0 and parameters: {'n_estimators': 272, 'max_depth': 16, 'min_samples_split': 3, 'min_samples_leaf': 3, 'class_weight': 'balanced'}. Best is trial 1 with value: 1.0.
2024-12-10 14:13:54,584 - INFO - Trial 26 finished with value: 1.0 and parameters: {'n_estimators': 53, 'max_depth': 19, 'min_samples_split': 5, 'min_samples_leaf': 2, 'class_weight': None}. Best is trial 1 with value: 1.0.
2024-12-10 14:13:55,000 - INFO - Trial 27 finished with value: 1.0 and parameters: {'n_estimators': 206, 'max_depth': 15, 'min_samples_split': 7, 'min_samples_leaf': 1, 'class_weight': 'balanced'}. Best is trial 1 with value: 1.0.
2024-12-10 14:13:55,332 - INFO - Trial 28 finished with value: 1.0 and parameters: {'n_estimators': 167, 'max_depth': 17, 'min_samples_split': 4, 'min_samples_leaf': 4, 'class_weight': None}. Best is trial 1 with value: 1.0.
2024-12-10 14:13:55,557 - INFO - Trial 29 finished with value: 0.9949377571191965 and parameters: {'n_estimators': 100, 'max_depth': 11, 'min_samples_split': 9, 'min_samples_leaf': 4, 'class_weight': None}. Best is trial 1 with value: 1.0.
2024-12-10 14:13:56,084 - INFO - Trial 30 finished with value: 1.0 and parameters: {'n_estimators': 271, 'max_depth': 13, 'min_samples_split': 5, 'min_samples_leaf': 2, 'class_weight': 'balanced'}. Best is trial 1 with value: 1.0.
2024-12-10 14:13:56,594 - INFO - Trial 31 finished with value: 1.0 and parameters: {'n_estimators': 262, 'max_depth': 15, 'min_samples_split': 10, 'min_samples_leaf': 4, 'class_weight': 'balanced'}. Best is trial 1 with value: 1.0.
2024-12-10 14:13:57,066 - INFO - Trial 32 finished with value: 1.0 and parameters: {'n_estimators': 239, 'max_depth': 15, 'min_samples_split': 9, 'min_samples_leaf': 4, 'class_weight': 'balanced'}. Best is trial 1 with value: 1.0.
2024-12-10 14:13:57,448 - INFO - Trial 33 finished with value: 1.0 and parameters: {'n_estimators': 186, 'max_depth': 19, 'min_samples_split': 10, 'min_samples_leaf': 4, 'class_weight': 'balanced'}. Best is trial 1 with value: 1.0.
2024-12-10 14:13:57,998 - INFO - Trial 34 finished with value: 1.0 and parameters: {'n_estimators': 281, 'max_depth': 17, 'min_samples_split': 10, 'min_samples_leaf': 4, 'class_weight': 'balanced'}. Best is trial 1 with value: 1.0.
2024-12-10 14:13:58,586 - INFO - Trial 35 finished with value: 1.0 and parameters: {'n_estimators': 297, 'max_depth': 19, 'min_samples_split': 9, 'min_samples_leaf': 3, 'class_weight': None}. Best is trial 1 with value: 1.0.
2024-12-10 14:13:59,074 - INFO - Trial 36 finished with value: 0.99013357619915 and parameters: {'n_estimators': 251, 'max_depth': 7, 'min_samples_split': 6, 'min_samples_leaf': 4, 'class_weight': None}. Best is trial 1 with value: 1.0.
2024-12-10 14:13:59,508 - INFO - Trial 37 finished with value: 1.0 and parameters: {'n_estimators': 215, 'max_depth': 14, 'min_samples_split': 10, 'min_samples_leaf': 3, 'class_weight': 'balanced'}. Best is trial 1 with value: 1.0.
2024-12-10 14:13:59,670 - INFO - Trial 38 finished with value: 0.99013357619915 and parameters: {'n_estimators': 72, 'max_depth': 4, 'min_samples_split': 2, 'min_samples_leaf': 1, 'class_weight': None}. Best is trial 1 with value: 1.0.
2024-12-10 14:14:00,159 - INFO - Trial 39 finished with value: 1.0 and parameters: {'n_estimators': 227, 'max_depth': 12, 'min_samples_split': 8, 'min_samples_leaf': 2, 'class_weight': 'balanced'}. Best is trial 1 with value: 1.0.
2024-12-10 14:14:00,552 - INFO - Trial 40 finished with value: 0.9946251129177958 and parameters: {'n_estimators': 188, 'max_depth': 16, 'min_samples_split': 3, 'min_samples_leaf': 1, 'class_weight': 'balanced'}. Best is trial 1 with value: 1.0.
2024-12-10 14:14:00,992 - INFO - Trial 41 finished with value: 1.0 and parameters: {'n_estimators': 217, 'max_depth': 18, 'min_samples_split': 8, 'min_samples_leaf': 2, 'class_weight': 'balanced'}. Best is trial 1 with value: 1.0.
2024-12-10 14:14:01,475 - INFO - Trial 42 finished with value: 1.0 and parameters: {'n_estimators': 238, 'max_depth': 19, 'min_samples_split': 9, 'min_samples_leaf': 2, 'class_weight': 'balanced'}. Best is trial 1 with value: 1.0.
2024-12-10 14:14:01,904 - INFO - Trial 43 finished with value: 1.0 and parameters: {'n_estimators': 214, 'max_depth': 17, 'min_samples_split': 10, 'min_samples_leaf': 2, 'class_weight': 'balanced'}. Best is trial 1 with value: 1.0.
2024-12-10 14:14:02,466 - INFO - Trial 44 finished with value: 1.0 and parameters: {'n_estimators': 280, 'max_depth': 20, 'min_samples_split': 7, 'min_samples_leaf': 2, 'class_weight': 'balanced'}. Best is trial 1 with value: 1.0.
2024-12-10 14:14:02,986 - INFO - Trial 45 finished with value: 1.0 and parameters: {'n_estimators': 261, 'max_depth': 16, 'min_samples_split': 4, 'min_samples_leaf': 1, 'class_weight': 'balanced'}. Best is trial 1 with value: 1.0.
2024-12-10 14:14:03,452 - INFO - Trial 46 finished with value: 1.0 and parameters: {'n_estimators': 233, 'max_depth': 18, 'min_samples_split': 6, 'min_samples_leaf': 3, 'class_weight': 'balanced'}. Best is trial 1 with value: 1.0.
2024-12-10 14:14:03,944 - INFO - Trial 47 finished with value: 1.0 and parameters: {'n_estimators': 247, 'max_depth': 13, 'min_samples_split': 8, 'min_samples_leaf': 2, 'class_weight': 'balanced'}. Best is trial 1 with value: 1.0.
2024-12-10 14:14:04,340 - INFO - Trial 48 finished with value: 1.0 and parameters: {'n_estimators': 193, 'max_depth': 20, 'min_samples_split': 9, 'min_samples_leaf': 1, 'class_weight': None}. Best is trial 1 with value: 1.0.
2024-12-10 14:14:04,647 - INFO - Trial 49 finished with value: 1.0 and parameters: {'n_estimators': 150, 'max_depth': 15, 'min_samples_split': 5, 'min_samples_leaf': 3, 'class_weight': 'balanced'}. Best is trial 1 with value: 1.0.
2024-12-10 14:14:05,069 - INFO - Trial 50 finished with value: 1.0 and parameters: {'n_estimators': 205, 'max_depth': 17, 'min_samples_split': 9, 'min_samples_leaf': 2, 'class_weight': 'balanced'}. Best is trial 1 with value: 1.0.
2024-12-10 14:14:05,551 - INFO - Trial 51 finished with value: 0.9946251129177958 and parameters: {'n_estimators': 228, 'max_depth': 20, 'min_samples_split': 3, 'min_samples_leaf': 1, 'class_weight': 'balanced'}. Best is trial 1 with value: 1.0.
2024-12-10 14:14:06,015 - INFO - Trial 52 finished with value: 1.0 and parameters: {'n_estimators': 222, 'max_depth': 19, 'min_samples_split': 4, 'min_samples_leaf': 1, 'class_weight': 'balanced'}. Best is trial 1 with value: 1.0.
2024-12-10 14:14:06,522 - INFO - Trial 53 finished with value: 1.0 and parameters: {'n_estimators': 246, 'max_depth': 18, 'min_samples_split': 4, 'min_samples_leaf': 1, 'class_weight': 'balanced'}. Best is trial 1 with value: 1.0.
2024-12-10 14:14:06,950 - INFO - Trial 54 finished with value: 1.0 and parameters: {'n_estimators': 211, 'max_depth': 20, 'min_samples_split': 10, 'min_samples_leaf': 1, 'class_weight': 'balanced'}. Best is trial 1 with value: 1.0.
2024-12-10 14:14:07,314 - INFO - Trial 55 finished with value: 1.0 and parameters: {'n_estimators': 171, 'max_depth': 18, 'min_samples_split': 2, 'min_samples_leaf': 2, 'class_weight': None}. Best is trial 1 with value: 1.0.
2024-12-10 14:14:07,865 - INFO - Trial 56 finished with value: 1.0 and parameters: {'n_estimators': 256, 'max_depth': 19, 'min_samples_split': 3, 'min_samples_leaf': 1, 'class_weight': 'balanced'}. Best is trial 1 with value: 1.0.
2024-12-10 14:14:08,257 - INFO - Trial 57 finished with value: 0.99013357619915 and parameters: {'n_estimators': 196, 'max_depth': 9, 'min_samples_split': 4, 'min_samples_leaf': 3, 'class_weight': 'balanced'}. Best is trial 1 with value: 1.0.
2024-12-10 14:14:08,787 - INFO - Trial 58 finished with value: 1.0 and parameters: {'n_estimators': 266, 'max_depth': 16, 'min_samples_split': 5, 'min_samples_leaf': 2, 'class_weight': None}. Best is trial 1 with value: 1.0.
2024-12-10 14:14:09,051 - INFO - Trial 59 finished with value: 1.0 and parameters: {'n_estimators': 127, 'max_depth': 17, 'min_samples_split': 6, 'min_samples_leaf': 1, 'class_weight': 'balanced'}. Best is trial 1 with value: 1.0.
2024-12-10 14:14:09,550 - INFO - Trial 60 finished with value: 1.0 and parameters: {'n_estimators': 237, 'max_depth': 14, 'min_samples_split': 7, 'min_samples_leaf': 3, 'class_weight': 'balanced'}. Best is trial 1 with value: 1.0.
2024-12-10 14:14:09,725 - INFO - Trial 61 finished with value: 0.9946251129177958 and parameters: {'n_estimators': 75, 'max_depth': 16, 'min_samples_split': 4, 'min_samples_leaf': 1, 'class_weight': 'balanced'}. Best is trial 1 with value: 1.0.
2024-12-10 14:14:10,295 - INFO - Trial 62 finished with value: 1.0 and parameters: {'n_estimators': 287, 'max_depth': 15, 'min_samples_split': 5, 'min_samples_leaf': 1, 'class_weight': 'balanced'}. Best is trial 1 with value: 1.0.
2024-12-10 14:14:10,545 - INFO - Trial 63 finished with value: 1.0 and parameters: {'n_estimators': 112, 'max_depth': 18, 'min_samples_split': 3, 'min_samples_leaf': 1, 'class_weight': 'balanced'}. Best is trial 1 with value: 1.0.
2024-12-10 14:14:10,853 - INFO - Trial 64 finished with value: 0.9946251129177958 and parameters: {'n_estimators': 142, 'max_depth': 17, 'min_samples_split': 4, 'min_samples_leaf': 1, 'class_weight': 'balanced'}. Best is trial 1 with value: 1.0.
2024-12-10 14:14:10,983 - INFO - Trial 65 finished with value: 1.0 and parameters: {'n_estimators': 50, 'max_depth': 19, 'min_samples_split': 3, 'min_samples_leaf': 2, 'class_weight': None}. Best is trial 1 with value: 1.0.
2024-12-10 14:14:11,191 - INFO - Trial 66 finished with value: 1.0 and parameters: {'n_estimators': 92, 'max_depth': 14, 'min_samples_split': 8, 'min_samples_leaf': 1, 'class_weight': 'balanced'}. Best is trial 1 with value: 1.0.
2024-12-10 14:14:11,707 - INFO - Trial 67 finished with value: 1.0 and parameters: {'n_estimators': 251, 'max_depth': 13, 'min_samples_split': 6, 'min_samples_leaf': 4, 'class_weight': 'balanced'}. Best is trial 1 with value: 1.0.
2024-12-10 14:14:12,080 - INFO - Trial 68 finished with value: 1.0 and parameters: {'n_estimators': 180, 'max_depth': 15, 'min_samples_split': 5, 'min_samples_leaf': 3, 'class_weight': None}. Best is trial 1 with value: 1.0.
2024-12-10 14:14:12,417 - INFO - Trial 69 finished with value: 1.0 and parameters: {'n_estimators': 157, 'max_depth': 16, 'min_samples_split': 3, 'min_samples_leaf': 2, 'class_weight': 'balanced'}. Best is trial 1 with value: 1.0.
2024-12-10 14:14:12,856 - INFO - Trial 70 finished with value: 0.9949377571191965 and parameters: {'n_estimators': 224, 'max_depth': 11, 'min_samples_split': 10, 'min_samples_leaf': 4, 'class_weight': 'balanced'}. Best is trial 1 with value: 1.0.
2024-12-10 14:14:13,300 - INFO - Trial 71 finished with value: 1.0 and parameters: {'n_estimators': 220, 'max_depth': 20, 'min_samples_split': 9, 'min_samples_leaf': 1, 'class_weight': 'balanced'}. Best is trial 1 with value: 1.0.
2024-12-10 14:14:13,768 - INFO - Trial 72 finished with value: 1.0 and parameters: {'n_estimators': 233, 'max_depth': 20, 'min_samples_split': 8, 'min_samples_leaf': 1, 'class_weight': 'balanced'}. Best is trial 1 with value: 1.0.
2024-12-10 14:14:14,249 - INFO - Trial 73 finished with value: 1.0 and parameters: {'n_estimators': 243, 'max_depth': 19, 'min_samples_split': 2, 'min_samples_leaf': 1, 'class_weight': 'balanced'}. Best is trial 1 with value: 1.0.
2024-12-10 14:14:14,672 - INFO - Trial 74 finished with value: 1.0 and parameters: {'n_estimators': 206, 'max_depth': 17, 'min_samples_split': 5, 'min_samples_leaf': 1, 'class_weight': 'balanced'}. Best is trial 1 with value: 1.0.
2024-12-10 14:14:15,190 - INFO - Trial 75 finished with value: 1.0 and parameters: {'n_estimators': 258, 'max_depth': 18, 'min_samples_split': 7, 'min_samples_leaf': 1, 'class_weight': 'balanced'}. Best is trial 1 with value: 1.0.
2024-12-10 14:14:15,651 - INFO - Trial 76 finished with value: 1.0 and parameters: {'n_estimators': 230, 'max_depth': 19, 'min_samples_split': 10, 'min_samples_leaf': 2, 'class_weight': None}. Best is trial 1 with value: 1.0.
2024-12-10 14:14:15,900 - INFO - Trial 77 finished with value: 0.9946251129177958 and parameters: {'n_estimators': 111, 'max_depth': 20, 'min_samples_split': 4, 'min_samples_leaf': 1, 'class_weight': 'balanced'}. Best is trial 1 with value: 1.0.
2024-12-10 14:14:16,167 - INFO - Trial 78 finished with value: 1.0 and parameters: {'n_estimators': 126, 'max_depth': 18, 'min_samples_split': 10, 'min_samples_leaf': 3, 'class_weight': 'balanced'}. Best is trial 1 with value: 1.0.
2024-12-10 14:14:16,321 - INFO - Trial 79 finished with value: 1.0 and parameters: {'n_estimators': 63, 'max_depth': 16, 'min_samples_split': 9, 'min_samples_leaf': 2, 'class_weight': 'balanced'}. Best is trial 1 with value: 1.0.
2024-12-10 14:14:16,862 - INFO - Trial 80 finished with value: 0.9946251129177958 and parameters: {'n_estimators': 273, 'max_depth': 19, 'min_samples_split': 6, 'min_samples_leaf': 1, 'class_weight': None}. Best is trial 1 with value: 1.0.
2024-12-10 14:14:17,152 - INFO - Trial 81 finished with value: 1.0 and parameters: {'n_estimators': 142, 'max_depth': 13, 'min_samples_split': 2, 'min_samples_leaf': 2, 'class_weight': 'balanced'}. Best is trial 1 with value: 1.0.
2024-12-10 14:14:17,352 - INFO - Trial 82 finished with value: 1.0 and parameters: {'n_estimators': 85, 'max_depth': 14, 'min_samples_split': 2, 'min_samples_leaf': 2, 'class_weight': 'balanced'}. Best is trial 1 with value: 1.0.
2024-12-10 14:14:17,840 - INFO - Trial 83 finished with value: 1.0 and parameters: {'n_estimators': 243, 'max_depth': 12, 'min_samples_split': 3, 'min_samples_leaf': 2, 'class_weight': 'balanced'}. Best is trial 1 with value: 1.0.
2024-12-10 14:14:18,125 - INFO - Trial 84 finished with value: 1.0 and parameters: {'n_estimators': 131, 'max_depth': 15, 'min_samples_split': 4, 'min_samples_leaf': 2, 'class_weight': 'balanced'}. Best is trial 1 with value: 1.0.
2024-12-10 14:14:18,639 - INFO - Trial 85 finished with value: 1.0 and parameters: {'n_estimators': 267, 'max_depth': 17, 'min_samples_split': 3, 'min_samples_leaf': 4, 'class_weight': 'balanced'}. Best is trial 1 with value: 1.0.
2024-12-10 14:14:18,874 - INFO - Trial 86 finished with value: 1.0 and parameters: {'n_estimators': 105, 'max_depth': 15, 'min_samples_split': 9, 'min_samples_leaf': 3, 'class_weight': 'balanced'}. Best is trial 1 with value: 1.0.
2024-12-10 14:14:19,308 - INFO - Trial 87 finished with value: 1.0 and parameters: {'n_estimators': 213, 'max_depth': 20, 'min_samples_split': 7, 'min_samples_leaf': 2, 'class_weight': 'balanced'}. Best is trial 1 with value: 1.0.
2024-12-10 14:14:19,833 - INFO - Trial 88 finished with value: 1.0 and parameters: {'n_estimators': 253, 'max_depth': 17, 'min_samples_split': 2, 'min_samples_leaf': 1, 'class_weight': 'balanced'}. Best is trial 1 with value: 1.0.
2024-12-10 14:14:20,242 - INFO - Trial 89 finished with value: 1.0 and parameters: {'n_estimators': 200, 'max_depth': 12, 'min_samples_split': 4, 'min_samples_leaf': 2, 'class_weight': None}. Best is trial 1 with value: 1.0.
2024-12-10 14:14:20,721 - INFO - Trial 90 finished with value: 1.0 and parameters: {'n_estimators': 237, 'max_depth': 16, 'min_samples_split': 10, 'min_samples_leaf': 1, 'class_weight': 'balanced'}. Best is trial 1 with value: 1.0.
2024-12-10 14:14:21,191 - INFO - Trial 91 finished with value: 1.0 and parameters: {'n_estimators': 226, 'max_depth': 18, 'min_samples_split': 5, 'min_samples_leaf': 3, 'class_weight': 'balanced'}. Best is trial 1 with value: 1.0.
