2025-02-02 17:08:20,272 - INFO - Trial 226 finished with value: 0.8125 and parameters: {'n_estimators': 106, 'max_depth': 12, 'learning_rate': 0.17454529571759247, 'subsample': 0.7110673635572908}. Best is trial 84 with value: 0.9080100125156445.
2025-02-02 17:08:20,326 - INFO - Trial 227 finished with value: 0.8125 and parameters: {'n_estimators': 87, 'max_depth': 13, 'learning_rate': 0.1870408213274519, 'subsample': 0.632516492782823}. Best is trial 84 with value: 0.9080100125156445.
2025-02-02 17:08:20,383 - INFO - Trial 228 finished with value: 0.875 and parameters: {'n_estimators': 100, 'max_depth': 8, 'learning_rate': 0.18443165851273688, 'subsample': 0.662390590599218}. Best is trial 84 with value: 0.9080100125156445.
2025-02-02 17:08:20,442 - INFO - Trial 229 finished with value: 0.8401360544217686 and parameters: {'n_estimators': 115, 'max_depth': 14, 'learning_rate': 0.19266573462968534, 'subsample': 0.7250829351126541}. Best is trial 84 with value: 0.9080100125156445.
2025-02-02 17:08:20,490 - INFO - Trial 230 finished with value: 0.8125 and parameters: {'n_estimators': 73, 'max_depth': 7, 'learning_rate': 0.19596366881772254, 'subsample': 0.7664365070255218}. Best is trial 84 with value: 0.9080100125156445.
2025-02-02 17:08:20,540 - INFO - Trial 231 finished with value: 0.7853566958698374 and parameters: {'n_estimators': 92, 'max_depth': 14, 'learning_rate': 0.12717931399302781, 'subsample': 0.746974643373271}. Best is trial 84 with value: 0.9080100125156445.
2025-02-02 17:08:20,588 - INFO - Trial 232 finished with value: 0.875 and parameters: {'n_estimators': 81, 'max_depth': 14, 'learning_rate': 0.1920669149233451, 'subsample': 0.7444612352716601}. Best is trial 84 with value: 0.9080100125156445.
2025-02-02 17:08:20,641 - INFO - Trial 233 finished with value: 0.875 and parameters: {'n_estimators': 90, 'max_depth': 15, 'learning_rate': 0.18777482403402396, 'subsample': 0.7332575596751381}. Best is trial 84 with value: 0.9080100125156445.
2025-02-02 17:08:20,692 - INFO - Trial 234 finished with value: 0.875 and parameters: {'n_estimators': 95, 'max_depth': 13, 'learning_rate': 0.19292223198162917, 'subsample': 0.738041497212625}. Best is trial 84 with value: 0.9080100125156445.
2025-02-02 17:08:20,740 - INFO - Trial 235 finished with value: 0.875 and parameters: {'n_estimators': 82, 'max_depth': 15, 'learning_rate': 0.16927919469728991, 'subsample': 0.7584138572846822}. Best is trial 84 with value: 0.9080100125156445.
2025-02-02 17:08:20,789 - INFO - Trial 236 finished with value: 0.846683354192741 and parameters: {'n_estimators': 90, 'max_depth': 3, 'learning_rate': 0.18951695187904805, 'subsample': 0.7505757920256703}. Best is trial 84 with value: 0.9080100125156445.
2025-02-02 17:08:20,840 - INFO - Trial 237 finished with value: 0.8125 and parameters: {'n_estimators': 100, 'max_depth': 14, 'learning_rate': 0.16128509013467268, 'subsample': 0.7224700300759862}. Best is trial 84 with value: 0.9080100125156445.
2025-02-02 17:08:20,888 - INFO - Trial 238 finished with value: 0.846683354192741 and parameters: {'n_estimators': 86, 'max_depth': 12, 'learning_rate': 0.19780089629905334, 'subsample': 0.7409956048313591}. Best is trial 84 with value: 0.9080100125156445.
2025-02-02 17:08:20,966 - INFO - Trial 239 finished with value: 0.846683354192741 and parameters: {'n_estimators': 263, 'max_depth': 10, 'learning_rate': 0.18380312151487468, 'subsample': 0.7024720466724199}. Best is trial 84 with value: 0.9080100125156445.
2025-02-02 17:08:21,014 - INFO - Trial 240 finished with value: 0.8125 and parameters: {'n_estimators': 77, 'max_depth': 11, 'learning_rate': 0.1743861469385134, 'subsample': 0.6447315895382446}. Best is trial 84 with value: 0.9080100125156445.
2025-02-02 17:08:21,063 - INFO - Trial 241 finished with value: 0.875 and parameters: {'n_estimators': 90, 'max_depth': 13, 'learning_rate': 0.1931535634852847, 'subsample': 0.7291440195940169}. Best is trial 84 with value: 0.9080100125156445.
2025-02-02 17:08:21,112 - INFO - Trial 242 finished with value: 0.875 and parameters: {'n_estimators': 94, 'max_depth': 13, 'learning_rate': 0.19473468503282407, 'subsample': 0.7322225553993449}. Best is trial 84 with value: 0.9080100125156445.
2025-02-02 17:08:21,166 - INFO - Trial 243 finished with value: 0.8401360544217686 and parameters: {'n_estimators': 83, 'max_depth': 12, 'learning_rate': 0.18958505601600764, 'subsample': 0.7169775871672839}. Best is trial 84 with value: 0.9080100125156445.
2025-02-02 17:08:21,217 - INFO - Trial 244 finished with value: 0.8401360544217686 and parameters: {'n_estimators': 88, 'max_depth': 13, 'learning_rate': 0.18722880457616894, 'subsample': 0.7390663874578263}. Best is trial 84 with value: 0.9080100125156445.
2025-02-02 17:08:21,268 - INFO - Trial 245 finished with value: 0.846683354192741 and parameters: {'n_estimators': 98, 'max_depth': 13, 'learning_rate': 0.19963520448896357, 'subsample': 0.7272390456180158}. Best is trial 84 with value: 0.9080100125156445.
2025-02-02 17:08:21,324 - INFO - Trial 246 finished with value: 0.875 and parameters: {'n_estimators': 107, 'max_depth': 12, 'learning_rate': 0.19403307200891706, 'subsample': 0.7526047659886499}. Best is trial 84 with value: 0.9080100125156445.
2025-02-02 17:08:21,376 - INFO - Trial 247 finished with value: 0.8792270531400965 and parameters: {'n_estimators': 84, 'max_depth': 14, 'learning_rate': 0.18102223675767234, 'subsample': 0.7455162370977627}. Best is trial 84 with value: 0.9080100125156445.
2025-02-02 17:08:21,428 - INFO - Trial 248 finished with value: 0.8125 and parameters: {'n_estimators': 84, 'max_depth': 14, 'learning_rate': 0.17849898258684108, 'subsample': 0.7666669781098283}. Best is trial 84 with value: 0.9080100125156445.
2025-02-02 17:08:21,482 - INFO - Trial 249 finished with value: 0.8125 and parameters: {'n_estimators': 79, 'max_depth': 14, 'learning_rate': 0.18199268230201515, 'subsample': 0.7797137082828596}. Best is trial 84 with value: 0.9080100125156445.
2025-02-02 17:08:21,538 - INFO - Trial 250 finished with value: 0.846683354192741 and parameters: {'n_estimators': 96, 'max_depth': 15, 'learning_rate': 0.17755517894213424, 'subsample': 0.6719607828439897}. Best is trial 84 with value: 0.9080100125156445.
2025-02-02 17:08:21,589 - INFO - Trial 251 finished with value: 0.8125 and parameters: {'n_estimators': 85, 'max_depth': 14, 'learning_rate': 0.17380480553534586, 'subsample': 0.7463437671719456}. Best is trial 84 with value: 0.9080100125156445.
2025-02-02 17:08:21,643 - INFO - Trial 252 finished with value: 0.8125 and parameters: {'n_estimators': 103, 'max_depth': 8, 'learning_rate': 0.1844078023989946, 'subsample': 0.75794833836004}. Best is trial 84 with value: 0.9080100125156445.
2025-02-02 17:08:21,691 - INFO - Trial 253 finished with value: 0.8125 and parameters: {'n_estimators': 73, 'max_depth': 15, 'learning_rate': 0.1878367220695472, 'subsample': 0.6519247402391456}. Best is trial 84 with value: 0.9080100125156445.
2025-02-02 17:08:21,742 - INFO - Trial 254 finished with value: 0.7853566958698374 and parameters: {'n_estimators': 92, 'max_depth': 16, 'learning_rate': 0.18189123705564023, 'subsample': 0.972928267188051}. Best is trial 84 with value: 0.9080100125156445.
2025-02-02 17:08:21,808 - INFO - Trial 255 finished with value: 0.8125 and parameters: {'n_estimators': 185, 'max_depth': 11, 'learning_rate': 0.16763595952248153, 'subsample': 0.7429035316986676}. Best is trial 84 with value: 0.9080100125156445.
2025-02-02 17:08:21,864 - INFO - Trial 256 finished with value: 0.846683354192741 and parameters: {'n_estimators': 87, 'max_depth': 12, 'learning_rate': 0.19115236714927267, 'subsample': 0.6597130207193097}. Best is trial 84 with value: 0.9080100125156445.
2025-02-02 17:08:21,923 - INFO - Trial 257 finished with value: 0.7853566958698374 and parameters: {'n_estimators': 111, 'max_depth': 14, 'learning_rate': 0.18015426585890307, 'subsample': 0.7089621529800083}. Best is trial 84 with value: 0.9080100125156445.
2025-02-02 17:08:21,974 - INFO - Trial 258 finished with value: 0.875 and parameters: {'n_estimators': 82, 'max_depth': 9, 'learning_rate': 0.17222037464584733, 'subsample': 0.7324255372244831}. Best is trial 84 with value: 0.9080100125156445.
2025-02-02 17:08:22,034 - INFO - Trial 259 finished with value: 0.846683354192741 and parameters: {'n_estimators': 138, 'max_depth': 10, 'learning_rate': 0.18582537316577089, 'subsample': 0.7168634239257589}. Best is trial 84 with value: 0.9080100125156445.
2025-02-02 17:08:22,084 - INFO - Trial 260 finished with value: 0.846683354192741 and parameters: {'n_estimators': 78, 'max_depth': 12, 'learning_rate': 0.16397598838356534, 'subsample': 0.6876350061653539}. Best is trial 84 with value: 0.9080100125156445.
2025-02-02 17:08:22,139 - INFO - Trial 261 finished with value: 0.7853566958698374 and parameters: {'n_estimators': 96, 'max_depth': 14, 'learning_rate': 0.10754313449101827, 'subsample': 0.7526681949714179}. Best is trial 84 with value: 0.9080100125156445.
2025-02-02 17:08:22,192 - INFO - Trial 262 finished with value: 0.8125 and parameters: {'n_estimators': 91, 'max_depth': 10, 'learning_rate': 0.15256678299671345, 'subsample': 0.639326735637305}. Best is trial 84 with value: 0.9080100125156445.
2025-02-02 17:08:22,256 - INFO - Trial 263 finished with value: 0.846683354192741 and parameters: {'n_estimators': 153, 'max_depth': 15, 'learning_rate': 0.1764310252869067, 'subsample': 0.7371466714184538}. Best is trial 84 with value: 0.9080100125156445.
2025-02-02 17:08:22,311 - INFO - Trial 264 finished with value: 0.875 and parameters: {'n_estimators': 103, 'max_depth': 11, 'learning_rate': 0.19086461671470667, 'subsample': 0.7453762949688904}. Best is trial 84 with value: 0.9080100125156445.
2025-02-02 17:08:22,362 - INFO - Trial 265 finished with value: 0.8401360544217686 and parameters: {'n_estimators': 86, 'max_depth': 8, 'learning_rate': 0.18344239226865655, 'subsample': 0.7233369218601661}. Best is trial 84 with value: 0.9080100125156445.
2025-02-02 17:08:22,429 - INFO - Trial 266 finished with value: 0.846683354192741 and parameters: {'n_estimators': 202, 'max_depth': 12, 'learning_rate': 0.19544316552004784, 'subsample': 0.6253998973319287}. Best is trial 84 with value: 0.9080100125156445.
2025-02-02 17:08:22,481 - INFO - Trial 267 finished with value: 0.846683354192741 and parameters: {'n_estimators': 92, 'max_depth': 13, 'learning_rate': 0.1871847071503064, 'subsample': 0.6758241322091207}. Best is trial 84 with value: 0.9080100125156445.
2025-02-02 17:08:22,558 - INFO - Trial 268 finished with value: 0.8125 and parameters: {'n_estimators': 256, 'max_depth': 9, 'learning_rate': 0.18005833057393933, 'subsample': 0.7625912045853074}. Best is trial 84 with value: 0.9080100125156445.
2025-02-02 17:08:22,639 - INFO - Trial 269 finished with value: 0.846683354192741 and parameters: {'n_estimators': 247, 'max_depth': 12, 'learning_rate': 0.16834342261652252, 'subsample': 0.7246150039571231}. Best is trial 84 with value: 0.9080100125156445.
2025-02-02 17:08:22,692 - INFO - Trial 270 finished with value: 0.846683354192741 and parameters: {'n_estimators': 98, 'max_depth': 15, 'learning_rate': 0.19030657081214544, 'subsample': 0.658032835335867}. Best is trial 84 with value: 0.9080100125156445.
2025-02-02 17:08:22,766 - INFO - Trial 271 finished with value: 0.846683354192741 and parameters: {'n_estimators': 230, 'max_depth': 11, 'learning_rate': 0.15645488121740656, 'subsample': 0.7330800721837663}. Best is trial 84 with value: 0.9080100125156445.
2025-02-02 17:08:22,848 - INFO - Trial 272 finished with value: 0.846683354192741 and parameters: {'n_estimators': 276, 'max_depth': 14, 'learning_rate': 0.19525918398688222, 'subsample': 0.6995402936586845}. Best is trial 84 with value: 0.9080100125156445.
2025-02-02 17:08:22,919 - INFO - Trial 273 finished with value: 0.7853566958698374 and parameters: {'n_estimators': 190, 'max_depth': 13, 'learning_rate': 0.11550485521786658, 'subsample': 0.7122767138267292}. Best is trial 84 with value: 0.9080100125156445.
2025-02-02 17:08:22,966 - INFO - Trial 274 finished with value: 0.8125 and parameters: {'n_estimators': 68, 'max_depth': 12, 'learning_rate': 0.18434401565249195, 'subsample': 0.7435312377931367}. Best is trial 84 with value: 0.9080100125156445.
2025-02-02 17:08:23,014 - INFO - Trial 275 finished with value: 0.7853566958698374 and parameters: {'n_estimators': 76, 'max_depth': 16, 'learning_rate': 0.17679650553913198, 'subsample': 0.6674421589769621}. Best is trial 84 with value: 0.9080100125156445.
2025-02-02 17:08:23,066 - INFO - Trial 276 finished with value: 0.846683354192741 and parameters: {'n_estimators': 81, 'max_depth': 10, 'learning_rate': 0.18848054087803534, 'subsample': 0.7701006613860956}. Best is trial 84 with value: 0.9080100125156445.
2025-02-02 17:08:23,126 - INFO - Trial 277 finished with value: 0.7853566958698374 and parameters: {'n_estimators': 87, 'max_depth': 7, 'learning_rate': 0.17084471560739103, 'subsample': 0.9037671222566643}. Best is trial 84 with value: 0.9080100125156445.
2025-02-02 17:08:23,204 - INFO - Trial 278 finished with value: 0.7853566958698374 and parameters: {'n_estimators': 96, 'max_depth': 14, 'learning_rate': 0.14157323341127168, 'subsample': 0.7559861759573853}. Best is trial 84 with value: 0.9080100125156445.
2025-02-02 17:08:23,281 - INFO - Trial 279 finished with value: 0.846683354192741 and parameters: {'n_estimators': 169, 'max_depth': 9, 'learning_rate': 0.1928984684338306, 'subsample': 0.7257409733979142}. Best is trial 84 with value: 0.9080100125156445.
2025-02-02 17:08:23,366 - INFO - Trial 280 finished with value: 0.8125 and parameters: {'n_estimators': 222, 'max_depth': 12, 'learning_rate': 0.19746854548051723, 'subsample': 0.7373412868608821}. Best is trial 84 with value: 0.9080100125156445.
2025-02-02 17:08:23,423 - INFO - Trial 281 finished with value: 0.8125 and parameters: {'n_estimators': 90, 'max_depth': 11, 'learning_rate': 0.18202380334345267, 'subsample': 0.6414823957223497}. Best is trial 84 with value: 0.9080100125156445.
2025-02-02 17:08:23,478 - INFO - Trial 282 finished with value: 0.846683354192741 and parameters: {'n_estimators': 102, 'max_depth': 4, 'learning_rate': 0.1741234945805414, 'subsample': 0.7163780152100033}. Best is trial 84 with value: 0.9080100125156445.
2025-02-02 17:08:23,534 - INFO - Trial 283 finished with value: 0.846683354192741 and parameters: {'n_estimators': 83, 'max_depth': 13, 'learning_rate': 0.16044759259495087, 'subsample': 0.7513273745131024}. Best is trial 84 with value: 0.9080100125156445.
2025-02-02 17:08:23,591 - INFO - Trial 284 finished with value: 0.875 and parameters: {'n_estimators': 108, 'max_depth': 10, 'learning_rate': 0.1862106432129995, 'subsample': 0.6509299448099665}. Best is trial 84 with value: 0.9080100125156445.
2025-02-02 17:08:23,651 - INFO - Trial 285 finished with value: 0.7853566958698374 and parameters: {'n_estimators': 93, 'max_depth': 12, 'learning_rate': 0.08288020490152909, 'subsample': 0.6896605628786336}. Best is trial 84 with value: 0.9080100125156445.
2025-02-02 17:08:23,712 - INFO - Trial 286 finished with value: 0.8792270531400965 and parameters: {'n_estimators': 75, 'max_depth': 8, 'learning_rate': 0.1796679629318881, 'subsample': 0.7311195516469947}. Best is trial 84 with value: 0.9080100125156445.
2025-02-02 17:08:23,774 - INFO - Trial 287 finished with value: 0.8125 and parameters: {'n_estimators': 75, 'max_depth': 8, 'learning_rate': 0.17648763698549766, 'subsample': 0.7297496236514384}. Best is trial 84 with value: 0.9080100125156445.
2025-02-02 17:08:23,835 - INFO - Trial 288 finished with value: 0.8125 and parameters: {'n_estimators': 72, 'max_depth': 8, 'learning_rate': 0.18165793281092824, 'subsample': 0.7210471409904667}. Best is trial 84 with value: 0.9080100125156445.
2025-02-02 17:08:23,907 - INFO - Trial 289 finished with value: 0.7853566958698374 and parameters: {'n_estimators': 79, 'max_depth': 8, 'learning_rate': 0.14633289568127988, 'subsample': 0.7040076471940515}. Best is trial 84 with value: 0.9080100125156445.
2025-02-02 17:08:23,964 - INFO - Trial 290 finished with value: 0.8125 and parameters: {'n_estimators': 62, 'max_depth': 9, 'learning_rate': 0.17901152833768713, 'subsample': 0.6311182759721667}. Best is trial 84 with value: 0.9080100125156445.
2025-02-02 17:08:24,066 - INFO - Trial 291 finished with value: 0.846683354192741 and parameters: {'n_estimators': 214, 'max_depth': 8, 'learning_rate': 0.1651057550681438, 'subsample': 0.7353144530924747}. Best is trial 84 with value: 0.9080100125156445.
2025-02-02 17:08:24,139 - INFO - Trial 292 finished with value: 0.8125 and parameters: {'n_estimators': 125, 'max_depth': 11, 'learning_rate': 0.17185773881764446, 'subsample': 0.7087260820696467}. Best is trial 84 with value: 0.9080100125156445.
2025-02-02 17:08:24,241 - INFO - Trial 293 finished with value: 0.875 and parameters: {'n_estimators': 267, 'max_depth': 12, 'learning_rate': 0.18454566680284212, 'subsample': 0.7415170798952866}. Best is trial 84 with value: 0.9080100125156445.
2025-02-02 17:08:24,306 - INFO - Trial 294 finished with value: 0.8125 and parameters: {'n_estimators': 71, 'max_depth': 7, 'learning_rate': 0.1779737767419687, 'subsample': 0.7204121009516257}. Best is trial 84 with value: 0.9080100125156445.
2025-02-02 17:08:24,385 - INFO - Trial 295 finished with value: 0.846683354192741 and parameters: {'n_estimators': 240, 'max_depth': 9, 'learning_rate': 0.19990206371591412, 'subsample': 0.6632187979490043}. Best is trial 84 with value: 0.9080100125156445.
2025-02-02 17:08:24,438 - INFO - Trial 296 finished with value: 0.875 and parameters: {'n_estimators': 84, 'max_depth': 10, 'learning_rate': 0.18693487677803977, 'subsample': 0.6768341429649923}. Best is trial 84 with value: 0.9080100125156445.
2025-02-02 17:08:24,490 - INFO - Trial 297 finished with value: 0.875 and parameters: {'n_estimators': 79, 'max_depth': 8, 'learning_rate': 0.17413584919564676, 'subsample': 0.7269738094116243}. Best is trial 84 with value: 0.9080100125156445.
2025-02-02 17:08:24,543 - INFO - Trial 298 finished with value: 0.8188405797101449 and parameters: {'n_estimators': 89, 'max_depth': 13, 'learning_rate': 0.18001422085101376, 'subsample': 0.7384948871904453}. Best is trial 84 with value: 0.9080100125156445.
2025-02-02 17:08:24,609 - INFO - Trial 299 finished with value: 0.8125 and parameters: {'n_estimators': 159, 'max_depth': 15, 'learning_rate': 0.18955212201452068, 'subsample': 0.6456220020082224}. Best is trial 84 with value: 0.9080100125156445.
2025-02-02 17:08:24,666 - INFO - Trial 300 finished with value: 0.8188405797101449 and parameters: {'n_estimators': 115, 'max_depth': 12, 'learning_rate': 0.16722863862719559, 'subsample': 0.7581141733433308}. Best is trial 84 with value: 0.9080100125156445.
2025-02-02 17:08:24,721 - INFO - Trial 301 finished with value: 0.875 and parameters: {'n_estimators': 85, 'max_depth': 11, 'learning_rate': 0.18285292461758113, 'subsample': 0.7473232659827286}. Best is trial 84 with value: 0.9080100125156445.
2025-02-02 17:08:24,776 - INFO - Trial 302 finished with value: 0.8401360544217686 and parameters: {'n_estimators': 98, 'max_depth': 12, 'learning_rate': 0.19066544448193537, 'subsample': 0.7325021240099823}. Best is trial 84 with value: 0.9080100125156445.
2025-02-02 17:08:24,827 - INFO - Trial 303 finished with value: 0.7853566958698374 and parameters: {'n_estimators': 66, 'max_depth': 13, 'learning_rate': 0.17051888373114515, 'subsample': 0.7136961458800816}. Best is trial 84 with value: 0.9080100125156445.
2025-02-02 17:08:24,911 - INFO - Trial 304 finished with value: 0.846683354192741 and parameters: {'n_estimators': 259, 'max_depth': 11, 'learning_rate': 0.1953626870914733, 'subsample': 0.7241570655437326}. Best is trial 84 with value: 0.9080100125156445.
2025-02-02 17:08:24,964 - INFO - Trial 305 finished with value: 0.846683354192741 and parameters: {'n_estimators': 78, 'max_depth': 19, 'learning_rate': 0.18554012097276637, 'subsample': 0.6996477448491589}. Best is trial 84 with value: 0.9080100125156445.
2025-02-02 17:08:25,019 - INFO - Trial 306 finished with value: 0.875 and parameters: {'n_estimators': 87, 'max_depth': 7, 'learning_rate': 0.1776109128661245, 'subsample': 0.657667924085003}. Best is trial 84 with value: 0.9080100125156445.
2025-02-02 17:08:25,074 - INFO - Trial 307 finished with value: 0.8125 and parameters: {'n_estimators': 94, 'max_depth': 9, 'learning_rate': 0.18933206993158522, 'subsample': 0.6131645545465837}. Best is trial 84 with value: 0.9080100125156445.
2025-02-02 17:08:25,164 - INFO - Trial 308 finished with value: 0.846683354192741 and parameters: {'n_estimators': 290, 'max_depth': 16, 'learning_rate': 0.18078397565140114, 'subsample': 0.7434543798747607}. Best is trial 84 with value: 0.9080100125156445.
2025-02-02 17:08:25,217 - INFO - Trial 309 finished with value: 0.8125 and parameters: {'n_estimators': 82, 'max_depth': 15, 'learning_rate': 0.17432603005494224, 'subsample': 0.7854509002379201}. Best is trial 84 with value: 0.9080100125156445.
2025-02-02 17:08:25,274 - INFO - Trial 310 finished with value: 0.8401360544217686 and parameters: {'n_estimators': 104, 'max_depth': 13, 'learning_rate': 0.1925304732938311, 'subsample': 0.7334043723269085}. Best is trial 84 with value: 0.9080100125156445.
2025-02-02 17:08:25,338 - INFO - Trial 311 finished with value: 0.8125 and parameters: {'n_estimators': 142, 'max_depth': 12, 'learning_rate': 0.09986494866777944, 'subsample': 0.6803277112059652}. Best is trial 84 with value: 0.9080100125156445.
2025-02-02 17:08:25,394 - INFO - Trial 312 finished with value: 0.7853566958698374 and parameters: {'n_estimators': 100, 'max_depth': 10, 'learning_rate': 0.18522574760874774, 'subsample': 0.7641366474966684}. Best is trial 84 with value: 0.9080100125156445.
