2025-02-02 17:07:12,376 - INFO - Trial 861 finished with value: 0.8188405797101449 and parameters: {'n_estimators': 72, 'max_depth': 14, 'min_samples_split': 7, 'min_samples_leaf': 3, 'class_weight': 'balanced'}. Best is trial 584 with value: 0.8792270531400965.
2025-02-02 17:07:12,611 - INFO - Trial 862 finished with value: 0.8188405797101449 and parameters: {'n_estimators': 191, 'max_depth': 12, 'min_samples_split': 4, 'min_samples_leaf': 1, 'class_weight': 'balanced'}. Best is trial 584 with value: 0.8792270531400965.
2025-02-02 17:07:12,801 - INFO - Trial 863 finished with value: 0.8508771929824562 and parameters: {'n_estimators': 156, 'max_depth': 15, 'min_samples_split': 8, 'min_samples_leaf': 1, 'class_weight': 'balanced'}. Best is trial 584 with value: 0.8792270531400965.
2025-02-02 17:07:12,953 - INFO - Trial 864 finished with value: 0.8508771929824562 and parameters: {'n_estimators': 114, 'max_depth': 13, 'min_samples_split': 6, 'min_samples_leaf': 1, 'class_weight': 'balanced'}. Best is trial 584 with value: 0.8792270531400965.
2025-02-02 17:07:13,164 - INFO - Trial 865 finished with value: 0.8188405797101449 and parameters: {'n_estimators': 170, 'max_depth': 12, 'min_samples_split': 7, 'min_samples_leaf': 2, 'class_weight': 'balanced'}. Best is trial 584 with value: 0.8792270531400965.
2025-02-02 17:07:13,340 - INFO - Trial 866 finished with value: 0.8508771929824562 and parameters: {'n_estimators': 127, 'max_depth': 17, 'min_samples_split': 6, 'min_samples_leaf': 1, 'class_weight': 'balanced'}. Best is trial 584 with value: 0.8792270531400965.
2025-02-02 17:07:13,526 - INFO - Trial 867 finished with value: 0.7853566958698374 and parameters: {'n_estimators': 147, 'max_depth': 11, 'min_samples_split': 7, 'min_samples_leaf': 4, 'class_weight': None}. Best is trial 584 with value: 0.8792270531400965.
2025-02-02 17:07:13,771 - INFO - Trial 868 finished with value: 0.8188405797101449 and parameters: {'n_estimators': 200, 'max_depth': 18, 'min_samples_split': 3, 'min_samples_leaf': 1, 'class_weight': 'balanced'}. Best is trial 584 with value: 0.8792270531400965.
2025-02-02 17:07:13,950 - INFO - Trial 869 finished with value: 0.8508771929824562 and parameters: {'n_estimators': 136, 'max_depth': 20, 'min_samples_split': 5, 'min_samples_leaf': 2, 'class_weight': 'balanced'}. Best is trial 584 with value: 0.8792270531400965.
2025-02-02 17:07:14,198 - INFO - Trial 870 finished with value: 0.8188405797101449 and parameters: {'n_estimators': 214, 'max_depth': 19, 'min_samples_split': 6, 'min_samples_leaf': 1, 'class_weight': 'balanced'}. Best is trial 584 with value: 0.8792270531400965.
2025-02-02 17:07:14,312 - INFO - Trial 871 finished with value: 0.8188405797101449 and parameters: {'n_estimators': 59, 'max_depth': 5, 'min_samples_split': 8, 'min_samples_leaf': 1, 'class_weight': 'balanced'}. Best is trial 584 with value: 0.8792270531400965.
2025-02-02 17:07:14,528 - INFO - Trial 872 finished with value: 0.7912280701754386 and parameters: {'n_estimators': 178, 'max_depth': 17, 'min_samples_split': 7, 'min_samples_leaf': 2, 'class_weight': 'balanced'}. Best is trial 584 with value: 0.8792270531400965.
2025-02-02 17:07:14,640 - INFO - Trial 873 finished with value: 0.8227272727272728 and parameters: {'n_estimators': 66, 'max_depth': 18, 'min_samples_split': 9, 'min_samples_leaf': 3, 'class_weight': 'balanced'}. Best is trial 584 with value: 0.8792270531400965.
2025-02-02 17:07:14,783 - INFO - Trial 874 finished with value: 0.8508771929824562 and parameters: {'n_estimators': 99, 'max_depth': 16, 'min_samples_split': 2, 'min_samples_leaf': 1, 'class_weight': 'balanced'}. Best is trial 584 with value: 0.8792270531400965.
2025-02-02 17:07:15,002 - INFO - Trial 875 finished with value: 0.8508771929824562 and parameters: {'n_estimators': 161, 'max_depth': 15, 'min_samples_split': 6, 'min_samples_leaf': 1, 'class_weight': 'balanced'}. Best is trial 584 with value: 0.8792270531400965.
2025-02-02 17:07:15,231 - INFO - Trial 876 finished with value: 0.8227272727272728 and parameters: {'n_estimators': 186, 'max_depth': 13, 'min_samples_split': 7, 'min_samples_leaf': 3, 'class_weight': 'balanced'}. Best is trial 584 with value: 0.8792270531400965.
2025-02-02 17:07:15,415 - INFO - Trial 877 finished with value: 0.8188405797101449 and parameters: {'n_estimators': 145, 'max_depth': 9, 'min_samples_split': 5, 'min_samples_leaf': 2, 'class_weight': 'balanced'}. Best is trial 584 with value: 0.8792270531400965.
2025-02-02 17:07:15,547 - INFO - Trial 878 finished with value: 0.8508771929824562 and parameters: {'n_estimators': 82, 'max_depth': 14, 'min_samples_split': 7, 'min_samples_leaf': 1, 'class_weight': 'balanced'}. Best is trial 584 with value: 0.8792270531400965.
2025-02-02 17:07:15,709 - INFO - Trial 879 finished with value: 0.8188405797101449 and parameters: {'n_estimators': 120, 'max_depth': 18, 'min_samples_split': 4, 'min_samples_leaf': 1, 'class_weight': None}. Best is trial 584 with value: 0.8792270531400965.
2025-02-02 17:07:15,889 - INFO - Trial 880 finished with value: 0.8508771929824562 and parameters: {'n_estimators': 106, 'max_depth': 19, 'min_samples_split': 6, 'min_samples_leaf': 2, 'class_weight': 'balanced'}. Best is trial 584 with value: 0.8792270531400965.
2025-02-02 17:07:15,992 - INFO - Trial 881 finished with value: 0.8508771929824562 and parameters: {'n_estimators': 50, 'max_depth': 12, 'min_samples_split': 7, 'min_samples_leaf': 1, 'class_weight': 'balanced'}. Best is trial 584 with value: 0.8792270531400965.
2025-02-02 17:07:16,169 - INFO - Trial 882 finished with value: 0.8508771929824562 and parameters: {'n_estimators': 141, 'max_depth': 10, 'min_samples_split': 8, 'min_samples_leaf': 1, 'class_weight': 'balanced'}. Best is trial 584 with value: 0.8792270531400965.
2025-02-02 17:07:16,341 - INFO - Trial 883 finished with value: 0.8508771929824562 and parameters: {'n_estimators': 132, 'max_depth': 16, 'min_samples_split': 6, 'min_samples_leaf': 2, 'class_weight': 'balanced'}. Best is trial 584 with value: 0.8792270531400965.
2025-02-02 17:07:16,602 - INFO - Trial 884 finished with value: 0.8508771929824562 and parameters: {'n_estimators': 228, 'max_depth': 15, 'min_samples_split': 7, 'min_samples_leaf': 3, 'class_weight': 'balanced'}. Best is trial 584 with value: 0.8792270531400965.
2025-02-02 17:07:16,817 - INFO - Trial 885 finished with value: 0.8188405797101449 and parameters: {'n_estimators': 173, 'max_depth': 20, 'min_samples_split': 5, 'min_samples_leaf': 1, 'class_weight': 'balanced'}. Best is trial 584 with value: 0.8792270531400965.
2025-02-02 17:07:17,055 - INFO - Trial 886 finished with value: 0.8227272727272728 and parameters: {'n_estimators': 211, 'max_depth': 13, 'min_samples_split': 7, 'min_samples_leaf': 2, 'class_weight': 'balanced'}. Best is trial 584 with value: 0.8792270531400965.
2025-02-02 17:07:17,304 - INFO - Trial 887 finished with value: 0.8188405797101449 and parameters: {'n_estimators': 220, 'max_depth': 14, 'min_samples_split': 6, 'min_samples_leaf': 1, 'class_weight': 'balanced'}. Best is trial 584 with value: 0.8792270531400965.
2025-02-02 17:07:17,500 - INFO - Trial 888 finished with value: 0.8508771929824562 and parameters: {'n_estimators': 152, 'max_depth': 12, 'min_samples_split': 6, 'min_samples_leaf': 1, 'class_weight': 'balanced'}. Best is trial 584 with value: 0.8792270531400965.
2025-02-02 17:07:17,656 - INFO - Trial 889 finished with value: 0.8508771929824562 and parameters: {'n_estimators': 111, 'max_depth': 20, 'min_samples_split': 8, 'min_samples_leaf': 2, 'class_weight': 'balanced'}. Best is trial 584 with value: 0.8792270531400965.
2025-02-02 17:07:17,902 - INFO - Trial 890 finished with value: 0.7853566958698374 and parameters: {'n_estimators': 204, 'max_depth': 17, 'min_samples_split': 3, 'min_samples_leaf': 4, 'class_weight': None}. Best is trial 584 with value: 0.8792270531400965.
2025-02-02 17:07:18,110 - INFO - Trial 891 finished with value: 0.8508771929824562 and parameters: {'n_estimators': 165, 'max_depth': 15, 'min_samples_split': 6, 'min_samples_leaf': 1, 'class_weight': 'balanced'}. Best is trial 584 with value: 0.8792270531400965.
2025-02-02 17:07:18,214 - INFO - Trial 892 finished with value: 0.7584541062801933 and parameters: {'n_estimators': 55, 'max_depth': 19, 'min_samples_split': 5, 'min_samples_leaf': 1, 'class_weight': 'balanced'}. Best is trial 584 with value: 0.8792270531400965.
2025-02-02 17:07:18,336 - INFO - Trial 893 finished with value: 0.8508771929824562 and parameters: {'n_estimators': 75, 'max_depth': 13, 'min_samples_split': 7, 'min_samples_leaf': 1, 'class_weight': 'balanced'}. Best is trial 584 with value: 0.8792270531400965.
2025-02-02 17:07:18,594 - INFO - Trial 894 finished with value: 0.8188405797101449 and parameters: {'n_estimators': 187, 'max_depth': 18, 'min_samples_split': 4, 'min_samples_leaf': 2, 'class_weight': 'balanced'}. Best is trial 584 with value: 0.8792270531400965.
2025-02-02 17:07:18,752 - INFO - Trial 895 finished with value: 0.7945736434108528 and parameters: {'n_estimators': 94, 'max_depth': 12, 'min_samples_split': 7, 'min_samples_leaf': 3, 'class_weight': 'balanced'}. Best is trial 584 with value: 0.8792270531400965.
2025-02-02 17:07:18,997 - INFO - Trial 896 finished with value: 0.8508771929824562 and parameters: {'n_estimators': 197, 'max_depth': 14, 'min_samples_split': 7, 'min_samples_leaf': 1, 'class_weight': 'balanced'}. Best is trial 584 with value: 0.8792270531400965.
2025-02-02 17:07:19,221 - INFO - Trial 897 finished with value: 0.8188405797101449 and parameters: {'n_estimators': 156, 'max_depth': 11, 'min_samples_split': 3, 'min_samples_leaf': 2, 'class_weight': 'balanced'}. Best is trial 584 with value: 0.8792270531400965.
2025-02-02 17:07:19,413 - INFO - Trial 898 finished with value: 0.8188405797101449 and parameters: {'n_estimators': 140, 'max_depth': 18, 'min_samples_split': 2, 'min_samples_leaf': 1, 'class_weight': 'balanced'}. Best is trial 584 with value: 0.8792270531400965.
2025-02-02 17:07:19,530 - INFO - Trial 899 finished with value: 0.8508771929824562 and parameters: {'n_estimators': 66, 'max_depth': 13, 'min_samples_split': 6, 'min_samples_leaf': 1, 'class_weight': 'balanced'}. Best is trial 584 with value: 0.8792270531400965.
2025-02-02 17:07:19,701 - INFO - Trial 900 finished with value: 0.8188405797101449 and parameters: {'n_estimators': 125, 'max_depth': 15, 'min_samples_split': 7, 'min_samples_leaf': 2, 'class_weight': 'balanced'}. Best is trial 584 with value: 0.8792270531400965.
2025-02-02 17:07:19,925 - INFO - Trial 901 finished with value: 0.8188405797101449 and parameters: {'n_estimators': 170, 'max_depth': 16, 'min_samples_split': 5, 'min_samples_leaf': 1, 'class_weight': None}. Best is trial 584 with value: 0.8792270531400965.
2025-02-02 17:07:20,074 - INFO - Trial 902 finished with value: 0.8508771929824562 and parameters: {'n_estimators': 87, 'max_depth': 19, 'min_samples_split': 6, 'min_samples_leaf': 4, 'class_weight': 'balanced'}. Best is trial 584 with value: 0.8792270531400965.
2025-02-02 17:07:20,316 - INFO - Trial 903 finished with value: 0.7945736434108528 and parameters: {'n_estimators': 177, 'max_depth': 17, 'min_samples_split': 8, 'min_samples_leaf': 3, 'class_weight': 'balanced'}. Best is trial 584 with value: 0.8792270531400965.
2025-02-02 17:07:20,494 - INFO - Trial 904 finished with value: 0.8188405797101449 and parameters: {'n_estimators': 118, 'max_depth': 20, 'min_samples_split': 5, 'min_samples_leaf': 1, 'class_weight': 'balanced'}. Best is trial 584 with value: 0.8792270531400965.
2025-02-02 17:07:20,682 - INFO - Trial 905 finished with value: 0.7662337662337663 and parameters: {'n_estimators': 152, 'max_depth': 18, 'min_samples_split': 10, 'min_samples_leaf': 2, 'class_weight': 'balanced'}. Best is trial 584 with value: 0.8792270531400965.
2025-02-02 17:07:20,882 - INFO - Trial 906 finished with value: 0.8508771929824562 and parameters: {'n_estimators': 160, 'max_depth': 14, 'min_samples_split': 6, 'min_samples_leaf': 1, 'class_weight': 'balanced'}. Best is trial 584 with value: 0.8792270531400965.
2025-02-02 17:07:21,168 - INFO - Trial 907 finished with value: 0.8508771929824562 and parameters: {'n_estimators': 217, 'max_depth': 18, 'min_samples_split': 7, 'min_samples_leaf': 1, 'class_weight': 'balanced'}. Best is trial 584 with value: 0.8792270531400965.
2025-02-02 17:07:21,340 - INFO - Trial 908 finished with value: 0.8188405797101449 and parameters: {'n_estimators': 135, 'max_depth': 15, 'min_samples_split': 4, 'min_samples_leaf': 2, 'class_weight': 'balanced'}. Best is trial 584 with value: 0.8792270531400965.
2025-02-02 17:07:21,444 - INFO - Trial 909 finished with value: 0.8508771929824562 and parameters: {'n_estimators': 61, 'max_depth': 13, 'min_samples_split': 7, 'min_samples_leaf': 1, 'class_weight': 'balanced'}. Best is trial 584 with value: 0.8792270531400965.
2025-02-02 17:07:21,626 - INFO - Trial 910 finished with value: 0.8508771929824562 and parameters: {'n_estimators': 145, 'max_depth': 12, 'min_samples_split': 9, 'min_samples_leaf': 1, 'class_weight': 'balanced'}. Best is trial 584 with value: 0.8792270531400965.
2025-02-02 17:07:21,862 - INFO - Trial 911 finished with value: 0.8508771929824562 and parameters: {'n_estimators': 208, 'max_depth': 20, 'min_samples_split': 6, 'min_samples_leaf': 3, 'class_weight': 'balanced'}. Best is trial 584 with value: 0.8792270531400965.
2025-02-02 17:07:22,056 - INFO - Trial 912 finished with value: 0.8188405797101449 and parameters: {'n_estimators': 150, 'max_depth': 19, 'min_samples_split': 7, 'min_samples_leaf': 1, 'class_weight': None}. Best is trial 584 with value: 0.8792270531400965.
2025-02-02 17:07:22,201 - INFO - Trial 913 finished with value: 0.8188405797101449 and parameters: {'n_estimators': 102, 'max_depth': 11, 'min_samples_split': 5, 'min_samples_leaf': 2, 'class_weight': 'balanced'}. Best is trial 584 with value: 0.8792270531400965.
2025-02-02 17:07:22,427 - INFO - Trial 914 finished with value: 0.8508771929824562 and parameters: {'n_estimators': 193, 'max_depth': 14, 'min_samples_split': 7, 'min_samples_leaf': 1, 'class_weight': 'balanced'}. Best is trial 584 with value: 0.8792270531400965.
2025-02-02 17:07:22,652 - INFO - Trial 915 finished with value: 0.8188405797101449 and parameters: {'n_estimators': 183, 'max_depth': 17, 'min_samples_split': 6, 'min_samples_leaf': 1, 'class_weight': 'balanced'}. Best is trial 584 with value: 0.8792270531400965.
2025-02-02 17:07:22,828 - INFO - Trial 916 finished with value: 0.8508771929824562 and parameters: {'n_estimators': 129, 'max_depth': 16, 'min_samples_split': 6, 'min_samples_leaf': 2, 'class_weight': 'balanced'}. Best is trial 584 with value: 0.8792270531400965.
2025-02-02 17:07:23,090 - INFO - Trial 917 finished with value: 0.8508771929824562 and parameters: {'n_estimators': 223, 'max_depth': 15, 'min_samples_split': 8, 'min_samples_leaf': 1, 'class_weight': 'balanced'}. Best is trial 584 with value: 0.8792270531400965.
2025-02-02 17:07:23,245 - INFO - Trial 918 finished with value: 0.8508771929824562 and parameters: {'n_estimators': 75, 'max_depth': 18, 'min_samples_split': 7, 'min_samples_leaf': 3, 'class_weight': 'balanced'}. Best is trial 584 with value: 0.8792270531400965.
2025-02-02 17:07:23,508 - INFO - Trial 919 finished with value: 0.8508771929824562 and parameters: {'n_estimators': 203, 'max_depth': 12, 'min_samples_split': 5, 'min_samples_leaf': 1, 'class_weight': 'balanced'}. Best is trial 584 with value: 0.8792270531400965.
2025-02-02 17:07:23,731 - INFO - Trial 920 finished with value: 0.8508771929824562 and parameters: {'n_estimators': 167, 'max_depth': 19, 'min_samples_split': 2, 'min_samples_leaf': 2, 'class_weight': 'balanced'}. Best is trial 584 with value: 0.8792270531400965.
2025-02-02 17:07:23,917 - INFO - Trial 921 finished with value: 0.8188405797101449 and parameters: {'n_estimators': 113, 'max_depth': 14, 'min_samples_split': 4, 'min_samples_leaf': 1, 'class_weight': 'balanced'}. Best is trial 584 with value: 0.8792270531400965.
2025-02-02 17:07:24,041 - INFO - Trial 922 finished with value: 0.8508771929824562 and parameters: {'n_estimators': 70, 'max_depth': 17, 'min_samples_split': 7, 'min_samples_leaf': 1, 'class_weight': 'balanced'}. Best is trial 584 with value: 0.8792270531400965.
2025-02-02 17:07:24,259 - INFO - Trial 923 finished with value: 0.7853566958698374 and parameters: {'n_estimators': 174, 'max_depth': 20, 'min_samples_split': 6, 'min_samples_leaf': 2, 'class_weight': None}. Best is trial 584 with value: 0.8792270531400965.
2025-02-02 17:07:24,367 - INFO - Trial 924 finished with value: 0.8508771929824562 and parameters: {'n_estimators': 54, 'max_depth': 13, 'min_samples_split': 7, 'min_samples_leaf': 1, 'class_weight': 'balanced'}. Best is trial 584 with value: 0.8792270531400965.
2025-02-02 17:07:24,566 - INFO - Trial 925 finished with value: 0.8227272727272728 and parameters: {'n_estimators': 163, 'max_depth': 12, 'min_samples_split': 5, 'min_samples_leaf': 3, 'class_weight': 'balanced'}. Best is trial 584 with value: 0.8792270531400965.
2025-02-02 17:07:24,689 - INFO - Trial 926 finished with value: 0.7945736434108528 and parameters: {'n_estimators': 81, 'max_depth': 14, 'min_samples_split': 3, 'min_samples_leaf': 4, 'class_weight': 'balanced'}. Best is trial 584 with value: 0.8792270531400965.
2025-02-02 17:07:24,938 - INFO - Trial 927 finished with value: 0.8508771929824562 and parameters: {'n_estimators': 211, 'max_depth': 18, 'min_samples_split': 6, 'min_samples_leaf': 1, 'class_weight': 'balanced'}. Best is trial 584 with value: 0.8792270531400965.
2025-02-02 17:07:25,118 - INFO - Trial 928 finished with value: 0.8227272727272728 and parameters: {'n_estimators': 139, 'max_depth': 15, 'min_samples_split': 7, 'min_samples_leaf': 2, 'class_weight': 'balanced'}. Best is trial 584 with value: 0.8792270531400965.
2025-02-02 17:07:25,290 - INFO - Trial 929 finished with value: 0.8188405797101449 and parameters: {'n_estimators': 123, 'max_depth': 16, 'min_samples_split': 7, 'min_samples_leaf': 1, 'class_weight': 'balanced'}. Best is trial 584 with value: 0.8792270531400965.
2025-02-02 17:07:25,532 - INFO - Trial 930 finished with value: 0.8508771929824562 and parameters: {'n_estimators': 199, 'max_depth': 19, 'min_samples_split': 8, 'min_samples_leaf': 2, 'class_weight': 'balanced'}. Best is trial 584 with value: 0.8792270531400965.
2025-02-02 17:07:25,730 - INFO - Trial 931 finished with value: 0.8188405797101449 and parameters: {'n_estimators': 156, 'max_depth': 20, 'min_samples_split': 5, 'min_samples_leaf': 1, 'class_weight': 'balanced'}. Best is trial 584 with value: 0.8792270531400965.
2025-02-02 17:07:25,916 - INFO - Trial 932 finished with value: 0.8508771929824562 and parameters: {'n_estimators': 149, 'max_depth': 13, 'min_samples_split': 6, 'min_samples_leaf': 1, 'class_weight': 'balanced'}. Best is trial 584 with value: 0.8792270531400965.
2025-02-02 17:07:26,056 - INFO - Trial 933 finished with value: 0.8508771929824562 and parameters: {'n_estimators': 91, 'max_depth': 11, 'min_samples_split': 6, 'min_samples_leaf': 1, 'class_weight': 'balanced'}. Best is trial 584 with value: 0.8792270531400965.
2025-02-02 17:07:26,292 - INFO - Trial 934 finished with value: 0.8508771929824562 and parameters: {'n_estimators': 180, 'max_depth': 18, 'min_samples_split': 7, 'min_samples_leaf': 2, 'class_weight': 'balanced'}. Best is trial 584 with value: 0.8792270531400965.
2025-02-02 17:07:26,541 - INFO - Trial 935 finished with value: 0.7853566958698374 and parameters: {'n_estimators': 192, 'max_depth': 17, 'min_samples_split': 8, 'min_samples_leaf': 1, 'class_weight': None}. Best is trial 584 with value: 0.8792270531400965.
2025-02-02 17:07:26,712 - INFO - Trial 936 finished with value: 0.8508771929824562 and parameters: {'n_estimators': 134, 'max_depth': 12, 'min_samples_split': 4, 'min_samples_leaf': 3, 'class_weight': 'balanced'}. Best is trial 584 with value: 0.8792270531400965.
2025-02-02 17:07:26,901 - INFO - Trial 937 finished with value: 0.8508771929824562 and parameters: {'n_estimators': 144, 'max_depth': 19, 'min_samples_split': 5, 'min_samples_leaf': 1, 'class_weight': 'balanced'}. Best is trial 584 with value: 0.8792270531400965.
2025-02-02 17:07:27,144 - INFO - Trial 938 finished with value: 0.8508771929824562 and parameters: {'n_estimators': 217, 'max_depth': 9, 'min_samples_split': 6, 'min_samples_leaf': 2, 'class_weight': 'balanced'}. Best is trial 584 with value: 0.8792270531400965.
2025-02-02 17:07:27,292 - INFO - Trial 939 finished with value: 0.8227272727272728 and parameters: {'n_estimators': 107, 'max_depth': 13, 'min_samples_split': 7, 'min_samples_leaf': 1, 'class_weight': 'balanced'}. Best is trial 584 with value: 0.8792270531400965.
2025-02-02 17:07:27,494 - INFO - Trial 940 finished with value: 0.8508771929824562 and parameters: {'n_estimators': 159, 'max_depth': 14, 'min_samples_split': 3, 'min_samples_leaf': 2, 'class_weight': 'balanced'}. Best is trial 584 with value: 0.8792270531400965.
2025-02-02 17:07:27,651 - INFO - Trial 941 finished with value: 0.8188405797101449 and parameters: {'n_estimators': 115, 'max_depth': 10, 'min_samples_split': 7, 'min_samples_leaf': 1, 'class_weight': 'balanced'}. Best is trial 584 with value: 0.8792270531400965.
2025-02-02 17:07:27,780 - INFO - Trial 942 finished with value: 0.8188405797101449 and parameters: {'n_estimators': 85, 'max_depth': 15, 'min_samples_split': 2, 'min_samples_leaf': 3, 'class_weight': 'balanced'}. Best is trial 584 with value: 0.8792270531400965.
2025-02-02 17:07:27,934 - INFO - Trial 943 finished with value: 0.8508771929824562 and parameters: {'n_estimators': 60, 'max_depth': 16, 'min_samples_split': 6, 'min_samples_leaf': 2, 'class_weight': 'balanced'}. Best is trial 584 with value: 0.8792270531400965.
