2025-02-02 15:37:25,013 - INFO - Trial 91 finished with value: 0.9375 and parameters: {'max_depth': 12, 'min_samples_split': 3, 'min_samples_leaf': 4, 'class_weight': None}. Best is trial 70 with value: 0.9396135265700484.
2025-02-02 15:37:25,025 - INFO - Trial 92 finished with value: 0.8188405797101449 and parameters: {'max_depth': 13, 'min_samples_split': 3, 'min_samples_leaf': 4, 'class_weight': None}. Best is trial 70 with value: 0.9396135265700484.
2025-02-02 15:37:25,038 - INFO - Trial 93 finished with value: 0.8188405797101449 and parameters: {'max_depth': 12, 'min_samples_split': 2, 'min_samples_leaf': 4, 'class_weight': None}. Best is trial 70 with value: 0.9396135265700484.
2025-02-02 15:37:25,050 - INFO - Trial 94 finished with value: 0.8188405797101449 and parameters: {'max_depth': 11, 'min_samples_split': 2, 'min_samples_leaf': 4, 'class_weight': None}. Best is trial 70 with value: 0.9396135265700484.
2025-02-02 15:37:25,062 - INFO - Trial 95 finished with value: 0.8188405797101449 and parameters: {'max_depth': 19, 'min_samples_split': 2, 'min_samples_leaf': 4, 'class_weight': None}. Best is trial 70 with value: 0.9396135265700484.
2025-02-02 15:37:25,074 - INFO - Trial 96 finished with value: 0.8188405797101449 and parameters: {'max_depth': 18, 'min_samples_split': 3, 'min_samples_leaf': 4, 'class_weight': None}. Best is trial 70 with value: 0.9396135265700484.
2025-02-02 15:37:25,086 - INFO - Trial 97 finished with value: 0.8508771929824562 and parameters: {'max_depth': 17, 'min_samples_split': 3, 'min_samples_leaf': 1, 'class_weight': 'balanced'}. Best is trial 70 with value: 0.9396135265700484.
2025-02-02 15:37:25,098 - INFO - Trial 98 finished with value: 0.8188405797101449 and parameters: {'max_depth': 15, 'min_samples_split': 2, 'min_samples_leaf': 4, 'class_weight': None}. Best is trial 70 with value: 0.9396135265700484.
2025-02-02 15:37:25,111 - INFO - Trial 99 finished with value: 0.8188405797101449 and parameters: {'max_depth': 9, 'min_samples_split': 10, 'min_samples_leaf': 4, 'class_weight': None}. Best is trial 70 with value: 0.9396135265700484.
2025-02-02 15:37:25,329 - INFO - A new study created in memory with name: no-name-3b6e5cfd-321c-44be-8b83-19d0fba3cbfd
2025-02-02 15:37:25,409 - INFO - Trial 0 finished with value: 0.7853566958698374 and parameters: {'n_estimators': 288, 'max_depth': 11, 'learning_rate': 0.02402129828143551, 'subsample': 0.6809294365492071}. Best is trial 0 with value: 0.7853566958698374.
2025-02-02 15:37:25,448 - INFO - Trial 1 finished with value: 0.8125 and parameters: {'n_estimators': 199, 'max_depth': 6, 'learning_rate': 0.10127849316703456, 'subsample': 0.6717905326761773}. Best is trial 1 with value: 0.8125.
2025-02-02 15:37:25,467 - INFO - Trial 2 finished with value: 0.8125 and parameters: {'n_estimators': 83, 'max_depth': 6, 'learning_rate': 0.199058176846297, 'subsample': 0.6034390836837769}. Best is trial 1 with value: 0.8125.
2025-02-02 15:37:25,511 - INFO - Trial 3 finished with value: 0.7853566958698374 and parameters: {'n_estimators': 254, 'max_depth': 6, 'learning_rate': 0.055093136686027666, 'subsample': 0.7653950914597767}. Best is trial 1 with value: 0.8125.
2025-02-02 15:37:25,553 - INFO - Trial 4 finished with value: 0.8125 and parameters: {'n_estimators': 250, 'max_depth': 11, 'learning_rate': 0.14019653972931118, 'subsample': 0.8903146649599807}. Best is trial 1 with value: 0.8125.
2025-02-02 15:37:25,570 - INFO - Trial 5 finished with value: 0.7853566958698374 and parameters: {'n_estimators': 67, 'max_depth': 17, 'learning_rate': 0.1041155376319301, 'subsample': 0.9484693411433052}. Best is trial 1 with value: 0.8125.
2025-02-02 15:37:25,601 - INFO - Trial 6 finished with value: 0.7853566958698374 and parameters: {'n_estimators': 160, 'max_depth': 6, 'learning_rate': 0.17765261678529348, 'subsample': 0.7068706062456849}. Best is trial 1 with value: 0.8125.
2025-02-02 15:37:25,617 - INFO - Trial 7 finished with value: 0.75 and parameters: {'n_estimators': 61, 'max_depth': 9, 'learning_rate': 0.05406642308382506, 'subsample': 0.7653600431411264}. Best is trial 1 with value: 0.8125.
2025-02-02 15:37:25,658 - INFO - Trial 8 finished with value: 0.8125 and parameters: {'n_estimators': 242, 'max_depth': 4, 'learning_rate': 0.15567736574233096, 'subsample': 0.8640312465561906}. Best is trial 1 with value: 0.8125.
2025-02-02 15:37:25,690 - INFO - Trial 9 finished with value: 0.7853566958698374 and parameters: {'n_estimators': 158, 'max_depth': 20, 'learning_rate': 0.030736995565940076, 'subsample': 0.5518925703234303}. Best is trial 1 with value: 0.8125.
2025-02-02 15:37:25,745 - INFO - Trial 10 finished with value: 0.8125 and parameters: {'n_estimators': 199, 'max_depth': 15, 'learning_rate': 0.10128223062279294, 'subsample': 0.5054871371780103}. Best is trial 1 with value: 0.8125.
2025-02-02 15:37:25,781 - INFO - Trial 11 finished with value: 0.846683354192741 and parameters: {'n_estimators': 105, 'max_depth': 7, 'learning_rate': 0.19737046804196753, 'subsample': 0.6131998780808837}. Best is trial 11 with value: 0.846683354192741.
2025-02-02 15:37:25,818 - INFO - Trial 12 finished with value: 0.7761904761904762 and parameters: {'n_estimators': 111, 'max_depth': 3, 'learning_rate': 0.1284333706011491, 'subsample': 0.634067848634477}. Best is trial 11 with value: 0.846683354192741.
2025-02-02 15:37:25,856 - INFO - Trial 13 finished with value: 0.8125 and parameters: {'n_estimators': 124, 'max_depth': 8, 'learning_rate': 0.08150934125501676, 'subsample': 0.6088746571212402}. Best is trial 11 with value: 0.846683354192741.
2025-02-02 15:37:25,904 - INFO - Trial 14 finished with value: 0.8125 and parameters: {'n_estimators': 201, 'max_depth': 9, 'learning_rate': 0.08379105260931874, 'subsample': 0.6997116907996946}. Best is trial 11 with value: 0.846683354192741.
2025-02-02 15:37:25,941 - INFO - Trial 15 finished with value: 0.7853566958698374 and parameters: {'n_estimators': 126, 'max_depth': 13, 'learning_rate': 0.13211336545814523, 'subsample': 0.8144817979826855}. Best is trial 11 with value: 0.846683354192741.
2025-02-02 15:37:25,989 - INFO - Trial 16 finished with value: 0.8125 and parameters: {'n_estimators': 194, 'max_depth': 5, 'learning_rate': 0.16533163115361374, 'subsample': 0.5575906727737452}. Best is trial 11 with value: 0.846683354192741.
2025-02-02 15:37:26,024 - INFO - Trial 17 finished with value: 0.846683354192741 and parameters: {'n_estimators': 96, 'max_depth': 8, 'learning_rate': 0.19284349456924188, 'subsample': 0.6570963454051415}. Best is trial 11 with value: 0.846683354192741.
2025-02-02 15:37:26,055 - INFO - Trial 18 finished with value: 0.8508771929824562 and parameters: {'n_estimators': 97, 'max_depth': 8, 'learning_rate': 0.1982647056036534, 'subsample': 0.5526629459219967}. Best is trial 18 with value: 0.8508771929824562.
2025-02-02 15:37:26,093 - INFO - Trial 19 finished with value: 0.846683354192741 and parameters: {'n_estimators': 142, 'max_depth': 13, 'learning_rate': 0.17849860375487608, 'subsample': 0.5194582342562843}. Best is trial 18 with value: 0.8508771929824562.
2025-02-02 15:37:26,120 - INFO - Trial 20 finished with value: 0.75 and parameters: {'n_estimators': 52, 'max_depth': 10, 'learning_rate': 0.15224990407276107, 'subsample': 0.5712223373960723}. Best is trial 18 with value: 0.8508771929824562.
2025-02-02 15:37:26,153 - INFO - Trial 21 finished with value: 0.8125 and parameters: {'n_estimators': 94, 'max_depth': 8, 'learning_rate': 0.19716478832735737, 'subsample': 0.6371946288811612}. Best is trial 18 with value: 0.8508771929824562.
2025-02-02 15:37:26,189 - INFO - Trial 22 finished with value: 0.8125 and parameters: {'n_estimators': 96, 'max_depth': 8, 'learning_rate': 0.1829546823183978, 'subsample': 0.5821452390968964}. Best is trial 18 with value: 0.8508771929824562.
2025-02-02 15:37:26,223 - INFO - Trial 23 finished with value: 0.8125 and parameters: {'n_estimators': 112, 'max_depth': 7, 'learning_rate': 0.1972756154407973, 'subsample': 0.6468056736585193}. Best is trial 18 with value: 0.8508771929824562.
2025-02-02 15:37:26,254 - INFO - Trial 24 finished with value: 0.8125 and parameters: {'n_estimators': 82, 'max_depth': 13, 'learning_rate': 0.16864606181360609, 'subsample': 0.7268945813843994}. Best is trial 18 with value: 0.8508771929824562.
2025-02-02 15:37:26,293 - INFO - Trial 25 finished with value: 0.7853566958698374 and parameters: {'n_estimators': 138, 'max_depth': 3, 'learning_rate': 0.1853896425549459, 'subsample': 0.5318371296498305}. Best is trial 18 with value: 0.8508771929824562.
2025-02-02 15:37:26,324 - INFO - Trial 26 finished with value: 0.846683354192741 and parameters: {'n_estimators': 77, 'max_depth': 10, 'learning_rate': 0.14769132548704575, 'subsample': 0.6041009206585243}. Best is trial 18 with value: 0.8508771929824562.
2025-02-02 15:37:26,367 - INFO - Trial 27 finished with value: 0.846683354192741 and parameters: {'n_estimators': 163, 'max_depth': 5, 'learning_rate': 0.16558245165241764, 'subsample': 0.6573835626139378}. Best is trial 18 with value: 0.8508771929824562.
2025-02-02 15:37:26,403 - INFO - Trial 28 finished with value: 0.7853566958698374 and parameters: {'n_estimators': 105, 'max_depth': 9, 'learning_rate': 0.11785034907820535, 'subsample': 0.800062660885343}. Best is trial 18 with value: 0.8508771929824562.
2025-02-02 15:37:26,430 - INFO - Trial 29 finished with value: 0.8188405797101449 and parameters: {'n_estimators': 50, 'max_depth': 12, 'learning_rate': 0.18402992776934302, 'subsample': 0.6868800933881795}. Best is trial 18 with value: 0.8508771929824562.
2025-02-02 15:37:26,471 - INFO - Trial 30 finished with value: 0.75 and parameters: {'n_estimators': 130, 'max_depth': 7, 'learning_rate': 0.011124378777243732, 'subsample': 0.7372073572425172}. Best is trial 18 with value: 0.8508771929824562.
2025-02-02 15:37:26,512 - INFO - Trial 31 finished with value: 0.846683354192741 and parameters: {'n_estimators': 154, 'max_depth': 15, 'learning_rate': 0.17620171738610707, 'subsample': 0.520463888697451}. Best is trial 18 with value: 0.8508771929824562.
2025-02-02 15:37:26,552 - INFO - Trial 32 finished with value: 0.8125 and parameters: {'n_estimators': 141, 'max_depth': 11, 'learning_rate': 0.18735131588623996, 'subsample': 0.5385155672212768}. Best is trial 18 with value: 0.8508771929824562.
2025-02-02 15:37:26,587 - INFO - Trial 33 finished with value: 0.8125 and parameters: {'n_estimators': 97, 'max_depth': 14, 'learning_rate': 0.19937534641581783, 'subsample': 0.5935099285022558}. Best is trial 18 with value: 0.8508771929824562.
2025-02-02 15:37:26,634 - INFO - Trial 34 finished with value: 0.8125 and parameters: {'n_estimators': 181, 'max_depth': 12, 'learning_rate': 0.17023315596434185, 'subsample': 0.6199095967548989}. Best is trial 18 with value: 0.8508771929824562.
2025-02-02 15:37:26,671 - INFO - Trial 35 finished with value: 0.7853566958698374 and parameters: {'n_estimators': 118, 'max_depth': 10, 'learning_rate': 0.15879018121976773, 'subsample': 0.5010557659433003}. Best is trial 18 with value: 0.8508771929824562.
2025-02-02 15:37:26,729 - INFO - Trial 36 finished with value: 0.846683354192741 and parameters: {'n_estimators': 298, 'max_depth': 17, 'learning_rate': 0.1934169936305033, 'subsample': 0.6694652325443827}. Best is trial 18 with value: 0.8508771929824562.
2025-02-02 15:37:26,761 - INFO - Trial 37 finished with value: 0.846683354192741 and parameters: {'n_estimators': 72, 'max_depth': 7, 'learning_rate': 0.17831999123200282, 'subsample': 0.5675370569551107}. Best is trial 18 with value: 0.8508771929824562.
2025-02-02 15:37:26,802 - INFO - Trial 38 finished with value: 0.8125 and parameters: {'n_estimators': 144, 'max_depth': 5, 'learning_rate': 0.14144368302823465, 'subsample': 0.5391233470567016}. Best is trial 18 with value: 0.8508771929824562.
2025-02-02 15:37:26,834 - INFO - Trial 39 finished with value: 0.8125 and parameters: {'n_estimators': 84, 'max_depth': 11, 'learning_rate': 0.18855166507433951, 'subsample': 0.5965594609808419}. Best is trial 18 with value: 0.8508771929824562.
2025-02-02 15:37:26,888 - INFO - Trial 40 finished with value: 0.846683354192741 and parameters: {'n_estimators': 231, 'max_depth': 6, 'learning_rate': 0.1758718933968459, 'subsample': 0.6705490839665357}. Best is trial 18 with value: 0.8508771929824562.
2025-02-02 15:37:26,921 - INFO - Trial 41 finished with value: 0.846683354192741 and parameters: {'n_estimators': 77, 'max_depth': 10, 'learning_rate': 0.14144862012444992, 'subsample': 0.6156873274418204}. Best is trial 18 with value: 0.8508771929824562.
2025-02-02 15:37:26,953 - INFO - Trial 42 finished with value: 0.7853566958698374 and parameters: {'n_estimators': 67, 'max_depth': 9, 'learning_rate': 0.15317254965315039, 'subsample': 0.9944040032087383}. Best is trial 18 with value: 0.8508771929824562.
2025-02-02 15:37:26,986 - INFO - Trial 43 finished with value: 0.846683354192741 and parameters: {'n_estimators': 90, 'max_depth': 8, 'learning_rate': 0.18978211096191602, 'subsample': 0.5801989552107177}. Best is trial 18 with value: 0.8508771929824562.
2025-02-02 15:37:27,025 - INFO - Trial 44 finished with value: 0.8125 and parameters: {'n_estimators': 104, 'max_depth': 10, 'learning_rate': 0.17464434604708948, 'subsample': 0.5485447361448931}. Best is trial 18 with value: 0.8508771929824562.
2025-02-02 15:37:27,055 - INFO - Trial 45 finished with value: 0.846683354192741 and parameters: {'n_estimators': 62, 'max_depth': 6, 'learning_rate': 0.19894154633932468, 'subsample': 0.5151407765933198}. Best is trial 18 with value: 0.8508771929824562.
2025-02-02 15:37:27,114 - INFO - Trial 46 finished with value: 0.846683354192741 and parameters: {'n_estimators': 274, 'max_depth': 17, 'learning_rate': 0.1143322668530983, 'subsample': 0.6251052824156327}. Best is trial 18 with value: 0.8508771929824562.
2025-02-02 15:37:27,154 - INFO - Trial 47 finished with value: 0.8125 and parameters: {'n_estimators': 117, 'max_depth': 13, 'learning_rate': 0.15844236704300374, 'subsample': 0.5998632063389062}. Best is trial 18 with value: 0.8508771929824562.
2025-02-02 15:37:27,190 - INFO - Trial 48 finished with value: 0.7853566958698374 and parameters: {'n_estimators': 104, 'max_depth': 7, 'learning_rate': 0.08239409763349252, 'subsample': 0.5616002727749735}. Best is trial 18 with value: 0.8508771929824562.
2025-02-02 15:37:27,223 - INFO - Trial 49 finished with value: 0.7853566958698374 and parameters: {'n_estimators': 84, 'max_depth': 9, 'learning_rate': 0.1637529465424396, 'subsample': 0.5272546835377359}. Best is trial 18 with value: 0.8508771929824562.
2025-02-02 15:37:27,263 - INFO - Trial 50 finished with value: 0.846683354192741 and parameters: {'n_estimators': 133, 'max_depth': 11, 'learning_rate': 0.144926778486406, 'subsample': 0.6486459920877174}. Best is trial 18 with value: 0.8508771929824562.
2025-02-02 15:37:27,308 - INFO - Trial 51 finished with value: 0.846683354192741 and parameters: {'n_estimators': 171, 'max_depth': 4, 'learning_rate': 0.18137990258011927, 'subsample': 0.6587934056148238}. Best is trial 18 with value: 0.8508771929824562.
2025-02-02 15:37:27,355 - INFO - Trial 52 finished with value: 0.8401360544217686 and parameters: {'n_estimators': 171, 'max_depth': 5, 'learning_rate': 0.16785123377286953, 'subsample': 0.7140825475761594}. Best is trial 18 with value: 0.8508771929824562.
2025-02-02 15:37:27,406 - INFO - Trial 53 finished with value: 0.846683354192741 and parameters: {'n_estimators': 214, 'max_depth': 4, 'learning_rate': 0.132147908651667, 'subsample': 0.6861046942129266}. Best is trial 18 with value: 0.8508771929824562.
2025-02-02 15:37:27,448 - INFO - Trial 54 finished with value: 0.8125 and parameters: {'n_estimators': 151, 'max_depth': 8, 'learning_rate': 0.1924415554395106, 'subsample': 0.5854368046114121}. Best is trial 18 with value: 0.8508771929824562.
2025-02-02 15:37:27,497 - INFO - Trial 55 finished with value: 0.8125 and parameters: {'n_estimators': 181, 'max_depth': 20, 'learning_rate': 0.052152772686727994, 'subsample': 0.6325037108421565}. Best is trial 18 with value: 0.8508771929824562.
2025-02-02 15:37:27,536 - INFO - Trial 56 finished with value: 0.846683354192741 and parameters: {'n_estimators': 123, 'max_depth': 6, 'learning_rate': 0.148934377442655, 'subsample': 0.6037362864881823}. Best is trial 18 with value: 0.8508771929824562.
2025-02-02 15:37:27,582 - INFO - Trial 57 finished with value: 0.846683354192741 and parameters: {'n_estimators': 165, 'max_depth': 7, 'learning_rate': 0.19111572713056268, 'subsample': 0.7805544029421672}. Best is trial 18 with value: 0.8508771929824562.
2025-02-02 15:37:27,620 - INFO - Trial 58 finished with value: 0.846683354192741 and parameters: {'n_estimators': 111, 'max_depth': 8, 'learning_rate': 0.16397811216054098, 'subsample': 0.700321796920099}. Best is trial 18 with value: 0.8508771929824562.
2025-02-02 15:37:27,665 - INFO - Trial 59 finished with value: 0.8125 and parameters: {'n_estimators': 146, 'max_depth': 5, 'learning_rate': 0.1821374968703588, 'subsample': 0.9084572716258585}. Best is trial 18 with value: 0.8508771929824562.
2025-02-02 15:37:27,699 - INFO - Trial 60 finished with value: 0.7853566958698374 and parameters: {'n_estimators': 89, 'max_depth': 9, 'learning_rate': 0.19994825564972346, 'subsample': 0.8367798737580201}. Best is trial 18 with value: 0.8508771929824562.
2025-02-02 15:37:27,743 - INFO - Trial 61 finished with value: 0.8188405797101449 and parameters: {'n_estimators': 161, 'max_depth': 16, 'learning_rate': 0.17356762155844108, 'subsample': 0.5133558982754229}. Best is trial 18 with value: 0.8508771929824562.
2025-02-02 15:37:27,788 - INFO - Trial 62 finished with value: 0.8125 and parameters: {'n_estimators': 156, 'max_depth': 14, 'learning_rate': 0.09036413575214305, 'subsample': 0.5243948635984697}. Best is trial 18 with value: 0.8508771929824562.
2025-02-02 15:37:27,837 - INFO - Trial 63 finished with value: 0.8125 and parameters: {'n_estimators': 190, 'max_depth': 14, 'learning_rate': 0.17771665803938014, 'subsample': 0.5476168146911881}. Best is trial 18 with value: 0.8508771929824562.
2025-02-02 15:37:27,877 - INFO - Trial 64 finished with value: 0.8125 and parameters: {'n_estimators': 133, 'max_depth': 15, 'learning_rate': 0.16080004203825854, 'subsample': 0.5639475322291877}. Best is trial 18 with value: 0.8508771929824562.
2025-02-02 15:37:27,907 - INFO - Trial 65 finished with value: 0.8125 and parameters: {'n_estimators': 57, 'max_depth': 12, 'learning_rate': 0.17062943726079285, 'subsample': 0.5803553907643196}. Best is trial 18 with value: 0.8508771929824562.
2025-02-02 15:37:27,945 - INFO - Trial 66 finished with value: 0.7853566958698374 and parameters: {'n_estimators': 101, 'max_depth': 15, 'learning_rate': 0.18522210058088243, 'subsample': 0.5011774428730542}. Best is trial 18 with value: 0.8508771929824562.
2025-02-02 15:37:27,987 - INFO - Trial 67 finished with value: 0.846683354192741 and parameters: {'n_estimators': 151, 'max_depth': 16, 'learning_rate': 0.19426162408150166, 'subsample': 0.6497347664159904}. Best is trial 18 with value: 0.8508771929824562.
2025-02-02 15:37:28,022 - INFO - Trial 68 finished with value: 0.9080100125156445 and parameters: {'n_estimators': 75, 'max_depth': 13, 'learning_rate': 0.17867807696407234, 'subsample': 0.7523567972428766}. Best is trial 68 with value: 0.9080100125156445.
2025-02-02 15:37:28,054 - INFO - Trial 69 finished with value: 0.846683354192741 and parameters: {'n_estimators': 72, 'max_depth': 13, 'learning_rate': 0.1862209223434681, 'subsample': 0.7528954126240798}. Best is trial 68 with value: 0.9080100125156445.
2025-02-02 15:37:28,087 - INFO - Trial 70 finished with value: 0.8125 and parameters: {'n_estimators': 77, 'max_depth': 11, 'learning_rate': 0.17929495909930773, 'subsample': 0.7678189379137882}. Best is trial 68 with value: 0.9080100125156445.
2025-02-02 15:37:28,124 - INFO - Trial 71 finished with value: 0.8188405797101449 and parameters: {'n_estimators': 94, 'max_depth': 12, 'learning_rate': 0.17214577787477373, 'subsample': 0.7204356485590219}. Best is trial 68 with value: 0.9080100125156445.
2025-02-02 15:37:28,164 - INFO - Trial 72 finished with value: 0.875 and parameters: {'n_estimators': 111, 'max_depth': 14, 'learning_rate': 0.1923472798300572, 'subsample': 0.7397566296804149}. Best is trial 68 with value: 0.9080100125156445.
2025-02-02 15:37:28,204 - INFO - Trial 73 finished with value: 0.8401360544217686 and parameters: {'n_estimators': 111, 'max_depth': 13, 'learning_rate': 0.19425628790824054, 'subsample': 0.7364706896129275}. Best is trial 68 with value: 0.9080100125156445.
2025-02-02 15:37:28,243 - INFO - Trial 74 finished with value: 0.8125 and parameters: {'n_estimators': 118, 'max_depth': 14, 'learning_rate': 0.18861050336053906, 'subsample': 0.7830199498936724}. Best is trial 68 with value: 0.9080100125156445.
2025-02-02 15:37:28,275 - INFO - Trial 75 finished with value: 0.8188405797101449 and parameters: {'n_estimators': 65, 'max_depth': 6, 'learning_rate': 0.18307881839110315, 'subsample': 0.6752148163562678}. Best is trial 68 with value: 0.9080100125156445.
2025-02-02 15:37:28,309 - INFO - Trial 76 finished with value: 0.846683354192741 and parameters: {'n_estimators': 86, 'max_depth': 10, 'learning_rate': 0.19285155030573933, 'subsample': 0.615061986330339}. Best is trial 68 with value: 0.9080100125156445.
2025-02-02 15:37:28,345 - INFO - Trial 77 finished with value: 0.7853566958698374 and parameters: {'n_estimators': 78, 'max_depth': 8, 'learning_rate': 0.16831829355921918, 'subsample': 0.8210015126629849}. Best is trial 68 with value: 0.9080100125156445.
2025-02-02 15:37:28,381 - INFO - Trial 78 finished with value: 0.846683354192741 and parameters: {'n_estimators': 96, 'max_depth': 3, 'learning_rate': 0.17824868915554307, 'subsample': 0.6942866973665518}. Best is trial 68 with value: 0.9080100125156445.
