2024-12-10 14:36:26,166 - INFO - Trial 44 finished with value: 1.0 and parameters: {'n_estimators': 129, 'max_depth': 17, 'min_samples_split': 3, 'min_samples_leaf': 4, 'class_weight': None}. Best is trial 0 with value: 1.0.
2024-12-10 14:36:26,359 - INFO - Trial 45 finished with value: 0.9949377571191965 and parameters: {'n_estimators': 84, 'max_depth': 15, 'min_samples_split': 6, 'min_samples_leaf': 4, 'class_weight': 'balanced'}. Best is trial 0 with value: 1.0.
2024-12-10 14:36:26,642 - INFO - Trial 46 finished with value: 1.0 and parameters: {'n_estimators': 140, 'max_depth': 13, 'min_samples_split': 3, 'min_samples_leaf': 3, 'class_weight': None}. Best is trial 0 with value: 1.0.
2024-12-10 14:36:26,892 - INFO - Trial 47 finished with value: 1.0 and parameters: {'n_estimators': 121, 'max_depth': 19, 'min_samples_split': 3, 'min_samples_leaf': 4, 'class_weight': None}. Best is trial 0 with value: 1.0.
2024-12-10 14:36:27,037 - INFO - Trial 48 finished with value: 0.9949377571191965 and parameters: {'n_estimators': 58, 'max_depth': 10, 'min_samples_split': 10, 'min_samples_leaf': 3, 'class_weight': None}. Best is trial 0 with value: 1.0.
2024-12-10 14:36:27,602 - INFO - Trial 49 finished with value: 0.99013357619915 and parameters: {'n_estimators': 298, 'max_depth': 8, 'min_samples_split': 9, 'min_samples_leaf': 4, 'class_weight': None}. Best is trial 0 with value: 1.0.
2024-12-10 14:36:27,808 - INFO - Trial 50 finished with value: 1.0 and parameters: {'n_estimators': 92, 'max_depth': 16, 'min_samples_split': 9, 'min_samples_leaf': 3, 'class_weight': 'balanced'}. Best is trial 0 with value: 1.0.
2024-12-10 14:36:28,330 - INFO - Trial 51 finished with value: 1.0 and parameters: {'n_estimators': 260, 'max_depth': 12, 'min_samples_split': 8, 'min_samples_leaf': 2, 'class_weight': None}. Best is trial 0 with value: 1.0.
2024-12-10 14:36:28,869 - INFO - Trial 52 finished with value: 1.0 and parameters: {'n_estimators': 272, 'max_depth': 13, 'min_samples_split': 8, 'min_samples_leaf': 1, 'class_weight': None}. Best is trial 0 with value: 1.0.
2024-12-10 14:36:29,297 - INFO - Trial 53 finished with value: 1.0 and parameters: {'n_estimators': 218, 'max_depth': 14, 'min_samples_split': 7, 'min_samples_leaf': 2, 'class_weight': None}. Best is trial 0 with value: 1.0.
2024-12-10 14:36:29,800 - INFO - Trial 54 finished with value: 1.0 and parameters: {'n_estimators': 246, 'max_depth': 11, 'min_samples_split': 8, 'min_samples_leaf': 2, 'class_weight': None}. Best is trial 0 with value: 1.0.
2024-12-10 14:36:30,040 - INFO - Trial 55 finished with value: 1.0 and parameters: {'n_estimators': 104, 'max_depth': 18, 'min_samples_split': 9, 'min_samples_leaf': 2, 'class_weight': None}. Best is trial 0 with value: 1.0.
2024-12-10 14:36:30,695 - INFO - Trial 56 finished with value: 0.9949377571191965 and parameters: {'n_estimators': 296, 'max_depth': 10, 'min_samples_split': 7, 'min_samples_leaf': 2, 'class_weight': None}. Best is trial 0 with value: 1.0.
2024-12-10 14:36:31,267 - INFO - Trial 57 finished with value: 0.9949377571191965 and parameters: {'n_estimators': 284, 'max_depth': 15, 'min_samples_split': 6, 'min_samples_leaf': 4, 'class_weight': None}. Best is trial 0 with value: 1.0.
2024-12-10 14:36:31,564 - INFO - Trial 58 finished with value: 1.0 and parameters: {'n_estimators': 149, 'max_depth': 20, 'min_samples_split': 8, 'min_samples_leaf': 3, 'class_weight': None}. Best is trial 0 with value: 1.0.
2024-12-10 14:36:31,731 - INFO - Trial 59 finished with value: 1.0 and parameters: {'n_estimators': 73, 'max_depth': 16, 'min_samples_split': 9, 'min_samples_leaf': 1, 'class_weight': 'balanced'}. Best is trial 0 with value: 1.0.
2024-12-10 14:36:31,994 - INFO - Trial 60 finished with value: 1.0 and parameters: {'n_estimators': 128, 'max_depth': 13, 'min_samples_split': 7, 'min_samples_leaf': 3, 'class_weight': None}. Best is trial 0 with value: 1.0.
2024-12-10 14:36:32,169 - INFO - Trial 61 finished with value: 1.0 and parameters: {'n_estimators': 79, 'max_depth': 20, 'min_samples_split': 5, 'min_samples_leaf': 4, 'class_weight': 'balanced'}. Best is trial 0 with value: 1.0.
2024-12-10 14:36:32,402 - INFO - Trial 62 finished with value: 0.9949377571191965 and parameters: {'n_estimators': 109, 'max_depth': 18, 'min_samples_split': 6, 'min_samples_leaf': 4, 'class_weight': 'balanced'}. Best is trial 0 with value: 1.0.
2024-12-10 14:36:32,723 - INFO - Trial 63 finished with value: 1.0 and parameters: {'n_estimators': 160, 'max_depth': 17, 'min_samples_split': 10, 'min_samples_leaf': 4, 'class_weight': 'balanced'}. Best is trial 0 with value: 1.0.
2024-12-10 14:36:32,863 - INFO - Trial 64 finished with value: 0.99013357619915 and parameters: {'n_estimators': 54, 'max_depth': 9, 'min_samples_split': 8, 'min_samples_leaf': 4, 'class_weight': 'balanced'}. Best is trial 0 with value: 1.0.
2024-12-10 14:36:33,053 - INFO - Trial 65 finished with value: 1.0 and parameters: {'n_estimators': 88, 'max_depth': 19, 'min_samples_split': 7, 'min_samples_leaf': 4, 'class_weight': None}. Best is trial 0 with value: 1.0.
2024-12-10 14:36:33,198 - INFO - Trial 66 finished with value: 1.0 and parameters: {'n_estimators': 60, 'max_depth': 12, 'min_samples_split': 5, 'min_samples_leaf': 3, 'class_weight': 'balanced'}. Best is trial 0 with value: 1.0.
2024-12-10 14:36:33,663 - INFO - Trial 67 finished with value: 1.0 and parameters: {'n_estimators': 235, 'max_depth': 20, 'min_samples_split': 8, 'min_samples_leaf': 4, 'class_weight': None}. Best is trial 0 with value: 1.0.
2024-12-10 14:36:33,837 - INFO - Trial 68 finished with value: 1.0 and parameters: {'n_estimators': 70, 'max_depth': 17, 'min_samples_split': 9, 'min_samples_leaf': 2, 'class_weight': None}. Best is trial 0 with value: 1.0.
2024-12-10 14:36:34,025 - INFO - Trial 69 finished with value: 0.9949377571191965 and parameters: {'n_estimators': 80, 'max_depth': 18, 'min_samples_split': 2, 'min_samples_leaf': 4, 'class_weight': None}. Best is trial 0 with value: 1.0.
2024-12-10 14:36:34,267 - INFO - Trial 70 finished with value: 0.99013357619915 and parameters: {'n_estimators': 117, 'max_depth': 8, 'min_samples_split': 9, 'min_samples_leaf': 4, 'class_weight': None}. Best is trial 0 with value: 1.0.
2024-12-10 14:36:34,744 - INFO - Trial 71 finished with value: 0.9949377571191965 and parameters: {'n_estimators': 250, 'max_depth': 11, 'min_samples_split': 9, 'min_samples_leaf': 3, 'class_weight': None}. Best is trial 0 with value: 1.0.
2024-12-10 14:36:35,224 - INFO - Trial 72 finished with value: 1.0 and parameters: {'n_estimators': 228, 'max_depth': 19, 'min_samples_split': 10, 'min_samples_leaf': 3, 'class_weight': None}. Best is trial 0 with value: 1.0.
2024-12-10 14:36:35,757 - INFO - Trial 73 finished with value: 1.0 and parameters: {'n_estimators': 282, 'max_depth': 15, 'min_samples_split': 9, 'min_samples_leaf': 3, 'class_weight': None}. Best is trial 0 with value: 1.0.
2024-12-10 14:36:36,148 - INFO - Trial 74 finished with value: 1.0 and parameters: {'n_estimators': 195, 'max_depth': 14, 'min_samples_split': 7, 'min_samples_leaf': 3, 'class_weight': None}. Best is trial 0 with value: 1.0.
2024-12-10 14:36:36,573 - INFO - Trial 75 finished with value: 1.0 and parameters: {'n_estimators': 218, 'max_depth': 16, 'min_samples_split': 8, 'min_samples_leaf': 3, 'class_weight': None}. Best is trial 0 with value: 1.0.
2024-12-10 14:36:36,852 - INFO - Trial 76 finished with value: 0.9949377571191965 and parameters: {'n_estimators': 137, 'max_depth': 20, 'min_samples_split': 3, 'min_samples_leaf': 4, 'class_weight': None}. Best is trial 0 with value: 1.0.
2024-12-10 14:36:37,261 - INFO - Trial 77 finished with value: 0.9949377571191965 and parameters: {'n_estimators': 208, 'max_depth': 18, 'min_samples_split': 6, 'min_samples_leaf': 4, 'class_weight': 'balanced'}. Best is trial 0 with value: 1.0.
2024-12-10 14:36:37,388 - INFO - Trial 78 finished with value: 1.0 and parameters: {'n_estimators': 51, 'max_depth': 19, 'min_samples_split': 4, 'min_samples_leaf': 2, 'class_weight': None}. Best is trial 0 with value: 1.0.
2024-12-10 14:36:37,754 - INFO - Trial 79 finished with value: 1.0 and parameters: {'n_estimators': 171, 'max_depth': 13, 'min_samples_split': 10, 'min_samples_leaf': 3, 'class_weight': None}. Best is trial 0 with value: 1.0.
2024-12-10 14:36:37,998 - INFO - Trial 80 finished with value: 1.0 and parameters: {'n_estimators': 94, 'max_depth': 12, 'min_samples_split': 8, 'min_samples_leaf': 4, 'class_weight': None}. Best is trial 0 with value: 1.0.
2024-12-10 14:36:38,321 - INFO - Trial 81 finished with value: 0.9949377571191965 and parameters: {'n_estimators': 132, 'max_depth': 11, 'min_samples_split': 10, 'min_samples_leaf': 4, 'class_weight': None}. Best is trial 0 with value: 1.0.
2024-12-10 14:36:38,646 - INFO - Trial 82 finished with value: 0.9949377571191965 and parameters: {'n_estimators': 121, 'max_depth': 14, 'min_samples_split': 10, 'min_samples_leaf': 4, 'class_weight': None}. Best is trial 0 with value: 1.0.
2024-12-10 14:36:38,870 - INFO - Trial 83 finished with value: 1.0 and parameters: {'n_estimators': 100, 'max_depth': 12, 'min_samples_split': 9, 'min_samples_leaf': 4, 'class_weight': None}. Best is trial 0 with value: 1.0.
2024-12-10 14:36:39,265 - INFO - Trial 84 finished with value: 0.9949377571191965 and parameters: {'n_estimators': 179, 'max_depth': 17, 'min_samples_split': 9, 'min_samples_leaf': 4, 'class_weight': None}. Best is trial 0 with value: 1.0.
2024-12-10 14:36:39,574 - INFO - Trial 85 finished with value: 0.99013357619915 and parameters: {'n_estimators': 157, 'max_depth': 5, 'min_samples_split': 10, 'min_samples_leaf': 4, 'class_weight': None}. Best is trial 0 with value: 1.0.
2024-12-10 14:36:39,858 - INFO - Trial 86 finished with value: 0.9949377571191965 and parameters: {'n_estimators': 110, 'max_depth': 10, 'min_samples_split': 7, 'min_samples_leaf': 4, 'class_weight': None}. Best is trial 0 with value: 1.0.
2024-12-10 14:36:40,426 - INFO - Trial 87 finished with value: 0.9949377571191965 and parameters: {'n_estimators': 253, 'max_depth': 9, 'min_samples_split': 9, 'min_samples_leaf': 3, 'class_weight': None}. Best is trial 0 with value: 1.0.
2024-12-10 14:36:40,773 - INFO - Trial 88 finished with value: 1.0 and parameters: {'n_estimators': 143, 'max_depth': 13, 'min_samples_split': 8, 'min_samples_leaf': 2, 'class_weight': 'balanced'}. Best is trial 0 with value: 1.0.
2024-12-10 14:36:41,289 - INFO - Trial 89 finished with value: 1.0 and parameters: {'n_estimators': 241, 'max_depth': 14, 'min_samples_split': 9, 'min_samples_leaf': 4, 'class_weight': None}. Best is trial 0 with value: 1.0.
2024-12-10 14:36:41,452 - INFO - Trial 90 finished with value: 1.0 and parameters: {'n_estimators': 60, 'max_depth': 12, 'min_samples_split': 7, 'min_samples_leaf': 3, 'class_weight': None}. Best is trial 0 with value: 1.0.
2024-12-10 14:36:41,816 - INFO - Trial 91 finished with value: 1.0 and parameters: {'n_estimators': 149, 'max_depth': 19, 'min_samples_split': 5, 'min_samples_leaf': 2, 'class_weight': None}. Best is trial 0 with value: 1.0.
2024-12-10 14:36:42,174 - INFO - Trial 92 finished with value: 1.0 and parameters: {'n_estimators': 165, 'max_depth': 18, 'min_samples_split': 6, 'min_samples_leaf': 2, 'class_weight': None}. Best is trial 0 with value: 1.0.
2024-12-10 14:36:42,438 - INFO - Trial 93 finished with value: 1.0 and parameters: {'n_estimators': 123, 'max_depth': 20, 'min_samples_split': 6, 'min_samples_leaf': 2, 'class_weight': None}. Best is trial 0 with value: 1.0.
2024-12-10 14:36:42,718 - INFO - Trial 94 finished with value: 1.0 and parameters: {'n_estimators': 131, 'max_depth': 16, 'min_samples_split': 5, 'min_samples_leaf': 2, 'class_weight': None}. Best is trial 0 with value: 1.0.
2024-12-10 14:36:43,038 - INFO - Trial 95 finished with value: 1.0 and parameters: {'n_estimators': 154, 'max_depth': 19, 'min_samples_split': 6, 'min_samples_leaf': 2, 'class_weight': None}. Best is trial 0 with value: 1.0.
2024-12-10 14:36:43,324 - INFO - Trial 96 finished with value: 1.0 and parameters: {'n_estimators': 135, 'max_depth': 17, 'min_samples_split': 7, 'min_samples_leaf': 1, 'class_weight': 'balanced'}. Best is trial 0 with value: 1.0.
2024-12-10 14:36:43,835 - INFO - Trial 97 finished with value: 0.9949377571191965 and parameters: {'n_estimators': 270, 'max_depth': 15, 'min_samples_split': 4, 'min_samples_leaf': 4, 'class_weight': None}. Best is trial 0 with value: 1.0.
2024-12-10 14:36:44,080 - INFO - Trial 98 finished with value: 0.9949377571191965 and parameters: {'n_estimators': 117, 'max_depth': 18, 'min_samples_split': 8, 'min_samples_leaf': 4, 'class_weight': None}. Best is trial 0 with value: 1.0.
2024-12-10 14:36:44,298 - INFO - Trial 99 finished with value: 0.9949377571191965 and parameters: {'n_estimators': 103, 'max_depth': 11, 'min_samples_split': 10, 'min_samples_leaf': 3, 'class_weight': None}. Best is trial 0 with value: 1.0.
2024-12-10 14:36:44,888 - INFO - A new study created in memory with name: no-name-de087d11-033e-4ed3-a303-3bf8c4a98a22
2024-12-10 14:36:44,912 - INFO - Trial 0 finished with value: 0.9888674388674389 and parameters: {'max_depth': 12, 'min_samples_split': 5, 'min_samples_leaf': 3, 'class_weight': None}. Best is trial 0 with value: 0.9888674388674389.
2024-12-10 14:36:44,939 - INFO - Trial 1 finished with value: 0.9946251129177958 and parameters: {'max_depth': 9, 'min_samples_split': 6, 'min_samples_leaf': 3, 'class_weight': 'balanced'}. Best is trial 1 with value: 0.9946251129177958.
2024-12-10 14:36:44,960 - INFO - Trial 2 finished with value: 0.9895833333333334 and parameters: {'max_depth': 13, 'min_samples_split': 4, 'min_samples_leaf': 4, 'class_weight': None}. Best is trial 1 with value: 0.9946251129177958.
2024-12-10 14:36:44,979 - INFO - Trial 3 finished with value: 0.9895833333333334 and parameters: {'max_depth': 6, 'min_samples_split': 3, 'min_samples_leaf': 3, 'class_weight': None}. Best is trial 1 with value: 0.9946251129177958.
2024-12-10 14:36:45,000 - INFO - Trial 4 finished with value: 0.9895833333333334 and parameters: {'max_depth': 6, 'min_samples_split': 5, 'min_samples_leaf': 2, 'class_weight': None}. Best is trial 1 with value: 0.9946251129177958.
2024-12-10 14:36:45,020 - INFO - Trial 5 finished with value: 0.99013357619915 and parameters: {'max_depth': 6, 'min_samples_split': 4, 'min_samples_leaf': 1, 'class_weight': 'balanced'}. Best is trial 1 with value: 0.9946251129177958.
2024-12-10 14:36:45,042 - INFO - Trial 6 finished with value: 0.9895833333333334 and parameters: {'max_depth': 12, 'min_samples_split': 9, 'min_samples_leaf': 1, 'class_weight': None}. Best is trial 1 with value: 0.9946251129177958.
2024-12-10 14:36:45,063 - INFO - Trial 7 finished with value: 0.9895833333333334 and parameters: {'max_depth': 7, 'min_samples_split': 3, 'min_samples_leaf': 4, 'class_weight': None}. Best is trial 1 with value: 0.9946251129177958.
2024-12-10 14:36:45,084 - INFO - Trial 8 finished with value: 0.9838753387533877 and parameters: {'max_depth': 7, 'min_samples_split': 5, 'min_samples_leaf': 2, 'class_weight': 'balanced'}. Best is trial 1 with value: 0.9946251129177958.
2024-12-10 14:36:45,105 - INFO - Trial 9 finished with value: 0.9946251129177958 and parameters: {'max_depth': 19, 'min_samples_split': 2, 'min_samples_leaf': 3, 'class_weight': None}. Best is trial 1 with value: 0.9946251129177958.
2024-12-10 14:36:45,136 - INFO - Trial 10 finished with value: 0.9895833333333334 and parameters: {'max_depth': 17, 'min_samples_split': 8, 'min_samples_leaf': 4, 'class_weight': 'balanced'}. Best is trial 1 with value: 0.9946251129177958.
2024-12-10 14:36:45,167 - INFO - Trial 11 finished with value: 0.9895833333333334 and parameters: {'max_depth': 19, 'min_samples_split': 7, 'min_samples_leaf': 3, 'class_weight': 'balanced'}. Best is trial 1 with value: 0.9946251129177958.
2024-12-10 14:36:45,199 - INFO - Trial 12 finished with value: 0.9946251129177958 and parameters: {'max_depth': 16, 'min_samples_split': 2, 'min_samples_leaf': 3, 'class_weight': 'balanced'}. Best is trial 1 with value: 0.9946251129177958.
2024-12-10 14:36:45,230 - INFO - Trial 13 finished with value: 0.9802671523982999 and parameters: {'max_depth': 3, 'min_samples_split': 10, 'min_samples_leaf': 2, 'class_weight': 'balanced'}. Best is trial 1 with value: 0.9946251129177958.
2024-12-10 14:36:45,259 - INFO - Trial 14 finished with value: 0.9946251129177958 and parameters: {'max_depth': 10, 'min_samples_split': 7, 'min_samples_leaf': 3, 'class_weight': None}. Best is trial 1 with value: 0.9946251129177958.
2024-12-10 14:36:45,294 - INFO - Trial 15 finished with value: 0.9888674388674389 and parameters: {'max_depth': 20, 'min_samples_split': 2, 'min_samples_leaf': 2, 'class_weight': 'balanced'}. Best is trial 1 with value: 0.9946251129177958.
2024-12-10 14:36:45,327 - INFO - Trial 16 finished with value: 0.9895833333333334 and parameters: {'max_depth': 15, 'min_samples_split': 7, 'min_samples_leaf': 4, 'class_weight': 'balanced'}. Best is trial 1 with value: 0.9946251129177958.
2024-12-10 14:36:45,358 - INFO - Trial 17 finished with value: 0.9946251129177958 and parameters: {'max_depth': 9, 'min_samples_split': 6, 'min_samples_leaf': 3, 'class_weight': None}. Best is trial 1 with value: 0.9946251129177958.
2024-12-10 14:36:45,390 - INFO - Trial 18 finished with value: 0.9888674388674389 and parameters: {'max_depth': 14, 'min_samples_split': 9, 'min_samples_leaf': 2, 'class_weight': 'balanced'}. Best is trial 1 with value: 0.9946251129177958.
2024-12-10 14:36:45,420 - INFO - Trial 19 finished with value: 0.9895833333333334 and parameters: {'max_depth': 18, 'min_samples_split': 3, 'min_samples_leaf': 4, 'class_weight': None}. Best is trial 1 with value: 0.9946251129177958.
2024-12-10 14:36:45,454 - INFO - Trial 20 finished with value: 0.9946251129177958 and parameters: {'max_depth': 10, 'min_samples_split': 6, 'min_samples_leaf': 3, 'class_weight': None}. Best is trial 1 with value: 0.9946251129177958.
2024-12-10 14:36:45,488 - INFO - Trial 21 finished with value: 0.9946251129177958 and parameters: {'max_depth': 16, 'min_samples_split': 2, 'min_samples_leaf': 3, 'class_weight': 'balanced'}. Best is trial 1 with value: 0.9946251129177958.
2024-12-10 14:36:45,524 - INFO - Trial 22 finished with value: 0.9888674388674389 and parameters: {'max_depth': 20, 'min_samples_split': 2, 'min_samples_leaf': 3, 'class_weight': 'balanced'}. Best is trial 1 with value: 0.9946251129177958.
2024-12-10 14:36:45,558 - INFO - Trial 23 finished with value: 0.9946251129177958 and parameters: {'max_depth': 17, 'min_samples_split': 4, 'min_samples_leaf': 3, 'class_weight': 'balanced'}. Best is trial 1 with value: 0.9946251129177958.
2024-12-10 14:36:45,591 - INFO - Trial 24 finished with value: 0.9946251129177958 and parameters: {'max_depth': 15, 'min_samples_split': 3, 'min_samples_leaf': 2, 'class_weight': 'balanced'}. Best is trial 1 with value: 0.9946251129177958.
2024-12-10 14:36:45,625 - INFO - Trial 25 finished with value: 0.9946251129177958 and parameters: {'max_depth': 18, 'min_samples_split': 2, 'min_samples_leaf': 3, 'class_weight': 'balanced'}. Best is trial 1 with value: 0.9946251129177958.
2024-12-10 14:36:45,659 - INFO - Trial 26 finished with value: 0.9895833333333334 and parameters: {'max_depth': 9, 'min_samples_split': 4, 'min_samples_leaf': 4, 'class_weight': 'balanced'}. Best is trial 1 with value: 0.9946251129177958.
2024-12-10 14:36:45,693 - INFO - Trial 27 finished with value: 0.9946251129177958 and parameters: {'max_depth': 14, 'min_samples_split': 3, 'min_samples_leaf': 3, 'class_weight': 'balanced'}. Best is trial 1 with value: 0.9946251129177958.
2024-12-10 14:36:45,724 - INFO - Trial 28 finished with value: 0.9802671523982999 and parameters: {'max_depth': 3, 'min_samples_split': 2, 'min_samples_leaf': 2, 'class_weight': None}. Best is trial 1 with value: 0.9946251129177958.
2024-12-10 14:36:45,763 - INFO - Trial 29 finished with value: 0.9946251129177958 and parameters: {'max_depth': 18, 'min_samples_split': 5, 'min_samples_leaf': 3, 'class_weight': None}. Best is trial 1 with value: 0.9946251129177958.
2024-12-10 14:36:45,798 - INFO - Trial 30 finished with value: 0.9895833333333334 and parameters: {'max_depth': 12, 'min_samples_split': 8, 'min_samples_leaf': 4, 'class_weight': 'balanced'}. Best is trial 1 with value: 0.9946251129177958.
2024-12-10 14:36:45,832 - INFO - Trial 31 finished with value: 0.9946251129177958 and parameters: {'max_depth': 10, 'min_samples_split': 7, 'min_samples_leaf': 3, 'class_weight': None}. Best is trial 1 with value: 0.9946251129177958.
2024-12-10 14:36:45,865 - INFO - Trial 32 finished with value: 0.9888674388674389 and parameters: {'max_depth': 11, 'min_samples_split': 8, 'min_samples_leaf': 3, 'class_weight': None}. Best is trial 1 with value: 0.9946251129177958.
2024-12-10 14:36:45,900 - INFO - Trial 33 finished with value: 0.9838753387533877 and parameters: {'max_depth': 8, 'min_samples_split': 6, 'min_samples_leaf': 3, 'class_weight': None}. Best is trial 1 with value: 0.9946251129177958.
2024-12-10 14:36:45,934 - INFO - Trial 34 finished with value: 0.9946251129177958 and parameters: {'max_depth': 11, 'min_samples_split': 7, 'min_samples_leaf': 3, 'class_weight': None}. Best is trial 1 with value: 0.9946251129177958.
2024-12-10 14:36:45,968 - INFO - Trial 35 finished with value: 0.9888674388674389 and parameters: {'max_depth': 13, 'min_samples_split': 10, 'min_samples_leaf': 3, 'class_weight': None}. Best is trial 1 with value: 0.9946251129177958.
2024-12-10 14:36:46,000 - INFO - Trial 36 finished with value: 0.9895833333333334 and parameters: {'max_depth': 10, 'min_samples_split': 4, 'min_samples_leaf': 4, 'class_weight': None}. Best is trial 1 with value: 0.9946251129177958.
