2025-02-02 16:56:35,019 - INFO - Trial 57 finished with value: 0.8188405797101449 and parameters: {'n_estimators': 254, 'max_depth': 17, 'min_samples_split': 5, 'min_samples_leaf': 1, 'class_weight': None}. Best is trial 15 with value: 0.8792270531400965.
2025-02-02 16:56:35,154 - INFO - Trial 58 finished with value: 0.8227272727272728 and parameters: {'n_estimators': 125, 'max_depth': 13, 'min_samples_split': 6, 'min_samples_leaf': 1, 'class_weight': 'balanced'}. Best is trial 15 with value: 0.8792270531400965.
2025-02-02 16:56:35,441 - INFO - Trial 59 finished with value: 0.8227272727272728 and parameters: {'n_estimators': 299, 'max_depth': 10, 'min_samples_split': 9, 'min_samples_leaf': 1, 'class_weight': 'balanced'}. Best is trial 15 with value: 0.8792270531400965.
2025-02-02 16:56:35,628 - INFO - Trial 60 finished with value: 0.7945736434108528 and parameters: {'n_estimators': 188, 'max_depth': 15, 'min_samples_split': 8, 'min_samples_leaf': 2, 'class_weight': 'balanced'}. Best is trial 15 with value: 0.8792270531400965.
2025-02-02 16:56:35,802 - INFO - Trial 61 finished with value: 0.8227272727272728 and parameters: {'n_estimators': 167, 'max_depth': 18, 'min_samples_split': 7, 'min_samples_leaf': 1, 'class_weight': 'balanced'}. Best is trial 15 with value: 0.8792270531400965.
2025-02-02 16:56:35,958 - INFO - Trial 62 finished with value: 0.8508771929824562 and parameters: {'n_estimators': 152, 'max_depth': 17, 'min_samples_split': 6, 'min_samples_leaf': 1, 'class_weight': 'balanced'}. Best is trial 15 with value: 0.8792270531400965.
2025-02-02 16:56:36,127 - INFO - Trial 63 finished with value: 0.8188405797101449 and parameters: {'n_estimators': 169, 'max_depth': 19, 'min_samples_split': 6, 'min_samples_leaf': 1, 'class_weight': 'balanced'}. Best is trial 15 with value: 0.8792270531400965.
2025-02-02 16:56:36,223 - INFO - Trial 64 finished with value: 0.8188405797101449 and parameters: {'n_estimators': 82, 'max_depth': 8, 'min_samples_split': 5, 'min_samples_leaf': 1, 'class_weight': 'balanced'}. Best is trial 15 with value: 0.8792270531400965.
2025-02-02 16:56:36,376 - INFO - Trial 65 finished with value: 0.8792270531400965 and parameters: {'n_estimators': 143, 'max_depth': 15, 'min_samples_split': 3, 'min_samples_leaf': 1, 'class_weight': 'balanced'}. Best is trial 15 with value: 0.8792270531400965.
2025-02-02 16:56:36,525 - INFO - Trial 66 finished with value: 0.8188405797101449 and parameters: {'n_estimators': 142, 'max_depth': 15, 'min_samples_split': 3, 'min_samples_leaf': 1, 'class_weight': 'balanced'}. Best is trial 15 with value: 0.8792270531400965.
2025-02-02 16:56:36,653 - INFO - Trial 67 finished with value: 0.8188405797101449 and parameters: {'n_estimators': 119, 'max_depth': 12, 'min_samples_split': 2, 'min_samples_leaf': 1, 'class_weight': 'balanced'}. Best is trial 15 with value: 0.8792270531400965.
2025-02-02 16:56:36,758 - INFO - Trial 68 finished with value: 0.8508771929824562 and parameters: {'n_estimators': 95, 'max_depth': 16, 'min_samples_split': 4, 'min_samples_leaf': 3, 'class_weight': 'balanced'}. Best is trial 15 with value: 0.8792270531400965.
2025-02-02 16:56:36,922 - INFO - Trial 69 finished with value: 0.8188405797101449 and parameters: {'n_estimators': 158, 'max_depth': 13, 'min_samples_split': 3, 'min_samples_leaf': 1, 'class_weight': None}. Best is trial 15 with value: 0.8792270531400965.
2025-02-02 16:56:36,994 - INFO - Trial 70 finished with value: 0.8188405797101449 and parameters: {'n_estimators': 59, 'max_depth': 11, 'min_samples_split': 4, 'min_samples_leaf': 2, 'class_weight': 'balanced'}. Best is trial 15 with value: 0.8792270531400965.
2025-02-02 16:56:37,134 - INFO - Trial 71 finished with value: 0.8508771929824562 and parameters: {'n_estimators': 132, 'max_depth': 17, 'min_samples_split': 7, 'min_samples_leaf': 1, 'class_weight': 'balanced'}. Best is trial 15 with value: 0.8792270531400965.
2025-02-02 16:56:37,314 - INFO - Trial 72 finished with value: 0.8188405797101449 and parameters: {'n_estimators': 170, 'max_depth': 16, 'min_samples_split': 3, 'min_samples_leaf': 1, 'class_weight': 'balanced'}. Best is trial 15 with value: 0.8792270531400965.
2025-02-02 16:56:37,469 - INFO - Trial 73 finished with value: 0.8188405797101449 and parameters: {'n_estimators': 149, 'max_depth': 14, 'min_samples_split': 5, 'min_samples_leaf': 1, 'class_weight': 'balanced'}. Best is trial 15 with value: 0.8792270531400965.
2025-02-02 16:56:37,586 - INFO - Trial 74 finished with value: 0.7945736434108528 and parameters: {'n_estimators': 108, 'max_depth': 20, 'min_samples_split': 2, 'min_samples_leaf': 4, 'class_weight': 'balanced'}. Best is trial 15 with value: 0.8792270531400965.
2025-02-02 16:56:37,764 - INFO - Trial 75 finished with value: 0.8188405797101449 and parameters: {'n_estimators': 174, 'max_depth': 18, 'min_samples_split': 6, 'min_samples_leaf': 1, 'class_weight': 'balanced'}. Best is trial 15 with value: 0.8792270531400965.
2025-02-02 16:56:37,962 - INFO - Trial 76 finished with value: 0.8508771929824562 and parameters: {'n_estimators': 194, 'max_depth': 15, 'min_samples_split': 4, 'min_samples_leaf': 1, 'class_weight': 'balanced'}. Best is trial 15 with value: 0.8792270531400965.
2025-02-02 16:56:38,100 - INFO - Trial 77 finished with value: 0.8508771929824562 and parameters: {'n_estimators': 126, 'max_depth': 17, 'min_samples_split': 6, 'min_samples_leaf': 1, 'class_weight': 'balanced'}. Best is trial 15 with value: 0.8792270531400965.
2025-02-02 16:56:38,283 - INFO - Trial 78 finished with value: 0.8508771929824562 and parameters: {'n_estimators': 180, 'max_depth': 19, 'min_samples_split': 5, 'min_samples_leaf': 1, 'class_weight': 'balanced'}. Best is trial 15 with value: 0.8792270531400965.
2025-02-02 16:56:38,450 - INFO - Trial 79 finished with value: 0.8508771929824562 and parameters: {'n_estimators': 158, 'max_depth': 18, 'min_samples_split': 8, 'min_samples_leaf': 1, 'class_weight': 'balanced'}. Best is trial 15 with value: 0.8792270531400965.
2025-02-02 16:56:38,660 - INFO - Trial 80 finished with value: 0.8188405797101449 and parameters: {'n_estimators': 211, 'max_depth': 16, 'min_samples_split': 3, 'min_samples_leaf': 1, 'class_weight': None}. Best is trial 15 with value: 0.8792270531400965.
2025-02-02 16:56:38,762 - INFO - Trial 81 finished with value: 0.8188405797101449 and parameters: {'n_estimators': 90, 'max_depth': 17, 'min_samples_split': 8, 'min_samples_leaf': 2, 'class_weight': 'balanced'}. Best is trial 15 with value: 0.8792270531400965.
2025-02-02 16:56:39,066 - INFO - Trial 82 finished with value: 0.8227272727272728 and parameters: {'n_estimators': 298, 'max_depth': 15, 'min_samples_split': 9, 'min_samples_leaf': 2, 'class_weight': 'balanced'}. Best is trial 15 with value: 0.8792270531400965.
2025-02-02 16:56:39,176 - INFO - Trial 83 finished with value: 0.8508771929824562 and parameters: {'n_estimators': 70, 'max_depth': 19, 'min_samples_split': 7, 'min_samples_leaf': 1, 'class_weight': 'balanced'}. Best is trial 15 with value: 0.8792270531400965.
2025-02-02 16:56:39,482 - INFO - Trial 84 finished with value: 0.8227272727272728 and parameters: {'n_estimators': 282, 'max_depth': 16, 'min_samples_split': 8, 'min_samples_leaf': 3, 'class_weight': 'balanced'}. Best is trial 15 with value: 0.8792270531400965.
2025-02-02 16:56:39,601 - INFO - Trial 85 finished with value: 0.7912280701754386 and parameters: {'n_estimators': 100, 'max_depth': 17, 'min_samples_split': 7, 'min_samples_leaf': 1, 'class_weight': 'balanced'}. Best is trial 15 with value: 0.8792270531400965.
2025-02-02 16:56:39,727 - INFO - Trial 86 finished with value: 0.8508771929824562 and parameters: {'n_estimators': 115, 'max_depth': 20, 'min_samples_split': 10, 'min_samples_leaf': 1, 'class_weight': 'balanced'}. Best is trial 15 with value: 0.8792270531400965.
2025-02-02 16:56:39,874 - INFO - Trial 87 finished with value: 0.8188405797101449 and parameters: {'n_estimators': 137, 'max_depth': 18, 'min_samples_split': 4, 'min_samples_leaf': 1, 'class_weight': 'balanced'}. Best is trial 15 with value: 0.8792270531400965.
2025-02-02 16:56:39,970 - INFO - Trial 88 finished with value: 0.8508771929824562 and parameters: {'n_estimators': 80, 'max_depth': 19, 'min_samples_split': 6, 'min_samples_leaf': 1, 'class_weight': 'balanced'}. Best is trial 15 with value: 0.8792270531400965.
2025-02-02 16:56:40,168 - INFO - Trial 89 finished with value: 0.8188405797101449 and parameters: {'n_estimators': 193, 'max_depth': 8, 'min_samples_split': 4, 'min_samples_leaf': 2, 'class_weight': 'balanced'}. Best is trial 15 with value: 0.8792270531400965.
2025-02-02 16:56:40,340 - INFO - Trial 90 finished with value: 0.8508771929824562 and parameters: {'n_estimators': 146, 'max_depth': 10, 'min_samples_split': 2, 'min_samples_leaf': 1, 'class_weight': 'balanced'}. Best is trial 15 with value: 0.8792270531400965.
2025-02-02 16:56:40,432 - INFO - Trial 91 finished with value: 0.7853566958698374 and parameters: {'n_estimators': 56, 'max_depth': 11, 'min_samples_split': 5, 'min_samples_leaf': 1, 'class_weight': 'balanced'}. Best is trial 15 with value: 0.8792270531400965.
2025-02-02 16:56:40,527 - INFO - Trial 92 finished with value: 0.8792270531400965 and parameters: {'n_estimators': 67, 'max_depth': 10, 'min_samples_split': 3, 'min_samples_leaf': 1, 'class_weight': 'balanced'}. Best is trial 15 with value: 0.8792270531400965.
2025-02-02 16:56:40,618 - INFO - Trial 93 finished with value: 0.7853566958698374 and parameters: {'n_estimators': 63, 'max_depth': 10, 'min_samples_split': 3, 'min_samples_leaf': 1, 'class_weight': 'balanced'}. Best is trial 15 with value: 0.8792270531400965.
2025-02-02 16:56:40,713 - INFO - Trial 94 finished with value: 0.8188405797101449 and parameters: {'n_estimators': 72, 'max_depth': 9, 'min_samples_split': 3, 'min_samples_leaf': 1, 'class_weight': 'balanced'}. Best is trial 15 with value: 0.8792270531400965.
2025-02-02 16:56:40,785 - INFO - Trial 95 finished with value: 0.8188405797101449 and parameters: {'n_estimators': 50, 'max_depth': 17, 'min_samples_split': 3, 'min_samples_leaf': 1, 'class_weight': 'balanced'}. Best is trial 15 with value: 0.8792270531400965.
2025-02-02 16:56:41,062 - INFO - Trial 96 finished with value: 0.8508771929824562 and parameters: {'n_estimators': 239, 'max_depth': 16, 'min_samples_split': 9, 'min_samples_leaf': 1, 'class_weight': 'balanced'}. Best is trial 15 with value: 0.8792270531400965.
2025-02-02 16:56:41,163 - INFO - Trial 97 finished with value: 0.8188405797101449 and parameters: {'n_estimators': 82, 'max_depth': 14, 'min_samples_split': 2, 'min_samples_leaf': 1, 'class_weight': None}. Best is trial 15 with value: 0.8792270531400965.
2025-02-02 16:56:41,248 - INFO - Trial 98 finished with value: 0.8508771929824562 and parameters: {'n_estimators': 68, 'max_depth': 15, 'min_samples_split': 4, 'min_samples_leaf': 1, 'class_weight': 'balanced'}. Best is trial 15 with value: 0.8792270531400965.
2025-02-02 16:56:41,398 - INFO - Trial 99 finished with value: 0.8508771929824562 and parameters: {'n_estimators': 122, 'max_depth': 12, 'min_samples_split': 6, 'min_samples_leaf': 1, 'class_weight': 'balanced'}. Best is trial 15 with value: 0.8792270531400965.
2025-02-02 16:56:41,852 - INFO - A new study created in memory with name: no-name-db0780c8-160c-427e-9ff7-e6e0a6deb650
2025-02-02 16:56:41,860 - INFO - Trial 0 finished with value: 0.8532668881506091 and parameters: {'max_depth': 19, 'min_samples_split': 7, 'min_samples_leaf': 4, 'class_weight': 'balanced'}. Best is trial 0 with value: 0.8532668881506091.
2025-02-02 16:56:41,867 - INFO - Trial 1 finished with value: 0.8188405797101449 and parameters: {'max_depth': 8, 'min_samples_split': 10, 'min_samples_leaf': 1, 'class_weight': 'balanced'}. Best is trial 0 with value: 0.8532668881506091.
2025-02-02 16:56:41,877 - INFO - Trial 2 finished with value: 0.8188405797101449 and parameters: {'max_depth': 3, 'min_samples_split': 5, 'min_samples_leaf': 3, 'class_weight': 'balanced'}. Best is trial 0 with value: 0.8532668881506091.
2025-02-02 16:56:41,882 - INFO - Trial 3 finished with value: 0.8188405797101449 and parameters: {'max_depth': 3, 'min_samples_split': 4, 'min_samples_leaf': 3, 'class_weight': 'balanced'}. Best is trial 0 with value: 0.8532668881506091.
2025-02-02 16:56:41,886 - INFO - Trial 4 finished with value: 0.8188405797101449 and parameters: {'max_depth': 3, 'min_samples_split': 9, 'min_samples_leaf': 1, 'class_weight': None}. Best is trial 0 with value: 0.8532668881506091.
2025-02-02 16:56:41,892 - INFO - Trial 5 finished with value: 0.8508771929824562 and parameters: {'max_depth': 20, 'min_samples_split': 9, 'min_samples_leaf': 4, 'class_weight': None}. Best is trial 0 with value: 0.8532668881506091.
2025-02-02 16:56:41,896 - INFO - Trial 6 finished with value: 0.8188405797101449 and parameters: {'max_depth': 13, 'min_samples_split': 6, 'min_samples_leaf': 3, 'class_weight': None}. Best is trial 0 with value: 0.8532668881506091.
2025-02-02 16:56:41,902 - INFO - Trial 7 finished with value: 0.8818181818181818 and parameters: {'max_depth': 3, 'min_samples_split': 5, 'min_samples_leaf': 2, 'class_weight': 'balanced'}. Best is trial 7 with value: 0.8818181818181818.
2025-02-02 16:56:41,906 - INFO - Trial 8 finished with value: 0.8246753246753247 and parameters: {'max_depth': 7, 'min_samples_split': 4, 'min_samples_leaf': 4, 'class_weight': 'balanced'}. Best is trial 7 with value: 0.8818181818181818.
2025-02-02 16:56:41,911 - INFO - Trial 9 finished with value: 0.8188405797101449 and parameters: {'max_depth': 8, 'min_samples_split': 10, 'min_samples_leaf': 4, 'class_weight': None}. Best is trial 7 with value: 0.8818181818181818.
2025-02-02 16:56:41,925 - INFO - Trial 10 finished with value: 0.8532668881506091 and parameters: {'max_depth': 14, 'min_samples_split': 2, 'min_samples_leaf': 2, 'class_weight': 'balanced'}. Best is trial 7 with value: 0.8818181818181818.
2025-02-02 16:56:41,938 - INFO - Trial 11 finished with value: 0.8188405797101449 and parameters: {'max_depth': 19, 'min_samples_split': 7, 'min_samples_leaf': 2, 'class_weight': 'balanced'}. Best is trial 7 with value: 0.8818181818181818.
2025-02-02 16:56:41,951 - INFO - Trial 12 finished with value: 0.8818181818181818 and parameters: {'max_depth': 16, 'min_samples_split': 7, 'min_samples_leaf': 2, 'class_weight': 'balanced'}. Best is trial 7 with value: 0.8818181818181818.
2025-02-02 16:56:41,968 - INFO - Trial 13 finished with value: 0.8188405797101449 and parameters: {'max_depth': 15, 'min_samples_split': 7, 'min_samples_leaf': 2, 'class_weight': 'balanced'}. Best is trial 7 with value: 0.8818181818181818.
2025-02-02 16:56:41,982 - INFO - Trial 14 finished with value: 0.8188405797101449 and parameters: {'max_depth': 17, 'min_samples_split': 2, 'min_samples_leaf': 2, 'class_weight': 'balanced'}. Best is trial 7 with value: 0.8818181818181818.
2025-02-02 16:56:41,998 - INFO - Trial 15 finished with value: 0.8188405797101449 and parameters: {'max_depth': 11, 'min_samples_split': 5, 'min_samples_leaf': 1, 'class_weight': 'balanced'}. Best is trial 7 with value: 0.8818181818181818.
2025-02-02 16:56:42,014 - INFO - Trial 16 finished with value: 0.7912280701754386 and parameters: {'max_depth': 11, 'min_samples_split': 8, 'min_samples_leaf': 2, 'class_weight': 'balanced'}. Best is trial 7 with value: 0.8818181818181818.
2025-02-02 16:56:42,028 - INFO - Trial 17 finished with value: 0.8246753246753247 and parameters: {'max_depth': 16, 'min_samples_split': 5, 'min_samples_leaf': 3, 'class_weight': 'balanced'}. Best is trial 7 with value: 0.8818181818181818.
2025-02-02 16:56:42,042 - INFO - Trial 18 finished with value: 0.9080100125156445 and parameters: {'max_depth': 6, 'min_samples_split': 3, 'min_samples_leaf': 1, 'class_weight': None}. Best is trial 18 with value: 0.9080100125156445.
2025-02-02 16:56:42,054 - INFO - Trial 19 finished with value: 0.8401360544217686 and parameters: {'max_depth': 6, 'min_samples_split': 3, 'min_samples_leaf': 1, 'class_weight': None}. Best is trial 18 with value: 0.9080100125156445.
2025-02-02 16:56:42,067 - INFO - Trial 20 finished with value: 0.875 and parameters: {'max_depth': 5, 'min_samples_split': 3, 'min_samples_leaf': 1, 'class_weight': None}. Best is trial 18 with value: 0.9080100125156445.
2025-02-02 16:56:42,081 - INFO - Trial 21 finished with value: 0.8818181818181818 and parameters: {'max_depth': 10, 'min_samples_split': 6, 'min_samples_leaf': 2, 'class_weight': None}. Best is trial 18 with value: 0.9080100125156445.
2025-02-02 16:56:42,094 - INFO - Trial 22 finished with value: 0.7853566958698374 and parameters: {'max_depth': 5, 'min_samples_split': 4, 'min_samples_leaf': 1, 'class_weight': None}. Best is trial 18 with value: 0.9080100125156445.
2025-02-02 16:56:42,108 - INFO - Trial 23 finished with value: 0.8188405797101449 and parameters: {'max_depth': 9, 'min_samples_split': 3, 'min_samples_leaf': 2, 'class_weight': None}. Best is trial 18 with value: 0.9080100125156445.
2025-02-02 16:56:42,121 - INFO - Trial 24 finished with value: 0.8188405797101449 and parameters: {'max_depth': 5, 'min_samples_split': 8, 'min_samples_leaf': 2, 'class_weight': 'balanced'}. Best is trial 18 with value: 0.9080100125156445.
2025-02-02 16:56:42,135 - INFO - Trial 25 finished with value: 0.8508771929824562 and parameters: {'max_depth': 13, 'min_samples_split': 6, 'min_samples_leaf': 1, 'class_weight': 'balanced'}. Best is trial 18 with value: 0.9080100125156445.
2025-02-02 16:56:42,150 - INFO - Trial 26 finished with value: 0.9080100125156445 and parameters: {'max_depth': 17, 'min_samples_split': 5, 'min_samples_leaf': 3, 'class_weight': None}. Best is trial 18 with value: 0.9080100125156445.
2025-02-02 16:56:42,165 - INFO - Trial 27 finished with value: 0.9080100125156445 and parameters: {'max_depth': 4, 'min_samples_split': 5, 'min_samples_leaf': 3, 'class_weight': None}. Best is trial 18 with value: 0.9080100125156445.
2025-02-02 16:56:42,179 - INFO - Trial 28 finished with value: 0.8188405797101449 and parameters: {'max_depth': 6, 'min_samples_split': 4, 'min_samples_leaf': 3, 'class_weight': None}. Best is trial 18 with value: 0.9080100125156445.
2025-02-02 16:56:42,193 - INFO - Trial 29 finished with value: 0.8188405797101449 and parameters: {'max_depth': 18, 'min_samples_split': 3, 'min_samples_leaf': 3, 'class_weight': None}. Best is trial 18 with value: 0.9080100125156445.
2025-02-02 16:56:42,207 - INFO - Trial 30 finished with value: 0.9375 and parameters: {'max_depth': 9, 'min_samples_split': 2, 'min_samples_leaf': 4, 'class_weight': None}. Best is trial 30 with value: 0.9375.
2025-02-02 16:56:42,220 - INFO - Trial 31 finished with value: 0.9080100125156445 and parameters: {'max_depth': 9, 'min_samples_split': 2, 'min_samples_leaf': 4, 'class_weight': None}. Best is trial 30 with value: 0.9375.
2025-02-02 16:56:42,236 - INFO - Trial 32 finished with value: 0.8188405797101449 and parameters: {'max_depth': 7, 'min_samples_split': 2, 'min_samples_leaf': 4, 'class_weight': None}. Best is trial 30 with value: 0.9375.
2025-02-02 16:56:42,251 - INFO - Trial 33 finished with value: 0.9080100125156445 and parameters: {'max_depth': 4, 'min_samples_split': 3, 'min_samples_leaf': 3, 'class_weight': None}. Best is trial 30 with value: 0.9375.
2025-02-02 16:56:42,272 - INFO - Trial 34 finished with value: 0.8188405797101449 and parameters: {'max_depth': 8, 'min_samples_split': 4, 'min_samples_leaf': 3, 'class_weight': None}. Best is trial 30 with value: 0.9375.
2025-02-02 16:56:42,289 - INFO - Trial 35 finished with value: 0.8188405797101449 and parameters: {'max_depth': 7, 'min_samples_split': 5, 'min_samples_leaf': 4, 'class_weight': None}. Best is trial 30 with value: 0.9375.
2025-02-02 16:56:42,308 - INFO - Trial 36 finished with value: 0.9080100125156445 and parameters: {'max_depth': 12, 'min_samples_split': 4, 'min_samples_leaf': 3, 'class_weight': None}. Best is trial 30 with value: 0.9375.
2025-02-02 16:56:42,325 - INFO - Trial 37 finished with value: 0.9080100125156445 and parameters: {'max_depth': 10, 'min_samples_split': 2, 'min_samples_leaf': 3, 'class_weight': None}. Best is trial 30 with value: 0.9375.
2025-02-02 16:56:42,342 - INFO - Trial 38 finished with value: 0.8188405797101449 and parameters: {'max_depth': 4, 'min_samples_split': 6, 'min_samples_leaf': 4, 'class_weight': None}. Best is trial 30 with value: 0.9375.
2025-02-02 16:56:42,358 - INFO - Trial 39 finished with value: 0.8188405797101449 and parameters: {'max_depth': 6, 'min_samples_split': 3, 'min_samples_leaf': 4, 'class_weight': None}. Best is trial 30 with value: 0.9375.
2025-02-02 16:56:42,378 - INFO - Trial 40 finished with value: 0.9080100125156445 and parameters: {'max_depth': 4, 'min_samples_split': 4, 'min_samples_leaf': 3, 'class_weight': None}. Best is trial 30 with value: 0.9375.
2025-02-02 16:56:42,398 - INFO - Trial 41 finished with value: 0.9080100125156445 and parameters: {'max_depth': 10, 'min_samples_split': 2, 'min_samples_leaf': 4, 'class_weight': None}. Best is trial 30 with value: 0.9375.
2025-02-02 16:56:42,418 - INFO - Trial 42 finished with value: 0.8188405797101449 and parameters: {'max_depth': 9, 'min_samples_split': 2, 'min_samples_leaf': 4, 'class_weight': None}. Best is trial 30 with value: 0.9375.
2025-02-02 16:56:42,434 - INFO - Trial 43 finished with value: 0.9080100125156445 and parameters: {'max_depth': 9, 'min_samples_split': 2, 'min_samples_leaf': 4, 'class_weight': None}. Best is trial 30 with value: 0.9375.
2025-02-02 16:56:42,449 - INFO - Trial 44 finished with value: 0.8188405797101449 and parameters: {'max_depth': 8, 'min_samples_split': 5, 'min_samples_leaf': 4, 'class_weight': None}. Best is trial 30 with value: 0.9375.
2025-02-02 16:56:42,465 - INFO - Trial 45 finished with value: 0.9080100125156445 and parameters: {'max_depth': 12, 'min_samples_split': 3, 'min_samples_leaf': 3, 'class_weight': None}. Best is trial 30 with value: 0.9375.
