2025-02-02 14:17:46,682 - INFO - Trial 95 finished with value: 0.8188405797101449 and parameters: {'n_estimators': 137, 'max_depth': 3, 'learning_rate': 0.023160891861228404, 'subsample': 0.5618157117235795}. Best is trial 10 with value: 0.8508771929824562.
2025-02-02 14:17:46,770 - INFO - Trial 96 finished with value: 0.8188405797101449 and parameters: {'n_estimators': 148, 'max_depth': 4, 'learning_rate': 0.06433113408831613, 'subsample': 0.5767148431997686}. Best is trial 10 with value: 0.8508771929824562.
2025-02-02 14:17:46,855 - INFO - Trial 97 finished with value: 0.8508771929824562 and parameters: {'n_estimators': 141, 'max_depth': 3, 'learning_rate': 0.019184822792158787, 'subsample': 0.5483367409106681}. Best is trial 10 with value: 0.8508771929824562.
2025-02-02 14:17:46,944 - INFO - Trial 98 finished with value: 0.8508771929824562 and parameters: {'n_estimators': 144, 'max_depth': 4, 'learning_rate': 0.02744666863352673, 'subsample': 0.5011837369867704}. Best is trial 10 with value: 0.8508771929824562.
2025-02-02 14:17:47,038 - INFO - Trial 99 finished with value: 0.8508771929824562 and parameters: {'n_estimators': 139, 'max_depth': 5, 'learning_rate': 0.024956938202338443, 'subsample': 0.5167870386288074}. Best is trial 10 with value: 0.8508771929824562.
2025-02-02 15:11:46,244 - INFO - A new study created in memory with name: no-name-197c5ef8-066d-422f-bbe2-aa82d327d3ec
2025-02-02 15:11:46,389 - INFO - Trial 0 finished with value: 0.7662337662337663 and parameters: {'n_estimators': 61, 'max_depth': 19, 'min_samples_split': 7, 'min_samples_leaf': 4, 'class_weight': None}. Best is trial 0 with value: 0.7662337662337663.
2025-02-02 15:11:46,522 - INFO - Trial 1 finished with value: 0.8508771929824562 and parameters: {'n_estimators': 155, 'max_depth': 14, 'min_samples_split': 4, 'min_samples_leaf': 2, 'class_weight': None}. Best is trial 1 with value: 0.8508771929824562.
2025-02-02 15:11:46,586 - INFO - Trial 2 finished with value: 0.8508771929824562 and parameters: {'n_estimators': 65, 'max_depth': 19, 'min_samples_split': 8, 'min_samples_leaf': 1, 'class_weight': None}. Best is trial 1 with value: 0.8508771929824562.
2025-02-02 15:11:46,764 - INFO - Trial 3 finished with value: 0.8508771929824562 and parameters: {'n_estimators': 208, 'max_depth': 11, 'min_samples_split': 2, 'min_samples_leaf': 1, 'class_weight': 'balanced'}. Best is trial 1 with value: 0.8508771929824562.
2025-02-02 15:11:46,844 - INFO - Trial 4 finished with value: 0.8508771929824562 and parameters: {'n_estimators': 85, 'max_depth': 18, 'min_samples_split': 2, 'min_samples_leaf': 3, 'class_weight': None}. Best is trial 1 with value: 0.8508771929824562.
2025-02-02 15:11:46,945 - INFO - Trial 5 finished with value: 0.8508771929824562 and parameters: {'n_estimators': 113, 'max_depth': 10, 'min_samples_split': 2, 'min_samples_leaf': 2, 'class_weight': None}. Best is trial 1 with value: 0.8508771929824562.
2025-02-02 15:11:47,099 - INFO - Trial 6 finished with value: 0.8508771929824562 and parameters: {'n_estimators': 184, 'max_depth': 13, 'min_samples_split': 8, 'min_samples_leaf': 3, 'class_weight': None}. Best is trial 1 with value: 0.8508771929824562.
2025-02-02 15:11:47,265 - INFO - Trial 7 finished with value: 0.8508771929824562 and parameters: {'n_estimators': 203, 'max_depth': 8, 'min_samples_split': 10, 'min_samples_leaf': 3, 'class_weight': None}. Best is trial 1 with value: 0.8508771929824562.
2025-02-02 15:11:47,332 - INFO - Trial 8 finished with value: 0.8508771929824562 and parameters: {'n_estimators': 63, 'max_depth': 4, 'min_samples_split': 9, 'min_samples_leaf': 3, 'class_weight': 'balanced'}. Best is trial 1 with value: 0.8508771929824562.
2025-02-02 15:11:47,447 - INFO - Trial 9 finished with value: 0.8508771929824562 and parameters: {'n_estimators': 115, 'max_depth': 8, 'min_samples_split': 3, 'min_samples_leaf': 3, 'class_weight': None}. Best is trial 1 with value: 0.8508771929824562.
2025-02-02 15:11:47,695 - INFO - Trial 10 finished with value: 0.8508771929824562 and parameters: {'n_estimators': 288, 'max_depth': 15, 'min_samples_split': 5, 'min_samples_leaf': 2, 'class_weight': 'balanced'}. Best is trial 1 with value: 0.8508771929824562.
2025-02-02 15:11:47,839 - INFO - Trial 11 finished with value: 0.8508771929824562 and parameters: {'n_estimators': 144, 'max_depth': 16, 'min_samples_split': 5, 'min_samples_leaf': 1, 'class_weight': None}. Best is trial 1 with value: 0.8508771929824562.
2025-02-02 15:11:48,068 - INFO - Trial 12 finished with value: 0.8508771929824562 and parameters: {'n_estimators': 255, 'max_depth': 20, 'min_samples_split': 6, 'min_samples_leaf': 1, 'class_weight': None}. Best is trial 1 with value: 0.8508771929824562.
2025-02-02 15:11:48,206 - INFO - Trial 13 finished with value: 0.8508771929824562 and parameters: {'n_estimators': 151, 'max_depth': 16, 'min_samples_split': 4, 'min_samples_leaf': 2, 'class_weight': None}. Best is trial 1 with value: 0.8508771929824562.
2025-02-02 15:11:48,426 - INFO - Trial 14 finished with value: 0.8508771929824562 and parameters: {'n_estimators': 237, 'max_depth': 14, 'min_samples_split': 7, 'min_samples_leaf': 1, 'class_weight': 'balanced'}. Best is trial 1 with value: 0.8508771929824562.
2025-02-02 15:11:48,553 - INFO - Trial 15 finished with value: 0.8508771929824562 and parameters: {'n_estimators': 126, 'max_depth': 17, 'min_samples_split': 8, 'min_samples_leaf': 2, 'class_weight': None}. Best is trial 1 with value: 0.8508771929824562.
2025-02-02 15:11:48,711 - INFO - Trial 16 finished with value: 0.8508771929824562 and parameters: {'n_estimators': 164, 'max_depth': 20, 'min_samples_split': 4, 'min_samples_leaf': 1, 'class_weight': None}. Best is trial 1 with value: 0.8508771929824562.
2025-02-02 15:11:48,805 - INFO - Trial 17 finished with value: 0.8227272727272728 and parameters: {'n_estimators': 90, 'max_depth': 13, 'min_samples_split': 10, 'min_samples_leaf': 2, 'class_weight': None}. Best is trial 1 with value: 0.8508771929824562.
2025-02-02 15:11:48,903 - INFO - Trial 18 finished with value: 0.8227272727272728 and parameters: {'n_estimators': 97, 'max_depth': 4, 'min_samples_split': 6, 'min_samples_leaf': 4, 'class_weight': 'balanced'}. Best is trial 1 with value: 0.8508771929824562.
2025-02-02 15:11:48,972 - INFO - Trial 19 finished with value: 0.8508771929824562 and parameters: {'n_estimators': 57, 'max_depth': 18, 'min_samples_split': 8, 'min_samples_leaf': 1, 'class_weight': None}. Best is trial 1 with value: 0.8508771929824562.
2025-02-02 15:11:49,150 - INFO - Trial 20 finished with value: 0.8508771929824562 and parameters: {'n_estimators': 191, 'max_depth': 8, 'min_samples_split': 4, 'min_samples_leaf': 2, 'class_weight': None}. Best is trial 1 with value: 0.8508771929824562.
2025-02-02 15:11:49,343 - INFO - Trial 21 finished with value: 0.8508771929824562 and parameters: {'n_estimators': 216, 'max_depth': 11, 'min_samples_split': 3, 'min_samples_leaf': 1, 'class_weight': 'balanced'}. Best is trial 1 with value: 0.8508771929824562.
2025-02-02 15:11:49,559 - INFO - Trial 22 finished with value: 0.8508771929824562 and parameters: {'n_estimators': 245, 'max_depth': 10, 'min_samples_split': 3, 'min_samples_leaf': 1, 'class_weight': 'balanced'}. Best is trial 1 with value: 0.8508771929824562.
2025-02-02 15:11:49,756 - INFO - Trial 23 finished with value: 0.8508771929824562 and parameters: {'n_estimators': 220, 'max_depth': 6, 'min_samples_split': 2, 'min_samples_leaf': 1, 'class_weight': 'balanced'}. Best is trial 1 with value: 0.8508771929824562.
2025-02-02 15:11:49,998 - INFO - Trial 24 finished with value: 0.8508771929824562 and parameters: {'n_estimators': 281, 'max_depth': 12, 'min_samples_split': 5, 'min_samples_leaf': 2, 'class_weight': 'balanced'}. Best is trial 1 with value: 0.8508771929824562.
2025-02-02 15:11:50,151 - INFO - Trial 25 finished with value: 0.8508771929824562 and parameters: {'n_estimators': 165, 'max_depth': 14, 'min_samples_split': 3, 'min_samples_leaf': 1, 'class_weight': 'balanced'}. Best is trial 1 with value: 0.8508771929824562.
2025-02-02 15:11:50,284 - INFO - Trial 26 finished with value: 0.8508771929824562 and parameters: {'n_estimators': 140, 'max_depth': 10, 'min_samples_split': 7, 'min_samples_leaf': 2, 'class_weight': 'balanced'}. Best is trial 1 with value: 0.8508771929824562.
2025-02-02 15:11:50,467 - INFO - Trial 27 finished with value: 0.8508771929824562 and parameters: {'n_estimators': 202, 'max_depth': 12, 'min_samples_split': 9, 'min_samples_leaf': 1, 'class_weight': None}. Best is trial 1 with value: 0.8508771929824562.
2025-02-02 15:11:50,621 - INFO - Trial 28 finished with value: 0.8508771929824562 and parameters: {'n_estimators': 168, 'max_depth': 15, 'min_samples_split': 4, 'min_samples_leaf': 1, 'class_weight': 'balanced'}. Best is trial 1 with value: 0.8508771929824562.
2025-02-02 15:11:50,848 - INFO - Trial 29 finished with value: 0.8508771929824562 and parameters: {'n_estimators': 263, 'max_depth': 18, 'min_samples_split': 6, 'min_samples_leaf': 4, 'class_weight': None}. Best is trial 1 with value: 0.8508771929824562.
2025-02-02 15:11:50,931 - INFO - Trial 30 finished with value: 0.8508771929824562 and parameters: {'n_estimators': 74, 'max_depth': 6, 'min_samples_split': 2, 'min_samples_leaf': 2, 'class_weight': None}. Best is trial 1 with value: 0.8508771929824562.
2025-02-02 15:11:51,027 - INFO - Trial 31 finished with value: 0.8508771929824562 and parameters: {'n_estimators': 91, 'max_depth': 19, 'min_samples_split': 2, 'min_samples_leaf': 3, 'class_weight': None}. Best is trial 1 with value: 0.8508771929824562.
2025-02-02 15:11:51,113 - INFO - Trial 32 finished with value: 0.8508771929824562 and parameters: {'n_estimators': 78, 'max_depth': 18, 'min_samples_split': 2, 'min_samples_leaf': 3, 'class_weight': None}. Best is trial 1 with value: 0.8508771929824562.
2025-02-02 15:11:51,229 - INFO - Trial 33 finished with value: 0.8508771929824562 and parameters: {'n_estimators': 113, 'max_depth': 17, 'min_samples_split': 3, 'min_samples_leaf': 3, 'class_weight': None}. Best is trial 1 with value: 0.8508771929824562.
2025-02-02 15:11:51,295 - INFO - Trial 34 finished with value: 0.7945736434108528 and parameters: {'n_estimators': 50, 'max_depth': 19, 'min_samples_split': 2, 'min_samples_leaf': 4, 'class_weight': None}. Best is trial 1 with value: 0.8508771929824562.
2025-02-02 15:11:51,464 - INFO - Trial 35 finished with value: 0.8508771929824562 and parameters: {'n_estimators': 185, 'max_depth': 16, 'min_samples_split': 3, 'min_samples_leaf': 3, 'class_weight': None}. Best is trial 1 with value: 0.8508771929824562.
2025-02-02 15:11:51,590 - INFO - Trial 36 finished with value: 0.8508771929824562 and parameters: {'n_estimators': 127, 'max_depth': 13, 'min_samples_split': 9, 'min_samples_leaf': 2, 'class_weight': None}. Best is trial 1 with value: 0.8508771929824562.
2025-02-02 15:11:51,676 - INFO - Trial 37 finished with value: 0.8508771929824562 and parameters: {'n_estimators': 78, 'max_depth': 9, 'min_samples_split': 5, 'min_samples_leaf': 3, 'class_weight': None}. Best is trial 1 with value: 0.8508771929824562.
2025-02-02 15:11:51,752 - INFO - Trial 38 finished with value: 0.7945736434108528 and parameters: {'n_estimators': 66, 'max_depth': 11, 'min_samples_split': 4, 'min_samples_leaf': 3, 'class_weight': None}. Best is trial 1 with value: 0.8508771929824562.
2025-02-02 15:11:51,858 - INFO - Trial 39 finished with value: 0.8508771929824562 and parameters: {'n_estimators': 102, 'max_depth': 20, 'min_samples_split': 2, 'min_samples_leaf': 2, 'class_weight': 'balanced'}. Best is trial 1 with value: 0.8508771929824562.
2025-02-02 15:11:52,058 - INFO - Trial 40 finished with value: 0.8508771929824562 and parameters: {'n_estimators': 224, 'max_depth': 15, 'min_samples_split': 3, 'min_samples_leaf': 1, 'class_weight': None}. Best is trial 1 with value: 0.8508771929824562.
2025-02-02 15:11:52,170 - INFO - Trial 41 finished with value: 0.8508771929824562 and parameters: {'n_estimators': 109, 'max_depth': 10, 'min_samples_split': 2, 'min_samples_leaf': 2, 'class_weight': None}. Best is trial 1 with value: 0.8508771929824562.
2025-02-02 15:11:52,293 - INFO - Trial 42 finished with value: 0.8508771929824562 and parameters: {'n_estimators': 127, 'max_depth': 9, 'min_samples_split': 3, 'min_samples_leaf': 2, 'class_weight': None}. Best is trial 1 with value: 0.8508771929824562.
2025-02-02 15:11:52,439 - INFO - Trial 43 finished with value: 0.8508771929824562 and parameters: {'n_estimators': 153, 'max_depth': 13, 'min_samples_split': 2, 'min_samples_leaf': 2, 'class_weight': None}. Best is trial 1 with value: 0.8508771929824562.
2025-02-02 15:11:52,530 - INFO - Trial 44 finished with value: 0.8227272727272728 and parameters: {'n_estimators': 83, 'max_depth': 17, 'min_samples_split': 5, 'min_samples_leaf': 3, 'class_weight': None}. Best is trial 1 with value: 0.8508771929824562.
2025-02-02 15:11:52,608 - INFO - Trial 45 finished with value: 0.8508771929824562 and parameters: {'n_estimators': 67, 'max_depth': 7, 'min_samples_split': 7, 'min_samples_leaf': 1, 'class_weight': None}. Best is trial 1 with value: 0.8508771929824562.
2025-02-02 15:11:52,726 - INFO - Trial 46 finished with value: 0.8508771929824562 and parameters: {'n_estimators': 120, 'max_depth': 12, 'min_samples_split': 10, 'min_samples_leaf': 3, 'class_weight': None}. Best is trial 1 with value: 0.8508771929824562.
2025-02-02 15:11:52,904 - INFO - Trial 47 finished with value: 0.8508771929824562 and parameters: {'n_estimators': 197, 'max_depth': 14, 'min_samples_split': 4, 'min_samples_leaf': 2, 'class_weight': 'balanced'}. Best is trial 1 with value: 0.8508771929824562.
2025-02-02 15:11:53,038 - INFO - Trial 48 finished with value: 0.8508771929824562 and parameters: {'n_estimators': 141, 'max_depth': 19, 'min_samples_split': 7, 'min_samples_leaf': 1, 'class_weight': None}. Best is trial 1 with value: 0.8508771929824562.
2025-02-02 15:11:53,204 - INFO - Trial 49 finished with value: 0.8508771929824562 and parameters: {'n_estimators': 183, 'max_depth': 9, 'min_samples_split': 3, 'min_samples_leaf': 2, 'class_weight': None}. Best is trial 1 with value: 0.8508771929824562.
2025-02-02 15:11:53,306 - INFO - Trial 50 finished with value: 0.8227272727272728 and parameters: {'n_estimators': 103, 'max_depth': 11, 'min_samples_split': 8, 'min_samples_leaf': 4, 'class_weight': 'balanced'}. Best is trial 1 with value: 0.8508771929824562.
2025-02-02 15:11:53,463 - INFO - Trial 51 finished with value: 0.8508771929824562 and parameters: {'n_estimators': 173, 'max_depth': 13, 'min_samples_split': 8, 'min_samples_leaf': 3, 'class_weight': None}. Best is trial 1 with value: 0.8508771929824562.
2025-02-02 15:11:53,647 - INFO - Trial 52 finished with value: 0.8508771929824562 and parameters: {'n_estimators': 204, 'max_depth': 15, 'min_samples_split': 8, 'min_samples_leaf': 3, 'class_weight': None}. Best is trial 1 with value: 0.8508771929824562.
2025-02-02 15:11:53,798 - INFO - Trial 53 finished with value: 0.8508771929824562 and parameters: {'n_estimators': 155, 'max_depth': 16, 'min_samples_split': 6, 'min_samples_leaf': 3, 'class_weight': None}. Best is trial 1 with value: 0.8508771929824562.
2025-02-02 15:11:53,988 - INFO - Trial 54 finished with value: 0.8508771929824562 and parameters: {'n_estimators': 211, 'max_depth': 11, 'min_samples_split': 9, 'min_samples_leaf': 1, 'class_weight': None}. Best is trial 1 with value: 0.8508771929824562.
2025-02-02 15:11:54,191 - INFO - Trial 55 finished with value: 0.8508771929824562 and parameters: {'n_estimators': 231, 'max_depth': 20, 'min_samples_split': 2, 'min_samples_leaf': 2, 'class_weight': 'balanced'}. Best is trial 1 with value: 0.8508771929824562.
2025-02-02 15:11:54,286 - INFO - Trial 56 finished with value: 0.8508771929824562 and parameters: {'n_estimators': 88, 'max_depth': 18, 'min_samples_split': 9, 'min_samples_leaf': 1, 'class_weight': None}. Best is trial 1 with value: 0.8508771929824562.
2025-02-02 15:11:54,355 - INFO - Trial 57 finished with value: 0.8508771929824562 and parameters: {'n_estimators': 54, 'max_depth': 14, 'min_samples_split': 3, 'min_samples_leaf': 3, 'class_weight': None}. Best is trial 1 with value: 0.8508771929824562.
2025-02-02 15:11:54,518 - INFO - Trial 58 finished with value: 0.7662337662337663 and parameters: {'n_estimators': 183, 'max_depth': 3, 'min_samples_split': 6, 'min_samples_leaf': 2, 'class_weight': 'balanced'}. Best is trial 1 with value: 0.8508771929824562.
2025-02-02 15:11:54,596 - INFO - Trial 59 finished with value: 0.8508771929824562 and parameters: {'n_estimators': 61, 'max_depth': 10, 'min_samples_split': 5, 'min_samples_leaf': 1, 'class_weight': None}. Best is trial 1 with value: 0.8508771929824562.
2025-02-02 15:11:54,698 - INFO - Trial 60 finished with value: 0.8227272727272728 and parameters: {'n_estimators': 97, 'max_depth': 12, 'min_samples_split': 10, 'min_samples_leaf': 4, 'class_weight': None}. Best is trial 1 with value: 0.8508771929824562.
2025-02-02 15:11:54,886 - INFO - Trial 61 finished with value: 0.8508771929824562 and parameters: {'n_estimators': 210, 'max_depth': 8, 'min_samples_split': 9, 'min_samples_leaf': 3, 'class_weight': None}. Best is trial 1 with value: 0.8508771929824562.
2025-02-02 15:11:55,061 - INFO - Trial 62 finished with value: 0.8508771929824562 and parameters: {'n_estimators': 195, 'max_depth': 7, 'min_samples_split': 10, 'min_samples_leaf': 3, 'class_weight': None}. Best is trial 1 with value: 0.8508771929824562.
2025-02-02 15:11:55,274 - INFO - Trial 63 finished with value: 0.8508771929824562 and parameters: {'n_estimators': 246, 'max_depth': 7, 'min_samples_split': 7, 'min_samples_leaf': 3, 'class_weight': None}. Best is trial 1 with value: 0.8508771929824562.
2025-02-02 15:11:55,423 - INFO - Trial 64 finished with value: 0.8508771929824562 and parameters: {'n_estimators': 160, 'max_depth': 9, 'min_samples_split': 2, 'min_samples_leaf': 3, 'class_weight': 'balanced'}. Best is trial 1 with value: 0.8508771929824562.
2025-02-02 15:11:55,554 - INFO - Trial 65 finished with value: 0.8508771929824562 and parameters: {'n_estimators': 136, 'max_depth': 17, 'min_samples_split': 4, 'min_samples_leaf': 3, 'class_weight': None}. Best is trial 1 with value: 0.8508771929824562.
2025-02-02 15:11:55,724 - INFO - Trial 66 finished with value: 0.8508771929824562 and parameters: {'n_estimators': 188, 'max_depth': 10, 'min_samples_split': 10, 'min_samples_leaf': 2, 'class_weight': None}. Best is trial 1 with value: 0.8508771929824562.
2025-02-02 15:11:55,885 - INFO - Trial 67 finished with value: 0.8508771929824562 and parameters: {'n_estimators': 173, 'max_depth': 5, 'min_samples_split': 7, 'min_samples_leaf': 1, 'class_weight': None}. Best is trial 1 with value: 0.8508771929824562.
2025-02-02 15:11:56,049 - INFO - Trial 68 finished with value: 0.8508771929824562 and parameters: {'n_estimators': 179, 'max_depth': 13, 'min_samples_split': 2, 'min_samples_leaf': 3, 'class_weight': 'balanced'}. Best is trial 1 with value: 0.8508771929824562.
2025-02-02 15:11:56,235 - INFO - Trial 69 finished with value: 0.8508771929824562 and parameters: {'n_estimators': 203, 'max_depth': 8, 'min_samples_split': 8, 'min_samples_leaf': 1, 'class_weight': None}. Best is trial 1 with value: 0.8508771929824562.
2025-02-02 15:11:56,433 - INFO - Trial 70 finished with value: 0.8508771929824562 and parameters: {'n_estimators': 225, 'max_depth': 11, 'min_samples_split': 3, 'min_samples_leaf': 2, 'class_weight': None}. Best is trial 1 with value: 0.8508771929824562.
2025-02-02 15:11:56,515 - INFO - Trial 71 finished with value: 0.7662337662337663 and parameters: {'n_estimators': 71, 'max_depth': 4, 'min_samples_split': 9, 'min_samples_leaf': 3, 'class_weight': 'balanced'}. Best is trial 1 with value: 0.8508771929824562.
2025-02-02 15:11:56,591 - INFO - Trial 72 finished with value: 0.8508771929824562 and parameters: {'n_estimators': 62, 'max_depth': 6, 'min_samples_split': 9, 'min_samples_leaf': 3, 'class_weight': 'balanced'}. Best is trial 1 with value: 0.8508771929824562.
2025-02-02 15:11:56,683 - INFO - Trial 73 finished with value: 0.8227272727272728 and parameters: {'n_estimators': 83, 'max_depth': 12, 'min_samples_split': 8, 'min_samples_leaf': 3, 'class_weight': 'balanced'}. Best is trial 1 with value: 0.8508771929824562.
2025-02-02 15:11:56,767 - INFO - Trial 74 finished with value: 0.8227272727272728 and parameters: {'n_estimators': 73, 'max_depth': 14, 'min_samples_split': 10, 'min_samples_leaf': 4, 'class_weight': 'balanced'}. Best is trial 1 with value: 0.8508771929824562.
2025-02-02 15:11:56,837 - INFO - Trial 75 finished with value: 0.7662337662337663 and parameters: {'n_estimators': 56, 'max_depth': 3, 'min_samples_split': 8, 'min_samples_leaf': 3, 'class_weight': 'balanced'}. Best is trial 1 with value: 0.8508771929824562.
2025-02-02 15:11:56,939 - INFO - Trial 76 finished with value: 0.8508771929824562 and parameters: {'n_estimators': 94, 'max_depth': 19, 'min_samples_split': 9, 'min_samples_leaf': 3, 'class_weight': None}. Best is trial 1 with value: 0.8508771929824562.
2025-02-02 15:11:57,134 - INFO - Trial 77 finished with value: 0.8508771929824562 and parameters: {'n_estimators': 216, 'max_depth': 5, 'min_samples_split': 2, 'min_samples_leaf': 1, 'class_weight': None}. Best is trial 1 with value: 0.8508771929824562.
2025-02-02 15:11:57,253 - INFO - Trial 78 finished with value: 0.8508771929824562 and parameters: {'n_estimators': 119, 'max_depth': 17, 'min_samples_split': 10, 'min_samples_leaf': 2, 'class_weight': 'balanced'}. Best is trial 1 with value: 0.8508771929824562.
2025-02-02 15:11:57,392 - INFO - Trial 79 finished with value: 0.8508771929824562 and parameters: {'n_estimators': 146, 'max_depth': 15, 'min_samples_split': 3, 'min_samples_leaf': 3, 'class_weight': None}. Best is trial 1 with value: 0.8508771929824562.
