2025-02-02 17:08:15,243 - INFO - Trial 139 finished with value: 0.846683354192741 and parameters: {'n_estimators': 226, 'max_depth': 9, 'learning_rate': 0.15353158701285494, 'subsample': 0.7791835910456268}. Best is trial 84 with value: 0.9080100125156445.
2025-02-02 17:08:15,292 - INFO - Trial 140 finished with value: 0.8125 and parameters: {'n_estimators': 102, 'max_depth': 13, 'learning_rate': 0.1679625826071239, 'subsample': 0.7111599129151508}. Best is trial 84 with value: 0.9080100125156445.
2025-02-02 17:08:15,367 - INFO - Trial 141 finished with value: 0.875 and parameters: {'n_estimators': 261, 'max_depth': 12, 'learning_rate': 0.1767366008072128, 'subsample': 0.6472355478241382}. Best is trial 84 with value: 0.9080100125156445.
2025-02-02 17:08:15,431 - INFO - Trial 142 finished with value: 0.875 and parameters: {'n_estimators': 187, 'max_depth': 12, 'learning_rate': 0.18344113154365468, 'subsample': 0.6438481002904846}. Best is trial 84 with value: 0.9080100125156445.
2025-02-02 17:08:15,512 - INFO - Trial 143 finished with value: 0.846683354192741 and parameters: {'n_estimators': 283, 'max_depth': 12, 'learning_rate': 0.1789068129655085, 'subsample': 0.6393189559024623}. Best is trial 84 with value: 0.9080100125156445.
2025-02-02 17:08:15,583 - INFO - Trial 144 finished with value: 0.8125 and parameters: {'n_estimators': 223, 'max_depth': 11, 'learning_rate': 0.18830474757574311, 'subsample': 0.7248102028092561}. Best is trial 84 with value: 0.9080100125156445.
2025-02-02 17:08:15,631 - INFO - Trial 145 finished with value: 0.8125 and parameters: {'n_estimators': 74, 'max_depth': 13, 'learning_rate': 0.19534351410944548, 'subsample': 0.6217436294052681}. Best is trial 84 with value: 0.9080100125156445.
2025-02-02 17:08:15,694 - INFO - Trial 146 finished with value: 0.846683354192741 and parameters: {'n_estimators': 177, 'max_depth': 10, 'learning_rate': 0.17407725914706074, 'subsample': 0.7394449990502259}. Best is trial 84 with value: 0.9080100125156445.
2025-02-02 17:08:15,737 - INFO - Trial 147 finished with value: 0.8125 and parameters: {'n_estimators': 66, 'max_depth': 11, 'learning_rate': 0.16360156570655457, 'subsample': 0.7556526728697922}. Best is trial 84 with value: 0.9080100125156445.
2025-02-02 17:08:15,825 - INFO - Trial 148 finished with value: 0.75 and parameters: {'n_estimators': 270, 'max_depth': 12, 'learning_rate': 0.01166473612999809, 'subsample': 0.6586851328961086}. Best is trial 84 with value: 0.9080100125156445.
2025-02-02 17:08:15,872 - INFO - Trial 149 finished with value: 0.875 and parameters: {'n_estimators': 97, 'max_depth': 14, 'learning_rate': 0.18036195454096005, 'subsample': 0.6767884042121676}. Best is trial 84 with value: 0.9080100125156445.
2025-02-02 17:08:15,941 - INFO - Trial 150 finished with value: 0.846683354192741 and parameters: {'n_estimators': 217, 'max_depth': 8, 'learning_rate': 0.16969859249868924, 'subsample': 0.7163004616003686}. Best is trial 84 with value: 0.9080100125156445.
2025-02-02 17:08:16,015 - INFO - Trial 151 finished with value: 0.8125 and parameters: {'n_estimators': 235, 'max_depth': 14, 'learning_rate': 0.19654973318471522, 'subsample': 0.7307451781847807}. Best is trial 84 with value: 0.9080100125156445.
2025-02-02 17:08:16,064 - INFO - Trial 152 finished with value: 0.875 and parameters: {'n_estimators': 91, 'max_depth': 14, 'learning_rate': 0.19272586267859795, 'subsample': 0.7472772629666392}. Best is trial 84 with value: 0.9080100125156445.
2025-02-02 17:08:16,118 - INFO - Trial 153 finished with value: 0.8401360544217686 and parameters: {'n_estimators': 112, 'max_depth': 13, 'learning_rate': 0.18597394213906787, 'subsample': 0.7262259872441794}. Best is trial 84 with value: 0.9080100125156445.
2025-02-02 17:08:16,175 - INFO - Trial 154 finished with value: 0.846683354192741 and parameters: {'n_estimators': 115, 'max_depth': 16, 'learning_rate': 0.19009146889456277, 'subsample': 0.695297911670264}. Best is trial 84 with value: 0.9080100125156445.
2025-02-02 17:08:16,230 - INFO - Trial 155 finished with value: 0.8188405797101449 and parameters: {'n_estimators': 127, 'max_depth': 14, 'learning_rate': 0.1832735876139642, 'subsample': 0.7377578252182252}. Best is trial 84 with value: 0.9080100125156445.
2025-02-02 17:08:16,279 - INFO - Trial 156 finished with value: 0.8125 and parameters: {'n_estimators': 83, 'max_depth': 12, 'learning_rate': 0.1991193644331229, 'subsample': 0.7670351415601904}. Best is trial 84 with value: 0.9080100125156445.
2025-02-02 17:08:16,333 - INFO - Trial 157 finished with value: 0.8125 and parameters: {'n_estimators': 99, 'max_depth': 15, 'learning_rate': 0.19426065441708731, 'subsample': 0.7108678458061992}. Best is trial 84 with value: 0.9080100125156445.
2025-02-02 17:08:16,389 - INFO - Trial 158 finished with value: 0.8401360544217686 and parameters: {'n_estimators': 105, 'max_depth': 9, 'learning_rate': 0.190333365763299, 'subsample': 0.724241630546364}. Best is trial 84 with value: 0.9080100125156445.
2025-02-02 17:08:16,439 - INFO - Trial 159 finished with value: 0.8125 and parameters: {'n_estimators': 93, 'max_depth': 15, 'learning_rate': 0.15963842148797977, 'subsample': 0.7503554867943049}. Best is trial 84 with value: 0.9080100125156445.
2025-02-02 17:08:16,485 - INFO - Trial 160 finished with value: 0.7853566958698374 and parameters: {'n_estimators': 87, 'max_depth': 13, 'learning_rate': 0.05424103891684383, 'subsample': 0.6083005471986408}. Best is trial 84 with value: 0.9080100125156445.
2025-02-02 17:08:16,531 - INFO - Trial 161 finished with value: 0.875 and parameters: {'n_estimators': 90, 'max_depth': 13, 'learning_rate': 0.1931115687921539, 'subsample': 0.7323048178387348}. Best is trial 84 with value: 0.9080100125156445.
2025-02-02 17:08:16,577 - INFO - Trial 162 finished with value: 0.8401360544217686 and parameters: {'n_estimators': 81, 'max_depth': 14, 'learning_rate': 0.18685636828355917, 'subsample': 0.7365242608225702}. Best is trial 84 with value: 0.9080100125156445.
2025-02-02 17:08:16,624 - INFO - Trial 163 finished with value: 0.8125 and parameters: {'n_estimators': 86, 'max_depth': 12, 'learning_rate': 0.17779458756223726, 'subsample': 0.7172965278676926}. Best is trial 84 with value: 0.9080100125156445.
2025-02-02 17:08:16,669 - INFO - Trial 164 finished with value: 0.875 and parameters: {'n_estimators': 77, 'max_depth': 15, 'learning_rate': 0.19269231035025366, 'subsample': 0.7286060305014492}. Best is trial 84 with value: 0.9080100125156445.
2025-02-02 17:08:16,724 - INFO - Trial 165 finished with value: 0.8125 and parameters: {'n_estimators': 145, 'max_depth': 13, 'learning_rate': 0.19976403143786386, 'subsample': 0.7068795968198244}. Best is trial 84 with value: 0.9080100125156445.
2025-02-02 17:08:16,773 - INFO - Trial 166 finished with value: 0.8401360544217686 and parameters: {'n_estimators': 98, 'max_depth': 8, 'learning_rate': 0.18149782810875598, 'subsample': 0.7544001445664791}. Best is trial 84 with value: 0.9080100125156445.
2025-02-02 17:08:16,819 - INFO - Trial 167 finished with value: 0.875 and parameters: {'n_estimators': 93, 'max_depth': 13, 'learning_rate': 0.18685172946313727, 'subsample': 0.6506575441624306}. Best is trial 84 with value: 0.9080100125156445.
2025-02-02 17:08:16,863 - INFO - Trial 168 finished with value: 0.8125 and parameters: {'n_estimators': 72, 'max_depth': 12, 'learning_rate': 0.17127969364238904, 'subsample': 0.6356340773734007}. Best is trial 84 with value: 0.9080100125156445.
2025-02-02 17:08:16,914 - INFO - Trial 169 finished with value: 0.875 and parameters: {'n_estimators': 120, 'max_depth': 7, 'learning_rate': 0.19553375418137894, 'subsample': 0.7427136078811422}. Best is trial 84 with value: 0.9080100125156445.
2025-02-02 17:08:16,963 - INFO - Trial 170 finished with value: 0.8125 and parameters: {'n_estimators': 104, 'max_depth': 10, 'learning_rate': 0.14944030304411848, 'subsample': 0.6909768262243279}. Best is trial 84 with value: 0.9080100125156445.
2025-02-02 17:08:17,012 - INFO - Trial 171 finished with value: 0.875 and parameters: {'n_estimators': 86, 'max_depth': 13, 'learning_rate': 0.19103776128165276, 'subsample': 0.7358833065557053}. Best is trial 84 with value: 0.9080100125156445.
2025-02-02 17:08:17,057 - INFO - Trial 172 finished with value: 0.875 and parameters: {'n_estimators': 88, 'max_depth': 13, 'learning_rate': 0.19028797140452364, 'subsample': 0.7259251312488163}. Best is trial 84 with value: 0.9080100125156445.
2025-02-02 17:08:17,103 - INFO - Trial 173 finished with value: 0.8125 and parameters: {'n_estimators': 79, 'max_depth': 11, 'learning_rate': 0.18525235267636064, 'subsample': 0.7606062134520746}. Best is trial 84 with value: 0.9080100125156445.
2025-02-02 17:08:17,155 - INFO - Trial 174 finished with value: 0.875 and parameters: {'n_estimators': 85, 'max_depth': 14, 'learning_rate': 0.194638627584319, 'subsample': 0.7298270135719607}. Best is trial 84 with value: 0.9080100125156445.
2025-02-02 17:08:17,208 - INFO - Trial 175 finished with value: 0.875 and parameters: {'n_estimators': 96, 'max_depth': 12, 'learning_rate': 0.1751208153775254, 'subsample': 0.7198671186354053}. Best is trial 84 with value: 0.9080100125156445.
2025-02-02 17:08:17,286 - INFO - Trial 176 finished with value: 0.846683354192741 and parameters: {'n_estimators': 251, 'max_depth': 13, 'learning_rate': 0.18876504115431983, 'subsample': 0.7468901504387506}. Best is trial 84 with value: 0.9080100125156445.
2025-02-02 17:08:17,345 - INFO - Trial 177 finished with value: 0.846683354192741 and parameters: {'n_estimators': 153, 'max_depth': 11, 'learning_rate': 0.18102055178679244, 'subsample': 0.702969235098537}. Best is trial 84 with value: 0.9080100125156445.
2025-02-02 17:08:17,393 - INFO - Trial 178 finished with value: 0.846683354192741 and parameters: {'n_estimators': 90, 'max_depth': 12, 'learning_rate': 0.19231154694576422, 'subsample': 0.6814646028252861}. Best is trial 84 with value: 0.9080100125156445.
2025-02-02 17:08:17,443 - INFO - Trial 179 finished with value: 0.875 and parameters: {'n_estimators': 100, 'max_depth': 9, 'learning_rate': 0.18455217888837333, 'subsample': 0.6654928912213662}. Best is trial 84 with value: 0.9080100125156445.
2025-02-02 17:08:17,495 - INFO - Trial 180 finished with value: 0.8125 and parameters: {'n_estimators': 111, 'max_depth': 13, 'learning_rate': 0.16555555292551258, 'subsample': 0.7421031548849314}. Best is trial 84 with value: 0.9080100125156445.
2025-02-02 17:08:17,543 - INFO - Trial 181 finished with value: 0.8401360544217686 and parameters: {'n_estimators': 83, 'max_depth': 10, 'learning_rate': 0.1930588164456298, 'subsample': 0.7524226555570117}. Best is trial 84 with value: 0.9080100125156445.
2025-02-02 17:08:17,594 - INFO - Trial 182 finished with value: 0.875 and parameters: {'n_estimators': 87, 'max_depth': 10, 'learning_rate': 0.19668170690899733, 'subsample': 0.7327268470857831}. Best is trial 84 with value: 0.9080100125156445.
2025-02-02 17:08:17,642 - INFO - Trial 183 finished with value: 0.7853566958698374 and parameters: {'n_estimators': 75, 'max_depth': 10, 'learning_rate': 0.18819646346514052, 'subsample': 0.7641084534577025}. Best is trial 84 with value: 0.9080100125156445.
2025-02-02 17:08:17,691 - INFO - Trial 184 finished with value: 0.8125 and parameters: {'n_estimators': 93, 'max_depth': 8, 'learning_rate': 0.17893110767143297, 'subsample': 0.7166289914543236}. Best is trial 84 with value: 0.9080100125156445.
2025-02-02 17:08:17,742 - INFO - Trial 185 finished with value: 0.7853566958698374 and parameters: {'n_estimators': 81, 'max_depth': 12, 'learning_rate': 0.08498869852573564, 'subsample': 0.7404455193387706}. Best is trial 84 with value: 0.9080100125156445.
2025-02-02 17:08:17,789 - INFO - Trial 186 finished with value: 0.875 and parameters: {'n_estimators': 69, 'max_depth': 9, 'learning_rate': 0.19246816460403307, 'subsample': 0.7471735646735204}. Best is trial 84 with value: 0.9080100125156445.
2025-02-02 17:08:17,839 - INFO - Trial 187 finished with value: 0.846683354192741 and parameters: {'n_estimators': 85, 'max_depth': 11, 'learning_rate': 0.18304177179523903, 'subsample': 0.7727630846451425}. Best is trial 84 with value: 0.9080100125156445.
2025-02-02 17:08:17,889 - INFO - Trial 188 finished with value: 0.846683354192741 and parameters: {'n_estimators': 95, 'max_depth': 16, 'learning_rate': 0.19906515963713362, 'subsample': 0.7270724175787222}. Best is trial 84 with value: 0.9080100125156445.
2025-02-02 17:08:17,947 - INFO - Trial 189 finished with value: 0.8125 and parameters: {'n_estimators': 132, 'max_depth': 14, 'learning_rate': 0.1886086526872636, 'subsample': 0.7177287881183739}. Best is trial 84 with value: 0.9080100125156445.
2025-02-02 17:08:18,000 - INFO - Trial 190 finished with value: 0.7853566958698374 and parameters: {'n_estimators': 106, 'max_depth': 12, 'learning_rate': 0.17534531216445415, 'subsample': 0.7071220282096538}. Best is trial 84 with value: 0.9080100125156445.
2025-02-02 17:08:18,075 - INFO - Trial 191 finished with value: 0.846683354192741 and parameters: {'n_estimators': 242, 'max_depth': 12, 'learning_rate': 0.17628108998718978, 'subsample': 0.6492673027084005}. Best is trial 84 with value: 0.9080100125156445.
2025-02-02 17:08:18,159 - INFO - Trial 192 finished with value: 0.846683354192741 and parameters: {'n_estimators': 268, 'max_depth': 11, 'learning_rate': 0.1687038121965426, 'subsample': 0.6410792888277852}. Best is trial 84 with value: 0.9080100125156445.
2025-02-02 17:08:18,210 - INFO - Trial 193 finished with value: 0.846683354192741 and parameters: {'n_estimators': 90, 'max_depth': 12, 'learning_rate': 0.17145824171475157, 'subsample': 0.6321831232138215}. Best is trial 84 with value: 0.9080100125156445.
2025-02-02 17:08:18,286 - INFO - Trial 194 finished with value: 0.846683354192741 and parameters: {'n_estimators': 253, 'max_depth': 15, 'learning_rate': 0.1793754309683241, 'subsample': 0.6545771525723414}. Best is trial 84 with value: 0.9080100125156445.
2025-02-02 17:08:18,336 - INFO - Trial 195 finished with value: 0.8188405797101449 and parameters: {'n_estimators': 101, 'max_depth': 13, 'learning_rate': 0.16276618979943847, 'subsample': 0.7327861246196384}. Best is trial 84 with value: 0.9080100125156445.
2025-02-02 17:08:18,382 - INFO - Trial 196 finished with value: 0.8401360544217686 and parameters: {'n_estimators': 77, 'max_depth': 12, 'learning_rate': 0.18409102406520134, 'subsample': 0.7452375065977728}. Best is trial 84 with value: 0.9080100125156445.
2025-02-02 17:08:18,464 - INFO - Trial 197 finished with value: 0.846683354192741 and parameters: {'n_estimators': 264, 'max_depth': 9, 'learning_rate': 0.19104005762278828, 'subsample': 0.6709820671248387}. Best is trial 84 with value: 0.9080100125156445.
2025-02-02 17:08:18,557 - INFO - Trial 198 finished with value: 0.846683354192741 and parameters: {'n_estimators': 258, 'max_depth': 11, 'learning_rate': 0.19681335203496145, 'subsample': 0.7557937019797756}. Best is trial 84 with value: 0.9080100125156445.
2025-02-02 17:08:18,656 - INFO - Trial 199 finished with value: 0.846683354192741 and parameters: {'n_estimators': 257, 'max_depth': 10, 'learning_rate': 0.1572637697805155, 'subsample': 0.7259498629797195}. Best is trial 84 with value: 0.9080100125156445.
2025-02-02 17:08:18,741 - INFO - Trial 200 finished with value: 0.875 and parameters: {'n_estimators': 275, 'max_depth': 14, 'learning_rate': 0.18634854012021748, 'subsample': 0.662956669624844}. Best is trial 84 with value: 0.9080100125156445.
2025-02-02 17:08:18,807 - INFO - Trial 201 finished with value: 0.8401360544217686 and parameters: {'n_estimators': 179, 'max_depth': 13, 'learning_rate': 0.1820336731890332, 'subsample': 0.6431074061289234}. Best is trial 84 with value: 0.9080100125156445.
2025-02-02 17:08:18,868 - INFO - Trial 202 finished with value: 0.846683354192741 and parameters: {'n_estimators': 162, 'max_depth': 12, 'learning_rate': 0.17709770805938116, 'subsample': 0.6256254751908965}. Best is trial 84 with value: 0.9080100125156445.
2025-02-02 17:08:18,933 - INFO - Trial 203 finished with value: 0.8125 and parameters: {'n_estimators': 194, 'max_depth': 12, 'learning_rate': 0.19182331984062476, 'subsample': 0.6179924623645332}. Best is trial 84 with value: 0.9080100125156445.
2025-02-02 17:08:18,997 - INFO - Trial 204 finished with value: 0.846683354192741 and parameters: {'n_estimators': 186, 'max_depth': 12, 'learning_rate': 0.18539474969409403, 'subsample': 0.6515767285983081}. Best is trial 84 with value: 0.9080100125156445.
2025-02-02 17:08:19,050 - INFO - Trial 205 finished with value: 0.8125 and parameters: {'n_estimators': 84, 'max_depth': 13, 'learning_rate': 0.17298611763669558, 'subsample': 0.7376328716245939}. Best is trial 84 with value: 0.9080100125156445.
2025-02-02 17:08:19,123 - INFO - Trial 206 finished with value: 0.8401360544217686 and parameters: {'n_estimators': 204, 'max_depth': 11, 'learning_rate': 0.18878779327046588, 'subsample': 0.7148556694477645}. Best is trial 84 with value: 0.9080100125156445.
2025-02-02 17:08:19,198 - INFO - Trial 207 finished with value: 0.846683354192741 and parameters: {'n_estimators': 235, 'max_depth': 12, 'learning_rate': 0.18187634304022005, 'subsample': 0.6500399785584411}. Best is trial 84 with value: 0.9080100125156445.
2025-02-02 17:08:19,248 - INFO - Trial 208 finished with value: 0.8125 and parameters: {'n_estimators': 91, 'max_depth': 9, 'learning_rate': 0.1952140410210098, 'subsample': 0.6387294308735586}. Best is trial 84 with value: 0.9080100125156445.
2025-02-02 17:08:19,297 - INFO - Trial 209 finished with value: 0.8401360544217686 and parameters: {'n_estimators': 96, 'max_depth': 8, 'learning_rate': 0.16610451013005142, 'subsample': 0.7253544804205975}. Best is trial 84 with value: 0.9080100125156445.
2025-02-02 17:08:19,379 - INFO - Trial 210 finished with value: 0.846683354192741 and parameters: {'n_estimators': 296, 'max_depth': 12, 'learning_rate': 0.17940248551531798, 'subsample': 0.7429692431377981}. Best is trial 84 with value: 0.9080100125156445.
2025-02-02 17:08:19,440 - INFO - Trial 211 finished with value: 0.846683354192741 and parameters: {'n_estimators': 167, 'max_depth': 14, 'learning_rate': 0.18399812951635983, 'subsample': 0.6819211979838797}. Best is trial 84 with value: 0.9080100125156445.
2025-02-02 17:08:19,495 - INFO - Trial 212 finished with value: 0.846683354192741 and parameters: {'n_estimators': 96, 'max_depth': 15, 'learning_rate': 0.17660153406507922, 'subsample': 0.667905613112826}. Best is trial 84 with value: 0.9080100125156445.
2025-02-02 17:08:19,546 - INFO - Trial 213 finished with value: 0.875 and parameters: {'n_estimators': 87, 'max_depth': 13, 'learning_rate': 0.19195155063168068, 'subsample': 0.6954723547955559}. Best is trial 84 with value: 0.9080100125156445.
2025-02-02 17:08:19,597 - INFO - Trial 214 finished with value: 0.846683354192741 and parameters: {'n_estimators': 80, 'max_depth': 13, 'learning_rate': 0.18794588655030015, 'subsample': 0.6747832466615706}. Best is trial 84 with value: 0.9080100125156445.
2025-02-02 17:08:19,657 - INFO - Trial 215 finished with value: 0.875 and parameters: {'n_estimators': 98, 'max_depth': 14, 'learning_rate': 0.17107734859718354, 'subsample': 0.6578101552603067}. Best is trial 84 with value: 0.9080100125156445.
2025-02-02 17:08:19,735 - INFO - Trial 216 finished with value: 0.846683354192741 and parameters: {'n_estimators': 213, 'max_depth': 10, 'learning_rate': 0.1805408363817634, 'subsample': 0.7383761905142643}. Best is trial 84 with value: 0.9080100125156445.
2025-02-02 17:08:19,796 - INFO - Trial 217 finished with value: 0.875 and parameters: {'n_estimators': 90, 'max_depth': 11, 'learning_rate': 0.1947724092986133, 'subsample': 0.7322928141370677}. Best is trial 84 with value: 0.9080100125156445.
2025-02-02 17:08:19,853 - INFO - Trial 218 finished with value: 0.875 and parameters: {'n_estimators': 101, 'max_depth': 14, 'learning_rate': 0.18583472790145095, 'subsample': 0.6809621062703362}. Best is trial 84 with value: 0.9080100125156445.
2025-02-02 17:08:19,907 - INFO - Trial 219 finished with value: 0.875 and parameters: {'n_estimators': 83, 'max_depth': 12, 'learning_rate': 0.17852352237994315, 'subsample': 0.6468324063593426}. Best is trial 84 with value: 0.9080100125156445.
2025-02-02 17:08:19,963 - INFO - Trial 220 finished with value: 0.8401360544217686 and parameters: {'n_estimators': 93, 'max_depth': 9, 'learning_rate': 0.18985362990886828, 'subsample': 0.7201003899574666}. Best is trial 84 with value: 0.9080100125156445.
2025-02-02 17:08:20,015 - INFO - Trial 221 finished with value: 0.9080100125156445 and parameters: {'n_estimators': 89, 'max_depth': 15, 'learning_rate': 0.19158256463636406, 'subsample': 0.752134525994709}. Best is trial 84 with value: 0.9080100125156445.
2025-02-02 17:08:20,068 - INFO - Trial 222 finished with value: 0.8125 and parameters: {'n_estimators': 86, 'max_depth': 15, 'learning_rate': 0.19473292296127886, 'subsample': 0.7588432692850078}. Best is trial 84 with value: 0.9080100125156445.
2025-02-02 17:08:20,117 - INFO - Trial 223 finished with value: 0.875 and parameters: {'n_estimators': 78, 'max_depth': 15, 'learning_rate': 0.1993786397975727, 'subsample': 0.750719603509812}. Best is trial 84 with value: 0.9080100125156445.
2025-02-02 17:08:20,169 - INFO - Trial 224 finished with value: 0.875 and parameters: {'n_estimators': 89, 'max_depth': 16, 'learning_rate': 0.19085201857752526, 'subsample': 0.7490766353561891}. Best is trial 84 with value: 0.9080100125156445.
2025-02-02 17:08:20,219 - INFO - Trial 225 finished with value: 0.8188405797101449 and parameters: {'n_estimators': 94, 'max_depth': 15, 'learning_rate': 0.18176052325029118, 'subsample': 0.7329634355859754}. Best is trial 84 with value: 0.9080100125156445.
