2025-02-02 17:06:35,141 - INFO - Trial 695 finished with value: 0.8508771929824562 and parameters: {'n_estimators': 57, 'max_depth': 14, 'min_samples_split': 4, 'min_samples_leaf': 1, 'class_weight': 'balanced'}. Best is trial 584 with value: 0.8792270531400965.
2025-02-02 17:06:35,303 - INFO - Trial 696 finished with value: 0.8508771929824562 and parameters: {'n_estimators': 59, 'max_depth': 12, 'min_samples_split': 3, 'min_samples_leaf': 2, 'class_weight': 'balanced'}. Best is trial 584 with value: 0.8792270531400965.
2025-02-02 17:06:35,483 - INFO - Trial 697 finished with value: 0.8188405797101449 and parameters: {'n_estimators': 74, 'max_depth': 15, 'min_samples_split': 4, 'min_samples_leaf': 1, 'class_weight': 'balanced'}. Best is trial 584 with value: 0.8792270531400965.
2025-02-02 17:06:35,650 - INFO - Trial 698 finished with value: 0.7853566958698374 and parameters: {'n_estimators': 68, 'max_depth': 13, 'min_samples_split': 2, 'min_samples_leaf': 2, 'class_weight': None}. Best is trial 584 with value: 0.8792270531400965.
2025-02-02 17:06:35,850 - INFO - Trial 699 finished with value: 0.8508771929824562 and parameters: {'n_estimators': 87, 'max_depth': 20, 'min_samples_split': 3, 'min_samples_leaf': 1, 'class_weight': 'balanced'}. Best is trial 584 with value: 0.8792270531400965.
2025-02-02 17:06:36,009 - INFO - Trial 700 finished with value: 0.8508771929824562 and parameters: {'n_estimators': 64, 'max_depth': 17, 'min_samples_split': 3, 'min_samples_leaf': 1, 'class_weight': 'balanced'}. Best is trial 584 with value: 0.8792270531400965.
2025-02-02 17:06:36,328 - INFO - Trial 701 finished with value: 0.7912280701754386 and parameters: {'n_estimators': 171, 'max_depth': 19, 'min_samples_split': 5, 'min_samples_leaf': 3, 'class_weight': 'balanced'}. Best is trial 584 with value: 0.8792270531400965.
2025-02-02 17:06:36,513 - INFO - Trial 702 finished with value: 0.7853566958698374 and parameters: {'n_estimators': 80, 'max_depth': 14, 'min_samples_split': 4, 'min_samples_leaf': 1, 'class_weight': 'balanced'}. Best is trial 584 with value: 0.8792270531400965.
2025-02-02 17:06:36,753 - INFO - Trial 703 finished with value: 0.8508771929824562 and parameters: {'n_estimators': 116, 'max_depth': 17, 'min_samples_split': 3, 'min_samples_leaf': 2, 'class_weight': 'balanced'}. Best is trial 584 with value: 0.8792270531400965.
2025-02-02 17:06:37,087 - INFO - Trial 704 finished with value: 0.8188405797101449 and parameters: {'n_estimators': 185, 'max_depth': 15, 'min_samples_split': 4, 'min_samples_leaf': 1, 'class_weight': 'balanced'}. Best is trial 584 with value: 0.8792270531400965.
2025-02-02 17:06:37,279 - INFO - Trial 705 finished with value: 0.846683354192741 and parameters: {'n_estimators': 72, 'max_depth': 12, 'min_samples_split': 2, 'min_samples_leaf': 1, 'class_weight': 'balanced'}. Best is trial 584 with value: 0.8792270531400965.
2025-02-02 17:06:37,664 - INFO - Trial 706 finished with value: 0.8508771929824562 and parameters: {'n_estimators': 216, 'max_depth': 18, 'min_samples_split': 6, 'min_samples_leaf': 2, 'class_weight': 'balanced'}. Best is trial 584 with value: 0.8792270531400965.
2025-02-02 17:06:38,018 - INFO - Trial 707 finished with value: 0.7662337662337663 and parameters: {'n_estimators': 195, 'max_depth': 11, 'min_samples_split': 7, 'min_samples_leaf': 4, 'class_weight': 'balanced'}. Best is trial 584 with value: 0.8792270531400965.
2025-02-02 17:06:38,161 - INFO - Trial 708 finished with value: 0.8227272727272728 and parameters: {'n_estimators': 54, 'max_depth': 20, 'min_samples_split': 6, 'min_samples_leaf': 1, 'class_weight': 'balanced'}. Best is trial 584 with value: 0.8792270531400965.
2025-02-02 17:06:38,362 - INFO - Trial 709 finished with value: 0.7371428571428572 and parameters: {'n_estimators': 91, 'max_depth': 18, 'min_samples_split': 5, 'min_samples_leaf': 3, 'class_weight': None}. Best is trial 584 with value: 0.8792270531400965.
2025-02-02 17:06:38,661 - INFO - Trial 710 finished with value: 0.8508771929824562 and parameters: {'n_estimators': 160, 'max_depth': 19, 'min_samples_split': 7, 'min_samples_leaf': 1, 'class_weight': 'balanced'}. Best is trial 584 with value: 0.8792270531400965.
2025-02-02 17:06:38,801 - INFO - Trial 711 finished with value: 0.8227272727272728 and parameters: {'n_estimators': 50, 'max_depth': 13, 'min_samples_split': 7, 'min_samples_leaf': 2, 'class_weight': 'balanced'}. Best is trial 584 with value: 0.8792270531400965.
2025-02-02 17:06:39,137 - INFO - Trial 712 finished with value: 0.8188405797101449 and parameters: {'n_estimators': 166, 'max_depth': 12, 'min_samples_split': 6, 'min_samples_leaf': 1, 'class_weight': 'balanced'}. Best is trial 584 with value: 0.8792270531400965.
2025-02-02 17:06:39,555 - INFO - Trial 713 finished with value: 0.8188405797101449 and parameters: {'n_estimators': 199, 'max_depth': 16, 'min_samples_split': 5, 'min_samples_leaf': 1, 'class_weight': 'balanced'}. Best is trial 584 with value: 0.8792270531400965.
2025-02-02 17:06:39,817 - INFO - Trial 714 finished with value: 0.8508771929824562 and parameters: {'n_estimators': 125, 'max_depth': 13, 'min_samples_split': 3, 'min_samples_leaf': 2, 'class_weight': 'balanced'}. Best is trial 584 with value: 0.8792270531400965.
2025-02-02 17:06:40,157 - INFO - Trial 715 finished with value: 0.8188405797101449 and parameters: {'n_estimators': 177, 'max_depth': 14, 'min_samples_split': 4, 'min_samples_leaf': 1, 'class_weight': 'balanced'}. Best is trial 584 with value: 0.8792270531400965.
2025-02-02 17:06:40,355 - INFO - Trial 716 finished with value: 0.8188405797101449 and parameters: {'n_estimators': 83, 'max_depth': 17, 'min_samples_split': 7, 'min_samples_leaf': 1, 'class_weight': 'balanced'}. Best is trial 584 with value: 0.8792270531400965.
2025-02-02 17:06:40,715 - INFO - Trial 717 finished with value: 0.8508771929824562 and parameters: {'n_estimators': 192, 'max_depth': 15, 'min_samples_split': 6, 'min_samples_leaf': 2, 'class_weight': 'balanced'}. Best is trial 584 with value: 0.8792270531400965.
2025-02-02 17:06:41,127 - INFO - Trial 718 finished with value: 0.8227272727272728 and parameters: {'n_estimators': 229, 'max_depth': 20, 'min_samples_split': 7, 'min_samples_leaf': 3, 'class_weight': 'balanced'}. Best is trial 584 with value: 0.8792270531400965.
2025-02-02 17:06:41,511 - INFO - Trial 719 finished with value: 0.8508771929824562 and parameters: {'n_estimators': 206, 'max_depth': 18, 'min_samples_split': 6, 'min_samples_leaf': 1, 'class_weight': 'balanced'}. Best is trial 584 with value: 0.8792270531400965.
2025-02-02 17:06:41,683 - INFO - Trial 720 finished with value: 0.8227272727272728 and parameters: {'n_estimators': 61, 'max_depth': 19, 'min_samples_split': 5, 'min_samples_leaf': 1, 'class_weight': 'balanced'}. Best is trial 584 with value: 0.8792270531400965.
2025-02-02 17:06:42,095 - INFO - Trial 721 finished with value: 0.8188405797101449 and parameters: {'n_estimators': 221, 'max_depth': 16, 'min_samples_split': 6, 'min_samples_leaf': 1, 'class_weight': None}. Best is trial 584 with value: 0.8792270531400965.
2025-02-02 17:06:42,422 - INFO - Trial 722 finished with value: 0.8188405797101449 and parameters: {'n_estimators': 173, 'max_depth': 14, 'min_samples_split': 7, 'min_samples_leaf': 2, 'class_weight': 'balanced'}. Best is trial 584 with value: 0.8792270531400965.
2025-02-02 17:06:42,767 - INFO - Trial 723 finished with value: 0.8508771929824562 and parameters: {'n_estimators': 184, 'max_depth': 11, 'min_samples_split': 7, 'min_samples_leaf': 2, 'class_weight': 'balanced'}. Best is trial 584 with value: 0.8792270531400965.
2025-02-02 17:06:43,160 - INFO - Trial 724 finished with value: 0.8188405797101449 and parameters: {'n_estimators': 213, 'max_depth': 12, 'min_samples_split': 5, 'min_samples_leaf': 1, 'class_weight': 'balanced'}. Best is trial 584 with value: 0.8792270531400965.
2025-02-02 17:06:43,465 - INFO - Trial 725 finished with value: 0.8508771929824562 and parameters: {'n_estimators': 156, 'max_depth': 15, 'min_samples_split': 6, 'min_samples_leaf': 3, 'class_weight': 'balanced'}. Best is trial 584 with value: 0.8792270531400965.
2025-02-02 17:06:43,715 - INFO - Trial 726 finished with value: 0.8188405797101449 and parameters: {'n_estimators': 105, 'max_depth': 18, 'min_samples_split': 6, 'min_samples_leaf': 1, 'class_weight': 'balanced'}. Best is trial 584 with value: 0.8792270531400965.
2025-02-02 17:06:44,037 - INFO - Trial 727 finished with value: 0.8508771929824562 and parameters: {'n_estimators': 165, 'max_depth': 17, 'min_samples_split': 7, 'min_samples_leaf': 1, 'class_weight': 'balanced'}. Best is trial 584 with value: 0.8792270531400965.
2025-02-02 17:06:44,437 - INFO - Trial 728 finished with value: 0.8188405797101449 and parameters: {'n_estimators': 178, 'max_depth': 19, 'min_samples_split': 4, 'min_samples_leaf': 2, 'class_weight': 'balanced'}. Best is trial 584 with value: 0.8792270531400965.
2025-02-02 17:06:44,739 - INFO - Trial 729 finished with value: 0.8227272727272728 and parameters: {'n_estimators': 119, 'max_depth': 13, 'min_samples_split': 7, 'min_samples_leaf': 1, 'class_weight': 'balanced'}. Best is trial 584 with value: 0.8792270531400965.
2025-02-02 17:06:44,912 - INFO - Trial 730 finished with value: 0.8227272727272728 and parameters: {'n_estimators': 69, 'max_depth': 12, 'min_samples_split': 6, 'min_samples_leaf': 3, 'class_weight': 'balanced'}. Best is trial 584 with value: 0.8792270531400965.
2025-02-02 17:06:45,164 - INFO - Trial 731 finished with value: 0.8508771929824562 and parameters: {'n_estimators': 128, 'max_depth': 14, 'min_samples_split': 7, 'min_samples_leaf': 1, 'class_weight': 'balanced'}. Best is trial 584 with value: 0.8792270531400965.
2025-02-02 17:06:45,507 - INFO - Trial 732 finished with value: 0.8227272727272728 and parameters: {'n_estimators': 188, 'max_depth': 20, 'min_samples_split': 5, 'min_samples_leaf': 4, 'class_weight': 'balanced'}. Best is trial 584 with value: 0.8792270531400965.
2025-02-02 17:06:45,659 - INFO - Trial 733 finished with value: 0.75 and parameters: {'n_estimators': 55, 'max_depth': 16, 'min_samples_split': 2, 'min_samples_leaf': 2, 'class_weight': None}. Best is trial 584 with value: 0.8792270531400965.
2025-02-02 17:06:45,852 - INFO - Trial 734 finished with value: 0.8188405797101449 and parameters: {'n_estimators': 78, 'max_depth': 18, 'min_samples_split': 7, 'min_samples_leaf': 1, 'class_weight': 'balanced'}. Best is trial 584 with value: 0.8792270531400965.
2025-02-02 17:06:46,111 - INFO - Trial 735 finished with value: 0.8508771929824562 and parameters: {'n_estimators': 112, 'max_depth': 12, 'min_samples_split': 6, 'min_samples_leaf': 2, 'class_weight': 'balanced'}. Best is trial 584 with value: 0.8792270531400965.
2025-02-02 17:06:46,425 - INFO - Trial 736 finished with value: 0.8188405797101449 and parameters: {'n_estimators': 152, 'max_depth': 15, 'min_samples_split': 5, 'min_samples_leaf': 1, 'class_weight': 'balanced'}. Best is trial 584 with value: 0.8792270531400965.
2025-02-02 17:06:46,743 - INFO - Trial 737 finished with value: 0.8188405797101449 and parameters: {'n_estimators': 170, 'max_depth': 18, 'min_samples_split': 3, 'min_samples_leaf': 1, 'class_weight': 'balanced'}. Best is trial 584 with value: 0.8792270531400965.
2025-02-02 17:06:47,132 - INFO - Trial 738 finished with value: 0.8508771929824562 and parameters: {'n_estimators': 211, 'max_depth': 19, 'min_samples_split': 7, 'min_samples_leaf': 1, 'class_weight': 'balanced'}. Best is trial 584 with value: 0.8792270531400965.
2025-02-02 17:06:47,381 - INFO - Trial 739 finished with value: 0.8188405797101449 and parameters: {'n_estimators': 124, 'max_depth': 20, 'min_samples_split': 6, 'min_samples_leaf': 2, 'class_weight': 'balanced'}. Best is trial 584 with value: 0.8792270531400965.
2025-02-02 17:06:47,534 - INFO - Trial 740 finished with value: 0.8227272727272728 and parameters: {'n_estimators': 59, 'max_depth': 17, 'min_samples_split': 7, 'min_samples_leaf': 3, 'class_weight': 'balanced'}. Best is trial 584 with value: 0.8792270531400965.
2025-02-02 17:06:47,896 - INFO - Trial 741 finished with value: 0.8508771929824562 and parameters: {'n_estimators': 203, 'max_depth': 14, 'min_samples_split': 6, 'min_samples_leaf': 1, 'class_weight': 'balanced'}. Best is trial 584 with value: 0.8792270531400965.
2025-02-02 17:06:48,100 - INFO - Trial 742 finished with value: 0.8188405797101449 and parameters: {'n_estimators': 87, 'max_depth': 13, 'min_samples_split': 4, 'min_samples_leaf': 2, 'class_weight': 'balanced'}. Best is trial 584 with value: 0.8792270531400965.
2025-02-02 17:06:48,465 - INFO - Trial 743 finished with value: 0.8188405797101449 and parameters: {'n_estimators': 161, 'max_depth': 17, 'min_samples_split': 5, 'min_samples_leaf': 1, 'class_weight': 'balanced'}. Best is trial 584 with value: 0.8792270531400965.
2025-02-02 17:06:48,754 - INFO - Trial 744 finished with value: 0.75 and parameters: {'n_estimators': 136, 'max_depth': 13, 'min_samples_split': 7, 'min_samples_leaf': 1, 'class_weight': None}. Best is trial 584 with value: 0.8792270531400965.
2025-02-02 17:06:49,083 - INFO - Trial 745 finished with value: 0.8508771929824562 and parameters: {'n_estimators': 182, 'max_depth': 15, 'min_samples_split': 6, 'min_samples_leaf': 4, 'class_weight': 'balanced'}. Best is trial 584 with value: 0.8792270531400965.
2025-02-02 17:06:49,460 - INFO - Trial 746 finished with value: 0.8508771929824562 and parameters: {'n_estimators': 198, 'max_depth': 14, 'min_samples_split': 7, 'min_samples_leaf': 1, 'class_weight': 'balanced'}. Best is trial 584 with value: 0.8792270531400965.
2025-02-02 17:06:49,639 - INFO - Trial 747 finished with value: 0.8188405797101449 and parameters: {'n_estimators': 64, 'max_depth': 12, 'min_samples_split': 6, 'min_samples_leaf': 2, 'class_weight': 'balanced'}. Best is trial 584 with value: 0.8792270531400965.
2025-02-02 17:06:49,944 - INFO - Trial 748 finished with value: 0.8508771929824562 and parameters: {'n_estimators': 148, 'max_depth': 11, 'min_samples_split': 3, 'min_samples_leaf': 1, 'class_weight': 'balanced'}. Best is trial 584 with value: 0.8792270531400965.
2025-02-02 17:06:50,388 - INFO - Trial 749 finished with value: 0.8508771929824562 and parameters: {'n_estimators': 219, 'max_depth': 16, 'min_samples_split': 7, 'min_samples_leaf': 3, 'class_weight': 'balanced'}. Best is trial 584 with value: 0.8792270531400965.
2025-02-02 17:06:50,727 - INFO - Trial 750 finished with value: 0.8508771929824562 and parameters: {'n_estimators': 157, 'max_depth': 8, 'min_samples_split': 6, 'min_samples_leaf': 2, 'class_weight': 'balanced'}. Best is trial 584 with value: 0.8792270531400965.
2025-02-02 17:06:50,913 - INFO - Trial 751 finished with value: 0.8188405797101449 and parameters: {'n_estimators': 72, 'max_depth': 19, 'min_samples_split': 5, 'min_samples_leaf': 1, 'class_weight': 'balanced'}. Best is trial 584 with value: 0.8792270531400965.
2025-02-02 17:06:51,160 - INFO - Trial 752 finished with value: 0.8508771929824562 and parameters: {'n_estimators': 114, 'max_depth': 20, 'min_samples_split': 7, 'min_samples_leaf': 1, 'class_weight': 'balanced'}. Best is trial 584 with value: 0.8792270531400965.
2025-02-02 17:06:51,515 - INFO - Trial 753 finished with value: 0.8508771929824562 and parameters: {'n_estimators': 191, 'max_depth': 15, 'min_samples_split': 5, 'min_samples_leaf': 1, 'class_weight': 'balanced'}. Best is trial 584 with value: 0.8792270531400965.
2025-02-02 17:06:51,759 - INFO - Trial 754 finished with value: 0.8188405797101449 and parameters: {'n_estimators': 119, 'max_depth': 7, 'min_samples_split': 2, 'min_samples_leaf': 2, 'class_weight': 'balanced'}. Best is trial 584 with value: 0.8792270531400965.
2025-02-02 17:06:51,973 - INFO - Trial 755 finished with value: 0.75 and parameters: {'n_estimators': 97, 'max_depth': 18, 'min_samples_split': 7, 'min_samples_leaf': 1, 'class_weight': None}. Best is trial 584 with value: 0.8792270531400965.
2025-02-02 17:06:52,305 - INFO - Trial 756 finished with value: 0.8508771929824562 and parameters: {'n_estimators': 168, 'max_depth': 13, 'min_samples_split': 4, 'min_samples_leaf': 1, 'class_weight': 'balanced'}. Best is trial 584 with value: 0.8792270531400965.
2025-02-02 17:06:52,566 - INFO - Trial 757 finished with value: 0.8227272727272728 and parameters: {'n_estimators': 129, 'max_depth': 18, 'min_samples_split': 6, 'min_samples_leaf': 3, 'class_weight': 'balanced'}. Best is trial 584 with value: 0.8792270531400965.
2025-02-02 17:06:52,855 - INFO - Trial 758 finished with value: 0.8508771929824562 and parameters: {'n_estimators': 154, 'max_depth': 16, 'min_samples_split': 7, 'min_samples_leaf': 2, 'class_weight': 'balanced'}. Best is trial 584 with value: 0.8792270531400965.
2025-02-02 17:06:53,126 - INFO - Trial 759 finished with value: 0.8508771929824562 and parameters: {'n_estimators': 138, 'max_depth': 17, 'min_samples_split': 6, 'min_samples_leaf': 1, 'class_weight': 'balanced'}. Best is trial 584 with value: 0.8792270531400965.
2025-02-02 17:06:53,338 - INFO - Trial 760 finished with value: 0.8508771929824562 and parameters: {'n_estimators': 93, 'max_depth': 12, 'min_samples_split': 9, 'min_samples_leaf': 1, 'class_weight': 'balanced'}. Best is trial 584 with value: 0.8792270531400965.
2025-02-02 17:06:53,576 - INFO - Trial 761 finished with value: 0.8227272727272728 and parameters: {'n_estimators': 174, 'max_depth': 19, 'min_samples_split': 7, 'min_samples_leaf': 2, 'class_weight': 'balanced'}. Best is trial 584 with value: 0.8792270531400965.
2025-02-02 17:06:53,751 - INFO - Trial 762 finished with value: 0.8188405797101449 and parameters: {'n_estimators': 143, 'max_depth': 14, 'min_samples_split': 4, 'min_samples_leaf': 2, 'class_weight': 'balanced'}. Best is trial 584 with value: 0.8792270531400965.
2025-02-02 17:06:53,985 - INFO - Trial 763 finished with value: 0.7945736434108528 and parameters: {'n_estimators': 209, 'max_depth': 15, 'min_samples_split': 10, 'min_samples_leaf': 1, 'class_weight': 'balanced'}. Best is trial 584 with value: 0.8792270531400965.
2025-02-02 17:06:54,234 - INFO - Trial 764 finished with value: 0.8508771929824562 and parameters: {'n_estimators': 214, 'max_depth': 19, 'min_samples_split': 5, 'min_samples_leaf': 3, 'class_weight': 'balanced'}. Best is trial 584 with value: 0.8792270531400965.
2025-02-02 17:06:54,425 - INFO - Trial 765 finished with value: 0.8188405797101449 and parameters: {'n_estimators': 161, 'max_depth': 20, 'min_samples_split': 6, 'min_samples_leaf': 1, 'class_weight': 'balanced'}. Best is trial 584 with value: 0.8792270531400965.
2025-02-02 17:06:54,550 - INFO - Trial 766 finished with value: 0.75 and parameters: {'n_estimators': 77, 'max_depth': 18, 'min_samples_split': 7, 'min_samples_leaf': 4, 'class_weight': None}. Best is trial 584 with value: 0.8792270531400965.
2025-02-02 17:06:54,762 - INFO - Trial 767 finished with value: 0.8508771929824562 and parameters: {'n_estimators': 181, 'max_depth': 12, 'min_samples_split': 7, 'min_samples_leaf': 1, 'class_weight': 'balanced'}. Best is trial 584 with value: 0.8792270531400965.
2025-02-02 17:06:55,043 - INFO - Trial 768 finished with value: 0.8508771929824562 and parameters: {'n_estimators': 224, 'max_depth': 11, 'min_samples_split': 6, 'min_samples_leaf': 1, 'class_weight': 'balanced'}. Best is trial 584 with value: 0.8792270531400965.
2025-02-02 17:06:55,227 - INFO - Trial 769 finished with value: 0.8188405797101449 and parameters: {'n_estimators': 149, 'max_depth': 13, 'min_samples_split': 3, 'min_samples_leaf': 2, 'class_weight': 'balanced'}. Best is trial 584 with value: 0.8792270531400965.
2025-02-02 17:06:55,375 - INFO - Trial 770 finished with value: 0.8508771929824562 and parameters: {'n_estimators': 106, 'max_depth': 14, 'min_samples_split': 6, 'min_samples_leaf': 1, 'class_weight': 'balanced'}. Best is trial 584 with value: 0.8792270531400965.
2025-02-02 17:06:55,484 - INFO - Trial 771 finished with value: 0.8188405797101449 and parameters: {'n_estimators': 66, 'max_depth': 9, 'min_samples_split': 5, 'min_samples_leaf': 3, 'class_weight': 'balanced'}. Best is trial 584 with value: 0.8792270531400965.
2025-02-02 17:06:55,587 - INFO - Trial 772 finished with value: 0.8227272727272728 and parameters: {'n_estimators': 57, 'max_depth': 20, 'min_samples_split': 7, 'min_samples_leaf': 1, 'class_weight': 'balanced'}. Best is trial 584 with value: 0.8792270531400965.
2025-02-02 17:06:55,710 - INFO - Trial 773 finished with value: 0.8508771929824562 and parameters: {'n_estimators': 83, 'max_depth': 16, 'min_samples_split': 7, 'min_samples_leaf': 2, 'class_weight': 'balanced'}. Best is trial 584 with value: 0.8792270531400965.
2025-02-02 17:06:55,967 - INFO - Trial 774 finished with value: 0.8508771929824562 and parameters: {'n_estimators': 232, 'max_depth': 10, 'min_samples_split': 6, 'min_samples_leaf': 1, 'class_weight': 'balanced'}. Best is trial 584 with value: 0.8792270531400965.
2025-02-02 17:06:56,294 - INFO - Trial 775 finished with value: 0.8508771929824562 and parameters: {'n_estimators': 296, 'max_depth': 18, 'min_samples_split': 4, 'min_samples_leaf': 1, 'class_weight': 'balanced'}. Best is trial 584 with value: 0.8792270531400965.
2025-02-02 17:06:56,528 - INFO - Trial 776 finished with value: 0.8508771929824562 and parameters: {'n_estimators': 206, 'max_depth': 17, 'min_samples_split': 5, 'min_samples_leaf': 2, 'class_weight': 'balanced'}. Best is trial 584 with value: 0.8792270531400965.
2025-02-02 17:06:56,692 - INFO - Trial 777 finished with value: 0.846683354192741 and parameters: {'n_estimators': 124, 'max_depth': 12, 'min_samples_split': 2, 'min_samples_leaf': 1, 'class_weight': None}. Best is trial 584 with value: 0.8792270531400965.
