2025-02-02 17:03:43,044 - INFO - Trial 24 finished with value: 0.8188405797101449 and parameters: {'n_estimators': 110, 'max_depth': 14, 'min_samples_split': 4, 'min_samples_leaf': 2, 'class_weight': 'balanced'}. Best is trial 0 with value: 0.8508771929824562.
2025-02-02 17:03:43,129 - INFO - Trial 25 finished with value: 0.8227272727272728 and parameters: {'n_estimators': 76, 'max_depth': 19, 'min_samples_split': 3, 'min_samples_leaf': 3, 'class_weight': 'balanced'}. Best is trial 0 with value: 0.8508771929824562.
2025-02-02 17:03:43,272 - INFO - Trial 26 finished with value: 0.75 and parameters: {'n_estimators': 138, 'max_depth': 16, 'min_samples_split': 6, 'min_samples_leaf': 1, 'class_weight': None}. Best is trial 0 with value: 0.8508771929824562.
2025-02-02 17:03:43,460 - INFO - Trial 27 finished with value: 0.7945736434108528 and parameters: {'n_estimators': 191, 'max_depth': 12, 'min_samples_split': 7, 'min_samples_leaf': 4, 'class_weight': 'balanced'}. Best is trial 0 with value: 0.8508771929824562.
2025-02-02 17:03:43,553 - INFO - Trial 28 finished with value: 0.8508771929824562 and parameters: {'n_estimators': 80, 'max_depth': 17, 'min_samples_split': 5, 'min_samples_leaf': 2, 'class_weight': 'balanced'}. Best is trial 0 with value: 0.8508771929824562.
2025-02-02 17:03:43,722 - INFO - Trial 29 finished with value: 0.7945736434108528 and parameters: {'n_estimators': 162, 'max_depth': 11, 'min_samples_split': 9, 'min_samples_leaf': 1, 'class_weight': 'balanced'}. Best is trial 0 with value: 0.8508771929824562.
2025-02-02 17:03:43,836 - INFO - Trial 30 finished with value: 0.8188405797101449 and parameters: {'n_estimators': 105, 'max_depth': 14, 'min_samples_split': 3, 'min_samples_leaf': 1, 'class_weight': 'balanced'}. Best is trial 0 with value: 0.8508771929824562.
2025-02-02 17:03:44,037 - INFO - Trial 31 finished with value: 0.8508771929824562 and parameters: {'n_estimators': 202, 'max_depth': 13, 'min_samples_split': 6, 'min_samples_leaf': 1, 'class_weight': 'balanced'}. Best is trial 0 with value: 0.8508771929824562.
2025-02-02 17:03:44,243 - INFO - Trial 32 finished with value: 0.7945736434108528 and parameters: {'n_estimators': 207, 'max_depth': 12, 'min_samples_split': 8, 'min_samples_leaf': 1, 'class_weight': 'balanced'}. Best is trial 0 with value: 0.8508771929824562.
2025-02-02 17:03:44,460 - INFO - Trial 33 finished with value: 0.8508771929824562 and parameters: {'n_estimators': 219, 'max_depth': 19, 'min_samples_split': 7, 'min_samples_leaf': 1, 'class_weight': 'balanced'}. Best is trial 0 with value: 0.8508771929824562.
2025-02-02 17:03:44,596 - INFO - Trial 34 finished with value: 0.7662337662337663 and parameters: {'n_estimators': 129, 'max_depth': 15, 'min_samples_split': 9, 'min_samples_leaf': 2, 'class_weight': 'balanced'}. Best is trial 0 with value: 0.8508771929824562.
2025-02-02 17:03:44,817 - INFO - Trial 35 finished with value: 0.7945736434108528 and parameters: {'n_estimators': 231, 'max_depth': 9, 'min_samples_split': 6, 'min_samples_leaf': 4, 'class_weight': 'balanced'}. Best is trial 0 with value: 0.8508771929824562.
2025-02-02 17:03:45,060 - INFO - Trial 36 finished with value: 0.75 and parameters: {'n_estimators': 252, 'max_depth': 11, 'min_samples_split': 8, 'min_samples_leaf': 3, 'class_weight': None}. Best is trial 0 with value: 0.8508771929824562.
2025-02-02 17:03:45,139 - INFO - Trial 37 finished with value: 0.7662337662337663 and parameters: {'n_estimators': 68, 'max_depth': 17, 'min_samples_split': 9, 'min_samples_leaf': 3, 'class_weight': 'balanced'}. Best is trial 0 with value: 0.8508771929824562.
2025-02-02 17:03:45,406 - INFO - Trial 38 finished with value: 0.8188405797101449 and parameters: {'n_estimators': 269, 'max_depth': 6, 'min_samples_split': 4, 'min_samples_leaf': 1, 'class_weight': None}. Best is trial 0 with value: 0.8508771929824562.
2025-02-02 17:03:45,538 - INFO - Trial 39 finished with value: 0.8227272727272728 and parameters: {'n_estimators': 122, 'max_depth': 20, 'min_samples_split': 7, 'min_samples_leaf': 2, 'class_weight': 'balanced'}. Best is trial 0 with value: 0.8508771929824562.
2025-02-02 17:03:45,683 - INFO - Trial 40 finished with value: 0.7662337662337663 and parameters: {'n_estimators': 144, 'max_depth': 10, 'min_samples_split': 5, 'min_samples_leaf': 4, 'class_weight': 'balanced'}. Best is trial 0 with value: 0.8508771929824562.
2025-02-02 17:03:45,842 - INFO - Trial 41 finished with value: 0.8508771929824562 and parameters: {'n_estimators': 153, 'max_depth': 20, 'min_samples_split': 7, 'min_samples_leaf': 2, 'class_weight': 'balanced'}. Best is trial 0 with value: 0.8508771929824562.
2025-02-02 17:03:46,021 - INFO - Trial 42 finished with value: 0.8188405797101449 and parameters: {'n_estimators': 172, 'max_depth': 19, 'min_samples_split': 6, 'min_samples_leaf': 2, 'class_weight': 'balanced'}. Best is trial 0 with value: 0.8508771929824562.
2025-02-02 17:03:46,124 - INFO - Trial 43 finished with value: 0.8188405797101449 and parameters: {'n_estimators': 92, 'max_depth': 17, 'min_samples_split': 7, 'min_samples_leaf': 2, 'class_weight': 'balanced'}. Best is trial 0 with value: 0.8508771929824562.
2025-02-02 17:03:46,318 - INFO - Trial 44 finished with value: 0.8227272727272728 and parameters: {'n_estimators': 164, 'max_depth': 13, 'min_samples_split': 8, 'min_samples_leaf': 1, 'class_weight': 'balanced'}. Best is trial 0 with value: 0.8508771929824562.
2025-02-02 17:03:46,604 - INFO - Trial 45 finished with value: 0.75 and parameters: {'n_estimators': 128, 'max_depth': 16, 'min_samples_split': 7, 'min_samples_leaf': 2, 'class_weight': None}. Best is trial 0 with value: 0.8508771929824562.
2025-02-02 17:03:46,891 - INFO - Trial 46 finished with value: 0.8508771929824562 and parameters: {'n_estimators': 179, 'max_depth': 20, 'min_samples_split': 8, 'min_samples_leaf': 1, 'class_weight': 'balanced'}. Best is trial 0 with value: 0.8508771929824562.
2025-02-02 17:03:47,064 - INFO - Trial 47 finished with value: 0.8508771929824562 and parameters: {'n_estimators': 100, 'max_depth': 18, 'min_samples_split': 6, 'min_samples_leaf': 2, 'class_weight': 'balanced'}. Best is trial 0 with value: 0.8508771929824562.
2025-02-02 17:03:47,369 - INFO - Trial 48 finished with value: 0.8508771929824562 and parameters: {'n_estimators': 195, 'max_depth': 14, 'min_samples_split': 7, 'min_samples_leaf': 3, 'class_weight': 'balanced'}. Best is trial 0 with value: 0.8508771929824562.
2025-02-02 17:03:47,738 - INFO - Trial 49 finished with value: 0.8188405797101449 and parameters: {'n_estimators': 239, 'max_depth': 15, 'min_samples_split': 3, 'min_samples_leaf': 3, 'class_weight': 'balanced'}. Best is trial 0 with value: 0.8508771929824562.
2025-02-02 17:03:47,847 - INFO - Trial 50 finished with value: 0.8508771929824562 and parameters: {'n_estimators': 51, 'max_depth': 12, 'min_samples_split': 5, 'min_samples_leaf': 2, 'class_weight': None}. Best is trial 0 with value: 0.8508771929824562.
2025-02-02 17:03:48,127 - INFO - Trial 51 finished with value: 0.8227272727272728 and parameters: {'n_estimators': 178, 'max_depth': 15, 'min_samples_split': 7, 'min_samples_leaf': 1, 'class_weight': 'balanced'}. Best is trial 0 with value: 0.8508771929824562.
2025-02-02 17:03:48,463 - INFO - Trial 52 finished with value: 0.8508771929824562 and parameters: {'n_estimators': 214, 'max_depth': 16, 'min_samples_split': 6, 'min_samples_leaf': 1, 'class_weight': 'balanced'}. Best is trial 0 with value: 0.8508771929824562.
2025-02-02 17:03:48,720 - INFO - Trial 53 finished with value: 0.8188405797101449 and parameters: {'n_estimators': 158, 'max_depth': 19, 'min_samples_split': 8, 'min_samples_leaf': 1, 'class_weight': 'balanced'}. Best is trial 0 with value: 0.8508771929824562.
2025-02-02 17:03:48,952 - INFO - Trial 54 finished with value: 0.8508771929824562 and parameters: {'n_estimators': 144, 'max_depth': 14, 'min_samples_split': 7, 'min_samples_leaf': 1, 'class_weight': 'balanced'}. Best is trial 0 with value: 0.8508771929824562.
2025-02-02 17:03:49,223 - INFO - Trial 55 finished with value: 0.8508771929824562 and parameters: {'n_estimators': 168, 'max_depth': 18, 'min_samples_split': 7, 'min_samples_leaf': 1, 'class_weight': 'balanced'}. Best is trial 0 with value: 0.8508771929824562.
2025-02-02 17:03:49,484 - INFO - Trial 56 finished with value: 0.7945736434108528 and parameters: {'n_estimators': 113, 'max_depth': 13, 'min_samples_split': 10, 'min_samples_leaf': 2, 'class_weight': 'balanced'}. Best is trial 0 with value: 0.8508771929824562.
2025-02-02 17:03:49,801 - INFO - Trial 57 finished with value: 0.8508771929824562 and parameters: {'n_estimators': 185, 'max_depth': 15, 'min_samples_split': 2, 'min_samples_leaf': 1, 'class_weight': 'balanced'}. Best is trial 0 with value: 0.8508771929824562.
2025-02-02 17:03:49,971 - INFO - Trial 58 finished with value: 0.8227272727272728 and parameters: {'n_estimators': 86, 'max_depth': 10, 'min_samples_split': 8, 'min_samples_leaf': 2, 'class_weight': 'balanced'}. Best is trial 0 with value: 0.8508771929824562.
2025-02-02 17:03:50,195 - INFO - Trial 59 finished with value: 0.8508771929824562 and parameters: {'n_estimators': 136, 'max_depth': 12, 'min_samples_split': 6, 'min_samples_leaf': 1, 'class_weight': 'balanced'}. Best is trial 0 with value: 0.8508771929824562.
2025-02-02 17:03:50,444 - INFO - Trial 60 finished with value: 0.8508771929824562 and parameters: {'n_estimators': 153, 'max_depth': 17, 'min_samples_split': 5, 'min_samples_leaf': 3, 'class_weight': 'balanced'}. Best is trial 0 with value: 0.8508771929824562.
2025-02-02 17:03:50,713 - INFO - Trial 61 finished with value: 0.8508771929824562 and parameters: {'n_estimators': 144, 'max_depth': 18, 'min_samples_split': 8, 'min_samples_leaf': 1, 'class_weight': 'balanced'}. Best is trial 0 with value: 0.8508771929824562.
2025-02-02 17:03:51,060 - INFO - Trial 62 finished with value: 0.8508771929824562 and parameters: {'n_estimators': 197, 'max_depth': 19, 'min_samples_split': 7, 'min_samples_leaf': 1, 'class_weight': 'balanced'}. Best is trial 0 with value: 0.8508771929824562.
2025-02-02 17:03:51,311 - INFO - Trial 63 finished with value: 0.8508771929824562 and parameters: {'n_estimators': 125, 'max_depth': 18, 'min_samples_split': 8, 'min_samples_leaf': 1, 'class_weight': 'balanced'}. Best is trial 0 with value: 0.8508771929824562.
2025-02-02 17:03:51,678 - INFO - Trial 64 finished with value: 0.8508771929824562 and parameters: {'n_estimators': 187, 'max_depth': 15, 'min_samples_split': 6, 'min_samples_leaf': 1, 'class_weight': 'balanced'}. Best is trial 0 with value: 0.8508771929824562.
2025-02-02 17:03:51,996 - INFO - Trial 65 finished with value: 0.7945736434108528 and parameters: {'n_estimators': 175, 'max_depth': 16, 'min_samples_split': 9, 'min_samples_leaf': 1, 'class_weight': 'balanced'}. Best is trial 0 with value: 0.8508771929824562.
2025-02-02 17:03:52,219 - INFO - Trial 66 finished with value: 0.7853566958698374 and parameters: {'n_estimators': 106, 'max_depth': 14, 'min_samples_split': 8, 'min_samples_leaf': 4, 'class_weight': None}. Best is trial 0 with value: 0.8508771929824562.
2025-02-02 17:03:52,346 - INFO - Trial 67 finished with value: 0.7945736434108528 and parameters: {'n_estimators': 60, 'max_depth': 17, 'min_samples_split': 7, 'min_samples_leaf': 1, 'class_weight': 'balanced'}. Best is trial 0 with value: 0.8508771929824562.
2025-02-02 17:03:52,758 - INFO - Trial 68 finished with value: 0.7662337662337663 and parameters: {'n_estimators': 264, 'max_depth': 11, 'min_samples_split': 9, 'min_samples_leaf': 2, 'class_weight': 'balanced'}. Best is trial 0 with value: 0.8508771929824562.
2025-02-02 17:03:52,894 - INFO - Trial 69 finished with value: 0.8227272727272728 and parameters: {'n_estimators': 70, 'max_depth': 20, 'min_samples_split': 7, 'min_samples_leaf': 1, 'class_weight': 'balanced'}. Best is trial 0 with value: 0.8508771929824562.
2025-02-02 17:03:53,157 - INFO - Trial 70 finished with value: 0.8508771929824562 and parameters: {'n_estimators': 160, 'max_depth': 13, 'min_samples_split': 4, 'min_samples_leaf': 2, 'class_weight': 'balanced'}. Best is trial 0 with value: 0.8508771929824562.
2025-02-02 17:03:53,363 - INFO - Trial 71 finished with value: 0.8188405797101449 and parameters: {'n_estimators': 118, 'max_depth': 9, 'min_samples_split': 5, 'min_samples_leaf': 2, 'class_weight': 'balanced'}. Best is trial 0 with value: 0.8508771929824562.
2025-02-02 17:03:53,586 - INFO - Trial 72 finished with value: 0.8188405797101449 and parameters: {'n_estimators': 135, 'max_depth': 8, 'min_samples_split': 5, 'min_samples_leaf': 2, 'class_weight': 'balanced'}. Best is trial 0 with value: 0.8508771929824562.
2025-02-02 17:03:53,828 - INFO - Trial 73 finished with value: 0.8508771929824562 and parameters: {'n_estimators': 148, 'max_depth': 10, 'min_samples_split': 4, 'min_samples_leaf': 3, 'class_weight': 'balanced'}. Best is trial 0 with value: 0.8508771929824562.
2025-02-02 17:03:54,001 - INFO - Trial 74 finished with value: 0.8188405797101449 and parameters: {'n_estimators': 94, 'max_depth': 8, 'min_samples_split': 6, 'min_samples_leaf': 2, 'class_weight': 'balanced'}. Best is trial 0 with value: 0.8508771929824562.
2025-02-02 17:03:54,198 - INFO - Trial 75 finished with value: 0.7945736434108528 and parameters: {'n_estimators': 113, 'max_depth': 13, 'min_samples_split': 6, 'min_samples_leaf': 1, 'class_weight': 'balanced'}. Best is trial 0 with value: 0.8508771929824562.
2025-02-02 17:03:54,424 - INFO - Trial 76 finished with value: 0.8188405797101449 and parameters: {'n_estimators': 132, 'max_depth': 19, 'min_samples_split': 3, 'min_samples_leaf': 2, 'class_weight': None}. Best is trial 0 with value: 0.8508771929824562.
2025-02-02 17:03:54,625 - INFO - Trial 77 finished with value: 0.8188405797101449 and parameters: {'n_estimators': 169, 'max_depth': 12, 'min_samples_split': 5, 'min_samples_leaf': 1, 'class_weight': 'balanced'}. Best is trial 0 with value: 0.8508771929824562.
2025-02-02 17:03:54,774 - INFO - Trial 78 finished with value: 0.8188405797101449 and parameters: {'n_estimators': 141, 'max_depth': 6, 'min_samples_split': 4, 'min_samples_leaf': 2, 'class_weight': 'balanced'}. Best is trial 0 with value: 0.8508771929824562.
2025-02-02 17:03:54,976 - INFO - Trial 79 finished with value: 0.8227272727272728 and parameters: {'n_estimators': 205, 'max_depth': 17, 'min_samples_split': 7, 'min_samples_leaf': 4, 'class_weight': 'balanced'}. Best is trial 0 with value: 0.8508771929824562.
2025-02-02 17:03:55,197 - INFO - Trial 80 finished with value: 0.8188405797101449 and parameters: {'n_estimators': 224, 'max_depth': 10, 'min_samples_split': 6, 'min_samples_leaf': 3, 'class_weight': 'balanced'}. Best is trial 0 with value: 0.8508771929824562.
2025-02-02 17:03:55,328 - INFO - Trial 81 finished with value: 0.8508771929824562 and parameters: {'n_estimators': 121, 'max_depth': 14, 'min_samples_split': 4, 'min_samples_leaf': 4, 'class_weight': 'balanced'}. Best is trial 0 with value: 0.8508771929824562.
2025-02-02 17:03:55,437 - INFO - Trial 82 finished with value: 0.8508771929824562 and parameters: {'n_estimators': 98, 'max_depth': 11, 'min_samples_split': 4, 'min_samples_leaf': 3, 'class_weight': 'balanced'}. Best is trial 0 with value: 0.8508771929824562.
2025-02-02 17:03:55,596 - INFO - Trial 83 finished with value: 0.7662337662337663 and parameters: {'n_estimators': 156, 'max_depth': 13, 'min_samples_split': 5, 'min_samples_leaf': 4, 'class_weight': 'balanced'}. Best is trial 0 with value: 0.8508771929824562.
2025-02-02 17:03:55,711 - INFO - Trial 84 finished with value: 0.8508771929824562 and parameters: {'n_estimators': 106, 'max_depth': 16, 'min_samples_split': 3, 'min_samples_leaf': 2, 'class_weight': 'balanced'}. Best is trial 0 with value: 0.8508771929824562.
2025-02-02 17:03:55,840 - INFO - Trial 85 finished with value: 0.8508771929824562 and parameters: {'n_estimators': 116, 'max_depth': 14, 'min_samples_split': 4, 'min_samples_leaf': 3, 'class_weight': 'balanced'}. Best is trial 0 with value: 0.8508771929824562.
2025-02-02 17:03:55,938 - INFO - Trial 86 finished with value: 0.8508771929824562 and parameters: {'n_estimators': 85, 'max_depth': 12, 'min_samples_split': 7, 'min_samples_leaf': 1, 'class_weight': 'balanced'}. Best is trial 0 with value: 0.8508771929824562.
2025-02-02 17:03:56,149 - INFO - Trial 87 finished with value: 0.7853566958698374 and parameters: {'n_estimators': 149, 'max_depth': 15, 'min_samples_split': 5, 'min_samples_leaf': 1, 'class_weight': None}. Best is trial 0 with value: 0.8508771929824562.
2025-02-02 17:03:56,478 - INFO - Trial 88 finished with value: 0.8227272727272728 and parameters: {'n_estimators': 300, 'max_depth': 20, 'min_samples_split': 7, 'min_samples_leaf': 2, 'class_weight': 'balanced'}. Best is trial 0 with value: 0.8508771929824562.
2025-02-02 17:03:56,737 - INFO - Trial 89 finished with value: 0.8508771929824562 and parameters: {'n_estimators': 242, 'max_depth': 11, 'min_samples_split': 6, 'min_samples_leaf': 3, 'class_weight': 'balanced'}. Best is trial 0 with value: 0.8508771929824562.
2025-02-02 17:03:56,905 - INFO - Trial 90 finished with value: 0.8227272727272728 and parameters: {'n_estimators': 129, 'max_depth': 9, 'min_samples_split': 8, 'min_samples_leaf': 1, 'class_weight': 'balanced'}. Best is trial 0 with value: 0.8508771929824562.
2025-02-02 17:03:56,994 - INFO - Trial 91 finished with value: 0.8508771929824562 and parameters: {'n_estimators': 68, 'max_depth': 16, 'min_samples_split': 5, 'min_samples_leaf': 2, 'class_weight': 'balanced'}. Best is trial 0 with value: 0.8508771929824562.
2025-02-02 17:03:57,091 - INFO - Trial 92 finished with value: 0.8227272727272728 and parameters: {'n_estimators': 76, 'max_depth': 17, 'min_samples_split': 6, 'min_samples_leaf': 2, 'class_weight': 'balanced'}. Best is trial 0 with value: 0.8508771929824562.
2025-02-02 17:03:57,196 - INFO - Trial 93 finished with value: 0.8188405797101449 and parameters: {'n_estimators': 88, 'max_depth': 18, 'min_samples_split': 4, 'min_samples_leaf': 2, 'class_weight': 'balanced'}. Best is trial 0 with value: 0.8508771929824562.
2025-02-02 17:03:57,335 - INFO - Trial 94 finished with value: 0.8508771929824562 and parameters: {'n_estimators': 124, 'max_depth': 13, 'min_samples_split': 5, 'min_samples_leaf': 2, 'class_weight': 'balanced'}. Best is trial 0 with value: 0.8508771929824562.
2025-02-02 17:03:57,508 - INFO - Trial 95 finished with value: 0.8188405797101449 and parameters: {'n_estimators': 164, 'max_depth': 19, 'min_samples_split': 3, 'min_samples_leaf': 2, 'class_weight': 'balanced'}. Best is trial 0 with value: 0.8508771929824562.
2025-02-02 17:03:57,624 - INFO - Trial 96 finished with value: 0.8508771929824562 and parameters: {'n_estimators': 102, 'max_depth': 15, 'min_samples_split': 8, 'min_samples_leaf': 1, 'class_weight': 'balanced'}. Best is trial 0 with value: 0.8508771929824562.
2025-02-02 17:03:57,718 - INFO - Trial 97 finished with value: 0.8188405797101449 and parameters: {'n_estimators': 77, 'max_depth': 17, 'min_samples_split': 7, 'min_samples_leaf': 3, 'class_weight': 'balanced'}. Best is trial 0 with value: 0.8508771929824562.
2025-02-02 17:03:57,795 - INFO - Trial 98 finished with value: 0.8188405797101449 and parameters: {'n_estimators': 56, 'max_depth': 18, 'min_samples_split': 6, 'min_samples_leaf': 2, 'class_weight': 'balanced'}. Best is trial 0 with value: 0.8508771929824562.
2025-02-02 17:03:57,922 - INFO - Trial 99 finished with value: 0.7853566958698374 and parameters: {'n_estimators': 109, 'max_depth': 16, 'min_samples_split': 7, 'min_samples_leaf': 1, 'class_weight': None}. Best is trial 0 with value: 0.8508771929824562.
2025-02-02 17:03:58,147 - INFO - Trial 100 finished with value: 0.8188405797101449 and parameters: {'n_estimators': 212, 'max_depth': 13, 'min_samples_split': 4, 'min_samples_leaf': 2, 'class_weight': 'balanced'}. Best is trial 0 with value: 0.8508771929824562.
2025-02-02 17:03:58,376 - INFO - Trial 101 finished with value: 0.8188405797101449 and parameters: {'n_estimators': 201, 'max_depth': 12, 'min_samples_split': 6, 'min_samples_leaf': 1, 'class_weight': 'balanced'}. Best is trial 0 with value: 0.8508771929824562.
2025-02-02 17:03:58,589 - INFO - Trial 102 finished with value: 0.8508771929824562 and parameters: {'n_estimators': 180, 'max_depth': 14, 'min_samples_split': 5, 'min_samples_leaf': 1, 'class_weight': 'balanced'}. Best is trial 0 with value: 0.8508771929824562.
2025-02-02 17:03:58,760 - INFO - Trial 103 finished with value: 0.8508771929824562 and parameters: {'n_estimators': 140, 'max_depth': 14, 'min_samples_split': 6, 'min_samples_leaf': 1, 'class_weight': 'balanced'}. Best is trial 0 with value: 0.8508771929824562.
2025-02-02 17:03:59,009 - INFO - Trial 104 finished with value: 0.8188405797101449 and parameters: {'n_estimators': 231, 'max_depth': 15, 'min_samples_split': 7, 'min_samples_leaf': 1, 'class_weight': 'balanced'}. Best is trial 0 with value: 0.8508771929824562.
2025-02-02 17:03:59,199 - INFO - Trial 105 finished with value: 0.7662337662337663 and parameters: {'n_estimators': 192, 'max_depth': 3, 'min_samples_split': 6, 'min_samples_leaf': 1, 'class_weight': 'balanced'}. Best is trial 0 with value: 0.8508771929824562.
2025-02-02 17:03:59,422 - INFO - Trial 106 finished with value: 0.8188405797101449 and parameters: {'n_estimators': 212, 'max_depth': 12, 'min_samples_split': 8, 'min_samples_leaf': 1, 'class_weight': 'balanced'}. Best is trial 0 with value: 0.8508771929824562.
2025-02-02 17:03:59,715 - INFO - Trial 107 finished with value: 0.7662337662337663 and parameters: {'n_estimators': 291, 'max_depth': 13, 'min_samples_split': 7, 'min_samples_leaf': 4, 'class_weight': 'balanced'}. Best is trial 0 with value: 0.8508771929824562.
