2025-02-02 14:17:34,824 - INFO - Trial 18 finished with value: 0.7584541062801933 and parameters: {'max_depth': 3, 'min_samples_split': 4, 'min_samples_leaf': 3, 'class_weight': None}. Best is trial 4 with value: 0.7853566958698374.
2025-02-02 14:17:34,861 - INFO - Trial 19 finished with value: 0.7584541062801933 and parameters: {'max_depth': 7, 'min_samples_split': 5, 'min_samples_leaf': 4, 'class_weight': 'balanced'}. Best is trial 4 with value: 0.7853566958698374.
2025-02-02 14:17:34,902 - INFO - Trial 20 finished with value: 0.75 and parameters: {'max_depth': 4, 'min_samples_split': 2, 'min_samples_leaf': 1, 'class_weight': 'balanced'}. Best is trial 4 with value: 0.7853566958698374.
2025-02-02 14:17:34,939 - INFO - Trial 21 finished with value: 0.7584541062801933 and parameters: {'max_depth': 3, 'min_samples_split': 5, 'min_samples_leaf': 4, 'class_weight': 'balanced'}. Best is trial 4 with value: 0.7853566958698374.
2025-02-02 14:17:34,976 - INFO - Trial 22 finished with value: 0.7584541062801933 and parameters: {'max_depth': 3, 'min_samples_split': 5, 'min_samples_leaf': 4, 'class_weight': 'balanced'}. Best is trial 4 with value: 0.7853566958698374.
2025-02-02 14:17:35,015 - INFO - Trial 23 finished with value: 0.7584541062801933 and parameters: {'max_depth': 5, 'min_samples_split': 4, 'min_samples_leaf': 3, 'class_weight': 'balanced'}. Best is trial 4 with value: 0.7853566958698374.
2025-02-02 14:17:35,056 - INFO - Trial 24 finished with value: 0.7584541062801933 and parameters: {'max_depth': 4, 'min_samples_split': 5, 'min_samples_leaf': 4, 'class_weight': 'balanced'}. Best is trial 4 with value: 0.7853566958698374.
2025-02-02 14:17:35,095 - INFO - Trial 25 finished with value: 0.7584541062801933 and parameters: {'max_depth': 3, 'min_samples_split': 4, 'min_samples_leaf': 3, 'class_weight': 'balanced'}. Best is trial 4 with value: 0.7853566958698374.
2025-02-02 14:17:35,132 - INFO - Trial 26 finished with value: 0.75 and parameters: {'max_depth': 6, 'min_samples_split': 3, 'min_samples_leaf': 2, 'class_weight': None}. Best is trial 4 with value: 0.7853566958698374.
2025-02-02 14:17:35,170 - INFO - Trial 27 finished with value: 0.7584541062801933 and parameters: {'max_depth': 4, 'min_samples_split': 5, 'min_samples_leaf': 4, 'class_weight': 'balanced'}. Best is trial 4 with value: 0.7853566958698374.
2025-02-02 14:17:35,207 - INFO - Trial 28 finished with value: 0.7584541062801933 and parameters: {'max_depth': 7, 'min_samples_split': 4, 'min_samples_leaf': 3, 'class_weight': None}. Best is trial 4 with value: 0.7853566958698374.
2025-02-02 14:17:35,243 - INFO - Trial 29 finished with value: 0.7584541062801933 and parameters: {'max_depth': 3, 'min_samples_split': 5, 'min_samples_leaf': 2, 'class_weight': None}. Best is trial 4 with value: 0.7853566958698374.
2025-02-02 14:17:35,281 - INFO - Trial 30 finished with value: 0.7584541062801933 and parameters: {'max_depth': 5, 'min_samples_split': 3, 'min_samples_leaf': 4, 'class_weight': 'balanced'}. Best is trial 4 with value: 0.7853566958698374.
2025-02-02 14:17:35,318 - INFO - Trial 31 finished with value: 0.7853566958698374 and parameters: {'max_depth': 10, 'min_samples_split': 4, 'min_samples_leaf': 3, 'class_weight': None}. Best is trial 4 with value: 0.7853566958698374.
2025-02-02 14:17:35,360 - INFO - Trial 32 finished with value: 0.7853566958698374 and parameters: {'max_depth': 10, 'min_samples_split': 4, 'min_samples_leaf': 3, 'class_weight': None}. Best is trial 4 with value: 0.7853566958698374.
2025-02-02 14:17:35,398 - INFO - Trial 33 finished with value: 0.7584541062801933 and parameters: {'max_depth': 10, 'min_samples_split': 4, 'min_samples_leaf': 3, 'class_weight': None}. Best is trial 4 with value: 0.7853566958698374.
2025-02-02 14:17:35,438 - INFO - Trial 34 finished with value: 0.7584541062801933 and parameters: {'max_depth': 9, 'min_samples_split': 4, 'min_samples_leaf': 3, 'class_weight': None}. Best is trial 4 with value: 0.7853566958698374.
2025-02-02 14:17:35,476 - INFO - Trial 35 finished with value: 0.7853566958698374 and parameters: {'max_depth': 10, 'min_samples_split': 4, 'min_samples_leaf': 3, 'class_weight': None}. Best is trial 4 with value: 0.7853566958698374.
2025-02-02 14:17:35,515 - INFO - Trial 36 finished with value: 0.7584541062801933 and parameters: {'max_depth': 10, 'min_samples_split': 4, 'min_samples_leaf': 3, 'class_weight': None}. Best is trial 4 with value: 0.7853566958698374.
2025-02-02 14:17:35,552 - INFO - Trial 37 finished with value: 0.7853566958698374 and parameters: {'max_depth': 9, 'min_samples_split': 4, 'min_samples_leaf': 3, 'class_weight': None}. Best is trial 4 with value: 0.7853566958698374.
2025-02-02 14:17:35,589 - INFO - Trial 38 finished with value: 0.7853566958698374 and parameters: {'max_depth': 10, 'min_samples_split': 4, 'min_samples_leaf': 3, 'class_weight': None}. Best is trial 4 with value: 0.7853566958698374.
2025-02-02 14:17:35,628 - INFO - Trial 39 finished with value: 0.7853566958698374 and parameters: {'max_depth': 10, 'min_samples_split': 3, 'min_samples_leaf': 3, 'class_weight': None}. Best is trial 4 with value: 0.7853566958698374.
2025-02-02 14:17:35,666 - INFO - Trial 40 finished with value: 0.7584541062801933 and parameters: {'max_depth': 9, 'min_samples_split': 4, 'min_samples_leaf': 3, 'class_weight': None}. Best is trial 4 with value: 0.7853566958698374.
2025-02-02 14:17:35,704 - INFO - Trial 41 finished with value: 0.7853566958698374 and parameters: {'max_depth': 9, 'min_samples_split': 4, 'min_samples_leaf': 3, 'class_weight': None}. Best is trial 4 with value: 0.7853566958698374.
2025-02-02 14:17:35,741 - INFO - Trial 42 finished with value: 0.7584541062801933 and parameters: {'max_depth': 9, 'min_samples_split': 4, 'min_samples_leaf': 3, 'class_weight': None}. Best is trial 4 with value: 0.7853566958698374.
2025-02-02 14:17:35,777 - INFO - Trial 43 finished with value: 0.7584541062801933 and parameters: {'max_depth': 8, 'min_samples_split': 4, 'min_samples_leaf': 3, 'class_weight': None}. Best is trial 4 with value: 0.7853566958698374.
2025-02-02 14:17:35,815 - INFO - Trial 44 finished with value: 0.75 and parameters: {'max_depth': 10, 'min_samples_split': 4, 'min_samples_leaf': 2, 'class_weight': None}. Best is trial 4 with value: 0.7853566958698374.
2025-02-02 14:17:35,855 - INFO - Trial 45 finished with value: 0.7584541062801933 and parameters: {'max_depth': 10, 'min_samples_split': 3, 'min_samples_leaf': 3, 'class_weight': None}. Best is trial 4 with value: 0.7853566958698374.
2025-02-02 14:17:35,895 - INFO - Trial 46 finished with value: 0.7584541062801933 and parameters: {'max_depth': 9, 'min_samples_split': 4, 'min_samples_leaf': 3, 'class_weight': None}. Best is trial 4 with value: 0.7853566958698374.
2025-02-02 14:17:35,932 - INFO - Trial 47 finished with value: 0.7853566958698374 and parameters: {'max_depth': 9, 'min_samples_split': 4, 'min_samples_leaf': 3, 'class_weight': None}. Best is trial 4 with value: 0.7853566958698374.
2025-02-02 14:17:35,970 - INFO - Trial 48 finished with value: 0.7853566958698374 and parameters: {'max_depth': 10, 'min_samples_split': 3, 'min_samples_leaf': 3, 'class_weight': None}. Best is trial 4 with value: 0.7853566958698374.
2025-02-02 14:17:36,008 - INFO - Trial 49 finished with value: 0.75 and parameters: {'max_depth': 8, 'min_samples_split': 4, 'min_samples_leaf': 2, 'class_weight': None}. Best is trial 4 with value: 0.7853566958698374.
2025-02-02 14:17:36,046 - INFO - Trial 50 finished with value: 0.7853566958698374 and parameters: {'max_depth': 10, 'min_samples_split': 2, 'min_samples_leaf': 3, 'class_weight': None}. Best is trial 4 with value: 0.7853566958698374.
2025-02-02 14:17:36,088 - INFO - Trial 51 finished with value: 0.7584541062801933 and parameters: {'max_depth': 10, 'min_samples_split': 4, 'min_samples_leaf': 3, 'class_weight': None}. Best is trial 4 with value: 0.7853566958698374.
2025-02-02 14:17:36,126 - INFO - Trial 52 finished with value: 0.7584541062801933 and parameters: {'max_depth': 10, 'min_samples_split': 4, 'min_samples_leaf': 3, 'class_weight': None}. Best is trial 4 with value: 0.7853566958698374.
2025-02-02 14:17:36,165 - INFO - Trial 53 finished with value: 0.7584541062801933 and parameters: {'max_depth': 9, 'min_samples_split': 4, 'min_samples_leaf': 3, 'class_weight': None}. Best is trial 4 with value: 0.7853566958698374.
2025-02-02 14:17:36,205 - INFO - Trial 54 finished with value: 0.7853566958698374 and parameters: {'max_depth': 10, 'min_samples_split': 4, 'min_samples_leaf': 3, 'class_weight': None}. Best is trial 4 with value: 0.7853566958698374.
2025-02-02 14:17:36,242 - INFO - Trial 55 finished with value: 0.7584541062801933 and parameters: {'max_depth': 8, 'min_samples_split': 4, 'min_samples_leaf': 3, 'class_weight': None}. Best is trial 4 with value: 0.7853566958698374.
2025-02-02 14:17:36,282 - INFO - Trial 56 finished with value: 0.7853566958698374 and parameters: {'max_depth': 9, 'min_samples_split': 3, 'min_samples_leaf': 3, 'class_weight': None}. Best is trial 4 with value: 0.7853566958698374.
2025-02-02 14:17:36,329 - INFO - Trial 57 finished with value: 0.75 and parameters: {'max_depth': 10, 'min_samples_split': 4, 'min_samples_leaf': 2, 'class_weight': None}. Best is trial 4 with value: 0.7853566958698374.
2025-02-02 14:17:36,372 - INFO - Trial 58 finished with value: 0.7584541062801933 and parameters: {'max_depth': 7, 'min_samples_split': 4, 'min_samples_leaf': 3, 'class_weight': None}. Best is trial 4 with value: 0.7853566958698374.
2025-02-02 14:17:36,411 - INFO - Trial 59 finished with value: 0.7584541062801933 and parameters: {'max_depth': 9, 'min_samples_split': 3, 'min_samples_leaf': 4, 'class_weight': None}. Best is trial 4 with value: 0.7853566958698374.
2025-02-02 14:17:36,449 - INFO - Trial 60 finished with value: 0.7853566958698374 and parameters: {'max_depth': 6, 'min_samples_split': 5, 'min_samples_leaf': 3, 'class_weight': None}. Best is trial 4 with value: 0.7853566958698374.
2025-02-02 14:17:36,489 - INFO - Trial 61 finished with value: 0.7853566958698374 and parameters: {'max_depth': 10, 'min_samples_split': 2, 'min_samples_leaf': 3, 'class_weight': None}. Best is trial 4 with value: 0.7853566958698374.
2025-02-02 14:17:36,528 - INFO - Trial 62 finished with value: 0.7584541062801933 and parameters: {'max_depth': 10, 'min_samples_split': 2, 'min_samples_leaf': 3, 'class_weight': None}. Best is trial 4 with value: 0.7853566958698374.
2025-02-02 14:17:36,567 - INFO - Trial 63 finished with value: 0.7584541062801933 and parameters: {'max_depth': 10, 'min_samples_split': 3, 'min_samples_leaf': 3, 'class_weight': None}. Best is trial 4 with value: 0.7853566958698374.
2025-02-02 14:17:36,608 - INFO - Trial 64 finished with value: 0.7584541062801933 and parameters: {'max_depth': 10, 'min_samples_split': 2, 'min_samples_leaf': 3, 'class_weight': None}. Best is trial 4 with value: 0.7853566958698374.
2025-02-02 14:17:36,650 - INFO - Trial 65 finished with value: 0.7584541062801933 and parameters: {'max_depth': 9, 'min_samples_split': 3, 'min_samples_leaf': 3, 'class_weight': None}. Best is trial 4 with value: 0.7853566958698374.
2025-02-02 14:17:36,690 - INFO - Trial 66 finished with value: 0.75 and parameters: {'max_depth': 10, 'min_samples_split': 4, 'min_samples_leaf': 1, 'class_weight': None}. Best is trial 4 with value: 0.7853566958698374.
2025-02-02 14:17:36,728 - INFO - Trial 67 finished with value: 0.7584541062801933 and parameters: {'max_depth': 10, 'min_samples_split': 4, 'min_samples_leaf': 3, 'class_weight': None}. Best is trial 4 with value: 0.7853566958698374.
2025-02-02 14:17:36,768 - INFO - Trial 68 finished with value: 0.7584541062801933 and parameters: {'max_depth': 9, 'min_samples_split': 4, 'min_samples_leaf': 4, 'class_weight': None}. Best is trial 4 with value: 0.7853566958698374.
2025-02-02 14:17:36,806 - INFO - Trial 69 finished with value: 0.7584541062801933 and parameters: {'max_depth': 10, 'min_samples_split': 3, 'min_samples_leaf': 3, 'class_weight': None}. Best is trial 4 with value: 0.7853566958698374.
2025-02-02 14:17:36,844 - INFO - Trial 70 finished with value: 0.75 and parameters: {'max_depth': 9, 'min_samples_split': 4, 'min_samples_leaf': 2, 'class_weight': None}. Best is trial 4 with value: 0.7853566958698374.
2025-02-02 14:17:36,883 - INFO - Trial 71 finished with value: 0.7853566958698374 and parameters: {'max_depth': 8, 'min_samples_split': 4, 'min_samples_leaf': 3, 'class_weight': None}. Best is trial 4 with value: 0.7853566958698374.
2025-02-02 14:17:36,921 - INFO - Trial 72 finished with value: 0.7584541062801933 and parameters: {'max_depth': 10, 'min_samples_split': 4, 'min_samples_leaf': 3, 'class_weight': None}. Best is trial 4 with value: 0.7853566958698374.
2025-02-02 14:17:36,962 - INFO - Trial 73 finished with value: 0.7853566958698374 and parameters: {'max_depth': 9, 'min_samples_split': 4, 'min_samples_leaf': 3, 'class_weight': None}. Best is trial 4 with value: 0.7853566958698374.
2025-02-02 14:17:37,001 - INFO - Trial 74 finished with value: 0.7584541062801933 and parameters: {'max_depth': 9, 'min_samples_split': 4, 'min_samples_leaf': 3, 'class_weight': None}. Best is trial 4 with value: 0.7853566958698374.
2025-02-02 14:17:37,041 - INFO - Trial 75 finished with value: 0.7853566958698374 and parameters: {'max_depth': 10, 'min_samples_split': 4, 'min_samples_leaf': 3, 'class_weight': None}. Best is trial 4 with value: 0.7853566958698374.
2025-02-02 14:17:37,082 - INFO - Trial 76 finished with value: 0.7853566958698374 and parameters: {'max_depth': 7, 'min_samples_split': 4, 'min_samples_leaf': 3, 'class_weight': None}. Best is trial 4 with value: 0.7853566958698374.
2025-02-02 14:17:37,122 - INFO - Trial 77 finished with value: 0.7853566958698374 and parameters: {'max_depth': 5, 'min_samples_split': 4, 'min_samples_leaf': 3, 'class_weight': None}. Best is trial 4 with value: 0.7853566958698374.
2025-02-02 14:17:37,171 - INFO - Trial 78 finished with value: 0.7853566958698374 and parameters: {'max_depth': 10, 'min_samples_split': 5, 'min_samples_leaf': 3, 'class_weight': None}. Best is trial 4 with value: 0.7853566958698374.
2025-02-02 14:17:37,213 - INFO - Trial 79 finished with value: 0.7853566958698374 and parameters: {'max_depth': 9, 'min_samples_split': 3, 'min_samples_leaf': 3, 'class_weight': None}. Best is trial 4 with value: 0.7853566958698374.
2025-02-02 14:17:37,251 - INFO - Trial 80 finished with value: 0.75 and parameters: {'max_depth': 10, 'min_samples_split': 4, 'min_samples_leaf': 2, 'class_weight': None}. Best is trial 4 with value: 0.7853566958698374.
2025-02-02 14:17:37,289 - INFO - Trial 81 finished with value: 0.7584541062801933 and parameters: {'max_depth': 9, 'min_samples_split': 4, 'min_samples_leaf': 3, 'class_weight': None}. Best is trial 4 with value: 0.7853566958698374.
2025-02-02 14:17:37,326 - INFO - Trial 82 finished with value: 0.7853566958698374 and parameters: {'max_depth': 8, 'min_samples_split': 4, 'min_samples_leaf': 3, 'class_weight': None}. Best is trial 4 with value: 0.7853566958698374.
2025-02-02 14:17:37,366 - INFO - Trial 83 finished with value: 0.7584541062801933 and parameters: {'max_depth': 9, 'min_samples_split': 4, 'min_samples_leaf': 3, 'class_weight': None}. Best is trial 4 with value: 0.7853566958698374.
2025-02-02 14:17:37,410 - INFO - Trial 84 finished with value: 0.7584541062801933 and parameters: {'max_depth': 9, 'min_samples_split': 4, 'min_samples_leaf': 3, 'class_weight': None}. Best is trial 4 with value: 0.7853566958698374.
2025-02-02 14:17:37,459 - INFO - Trial 85 finished with value: 0.7584541062801933 and parameters: {'max_depth': 10, 'min_samples_split': 4, 'min_samples_leaf': 3, 'class_weight': None}. Best is trial 4 with value: 0.7853566958698374.
2025-02-02 14:17:37,511 - INFO - Trial 86 finished with value: 0.7853566958698374 and parameters: {'max_depth': 6, 'min_samples_split': 4, 'min_samples_leaf': 3, 'class_weight': None}. Best is trial 4 with value: 0.7853566958698374.
2025-02-02 14:17:37,566 - INFO - Trial 87 finished with value: 0.7584541062801933 and parameters: {'max_depth': 8, 'min_samples_split': 2, 'min_samples_leaf': 4, 'class_weight': None}. Best is trial 4 with value: 0.7853566958698374.
2025-02-02 14:17:37,623 - INFO - Trial 88 finished with value: 0.7584541062801933 and parameters: {'max_depth': 10, 'min_samples_split': 4, 'min_samples_leaf': 3, 'class_weight': 'balanced'}. Best is trial 4 with value: 0.7853566958698374.
2025-02-02 14:17:37,665 - INFO - Trial 89 finished with value: 0.7853566958698374 and parameters: {'max_depth': 9, 'min_samples_split': 4, 'min_samples_leaf': 3, 'class_weight': None}. Best is trial 4 with value: 0.7853566958698374.
2025-02-02 14:17:37,705 - INFO - Trial 90 finished with value: 0.7853566958698374 and parameters: {'max_depth': 10, 'min_samples_split': 4, 'min_samples_leaf': 3, 'class_weight': None}. Best is trial 4 with value: 0.7853566958698374.
2025-02-02 14:17:37,744 - INFO - Trial 91 finished with value: 0.7853566958698374 and parameters: {'max_depth': 10, 'min_samples_split': 3, 'min_samples_leaf': 3, 'class_weight': None}. Best is trial 4 with value: 0.7853566958698374.
2025-02-02 14:17:37,785 - INFO - Trial 92 finished with value: 0.7853566958698374 and parameters: {'max_depth': 10, 'min_samples_split': 3, 'min_samples_leaf': 3, 'class_weight': None}. Best is trial 4 with value: 0.7853566958698374.
2025-02-02 14:17:37,827 - INFO - Trial 93 finished with value: 0.7584541062801933 and parameters: {'max_depth': 10, 'min_samples_split': 3, 'min_samples_leaf': 3, 'class_weight': None}. Best is trial 4 with value: 0.7853566958698374.
2025-02-02 14:17:37,869 - INFO - Trial 94 finished with value: 0.7584541062801933 and parameters: {'max_depth': 10, 'min_samples_split': 2, 'min_samples_leaf': 3, 'class_weight': None}. Best is trial 4 with value: 0.7853566958698374.
2025-02-02 14:17:37,911 - INFO - Trial 95 finished with value: 0.7853566958698374 and parameters: {'max_depth': 9, 'min_samples_split': 3, 'min_samples_leaf': 3, 'class_weight': None}. Best is trial 4 with value: 0.7853566958698374.
2025-02-02 14:17:37,953 - INFO - Trial 96 finished with value: 0.7584541062801933 and parameters: {'max_depth': 4, 'min_samples_split': 4, 'min_samples_leaf': 3, 'class_weight': None}. Best is trial 4 with value: 0.7853566958698374.
2025-02-02 14:17:37,992 - INFO - Trial 97 finished with value: 0.7853566958698374 and parameters: {'max_depth': 10, 'min_samples_split': 4, 'min_samples_leaf': 3, 'class_weight': None}. Best is trial 4 with value: 0.7853566958698374.
2025-02-02 14:17:38,033 - INFO - Trial 98 finished with value: 0.7584541062801933 and parameters: {'max_depth': 7, 'min_samples_split': 4, 'min_samples_leaf': 3, 'class_weight': None}. Best is trial 4 with value: 0.7853566958698374.
2025-02-02 14:17:38,074 - INFO - Trial 99 finished with value: 0.7584541062801933 and parameters: {'max_depth': 10, 'min_samples_split': 3, 'min_samples_leaf': 3, 'class_weight': 'balanced'}. Best is trial 4 with value: 0.7853566958698374.
2025-02-02 14:17:38,352 - INFO - A new study created in memory with name: no-name-568c2f21-fdfa-4018-9327-2af2f2c46247
2025-02-02 14:17:38,444 - INFO - Trial 0 finished with value: 0.8188405797101449 and parameters: {'n_estimators': 106, 'max_depth': 3, 'learning_rate': 0.03976775720654494, 'subsample': 0.754830715966522}. Best is trial 0 with value: 0.8188405797101449.
2025-02-02 14:17:38,506 - INFO - Trial 1 finished with value: 0.8188405797101449 and parameters: {'n_estimators': 52, 'max_depth': 4, 'learning_rate': 0.05707943325433078, 'subsample': 0.9139625589004177}. Best is trial 0 with value: 0.8188405797101449.
2025-02-02 14:17:38,572 - INFO - Trial 2 finished with value: 0.8188405797101449 and parameters: {'n_estimators': 119, 'max_depth': 6, 'learning_rate': 0.09054487246718432, 'subsample': 0.7236658583761082}. Best is trial 0 with value: 0.8188405797101449.
2025-02-02 14:17:38,639 - INFO - Trial 3 finished with value: 0.8188405797101449 and parameters: {'n_estimators': 115, 'max_depth': 6, 'learning_rate': 0.044367912603441126, 'subsample': 0.7441862982936844}. Best is trial 0 with value: 0.8188405797101449.
2025-02-02 14:17:38,686 - INFO - Trial 4 finished with value: 0.8188405797101449 and parameters: {'n_estimators': 50, 'max_depth': 5, 'learning_rate': 0.03975839369813894, 'subsample': 0.7204703936951744}. Best is trial 0 with value: 0.8188405797101449.
2025-02-02 14:17:38,751 - INFO - Trial 5 finished with value: 0.8188405797101449 and parameters: {'n_estimators': 115, 'max_depth': 5, 'learning_rate': 0.012227571175666595, 'subsample': 0.7237771891704905}. Best is trial 0 with value: 0.8188405797101449.
2025-02-02 14:17:38,812 - INFO - Trial 6 finished with value: 0.8188405797101449 and parameters: {'n_estimators': 111, 'max_depth': 9, 'learning_rate': 0.08329986507990444, 'subsample': 0.6498534013041855}. Best is trial 0 with value: 0.8188405797101449.
2025-02-02 14:17:38,866 - INFO - Trial 7 finished with value: 0.8188405797101449 and parameters: {'n_estimators': 74, 'max_depth': 10, 'learning_rate': 0.0528926986330556, 'subsample': 0.6431369755033672}. Best is trial 0 with value: 0.8188405797101449.
2025-02-02 14:17:38,931 - INFO - Trial 8 finished with value: 0.8188405797101449 and parameters: {'n_estimators': 119, 'max_depth': 3, 'learning_rate': 0.0984173268249513, 'subsample': 0.6195884318525086}. Best is trial 0 with value: 0.8188405797101449.
2025-02-02 14:17:38,991 - INFO - Trial 9 finished with value: 0.8188405797101449 and parameters: {'n_estimators': 66, 'max_depth': 9, 'learning_rate': 0.06978394294395243, 'subsample': 0.7391374417397425}. Best is trial 0 with value: 0.8188405797101449.
