2025-02-02 17:04:21,278 - INFO - Trial 192 finished with value: 0.8227272727272728 and parameters: {'n_estimators': 172, 'max_depth': 16, 'min_samples_split': 7, 'min_samples_leaf': 1, 'class_weight': 'balanced'}. Best is trial 0 with value: 0.8508771929824562.
2025-02-02 17:04:21,556 - INFO - Trial 193 finished with value: 0.8188405797101449 and parameters: {'n_estimators': 167, 'max_depth': 19, 'min_samples_split': 5, 'min_samples_leaf': 1, 'class_weight': 'balanced'}. Best is trial 0 with value: 0.8508771929824562.
2025-02-02 17:04:21,878 - INFO - Trial 194 finished with value: 0.8508771929824562 and parameters: {'n_estimators': 190, 'max_depth': 14, 'min_samples_split': 7, 'min_samples_leaf': 1, 'class_weight': 'balanced'}. Best is trial 0 with value: 0.8508771929824562.
2025-02-02 17:04:22,177 - INFO - Trial 195 finished with value: 0.8508771929824562 and parameters: {'n_estimators': 179, 'max_depth': 18, 'min_samples_split': 7, 'min_samples_leaf': 1, 'class_weight': 'balanced'}. Best is trial 0 with value: 0.8508771929824562.
2025-02-02 17:04:22,410 - INFO - Trial 196 finished with value: 0.8188405797101449 and parameters: {'n_estimators': 157, 'max_depth': 17, 'min_samples_split': 6, 'min_samples_leaf': 1, 'class_weight': 'balanced'}. Best is trial 0 with value: 0.8508771929824562.
2025-02-02 17:04:22,666 - INFO - Trial 197 finished with value: 0.7945736434108528 and parameters: {'n_estimators': 167, 'max_depth': 20, 'min_samples_split': 8, 'min_samples_leaf': 2, 'class_weight': 'balanced'}. Best is trial 0 with value: 0.8508771929824562.
2025-02-02 17:04:22,888 - INFO - Trial 198 finished with value: 0.8508771929824562 and parameters: {'n_estimators': 197, 'max_depth': 17, 'min_samples_split': 7, 'min_samples_leaf': 1, 'class_weight': 'balanced'}. Best is trial 0 with value: 0.8508771929824562.
2025-02-02 17:04:22,985 - INFO - Trial 199 finished with value: 0.8508771929824562 and parameters: {'n_estimators': 74, 'max_depth': 14, 'min_samples_split': 8, 'min_samples_leaf': 2, 'class_weight': 'balanced'}. Best is trial 0 with value: 0.8508771929824562.
2025-02-02 17:04:23,129 - INFO - Trial 200 finished with value: 0.8508771929824562 and parameters: {'n_estimators': 125, 'max_depth': 18, 'min_samples_split': 4, 'min_samples_leaf': 1, 'class_weight': 'balanced'}. Best is trial 0 with value: 0.8508771929824562.
2025-02-02 17:04:23,350 - INFO - Trial 201 finished with value: 0.8188405797101449 and parameters: {'n_estimators': 187, 'max_depth': 15, 'min_samples_split': 3, 'min_samples_leaf': 1, 'class_weight': 'balanced'}. Best is trial 0 with value: 0.8508771929824562.
2025-02-02 17:04:23,556 - INFO - Trial 202 finished with value: 0.846683354192741 and parameters: {'n_estimators': 183, 'max_depth': 15, 'min_samples_split': 2, 'min_samples_leaf': 1, 'class_weight': 'balanced'}. Best is trial 0 with value: 0.8508771929824562.
2025-02-02 17:04:23,775 - INFO - Trial 203 finished with value: 0.8508771929824562 and parameters: {'n_estimators': 194, 'max_depth': 15, 'min_samples_split': 3, 'min_samples_leaf': 1, 'class_weight': 'balanced'}. Best is trial 0 with value: 0.8508771929824562.
2025-02-02 17:04:23,986 - INFO - Trial 204 finished with value: 0.8188405797101449 and parameters: {'n_estimators': 204, 'max_depth': 16, 'min_samples_split': 5, 'min_samples_leaf': 1, 'class_weight': 'balanced'}. Best is trial 0 with value: 0.8508771929824562.
2025-02-02 17:04:24,179 - INFO - Trial 205 finished with value: 0.7945736434108528 and parameters: {'n_estimators': 176, 'max_depth': 12, 'min_samples_split': 2, 'min_samples_leaf': 4, 'class_weight': 'balanced'}. Best is trial 0 with value: 0.8508771929824562.
2025-02-02 17:04:24,357 - INFO - Trial 206 finished with value: 0.8188405797101449 and parameters: {'n_estimators': 151, 'max_depth': 13, 'min_samples_split': 6, 'min_samples_leaf': 1, 'class_weight': None}. Best is trial 0 with value: 0.8508771929824562.
2025-02-02 17:04:24,586 - INFO - Trial 207 finished with value: 0.8508771929824562 and parameters: {'n_estimators': 188, 'max_depth': 14, 'min_samples_split': 2, 'min_samples_leaf': 2, 'class_weight': 'balanced'}. Best is trial 0 with value: 0.8508771929824562.
2025-02-02 17:04:24,716 - INFO - Trial 208 finished with value: 0.8188405797101449 and parameters: {'n_estimators': 100, 'max_depth': 20, 'min_samples_split': 7, 'min_samples_leaf': 1, 'class_weight': 'balanced'}. Best is trial 0 with value: 0.8508771929824562.
2025-02-02 17:04:24,827 - INFO - Trial 209 finished with value: 0.8188405797101449 and parameters: {'n_estimators': 82, 'max_depth': 19, 'min_samples_split': 6, 'min_samples_leaf': 3, 'class_weight': 'balanced'}. Best is trial 0 with value: 0.8508771929824562.
2025-02-02 17:04:25,075 - INFO - Trial 210 finished with value: 0.8508771929824562 and parameters: {'n_estimators': 214, 'max_depth': 11, 'min_samples_split': 5, 'min_samples_leaf': 1, 'class_weight': 'balanced'}. Best is trial 0 with value: 0.8508771929824562.
2025-02-02 17:04:25,285 - INFO - Trial 211 finished with value: 0.8188405797101449 and parameters: {'n_estimators': 140, 'max_depth': 12, 'min_samples_split': 6, 'min_samples_leaf': 1, 'class_weight': 'balanced'}. Best is trial 0 with value: 0.8508771929824562.
2025-02-02 17:04:25,434 - INFO - Trial 212 finished with value: 0.8188405797101449 and parameters: {'n_estimators': 128, 'max_depth': 12, 'min_samples_split': 6, 'min_samples_leaf': 1, 'class_weight': 'balanced'}. Best is trial 0 with value: 0.8508771929824562.
2025-02-02 17:04:25,631 - INFO - Trial 213 finished with value: 0.8188405797101449 and parameters: {'n_estimators': 147, 'max_depth': 13, 'min_samples_split': 6, 'min_samples_leaf': 1, 'class_weight': 'balanced'}. Best is trial 0 with value: 0.8508771929824562.
2025-02-02 17:04:25,796 - INFO - Trial 214 finished with value: 0.8508771929824562 and parameters: {'n_estimators': 133, 'max_depth': 12, 'min_samples_split': 6, 'min_samples_leaf': 1, 'class_weight': 'balanced'}. Best is trial 0 with value: 0.8508771929824562.
2025-02-02 17:04:25,922 - INFO - Trial 215 finished with value: 0.8508771929824562 and parameters: {'n_estimators': 107, 'max_depth': 15, 'min_samples_split': 6, 'min_samples_leaf': 2, 'class_weight': 'balanced'}. Best is trial 0 with value: 0.8508771929824562.
2025-02-02 17:04:26,062 - INFO - Trial 216 finished with value: 0.8508771929824562 and parameters: {'n_estimators': 116, 'max_depth': 17, 'min_samples_split': 7, 'min_samples_leaf': 1, 'class_weight': 'balanced'}. Best is trial 0 with value: 0.8508771929824562.
2025-02-02 17:04:26,243 - INFO - Trial 217 finished with value: 0.8508771929824562 and parameters: {'n_estimators': 154, 'max_depth': 14, 'min_samples_split': 6, 'min_samples_leaf': 2, 'class_weight': 'balanced'}. Best is trial 0 with value: 0.8508771929824562.
2025-02-02 17:04:26,333 - INFO - Trial 218 finished with value: 0.8508771929824562 and parameters: {'n_estimators': 62, 'max_depth': 11, 'min_samples_split': 7, 'min_samples_leaf': 1, 'class_weight': 'balanced'}. Best is trial 0 with value: 0.8508771929824562.
2025-02-02 17:04:26,518 - INFO - Trial 219 finished with value: 0.8508771929824562 and parameters: {'n_estimators': 144, 'max_depth': 19, 'min_samples_split': 6, 'min_samples_leaf': 1, 'class_weight': 'balanced'}. Best is trial 0 with value: 0.8508771929824562.
2025-02-02 17:04:26,757 - INFO - Trial 220 finished with value: 0.7853566958698374 and parameters: {'n_estimators': 184, 'max_depth': 14, 'min_samples_split': 7, 'min_samples_leaf': 2, 'class_weight': None}. Best is trial 0 with value: 0.8508771929824562.
2025-02-02 17:04:26,963 - INFO - Trial 221 finished with value: 0.8188405797101449 and parameters: {'n_estimators': 162, 'max_depth': 16, 'min_samples_split': 5, 'min_samples_leaf': 3, 'class_weight': 'balanced'}. Best is trial 0 with value: 0.8508771929824562.
2025-02-02 17:04:27,184 - INFO - Trial 222 finished with value: 0.8188405797101449 and parameters: {'n_estimators': 169, 'max_depth': 18, 'min_samples_split': 5, 'min_samples_leaf': 3, 'class_weight': 'balanced'}. Best is trial 0 with value: 0.8508771929824562.
2025-02-02 17:04:27,359 - INFO - Trial 223 finished with value: 0.8508771929824562 and parameters: {'n_estimators': 136, 'max_depth': 18, 'min_samples_split': 5, 'min_samples_leaf': 3, 'class_weight': 'balanced'}. Best is trial 0 with value: 0.8508771929824562.
2025-02-02 17:04:27,549 - INFO - Trial 224 finished with value: 0.8188405797101449 and parameters: {'n_estimators': 153, 'max_depth': 16, 'min_samples_split': 5, 'min_samples_leaf': 3, 'class_weight': 'balanced'}. Best is trial 0 with value: 0.8508771929824562.
2025-02-02 17:04:27,763 - INFO - Trial 225 finished with value: 0.8188405797101449 and parameters: {'n_estimators': 158, 'max_depth': 17, 'min_samples_split': 5, 'min_samples_leaf': 3, 'class_weight': 'balanced'}. Best is trial 0 with value: 0.8508771929824562.
2025-02-02 17:04:27,994 - INFO - Trial 226 finished with value: 0.8508771929824562 and parameters: {'n_estimators': 199, 'max_depth': 17, 'min_samples_split': 7, 'min_samples_leaf': 1, 'class_weight': 'balanced'}. Best is trial 0 with value: 0.8508771929824562.
2025-02-02 17:04:28,213 - INFO - Trial 227 finished with value: 0.8188405797101449 and parameters: {'n_estimators': 147, 'max_depth': 15, 'min_samples_split': 6, 'min_samples_leaf': 3, 'class_weight': 'balanced'}. Best is trial 0 with value: 0.8508771929824562.
2025-02-02 17:04:28,425 - INFO - Trial 228 finished with value: 0.8508771929824562 and parameters: {'n_estimators': 180, 'max_depth': 13, 'min_samples_split': 7, 'min_samples_leaf': 1, 'class_weight': 'balanced'}. Best is trial 0 with value: 0.8508771929824562.
2025-02-02 17:04:28,577 - INFO - Trial 229 finished with value: 0.8508771929824562 and parameters: {'n_estimators': 122, 'max_depth': 19, 'min_samples_split': 6, 'min_samples_leaf': 2, 'class_weight': 'balanced'}. Best is trial 0 with value: 0.8508771929824562.
2025-02-02 17:04:28,839 - INFO - Trial 230 finished with value: 0.8508771929824562 and parameters: {'n_estimators': 206, 'max_depth': 20, 'min_samples_split': 7, 'min_samples_leaf': 1, 'class_weight': 'balanced'}. Best is trial 0 with value: 0.8508771929824562.
2025-02-02 17:04:29,026 - INFO - Trial 231 finished with value: 0.7945736434108528 and parameters: {'n_estimators': 150, 'max_depth': 18, 'min_samples_split': 8, 'min_samples_leaf': 1, 'class_weight': 'balanced'}. Best is trial 0 with value: 0.8508771929824562.
2025-02-02 17:04:29,203 - INFO - Trial 232 finished with value: 0.8508771929824562 and parameters: {'n_estimators': 144, 'max_depth': 18, 'min_samples_split': 8, 'min_samples_leaf': 1, 'class_weight': 'balanced'}. Best is trial 0 with value: 0.8508771929824562.
2025-02-02 17:04:29,383 - INFO - Trial 233 finished with value: 0.8508771929824562 and parameters: {'n_estimators': 140, 'max_depth': 18, 'min_samples_split': 8, 'min_samples_leaf': 1, 'class_weight': 'balanced'}. Best is trial 0 with value: 0.8508771929824562.
2025-02-02 17:04:29,547 - INFO - Trial 234 finished with value: 0.8227272727272728 and parameters: {'n_estimators': 129, 'max_depth': 18, 'min_samples_split': 8, 'min_samples_leaf': 1, 'class_weight': 'balanced'}. Best is trial 0 with value: 0.8508771929824562.
2025-02-02 17:04:29,805 - INFO - Trial 235 finished with value: 0.8508771929824562 and parameters: {'n_estimators': 222, 'max_depth': 17, 'min_samples_split': 3, 'min_samples_leaf': 1, 'class_weight': 'balanced'}. Best is trial 0 with value: 0.8508771929824562.
2025-02-02 17:04:30,055 - INFO - Trial 236 finished with value: 0.8508771929824562 and parameters: {'n_estimators': 160, 'max_depth': 20, 'min_samples_split': 5, 'min_samples_leaf': 2, 'class_weight': 'balanced'}. Best is trial 0 with value: 0.8508771929824562.
2025-02-02 17:04:30,266 - INFO - Trial 237 finished with value: 0.8508771929824562 and parameters: {'n_estimators': 174, 'max_depth': 13, 'min_samples_split': 7, 'min_samples_leaf': 1, 'class_weight': 'balanced'}. Best is trial 0 with value: 0.8508771929824562.
2025-02-02 17:04:30,358 - INFO - Trial 238 finished with value: 0.8508771929824562 and parameters: {'n_estimators': 67, 'max_depth': 12, 'min_samples_split': 8, 'min_samples_leaf': 2, 'class_weight': 'balanced'}. Best is trial 0 with value: 0.8508771929824562.
2025-02-02 17:04:30,508 - INFO - Trial 239 finished with value: 0.7853566958698374 and parameters: {'n_estimators': 112, 'max_depth': 17, 'min_samples_split': 6, 'min_samples_leaf': 1, 'class_weight': None}. Best is trial 0 with value: 0.8508771929824562.
2025-02-02 17:04:30,682 - INFO - Trial 240 finished with value: 0.7945736434108528 and parameters: {'n_estimators': 137, 'max_depth': 15, 'min_samples_split': 7, 'min_samples_leaf': 4, 'class_weight': 'balanced'}. Best is trial 0 with value: 0.8508771929824562.
2025-02-02 17:04:30,896 - INFO - Trial 241 finished with value: 0.8508771929824562 and parameters: {'n_estimators': 193, 'max_depth': 19, 'min_samples_split': 7, 'min_samples_leaf': 1, 'class_weight': 'balanced'}. Best is trial 0 with value: 0.8508771929824562.
2025-02-02 17:04:31,121 - INFO - Trial 242 finished with value: 0.8508771929824562 and parameters: {'n_estimators': 207, 'max_depth': 20, 'min_samples_split': 7, 'min_samples_leaf': 1, 'class_weight': 'balanced'}. Best is trial 0 with value: 0.8508771929824562.
2025-02-02 17:04:31,285 - INFO - Trial 243 finished with value: 0.8188405797101449 and parameters: {'n_estimators': 141, 'max_depth': 19, 'min_samples_split': 7, 'min_samples_leaf': 1, 'class_weight': 'balanced'}. Best is trial 0 with value: 0.8508771929824562.
2025-02-02 17:04:31,516 - INFO - Trial 244 finished with value: 0.8508771929824562 and parameters: {'n_estimators': 212, 'max_depth': 18, 'min_samples_split': 7, 'min_samples_leaf': 1, 'class_weight': 'balanced'}. Best is trial 0 with value: 0.8508771929824562.
2025-02-02 17:04:31,776 - INFO - Trial 245 finished with value: 0.8508771929824562 and parameters: {'n_estimators': 201, 'max_depth': 11, 'min_samples_split': 8, 'min_samples_leaf': 1, 'class_weight': 'balanced'}. Best is trial 0 with value: 0.8508771929824562.
2025-02-02 17:04:31,988 - INFO - Trial 246 finished with value: 0.8508771929824562 and parameters: {'n_estimators': 154, 'max_depth': 18, 'min_samples_split': 7, 'min_samples_leaf': 1, 'class_weight': 'balanced'}. Best is trial 0 with value: 0.8508771929824562.
2025-02-02 17:04:32,270 - INFO - Trial 247 finished with value: 0.8508771929824562 and parameters: {'n_estimators': 198, 'max_depth': 19, 'min_samples_split': 6, 'min_samples_leaf': 1, 'class_weight': 'balanced'}. Best is trial 0 with value: 0.8508771929824562.
2025-02-02 17:04:32,484 - INFO - Trial 248 finished with value: 0.8508771929824562 and parameters: {'n_estimators': 165, 'max_depth': 16, 'min_samples_split': 6, 'min_samples_leaf': 2, 'class_weight': 'balanced'}. Best is trial 0 with value: 0.8508771929824562.
2025-02-02 17:04:32,723 - INFO - Trial 249 finished with value: 0.8508771929824562 and parameters: {'n_estimators': 185, 'max_depth': 12, 'min_samples_split': 7, 'min_samples_leaf': 3, 'class_weight': 'balanced'}. Best is trial 0 with value: 0.8508771929824562.
2025-02-02 17:04:32,988 - INFO - Trial 250 finished with value: 0.8227272727272728 and parameters: {'n_estimators': 217, 'max_depth': 14, 'min_samples_split': 9, 'min_samples_leaf': 1, 'class_weight': 'balanced'}. Best is trial 0 with value: 0.8508771929824562.
2025-02-02 17:04:33,159 - INFO - Trial 251 finished with value: 0.8508771929824562 and parameters: {'n_estimators': 146, 'max_depth': 20, 'min_samples_split': 5, 'min_samples_leaf': 2, 'class_weight': 'balanced'}. Best is trial 0 with value: 0.8508771929824562.
2025-02-02 17:04:33,465 - INFO - Trial 252 finished with value: 0.8508771929824562 and parameters: {'n_estimators': 191, 'max_depth': 19, 'min_samples_split': 7, 'min_samples_leaf': 1, 'class_weight': 'balanced'}. Best is trial 0 with value: 0.8508771929824562.
2025-02-02 17:04:33,605 - INFO - Trial 253 finished with value: 0.8508771929824562 and parameters: {'n_estimators': 93, 'max_depth': 18, 'min_samples_split': 5, 'min_samples_leaf': 1, 'class_weight': 'balanced'}. Best is trial 0 with value: 0.8508771929824562.
2025-02-02 17:04:33,759 - INFO - Trial 254 finished with value: 0.8227272727272728 and parameters: {'n_estimators': 132, 'max_depth': 14, 'min_samples_split': 8, 'min_samples_leaf': 1, 'class_weight': 'balanced'}. Best is trial 0 with value: 0.8508771929824562.
2025-02-02 17:04:33,964 - INFO - Trial 255 finished with value: 0.7662337662337663 and parameters: {'n_estimators': 169, 'max_depth': 15, 'min_samples_split': 10, 'min_samples_leaf': 2, 'class_weight': 'balanced'}. Best is trial 0 with value: 0.8508771929824562.
2025-02-02 17:04:34,116 - INFO - Trial 256 finished with value: 0.7761904761904762 and parameters: {'n_estimators': 120, 'max_depth': 10, 'min_samples_split': 4, 'min_samples_leaf': 1, 'class_weight': None}. Best is trial 0 with value: 0.8508771929824562.
2025-02-02 17:04:34,302 - INFO - Trial 257 finished with value: 0.8227272727272728 and parameters: {'n_estimators': 154, 'max_depth': 13, 'min_samples_split': 7, 'min_samples_leaf': 2, 'class_weight': 'balanced'}. Best is trial 0 with value: 0.8508771929824562.
2025-02-02 17:04:34,478 - INFO - Trial 258 finished with value: 0.8227272727272728 and parameters: {'n_estimators': 150, 'max_depth': 17, 'min_samples_split': 6, 'min_samples_leaf': 3, 'class_weight': 'balanced'}. Best is trial 0 with value: 0.8508771929824562.
2025-02-02 17:04:34,722 - INFO - Trial 259 finished with value: 0.8508771929824562 and parameters: {'n_estimators': 179, 'max_depth': 20, 'min_samples_split': 7, 'min_samples_leaf': 1, 'class_weight': 'balanced'}. Best is trial 0 with value: 0.8508771929824562.
2025-02-02 17:04:35,050 - INFO - Trial 260 finished with value: 0.8188405797101449 and parameters: {'n_estimators': 227, 'max_depth': 15, 'min_samples_split': 6, 'min_samples_leaf': 1, 'class_weight': 'balanced'}. Best is trial 0 with value: 0.8508771929824562.
2025-02-02 17:04:35,301 - INFO - Trial 261 finished with value: 0.8508771929824562 and parameters: {'n_estimators': 211, 'max_depth': 16, 'min_samples_split': 5, 'min_samples_leaf': 2, 'class_weight': 'balanced'}. Best is trial 0 with value: 0.8508771929824562.
2025-02-02 17:04:35,548 - INFO - Trial 262 finished with value: 0.8508771929824562 and parameters: {'n_estimators': 202, 'max_depth': 12, 'min_samples_split': 7, 'min_samples_leaf': 1, 'class_weight': 'balanced'}. Best is trial 0 with value: 0.8508771929824562.
2025-02-02 17:04:35,708 - INFO - Trial 263 finished with value: 0.8227272727272728 and parameters: {'n_estimators': 116, 'max_depth': 19, 'min_samples_split': 6, 'min_samples_leaf': 4, 'class_weight': 'balanced'}. Best is trial 0 with value: 0.8508771929824562.
2025-02-02 17:04:35,816 - INFO - Trial 264 finished with value: 0.8227272727272728 and parameters: {'n_estimators': 79, 'max_depth': 17, 'min_samples_split': 7, 'min_samples_leaf': 1, 'class_weight': 'balanced'}. Best is trial 0 with value: 0.8508771929824562.
2025-02-02 17:04:36,046 - INFO - Trial 265 finished with value: 0.8508771929824562 and parameters: {'n_estimators': 196, 'max_depth': 18, 'min_samples_split': 8, 'min_samples_leaf': 2, 'class_weight': 'balanced'}. Best is trial 0 with value: 0.8508771929824562.
2025-02-02 17:04:36,367 - INFO - Trial 266 finished with value: 0.8508771929824562 and parameters: {'n_estimators': 280, 'max_depth': 9, 'min_samples_split': 4, 'min_samples_leaf': 1, 'class_weight': 'balanced'}. Best is trial 0 with value: 0.8508771929824562.
2025-02-02 17:04:36,493 - INFO - Trial 267 finished with value: 0.7853566958698374 and parameters: {'n_estimators': 104, 'max_depth': 13, 'min_samples_split': 7, 'min_samples_leaf': 2, 'class_weight': None}. Best is trial 0 with value: 0.8508771929824562.
2025-02-02 17:04:36,674 - INFO - Trial 268 finished with value: 0.8188405797101449 and parameters: {'n_estimators': 160, 'max_depth': 20, 'min_samples_split': 5, 'min_samples_leaf': 1, 'class_weight': 'balanced'}. Best is trial 0 with value: 0.8508771929824562.
2025-02-02 17:04:36,882 - INFO - Trial 269 finished with value: 0.8508771929824562 and parameters: {'n_estimators': 174, 'max_depth': 18, 'min_samples_split': 6, 'min_samples_leaf': 3, 'class_weight': 'balanced'}. Best is trial 0 with value: 0.8508771929824562.
2025-02-02 17:04:37,046 - INFO - Trial 270 finished with value: 0.8508771929824562 and parameters: {'n_estimators': 143, 'max_depth': 14, 'min_samples_split': 3, 'min_samples_leaf': 1, 'class_weight': 'balanced'}. Best is trial 0 with value: 0.8508771929824562.
2025-02-02 17:04:37,203 - INFO - Trial 271 finished with value: 0.8508771929824562 and parameters: {'n_estimators': 126, 'max_depth': 19, 'min_samples_split': 7, 'min_samples_leaf': 1, 'class_weight': 'balanced'}. Best is trial 0 with value: 0.8508771929824562.
2025-02-02 17:04:37,300 - INFO - Trial 272 finished with value: 0.8508771929824562 and parameters: {'n_estimators': 72, 'max_depth': 4, 'min_samples_split': 6, 'min_samples_leaf': 3, 'class_weight': 'balanced'}. Best is trial 0 with value: 0.8508771929824562.
2025-02-02 17:04:37,473 - INFO - Trial 273 finished with value: 0.8227272727272728 and parameters: {'n_estimators': 134, 'max_depth': 12, 'min_samples_split': 7, 'min_samples_leaf': 2, 'class_weight': 'balanced'}. Best is trial 0 with value: 0.8508771929824562.
2025-02-02 17:04:37,650 - INFO - Trial 274 finished with value: 0.8508771929824562 and parameters: {'n_estimators': 148, 'max_depth': 16, 'min_samples_split': 8, 'min_samples_leaf': 1, 'class_weight': 'balanced'}. Best is trial 0 with value: 0.8508771929824562.
2025-02-02 17:04:37,758 - INFO - Trial 275 finished with value: 0.8508771929824562 and parameters: {'n_estimators': 86, 'max_depth': 15, 'min_samples_split': 5, 'min_samples_leaf': 1, 'class_weight': 'balanced'}. Best is trial 0 with value: 0.8508771929824562.
