2024-12-10 15:32:33,205 - INFO - Trial 44 finished with value: 1.0 and parameters: {'n_estimators': 256, 'max_depth': 18, 'learning_rate': 0.23316387999156932, 'subsample': 0.7607226043857347, 'colsample_bytree': 0.914455845188079, 'scale_pos_weight': 0.6493531462904352}. Best is trial 0 with value: 1.0.
2024-12-10 15:32:33,333 - INFO - Trial 45 finished with value: 1.0 and parameters: {'n_estimators': 230, 'max_depth': 20, 'learning_rate': 0.26955575288042655, 'subsample': 0.6484650704902672, 'colsample_bytree': 0.8229612063809186, 'scale_pos_weight': 0.8967959181203784}. Best is trial 0 with value: 1.0.
2024-12-10 15:32:33,478 - INFO - Trial 46 finished with value: 1.0 and parameters: {'n_estimators': 210, 'max_depth': 16, 'learning_rate': 0.08853293502985131, 'subsample': 0.8009160364527926, 'colsample_bytree': 0.9736270471496968, 'scale_pos_weight': 0.5059349374819098}. Best is trial 0 with value: 1.0.
2024-12-10 15:32:33,598 - INFO - Trial 47 finished with value: 0.9946251129177958 and parameters: {'n_estimators': 191, 'max_depth': 18, 'learning_rate': 0.20798159578507563, 'subsample': 0.871929583650877, 'colsample_bytree': 0.8041353609674752, 'scale_pos_weight': 0.8186819394177685}. Best is trial 0 with value: 1.0.
2024-12-10 15:32:33,741 - INFO - Trial 48 finished with value: 0.9946251129177958 and parameters: {'n_estimators': 286, 'max_depth': 11, 'learning_rate': 0.16843178372075793, 'subsample': 0.9450036028948439, 'colsample_bytree': 0.8560138969261891, 'scale_pos_weight': 1.062076253628598}. Best is trial 0 with value: 1.0.
2024-12-10 15:32:33,841 - INFO - Trial 49 finished with value: 1.0 and parameters: {'n_estimators': 170, 'max_depth': 13, 'learning_rate': 0.28618803686665567, 'subsample': 0.6223090537892303, 'colsample_bytree': 0.6927233086338594, 'scale_pos_weight': 0.6949966825992872}. Best is trial 0 with value: 1.0.
2024-12-10 15:32:33,971 - INFO - Trial 50 finished with value: 1.0 and parameters: {'n_estimators': 259, 'max_depth': 6, 'learning_rate': 0.2609727784608002, 'subsample': 0.6878686881925701, 'colsample_bytree': 0.9286867263144744, 'scale_pos_weight': 0.5648790666927809}. Best is trial 0 with value: 1.0.
2024-12-10 15:32:34,126 - INFO - Trial 51 finished with value: 1.0 and parameters: {'n_estimators': 207, 'max_depth': 11, 'learning_rate': 0.027354563497676038, 'subsample': 0.9162657780353992, 'colsample_bytree': 0.5338384871358757, 'scale_pos_weight': 0.5777649292650633}. Best is trial 0 with value: 1.0.
2024-12-10 15:32:34,334 - INFO - Trial 52 finished with value: 1.0 and parameters: {'n_estimators': 238, 'max_depth': 9, 'learning_rate': 0.041047432558827646, 'subsample': 0.9871175461962098, 'colsample_bytree': 0.6101418873325248, 'scale_pos_weight': 0.6191530634395355}. Best is trial 0 with value: 1.0.
2024-12-10 15:32:34,491 - INFO - Trial 53 finished with value: 0.9946251129177958 and parameters: {'n_estimators': 187, 'max_depth': 14, 'learning_rate': 0.12530576041423652, 'subsample': 0.8946869822134891, 'colsample_bytree': 0.6660374276546431, 'scale_pos_weight': 0.7151294977563554}. Best is trial 0 with value: 1.0.
2024-12-10 15:32:34,599 - INFO - Trial 54 finished with value: 0.9946251129177958 and parameters: {'n_estimators': 145, 'max_depth': 3, 'learning_rate': 0.07405989627449995, 'subsample': 0.8138533000942617, 'colsample_bytree': 0.6958972588017365, 'scale_pos_weight': 0.5508839420172459}. Best is trial 0 with value: 1.0.
2024-12-10 15:32:34,741 - INFO - Trial 55 finished with value: 0.9946251129177958 and parameters: {'n_estimators': 215, 'max_depth': 17, 'learning_rate': 0.11438724263816252, 'subsample': 0.8609855449285392, 'colsample_bytree': 0.7340311905279211, 'scale_pos_weight': 0.8025042247472823}. Best is trial 0 with value: 1.0.
2024-12-10 15:32:34,903 - INFO - Trial 56 finished with value: 0.9946251129177958 and parameters: {'n_estimators': 170, 'max_depth': 19, 'learning_rate': 0.011339731138258372, 'subsample': 0.7406181507125451, 'colsample_bytree': 0.9646990125178971, 'scale_pos_weight': 0.9328998226989781}. Best is trial 0 with value: 1.0.
2024-12-10 15:32:35,037 - INFO - Trial 57 finished with value: 0.9946251129177958 and parameters: {'n_estimators': 240, 'max_depth': 11, 'learning_rate': 0.21879175667073092, 'subsample': 0.8938094187814356, 'colsample_bytree': 0.5845455458702244, 'scale_pos_weight': 0.6515185957567771}. Best is trial 0 with value: 1.0.
2024-12-10 15:32:35,172 - INFO - Trial 58 finished with value: 0.9946251129177958 and parameters: {'n_estimators': 200, 'max_depth': 7, 'learning_rate': 0.14434075156532025, 'subsample': 0.78466830968641, 'colsample_bytree': 0.8827473294709133, 'scale_pos_weight': 0.9939513796028892}. Best is trial 0 with value: 1.0.
2024-12-10 15:32:35,280 - INFO - Trial 59 finished with value: 0.9946251129177958 and parameters: {'n_estimators': 149, 'max_depth': 15, 'learning_rate': 0.09814981955620614, 'subsample': 0.5885677782305008, 'colsample_bytree': 0.6526751648246378, 'scale_pos_weight': 0.5290732730579288}. Best is trial 0 with value: 1.0.
2024-12-10 15:32:35,397 - INFO - Trial 60 finished with value: 1.0 and parameters: {'n_estimators': 125, 'max_depth': 5, 'learning_rate': 0.06468001154974948, 'subsample': 0.9186373034909118, 'colsample_bytree': 0.785742460574364, 'scale_pos_weight': 1.9863237692079792}. Best is trial 0 with value: 1.0.
2024-12-10 15:32:35,528 - INFO - Trial 61 finished with value: 0.9946251129177958 and parameters: {'n_estimators': 222, 'max_depth': 17, 'learning_rate': 0.18166059404858453, 'subsample': 0.7681783867445909, 'colsample_bytree': 0.6235306807066022, 'scale_pos_weight': 0.7787889826878126}. Best is trial 0 with value: 1.0.
2024-12-10 15:32:35,660 - INFO - Trial 62 finished with value: 0.9946251129177958 and parameters: {'n_estimators': 266, 'max_depth': 16, 'learning_rate': 0.21030194046456036, 'subsample': 0.7195520876534677, 'colsample_bytree': 0.6346961412433495, 'scale_pos_weight': 0.7302511112029909}. Best is trial 0 with value: 1.0.
2024-12-10 15:32:35,802 - INFO - Trial 63 finished with value: 0.9946251129177958 and parameters: {'n_estimators': 246, 'max_depth': 10, 'learning_rate': 0.17025322125337666, 'subsample': 0.7513626958958739, 'colsample_bytree': 0.5599312012415307, 'scale_pos_weight': 0.644544468732909}. Best is trial 0 with value: 1.0.
2024-12-10 15:32:35,928 - INFO - Trial 64 finished with value: 1.0 and parameters: {'n_estimators': 248, 'max_depth': 12, 'learning_rate': 0.19764917787387193, 'subsample': 0.7767310238735776, 'colsample_bytree': 0.5987276224692548, 'scale_pos_weight': 0.8566486239492384}. Best is trial 0 with value: 1.0.
2024-12-10 15:32:36,073 - INFO - Trial 65 finished with value: 0.9946251129177958 and parameters: {'n_estimators': 284, 'max_depth': 18, 'learning_rate': 0.23004423933609866, 'subsample': 0.8117418403182305, 'colsample_bytree': 0.659861611334314, 'scale_pos_weight': 1.3362295545864045}. Best is trial 0 with value: 1.0.
2024-12-10 15:32:36,161 - INFO - Trial 66 finished with value: 0.9946251129177958 and parameters: {'n_estimators': 96, 'max_depth': 14, 'learning_rate': 0.16171208031476558, 'subsample': 0.5258045873440478, 'colsample_bytree': 0.6806878266018379, 'scale_pos_weight': 0.6916295940219768}. Best is trial 0 with value: 1.0.
2024-12-10 15:32:36,238 - INFO - Trial 67 finished with value: 0.9946251129177958 and parameters: {'n_estimators': 67, 'max_depth': 19, 'learning_rate': 0.2871709226094559, 'subsample': 0.6965753172523124, 'colsample_bytree': 0.5077656727648276, 'scale_pos_weight': 1.713862695489771}. Best is trial 0 with value: 1.0.
2024-12-10 15:32:36,369 - INFO - Trial 68 finished with value: 1.0 and parameters: {'n_estimators': 228, 'max_depth': 9, 'learning_rate': 0.25622006226060556, 'subsample': 0.9477343574579002, 'colsample_bytree': 0.7067365548700144, 'scale_pos_weight': 1.097298951514524}. Best is trial 0 with value: 1.0.
2024-12-10 15:32:36,505 - INFO - Trial 69 finished with value: 0.9946251129177958 and parameters: {'n_estimators': 182, 'max_depth': 15, 'learning_rate': 0.048183925602020394, 'subsample': 0.6553679232119097, 'colsample_bytree': 0.5492021737306716, 'scale_pos_weight': 0.9172137801681397}. Best is trial 0 with value: 1.0.
2024-12-10 15:32:36,691 - INFO - Trial 70 finished with value: 1.0 and parameters: {'n_estimators': 265, 'max_depth': 13, 'learning_rate': 0.025965087021232486, 'subsample': 0.795378197700187, 'colsample_bytree': 0.6341655330490229, 'scale_pos_weight': 0.7682730515102743}. Best is trial 0 with value: 1.0.
2024-12-10 15:32:36,773 - INFO - Trial 71 finished with value: 1.0 and parameters: {'n_estimators': 58, 'max_depth': 17, 'learning_rate': 0.13089073670472184, 'subsample': 0.8952941984953333, 'colsample_bytree': 0.8573413265901879, 'scale_pos_weight': 1.2300678978590731}. Best is trial 0 with value: 1.0.
2024-12-10 15:32:36,872 - INFO - Trial 72 finished with value: 1.0 and parameters: {'n_estimators': 81, 'max_depth': 16, 'learning_rate': 0.11308168824139225, 'subsample': 0.8426037390123355, 'colsample_bytree': 0.8710667500379587, 'scale_pos_weight': 1.119260889197211}. Best is trial 0 with value: 1.0.
2024-12-10 15:32:36,959 - INFO - Trial 73 finished with value: 1.0 and parameters: {'n_estimators': 62, 'max_depth': 18, 'learning_rate': 0.15218738126663592, 'subsample': 0.8722690603059102, 'colsample_bytree': 0.9313965933053374, 'scale_pos_weight': 1.0165230802541034}. Best is trial 0 with value: 1.0.
2024-12-10 15:32:37,059 - INFO - Trial 74 finished with value: 1.0 and parameters: {'n_estimators': 91, 'max_depth': 17, 'learning_rate': 0.08870001991823565, 'subsample': 0.6332332009974756, 'colsample_bytree': 0.8347435706797108, 'scale_pos_weight': 0.8349604059316564}. Best is trial 0 with value: 1.0.
2024-12-10 15:32:37,140 - INFO - Trial 75 finished with value: 1.0 and parameters: {'n_estimators': 51, 'max_depth': 20, 'learning_rate': 0.13975080085188363, 'subsample': 0.8261826034896278, 'colsample_bytree': 0.9078323926057839, 'scale_pos_weight': 1.1678002331258823}. Best is trial 0 with value: 1.0.
2024-12-10 15:32:37,238 - INFO - Trial 76 finished with value: 1.0 and parameters: {'n_estimators': 110, 'max_depth': 16, 'learning_rate': 0.2433203078246822, 'subsample': 0.561276415716062, 'colsample_bytree': 0.7566479538783877, 'scale_pos_weight': 0.6200511384297749}. Best is trial 0 with value: 1.0.
2024-12-10 15:32:37,324 - INFO - Trial 77 finished with value: 0.9946251129177958 and parameters: {'n_estimators': 80, 'max_depth': 15, 'learning_rate': 0.2882782713584106, 'subsample': 0.6054194484335182, 'colsample_bytree': 0.9987336912815497, 'scale_pos_weight': 1.3813062458588004}. Best is trial 0 with value: 1.0.
2024-12-10 15:32:37,471 - INFO - Trial 78 finished with value: 0.9946251129177958 and parameters: {'n_estimators': 203, 'max_depth': 14, 'learning_rate': 0.1025433463420575, 'subsample': 0.6825116887106892, 'colsample_bytree': 0.8053243472917971, 'scale_pos_weight': 1.5840769389729834}. Best is trial 0 with value: 1.0.
2024-12-10 15:32:37,586 - INFO - Trial 79 finished with value: 1.0 and parameters: {'n_estimators': 163, 'max_depth': 4, 'learning_rate': 0.18161415508739004, 'subsample': 0.8525955795262229, 'colsample_bytree': 0.8918533611324022, 'scale_pos_weight': 0.8796687939374341}. Best is trial 0 with value: 1.0.
2024-12-10 15:32:37,667 - INFO - Trial 80 finished with value: 1.0 and parameters: {'n_estimators': 63, 'max_depth': 8, 'learning_rate': 0.12143359679015546, 'subsample': 0.7094128058980669, 'colsample_bytree': 0.8727964502052945, 'scale_pos_weight': 1.0509516902840037}. Best is trial 0 with value: 1.0.
2024-12-10 15:32:37,776 - INFO - Trial 81 finished with value: 0.9946251129177958 and parameters: {'n_estimators': 157, 'max_depth': 6, 'learning_rate': 0.20143913169271913, 'subsample': 0.5316383100060307, 'colsample_bytree': 0.6688511483138911, 'scale_pos_weight': 1.2649478940573027}. Best is trial 0 with value: 1.0.
2024-12-10 15:32:37,906 - INFO - Trial 82 finished with value: 1.0 and parameters: {'n_estimators': 174, 'max_depth': 7, 'learning_rate': 0.012719196250988805, 'subsample': 0.5219153106905551, 'colsample_bytree': 0.5990555829053884, 'scale_pos_weight': 1.720015848698885}. Best is trial 0 with value: 1.0.
2024-12-10 15:32:38,044 - INFO - Trial 83 finished with value: 0.9946251129177958 and parameters: {'n_estimators': 195, 'max_depth': 7, 'learning_rate': 0.04089988505094383, 'subsample': 0.5070204178507991, 'colsample_bytree': 0.7135422774521545, 'scale_pos_weight': 1.8750234075378887}. Best is trial 0 with value: 1.0.
2024-12-10 15:32:38,172 - INFO - Trial 84 finished with value: 0.9946251129177958 and parameters: {'n_estimators': 188, 'max_depth': 10, 'learning_rate': 0.265207007942823, 'subsample': 0.8832672821787625, 'colsample_bytree': 0.7353677304247324, 'scale_pos_weight': 1.8723089118610727}. Best is trial 0 with value: 1.0.
2024-12-10 15:32:38,289 - INFO - Trial 85 finished with value: 1.0 and parameters: {'n_estimators': 76, 'max_depth': 6, 'learning_rate': 0.027016892455575717, 'subsample': 0.9636428531660332, 'colsample_bytree': 0.8216544551753229, 'scale_pos_weight': 1.4822779878075782}. Best is trial 0 with value: 1.0.
2024-12-10 15:32:38,604 - INFO - Trial 86 finished with value: 1.0 and parameters: {'n_estimators': 215, 'max_depth': 5, 'learning_rate': 0.01664651889364341, 'subsample': 0.5480328272073414, 'colsample_bytree': 0.9808955742883864, 'scale_pos_weight': 1.1300664429015892}. Best is trial 0 with value: 1.0.
2024-12-10 15:32:38,793 - INFO - Trial 87 finished with value: 0.9946251129177958 and parameters: {'n_estimators': 299, 'max_depth': 9, 'learning_rate': 0.16045462176688943, 'subsample': 0.9119795261906769, 'colsample_bytree': 0.67919565803589, 'scale_pos_weight': 1.7834060647878855}. Best is trial 0 with value: 1.0.
2024-12-10 15:32:38,898 - INFO - Trial 88 finished with value: 0.9946251129177958 and parameters: {'n_estimators': 132, 'max_depth': 8, 'learning_rate': 0.2786763564227398, 'subsample': 0.7359755451535781, 'colsample_bytree': 0.9271875093038019, 'scale_pos_weight': 1.645707406634606}. Best is trial 0 with value: 1.0.
2024-12-10 15:32:39,016 - INFO - Trial 89 finished with value: 1.0 and parameters: {'n_estimators': 181, 'max_depth': 18, 'learning_rate': 0.22135431601762617, 'subsample': 0.9368243843902969, 'colsample_bytree': 0.8463558755943433, 'scale_pos_weight': 0.591913681943898}. Best is trial 0 with value: 1.0.
2024-12-10 15:32:39,138 - INFO - Trial 90 finished with value: 1.0 and parameters: {'n_estimators': 163, 'max_depth': 17, 'learning_rate': 0.05983610940707908, 'subsample': 0.5120561017328612, 'colsample_bytree': 0.6250256722009692, 'scale_pos_weight': 0.5575680509724578}. Best is trial 0 with value: 1.0.
2024-12-10 15:32:39,289 - INFO - Trial 91 finished with value: 1.0 and parameters: {'n_estimators': 171, 'max_depth': 12, 'learning_rate': 0.1314421284629461, 'subsample': 0.6738736495468697, 'colsample_bytree': 0.9505324254644847, 'scale_pos_weight': 1.8283051886055077}. Best is trial 0 with value: 1.0.
2024-12-10 15:32:39,425 - INFO - Trial 92 finished with value: 1.0 and parameters: {'n_estimators': 150, 'max_depth': 11, 'learning_rate': 0.10783763627426884, 'subsample': 0.7061994463349607, 'colsample_bytree': 0.9403250515214696, 'scale_pos_weight': 1.6512631701776048}. Best is trial 0 with value: 1.0.
2024-12-10 15:32:39,586 - INFO - Trial 93 finished with value: 0.9946251129177958 and parameters: {'n_estimators': 278, 'max_depth': 7, 'learning_rate': 0.14511381894067898, 'subsample': 0.9988527350718075, 'colsample_bytree': 0.6493133795279573, 'scale_pos_weight': 0.9683019582067414}. Best is trial 0 with value: 1.0.
2024-12-10 15:32:39,702 - INFO - Trial 94 finished with value: 1.0 and parameters: {'n_estimators': 178, 'max_depth': 16, 'learning_rate': 0.12430221840178922, 'subsample': 0.7471796868962712, 'colsample_bytree': 0.9647604284010097, 'scale_pos_weight': 0.6581573549560117}. Best is trial 0 with value: 1.0.
2024-12-10 15:32:39,800 - INFO - Trial 95 finished with value: 0.9946251129177958 and parameters: {'n_estimators': 118, 'max_depth': 19, 'learning_rate': 0.1372719046613686, 'subsample': 0.7230746808622356, 'colsample_bytree': 0.7843989249825454, 'scale_pos_weight': 0.5297175162011319}. Best is trial 0 with value: 1.0.
2024-12-10 15:32:39,962 - INFO - Trial 96 finished with value: 1.0 and parameters: {'n_estimators': 236, 'max_depth': 17, 'learning_rate': 0.0866415599327011, 'subsample': 0.7567819649877227, 'colsample_bytree': 0.9148587075705413, 'scale_pos_weight': 0.7411776316667377}. Best is trial 0 with value: 1.0.
2024-12-10 15:32:40,089 - INFO - Trial 97 finished with value: 1.0 and parameters: {'n_estimators': 194, 'max_depth': 4, 'learning_rate': 0.17368877750727685, 'subsample': 0.5632263067254643, 'colsample_bytree': 0.898459183949649, 'scale_pos_weight': 0.8043664293711672}. Best is trial 0 with value: 1.0.
2024-12-10 15:32:40,216 - INFO - Trial 98 finished with value: 0.9946251129177958 and parameters: {'n_estimators': 184, 'max_depth': 13, 'learning_rate': 0.1525751901799574, 'subsample': 0.9073740495882999, 'colsample_bytree': 0.6114403456237973, 'scale_pos_weight': 0.5023317341177655}. Best is trial 0 with value: 1.0.
2024-12-10 15:32:40,314 - INFO - Trial 99 finished with value: 0.9946251129177958 and parameters: {'n_estimators': 103, 'max_depth': 18, 'learning_rate': 0.16357449222234083, 'subsample': 0.6642244264349272, 'colsample_bytree': 0.594985123726856, 'scale_pos_weight': 1.8992296355270257}. Best is trial 0 with value: 1.0.
2025-02-02 13:46:04,955 - INFO - A new study created in memory with name: no-name-1673bcad-6576-4215-8224-feb9ce5d65cd
2025-02-02 13:46:05,440 - INFO - Trial 0 finished with value: 0.8227272727272728 and parameters: {'n_estimators': 257, 'max_depth': 9, 'min_samples_split': 5, 'min_samples_leaf': 4, 'class_weight': None}. Best is trial 0 with value: 0.8227272727272728.
2025-02-02 13:46:05,783 - INFO - Trial 1 finished with value: 0.8508771929824562 and parameters: {'n_estimators': 289, 'max_depth': 11, 'min_samples_split': 3, 'min_samples_leaf': 3, 'class_weight': None}. Best is trial 1 with value: 0.8508771929824562.
2025-02-02 13:46:06,081 - INFO - Trial 2 finished with value: 0.8508771929824562 and parameters: {'n_estimators': 244, 'max_depth': 11, 'min_samples_split': 8, 'min_samples_leaf': 3, 'class_weight': 'balanced'}. Best is trial 1 with value: 0.8508771929824562.
2025-02-02 13:46:06,436 - INFO - Trial 3 finished with value: 0.8227272727272728 and parameters: {'n_estimators': 280, 'max_depth': 5, 'min_samples_split': 3, 'min_samples_leaf': 4, 'class_weight': 'balanced'}. Best is trial 1 with value: 0.8508771929824562.
2025-02-02 13:46:06,723 - INFO - Trial 4 finished with value: 0.8508771929824562 and parameters: {'n_estimators': 242, 'max_depth': 9, 'min_samples_split': 3, 'min_samples_leaf': 3, 'class_weight': 'balanced'}. Best is trial 1 with value: 0.8508771929824562.
2025-02-02 13:46:06,942 - INFO - Trial 5 finished with value: 0.8508771929824562 and parameters: {'n_estimators': 182, 'max_depth': 14, 'min_samples_split': 2, 'min_samples_leaf': 3, 'class_weight': 'balanced'}. Best is trial 1 with value: 0.8508771929824562.
2025-02-02 13:46:07,041 - INFO - Trial 6 finished with value: 0.8508771929824562 and parameters: {'n_estimators': 71, 'max_depth': 11, 'min_samples_split': 5, 'min_samples_leaf': 3, 'class_weight': 'balanced'}. Best is trial 1 with value: 0.8508771929824562.
2025-02-02 13:46:07,387 - INFO - Trial 7 finished with value: 0.7662337662337663 and parameters: {'n_estimators': 285, 'max_depth': 3, 'min_samples_split': 3, 'min_samples_leaf': 2, 'class_weight': 'balanced'}. Best is trial 1 with value: 0.8508771929824562.
2025-02-02 13:46:07,731 - INFO - Trial 8 finished with value: 0.8508771929824562 and parameters: {'n_estimators': 280, 'max_depth': 9, 'min_samples_split': 7, 'min_samples_leaf': 3, 'class_weight': 'balanced'}. Best is trial 1 with value: 0.8508771929824562.
2025-02-02 13:46:07,891 - INFO - Trial 9 finished with value: 0.8508771929824562 and parameters: {'n_estimators': 124, 'max_depth': 19, 'min_samples_split': 9, 'min_samples_leaf': 2, 'class_weight': 'balanced'}. Best is trial 1 with value: 0.8508771929824562.
2025-02-02 13:46:08,142 - INFO - Trial 10 finished with value: 0.8508771929824562 and parameters: {'n_estimators': 188, 'max_depth': 16, 'min_samples_split': 5, 'min_samples_leaf': 1, 'class_weight': None}. Best is trial 1 with value: 0.8508771929824562.
2025-02-02 13:46:08,410 - INFO - Trial 11 finished with value: 0.8508771929824562 and parameters: {'n_estimators': 223, 'max_depth': 13, 'min_samples_split': 10, 'min_samples_leaf': 2, 'class_weight': None}. Best is trial 1 with value: 0.8508771929824562.
2025-02-02 13:46:08,697 - INFO - Trial 12 finished with value: 0.8227272727272728 and parameters: {'n_estimators': 225, 'max_depth': 6, 'min_samples_split': 8, 'min_samples_leaf': 4, 'class_weight': None}. Best is trial 1 with value: 0.8508771929824562.
2025-02-02 13:46:09,110 - INFO - Trial 13 finished with value: 0.8508771929824562 and parameters: {'n_estimators': 300, 'max_depth': 16, 'min_samples_split': 7, 'min_samples_leaf': 1, 'class_weight': None}. Best is trial 1 with value: 0.8508771929824562.
2025-02-02 13:46:09,362 - INFO - Trial 14 finished with value: 0.8227272727272728 and parameters: {'n_estimators': 134, 'max_depth': 12, 'min_samples_split': 6, 'min_samples_leaf': 3, 'class_weight': None}. Best is trial 1 with value: 0.8508771929824562.
2025-02-02 13:46:09,727 - INFO - Trial 15 finished with value: 0.8508771929824562 and parameters: {'n_estimators': 215, 'max_depth': 7, 'min_samples_split': 9, 'min_samples_leaf': 2, 'class_weight': None}. Best is trial 1 with value: 0.8508771929824562.
