2024-12-10 14:46:47,731 - INFO - Trial 32 finished with value: 1.0 and parameters: {'n_estimators': 66, 'max_depth': 15, 'min_samples_split': 9, 'min_samples_leaf': 1, 'class_weight': 'balanced'}. Best is trial 0 with value: 1.0.
2024-12-10 14:46:48,059 - INFO - Trial 33 finished with value: 1.0 and parameters: {'n_estimators': 97, 'max_depth': 16, 'min_samples_split': 8, 'min_samples_leaf': 1, 'class_weight': 'balanced'}. Best is trial 0 with value: 1.0.
2024-12-10 14:46:48,920 - INFO - Trial 34 finished with value: 1.0 and parameters: {'n_estimators': 287, 'max_depth': 11, 'min_samples_split': 10, 'min_samples_leaf': 3, 'class_weight': 'balanced'}. Best is trial 0 with value: 1.0.
2024-12-10 14:46:49,121 - INFO - Trial 35 finished with value: 0.9946251129177958 and parameters: {'n_estimators': 52, 'max_depth': 17, 'min_samples_split': 6, 'min_samples_leaf': 1, 'class_weight': 'balanced'}. Best is trial 0 with value: 1.0.
2024-12-10 14:46:49,540 - INFO - Trial 36 finished with value: 1.0 and parameters: {'n_estimators': 127, 'max_depth': 14, 'min_samples_split': 9, 'min_samples_leaf': 2, 'class_weight': 'balanced'}. Best is trial 0 with value: 1.0.
2024-12-10 14:46:49,781 - INFO - Trial 37 finished with value: 1.0 and parameters: {'n_estimators': 65, 'max_depth': 19, 'min_samples_split': 7, 'min_samples_leaf': 3, 'class_weight': 'balanced'}. Best is trial 0 with value: 1.0.
2024-12-10 14:46:50,170 - INFO - Trial 38 finished with value: 1.0 and parameters: {'n_estimators': 119, 'max_depth': 12, 'min_samples_split': 8, 'min_samples_leaf': 2, 'class_weight': None}. Best is trial 0 with value: 1.0.
2024-12-10 14:46:50,499 - INFO - Trial 39 finished with value: 0.9949377571191965 and parameters: {'n_estimators': 98, 'max_depth': 10, 'min_samples_split': 7, 'min_samples_leaf': 3, 'class_weight': 'balanced'}. Best is trial 0 with value: 1.0.
2024-12-10 14:46:50,776 - INFO - Trial 40 finished with value: 1.0 and parameters: {'n_estimators': 79, 'max_depth': 13, 'min_samples_split': 9, 'min_samples_leaf': 4, 'class_weight': None}. Best is trial 0 with value: 1.0.
2024-12-10 14:46:51,448 - INFO - Trial 41 finished with value: 1.0 and parameters: {'n_estimators': 185, 'max_depth': 20, 'min_samples_split': 8, 'min_samples_leaf': 3, 'class_weight': 'balanced'}. Best is trial 0 with value: 1.0.
2024-12-10 14:46:52,122 - INFO - Trial 42 finished with value: 1.0 and parameters: {'n_estimators': 214, 'max_depth': 19, 'min_samples_split': 8, 'min_samples_leaf': 3, 'class_weight': 'balanced'}. Best is trial 0 with value: 1.0.
2024-12-10 14:46:52,629 - INFO - Trial 43 finished with value: 1.0 and parameters: {'n_estimators': 164, 'max_depth': 17, 'min_samples_split': 10, 'min_samples_leaf': 3, 'class_weight': 'balanced'}. Best is trial 0 with value: 1.0.
2024-12-10 14:46:53,225 - INFO - Trial 44 finished with value: 1.0 and parameters: {'n_estimators': 194, 'max_depth': 18, 'min_samples_split': 6, 'min_samples_leaf': 3, 'class_weight': 'balanced'}. Best is trial 0 with value: 1.0.
2024-12-10 14:46:53,918 - INFO - Trial 45 finished with value: 1.0 and parameters: {'n_estimators': 223, 'max_depth': 19, 'min_samples_split': 7, 'min_samples_leaf': 3, 'class_weight': None}. Best is trial 0 with value: 1.0.
2024-12-10 14:46:54,651 - INFO - Trial 46 finished with value: 1.0 and parameters: {'n_estimators': 243, 'max_depth': 20, 'min_samples_split': 4, 'min_samples_leaf': 2, 'class_weight': 'balanced'}. Best is trial 0 with value: 1.0.
2024-12-10 14:46:55,117 - INFO - Trial 47 finished with value: 0.9949377571191965 and parameters: {'n_estimators': 147, 'max_depth': 17, 'min_samples_split': 9, 'min_samples_leaf': 4, 'class_weight': None}. Best is trial 0 with value: 1.0.
2024-12-10 14:46:55,619 - INFO - Trial 48 finished with value: 0.99013357619915 and parameters: {'n_estimators': 168, 'max_depth': 6, 'min_samples_split': 10, 'min_samples_leaf': 3, 'class_weight': None}. Best is trial 0 with value: 1.0.
2024-12-10 14:46:56,470 - INFO - Trial 49 finished with value: 1.0 and parameters: {'n_estimators': 278, 'max_depth': 16, 'min_samples_split': 2, 'min_samples_leaf': 2, 'class_weight': 'balanced'}. Best is trial 0 with value: 1.0.
2024-12-10 14:46:57,077 - INFO - Trial 50 finished with value: 1.0 and parameters: {'n_estimators': 190, 'max_depth': 14, 'min_samples_split': 5, 'min_samples_leaf': 3, 'class_weight': None}. Best is trial 0 with value: 1.0.
2024-12-10 14:46:57,831 - INFO - Trial 51 finished with value: 1.0 and parameters: {'n_estimators': 244, 'max_depth': 20, 'min_samples_split': 10, 'min_samples_leaf': 3, 'class_weight': None}. Best is trial 0 with value: 1.0.
2024-12-10 14:46:58,614 - INFO - Trial 52 finished with value: 1.0 and parameters: {'n_estimators': 260, 'max_depth': 18, 'min_samples_split': 9, 'min_samples_leaf': 3, 'class_weight': None}. Best is trial 0 with value: 1.0.
2024-12-10 14:46:59,514 - INFO - Trial 53 finished with value: 1.0 and parameters: {'n_estimators': 227, 'max_depth': 20, 'min_samples_split': 10, 'min_samples_leaf': 3, 'class_weight': None}. Best is trial 0 with value: 1.0.
2024-12-10 14:47:00,318 - INFO - Trial 54 finished with value: 1.0 and parameters: {'n_estimators': 221, 'max_depth': 19, 'min_samples_split': 9, 'min_samples_leaf': 3, 'class_weight': None}. Best is trial 0 with value: 1.0.
2024-12-10 14:47:00,991 - INFO - Trial 55 finished with value: 1.0 and parameters: {'n_estimators': 202, 'max_depth': 18, 'min_samples_split': 8, 'min_samples_leaf': 3, 'class_weight': None}. Best is trial 0 with value: 1.0.
2024-12-10 14:47:01,351 - INFO - Trial 56 finished with value: 0.9949377571191965 and parameters: {'n_estimators': 90, 'max_depth': 15, 'min_samples_split': 7, 'min_samples_leaf': 4, 'class_weight': None}. Best is trial 0 with value: 1.0.
2024-12-10 14:47:02,409 - INFO - Trial 57 finished with value: 1.0 and parameters: {'n_estimators': 300, 'max_depth': 17, 'min_samples_split': 9, 'min_samples_leaf': 3, 'class_weight': 'balanced'}. Best is trial 0 with value: 1.0.
2024-12-10 14:47:03,171 - INFO - Trial 58 finished with value: 1.0 and parameters: {'n_estimators': 237, 'max_depth': 19, 'min_samples_split': 6, 'min_samples_leaf': 2, 'class_weight': None}. Best is trial 0 with value: 1.0.
2024-12-10 14:47:03,433 - INFO - Trial 59 finished with value: 1.0 and parameters: {'n_estimators': 72, 'max_depth': 13, 'min_samples_split': 3, 'min_samples_leaf': 3, 'class_weight': 'balanced'}. Best is trial 0 with value: 1.0.
2024-12-10 14:47:03,905 - INFO - Trial 60 finished with value: 0.9949377571191965 and parameters: {'n_estimators': 150, 'max_depth': 16, 'min_samples_split': 8, 'min_samples_leaf': 4, 'class_weight': None}. Best is trial 0 with value: 1.0.
2024-12-10 14:47:04,141 - INFO - Trial 61 finished with value: 1.0 and parameters: {'n_estimators': 59, 'max_depth': 20, 'min_samples_split': 5, 'min_samples_leaf': 3, 'class_weight': None}. Best is trial 0 with value: 1.0.
2024-12-10 14:47:04,882 - INFO - Trial 62 finished with value: 1.0 and parameters: {'n_estimators': 237, 'max_depth': 18, 'min_samples_split': 4, 'min_samples_leaf': 3, 'class_weight': None}. Best is trial 0 with value: 1.0.
2024-12-10 14:47:05,710 - INFO - Trial 63 finished with value: 1.0 and parameters: {'n_estimators': 272, 'max_depth': 19, 'min_samples_split': 5, 'min_samples_leaf': 3, 'class_weight': None}. Best is trial 0 with value: 1.0.
2024-12-10 14:47:06,486 - INFO - Trial 64 finished with value: 1.0 and parameters: {'n_estimators': 252, 'max_depth': 20, 'min_samples_split': 4, 'min_samples_leaf': 3, 'class_weight': None}. Best is trial 0 with value: 1.0.
2024-12-10 14:47:07,136 - INFO - Trial 65 finished with value: 1.0 and parameters: {'n_estimators': 211, 'max_depth': 18, 'min_samples_split': 10, 'min_samples_leaf': 3, 'class_weight': 'balanced'}. Best is trial 0 with value: 1.0.
2024-12-10 14:47:07,552 - INFO - Trial 66 finished with value: 1.0 and parameters: {'n_estimators': 128, 'max_depth': 15, 'min_samples_split': 7, 'min_samples_leaf': 1, 'class_weight': None}. Best is trial 0 with value: 1.0.
2024-12-10 14:47:07,846 - INFO - Trial 67 finished with value: 1.0 and parameters: {'n_estimators': 85, 'max_depth': 17, 'min_samples_split': 3, 'min_samples_leaf': 3, 'class_weight': 'balanced'}. Best is trial 0 with value: 1.0.
2024-12-10 14:47:08,178 - INFO - Trial 68 finished with value: 1.0 and parameters: {'n_estimators': 99, 'max_depth': 19, 'min_samples_split': 5, 'min_samples_leaf': 3, 'class_weight': None}. Best is trial 0 with value: 1.0.
2024-12-10 14:47:08,648 - INFO - Trial 69 finished with value: 0.99013357619915 and parameters: {'n_estimators': 171, 'max_depth': 3, 'min_samples_split': 8, 'min_samples_leaf': 2, 'class_weight': 'balanced'}. Best is trial 0 with value: 1.0.
2024-12-10 14:47:09,313 - INFO - Trial 70 finished with value: 1.0 and parameters: {'n_estimators': 218, 'max_depth': 16, 'min_samples_split': 6, 'min_samples_leaf': 3, 'class_weight': None}. Best is trial 0 with value: 1.0.
2024-12-10 14:47:10,102 - INFO - Trial 71 finished with value: 1.0 and parameters: {'n_estimators': 231, 'max_depth': 14, 'min_samples_split': 10, 'min_samples_leaf': 1, 'class_weight': None}. Best is trial 0 with value: 1.0.
2024-12-10 14:47:10,738 - INFO - Trial 72 finished with value: 1.0 and parameters: {'n_estimators': 203, 'max_depth': 18, 'min_samples_split': 9, 'min_samples_leaf': 1, 'class_weight': None}. Best is trial 0 with value: 1.0.
2024-12-10 14:47:11,523 - INFO - Trial 73 finished with value: 1.0 and parameters: {'n_estimators': 250, 'max_depth': 17, 'min_samples_split': 10, 'min_samples_leaf': 2, 'class_weight': None}. Best is trial 0 with value: 1.0.
2024-12-10 14:47:12,323 - INFO - Trial 74 finished with value: 1.0 and parameters: {'n_estimators': 259, 'max_depth': 15, 'min_samples_split': 10, 'min_samples_leaf': 2, 'class_weight': None}. Best is trial 0 with value: 1.0.
2024-12-10 14:47:13,069 - INFO - Trial 75 finished with value: 1.0 and parameters: {'n_estimators': 232, 'max_depth': 20, 'min_samples_split': 9, 'min_samples_leaf': 3, 'class_weight': 'balanced'}. Best is trial 0 with value: 1.0.
2024-12-10 14:47:13,308 - INFO - Trial 76 finished with value: 1.0 and parameters: {'n_estimators': 61, 'max_depth': 16, 'min_samples_split': 7, 'min_samples_leaf': 1, 'class_weight': None}. Best is trial 0 with value: 1.0.
2024-12-10 14:47:13,913 - INFO - Trial 77 finished with value: 1.0 and parameters: {'n_estimators': 177, 'max_depth': 19, 'min_samples_split': 4, 'min_samples_leaf': 3, 'class_weight': 'balanced'}. Best is trial 0 with value: 1.0.
2024-12-10 14:47:14,677 - INFO - Trial 78 finished with value: 1.0 and parameters: {'n_estimators': 243, 'max_depth': 17, 'min_samples_split': 8, 'min_samples_leaf': 3, 'class_weight': None}. Best is trial 0 with value: 1.0.
2024-12-10 14:47:14,913 - INFO - Trial 79 finished with value: 1.0 and parameters: {'n_estimators': 51, 'max_depth': 15, 'min_samples_split': 9, 'min_samples_leaf': 2, 'class_weight': 'balanced'}. Best is trial 0 with value: 1.0.
2024-12-10 14:47:15,209 - INFO - Trial 80 finished with value: 1.0 and parameters: {'n_estimators': 75, 'max_depth': 20, 'min_samples_split': 10, 'min_samples_leaf': 3, 'class_weight': None}. Best is trial 0 with value: 1.0.
2024-12-10 14:47:15,580 - INFO - Trial 81 finished with value: 1.0 and parameters: {'n_estimators': 92, 'max_depth': 14, 'min_samples_split': 4, 'min_samples_leaf': 3, 'class_weight': None}. Best is trial 0 with value: 1.0.
2024-12-10 14:47:15,930 - INFO - Trial 82 finished with value: 1.0 and parameters: {'n_estimators': 103, 'max_depth': 14, 'min_samples_split': 4, 'min_samples_leaf': 3, 'class_weight': None}. Best is trial 0 with value: 1.0.
2024-12-10 14:47:16,226 - INFO - Trial 83 finished with value: 1.0 and parameters: {'n_estimators': 82, 'max_depth': 12, 'min_samples_split': 5, 'min_samples_leaf': 3, 'class_weight': None}. Best is trial 0 with value: 1.0.
2024-12-10 14:47:16,636 - INFO - Trial 84 finished with value: 1.0 and parameters: {'n_estimators': 116, 'max_depth': 13, 'min_samples_split': 5, 'min_samples_leaf': 3, 'class_weight': None}. Best is trial 0 with value: 1.0.
2024-12-10 14:47:17,169 - INFO - Trial 85 finished with value: 1.0 and parameters: {'n_estimators': 138, 'max_depth': 16, 'min_samples_split': 4, 'min_samples_leaf': 3, 'class_weight': 'balanced'}. Best is trial 0 with value: 1.0.
2024-12-10 14:47:17,783 - INFO - Trial 86 finished with value: 1.0 and parameters: {'n_estimators': 158, 'max_depth': 15, 'min_samples_split': 3, 'min_samples_leaf': 3, 'class_weight': None}. Best is trial 0 with value: 1.0.
2024-12-10 14:47:18,482 - INFO - Trial 87 finished with value: 1.0 and parameters: {'n_estimators': 225, 'max_depth': 18, 'min_samples_split': 8, 'min_samples_leaf': 4, 'class_weight': 'balanced'}. Best is trial 0 with value: 1.0.
2024-12-10 14:47:18,737 - INFO - Trial 88 finished with value: 1.0 and parameters: {'n_estimators': 65, 'max_depth': 19, 'min_samples_split': 6, 'min_samples_leaf': 3, 'class_weight': None}. Best is trial 0 with value: 1.0.
2024-12-10 14:47:19,373 - INFO - Trial 89 finished with value: 1.0 and parameters: {'n_estimators': 201, 'max_depth': 17, 'min_samples_split': 9, 'min_samples_leaf': 3, 'class_weight': None}. Best is trial 0 with value: 1.0.
2024-12-10 14:47:19,992 - INFO - Trial 90 finished with value: 0.99013357619915 and parameters: {'n_estimators': 217, 'max_depth': 5, 'min_samples_split': 7, 'min_samples_leaf': 2, 'class_weight': 'balanced'}. Best is trial 0 with value: 1.0.
2024-12-10 14:47:20,577 - INFO - Trial 91 finished with value: 1.0 and parameters: {'n_estimators': 184, 'max_depth': 20, 'min_samples_split': 3, 'min_samples_leaf': 3, 'class_weight': None}. Best is trial 0 with value: 1.0.
2024-12-10 14:47:21,224 - INFO - Trial 92 finished with value: 1.0 and parameters: {'n_estimators': 208, 'max_depth': 20, 'min_samples_split': 4, 'min_samples_leaf': 3, 'class_weight': None}. Best is trial 0 with value: 1.0.
2024-12-10 14:47:21,872 - INFO - Trial 93 finished with value: 0.9949377571191965 and parameters: {'n_estimators': 198, 'max_depth': 11, 'min_samples_split': 4, 'min_samples_leaf': 3, 'class_weight': None}. Best is trial 0 with value: 1.0.
2024-12-10 14:47:22,474 - INFO - Trial 94 finished with value: 1.0 and parameters: {'n_estimators': 190, 'max_depth': 19, 'min_samples_split': 4, 'min_samples_leaf': 3, 'class_weight': None}. Best is trial 0 with value: 1.0.
2024-12-10 14:47:23,209 - INFO - Trial 95 finished with value: 1.0 and parameters: {'n_estimators': 238, 'max_depth': 18, 'min_samples_split': 10, 'min_samples_leaf': 3, 'class_weight': None}. Best is trial 0 with value: 1.0.
2024-12-10 14:47:23,922 - INFO - Trial 96 finished with value: 1.0 and parameters: {'n_estimators': 231, 'max_depth': 20, 'min_samples_split': 5, 'min_samples_leaf': 3, 'class_weight': 'balanced'}. Best is trial 0 with value: 1.0.
2024-12-10 14:47:24,176 - INFO - Trial 97 finished with value: 1.0 and parameters: {'n_estimators': 71, 'max_depth': 16, 'min_samples_split': 8, 'min_samples_leaf': 3, 'class_weight': None}. Best is trial 0 with value: 1.0.
2024-12-10 14:47:24,480 - INFO - Trial 98 finished with value: 1.0 and parameters: {'n_estimators': 86, 'max_depth': 14, 'min_samples_split': 9, 'min_samples_leaf': 3, 'class_weight': None}. Best is trial 0 with value: 1.0.
2024-12-10 14:47:24,803 - INFO - Trial 99 finished with value: 1.0 and parameters: {'n_estimators': 93, 'max_depth': 15, 'min_samples_split': 3, 'min_samples_leaf': 3, 'class_weight': 'balanced'}. Best is trial 0 with value: 1.0.
2024-12-10 14:47:25,525 - INFO - A new study created in memory with name: no-name-a29ba7b0-b92b-42d1-aa6a-4f7a41442c5a
2024-12-10 14:47:25,563 - INFO - Trial 0 finished with value: 0.9895833333333334 and parameters: {'max_depth': 14, 'min_samples_split': 2, 'min_samples_leaf': 1, 'class_weight': 'balanced'}. Best is trial 0 with value: 0.9895833333333334.
2024-12-10 14:47:25,597 - INFO - Trial 1 finished with value: 0.9895833333333334 and parameters: {'max_depth': 8, 'min_samples_split': 3, 'min_samples_leaf': 3, 'class_weight': None}. Best is trial 0 with value: 0.9895833333333334.
2024-12-10 14:47:25,630 - INFO - Trial 2 finished with value: 0.9946251129177958 and parameters: {'max_depth': 11, 'min_samples_split': 3, 'min_samples_leaf': 2, 'class_weight': 'balanced'}. Best is trial 2 with value: 0.9946251129177958.
2024-12-10 14:47:25,660 - INFO - Trial 3 finished with value: 0.9895833333333334 and parameters: {'max_depth': 6, 'min_samples_split': 4, 'min_samples_leaf': 3, 'class_weight': None}. Best is trial 2 with value: 0.9946251129177958.
2024-12-10 14:47:25,694 - INFO - Trial 4 finished with value: 0.9946251129177958 and parameters: {'max_depth': 16, 'min_samples_split': 7, 'min_samples_leaf': 3, 'class_weight': None}. Best is trial 2 with value: 0.9946251129177958.
2024-12-10 14:47:25,730 - INFO - Trial 5 finished with value: 0.9895833333333334 and parameters: {'max_depth': 20, 'min_samples_split': 10, 'min_samples_leaf': 2, 'class_weight': 'balanced'}. Best is trial 2 with value: 0.9946251129177958.
2024-12-10 14:47:25,766 - INFO - Trial 6 finished with value: 0.9895833333333334 and parameters: {'max_depth': 8, 'min_samples_split': 8, 'min_samples_leaf': 2, 'class_weight': 'balanced'}. Best is trial 2 with value: 0.9946251129177958.
2024-12-10 14:47:25,797 - INFO - Trial 7 finished with value: 0.9946251129177958 and parameters: {'max_depth': 19, 'min_samples_split': 5, 'min_samples_leaf': 3, 'class_weight': None}. Best is trial 2 with value: 0.9946251129177958.
2024-12-10 14:47:25,833 - INFO - Trial 8 finished with value: 0.9895833333333334 and parameters: {'max_depth': 7, 'min_samples_split': 5, 'min_samples_leaf': 3, 'class_weight': None}. Best is trial 2 with value: 0.9946251129177958.
2024-12-10 14:47:25,870 - INFO - Trial 9 finished with value: 0.9895833333333334 and parameters: {'max_depth': 13, 'min_samples_split': 3, 'min_samples_leaf': 4, 'class_weight': 'balanced'}. Best is trial 2 with value: 0.9946251129177958.
2024-12-10 14:47:25,922 - INFO - Trial 10 finished with value: 0.9895833333333334 and parameters: {'max_depth': 11, 'min_samples_split': 2, 'min_samples_leaf': 1, 'class_weight': 'balanced'}. Best is trial 2 with value: 0.9946251129177958.
2024-12-10 14:47:25,971 - INFO - Trial 11 finished with value: 0.9895833333333334 and parameters: {'max_depth': 16, 'min_samples_split': 7, 'min_samples_leaf': 4, 'class_weight': None}. Best is trial 2 with value: 0.9946251129177958.
2024-12-10 14:47:26,018 - INFO - Trial 12 finished with value: 0.9802671523982999 and parameters: {'max_depth': 3, 'min_samples_split': 8, 'min_samples_leaf': 2, 'class_weight': 'balanced'}. Best is trial 2 with value: 0.9946251129177958.
2024-12-10 14:47:26,069 - INFO - Trial 13 finished with value: 0.9946251129177958 and parameters: {'max_depth': 17, 'min_samples_split': 6, 'min_samples_leaf': 2, 'class_weight': None}. Best is trial 2 with value: 0.9946251129177958.
2024-12-10 14:47:26,122 - INFO - Trial 14 finished with value: 0.9895833333333334 and parameters: {'max_depth': 12, 'min_samples_split': 9, 'min_samples_leaf': 4, 'class_weight': None}. Best is trial 2 with value: 0.9946251129177958.
2024-12-10 14:47:26,173 - INFO - Trial 15 finished with value: 0.9946251129177958 and parameters: {'max_depth': 10, 'min_samples_split': 6, 'min_samples_leaf': 1, 'class_weight': 'balanced'}. Best is trial 2 with value: 0.9946251129177958.
2024-12-10 14:47:26,228 - INFO - Trial 16 finished with value: 0.9946251129177958 and parameters: {'max_depth': 15, 'min_samples_split': 7, 'min_samples_leaf': 2, 'class_weight': 'balanced'}. Best is trial 2 with value: 0.9946251129177958.
2024-12-10 14:47:26,280 - INFO - Trial 17 finished with value: 0.9946251129177958 and parameters: {'max_depth': 18, 'min_samples_split': 4, 'min_samples_leaf': 3, 'class_weight': None}. Best is trial 2 with value: 0.9946251129177958.
2024-12-10 14:47:26,336 - INFO - Trial 18 finished with value: 0.9946251129177958 and parameters: {'max_depth': 14, 'min_samples_split': 5, 'min_samples_leaf': 2, 'class_weight': 'balanced'}. Best is trial 2 with value: 0.9946251129177958.
2024-12-10 14:47:26,387 - INFO - Trial 19 finished with value: 0.9895833333333334 and parameters: {'max_depth': 10, 'min_samples_split': 7, 'min_samples_leaf': 3, 'class_weight': None}. Best is trial 2 with value: 0.9946251129177958.
2024-12-10 14:47:26,436 - INFO - Trial 20 finished with value: 0.9802671523982999 and parameters: {'max_depth': 3, 'min_samples_split': 10, 'min_samples_leaf': 4, 'class_weight': 'balanced'}. Best is trial 2 with value: 0.9946251129177958.
2024-12-10 14:47:26,489 - INFO - Trial 21 finished with value: 0.9946251129177958 and parameters: {'max_depth': 20, 'min_samples_split': 5, 'min_samples_leaf': 3, 'class_weight': None}. Best is trial 2 with value: 0.9946251129177958.
2024-12-10 14:47:26,543 - INFO - Trial 22 finished with value: 0.9946251129177958 and parameters: {'max_depth': 18, 'min_samples_split': 4, 'min_samples_leaf': 3, 'class_weight': None}. Best is trial 2 with value: 0.9946251129177958.
2024-12-10 14:47:26,595 - INFO - Trial 23 finished with value: 0.9946251129177958 and parameters: {'max_depth': 18, 'min_samples_split': 3, 'min_samples_leaf': 3, 'class_weight': None}. Best is trial 2 with value: 0.9946251129177958.
2024-12-10 14:47:26,648 - INFO - Trial 24 finished with value: 0.9888674388674389 and parameters: {'max_depth': 20, 'min_samples_split': 6, 'min_samples_leaf': 2, 'class_weight': None}. Best is trial 2 with value: 0.9946251129177958.
2024-12-10 14:47:26,701 - INFO - Trial 25 finished with value: 0.9895833333333334 and parameters: {'max_depth': 16, 'min_samples_split': 8, 'min_samples_leaf': 3, 'class_weight': None}. Best is trial 2 with value: 0.9946251129177958.
