2024-12-10 14:40:53,257 - INFO - Trial 54 finished with value: 1.0 and parameters: {'n_estimators': 99, 'max_depth': 9, 'learning_rate': 0.0610492481432328, 'subsample': 0.5780374376347135, 'colsample_bytree': 0.9027062966591592, 'scale_pos_weight': 1.1063400334250952}. Best is trial 1 with value: 1.0.
2024-12-10 14:40:53,424 - INFO - Trial 55 finished with value: 1.0 and parameters: {'n_estimators': 236, 'max_depth': 17, 'learning_rate': 0.028087059436679215, 'subsample': 0.6885197714854087, 'colsample_bytree': 0.8597195915604954, 'scale_pos_weight': 1.3146830478282063}. Best is trial 1 with value: 1.0.
2024-12-10 14:40:53,539 - INFO - Trial 56 finished with value: 1.0 and parameters: {'n_estimators': 138, 'max_depth': 14, 'learning_rate': 0.03971041501017506, 'subsample': 0.6100341269479133, 'colsample_bytree': 0.9730431459160416, 'scale_pos_weight': 1.4556129482886522}. Best is trial 1 with value: 1.0.
2024-12-10 14:40:53,627 - INFO - Trial 57 finished with value: 1.0 and parameters: {'n_estimators': 107, 'max_depth': 12, 'learning_rate': 0.13295820993375504, 'subsample': 0.7197839947673453, 'colsample_bytree': 0.8240806897625396, 'scale_pos_weight': 0.838050383749453}. Best is trial 1 with value: 1.0.
2024-12-10 14:40:53,713 - INFO - Trial 58 finished with value: 1.0 and parameters: {'n_estimators': 78, 'max_depth': 8, 'learning_rate': 0.06713765529977211, 'subsample': 0.8852102182051016, 'colsample_bytree': 0.9208579443299973, 'scale_pos_weight': 0.6666919221886323}. Best is trial 1 with value: 1.0.
2024-12-10 14:40:53,843 - INFO - Trial 59 finished with value: 0.9946251129177958 and parameters: {'n_estimators': 220, 'max_depth': 7, 'learning_rate': 0.08071521224078246, 'subsample': 0.6739763547700467, 'colsample_bytree': 0.6968721764111887, 'scale_pos_weight': 1.736155437763699}. Best is trial 1 with value: 1.0.
2024-12-10 14:40:53,971 - INFO - Trial 60 finished with value: 0.9946251129177958 and parameters: {'n_estimators': 183, 'max_depth': 20, 'learning_rate': 0.10424703543655553, 'subsample': 0.5599225598605657, 'colsample_bytree': 0.5697931205205842, 'scale_pos_weight': 1.6306312685258473}. Best is trial 1 with value: 1.0.
2024-12-10 14:40:54,083 - INFO - Trial 61 finished with value: 1.0 and parameters: {'n_estimators': 131, 'max_depth': 3, 'learning_rate': 0.05255697817319783, 'subsample': 0.8717633074596557, 'colsample_bytree': 0.8754766417902646, 'scale_pos_weight': 1.3283489247958518}. Best is trial 1 with value: 1.0.
2024-12-10 14:40:54,193 - INFO - Trial 62 finished with value: 0.9946251129177958 and parameters: {'n_estimators': 169, 'max_depth': 3, 'learning_rate': 0.09399084536164015, 'subsample': 0.976645705735452, 'colsample_bytree': 0.8980698829478672, 'scale_pos_weight': 1.3822342803597087}. Best is trial 1 with value: 1.0.
2024-12-10 14:40:54,307 - INFO - Trial 63 finished with value: 0.9946251129177958 and parameters: {'n_estimators': 149, 'max_depth': 5, 'learning_rate': 0.0707843775033789, 'subsample': 0.9446181797455976, 'colsample_bytree': 0.9425173225821974, 'scale_pos_weight': 1.497935575719841}. Best is trial 1 with value: 1.0.
2024-12-10 14:40:54,376 - INFO - Trial 64 finished with value: 1.0 and parameters: {'n_estimators': 51, 'max_depth': 10, 'learning_rate': 0.1724486533466071, 'subsample': 0.7483711563573618, 'colsample_bytree': 0.8508114038727916, 'scale_pos_weight': 1.1625434378601909}. Best is trial 1 with value: 1.0.
2024-12-10 14:40:54,502 - INFO - Trial 65 finished with value: 1.0 and parameters: {'n_estimators': 158, 'max_depth': 11, 'learning_rate': 0.04093312716675975, 'subsample': 0.6495993408476388, 'colsample_bytree': 0.8744424138984486, 'scale_pos_weight': 1.5665171082256217}. Best is trial 1 with value: 1.0.
2024-12-10 14:40:54,633 - INFO - Trial 66 finished with value: 1.0 and parameters: {'n_estimators': 211, 'max_depth': 4, 'learning_rate': 0.2573420141964875, 'subsample': 0.9994564346162527, 'colsample_bytree': 0.8093957410443745, 'scale_pos_weight': 1.416159298757807}. Best is trial 1 with value: 1.0.
2024-12-10 14:40:54,749 - INFO - Trial 67 finished with value: 1.0 and parameters: {'n_estimators': 120, 'max_depth': 9, 'learning_rate': 0.05163987175250273, 'subsample': 0.8240810721491445, 'colsample_bytree': 0.7873654065970416, 'scale_pos_weight': 1.2658069479541023}. Best is trial 1 with value: 1.0.
2024-12-10 14:40:54,829 - INFO - Trial 68 finished with value: 0.9946251129177958 and parameters: {'n_estimators': 91, 'max_depth': 5, 'learning_rate': 0.1138817631476067, 'subsample': 0.7678209275048347, 'colsample_bytree': 0.6309246546039379, 'scale_pos_weight': 1.0711223577437754}. Best is trial 1 with value: 1.0.
2024-12-10 14:40:54,981 - INFO - Trial 69 finished with value: 1.0 and parameters: {'n_estimators': 254, 'max_depth': 6, 'learning_rate': 0.034623410552195644, 'subsample': 0.5907920827193687, 'colsample_bytree': 0.763717537075092, 'scale_pos_weight': 1.205845658435059}. Best is trial 1 with value: 1.0.
2024-12-10 14:40:55,068 - INFO - Trial 70 finished with value: 0.9946251129177958 and parameters: {'n_estimators': 106, 'max_depth': 8, 'learning_rate': 0.21915761785613624, 'subsample': 0.9007492132950197, 'colsample_bytree': 0.9183984984914927, 'scale_pos_weight': 1.7929628134644442}. Best is trial 1 with value: 1.0.
2024-12-10 14:40:55,167 - INFO - Trial 71 finished with value: 1.0 and parameters: {'n_estimators': 124, 'max_depth': 17, 'learning_rate': 0.08637916610915665, 'subsample': 0.8876488112565916, 'colsample_bytree': 0.8262491435054414, 'scale_pos_weight': 0.6903905616231519}. Best is trial 1 with value: 1.0.
2024-12-10 14:40:55,258 - INFO - Trial 72 finished with value: 1.0 and parameters: {'n_estimators': 110, 'max_depth': 18, 'learning_rate': 0.09687966378447317, 'subsample': 0.7932628236551329, 'colsample_bytree': 0.8867563548440611, 'scale_pos_weight': 0.535094918099193}. Best is trial 1 with value: 1.0.
2024-12-10 14:40:55,339 - INFO - Trial 73 finished with value: 1.0 and parameters: {'n_estimators': 67, 'max_depth': 16, 'learning_rate': 0.06303984890714134, 'subsample': 0.8598291710803215, 'colsample_bytree': 0.965776451587461, 'scale_pos_weight': 0.6087672300964689}. Best is trial 1 with value: 1.0.
2024-12-10 14:40:55,500 - INFO - Trial 74 finished with value: 0.9946251129177958 and parameters: {'n_estimators': 287, 'max_depth': 9, 'learning_rate': 0.07993321212724279, 'subsample': 0.9724332944718176, 'colsample_bytree': 0.8462378018986113, 'scale_pos_weight': 0.8161133758338445}. Best is trial 1 with value: 1.0.
2024-12-10 14:40:55,586 - INFO - Trial 75 finished with value: 1.0 and parameters: {'n_estimators': 83, 'max_depth': 19, 'learning_rate': 0.1298876872316963, 'subsample': 0.9192053985431566, 'colsample_bytree': 0.864888348172326, 'scale_pos_weight': 1.3492158089884532}. Best is trial 1 with value: 1.0.
2024-12-10 14:40:55,687 - INFO - Trial 76 finished with value: 0.9946251129177958 and parameters: {'n_estimators': 139, 'max_depth': 10, 'learning_rate': 0.15224219842282674, 'subsample': 0.9574472796201805, 'colsample_bytree': 0.8824038625932951, 'scale_pos_weight': 1.6596733467638076}. Best is trial 1 with value: 1.0.
2024-12-10 14:40:55,851 - INFO - Trial 77 finished with value: 1.0 and parameters: {'n_estimators': 238, 'max_depth': 7, 'learning_rate': 0.02540034113073661, 'subsample': 0.6197792124645201, 'colsample_bytree': 0.9510719939183796, 'scale_pos_weight': 0.9992295810242413}. Best is trial 1 with value: 1.0.
2024-12-10 14:40:56,062 - INFO - Trial 78 finished with value: 1.0 and parameters: {'n_estimators': 229, 'max_depth': 6, 'learning_rate': 0.014420234868288905, 'subsample': 0.8084387286982258, 'colsample_bytree': 0.9080713360053946, 'scale_pos_weight': 1.8600917099196221}. Best is trial 1 with value: 1.0.
2024-12-10 14:40:56,184 - INFO - Trial 79 finished with value: 1.0 and parameters: {'n_estimators': 193, 'max_depth': 15, 'learning_rate': 0.2847550979482728, 'subsample': 0.9408052223785088, 'colsample_bytree': 0.9794926133586219, 'scale_pos_weight': 0.5986748252522245}. Best is trial 1 with value: 1.0.
2024-12-10 14:40:56,281 - INFO - Trial 80 finished with value: 0.9946251129177958 and parameters: {'n_estimators': 142, 'max_depth': 14, 'learning_rate': 0.22848703199422246, 'subsample': 0.8379250939979037, 'colsample_bytree': 0.8326224261957867, 'scale_pos_weight': 1.4235696645965619}. Best is trial 1 with value: 1.0.
2024-12-10 14:40:56,352 - INFO - Trial 81 finished with value: 1.0 and parameters: {'n_estimators': 57, 'max_depth': 20, 'learning_rate': 0.1695690245531233, 'subsample': 0.7207999258896096, 'colsample_bytree': 0.9338088470191045, 'scale_pos_weight': 1.2237295358029647}. Best is trial 1 with value: 1.0.
2024-12-10 14:40:56,426 - INFO - Trial 82 finished with value: 0.9946251129177958 and parameters: {'n_estimators': 73, 'max_depth': 17, 'learning_rate': 0.16257814865298187, 'subsample': 0.701689739881051, 'colsample_bytree': 0.6682111683753503, 'scale_pos_weight': 1.1337314323752448}. Best is trial 1 with value: 1.0.
2024-12-10 14:40:56,506 - INFO - Trial 83 finished with value: 1.0 and parameters: {'n_estimators': 81, 'max_depth': 16, 'learning_rate': 0.19111267694561024, 'subsample': 0.6745159632629013, 'colsample_bytree': 0.7557682484675367, 'scale_pos_weight': 1.2785761606957584}. Best is trial 1 with value: 1.0.
2024-12-10 14:40:56,576 - INFO - Trial 84 finished with value: 1.0 and parameters: {'n_estimators': 50, 'max_depth': 19, 'learning_rate': 0.24268044488299367, 'subsample': 0.6454444218166344, 'colsample_bytree': 0.8052778908712654, 'scale_pos_weight': 1.5581375809706313}. Best is trial 1 with value: 1.0.
2024-12-10 14:40:56,655 - INFO - Trial 85 finished with value: 0.9946251129177958 and parameters: {'n_estimators': 95, 'max_depth': 4, 'learning_rate': 0.19905810696742904, 'subsample': 0.6197407751531525, 'colsample_bytree': 0.7350739273490432, 'scale_pos_weight': 0.9073341813449787}. Best is trial 1 with value: 1.0.
2024-12-10 14:40:56,729 - INFO - Trial 86 finished with value: 0.9946251129177958 and parameters: {'n_estimators': 67, 'max_depth': 9, 'learning_rate': 0.1459515103085206, 'subsample': 0.6644886654241109, 'colsample_bytree': 0.5196267549599697, 'scale_pos_weight': 1.3409455427862838}. Best is trial 1 with value: 1.0.
2024-12-10 14:40:56,824 - INFO - Trial 87 finished with value: 0.9946251129177958 and parameters: {'n_estimators': 125, 'max_depth': 8, 'learning_rate': 0.18107306089203354, 'subsample': 0.7347342671348476, 'colsample_bytree': 0.8551953622848827, 'scale_pos_weight': 1.068352172403637}. Best is trial 1 with value: 1.0.
2024-12-10 14:40:56,916 - INFO - Trial 88 finished with value: 0.9946251129177958 and parameters: {'n_estimators': 104, 'max_depth': 18, 'learning_rate': 0.11424145197735053, 'subsample': 0.9322429533221037, 'colsample_bytree': 0.7883828713517407, 'scale_pos_weight': 1.1840731876428645}. Best is trial 1 with value: 1.0.
2024-12-10 14:40:57,051 - INFO - Trial 89 finished with value: 0.9946251129177958 and parameters: {'n_estimators': 266, 'max_depth': 12, 'learning_rate': 0.26234233112649585, 'subsample': 0.704519857147625, 'colsample_bytree': 0.8189369794058886, 'scale_pos_weight': 1.484346217991904}. Best is trial 1 with value: 1.0.
2024-12-10 14:40:57,166 - INFO - Trial 90 finished with value: 0.9946251129177958 and parameters: {'n_estimators': 58, 'max_depth': 11, 'learning_rate': 0.021539018235140747, 'subsample': 0.7829482142651474, 'colsample_bytree': 0.9972550792471142, 'scale_pos_weight': 1.2982042356014578}. Best is trial 1 with value: 1.0.
2024-12-10 14:40:57,361 - INFO - Trial 91 finished with value: 0.9946251129177958 and parameters: {'n_estimators': 240, 'max_depth': 9, 'learning_rate': 0.047165278715005185, 'subsample': 0.6256258416305103, 'colsample_bytree': 0.834942326704523, 'scale_pos_weight': 1.391281044121111}. Best is trial 1 with value: 1.0.
2024-12-10 14:40:57,559 - INFO - Trial 92 finished with value: 1.0 and parameters: {'n_estimators': 252, 'max_depth': 10, 'learning_rate': 0.01770188755968085, 'subsample': 0.6036396089425552, 'colsample_bytree': 0.7083192225463146, 'scale_pos_weight': 1.434221901641841}. Best is trial 1 with value: 1.0.
2024-12-10 14:40:57,669 - INFO - Trial 93 finished with value: 1.0 and parameters: {'n_estimators': 113, 'max_depth': 8, 'learning_rate': 0.03719141374954243, 'subsample': 0.6891274798504398, 'colsample_bytree': 0.869405446942423, 'scale_pos_weight': 1.245353733244028}. Best is trial 1 with value: 1.0.
2024-12-10 14:40:57,884 - INFO - Trial 94 finished with value: 1.0 and parameters: {'n_estimators': 224, 'max_depth': 9, 'learning_rate': 0.02903617421756219, 'subsample': 0.6368939350040219, 'colsample_bytree': 0.898013764990968, 'scale_pos_weight': 1.5209024746665267}. Best is trial 1 with value: 1.0.
2024-12-10 14:40:58,029 - INFO - Trial 95 finished with value: 0.9946251129177958 and parameters: {'n_estimators': 230, 'max_depth': 10, 'learning_rate': 0.056344145408274274, 'subsample': 0.643057571850111, 'colsample_bytree': 0.5615702904944844, 'scale_pos_weight': 1.3734166843962283}. Best is trial 1 with value: 1.0.
2024-12-10 14:40:58,197 - INFO - Trial 96 finished with value: 1.0 and parameters: {'n_estimators': 213, 'max_depth': 7, 'learning_rate': 0.010231226730054499, 'subsample': 0.6646189051516675, 'colsample_bytree': 0.7823369207180111, 'scale_pos_weight': 1.601037289442222}. Best is trial 1 with value: 1.0.
2024-12-10 14:40:58,326 - INFO - Trial 97 finished with value: 0.9946251129177958 and parameters: {'n_estimators': 206, 'max_depth': 5, 'learning_rate': 0.07659032162961052, 'subsample': 0.5758102093921955, 'colsample_bytree': 0.8023979430890458, 'scale_pos_weight': 1.703916728478206}. Best is trial 1 with value: 1.0.
2024-12-10 14:40:58,437 - INFO - Trial 98 finished with value: 1.0 and parameters: {'n_estimators': 157, 'max_depth': 11, 'learning_rate': 0.09201964376087815, 'subsample': 0.8974534167458049, 'colsample_bytree': 0.9240022315141465, 'scale_pos_weight': 0.7481835104654931}. Best is trial 1 with value: 1.0.
2024-12-10 14:40:58,593 - INFO - Trial 99 finished with value: 1.0 and parameters: {'n_estimators': 260, 'max_depth': 6, 'learning_rate': 0.06387745445280056, 'subsample': 0.972104382470894, 'colsample_bytree': 0.8468967295069358, 'scale_pos_weight': 1.3961784888747233}. Best is trial 1 with value: 1.0.
2024-12-10 14:46:31,801 - INFO - A new study created in memory with name: no-name-a9eab305-d55e-470a-9707-76e12010e47f
2024-12-10 14:46:32,159 - INFO - Trial 0 finished with value: 1.0 and parameters: {'n_estimators': 71, 'max_depth': 20, 'min_samples_split': 4, 'min_samples_leaf': 3, 'class_weight': None}. Best is trial 0 with value: 1.0.
2024-12-10 14:46:32,594 - INFO - Trial 1 finished with value: 0.9946251129177958 and parameters: {'n_estimators': 138, 'max_depth': 13, 'min_samples_split': 4, 'min_samples_leaf': 1, 'class_weight': 'balanced'}. Best is trial 0 with value: 1.0.
2024-12-10 14:46:33,408 - INFO - Trial 2 finished with value: 0.9949377571191965 and parameters: {'n_estimators': 271, 'max_depth': 11, 'min_samples_split': 5, 'min_samples_leaf': 4, 'class_weight': None}. Best is trial 0 with value: 1.0.
2024-12-10 14:46:33,583 - INFO - Trial 3 finished with value: 0.9946251129177958 and parameters: {'n_estimators': 52, 'max_depth': 17, 'min_samples_split': 3, 'min_samples_leaf': 1, 'class_weight': 'balanced'}. Best is trial 0 with value: 1.0.
2024-12-10 14:46:34,255 - INFO - Trial 4 finished with value: 1.0 and parameters: {'n_estimators': 231, 'max_depth': 15, 'min_samples_split': 9, 'min_samples_leaf': 3, 'class_weight': None}. Best is trial 0 with value: 1.0.
2024-12-10 14:46:34,498 - INFO - Trial 5 finished with value: 1.0 and parameters: {'n_estimators': 76, 'max_depth': 15, 'min_samples_split': 7, 'min_samples_leaf': 3, 'class_weight': 'balanced'}. Best is trial 0 with value: 1.0.
2024-12-10 14:46:35,297 - INFO - Trial 6 finished with value: 0.99013357619915 and parameters: {'n_estimators': 300, 'max_depth': 4, 'min_samples_split': 7, 'min_samples_leaf': 2, 'class_weight': 'balanced'}. Best is trial 0 with value: 1.0.
2024-12-10 14:46:35,643 - INFO - Trial 7 finished with value: 1.0 and parameters: {'n_estimators': 112, 'max_depth': 15, 'min_samples_split': 8, 'min_samples_leaf': 1, 'class_weight': 'balanced'}. Best is trial 0 with value: 1.0.
2024-12-10 14:46:36,158 - INFO - Trial 8 finished with value: 0.99013357619915 and parameters: {'n_estimators': 202, 'max_depth': 3, 'min_samples_split': 9, 'min_samples_leaf': 4, 'class_weight': 'balanced'}. Best is trial 0 with value: 1.0.
2024-12-10 14:46:36,710 - INFO - Trial 9 finished with value: 1.0 and parameters: {'n_estimators': 184, 'max_depth': 20, 'min_samples_split': 8, 'min_samples_leaf': 3, 'class_weight': 'balanced'}. Best is trial 0 with value: 1.0.
2024-12-10 14:46:37,121 - INFO - Trial 10 finished with value: 0.99013357619915 and parameters: {'n_estimators': 126, 'max_depth': 8, 'min_samples_split': 2, 'min_samples_leaf': 2, 'class_weight': None}. Best is trial 0 with value: 1.0.
2024-12-10 14:46:37,833 - INFO - Trial 11 finished with value: 1.0 and parameters: {'n_estimators': 231, 'max_depth': 20, 'min_samples_split': 10, 'min_samples_leaf': 3, 'class_weight': None}. Best is trial 0 with value: 1.0.
2024-12-10 14:46:38,544 - INFO - Trial 12 finished with value: 1.0 and parameters: {'n_estimators': 238, 'max_depth': 18, 'min_samples_split': 5, 'min_samples_leaf': 3, 'class_weight': None}. Best is trial 0 with value: 1.0.
2024-12-10 14:46:39,083 - INFO - Trial 13 finished with value: 0.99013357619915 and parameters: {'n_estimators': 161, 'max_depth': 10, 'min_samples_split': 6, 'min_samples_leaf': 4, 'class_weight': None}. Best is trial 0 with value: 1.0.
2024-12-10 14:46:39,797 - INFO - Trial 14 finished with value: 1.0 and parameters: {'n_estimators': 229, 'max_depth': 17, 'min_samples_split': 10, 'min_samples_leaf': 2, 'class_weight': None}. Best is trial 0 with value: 1.0.
2024-12-10 14:46:40,095 - INFO - Trial 15 finished with value: 1.0 and parameters: {'n_estimators': 91, 'max_depth': 14, 'min_samples_split': 4, 'min_samples_leaf': 3, 'class_weight': None}. Best is trial 0 with value: 1.0.
2024-12-10 14:46:40,588 - INFO - Trial 16 finished with value: 0.99013357619915 and parameters: {'n_estimators': 160, 'max_depth': 8, 'min_samples_split': 2, 'min_samples_leaf': 2, 'class_weight': None}. Best is trial 0 with value: 1.0.
2024-12-10 14:46:41,400 - INFO - Trial 17 finished with value: 0.9949377571191965 and parameters: {'n_estimators': 263, 'max_depth': 18, 'min_samples_split': 6, 'min_samples_leaf': 4, 'class_weight': None}. Best is trial 0 with value: 1.0.
2024-12-10 14:46:42,094 - INFO - Trial 18 finished with value: 1.0 and parameters: {'n_estimators': 202, 'max_depth': 20, 'min_samples_split': 4, 'min_samples_leaf': 3, 'class_weight': None}. Best is trial 0 with value: 1.0.
2024-12-10 14:46:42,438 - INFO - Trial 19 finished with value: 1.0 and parameters: {'n_estimators': 89, 'max_depth': 13, 'min_samples_split': 9, 'min_samples_leaf': 2, 'class_weight': None}. Best is trial 0 with value: 1.0.
2024-12-10 14:46:42,650 - INFO - Trial 20 finished with value: 0.9949377571191965 and parameters: {'n_estimators': 55, 'max_depth': 16, 'min_samples_split': 5, 'min_samples_leaf': 4, 'class_weight': None}. Best is trial 0 with value: 1.0.
2024-12-10 14:46:42,936 - INFO - Trial 21 finished with value: 1.0 and parameters: {'n_estimators': 82, 'max_depth': 15, 'min_samples_split': 7, 'min_samples_leaf': 3, 'class_weight': 'balanced'}. Best is trial 0 with value: 1.0.
2024-12-10 14:46:43,217 - INFO - Trial 22 finished with value: 1.0 and parameters: {'n_estimators': 77, 'max_depth': 13, 'min_samples_split': 7, 'min_samples_leaf': 3, 'class_weight': 'balanced'}. Best is trial 0 with value: 1.0.
2024-12-10 14:46:43,592 - INFO - Trial 23 finished with value: 1.0 and parameters: {'n_estimators': 110, 'max_depth': 18, 'min_samples_split': 8, 'min_samples_leaf': 3, 'class_weight': 'balanced'}. Best is trial 0 with value: 1.0.
2024-12-10 14:46:44,057 - INFO - Trial 24 finished with value: 0.9949377571191965 and parameters: {'n_estimators': 145, 'max_depth': 9, 'min_samples_split': 9, 'min_samples_leaf': 3, 'class_weight': None}. Best is trial 0 with value: 1.0.
2024-12-10 14:46:44,338 - INFO - Trial 25 finished with value: 1.0 and parameters: {'n_estimators': 69, 'max_depth': 12, 'min_samples_split': 6, 'min_samples_leaf': 2, 'class_weight': None}. Best is trial 0 with value: 1.0.
2024-12-10 14:46:44,679 - INFO - Trial 26 finished with value: 0.99013357619915 and parameters: {'n_estimators': 106, 'max_depth': 6, 'min_samples_split': 3, 'min_samples_leaf': 3, 'class_weight': 'balanced'}. Best is trial 0 with value: 1.0.
2024-12-10 14:46:45,323 - INFO - Trial 27 finished with value: 1.0 and parameters: {'n_estimators': 209, 'max_depth': 15, 'min_samples_split': 8, 'min_samples_leaf': 4, 'class_weight': None}. Best is trial 0 with value: 1.0.
2024-12-10 14:46:45,892 - INFO - Trial 28 finished with value: 1.0 and parameters: {'n_estimators': 179, 'max_depth': 19, 'min_samples_split': 7, 'min_samples_leaf': 3, 'class_weight': 'balanced'}. Best is trial 0 with value: 1.0.
2024-12-10 14:46:46,332 - INFO - Trial 29 finished with value: 1.0 and parameters: {'n_estimators': 138, 'max_depth': 16, 'min_samples_split': 5, 'min_samples_leaf': 2, 'class_weight': 'balanced'}. Best is trial 0 with value: 1.0.
2024-12-10 14:46:47,101 - INFO - Trial 30 finished with value: 1.0 and parameters: {'n_estimators': 253, 'max_depth': 12, 'min_samples_split': 3, 'min_samples_leaf': 4, 'class_weight': None}. Best is trial 0 with value: 1.0.
2024-12-10 14:46:47,483 - INFO - Trial 31 finished with value: 1.0 and parameters: {'n_estimators': 112, 'max_depth': 14, 'min_samples_split': 8, 'min_samples_leaf': 1, 'class_weight': 'balanced'}. Best is trial 0 with value: 1.0.
