2025-02-02 16:15:26,186 - INFO - Trial 71 finished with value: 0.846683354192741 and parameters: {'n_estimators': 168, 'max_depth': 3, 'learning_rate': 0.1785112734252228, 'subsample': 0.6247145173161411}. Best is trial 56 with value: 0.875.
2025-02-02 16:15:26,245 - INFO - Trial 72 finished with value: 0.875 and parameters: {'n_estimators': 149, 'max_depth': 4, 'learning_rate': 0.1852841848933825, 'subsample': 0.6635443128591798}. Best is trial 56 with value: 0.875.
2025-02-02 16:15:26,298 - INFO - Trial 73 finished with value: 0.846683354192741 and parameters: {'n_estimators': 143, 'max_depth': 5, 'learning_rate': 0.16314117657002022, 'subsample': 0.6690198862371914}. Best is trial 56 with value: 0.875.
2025-02-02 16:15:26,350 - INFO - Trial 74 finished with value: 0.846683354192741 and parameters: {'n_estimators': 127, 'max_depth': 4, 'learning_rate': 0.15326005640069443, 'subsample': 0.6820668630554166}. Best is trial 56 with value: 0.875.
2025-02-02 16:15:26,403 - INFO - Trial 75 finished with value: 0.846683354192741 and parameters: {'n_estimators': 152, 'max_depth': 7, 'learning_rate': 0.18645825435175636, 'subsample': 0.6468487749689473}. Best is trial 56 with value: 0.875.
2025-02-02 16:15:26,456 - INFO - Trial 76 finished with value: 0.8125 and parameters: {'n_estimators': 133, 'max_depth': 6, 'learning_rate': 0.1752531154507148, 'subsample': 0.7280150574836745}. Best is trial 56 with value: 0.875.
2025-02-02 16:15:26,514 - INFO - Trial 77 finished with value: 0.8125 and parameters: {'n_estimators': 188, 'max_depth': 20, 'learning_rate': 0.18341949630442983, 'subsample': 0.6099879122548593}. Best is trial 56 with value: 0.875.
2025-02-02 16:15:26,568 - INFO - Trial 78 finished with value: 0.846683354192741 and parameters: {'n_estimators': 155, 'max_depth': 5, 'learning_rate': 0.19201718355916186, 'subsample': 0.6613056416540548}. Best is trial 56 with value: 0.875.
2025-02-02 16:15:26,628 - INFO - Trial 79 finished with value: 0.8125 and parameters: {'n_estimators': 164, 'max_depth': 9, 'learning_rate': 0.168985852410551, 'subsample': 0.7047648815180546}. Best is trial 56 with value: 0.875.
2025-02-02 16:15:26,675 - INFO - Trial 80 finished with value: 0.8188405797101449 and parameters: {'n_estimators': 106, 'max_depth': 8, 'learning_rate': 0.15526903838793574, 'subsample': 0.5099235855970546}. Best is trial 56 with value: 0.875.
2025-02-02 16:15:26,727 - INFO - Trial 81 finished with value: 0.8125 and parameters: {'n_estimators': 146, 'max_depth': 3, 'learning_rate': 0.19963639055878346, 'subsample': 0.6003792618980652}. Best is trial 56 with value: 0.875.
2025-02-02 16:15:26,782 - INFO - Trial 82 finished with value: 0.846683354192741 and parameters: {'n_estimators': 171, 'max_depth': 4, 'learning_rate': 0.190543579086447, 'subsample': 0.6326785904500491}. Best is trial 56 with value: 0.875.
2025-02-02 16:15:26,821 - INFO - Trial 83 finished with value: 0.7853566958698374 and parameters: {'n_estimators': 66, 'max_depth': 3, 'learning_rate': 0.14664349890749873, 'subsample': 0.6826617254271085}. Best is trial 56 with value: 0.875.
2025-02-02 16:15:26,875 - INFO - Trial 84 finished with value: 0.846683354192741 and parameters: {'n_estimators': 149, 'max_depth': 3, 'learning_rate': 0.19600559760357852, 'subsample': 0.6482706233835005}. Best is trial 56 with value: 0.875.
2025-02-02 16:15:26,916 - INFO - Trial 85 finished with value: 0.846683354192741 and parameters: {'n_estimators': 75, 'max_depth': 4, 'learning_rate': 0.18358416304680866, 'subsample': 0.5689439234558014}. Best is trial 56 with value: 0.875.
2025-02-02 16:15:26,974 - INFO - Trial 86 finished with value: 0.8125 and parameters: {'n_estimators': 178, 'max_depth': 5, 'learning_rate': 0.12425192660949741, 'subsample': 0.8031719447887149}. Best is trial 56 with value: 0.875.
2025-02-02 16:15:27,046 - INFO - Trial 87 finished with value: 0.8125 and parameters: {'n_estimators': 243, 'max_depth': 14, 'learning_rate': 0.07212432949041991, 'subsample': 0.6625617481767306}. Best is trial 56 with value: 0.875.
2025-02-02 16:15:27,121 - INFO - Trial 88 finished with value: 0.8125 and parameters: {'n_estimators': 283, 'max_depth': 4, 'learning_rate': 0.17260110898664563, 'subsample': 0.7013512506155039}. Best is trial 56 with value: 0.875.
2025-02-02 16:15:27,173 - INFO - Trial 89 finished with value: 0.846683354192741 and parameters: {'n_estimators': 123, 'max_depth': 15, 'learning_rate': 0.16543540342024954, 'subsample': 0.7288307917898372}. Best is trial 56 with value: 0.875.
2025-02-02 16:15:27,229 - INFO - Trial 90 finished with value: 0.846683354192741 and parameters: {'n_estimators': 163, 'max_depth': 3, 'learning_rate': 0.13953349866841822, 'subsample': 0.6177846821283688}. Best is trial 56 with value: 0.875.
2025-02-02 16:15:27,289 - INFO - Trial 91 finished with value: 0.846683354192741 and parameters: {'n_estimators': 195, 'max_depth': 5, 'learning_rate': 0.18744158153657783, 'subsample': 0.6819117129621407}. Best is trial 56 with value: 0.875.
2025-02-02 16:15:27,353 - INFO - Trial 92 finished with value: 0.846683354192741 and parameters: {'n_estimators': 220, 'max_depth': 6, 'learning_rate': 0.17595212508338737, 'subsample': 0.6931812549140386}. Best is trial 56 with value: 0.875.
2025-02-02 16:15:27,424 - INFO - Trial 93 finished with value: 0.875 and parameters: {'n_estimators': 257, 'max_depth': 4, 'learning_rate': 0.18426464286260294, 'subsample': 0.6405538911961719}. Best is trial 56 with value: 0.875.
2025-02-02 16:15:27,494 - INFO - Trial 94 finished with value: 0.846683354192741 and parameters: {'n_estimators': 252, 'max_depth': 4, 'learning_rate': 0.1797614501210016, 'subsample': 0.6400574996942763}. Best is trial 56 with value: 0.875.
2025-02-02 16:15:27,569 - INFO - Trial 95 finished with value: 0.846683354192741 and parameters: {'n_estimators': 262, 'max_depth': 3, 'learning_rate': 0.1320065161753946, 'subsample': 0.6728579574363496}. Best is trial 56 with value: 0.875.
2025-02-02 16:15:27,625 - INFO - Trial 96 finished with value: 0.8125 and parameters: {'n_estimators': 156, 'max_depth': 9, 'learning_rate': 0.1931291100506908, 'subsample': 0.5914087232873536}. Best is trial 56 with value: 0.875.
2025-02-02 16:15:27,699 - INFO - Trial 97 finished with value: 0.846683354192741 and parameters: {'n_estimators': 266, 'max_depth': 4, 'learning_rate': 0.16219886453316598, 'subsample': 0.5440712109690592}. Best is trial 56 with value: 0.875.
2025-02-02 16:15:27,775 - INFO - Trial 98 finished with value: 0.846683354192741 and parameters: {'n_estimators': 285, 'max_depth': 10, 'learning_rate': 0.15024724285317387, 'subsample': 0.6557141616551809}. Best is trial 56 with value: 0.875.
2025-02-02 16:15:27,828 - INFO - Trial 99 finished with value: 0.846683354192741 and parameters: {'n_estimators': 138, 'max_depth': 7, 'learning_rate': 0.19713893007677127, 'subsample': 0.6263575065227721}. Best is trial 56 with value: 0.875.
2025-02-02 16:56:26,655 - INFO - A new study created in memory with name: no-name-da354599-6c12-4d42-bd19-2d15a59ade84
2025-02-02 16:56:26,893 - INFO - Trial 0 finished with value: 0.7853566958698374 and parameters: {'n_estimators': 245, 'max_depth': 13, 'min_samples_split': 4, 'min_samples_leaf': 1, 'class_weight': None}. Best is trial 0 with value: 0.7853566958698374.
2025-02-02 16:56:26,968 - INFO - Trial 1 finished with value: 0.7853566958698374 and parameters: {'n_estimators': 80, 'max_depth': 4, 'min_samples_split': 5, 'min_samples_leaf': 2, 'class_weight': None}. Best is trial 0 with value: 0.7853566958698374.
2025-02-02 16:56:27,069 - INFO - Trial 2 finished with value: 0.7122448979591838 and parameters: {'n_estimators': 108, 'max_depth': 6, 'min_samples_split': 2, 'min_samples_leaf': 2, 'class_weight': None}. Best is trial 0 with value: 0.7853566958698374.
2025-02-02 16:56:27,199 - INFO - Trial 3 finished with value: 0.75 and parameters: {'n_estimators': 135, 'max_depth': 4, 'min_samples_split': 10, 'min_samples_leaf': 3, 'class_weight': None}. Best is trial 0 with value: 0.7853566958698374.
2025-02-02 16:56:27,280 - INFO - Trial 4 finished with value: 0.7853566958698374 and parameters: {'n_estimators': 78, 'max_depth': 19, 'min_samples_split': 4, 'min_samples_leaf': 2, 'class_weight': 'balanced'}. Best is trial 0 with value: 0.7853566958698374.
2025-02-02 16:56:27,542 - INFO - Trial 5 finished with value: 0.7853566958698374 and parameters: {'n_estimators': 263, 'max_depth': 13, 'min_samples_split': 10, 'min_samples_leaf': 1, 'class_weight': None}. Best is trial 0 with value: 0.7853566958698374.
2025-02-02 16:56:27,659 - INFO - Trial 6 finished with value: 0.8508771929824562 and parameters: {'n_estimators': 117, 'max_depth': 16, 'min_samples_split': 5, 'min_samples_leaf': 1, 'class_weight': 'balanced'}. Best is trial 6 with value: 0.8508771929824562.
2025-02-02 16:56:27,754 - INFO - Trial 7 finished with value: 0.7853566958698374 and parameters: {'n_estimators': 89, 'max_depth': 5, 'min_samples_split': 7, 'min_samples_leaf': 4, 'class_weight': None}. Best is trial 6 with value: 0.8508771929824562.
2025-02-02 16:56:28,007 - INFO - Trial 8 finished with value: 0.7853566958698374 and parameters: {'n_estimators': 243, 'max_depth': 10, 'min_samples_split': 4, 'min_samples_leaf': 3, 'class_weight': None}. Best is trial 6 with value: 0.8508771929824562.
2025-02-02 16:56:28,220 - INFO - Trial 9 finished with value: 0.75 and parameters: {'n_estimators': 228, 'max_depth': 15, 'min_samples_split': 3, 'min_samples_leaf': 4, 'class_weight': None}. Best is trial 6 with value: 0.8508771929824562.
2025-02-02 16:56:28,393 - INFO - Trial 10 finished with value: 0.8508771929824562 and parameters: {'n_estimators': 165, 'max_depth': 20, 'min_samples_split': 7, 'min_samples_leaf': 1, 'class_weight': 'balanced'}. Best is trial 6 with value: 0.8508771929824562.
2025-02-02 16:56:28,566 - INFO - Trial 11 finished with value: 0.8508771929824562 and parameters: {'n_estimators': 170, 'max_depth': 20, 'min_samples_split': 7, 'min_samples_leaf': 1, 'class_weight': 'balanced'}. Best is trial 6 with value: 0.8508771929824562.
2025-02-02 16:56:28,763 - INFO - Trial 12 finished with value: 0.8227272727272728 and parameters: {'n_estimators': 176, 'max_depth': 17, 'min_samples_split': 8, 'min_samples_leaf': 1, 'class_weight': 'balanced'}. Best is trial 6 with value: 0.8508771929824562.
2025-02-02 16:56:28,942 - INFO - Trial 13 finished with value: 0.8508771929824562 and parameters: {'n_estimators': 166, 'max_depth': 17, 'min_samples_split': 6, 'min_samples_leaf': 1, 'class_weight': 'balanced'}. Best is trial 6 with value: 0.8508771929824562.
2025-02-02 16:56:29,222 - INFO - Trial 14 finished with value: 0.8508771929824562 and parameters: {'n_estimators': 300, 'max_depth': 17, 'min_samples_split': 8, 'min_samples_leaf': 2, 'class_weight': 'balanced'}. Best is trial 6 with value: 0.8508771929824562.
2025-02-02 16:56:29,284 - INFO - Trial 15 finished with value: 0.8792270531400965 and parameters: {'n_estimators': 50, 'max_depth': 10, 'min_samples_split': 6, 'min_samples_leaf': 1, 'class_weight': 'balanced'}. Best is trial 15 with value: 0.8792270531400965.
2025-02-02 16:56:29,348 - INFO - Trial 16 finished with value: 0.7945736434108528 and parameters: {'n_estimators': 53, 'max_depth': 9, 'min_samples_split': 5, 'min_samples_leaf': 3, 'class_weight': 'balanced'}. Best is trial 15 with value: 0.8792270531400965.
2025-02-02 16:56:29,481 - INFO - Trial 17 finished with value: 0.8188405797101449 and parameters: {'n_estimators': 126, 'max_depth': 8, 'min_samples_split': 6, 'min_samples_leaf': 2, 'class_weight': 'balanced'}. Best is trial 15 with value: 0.8792270531400965.
2025-02-02 16:56:29,546 - INFO - Trial 18 finished with value: 0.8508771929824562 and parameters: {'n_estimators': 53, 'max_depth': 11, 'min_samples_split': 5, 'min_samples_leaf': 1, 'class_weight': 'balanced'}. Best is trial 15 with value: 0.8792270531400965.
2025-02-02 16:56:29,688 - INFO - Trial 19 finished with value: 0.8188405797101449 and parameters: {'n_estimators': 139, 'max_depth': 13, 'min_samples_split': 2, 'min_samples_leaf': 2, 'class_weight': 'balanced'}. Best is trial 15 with value: 0.8792270531400965.
2025-02-02 16:56:29,807 - INFO - Trial 20 finished with value: 0.8227272727272728 and parameters: {'n_estimators': 106, 'max_depth': 7, 'min_samples_split': 9, 'min_samples_leaf': 1, 'class_weight': 'balanced'}. Best is trial 15 with value: 0.8792270531400965.
2025-02-02 16:56:30,006 - INFO - Trial 21 finished with value: 0.8508771929824562 and parameters: {'n_estimators': 198, 'max_depth': 15, 'min_samples_split': 7, 'min_samples_leaf': 1, 'class_weight': 'balanced'}. Best is trial 15 with value: 0.8792270531400965.
2025-02-02 16:56:30,210 - INFO - Trial 22 finished with value: 0.8508771929824562 and parameters: {'n_estimators': 199, 'max_depth': 19, 'min_samples_split': 6, 'min_samples_leaf': 1, 'class_weight': 'balanced'}. Best is trial 15 with value: 0.8792270531400965.
2025-02-02 16:56:30,360 - INFO - Trial 23 finished with value: 0.8227272727272728 and parameters: {'n_estimators': 146, 'max_depth': 15, 'min_samples_split': 8, 'min_samples_leaf': 1, 'class_weight': 'balanced'}. Best is trial 15 with value: 0.8792270531400965.
2025-02-02 16:56:30,484 - INFO - Trial 24 finished with value: 0.8508771929824562 and parameters: {'n_estimators': 112, 'max_depth': 20, 'min_samples_split': 6, 'min_samples_leaf': 2, 'class_weight': 'balanced'}. Best is trial 15 with value: 0.8792270531400965.
2025-02-02 16:56:30,640 - INFO - Trial 25 finished with value: 0.8508771929824562 and parameters: {'n_estimators': 155, 'max_depth': 18, 'min_samples_split': 5, 'min_samples_leaf': 1, 'class_weight': 'balanced'}. Best is trial 15 with value: 0.8792270531400965.
2025-02-02 16:56:30,838 - INFO - Trial 26 finished with value: 0.8508771929824562 and parameters: {'n_estimators': 203, 'max_depth': 11, 'min_samples_split': 7, 'min_samples_leaf': 2, 'class_weight': 'balanced'}. Best is trial 15 with value: 0.8792270531400965.
2025-02-02 16:56:30,921 - INFO - Trial 27 finished with value: 0.8227272727272728 and parameters: {'n_estimators': 73, 'max_depth': 14, 'min_samples_split': 9, 'min_samples_leaf': 1, 'class_weight': 'balanced'}. Best is trial 15 with value: 0.8792270531400965.
2025-02-02 16:56:31,047 - INFO - Trial 28 finished with value: 0.7912280701754386 and parameters: {'n_estimators': 119, 'max_depth': 12, 'min_samples_split': 3, 'min_samples_leaf': 3, 'class_weight': 'balanced'}. Best is trial 15 with value: 0.8792270531400965.
2025-02-02 16:56:31,153 - INFO - Trial 29 finished with value: 0.8792270531400965 and parameters: {'n_estimators': 98, 'max_depth': 18, 'min_samples_split': 4, 'min_samples_leaf': 1, 'class_weight': 'balanced'}. Best is trial 15 with value: 0.8792270531400965.
2025-02-02 16:56:31,257 - INFO - Trial 30 finished with value: 0.8792270531400965 and parameters: {'n_estimators': 97, 'max_depth': 16, 'min_samples_split': 3, 'min_samples_leaf': 1, 'class_weight': 'balanced'}. Best is trial 15 with value: 0.8792270531400965.
2025-02-02 16:56:31,333 - INFO - Trial 31 finished with value: 0.8188405797101449 and parameters: {'n_estimators': 65, 'max_depth': 17, 'min_samples_split': 3, 'min_samples_leaf': 1, 'class_weight': 'balanced'}. Best is trial 15 with value: 0.8792270531400965.
2025-02-02 16:56:31,438 - INFO - Trial 32 finished with value: 0.8508771929824562 and parameters: {'n_estimators': 96, 'max_depth': 16, 'min_samples_split': 4, 'min_samples_leaf': 1, 'class_weight': 'balanced'}. Best is trial 15 with value: 0.8792270531400965.
2025-02-02 16:56:31,538 - INFO - Trial 33 finished with value: 0.8508771929824562 and parameters: {'n_estimators': 93, 'max_depth': 14, 'min_samples_split': 3, 'min_samples_leaf': 2, 'class_weight': 'balanced'}. Best is trial 15 with value: 0.8792270531400965.
2025-02-02 16:56:31,614 - INFO - Trial 34 finished with value: 0.846683354192741 and parameters: {'n_estimators': 65, 'max_depth': 18, 'min_samples_split': 2, 'min_samples_leaf': 1, 'class_weight': 'balanced'}. Best is trial 15 with value: 0.8792270531400965.
2025-02-02 16:56:31,714 - INFO - Trial 35 finished with value: 0.8508771929824562 and parameters: {'n_estimators': 86, 'max_depth': 9, 'min_samples_split': 5, 'min_samples_leaf': 2, 'class_weight': 'balanced'}. Best is trial 15 with value: 0.8792270531400965.
2025-02-02 16:56:31,854 - INFO - Trial 36 finished with value: 0.7853566958698374 and parameters: {'n_estimators': 126, 'max_depth': 3, 'min_samples_split': 4, 'min_samples_leaf': 1, 'class_weight': None}. Best is trial 15 with value: 0.8792270531400965.
2025-02-02 16:56:31,973 - INFO - Trial 37 finished with value: 0.8188405797101449 and parameters: {'n_estimators': 100, 'max_depth': 16, 'min_samples_split': 5, 'min_samples_leaf': 1, 'class_weight': 'balanced'}. Best is trial 15 with value: 0.8792270531400965.
2025-02-02 16:56:32,066 - INFO - Trial 38 finished with value: 0.7853566958698374 and parameters: {'n_estimators': 74, 'max_depth': 14, 'min_samples_split': 4, 'min_samples_leaf': 2, 'class_weight': None}. Best is trial 15 with value: 0.8792270531400965.
2025-02-02 16:56:32,185 - INFO - Trial 39 finished with value: 0.7945736434108528 and parameters: {'n_estimators': 110, 'max_depth': 12, 'min_samples_split': 4, 'min_samples_leaf': 4, 'class_weight': 'balanced'}. Best is trial 15 with value: 0.8792270531400965.
2025-02-02 16:56:32,284 - INFO - Trial 40 finished with value: 0.75 and parameters: {'n_estimators': 87, 'max_depth': 19, 'min_samples_split': 2, 'min_samples_leaf': 1, 'class_weight': None}. Best is trial 15 with value: 0.8792270531400965.
2025-02-02 16:56:32,469 - INFO - Trial 41 finished with value: 0.8508771929824562 and parameters: {'n_estimators': 185, 'max_depth': 20, 'min_samples_split': 3, 'min_samples_leaf': 1, 'class_weight': 'balanced'}. Best is trial 15 with value: 0.8792270531400965.
2025-02-02 16:56:32,625 - INFO - Trial 42 finished with value: 0.8508771929824562 and parameters: {'n_estimators': 152, 'max_depth': 18, 'min_samples_split': 7, 'min_samples_leaf': 1, 'class_weight': 'balanced'}. Best is trial 15 with value: 0.8792270531400965.
2025-02-02 16:56:32,763 - INFO - Trial 43 finished with value: 0.8188405797101449 and parameters: {'n_estimators': 132, 'max_depth': 19, 'min_samples_split': 5, 'min_samples_leaf': 1, 'class_weight': 'balanced'}. Best is trial 15 with value: 0.8792270531400965.
2025-02-02 16:56:32,840 - INFO - Trial 44 finished with value: 0.8508771929824562 and parameters: {'n_estimators': 63, 'max_depth': 16, 'min_samples_split': 6, 'min_samples_leaf': 1, 'class_weight': 'balanced'}. Best is trial 15 with value: 0.8792270531400965.
2025-02-02 16:56:32,986 - INFO - Trial 45 finished with value: 0.8508771929824562 and parameters: {'n_estimators': 116, 'max_depth': 18, 'min_samples_split': 5, 'min_samples_leaf': 1, 'class_weight': 'balanced'}. Best is trial 15 with value: 0.8792270531400965.
2025-02-02 16:56:33,082 - INFO - Trial 46 finished with value: 0.7853566958698374 and parameters: {'n_estimators': 76, 'max_depth': 20, 'min_samples_split': 4, 'min_samples_leaf': 2, 'class_weight': None}. Best is trial 15 with value: 0.8792270531400965.
2025-02-02 16:56:33,318 - INFO - Trial 47 finished with value: 0.8188405797101449 and parameters: {'n_estimators': 225, 'max_depth': 10, 'min_samples_split': 6, 'min_samples_leaf': 3, 'class_weight': 'balanced'}. Best is trial 15 with value: 0.8792270531400965.
2025-02-02 16:56:33,388 - INFO - Trial 48 finished with value: 0.8227272727272728 and parameters: {'n_estimators': 50, 'max_depth': 6, 'min_samples_split': 7, 'min_samples_leaf': 1, 'class_weight': 'balanced'}. Best is trial 15 with value: 0.8792270531400965.
2025-02-02 16:56:33,565 - INFO - Trial 49 finished with value: 0.8508771929824562 and parameters: {'n_estimators': 161, 'max_depth': 19, 'min_samples_split': 8, 'min_samples_leaf': 1, 'class_weight': 'balanced'}. Best is trial 15 with value: 0.8792270531400965.
2025-02-02 16:56:33,720 - INFO - Trial 50 finished with value: 0.8508771929824562 and parameters: {'n_estimators': 137, 'max_depth': 17, 'min_samples_split': 3, 'min_samples_leaf': 1, 'class_weight': 'balanced'}. Best is trial 15 with value: 0.8792270531400965.
2025-02-02 16:56:33,900 - INFO - Trial 51 finished with value: 0.8508771929824562 and parameters: {'n_estimators': 176, 'max_depth': 20, 'min_samples_split': 7, 'min_samples_leaf': 1, 'class_weight': 'balanced'}. Best is trial 15 with value: 0.8792270531400965.
2025-02-02 16:56:34,120 - INFO - Trial 52 finished with value: 0.8508771929824562 and parameters: {'n_estimators': 184, 'max_depth': 19, 'min_samples_split': 6, 'min_samples_leaf': 1, 'class_weight': 'balanced'}. Best is trial 15 with value: 0.8792270531400965.
2025-02-02 16:56:34,294 - INFO - Trial 53 finished with value: 0.8508771929824562 and parameters: {'n_estimators': 164, 'max_depth': 18, 'min_samples_split': 7, 'min_samples_leaf': 1, 'class_weight': 'balanced'}. Best is trial 15 with value: 0.8792270531400965.
2025-02-02 16:56:34,505 - INFO - Trial 54 finished with value: 0.7945736434108528 and parameters: {'n_estimators': 210, 'max_depth': 16, 'min_samples_split': 8, 'min_samples_leaf': 1, 'class_weight': 'balanced'}. Best is trial 15 with value: 0.8792270531400965.
2025-02-02 16:56:34,655 - INFO - Trial 55 finished with value: 0.8508771929824562 and parameters: {'n_estimators': 145, 'max_depth': 20, 'min_samples_split': 6, 'min_samples_leaf': 2, 'class_weight': 'balanced'}. Best is trial 15 with value: 0.8792270531400965.
2025-02-02 16:56:34,767 - INFO - Trial 56 finished with value: 0.8508771929824562 and parameters: {'n_estimators': 103, 'max_depth': 9, 'min_samples_split': 7, 'min_samples_leaf': 1, 'class_weight': 'balanced'}. Best is trial 15 with value: 0.8792270531400965.
