2025-02-02 16:14:59,801 - INFO - Trial 0 finished with value: 0.8508771929824562 and parameters: {'n_estimators': 227, 'max_depth': 8, 'min_samples_split': 7, 'min_samples_leaf': 1, 'class_weight': 'balanced'}. Best is trial 0 with value: 0.8508771929824562.
2025-02-02 16:14:59,984 - INFO - Trial 1 finished with value: 0.7945736434108528 and parameters: {'n_estimators': 194, 'max_depth': 12, 'min_samples_split': 3, 'min_samples_leaf': 3, 'class_weight': 'balanced'}. Best is trial 0 with value: 0.8508771929824562.
2025-02-02 16:15:00,191 - INFO - Trial 2 finished with value: 0.8188405797101449 and parameters: {'n_estimators': 213, 'max_depth': 6, 'min_samples_split': 3, 'min_samples_leaf': 1, 'class_weight': None}. Best is trial 0 with value: 0.8508771929824562.
2025-02-02 16:15:00,275 - INFO - Trial 3 finished with value: 0.75 and parameters: {'n_estimators': 90, 'max_depth': 11, 'min_samples_split': 4, 'min_samples_leaf': 2, 'class_weight': None}. Best is trial 0 with value: 0.8508771929824562.
2025-02-02 16:15:00,337 - INFO - Trial 4 finished with value: 0.75 and parameters: {'n_estimators': 68, 'max_depth': 6, 'min_samples_split': 4, 'min_samples_leaf': 4, 'class_weight': None}. Best is trial 0 with value: 0.8508771929824562.
2025-02-02 16:15:00,537 - INFO - Trial 5 finished with value: 0.7853566958698374 and parameters: {'n_estimators': 212, 'max_depth': 19, 'min_samples_split': 3, 'min_samples_leaf': 3, 'class_weight': None}. Best is trial 0 with value: 0.8508771929824562.
2025-02-02 16:15:00,646 - INFO - Trial 6 finished with value: 0.7853566958698374 and parameters: {'n_estimators': 104, 'max_depth': 20, 'min_samples_split': 8, 'min_samples_leaf': 1, 'class_weight': None}. Best is trial 0 with value: 0.8508771929824562.
2025-02-02 16:15:00,700 - INFO - Trial 7 finished with value: 0.75 and parameters: {'n_estimators': 57, 'max_depth': 11, 'min_samples_split': 3, 'min_samples_leaf': 3, 'class_weight': None}. Best is trial 0 with value: 0.8508771929824562.
2025-02-02 16:15:00,899 - INFO - Trial 8 finished with value: 0.8508771929824562 and parameters: {'n_estimators': 211, 'max_depth': 14, 'min_samples_split': 8, 'min_samples_leaf': 1, 'class_weight': 'balanced'}. Best is trial 0 with value: 0.8508771929824562.
2025-02-02 16:15:01,154 - INFO - Trial 9 finished with value: 0.75 and parameters: {'n_estimators': 250, 'max_depth': 9, 'min_samples_split': 9, 'min_samples_leaf': 1, 'class_weight': None}. Best is trial 0 with value: 0.8508771929824562.
2025-02-02 16:15:01,441 - INFO - Trial 10 finished with value: 0.7945736434108528 and parameters: {'n_estimators': 298, 'max_depth': 4, 'min_samples_split': 7, 'min_samples_leaf': 2, 'class_weight': 'balanced'}. Best is trial 0 with value: 0.8508771929824562.
2025-02-02 16:15:01,599 - INFO - Trial 11 finished with value: 0.7662337662337663 and parameters: {'n_estimators': 155, 'max_depth': 15, 'min_samples_split': 10, 'min_samples_leaf': 1, 'class_weight': 'balanced'}. Best is trial 0 with value: 0.8508771929824562.
2025-02-02 16:15:01,851 - INFO - Trial 12 finished with value: 0.8508771929824562 and parameters: {'n_estimators': 261, 'max_depth': 15, 'min_samples_split': 6, 'min_samples_leaf': 2, 'class_weight': 'balanced'}. Best is trial 0 with value: 0.8508771929824562.
2025-02-02 16:15:02,022 - INFO - Trial 13 finished with value: 0.8508771929824562 and parameters: {'n_estimators': 168, 'max_depth': 15, 'min_samples_split': 6, 'min_samples_leaf': 1, 'class_weight': 'balanced'}. Best is trial 0 with value: 0.8508771929824562.
2025-02-02 16:15:02,163 - INFO - Trial 14 finished with value: 0.8508771929824562 and parameters: {'n_estimators': 140, 'max_depth': 8, 'min_samples_split': 8, 'min_samples_leaf': 2, 'class_weight': 'balanced'}. Best is trial 0 with value: 0.8508771929824562.
2025-02-02 16:15:02,397 - INFO - Trial 15 finished with value: 0.7945736434108528 and parameters: {'n_estimators': 248, 'max_depth': 13, 'min_samples_split': 7, 'min_samples_leaf': 4, 'class_weight': 'balanced'}. Best is trial 0 with value: 0.8508771929824562.
2025-02-02 16:15:02,690 - INFO - Trial 16 finished with value: 0.8227272727272728 and parameters: {'n_estimators': 292, 'max_depth': 17, 'min_samples_split': 10, 'min_samples_leaf': 1, 'class_weight': 'balanced'}. Best is trial 0 with value: 0.8508771929824562.
2025-02-02 16:15:02,912 - INFO - Trial 17 finished with value: 0.8188405797101449 and parameters: {'n_estimators': 226, 'max_depth': 10, 'min_samples_split': 5, 'min_samples_leaf': 2, 'class_weight': 'balanced'}. Best is trial 0 with value: 0.8508771929824562.
2025-02-02 16:15:03,095 - INFO - Trial 18 finished with value: 0.7662337662337663 and parameters: {'n_estimators': 188, 'max_depth': 3, 'min_samples_split': 8, 'min_samples_leaf': 1, 'class_weight': 'balanced'}. Best is trial 0 with value: 0.8508771929824562.
2025-02-02 16:15:03,225 - INFO - Trial 19 finished with value: 0.8508771929824562 and parameters: {'n_estimators': 126, 'max_depth': 7, 'min_samples_split': 7, 'min_samples_leaf': 2, 'class_weight': 'balanced'}. Best is trial 0 with value: 0.8508771929824562.
2025-02-02 16:15:03,478 - INFO - Trial 20 finished with value: 0.7662337662337663 and parameters: {'n_estimators': 268, 'max_depth': 14, 'min_samples_split': 9, 'min_samples_leaf': 1, 'class_weight': 'balanced'}. Best is trial 0 with value: 0.8508771929824562.
2025-02-02 16:15:03,722 - INFO - Trial 21 finished with value: 0.8188405797101449 and parameters: {'n_estimators': 252, 'max_depth': 17, 'min_samples_split': 6, 'min_samples_leaf': 2, 'class_weight': 'balanced'}. Best is trial 0 with value: 0.8508771929824562.
2025-02-02 16:15:03,954 - INFO - Trial 22 finished with value: 0.8508771929824562 and parameters: {'n_estimators': 231, 'max_depth': 17, 'min_samples_split': 5, 'min_samples_leaf': 2, 'class_weight': 'balanced'}. Best is trial 0 with value: 0.8508771929824562.
2025-02-02 16:15:04,246 - INFO - Trial 23 finished with value: 0.8188405797101449 and parameters: {'n_estimators': 271, 'max_depth': 13, 'min_samples_split': 5, 'min_samples_leaf': 1, 'class_weight': 'balanced'}. Best is trial 0 with value: 0.8508771929824562.
2025-02-02 16:15:04,443 - INFO - Trial 24 finished with value: 0.8508771929824562 and parameters: {'n_estimators': 194, 'max_depth': 15, 'min_samples_split': 7, 'min_samples_leaf': 3, 'class_weight': 'balanced'}. Best is trial 0 with value: 0.8508771929824562.
2025-02-02 16:15:04,707 - INFO - Trial 25 finished with value: 0.8508771929824562 and parameters: {'n_estimators': 274, 'max_depth': 9, 'min_samples_split': 6, 'min_samples_leaf': 2, 'class_weight': 'balanced'}. Best is trial 0 with value: 0.8508771929824562.
2025-02-02 16:15:04,918 - INFO - Trial 26 finished with value: 0.8508771929824562 and parameters: {'n_estimators': 219, 'max_depth': 18, 'min_samples_split': 9, 'min_samples_leaf': 1, 'class_weight': 'balanced'}. Best is trial 0 with value: 0.8508771929824562.
2025-02-02 16:15:05,154 - INFO - Trial 27 finished with value: 0.8508771929824562 and parameters: {'n_estimators': 238, 'max_depth': 13, 'min_samples_split': 8, 'min_samples_leaf': 1, 'class_weight': 'balanced'}. Best is trial 0 with value: 0.8508771929824562.
2025-02-02 16:15:05,328 - INFO - Trial 28 finished with value: 0.8508771929824562 and parameters: {'n_estimators': 177, 'max_depth': 15, 'min_samples_split': 6, 'min_samples_leaf': 2, 'class_weight': 'balanced'}. Best is trial 0 with value: 0.8508771929824562.
2025-02-02 16:15:05,577 - INFO - Trial 29 finished with value: 0.8508771929824562 and parameters: {'n_estimators': 263, 'max_depth': 12, 'min_samples_split': 2, 'min_samples_leaf': 3, 'class_weight': 'balanced'}. Best is trial 0 with value: 0.8508771929824562.
2025-02-02 16:15:05,774 - INFO - Trial 30 finished with value: 0.8227272727272728 and parameters: {'n_estimators': 202, 'max_depth': 10, 'min_samples_split': 7, 'min_samples_leaf': 4, 'class_weight': 'balanced'}. Best is trial 0 with value: 0.8508771929824562.
2025-02-02 16:15:05,938 - INFO - Trial 31 finished with value: 0.8508771929824562 and parameters: {'n_estimators': 163, 'max_depth': 16, 'min_samples_split': 6, 'min_samples_leaf': 1, 'class_weight': 'balanced'}. Best is trial 0 with value: 0.8508771929824562.
2025-02-02 16:15:06,120 - INFO - Trial 32 finished with value: 0.8188405797101449 and parameters: {'n_estimators': 180, 'max_depth': 14, 'min_samples_split': 5, 'min_samples_leaf': 1, 'class_weight': 'balanced'}. Best is trial 0 with value: 0.8508771929824562.
2025-02-02 16:15:06,322 - INFO - Trial 33 finished with value: 0.8188405797101449 and parameters: {'n_estimators': 205, 'max_depth': 12, 'min_samples_split': 7, 'min_samples_leaf': 1, 'class_weight': 'balanced'}. Best is trial 0 with value: 0.8508771929824562.
2025-02-02 16:15:06,485 - INFO - Trial 34 finished with value: 0.7853566958698374 and parameters: {'n_estimators': 163, 'max_depth': 16, 'min_samples_split': 4, 'min_samples_leaf': 1, 'class_weight': 'balanced'}. Best is trial 0 with value: 0.8508771929824562.
2025-02-02 16:15:06,717 - INFO - Trial 35 finished with value: 0.8188405797101449 and parameters: {'n_estimators': 239, 'max_depth': 5, 'min_samples_split': 6, 'min_samples_leaf': 2, 'class_weight': None}. Best is trial 0 with value: 0.8508771929824562.
2025-02-02 16:15:06,988 - INFO - Trial 36 finished with value: 0.8508771929824562 and parameters: {'n_estimators': 285, 'max_depth': 14, 'min_samples_split': 8, 'min_samples_leaf': 1, 'class_weight': 'balanced'}. Best is trial 0 with value: 0.8508771929824562.
2025-02-02 16:15:07,204 - INFO - Trial 37 finished with value: 0.8188405797101449 and parameters: {'n_estimators': 221, 'max_depth': 19, 'min_samples_split': 4, 'min_samples_leaf': 2, 'class_weight': None}. Best is trial 0 with value: 0.8508771929824562.
2025-02-02 16:15:07,351 - INFO - Trial 38 finished with value: 0.8508771929824562 and parameters: {'n_estimators': 140, 'max_depth': 11, 'min_samples_split': 5, 'min_samples_leaf': 1, 'class_weight': 'balanced'}. Best is trial 0 with value: 0.8508771929824562.
2025-02-02 16:15:07,552 - INFO - Trial 39 finished with value: 0.7853566958698374 and parameters: {'n_estimators': 208, 'max_depth': 16, 'min_samples_split': 9, 'min_samples_leaf': 1, 'class_weight': None}. Best is trial 0 with value: 0.8508771929824562.
2025-02-02 16:15:07,744 - INFO - Trial 40 finished with value: 0.8508771929824562 and parameters: {'n_estimators': 192, 'max_depth': 7, 'min_samples_split': 7, 'min_samples_leaf': 3, 'class_weight': 'balanced'}. Best is trial 0 with value: 0.8508771929824562.
2025-02-02 16:15:07,848 - INFO - Trial 41 finished with value: 0.7912280701754386 and parameters: {'n_estimators': 96, 'max_depth': 8, 'min_samples_split': 8, 'min_samples_leaf': 2, 'class_weight': 'balanced'}. Best is trial 0 with value: 0.8508771929824562.
2025-02-02 16:15:07,989 - INFO - Trial 42 finished with value: 0.8508771929824562 and parameters: {'n_estimators': 136, 'max_depth': 6, 'min_samples_split': 8, 'min_samples_leaf': 2, 'class_weight': 'balanced'}. Best is trial 0 with value: 0.8508771929824562.
2025-02-02 16:15:08,113 - INFO - Trial 43 finished with value: 0.8508771929824562 and parameters: {'n_estimators': 116, 'max_depth': 8, 'min_samples_split': 6, 'min_samples_leaf': 3, 'class_weight': 'balanced'}. Best is trial 0 with value: 0.8508771929824562.
2025-02-02 16:15:08,260 - INFO - Trial 44 finished with value: 0.7662337662337663 and parameters: {'n_estimators': 137, 'max_depth': 10, 'min_samples_split': 9, 'min_samples_leaf': 2, 'class_weight': 'balanced'}. Best is trial 0 with value: 0.8508771929824562.
2025-02-02 16:15:08,417 - INFO - Trial 45 finished with value: 0.8188405797101449 and parameters: {'n_estimators': 152, 'max_depth': 11, 'min_samples_split': 7, 'min_samples_leaf': 1, 'class_weight': None}. Best is trial 0 with value: 0.8508771929824562.
2025-02-02 16:15:08,586 - INFO - Trial 46 finished with value: 0.8188405797101449 and parameters: {'n_estimators': 168, 'max_depth': 9, 'min_samples_split': 8, 'min_samples_leaf': 2, 'class_weight': 'balanced'}. Best is trial 0 with value: 0.8508771929824562.
2025-02-02 16:15:08,677 - INFO - Trial 47 finished with value: 0.8508771929824562 and parameters: {'n_estimators': 77, 'max_depth': 5, 'min_samples_split': 10, 'min_samples_leaf': 1, 'class_weight': 'balanced'}. Best is trial 0 with value: 0.8508771929824562.
2025-02-02 16:15:08,930 - INFO - Trial 48 finished with value: 0.8188405797101449 and parameters: {'n_estimators': 256, 'max_depth': 13, 'min_samples_split': 6, 'min_samples_leaf': 2, 'class_weight': 'balanced'}. Best is trial 0 with value: 0.8508771929824562.
2025-02-02 16:15:09,084 - INFO - Trial 49 finished with value: 0.8188405797101449 and parameters: {'n_estimators': 150, 'max_depth': 14, 'min_samples_split': 8, 'min_samples_leaf': 1, 'class_weight': None}. Best is trial 0 with value: 0.8508771929824562.
2025-02-02 16:15:09,211 - INFO - Trial 50 finished with value: 0.7662337662337663 and parameters: {'n_estimators': 119, 'max_depth': 15, 'min_samples_split': 7, 'min_samples_leaf': 4, 'class_weight': 'balanced'}. Best is trial 0 with value: 0.8508771929824562.
2025-02-02 16:15:09,329 - INFO - Trial 51 finished with value: 0.8508771929824562 and parameters: {'n_estimators': 110, 'max_depth': 7, 'min_samples_split': 7, 'min_samples_leaf': 2, 'class_weight': 'balanced'}. Best is trial 0 with value: 0.8508771929824562.
2025-02-02 16:15:09,495 - INFO - Trial 52 finished with value: 0.8508771929824562 and parameters: {'n_estimators': 128, 'max_depth': 7, 'min_samples_split': 7, 'min_samples_leaf': 2, 'class_weight': 'balanced'}. Best is trial 0 with value: 0.8508771929824562.
2025-02-02 16:15:09,736 - INFO - Trial 53 finished with value: 0.8508771929824562 and parameters: {'n_estimators': 241, 'max_depth': 8, 'min_samples_split': 6, 'min_samples_leaf': 2, 'class_weight': 'balanced'}. Best is trial 0 with value: 0.8508771929824562.
2025-02-02 16:15:09,929 - INFO - Trial 54 finished with value: 0.7662337662337663 and parameters: {'n_estimators': 186, 'max_depth': 6, 'min_samples_split': 8, 'min_samples_leaf': 3, 'class_weight': 'balanced'}. Best is trial 0 with value: 0.8508771929824562.
2025-02-02 16:15:10,083 - INFO - Trial 55 finished with value: 0.8227272727272728 and parameters: {'n_estimators': 147, 'max_depth': 5, 'min_samples_split': 9, 'min_samples_leaf': 2, 'class_weight': 'balanced'}. Best is trial 0 with value: 0.8508771929824562.
2025-02-02 16:15:10,349 - INFO - Trial 56 finished with value: 0.7662337662337663 and parameters: {'n_estimators': 280, 'max_depth': 3, 'min_samples_split': 7, 'min_samples_leaf': 1, 'class_weight': 'balanced'}. Best is trial 0 with value: 0.8508771929824562.
2025-02-02 16:15:10,482 - INFO - Trial 57 finished with value: 0.8508771929824562 and parameters: {'n_estimators': 126, 'max_depth': 17, 'min_samples_split': 6, 'min_samples_leaf': 2, 'class_weight': 'balanced'}. Best is trial 0 with value: 0.8508771929824562.
2025-02-02 16:15:10,712 - INFO - Trial 58 finished with value: 0.8188405797101449 and parameters: {'n_estimators': 229, 'max_depth': 10, 'min_samples_split': 5, 'min_samples_leaf': 1, 'class_weight': 'balanced'}. Best is trial 0 with value: 0.8508771929824562.
2025-02-02 16:15:10,885 - INFO - Trial 59 finished with value: 0.7945736434108528 and parameters: {'n_estimators': 170, 'max_depth': 9, 'min_samples_split': 9, 'min_samples_leaf': 1, 'class_weight': 'balanced'}. Best is trial 0 with value: 0.8508771929824562.
2025-02-02 16:15:11,097 - INFO - Trial 60 finished with value: 0.8188405797101449 and parameters: {'n_estimators': 215, 'max_depth': 12, 'min_samples_split': 7, 'min_samples_leaf': 2, 'class_weight': 'balanced'}. Best is trial 0 with value: 0.8508771929824562.
2025-02-02 16:15:11,326 - INFO - Trial 61 finished with value: 0.8508771929824562 and parameters: {'n_estimators': 232, 'max_depth': 20, 'min_samples_split': 5, 'min_samples_leaf': 2, 'class_weight': 'balanced'}. Best is trial 0 with value: 0.8508771929824562.
2025-02-02 16:15:11,578 - INFO - Trial 62 finished with value: 0.8508771929824562 and parameters: {'n_estimators': 258, 'max_depth': 18, 'min_samples_split': 5, 'min_samples_leaf': 2, 'class_weight': 'balanced'}. Best is trial 0 with value: 0.8508771929824562.
2025-02-02 16:15:11,775 - INFO - Trial 63 finished with value: 0.8508771929824562 and parameters: {'n_estimators': 199, 'max_depth': 17, 'min_samples_split': 6, 'min_samples_leaf': 2, 'class_weight': 'balanced'}. Best is trial 0 with value: 0.8508771929824562.
2025-02-02 16:15:12,013 - INFO - Trial 64 finished with value: 0.8188405797101449 and parameters: {'n_estimators': 245, 'max_depth': 16, 'min_samples_split': 3, 'min_samples_leaf': 1, 'class_weight': 'balanced'}. Best is trial 0 with value: 0.8508771929824562.
2025-02-02 16:15:12,310 - INFO - Trial 65 finished with value: 0.8227272727272728 and parameters: {'n_estimators': 300, 'max_depth': 18, 'min_samples_split': 8, 'min_samples_leaf': 3, 'class_weight': 'balanced'}. Best is trial 0 with value: 0.8508771929824562.
2025-02-02 16:15:12,542 - INFO - Trial 66 finished with value: 0.8508771929824562 and parameters: {'n_estimators': 222, 'max_depth': 15, 'min_samples_split': 4, 'min_samples_leaf': 2, 'class_weight': 'balanced'}. Best is trial 0 with value: 0.8508771929824562.
2025-02-02 16:15:12,753 - INFO - Trial 67 finished with value: 0.8508771929824562 and parameters: {'n_estimators': 213, 'max_depth': 14, 'min_samples_split': 6, 'min_samples_leaf': 1, 'class_weight': 'balanced'}. Best is trial 0 with value: 0.8508771929824562.
2025-02-02 16:15:12,915 - INFO - Trial 68 finished with value: 0.75 and parameters: {'n_estimators': 158, 'max_depth': 13, 'min_samples_split': 5, 'min_samples_leaf': 2, 'class_weight': None}. Best is trial 0 with value: 0.8508771929824562.
2025-02-02 16:15:13,098 - INFO - Trial 69 finished with value: 0.8508771929824562 and parameters: {'n_estimators': 183, 'max_depth': 6, 'min_samples_split': 7, 'min_samples_leaf': 1, 'class_weight': 'balanced'}. Best is trial 0 with value: 0.8508771929824562.
2025-02-02 16:15:13,356 - INFO - Trial 70 finished with value: 0.7912280701754386 and parameters: {'n_estimators': 265, 'max_depth': 4, 'min_samples_split': 6, 'min_samples_leaf': 2, 'class_weight': 'balanced'}. Best is trial 0 with value: 0.8508771929824562.
2025-02-02 16:15:13,546 - INFO - Trial 71 finished with value: 0.8508771929824562 and parameters: {'n_estimators': 193, 'max_depth': 16, 'min_samples_split': 7, 'min_samples_leaf': 3, 'class_weight': 'balanced'}. Best is trial 0 with value: 0.8508771929824562.
2025-02-02 16:15:13,744 - INFO - Trial 72 finished with value: 0.7662337662337663 and parameters: {'n_estimators': 200, 'max_depth': 15, 'min_samples_split': 8, 'min_samples_leaf': 3, 'class_weight': 'balanced'}. Best is trial 0 with value: 0.8508771929824562.
2025-02-02 16:15:13,975 - INFO - Trial 73 finished with value: 0.8508771929824562 and parameters: {'n_estimators': 232, 'max_depth': 17, 'min_samples_split': 7, 'min_samples_leaf': 3, 'class_weight': 'balanced'}. Best is trial 0 with value: 0.8508771929824562.
2025-02-02 16:15:14,179 - INFO - Trial 74 finished with value: 0.8227272727272728 and parameters: {'n_estimators': 208, 'max_depth': 8, 'min_samples_split': 8, 'min_samples_leaf': 4, 'class_weight': 'balanced'}. Best is trial 0 with value: 0.8508771929824562.
2025-02-02 16:15:14,362 - INFO - Trial 75 finished with value: 0.8508771929824562 and parameters: {'n_estimators': 178, 'max_depth': 16, 'min_samples_split': 7, 'min_samples_leaf': 3, 'class_weight': 'balanced'}. Best is trial 0 with value: 0.8508771929824562.
2025-02-02 16:15:14,471 - INFO - Trial 76 finished with value: 0.8508771929824562 and parameters: {'n_estimators': 98, 'max_depth': 14, 'min_samples_split': 2, 'min_samples_leaf': 1, 'class_weight': 'balanced'}. Best is trial 0 with value: 0.8508771929824562.
2025-02-02 16:15:14,649 - INFO - Trial 77 finished with value: 0.8508771929824562 and parameters: {'n_estimators': 142, 'max_depth': 15, 'min_samples_split': 6, 'min_samples_leaf': 3, 'class_weight': 'balanced'}. Best is trial 0 with value: 0.8508771929824562.
2025-02-02 16:15:14,924 - INFO - Trial 78 finished with value: 0.75 and parameters: {'n_estimators': 251, 'max_depth': 19, 'min_samples_split': 5, 'min_samples_leaf': 1, 'class_weight': None}. Best is trial 0 with value: 0.8508771929824562.
2025-02-02 16:15:15,093 - INFO - Trial 79 finished with value: 0.8188405797101449 and parameters: {'n_estimators': 171, 'max_depth': 15, 'min_samples_split': 7, 'min_samples_leaf': 2, 'class_weight': 'balanced'}. Best is trial 0 with value: 0.8508771929824562.
2025-02-02 16:15:15,232 - INFO - Trial 80 finished with value: 0.8508771929824562 and parameters: {'n_estimators': 130, 'max_depth': 13, 'min_samples_split': 4, 'min_samples_leaf': 2, 'class_weight': 'balanced'}. Best is trial 0 with value: 0.8508771929824562.
2025-02-02 16:15:15,499 - INFO - Trial 81 finished with value: 0.8508771929824562 and parameters: {'n_estimators': 275, 'max_depth': 9, 'min_samples_split': 6, 'min_samples_leaf': 2, 'class_weight': 'balanced'}. Best is trial 0 with value: 0.8508771929824562.
2025-02-02 16:15:15,764 - INFO - Trial 82 finished with value: 0.8508771929824562 and parameters: {'n_estimators': 272, 'max_depth': 7, 'min_samples_split': 6, 'min_samples_leaf': 2, 'class_weight': 'balanced'}. Best is trial 0 with value: 0.8508771929824562.
2025-02-02 16:15:16,041 - INFO - Trial 83 finished with value: 0.8227272727272728 and parameters: {'n_estimators': 290, 'max_depth': 9, 'min_samples_split': 8, 'min_samples_leaf': 2, 'class_weight': 'balanced'}. Best is trial 0 with value: 0.8508771929824562.
2025-02-02 16:15:16,297 - INFO - Trial 84 finished with value: 0.8188405797101449 and parameters: {'n_estimators': 260, 'max_depth': 8, 'min_samples_split': 6, 'min_samples_leaf': 2, 'class_weight': 'balanced'}. Best is trial 0 with value: 0.8508771929824562.
