2025-02-02 17:08:57,578 - INFO - Trial 661 finished with value: 0.846683354192741 and parameters: {'n_estimators': 293, 'max_depth': 11, 'learning_rate': 0.166415150467806, 'subsample': 0.7642997402904984}. Best is trial 84 with value: 0.9080100125156445.
2025-02-02 17:08:57,641 - INFO - Trial 662 finished with value: 0.7853566958698374 and parameters: {'n_estimators': 82, 'max_depth': 8, 'learning_rate': 0.16107263920351203, 'subsample': 0.7472423445205288}. Best is trial 84 with value: 0.9080100125156445.
2025-02-02 17:08:57,705 - INFO - Trial 663 finished with value: 0.875 and parameters: {'n_estimators': 92, 'max_depth': 15, 'learning_rate': 0.1939501897050585, 'subsample': 0.7221159291433152}. Best is trial 84 with value: 0.9080100125156445.
2025-02-02 17:08:57,766 - INFO - Trial 664 finished with value: 0.8125 and parameters: {'n_estimators': 77, 'max_depth': 13, 'learning_rate': 0.17139341743604378, 'subsample': 0.6966581715098846}. Best is trial 84 with value: 0.9080100125156445.
2025-02-02 17:08:57,834 - INFO - Trial 665 finished with value: 0.75 and parameters: {'n_estimators': 102, 'max_depth': 10, 'learning_rate': 0.06630946421540114, 'subsample': 0.7306879437369778}. Best is trial 84 with value: 0.9080100125156445.
2025-02-02 17:08:57,897 - INFO - Trial 666 finished with value: 0.875 and parameters: {'n_estimators': 86, 'max_depth': 7, 'learning_rate': 0.18780535851225466, 'subsample': 0.7419883828624939}. Best is trial 84 with value: 0.9080100125156445.
2025-02-02 17:08:57,961 - INFO - Trial 667 finished with value: 0.8401360544217686 and parameters: {'n_estimators': 96, 'max_depth': 11, 'learning_rate': 0.17733987738525353, 'subsample': 0.7122334130228679}. Best is trial 84 with value: 0.9080100125156445.
2025-02-02 17:08:58,021 - INFO - Trial 668 finished with value: 0.846683354192741 and parameters: {'n_estimators': 66, 'max_depth': 12, 'learning_rate': 0.18396406880454633, 'subsample': 0.7525861963452332}. Best is trial 84 with value: 0.9080100125156445.
2025-02-02 17:08:58,085 - INFO - Trial 669 finished with value: 0.8125 and parameters: {'n_estimators': 89, 'max_depth': 8, 'learning_rate': 0.17954923513854468, 'subsample': 0.7268135176189391}. Best is trial 84 with value: 0.9080100125156445.
2025-02-02 17:08:58,152 - INFO - Trial 670 finished with value: 0.875 and parameters: {'n_estimators': 106, 'max_depth': 16, 'learning_rate': 0.19072220703928627, 'subsample': 0.665144038509301}. Best is trial 84 with value: 0.9080100125156445.
2025-02-02 17:08:58,230 - INFO - Trial 671 finished with value: 0.8125 and parameters: {'n_estimators': 114, 'max_depth': 9, 'learning_rate': 0.1742963074670301, 'subsample': 0.7694031108126249}. Best is trial 84 with value: 0.9080100125156445.
2025-02-02 17:08:58,298 - INFO - Trial 672 finished with value: 0.8125 and parameters: {'n_estimators': 82, 'max_depth': 14, 'learning_rate': 0.17009747222912797, 'subsample': 0.7425562299559672}. Best is trial 84 with value: 0.9080100125156445.
2025-02-02 17:08:58,368 - INFO - Trial 673 finished with value: 0.846683354192741 and parameters: {'n_estimators': 72, 'max_depth': 12, 'learning_rate': 0.18551636121339515, 'subsample': 0.6840743084543642}. Best is trial 84 with value: 0.9080100125156445.
2025-02-02 17:08:58,440 - INFO - Trial 674 finished with value: 0.7853566958698374 and parameters: {'n_estimators': 92, 'max_depth': 15, 'learning_rate': 0.15790874836269067, 'subsample': 0.7579397568022642}. Best is trial 84 with value: 0.9080100125156445.
2025-02-02 17:08:58,511 - INFO - Trial 675 finished with value: 0.8125 and parameters: {'n_estimators': 77, 'max_depth': 13, 'learning_rate': 0.19709832040908265, 'subsample': 0.7366461868187026}. Best is trial 84 with value: 0.9080100125156445.
2025-02-02 17:08:58,584 - INFO - Trial 676 finished with value: 0.7853566958698374 and parameters: {'n_estimators': 85, 'max_depth': 11, 'learning_rate': 0.1662886111231616, 'subsample': 0.70573481316429}. Best is trial 84 with value: 0.9080100125156445.
2025-02-02 17:08:58,653 - INFO - Trial 677 finished with value: 0.7853566958698374 and parameters: {'n_estimators': 96, 'max_depth': 15, 'learning_rate': 0.11236493796203662, 'subsample': 0.7210958085483983}. Best is trial 84 with value: 0.9080100125156445.
2025-02-02 17:08:58,746 - INFO - Trial 678 finished with value: 0.846683354192741 and parameters: {'n_estimators': 273, 'max_depth': 11, 'learning_rate': 0.17892585930079472, 'subsample': 0.730080767153116}. Best is trial 84 with value: 0.9080100125156445.
2025-02-02 17:08:58,809 - INFO - Trial 679 finished with value: 0.8125 and parameters: {'n_estimators': 81, 'max_depth': 10, 'learning_rate': 0.19270322963445666, 'subsample': 0.7953717552596778}. Best is trial 84 with value: 0.9080100125156445.
2025-02-02 17:08:58,874 - INFO - Trial 680 finished with value: 0.846683354192741 and parameters: {'n_estimators': 90, 'max_depth': 8, 'learning_rate': 0.17411639309645707, 'subsample': 0.7532012160498995}. Best is trial 84 with value: 0.9080100125156445.
2025-02-02 17:08:58,938 - INFO - Trial 681 finished with value: 0.846683354192741 and parameters: {'n_estimators': 86, 'max_depth': 12, 'learning_rate': 0.1825471639320199, 'subsample': 0.7155476277662961}. Best is trial 84 with value: 0.9080100125156445.
2025-02-02 17:08:58,998 - INFO - Trial 682 finished with value: 0.846683354192741 and parameters: {'n_estimators': 70, 'max_depth': 9, 'learning_rate': 0.16341537131428308, 'subsample': 0.7404064946866111}. Best is trial 84 with value: 0.9080100125156445.
2025-02-02 17:08:59,064 - INFO - Trial 683 finished with value: 0.875 and parameters: {'n_estimators': 101, 'max_depth': 14, 'learning_rate': 0.18791926240300996, 'subsample': 0.6549793950059606}. Best is trial 84 with value: 0.9080100125156445.
2025-02-02 17:08:59,130 - INFO - Trial 684 finished with value: 0.7853566958698374 and parameters: {'n_estimators': 94, 'max_depth': 16, 'learning_rate': 0.1520986719325021, 'subsample': 0.7285029061511007}. Best is trial 84 with value: 0.9080100125156445.
2025-02-02 17:08:59,225 - INFO - Trial 685 finished with value: 0.846683354192741 and parameters: {'n_estimators': 266, 'max_depth': 13, 'learning_rate': 0.16792148891715925, 'subsample': 0.7477597154636964}. Best is trial 84 with value: 0.9080100125156445.
2025-02-02 17:08:59,287 - INFO - Trial 686 finished with value: 0.875 and parameters: {'n_estimators': 76, 'max_depth': 10, 'learning_rate': 0.17173395349573964, 'subsample': 0.763149552809989}. Best is trial 84 with value: 0.9080100125156445.
2025-02-02 17:08:59,349 - INFO - Trial 687 finished with value: 0.8188405797101449 and parameters: {'n_estimators': 81, 'max_depth': 12, 'learning_rate': 0.18029863195402915, 'subsample': 0.7389027236143485}. Best is trial 84 with value: 0.9080100125156445.
2025-02-02 17:08:59,414 - INFO - Trial 688 finished with value: 0.8401360544217686 and parameters: {'n_estimators': 90, 'max_depth': 7, 'learning_rate': 0.18963650807317345, 'subsample': 0.724587695337959}. Best is trial 84 with value: 0.9080100125156445.
2025-02-02 17:08:59,482 - INFO - Trial 689 finished with value: 0.75 and parameters: {'n_estimators': 96, 'max_depth': 15, 'learning_rate': 0.0559540047696992, 'subsample': 0.7048729706153184}. Best is trial 84 with value: 0.9080100125156445.
2025-02-02 17:08:59,546 - INFO - Trial 690 finished with value: 0.875 and parameters: {'n_estimators': 85, 'max_depth': 8, 'learning_rate': 0.1753616941554344, 'subsample': 0.735341762087301}. Best is trial 84 with value: 0.9080100125156445.
2025-02-02 17:08:59,615 - INFO - Trial 691 finished with value: 0.846683354192741 and parameters: {'n_estimators': 109, 'max_depth': 11, 'learning_rate': 0.162144828864907, 'subsample': 0.7464510260410581}. Best is trial 84 with value: 0.9080100125156445.
2025-02-02 17:08:59,675 - INFO - Trial 692 finished with value: 0.7853566958698374 and parameters: {'n_estimators': 57, 'max_depth': 11, 'learning_rate': 0.1861728763890792, 'subsample': 0.712923210442956}. Best is trial 84 with value: 0.9080100125156445.
2025-02-02 17:08:59,746 - INFO - Trial 693 finished with value: 0.846683354192741 and parameters: {'n_estimators': 121, 'max_depth': 14, 'learning_rate': 0.1959010390065494, 'subsample': 0.7829747167392962}. Best is trial 84 with value: 0.9080100125156445.
2025-02-02 17:08:59,811 - INFO - Trial 694 finished with value: 0.7853566958698374 and parameters: {'n_estimators': 77, 'max_depth': 13, 'learning_rate': 0.09735853016943052, 'subsample': 0.7607641994074181}. Best is trial 84 with value: 0.9080100125156445.
2025-02-02 17:08:59,901 - INFO - Trial 695 finished with value: 0.846683354192741 and parameters: {'n_estimators': 253, 'max_depth': 15, 'learning_rate': 0.19990330721381677, 'subsample': 0.5168365011443388}. Best is trial 84 with value: 0.9080100125156445.
