2025-02-02 17:04:37,885 - INFO - Trial 276 finished with value: 0.8508771929824562 and parameters: {'n_estimators': 110, 'max_depth': 18, 'min_samples_split': 2, 'min_samples_leaf': 2, 'class_weight': 'balanced'}. Best is trial 0 with value: 0.8508771929824562.
2025-02-02 17:04:38,167 - INFO - Trial 277 finished with value: 0.7853566958698374 and parameters: {'n_estimators': 208, 'max_depth': 13, 'min_samples_split': 7, 'min_samples_leaf': 1, 'class_weight': None}. Best is trial 0 with value: 0.8508771929824562.
2025-02-02 17:04:38,325 - INFO - Trial 278 finished with value: 0.8188405797101449 and parameters: {'n_estimators': 138, 'max_depth': 17, 'min_samples_split': 6, 'min_samples_leaf': 3, 'class_weight': 'balanced'}. Best is trial 0 with value: 0.8508771929824562.
2025-02-02 17:04:38,415 - INFO - Trial 279 finished with value: 0.8227272727272728 and parameters: {'n_estimators': 58, 'max_depth': 20, 'min_samples_split': 7, 'min_samples_leaf': 1, 'class_weight': 'balanced'}. Best is trial 0 with value: 0.8508771929824562.
2025-02-02 17:04:38,543 - INFO - Trial 280 finished with value: 0.7945736434108528 and parameters: {'n_estimators': 98, 'max_depth': 14, 'min_samples_split': 9, 'min_samples_leaf': 2, 'class_weight': 'balanced'}. Best is trial 0 with value: 0.8508771929824562.
2025-02-02 17:04:38,771 - INFO - Trial 281 finished with value: 0.8508771929824562 and parameters: {'n_estimators': 188, 'max_depth': 11, 'min_samples_split': 6, 'min_samples_leaf': 1, 'class_weight': 'balanced'}. Best is trial 0 with value: 0.8508771929824562.
2025-02-02 17:04:39,022 - INFO - Trial 282 finished with value: 0.8188405797101449 and parameters: {'n_estimators': 235, 'max_depth': 19, 'min_samples_split': 8, 'min_samples_leaf': 1, 'class_weight': 'balanced'}. Best is trial 0 with value: 0.8508771929824562.
2025-02-02 17:04:39,207 - INFO - Trial 283 finished with value: 0.8508771929824562 and parameters: {'n_estimators': 164, 'max_depth': 13, 'min_samples_split': 7, 'min_samples_leaf': 2, 'class_weight': 'balanced'}. Best is trial 0 with value: 0.8508771929824562.
2025-02-02 17:04:39,379 - INFO - Trial 284 finished with value: 0.7945736434108528 and parameters: {'n_estimators': 156, 'max_depth': 15, 'min_samples_split': 5, 'min_samples_leaf': 4, 'class_weight': 'balanced'}. Best is trial 0 with value: 0.8508771929824562.
2025-02-02 17:04:39,607 - INFO - Trial 285 finished with value: 0.8508771929824562 and parameters: {'n_estimators': 218, 'max_depth': 8, 'min_samples_split': 7, 'min_samples_leaf': 1, 'class_weight': 'balanced'}. Best is trial 0 with value: 0.8508771929824562.
2025-02-02 17:04:39,817 - INFO - Trial 286 finished with value: 0.8227272727272728 and parameters: {'n_estimators': 182, 'max_depth': 12, 'min_samples_split': 8, 'min_samples_leaf': 1, 'class_weight': 'balanced'}. Best is trial 0 with value: 0.8508771929824562.
2025-02-02 17:04:40,073 - INFO - Trial 287 finished with value: 0.8508771929824562 and parameters: {'n_estimators': 144, 'max_depth': 16, 'min_samples_split': 6, 'min_samples_leaf': 2, 'class_weight': 'balanced'}. Best is trial 0 with value: 0.8508771929824562.
2025-02-02 17:04:40,428 - INFO - Trial 288 finished with value: 0.8508771929824562 and parameters: {'n_estimators': 204, 'max_depth': 18, 'min_samples_split': 3, 'min_samples_leaf': 1, 'class_weight': 'balanced'}. Best is trial 0 with value: 0.8508771929824562.
2025-02-02 17:04:40,725 - INFO - Trial 289 finished with value: 0.8188405797101449 and parameters: {'n_estimators': 171, 'max_depth': 14, 'min_samples_split': 7, 'min_samples_leaf': 3, 'class_weight': None}. Best is trial 0 with value: 0.8508771929824562.
2025-02-02 17:04:41,068 - INFO - Trial 290 finished with value: 0.8508771929824562 and parameters: {'n_estimators': 196, 'max_depth': 19, 'min_samples_split': 5, 'min_samples_leaf': 1, 'class_weight': 'balanced'}. Best is trial 0 with value: 0.8508771929824562.
2025-02-02 17:04:41,340 - INFO - Trial 291 finished with value: 0.8188405797101449 and parameters: {'n_estimators': 151, 'max_depth': 20, 'min_samples_split': 7, 'min_samples_leaf': 1, 'class_weight': 'balanced'}. Best is trial 0 with value: 0.8508771929824562.
2025-02-02 17:04:41,614 - INFO - Trial 292 finished with value: 0.8508771929824562 and parameters: {'n_estimators': 158, 'max_depth': 17, 'min_samples_split': 6, 'min_samples_leaf': 2, 'class_weight': 'balanced'}. Best is trial 0 with value: 0.8508771929824562.
2025-02-02 17:04:41,837 - INFO - Trial 293 finished with value: 0.8508771929824562 and parameters: {'n_estimators': 121, 'max_depth': 15, 'min_samples_split': 7, 'min_samples_leaf': 2, 'class_weight': 'balanced'}. Best is trial 0 with value: 0.8508771929824562.
2025-02-02 17:04:42,071 - INFO - Trial 294 finished with value: 0.8227272727272728 and parameters: {'n_estimators': 130, 'max_depth': 18, 'min_samples_split': 8, 'min_samples_leaf': 1, 'class_weight': 'balanced'}. Best is trial 0 with value: 0.8508771929824562.
2025-02-02 17:04:42,374 - INFO - Trial 295 finished with value: 0.8508771929824562 and parameters: {'n_estimators': 176, 'max_depth': 13, 'min_samples_split': 6, 'min_samples_leaf': 2, 'class_weight': 'balanced'}. Best is trial 0 with value: 0.8508771929824562.
2025-02-02 17:04:42,730 - INFO - Trial 296 finished with value: 0.8508771929824562 and parameters: {'n_estimators': 214, 'max_depth': 12, 'min_samples_split': 4, 'min_samples_leaf': 3, 'class_weight': 'balanced'}. Best is trial 0 with value: 0.8508771929824562.
2025-02-02 17:04:43,076 - INFO - Trial 297 finished with value: 0.8508771929824562 and parameters: {'n_estimators': 192, 'max_depth': 19, 'min_samples_split': 5, 'min_samples_leaf': 1, 'class_weight': 'balanced'}. Best is trial 0 with value: 0.8508771929824562.
2025-02-02 17:04:43,331 - INFO - Trial 298 finished with value: 0.8508771929824562 and parameters: {'n_estimators': 139, 'max_depth': 14, 'min_samples_split': 7, 'min_samples_leaf': 1, 'class_weight': 'balanced'}. Best is trial 0 with value: 0.8508771929824562.
2025-02-02 17:04:43,461 - INFO - Trial 299 finished with value: 0.8508771929824562 and parameters: {'n_estimators': 54, 'max_depth': 18, 'min_samples_split': 7, 'min_samples_leaf': 1, 'class_weight': 'balanced'}. Best is trial 0 with value: 0.8508771929824562.
2025-02-02 17:04:43,757 - INFO - Trial 300 finished with value: 0.8227272727272728 and parameters: {'n_estimators': 166, 'max_depth': 20, 'min_samples_split': 8, 'min_samples_leaf': 1, 'class_weight': 'balanced'}. Best is trial 0 with value: 0.8508771929824562.
2025-02-02 17:04:43,908 - INFO - Trial 301 finished with value: 0.8508771929824562 and parameters: {'n_estimators': 63, 'max_depth': 17, 'min_samples_split': 6, 'min_samples_leaf': 2, 'class_weight': 'balanced'}. Best is trial 0 with value: 0.8508771929824562.
2025-02-02 17:04:44,188 - INFO - Trial 302 finished with value: 0.8188405797101449 and parameters: {'n_estimators': 114, 'max_depth': 16, 'min_samples_split': 7, 'min_samples_leaf': 3, 'class_weight': None}. Best is trial 0 with value: 0.8508771929824562.
2025-02-02 17:04:44,566 - INFO - Trial 303 finished with value: 0.8508771929824562 and parameters: {'n_estimators': 223, 'max_depth': 11, 'min_samples_split': 6, 'min_samples_leaf': 1, 'class_weight': 'balanced'}. Best is trial 0 with value: 0.8508771929824562.
2025-02-02 17:04:44,902 - INFO - Trial 304 finished with value: 0.7662337662337663 and parameters: {'n_estimators': 202, 'max_depth': 18, 'min_samples_split': 4, 'min_samples_leaf': 4, 'class_weight': 'balanced'}. Best is trial 0 with value: 0.8508771929824562.
2025-02-02 17:04:45,213 - INFO - Trial 305 finished with value: 0.8508771929824562 and parameters: {'n_estimators': 185, 'max_depth': 14, 'min_samples_split': 5, 'min_samples_leaf': 1, 'class_weight': 'balanced'}. Best is trial 0 with value: 0.8508771929824562.
2025-02-02 17:04:45,480 - INFO - Trial 306 finished with value: 0.8508771929824562 and parameters: {'n_estimators': 148, 'max_depth': 15, 'min_samples_split': 7, 'min_samples_leaf': 1, 'class_weight': 'balanced'}. Best is trial 0 with value: 0.8508771929824562.
2025-02-02 17:04:45,836 - INFO - Trial 307 finished with value: 0.8188405797101449 and parameters: {'n_estimators': 210, 'max_depth': 12, 'min_samples_split': 2, 'min_samples_leaf': 2, 'class_weight': 'balanced'}. Best is trial 0 with value: 0.8508771929824562.
2025-02-02 17:04:46,061 - INFO - Trial 308 finished with value: 0.8227272727272728 and parameters: {'n_estimators': 125, 'max_depth': 20, 'min_samples_split': 7, 'min_samples_leaf': 2, 'class_weight': 'balanced'}. Best is trial 0 with value: 0.8508771929824562.
2025-02-02 17:04:46,369 - INFO - Trial 309 finished with value: 0.8508771929824562 and parameters: {'n_estimators': 179, 'max_depth': 19, 'min_samples_split': 6, 'min_samples_leaf': 1, 'class_weight': 'balanced'}. Best is trial 0 with value: 0.8508771929824562.
2025-02-02 17:04:46,525 - INFO - Trial 310 finished with value: 0.8227272727272728 and parameters: {'n_estimators': 75, 'max_depth': 15, 'min_samples_split': 8, 'min_samples_leaf': 1, 'class_weight': 'balanced'}. Best is trial 0 with value: 0.8508771929824562.
2025-02-02 17:04:46,713 - INFO - Trial 311 finished with value: 0.7853566958698374 and parameters: {'n_estimators': 91, 'max_depth': 7, 'min_samples_split': 7, 'min_samples_leaf': 2, 'class_weight': None}. Best is trial 0 with value: 0.8508771929824562.
2025-02-02 17:04:46,918 - INFO - Trial 312 finished with value: 0.8508771929824562 and parameters: {'n_estimators': 109, 'max_depth': 14, 'min_samples_split': 5, 'min_samples_leaf': 1, 'class_weight': 'balanced'}. Best is trial 0 with value: 0.8508771929824562.
2025-02-02 17:04:47,196 - INFO - Trial 313 finished with value: 0.8508771929824562 and parameters: {'n_estimators': 154, 'max_depth': 9, 'min_samples_split': 7, 'min_samples_leaf': 3, 'class_weight': 'balanced'}. Best is trial 0 with value: 0.8508771929824562.
2025-02-02 17:04:47,431 - INFO - Trial 314 finished with value: 0.8508771929824562 and parameters: {'n_estimators': 135, 'max_depth': 18, 'min_samples_split': 6, 'min_samples_leaf': 2, 'class_weight': 'balanced'}. Best is trial 0 with value: 0.8508771929824562.
2025-02-02 17:04:47,686 - INFO - Trial 315 finished with value: 0.8508771929824562 and parameters: {'n_estimators': 143, 'max_depth': 13, 'min_samples_split': 5, 'min_samples_leaf': 1, 'class_weight': 'balanced'}. Best is trial 0 with value: 0.8508771929824562.
2025-02-02 17:04:47,997 - INFO - Trial 316 finished with value: 0.8508771929824562 and parameters: {'n_estimators': 162, 'max_depth': 17, 'min_samples_split': 6, 'min_samples_leaf': 1, 'class_weight': 'balanced'}. Best is trial 0 with value: 0.8508771929824562.
2025-02-02 17:04:48,261 - INFO - Trial 317 finished with value: 0.7662337662337663 and parameters: {'n_estimators': 102, 'max_depth': 19, 'min_samples_split': 7, 'min_samples_leaf': 3, 'class_weight': 'balanced'}. Best is trial 0 with value: 0.8508771929824562.
2025-02-02 17:04:48,473 - INFO - Trial 318 finished with value: 0.8508771929824562 and parameters: {'n_estimators': 83, 'max_depth': 10, 'min_samples_split': 7, 'min_samples_leaf': 1, 'class_weight': 'balanced'}. Best is trial 0 with value: 0.8508771929824562.
2025-02-02 17:04:48,774 - INFO - Trial 319 finished with value: 0.8508771929824562 and parameters: {'n_estimators': 172, 'max_depth': 16, 'min_samples_split': 4, 'min_samples_leaf': 1, 'class_weight': 'balanced'}. Best is trial 0 with value: 0.8508771929824562.
2025-02-02 17:04:49,084 - INFO - Trial 320 finished with value: 0.8188405797101449 and parameters: {'n_estimators': 188, 'max_depth': 20, 'min_samples_split': 3, 'min_samples_leaf': 2, 'class_weight': 'balanced'}. Best is trial 0 with value: 0.8508771929824562.
2025-02-02 17:04:49,479 - INFO - Trial 321 finished with value: 0.8508771929824562 and parameters: {'n_estimators': 199, 'max_depth': 12, 'min_samples_split': 8, 'min_samples_leaf': 1, 'class_weight': 'balanced'}. Best is trial 0 with value: 0.8508771929824562.
2025-02-02 17:04:49,693 - INFO - Trial 322 finished with value: 0.8508771929824562 and parameters: {'n_estimators': 116, 'max_depth': 17, 'min_samples_split': 6, 'min_samples_leaf': 1, 'class_weight': 'balanced'}. Best is trial 0 with value: 0.8508771929824562.
2025-02-02 17:04:49,957 - INFO - Trial 323 finished with value: 0.8188405797101449 and parameters: {'n_estimators': 149, 'max_depth': 18, 'min_samples_split': 7, 'min_samples_leaf': 2, 'class_weight': None}. Best is trial 0 with value: 0.8508771929824562.
2025-02-02 17:04:50,293 - INFO - Trial 324 finished with value: 0.8508771929824562 and parameters: {'n_estimators': 206, 'max_depth': 13, 'min_samples_split': 8, 'min_samples_leaf': 1, 'class_weight': 'balanced'}. Best is trial 0 with value: 0.8508771929824562.
2025-02-02 17:04:50,652 - INFO - Trial 325 finished with value: 0.8227272727272728 and parameters: {'n_estimators': 219, 'max_depth': 11, 'min_samples_split': 5, 'min_samples_leaf': 4, 'class_weight': 'balanced'}. Best is trial 0 with value: 0.8508771929824562.
2025-02-02 17:04:50,801 - INFO - Trial 326 finished with value: 0.8508771929824562 and parameters: {'n_estimators': 67, 'max_depth': 14, 'min_samples_split': 4, 'min_samples_leaf': 2, 'class_weight': 'balanced'}. Best is trial 0 with value: 0.8508771929824562.
2025-02-02 17:04:51,078 - INFO - Trial 327 finished with value: 0.7662337662337663 and parameters: {'n_estimators': 158, 'max_depth': 19, 'min_samples_split': 9, 'min_samples_leaf': 1, 'class_weight': 'balanced'}. Best is trial 0 with value: 0.8508771929824562.
2025-02-02 17:04:51,274 - INFO - Trial 328 finished with value: 0.8508771929824562 and parameters: {'n_estimators': 96, 'max_depth': 15, 'min_samples_split': 7, 'min_samples_leaf': 2, 'class_weight': 'balanced'}. Best is trial 0 with value: 0.8508771929824562.
2025-02-02 17:04:51,556 - INFO - Trial 329 finished with value: 0.8188405797101449 and parameters: {'n_estimators': 167, 'max_depth': 20, 'min_samples_split': 6, 'min_samples_leaf': 3, 'class_weight': 'balanced'}. Best is trial 0 with value: 0.8508771929824562.
2025-02-02 17:04:51,800 - INFO - Trial 330 finished with value: 0.8508771929824562 and parameters: {'n_estimators': 131, 'max_depth': 16, 'min_samples_split': 6, 'min_samples_leaf': 1, 'class_weight': 'balanced'}. Best is trial 0 with value: 0.8508771929824562.
2025-02-02 17:04:52,137 - INFO - Trial 331 finished with value: 0.8188405797101449 and parameters: {'n_estimators': 194, 'max_depth': 12, 'min_samples_split': 7, 'min_samples_leaf': 1, 'class_weight': 'balanced'}. Best is trial 0 with value: 0.8508771929824562.
2025-02-02 17:04:52,392 - INFO - Trial 332 finished with value: 0.8508771929824562 and parameters: {'n_estimators': 142, 'max_depth': 18, 'min_samples_split': 5, 'min_samples_leaf': 1, 'class_weight': 'balanced'}. Best is trial 0 with value: 0.8508771929824562.
2025-02-02 17:04:52,620 - INFO - Trial 333 finished with value: 0.8227272727272728 and parameters: {'n_estimators': 121, 'max_depth': 19, 'min_samples_split': 7, 'min_samples_leaf': 2, 'class_weight': 'balanced'}. Best is trial 0 with value: 0.8508771929824562.
2025-02-02 17:04:52,943 - INFO - Trial 334 finished with value: 0.75 and parameters: {'n_estimators': 182, 'max_depth': 13, 'min_samples_split': 8, 'min_samples_leaf': 1, 'class_weight': None}. Best is trial 0 with value: 0.8508771929824562.
2025-02-02 17:04:53,065 - INFO - Trial 335 finished with value: 0.8508771929824562 and parameters: {'n_estimators': 50, 'max_depth': 14, 'min_samples_split': 7, 'min_samples_leaf': 1, 'class_weight': 'balanced'}. Best is trial 0 with value: 0.8508771929824562.
2025-02-02 17:04:53,346 - INFO - Trial 336 finished with value: 0.8508771929824562 and parameters: {'n_estimators': 153, 'max_depth': 17, 'min_samples_split': 6, 'min_samples_leaf': 2, 'class_weight': 'balanced'}. Best is trial 0 with value: 0.8508771929824562.
2025-02-02 17:04:53,704 - INFO - Trial 337 finished with value: 0.8188405797101449 and parameters: {'n_estimators': 215, 'max_depth': 18, 'min_samples_split': 5, 'min_samples_leaf': 3, 'class_weight': 'balanced'}. Best is trial 0 with value: 0.8508771929824562.
2025-02-02 17:04:54,072 - INFO - Trial 338 finished with value: 0.8508771929824562 and parameters: {'n_estimators': 209, 'max_depth': 20, 'min_samples_split': 7, 'min_samples_leaf': 1, 'class_weight': 'balanced'}. Best is trial 0 with value: 0.8508771929824562.
2025-02-02 17:04:54,323 - INFO - Trial 339 finished with value: 0.8508771929824562 and parameters: {'n_estimators': 137, 'max_depth': 15, 'min_samples_split': 6, 'min_samples_leaf': 1, 'class_weight': 'balanced'}. Best is trial 0 with value: 0.8508771929824562.
2025-02-02 17:04:54,682 - INFO - Trial 340 finished with value: 0.8508771929824562 and parameters: {'n_estimators': 176, 'max_depth': 19, 'min_samples_split': 8, 'min_samples_leaf': 3, 'class_weight': 'balanced'}. Best is trial 0 with value: 0.8508771929824562.
2025-02-02 17:04:54,917 - INFO - Trial 341 finished with value: 0.8508771929824562 and parameters: {'n_estimators': 127, 'max_depth': 14, 'min_samples_split': 7, 'min_samples_leaf': 2, 'class_weight': 'balanced'}. Best is trial 0 with value: 0.8508771929824562.
2025-02-02 17:04:55,206 - INFO - Trial 342 finished with value: 0.8508771929824562 and parameters: {'n_estimators': 163, 'max_depth': 17, 'min_samples_split': 7, 'min_samples_leaf': 1, 'class_weight': 'balanced'}. Best is trial 0 with value: 0.8508771929824562.
2025-02-02 17:04:55,477 - INFO - Trial 343 finished with value: 0.8188405797101449 and parameters: {'n_estimators': 144, 'max_depth': 18, 'min_samples_split': 5, 'min_samples_leaf': 2, 'class_weight': 'balanced'}. Best is trial 0 with value: 0.8508771929824562.
2025-02-02 17:04:55,867 - INFO - Trial 344 finished with value: 0.8508771929824562 and parameters: {'n_estimators': 230, 'max_depth': 16, 'min_samples_split': 2, 'min_samples_leaf': 1, 'class_weight': 'balanced'}. Best is trial 0 with value: 0.8508771929824562.
2025-02-02 17:04:56,220 - INFO - Trial 345 finished with value: 0.8508771929824562 and parameters: {'n_estimators': 201, 'max_depth': 20, 'min_samples_split': 6, 'min_samples_leaf': 1, 'class_weight': 'balanced'}. Best is trial 0 with value: 0.8508771929824562.
2025-02-02 17:04:56,521 - INFO - Trial 346 finished with value: 0.8188405797101449 and parameters: {'n_estimators': 170, 'max_depth': 12, 'min_samples_split': 7, 'min_samples_leaf': 1, 'class_weight': None}. Best is trial 0 with value: 0.8508771929824562.
2025-02-02 17:04:56,786 - INFO - Trial 347 finished with value: 0.7945736434108528 and parameters: {'n_estimators': 151, 'max_depth': 11, 'min_samples_split': 8, 'min_samples_leaf': 4, 'class_weight': 'balanced'}. Best is trial 0 with value: 0.8508771929824562.
2025-02-02 17:04:57,065 - INFO - Trial 348 finished with value: 0.8508771929824562 and parameters: {'n_estimators': 157, 'max_depth': 13, 'min_samples_split': 4, 'min_samples_leaf': 2, 'class_weight': 'balanced'}. Best is trial 0 with value: 0.8508771929824562.
2025-02-02 17:04:57,495 - INFO - Trial 349 finished with value: 0.8508771929824562 and parameters: {'n_estimators': 255, 'max_depth': 15, 'min_samples_split': 6, 'min_samples_leaf': 1, 'class_weight': 'balanced'}. Best is trial 0 with value: 0.8508771929824562.
2025-02-02 17:04:57,694 - INFO - Trial 350 finished with value: 0.8188405797101449 and parameters: {'n_estimators': 106, 'max_depth': 14, 'min_samples_split': 3, 'min_samples_leaf': 1, 'class_weight': 'balanced'}. Best is trial 0 with value: 0.8508771929824562.
2025-02-02 17:04:57,855 - INFO - Trial 351 finished with value: 0.7945736434108528 and parameters: {'n_estimators': 79, 'max_depth': 18, 'min_samples_split': 7, 'min_samples_leaf': 2, 'class_weight': 'balanced'}. Best is trial 0 with value: 0.8508771929824562.
2025-02-02 17:04:58,199 - INFO - Trial 352 finished with value: 0.8508771929824562 and parameters: {'n_estimators': 191, 'max_depth': 19, 'min_samples_split': 5, 'min_samples_leaf': 1, 'class_weight': 'balanced'}. Best is trial 0 with value: 0.8508771929824562.
2025-02-02 17:04:58,529 - INFO - Trial 353 finished with value: 0.8227272727272728 and parameters: {'n_estimators': 146, 'max_depth': 13, 'min_samples_split': 7, 'min_samples_leaf': 3, 'class_weight': 'balanced'}. Best is trial 0 with value: 0.8508771929824562.
2025-02-02 17:04:58,736 - INFO - Trial 354 finished with value: 0.7853566958698374 and parameters: {'n_estimators': 112, 'max_depth': 17, 'min_samples_split': 6, 'min_samples_leaf': 1, 'class_weight': 'balanced'}. Best is trial 0 with value: 0.8508771929824562.
2025-02-02 17:04:58,982 - INFO - Trial 355 finished with value: 0.8508771929824562 and parameters: {'n_estimators': 138, 'max_depth': 12, 'min_samples_split': 7, 'min_samples_leaf': 2, 'class_weight': 'balanced'}. Best is trial 0 with value: 0.8508771929824562.
2025-02-02 17:04:59,201 - INFO - Trial 356 finished with value: 0.8508771929824562 and parameters: {'n_estimators': 120, 'max_depth': 18, 'min_samples_split': 5, 'min_samples_leaf': 1, 'class_weight': 'balanced'}. Best is trial 0 with value: 0.8508771929824562.
2025-02-02 17:04:59,512 - INFO - Trial 357 finished with value: 0.8188405797101449 and parameters: {'n_estimators': 180, 'max_depth': 16, 'min_samples_split': 6, 'min_samples_leaf': 1, 'class_weight': None}. Best is trial 0 with value: 0.8508771929824562.
2025-02-02 17:04:59,930 - INFO - Trial 358 finished with value: 0.7945736434108528 and parameters: {'n_estimators': 196, 'max_depth': 15, 'min_samples_split': 10, 'min_samples_leaf': 2, 'class_weight': 'balanced'}. Best is trial 0 with value: 0.8508771929824562.
2025-02-02 17:05:00,347 - INFO - Trial 359 finished with value: 0.8508771929824562 and parameters: {'n_estimators': 221, 'max_depth': 19, 'min_samples_split': 7, 'min_samples_leaf': 1, 'class_weight': 'balanced'}. Best is trial 0 with value: 0.8508771929824562.
