2025-02-02 17:05:00,571 - INFO - Trial 360 finished with value: 0.7662337662337663 and parameters: {'n_estimators': 88, 'max_depth': 20, 'min_samples_split': 8, 'min_samples_leaf': 4, 'class_weight': 'balanced'}. Best is trial 0 with value: 0.8508771929824562.
2025-02-02 17:05:00,733 - INFO - Trial 361 finished with value: 0.8508771929824562 and parameters: {'n_estimators': 61, 'max_depth': 17, 'min_samples_split': 7, 'min_samples_leaf': 1, 'class_weight': 'balanced'}. Best is trial 0 with value: 0.8508771929824562.
2025-02-02 17:05:00,988 - INFO - Trial 362 finished with value: 0.8508771929824562 and parameters: {'n_estimators': 133, 'max_depth': 13, 'min_samples_split': 6, 'min_samples_leaf': 2, 'class_weight': 'balanced'}. Best is trial 0 with value: 0.8508771929824562.
2025-02-02 17:05:01,365 - INFO - Trial 363 finished with value: 0.8508771929824562 and parameters: {'n_estimators': 206, 'max_depth': 10, 'min_samples_split': 8, 'min_samples_leaf': 3, 'class_weight': 'balanced'}. Best is trial 0 with value: 0.8508771929824562.
2025-02-02 17:05:01,536 - INFO - Trial 364 finished with value: 0.8508771929824562 and parameters: {'n_estimators': 70, 'max_depth': 14, 'min_samples_split': 7, 'min_samples_leaf': 1, 'class_weight': 'balanced'}. Best is trial 0 with value: 0.8508771929824562.
2025-02-02 17:05:01,896 - INFO - Trial 365 finished with value: 0.8508771929824562 and parameters: {'n_estimators': 188, 'max_depth': 5, 'min_samples_split': 6, 'min_samples_leaf': 2, 'class_weight': 'balanced'}. Best is trial 0 with value: 0.8508771929824562.
2025-02-02 17:05:02,186 - INFO - Trial 366 finished with value: 0.8188405797101449 and parameters: {'n_estimators': 151, 'max_depth': 12, 'min_samples_split': 5, 'min_samples_leaf': 1, 'class_weight': 'balanced'}. Best is trial 0 with value: 0.8508771929824562.
2025-02-02 17:05:02,573 - INFO - Trial 367 finished with value: 0.8508771929824562 and parameters: {'n_estimators': 212, 'max_depth': 18, 'min_samples_split': 7, 'min_samples_leaf': 1, 'class_weight': 'balanced'}. Best is trial 0 with value: 0.8508771929824562.
2025-02-02 17:05:02,868 - INFO - Trial 368 finished with value: 0.7853566958698374 and parameters: {'n_estimators': 124, 'max_depth': 15, 'min_samples_split': 7, 'min_samples_leaf': 3, 'class_weight': None}. Best is trial 0 with value: 0.8508771929824562.
2025-02-02 17:05:03,209 - INFO - Trial 369 finished with value: 0.8508771929824562 and parameters: {'n_estimators': 165, 'max_depth': 20, 'min_samples_split': 6, 'min_samples_leaf': 1, 'class_weight': 'balanced'}. Best is trial 0 with value: 0.8508771929824562.
2025-02-02 17:05:03,629 - INFO - Trial 370 finished with value: 0.8508771929824562 and parameters: {'n_estimators': 160, 'max_depth': 18, 'min_samples_split': 5, 'min_samples_leaf': 2, 'class_weight': 'balanced'}. Best is trial 0 with value: 0.8508771929824562.
2025-02-02 17:05:03,963 - INFO - Trial 371 finished with value: 0.8188405797101449 and parameters: {'n_estimators': 176, 'max_depth': 19, 'min_samples_split': 4, 'min_samples_leaf': 1, 'class_weight': 'balanced'}. Best is trial 0 with value: 0.8508771929824562.
2025-02-02 17:05:04,274 - INFO - Trial 372 finished with value: 0.7662337662337663 and parameters: {'n_estimators': 146, 'max_depth': 14, 'min_samples_split': 9, 'min_samples_leaf': 2, 'class_weight': 'balanced'}. Best is trial 0 with value: 0.8508771929824562.
2025-02-02 17:05:04,583 - INFO - Trial 373 finished with value: 0.8508771929824562 and parameters: {'n_estimators': 141, 'max_depth': 16, 'min_samples_split': 8, 'min_samples_leaf': 1, 'class_weight': 'balanced'}. Best is trial 0 with value: 0.8508771929824562.
2025-02-02 17:05:05,019 - INFO - Trial 374 finished with value: 0.8508771929824562 and parameters: {'n_estimators': 184, 'max_depth': 19, 'min_samples_split': 7, 'min_samples_leaf': 1, 'class_weight': 'balanced'}. Best is trial 0 with value: 0.8508771929824562.
2025-02-02 17:05:05,272 - INFO - Trial 375 finished with value: 0.8508771929824562 and parameters: {'n_estimators': 130, 'max_depth': 15, 'min_samples_split': 3, 'min_samples_leaf': 3, 'class_weight': 'balanced'}. Best is trial 0 with value: 0.8508771929824562.
2025-02-02 17:05:05,647 - INFO - Trial 376 finished with value: 0.8188405797101449 and parameters: {'n_estimators': 199, 'max_depth': 11, 'min_samples_split': 6, 'min_samples_leaf': 1, 'class_weight': 'balanced'}. Best is trial 0 with value: 0.8508771929824562.
2025-02-02 17:05:06,030 - INFO - Trial 377 finished with value: 0.8508771929824562 and parameters: {'n_estimators': 225, 'max_depth': 8, 'min_samples_split': 7, 'min_samples_leaf': 2, 'class_weight': 'balanced'}. Best is trial 0 with value: 0.8508771929824562.
2025-02-02 17:05:06,386 - INFO - Trial 378 finished with value: 0.8508771929824562 and parameters: {'n_estimators': 169, 'max_depth': 13, 'min_samples_split': 5, 'min_samples_leaf': 1, 'class_weight': 'balanced'}. Best is trial 0 with value: 0.8508771929824562.
2025-02-02 17:05:06,617 - INFO - Trial 379 finished with value: 0.8508771929824562 and parameters: {'n_estimators': 103, 'max_depth': 18, 'min_samples_split': 2, 'min_samples_leaf': 2, 'class_weight': 'balanced'}. Best is trial 0 with value: 0.8508771929824562.
2025-02-02 17:05:06,962 - INFO - Trial 380 finished with value: 0.7853566958698374 and parameters: {'n_estimators': 157, 'max_depth': 17, 'min_samples_split': 6, 'min_samples_leaf': 1, 'class_weight': None}. Best is trial 0 with value: 0.8508771929824562.
2025-02-02 17:05:07,410 - INFO - Trial 381 finished with value: 0.8508771929824562 and parameters: {'n_estimators': 216, 'max_depth': 20, 'min_samples_split': 7, 'min_samples_leaf': 1, 'class_weight': 'balanced'}. Best is trial 0 with value: 0.8508771929824562.
2025-02-02 17:05:07,676 - INFO - Trial 382 finished with value: 0.8188405797101449 and parameters: {'n_estimators': 115, 'max_depth': 12, 'min_samples_split': 4, 'min_samples_leaf': 2, 'class_weight': 'balanced'}. Best is trial 0 with value: 0.8508771929824562.
2025-02-02 17:05:08,088 - INFO - Trial 383 finished with value: 0.8508771929824562 and parameters: {'n_estimators': 203, 'max_depth': 16, 'min_samples_split': 8, 'min_samples_leaf': 1, 'class_weight': 'balanced'}. Best is trial 0 with value: 0.8508771929824562.
2025-02-02 17:05:08,317 - INFO - Trial 384 finished with value: 0.8188405797101449 and parameters: {'n_estimators': 98, 'max_depth': 14, 'min_samples_split': 7, 'min_samples_leaf': 3, 'class_weight': 'balanced'}. Best is trial 0 with value: 0.8508771929824562.
2025-02-02 17:05:08,702 - INFO - Trial 385 finished with value: 0.8508771929824562 and parameters: {'n_estimators': 193, 'max_depth': 17, 'min_samples_split': 7, 'min_samples_leaf': 1, 'class_weight': 'balanced'}. Best is trial 0 with value: 0.8508771929824562.
2025-02-02 17:05:08,991 - INFO - Trial 386 finished with value: 0.8227272727272728 and parameters: {'n_estimators': 136, 'max_depth': 15, 'min_samples_split': 6, 'min_samples_leaf': 4, 'class_weight': 'balanced'}. Best is trial 0 with value: 0.8508771929824562.
2025-02-02 17:05:09,297 - INFO - Trial 387 finished with value: 0.8508771929824562 and parameters: {'n_estimators': 145, 'max_depth': 19, 'min_samples_split': 5, 'min_samples_leaf': 1, 'class_weight': 'balanced'}. Best is trial 0 with value: 0.8508771929824562.
2025-02-02 17:05:09,616 - INFO - Trial 388 finished with value: 0.8508771929824562 and parameters: {'n_estimators': 154, 'max_depth': 20, 'min_samples_split': 7, 'min_samples_leaf': 2, 'class_weight': 'balanced'}. Best is trial 0 with value: 0.8508771929824562.
2025-02-02 17:05:09,835 - INFO - Trial 389 finished with value: 0.7912280701754386 and parameters: {'n_estimators': 93, 'max_depth': 18, 'min_samples_split': 9, 'min_samples_leaf': 1, 'class_weight': 'balanced'}. Best is trial 0 with value: 0.8508771929824562.
2025-02-02 17:05:10,016 - INFO - Trial 390 finished with value: 0.8227272727272728 and parameters: {'n_estimators': 76, 'max_depth': 13, 'min_samples_split': 8, 'min_samples_leaf': 1, 'class_weight': 'balanced'}. Best is trial 0 with value: 0.8508771929824562.
2025-02-02 17:05:10,500 - INFO - Trial 391 finished with value: 0.8188405797101449 and parameters: {'n_estimators': 209, 'max_depth': 12, 'min_samples_split': 6, 'min_samples_leaf': 2, 'class_weight': None}. Best is trial 0 with value: 0.8508771929824562.
2025-02-02 17:05:10,764 - INFO - Trial 392 finished with value: 0.8508771929824562 and parameters: {'n_estimators': 127, 'max_depth': 14, 'min_samples_split': 7, 'min_samples_leaf': 1, 'class_weight': 'balanced'}. Best is trial 0 with value: 0.8508771929824562.
2025-02-02 17:05:11,004 - INFO - Trial 393 finished with value: 0.8508771929824562 and parameters: {'n_estimators': 108, 'max_depth': 19, 'min_samples_split': 4, 'min_samples_leaf': 1, 'class_weight': 'balanced'}. Best is trial 0 with value: 0.8508771929824562.
2025-02-02 17:05:11,355 - INFO - Trial 394 finished with value: 0.8188405797101449 and parameters: {'n_estimators': 177, 'max_depth': 18, 'min_samples_split': 6, 'min_samples_leaf': 3, 'class_weight': 'balanced'}. Best is trial 0 with value: 0.8508771929824562.
2025-02-02 17:05:11,676 - INFO - Trial 395 finished with value: 0.8227272727272728 and parameters: {'n_estimators': 161, 'max_depth': 20, 'min_samples_split': 7, 'min_samples_leaf': 2, 'class_weight': 'balanced'}. Best is trial 0 with value: 0.8508771929824562.
2025-02-02 17:05:11,995 - INFO - Trial 396 finished with value: 0.8508771929824562 and parameters: {'n_estimators': 149, 'max_depth': 16, 'min_samples_split': 5, 'min_samples_leaf': 1, 'class_weight': 'balanced'}. Best is trial 0 with value: 0.8508771929824562.
2025-02-02 17:05:12,376 - INFO - Trial 397 finished with value: 0.8508771929824562 and parameters: {'n_estimators': 186, 'max_depth': 17, 'min_samples_split': 6, 'min_samples_leaf': 1, 'class_weight': 'balanced'}. Best is trial 0 with value: 0.8508771929824562.
2025-02-02 17:05:12,655 - INFO - Trial 398 finished with value: 0.7945736434108528 and parameters: {'n_estimators': 139, 'max_depth': 15, 'min_samples_split': 3, 'min_samples_leaf': 4, 'class_weight': 'balanced'}. Best is trial 0 with value: 0.8508771929824562.
2025-02-02 17:05:12,811 - INFO - Trial 399 finished with value: 0.7945736434108528 and parameters: {'n_estimators': 56, 'max_depth': 13, 'min_samples_split': 7, 'min_samples_leaf': 2, 'class_weight': 'balanced'}. Best is trial 0 with value: 0.8508771929824562.
2025-02-02 17:05:13,014 - INFO - Trial 400 finished with value: 0.8188405797101449 and parameters: {'n_estimators': 84, 'max_depth': 18, 'min_samples_split': 8, 'min_samples_leaf': 1, 'class_weight': 'balanced'}. Best is trial 0 with value: 0.8508771929824562.
2025-02-02 17:05:13,280 - INFO - Trial 401 finished with value: 0.7945736434108528 and parameters: {'n_estimators': 121, 'max_depth': 14, 'min_samples_split': 7, 'min_samples_leaf': 3, 'class_weight': 'balanced'}. Best is trial 0 with value: 0.8508771929824562.
2025-02-02 17:05:13,617 - INFO - Trial 402 finished with value: 0.8508771929824562 and parameters: {'n_estimators': 167, 'max_depth': 12, 'min_samples_split': 6, 'min_samples_leaf': 1, 'class_weight': 'balanced'}. Best is trial 0 with value: 0.8508771929824562.
2025-02-02 17:05:14,014 - INFO - Trial 403 finished with value: 0.7853566958698374 and parameters: {'n_estimators': 197, 'max_depth': 11, 'min_samples_split': 5, 'min_samples_leaf': 2, 'class_weight': None}. Best is trial 0 with value: 0.8508771929824562.
2025-02-02 17:05:14,357 - INFO - Trial 404 finished with value: 0.8508771929824562 and parameters: {'n_estimators': 173, 'max_depth': 13, 'min_samples_split': 7, 'min_samples_leaf': 1, 'class_weight': 'balanced'}. Best is trial 0 with value: 0.8508771929824562.
2025-02-02 17:05:14,761 - INFO - Trial 405 finished with value: 0.8227272727272728 and parameters: {'n_estimators': 214, 'max_depth': 20, 'min_samples_split': 7, 'min_samples_leaf': 1, 'class_weight': 'balanced'}. Best is trial 0 with value: 0.8508771929824562.
2025-02-02 17:05:15,115 - INFO - Trial 406 finished with value: 0.8508771929824562 and parameters: {'n_estimators': 181, 'max_depth': 15, 'min_samples_split': 8, 'min_samples_leaf': 2, 'class_weight': 'balanced'}. Best is trial 0 with value: 0.8508771929824562.
2025-02-02 17:05:15,397 - INFO - Trial 407 finished with value: 0.8188405797101449 and parameters: {'n_estimators': 132, 'max_depth': 19, 'min_samples_split': 6, 'min_samples_leaf': 1, 'class_weight': 'balanced'}. Best is trial 0 with value: 0.8508771929824562.
2025-02-02 17:05:15,745 - INFO - Trial 408 finished with value: 0.8188405797101449 and parameters: {'n_estimators': 153, 'max_depth': 18, 'min_samples_split': 5, 'min_samples_leaf': 1, 'class_weight': 'balanced'}. Best is trial 0 with value: 0.8508771929824562.
2025-02-02 17:05:16,137 - INFO - Trial 409 finished with value: 0.8508771929824562 and parameters: {'n_estimators': 204, 'max_depth': 9, 'min_samples_split': 7, 'min_samples_leaf': 2, 'class_weight': 'balanced'}. Best is trial 0 with value: 0.8508771929824562.
2025-02-02 17:05:16,316 - INFO - Trial 410 finished with value: 0.8227272727272728 and parameters: {'n_estimators': 65, 'max_depth': 16, 'min_samples_split': 8, 'min_samples_leaf': 1, 'class_weight': 'balanced'}. Best is trial 0 with value: 0.8508771929824562.
2025-02-02 17:05:16,722 - INFO - Trial 411 finished with value: 0.8508771929824562 and parameters: {'n_estimators': 219, 'max_depth': 17, 'min_samples_split': 6, 'min_samples_leaf': 3, 'class_weight': 'balanced'}. Best is trial 0 with value: 0.8508771929824562.
2025-02-02 17:05:17,122 - INFO - Trial 412 finished with value: 0.8188405797101449 and parameters: {'n_estimators': 191, 'max_depth': 8, 'min_samples_split': 7, 'min_samples_leaf': 1, 'class_weight': 'balanced'}. Best is trial 0 with value: 0.8508771929824562.
2025-02-02 17:05:17,372 - INFO - Trial 413 finished with value: 0.8508771929824562 and parameters: {'n_estimators': 117, 'max_depth': 19, 'min_samples_split': 7, 'min_samples_leaf': 2, 'class_weight': 'balanced'}. Best is trial 0 with value: 0.8508771929824562.
2025-02-02 17:05:17,660 - INFO - Trial 414 finished with value: 0.8188405797101449 and parameters: {'n_estimators': 141, 'max_depth': 12, 'min_samples_split': 6, 'min_samples_leaf': 1, 'class_weight': None}. Best is trial 0 with value: 0.8508771929824562.
2025-02-02 17:05:17,990 - INFO - Trial 415 finished with value: 0.8508771929824562 and parameters: {'n_estimators': 160, 'max_depth': 14, 'min_samples_split': 4, 'min_samples_leaf': 2, 'class_weight': 'balanced'}. Best is trial 0 with value: 0.8508771929824562.
2025-02-02 17:05:18,245 - INFO - Trial 416 finished with value: 0.8188405797101449 and parameters: {'n_estimators': 110, 'max_depth': 18, 'min_samples_split': 5, 'min_samples_leaf': 1, 'class_weight': 'balanced'}. Best is trial 0 with value: 0.8508771929824562.
2025-02-02 17:05:18,557 - INFO - Trial 417 finished with value: 0.8508771929824562 and parameters: {'n_estimators': 149, 'max_depth': 20, 'min_samples_split': 7, 'min_samples_leaf': 3, 'class_weight': 'balanced'}. Best is trial 0 with value: 0.8508771929824562.
2025-02-02 17:05:18,847 - INFO - Trial 418 finished with value: 0.7945736434108528 and parameters: {'n_estimators': 125, 'max_depth': 15, 'min_samples_split': 8, 'min_samples_leaf': 1, 'class_weight': 'balanced'}. Best is trial 0 with value: 0.8508771929824562.
2025-02-02 17:05:19,266 - INFO - Trial 419 finished with value: 0.8188405797101449 and parameters: {'n_estimators': 208, 'max_depth': 17, 'min_samples_split': 3, 'min_samples_leaf': 1, 'class_weight': 'balanced'}. Best is trial 0 with value: 0.8508771929824562.
2025-02-02 17:05:19,612 - INFO - Trial 420 finished with value: 0.8188405797101449 and parameters: {'n_estimators': 173, 'max_depth': 14, 'min_samples_split': 6, 'min_samples_leaf': 2, 'class_weight': 'balanced'}. Best is trial 0 with value: 0.8508771929824562.
2025-02-02 17:05:19,929 - INFO - Trial 421 finished with value: 0.8508771929824562 and parameters: {'n_estimators': 144, 'max_depth': 19, 'min_samples_split': 7, 'min_samples_leaf': 1, 'class_weight': 'balanced'}. Best is trial 0 with value: 0.8508771929824562.
2025-02-02 17:05:20,327 - INFO - Trial 422 finished with value: 0.8508771929824562 and parameters: {'n_estimators': 200, 'max_depth': 18, 'min_samples_split': 7, 'min_samples_leaf': 2, 'class_weight': 'balanced'}. Best is trial 0 with value: 0.8508771929824562.
2025-02-02 17:05:20,502 - INFO - Trial 423 finished with value: 0.8188405797101449 and parameters: {'n_estimators': 73, 'max_depth': 13, 'min_samples_split': 6, 'min_samples_leaf': 1, 'class_weight': 'balanced'}. Best is trial 0 with value: 0.8508771929824562.
2025-02-02 17:05:20,849 - INFO - Trial 424 finished with value: 0.8508771929824562 and parameters: {'n_estimators': 164, 'max_depth': 11, 'min_samples_split': 5, 'min_samples_leaf': 2, 'class_weight': 'balanced'}. Best is trial 0 with value: 0.8508771929824562.
2025-02-02 17:05:21,091 - INFO - Trial 425 finished with value: 0.7853566958698374 and parameters: {'n_estimators': 135, 'max_depth': 12, 'min_samples_split': 5, 'min_samples_leaf': 4, 'class_weight': None}. Best is trial 0 with value: 0.8508771929824562.
2025-02-02 17:05:21,287 - INFO - Trial 426 finished with value: 0.8227272727272728 and parameters: {'n_estimators': 100, 'max_depth': 17, 'min_samples_split': 7, 'min_samples_leaf': 3, 'class_weight': 'balanced'}. Best is trial 0 with value: 0.8508771929824562.
2025-02-02 17:05:21,608 - INFO - Trial 427 finished with value: 0.8508771929824562 and parameters: {'n_estimators': 189, 'max_depth': 16, 'min_samples_split': 4, 'min_samples_leaf': 1, 'class_weight': 'balanced'}. Best is trial 0 with value: 0.8508771929824562.
2025-02-02 17:05:21,880 - INFO - Trial 428 finished with value: 0.8227272727272728 and parameters: {'n_estimators': 155, 'max_depth': 20, 'min_samples_split': 8, 'min_samples_leaf': 1, 'class_weight': 'balanced'}. Best is trial 0 with value: 0.8508771929824562.
2025-02-02 17:05:22,055 - INFO - Trial 429 finished with value: 0.8125 and parameters: {'n_estimators': 81, 'max_depth': 14, 'min_samples_split': 2, 'min_samples_leaf': 1, 'class_weight': 'balanced'}. Best is trial 0 with value: 0.8508771929824562.
2025-02-02 17:05:22,315 - INFO - Trial 430 finished with value: 0.8508771929824562 and parameters: {'n_estimators': 148, 'max_depth': 10, 'min_samples_split': 7, 'min_samples_leaf': 3, 'class_weight': 'balanced'}. Best is trial 0 with value: 0.8508771929824562.
2025-02-02 17:05:22,625 - INFO - Trial 431 finished with value: 0.8508771929824562 and parameters: {'n_estimators': 180, 'max_depth': 18, 'min_samples_split': 6, 'min_samples_leaf': 2, 'class_weight': 'balanced'}. Best is trial 0 with value: 0.8508771929824562.
2025-02-02 17:05:22,918 - INFO - Trial 432 finished with value: 0.8188405797101449 and parameters: {'n_estimators': 169, 'max_depth': 16, 'min_samples_split': 8, 'min_samples_leaf': 1, 'class_weight': 'balanced'}. Best is trial 0 with value: 0.8508771929824562.
2025-02-02 17:05:23,097 - INFO - Trial 433 finished with value: 0.8508771929824562 and parameters: {'n_estimators': 91, 'max_depth': 19, 'min_samples_split': 6, 'min_samples_leaf': 1, 'class_weight': 'balanced'}. Best is trial 0 with value: 0.8508771929824562.
2025-02-02 17:05:23,472 - INFO - Trial 434 finished with value: 0.8508771929824562 and parameters: {'n_estimators': 196, 'max_depth': 13, 'min_samples_split': 5, 'min_samples_leaf': 1, 'class_weight': 'balanced'}. Best is trial 0 with value: 0.8508771929824562.
2025-02-02 17:05:23,853 - INFO - Trial 435 finished with value: 0.8508771929824562 and parameters: {'n_estimators': 213, 'max_depth': 15, 'min_samples_split': 7, 'min_samples_leaf': 2, 'class_weight': 'balanced'}. Best is trial 0 with value: 0.8508771929824562.
2025-02-02 17:05:24,102 - INFO - Trial 436 finished with value: 0.7853566958698374 and parameters: {'n_estimators': 114, 'max_depth': 18, 'min_samples_split': 7, 'min_samples_leaf': 1, 'class_weight': None}. Best is trial 0 with value: 0.8508771929824562.
2025-02-02 17:05:24,484 - INFO - Trial 437 finished with value: 0.8188405797101449 and parameters: {'n_estimators': 224, 'max_depth': 20, 'min_samples_split': 6, 'min_samples_leaf': 1, 'class_weight': 'balanced'}. Best is trial 0 with value: 0.8508771929824562.
2025-02-02 17:05:24,747 - INFO - Trial 438 finished with value: 0.8508771929824562 and parameters: {'n_estimators': 138, 'max_depth': 15, 'min_samples_split': 7, 'min_samples_leaf': 2, 'class_weight': 'balanced'}. Best is trial 0 with value: 0.8508771929824562.
2025-02-02 17:05:25,137 - INFO - Trial 439 finished with value: 0.8508771929824562 and parameters: {'n_estimators': 233, 'max_depth': 19, 'min_samples_split': 6, 'min_samples_leaf': 1, 'class_weight': 'balanced'}. Best is trial 0 with value: 0.8508771929824562.
2025-02-02 17:05:25,455 - INFO - Trial 440 finished with value: 0.8508771929824562 and parameters: {'n_estimators': 185, 'max_depth': 12, 'min_samples_split': 5, 'min_samples_leaf': 2, 'class_weight': 'balanced'}. Best is trial 0 with value: 0.8508771929824562.
2025-02-02 17:05:25,735 - INFO - Trial 441 finished with value: 0.8508771929824562 and parameters: {'n_estimators': 154, 'max_depth': 17, 'min_samples_split': 7, 'min_samples_leaf': 3, 'class_weight': 'balanced'}. Best is trial 0 with value: 0.8508771929824562.
2025-02-02 17:05:26,024 - INFO - Trial 442 finished with value: 0.8508771929824562 and parameters: {'n_estimators': 123, 'max_depth': 14, 'min_samples_split': 8, 'min_samples_leaf': 1, 'class_weight': 'balanced'}. Best is trial 0 with value: 0.8508771929824562.
2025-02-02 17:05:26,271 - INFO - Trial 443 finished with value: 0.8188405797101449 and parameters: {'n_estimators': 129, 'max_depth': 18, 'min_samples_split': 3, 'min_samples_leaf': 1, 'class_weight': 'balanced'}. Best is trial 0 with value: 0.8508771929824562.
