2024-12-10 15:09:00,398 - INFO - Trial 24 finished with value: 1.0 and parameters: {'n_estimators': 115, 'max_depth': 19, 'min_samples_split': 8, 'min_samples_leaf': 2, 'class_weight': None}. Best is trial 0 with value: 1.0.
2024-12-10 15:09:00,724 - INFO - Trial 25 finished with value: 1.0 and parameters: {'n_estimators': 156, 'max_depth': 16, 'min_samples_split': 5, 'min_samples_leaf': 3, 'class_weight': None}. Best is trial 0 with value: 1.0.
2024-12-10 15:09:01,098 - INFO - Trial 26 finished with value: 1.0 and parameters: {'n_estimators': 187, 'max_depth': 13, 'min_samples_split': 3, 'min_samples_leaf': 2, 'class_weight': None}. Best is trial 0 with value: 1.0.
2024-12-10 15:09:01,253 - INFO - Trial 27 finished with value: 1.0 and parameters: {'n_estimators': 64, 'max_depth': 17, 'min_samples_split': 6, 'min_samples_leaf': 3, 'class_weight': None}. Best is trial 0 with value: 1.0.
2024-12-10 15:09:01,441 - INFO - Trial 28 finished with value: 0.9949377571191965 and parameters: {'n_estimators': 88, 'max_depth': 15, 'min_samples_split': 10, 'min_samples_leaf': 4, 'class_weight': 'balanced'}. Best is trial 0 with value: 1.0.
2024-12-10 15:09:01,992 - INFO - Trial 29 finished with value: 1.0 and parameters: {'n_estimators': 273, 'max_depth': 19, 'min_samples_split': 7, 'min_samples_leaf': 1, 'class_weight': None}. Best is trial 0 with value: 1.0.
2024-12-10 15:09:02,476 - INFO - Trial 30 finished with value: 1.0 and parameters: {'n_estimators': 241, 'max_depth': 11, 'min_samples_split': 9, 'min_samples_leaf': 2, 'class_weight': None}. Best is trial 0 with value: 1.0.
2024-12-10 15:09:02,735 - INFO - Trial 31 finished with value: 1.0 and parameters: {'n_estimators': 123, 'max_depth': 20, 'min_samples_split': 8, 'min_samples_leaf': 3, 'class_weight': 'balanced'}. Best is trial 0 with value: 1.0.
2024-12-10 15:09:03,014 - INFO - Trial 32 finished with value: 1.0 and parameters: {'n_estimators': 133, 'max_depth': 19, 'min_samples_split': 8, 'min_samples_leaf': 3, 'class_weight': 'balanced'}. Best is trial 0 with value: 1.0.
2024-12-10 15:09:03,226 - INFO - Trial 33 finished with value: 1.0 and parameters: {'n_estimators': 97, 'max_depth': 17, 'min_samples_split': 8, 'min_samples_leaf': 3, 'class_weight': 'balanced'}. Best is trial 0 with value: 1.0.
2024-12-10 15:09:03,536 - INFO - Trial 34 finished with value: 1.0 and parameters: {'n_estimators': 148, 'max_depth': 20, 'min_samples_split': 7, 'min_samples_leaf': 3, 'class_weight': 'balanced'}. Best is trial 0 with value: 1.0.
2024-12-10 15:09:03,778 - INFO - Trial 35 finished with value: 1.0 and parameters: {'n_estimators': 113, 'max_depth': 18, 'min_samples_split': 6, 'min_samples_leaf': 4, 'class_weight': 'balanced'}. Best is trial 0 with value: 1.0.
2024-12-10 15:09:04,161 - INFO - Trial 36 finished with value: 0.99013357619915 and parameters: {'n_estimators': 211, 'max_depth': 3, 'min_samples_split': 5, 'min_samples_leaf': 2, 'class_weight': None}. Best is trial 0 with value: 1.0.
2024-12-10 15:09:04,325 - INFO - Trial 37 finished with value: 0.9949377571191965 and parameters: {'n_estimators': 73, 'max_depth': 9, 'min_samples_split': 4, 'min_samples_leaf': 3, 'class_weight': 'balanced'}. Best is trial 0 with value: 1.0.
2024-12-10 15:09:04,725 - INFO - Trial 38 finished with value: 1.0 and parameters: {'n_estimators': 196, 'max_depth': 19, 'min_samples_split': 10, 'min_samples_leaf': 2, 'class_weight': None}. Best is trial 0 with value: 1.0.
2024-12-10 15:09:05,210 - INFO - Trial 39 finished with value: 1.0 and parameters: {'n_estimators': 232, 'max_depth': 15, 'min_samples_split': 9, 'min_samples_leaf': 3, 'class_weight': 'balanced'}. Best is trial 0 with value: 1.0.
2024-12-10 15:09:05,347 - INFO - Trial 40 finished with value: 1.0 and parameters: {'n_estimators': 53, 'max_depth': 17, 'min_samples_split': 6, 'min_samples_leaf': 4, 'class_weight': None}. Best is trial 0 with value: 1.0.
2024-12-10 15:09:05,690 - INFO - Trial 41 finished with value: 0.9949377571191965 and parameters: {'n_estimators': 161, 'max_depth': 16, 'min_samples_split': 3, 'min_samples_leaf': 4, 'class_weight': None}. Best is trial 0 with value: 1.0.
2024-12-10 15:09:06,053 - INFO - Trial 42 finished with value: 1.0 and parameters: {'n_estimators': 177, 'max_depth': 14, 'min_samples_split': 2, 'min_samples_leaf': 4, 'class_weight': None}. Best is trial 0 with value: 1.0.
2024-12-10 15:09:06,326 - INFO - Trial 43 finished with value: 1.0 and parameters: {'n_estimators': 124, 'max_depth': 13, 'min_samples_split': 2, 'min_samples_leaf': 2, 'class_weight': None}. Best is trial 0 with value: 1.0.
2024-12-10 15:09:06,734 - INFO - Trial 44 finished with value: 1.0 and parameters: {'n_estimators': 144, 'max_depth': 12, 'min_samples_split': 3, 'min_samples_leaf': 4, 'class_weight': None}. Best is trial 0 with value: 1.0.
2024-12-10 15:09:06,909 - INFO - Trial 45 finished with value: 1.0 and parameters: {'n_estimators': 77, 'max_depth': 18, 'min_samples_split': 10, 'min_samples_leaf': 2, 'class_weight': 'balanced'}. Best is trial 0 with value: 1.0.
2024-12-10 15:09:07,126 - INFO - Trial 46 finished with value: 1.0 and parameters: {'n_estimators': 100, 'max_depth': 16, 'min_samples_split': 4, 'min_samples_leaf': 2, 'class_weight': None}. Best is trial 0 with value: 1.0.
2024-12-10 15:09:07,404 - INFO - Trial 47 finished with value: 1.0 and parameters: {'n_estimators': 128, 'max_depth': 19, 'min_samples_split': 9, 'min_samples_leaf': 1, 'class_weight': 'balanced'}. Best is trial 0 with value: 1.0.
2024-12-10 15:09:07,853 - INFO - Trial 48 finished with value: 1.0 and parameters: {'n_estimators': 223, 'max_depth': 20, 'min_samples_split': 8, 'min_samples_leaf': 3, 'class_weight': None}. Best is trial 0 with value: 1.0.
2024-12-10 15:09:08,203 - INFO - Trial 49 finished with value: 1.0 and parameters: {'n_estimators': 169, 'max_depth': 15, 'min_samples_split': 10, 'min_samples_leaf': 2, 'class_weight': 'balanced'}. Best is trial 0 with value: 1.0.
2024-12-10 15:09:08,573 - INFO - Trial 50 finished with value: 0.9949377571191965 and parameters: {'n_estimators': 186, 'max_depth': 10, 'min_samples_split': 8, 'min_samples_leaf': 4, 'class_weight': None}. Best is trial 0 with value: 1.0.
2024-12-10 15:09:09,104 - INFO - Trial 51 finished with value: 1.0 and parameters: {'n_estimators': 261, 'max_depth': 12, 'min_samples_split': 10, 'min_samples_leaf': 2, 'class_weight': 'balanced'}. Best is trial 0 with value: 1.0.
2024-12-10 15:09:09,694 - INFO - Trial 52 finished with value: 1.0 and parameters: {'n_estimators': 300, 'max_depth': 10, 'min_samples_split': 9, 'min_samples_leaf': 2, 'class_weight': 'balanced'}. Best is trial 0 with value: 1.0.
2024-12-10 15:09:10,267 - INFO - Trial 53 finished with value: 1.0 and parameters: {'n_estimators': 289, 'max_depth': 14, 'min_samples_split': 10, 'min_samples_leaf': 2, 'class_weight': 'balanced'}. Best is trial 0 with value: 1.0.
2024-12-10 15:09:10,509 - INFO - Trial 54 finished with value: 1.0 and parameters: {'n_estimators': 113, 'max_depth': 13, 'min_samples_split': 7, 'min_samples_leaf': 2, 'class_weight': 'balanced'}. Best is trial 0 with value: 1.0.
2024-12-10 15:09:11,075 - INFO - Trial 55 finished with value: 1.0 and parameters: {'n_estimators': 291, 'max_depth': 12, 'min_samples_split': 9, 'min_samples_leaf': 3, 'class_weight': 'balanced'}. Best is trial 0 with value: 1.0.
2024-12-10 15:09:11,625 - INFO - Trial 56 finished with value: 0.99013357619915 and parameters: {'n_estimators': 278, 'max_depth': 7, 'min_samples_split': 9, 'min_samples_leaf': 1, 'class_weight': None}. Best is trial 0 with value: 1.0.
2024-12-10 15:09:11,952 - INFO - Trial 57 finished with value: 1.0 and parameters: {'n_estimators': 155, 'max_depth': 11, 'min_samples_split': 5, 'min_samples_leaf': 2, 'class_weight': 'balanced'}. Best is trial 0 with value: 1.0.
2024-12-10 15:09:12,447 - INFO - Trial 58 finished with value: 1.0 and parameters: {'n_estimators': 249, 'max_depth': 17, 'min_samples_split': 10, 'min_samples_leaf': 3, 'class_weight': None}. Best is trial 0 with value: 1.0.
2024-12-10 15:09:13,008 - INFO - Trial 59 finished with value: 1.0 and parameters: {'n_estimators': 280, 'max_depth': 14, 'min_samples_split': 8, 'min_samples_leaf': 2, 'class_weight': 'balanced'}. Best is trial 0 with value: 1.0.
2024-12-10 15:09:13,172 - INFO - Trial 60 finished with value: 1.0 and parameters: {'n_estimators': 68, 'max_depth': 18, 'min_samples_split': 7, 'min_samples_leaf': 3, 'class_weight': None}. Best is trial 0 with value: 1.0.
2024-12-10 15:09:13,728 - INFO - Trial 61 finished with value: 1.0 and parameters: {'n_estimators': 268, 'max_depth': 20, 'min_samples_split': 10, 'min_samples_leaf': 2, 'class_weight': 'balanced'}. Best is trial 0 with value: 1.0.
2024-12-10 15:09:14,347 - INFO - Trial 62 finished with value: 1.0 and parameters: {'n_estimators': 295, 'max_depth': 19, 'min_samples_split': 10, 'min_samples_leaf': 2, 'class_weight': 'balanced'}. Best is trial 0 with value: 1.0.
2024-12-10 15:09:14,866 - INFO - Trial 63 finished with value: 1.0 and parameters: {'n_estimators': 259, 'max_depth': 20, 'min_samples_split': 9, 'min_samples_leaf': 2, 'class_weight': 'balanced'}. Best is trial 0 with value: 1.0.
2024-12-10 15:09:15,422 - INFO - Trial 64 finished with value: 1.0 and parameters: {'n_estimators': 279, 'max_depth': 18, 'min_samples_split': 10, 'min_samples_leaf': 2, 'class_weight': 'balanced'}. Best is trial 0 with value: 1.0.
2024-12-10 15:09:15,633 - INFO - Trial 65 finished with value: 1.0 and parameters: {'n_estimators': 92, 'max_depth': 16, 'min_samples_split': 6, 'min_samples_leaf': 1, 'class_weight': 'balanced'}. Best is trial 0 with value: 1.0.
2024-12-10 15:09:15,870 - INFO - Trial 66 finished with value: 1.0 and parameters: {'n_estimators': 107, 'max_depth': 19, 'min_samples_split': 10, 'min_samples_leaf': 2, 'class_weight': 'balanced'}. Best is trial 0 with value: 1.0.
2024-12-10 15:09:16,437 - INFO - Trial 67 finished with value: 1.0 and parameters: {'n_estimators': 284, 'max_depth': 20, 'min_samples_split': 9, 'min_samples_leaf': 3, 'class_weight': None}. Best is trial 0 with value: 1.0.
2024-12-10 15:09:16,584 - INFO - Trial 68 finished with value: 1.0 and parameters: {'n_estimators': 56, 'max_depth': 17, 'min_samples_split': 8, 'min_samples_leaf': 2, 'class_weight': 'balanced'}. Best is trial 0 with value: 1.0.
2024-12-10 15:09:16,875 - INFO - Trial 69 finished with value: 1.0 and parameters: {'n_estimators': 137, 'max_depth': 18, 'min_samples_split': 7, 'min_samples_leaf': 3, 'class_weight': None}. Best is trial 0 with value: 1.0.
2024-12-10 15:09:17,459 - INFO - Trial 70 finished with value: 0.9949377571191965 and parameters: {'n_estimators': 299, 'max_depth': 9, 'min_samples_split': 9, 'min_samples_leaf': 2, 'class_weight': 'balanced'}. Best is trial 0 with value: 1.0.
2024-12-10 15:09:17,946 - INFO - Trial 71 finished with value: 1.0 and parameters: {'n_estimators': 241, 'max_depth': 14, 'min_samples_split': 9, 'min_samples_leaf': 1, 'class_weight': 'balanced'}. Best is trial 0 with value: 1.0.
2024-12-10 15:09:18,137 - INFO - Trial 72 finished with value: 1.0 and parameters: {'n_estimators': 80, 'max_depth': 13, 'min_samples_split': 10, 'min_samples_leaf': 1, 'class_weight': 'balanced'}. Best is trial 0 with value: 1.0.
2024-12-10 15:09:18,656 - INFO - Trial 73 finished with value: 1.0 and parameters: {'n_estimators': 198, 'max_depth': 12, 'min_samples_split': 9, 'min_samples_leaf': 1, 'class_weight': 'balanced'}. Best is trial 0 with value: 1.0.
2024-12-10 15:09:19,095 - INFO - Trial 74 finished with value: 1.0 and parameters: {'n_estimators': 217, 'max_depth': 15, 'min_samples_split': 10, 'min_samples_leaf': 3, 'class_weight': None}. Best is trial 0 with value: 1.0.
2024-12-10 15:09:19,418 - INFO - Trial 75 finished with value: 0.9949377571191965 and parameters: {'n_estimators': 153, 'max_depth': 15, 'min_samples_split': 2, 'min_samples_leaf': 4, 'class_weight': 'balanced'}. Best is trial 0 with value: 1.0.
2024-12-10 15:09:19,677 - INFO - Trial 76 finished with value: 1.0 and parameters: {'n_estimators': 118, 'max_depth': 11, 'min_samples_split': 8, 'min_samples_leaf': 1, 'class_weight': None}. Best is trial 0 with value: 1.0.
2024-12-10 15:09:20,054 - INFO - Trial 77 finished with value: 1.0 and parameters: {'n_estimators': 180, 'max_depth': 16, 'min_samples_split': 9, 'min_samples_leaf': 3, 'class_weight': 'balanced'}. Best is trial 0 with value: 1.0.
2024-12-10 15:09:20,596 - INFO - Trial 78 finished with value: 1.0 and parameters: {'n_estimators': 271, 'max_depth': 14, 'min_samples_split': 8, 'min_samples_leaf': 4, 'class_weight': None}. Best is trial 0 with value: 1.0.
2024-12-10 15:09:20,790 - INFO - Trial 79 finished with value: 1.0 and parameters: {'n_estimators': 85, 'max_depth': 19, 'min_samples_split': 10, 'min_samples_leaf': 2, 'class_weight': 'balanced'}. Best is trial 0 with value: 1.0.
2024-12-10 15:09:21,135 - INFO - Trial 80 finished with value: 1.0 and parameters: {'n_estimators': 162, 'max_depth': 17, 'min_samples_split': 3, 'min_samples_leaf': 1, 'class_weight': 'balanced'}. Best is trial 0 with value: 1.0.
2024-12-10 15:09:21,490 - INFO - Trial 81 finished with value: 1.0 and parameters: {'n_estimators': 170, 'max_depth': 13, 'min_samples_split': 9, 'min_samples_leaf': 2, 'class_weight': 'balanced'}. Best is trial 0 with value: 1.0.
2024-12-10 15:09:21,804 - INFO - Trial 82 finished with value: 1.0 and parameters: {'n_estimators': 143, 'max_depth': 13, 'min_samples_split': 10, 'min_samples_leaf': 2, 'class_weight': 'balanced'}. Best is trial 0 with value: 1.0.
2024-12-10 15:09:22,287 - INFO - Trial 83 finished with value: 1.0 and parameters: {'n_estimators': 231, 'max_depth': 12, 'min_samples_split': 4, 'min_samples_leaf': 2, 'class_weight': 'balanced'}. Best is trial 0 with value: 1.0.
2024-12-10 15:09:22,556 - INFO - Trial 84 finished with value: 1.0 and parameters: {'n_estimators': 128, 'max_depth': 15, 'min_samples_split': 9, 'min_samples_leaf': 2, 'class_weight': 'balanced'}. Best is trial 0 with value: 1.0.
2024-12-10 15:09:22,956 - INFO - Trial 85 finished with value: 1.0 and parameters: {'n_estimators': 194, 'max_depth': 11, 'min_samples_split': 8, 'min_samples_leaf': 2, 'class_weight': None}. Best is trial 0 with value: 1.0.
2024-12-10 15:09:23,389 - INFO - Trial 86 finished with value: 1.0 and parameters: {'n_estimators': 204, 'max_depth': 20, 'min_samples_split': 10, 'min_samples_leaf': 3, 'class_weight': 'balanced'}. Best is trial 0 with value: 1.0.
2024-12-10 15:09:23,745 - INFO - Trial 87 finished with value: 1.0 and parameters: {'n_estimators': 164, 'max_depth': 13, 'min_samples_split': 7, 'min_samples_leaf': 2, 'class_weight': None}. Best is trial 0 with value: 1.0.
2024-12-10 15:09:24,056 - INFO - Trial 88 finished with value: 1.0 and parameters: {'n_estimators': 149, 'max_depth': 14, 'min_samples_split': 4, 'min_samples_leaf': 2, 'class_weight': 'balanced'}. Best is trial 0 with value: 1.0.
2024-12-10 15:09:24,274 - INFO - Trial 89 finished with value: 0.99013357619915 and parameters: {'n_estimators': 107, 'max_depth': 4, 'min_samples_split': 9, 'min_samples_leaf': 3, 'class_weight': None}. Best is trial 0 with value: 1.0.
2024-12-10 15:09:24,840 - INFO - Trial 90 finished with value: 1.0 and parameters: {'n_estimators': 286, 'max_depth': 19, 'min_samples_split': 10, 'min_samples_leaf': 4, 'class_weight': 'balanced'}. Best is trial 0 with value: 1.0.
2024-12-10 15:09:25,195 - INFO - Trial 91 finished with value: 1.0 and parameters: {'n_estimators': 171, 'max_depth': 18, 'min_samples_split': 5, 'min_samples_leaf': 3, 'class_weight': None}. Best is trial 0 with value: 1.0.
2024-12-10 15:09:25,573 - INFO - Trial 92 finished with value: 1.0 and parameters: {'n_estimators': 184, 'max_depth': 17, 'min_samples_split': 6, 'min_samples_leaf': 3, 'class_weight': None}. Best is trial 0 with value: 1.0.
2024-12-10 15:09:26,062 - INFO - Trial 93 finished with value: 1.0 and parameters: {'n_estimators': 249, 'max_depth': 20, 'min_samples_split': 6, 'min_samples_leaf': 3, 'class_weight': None}. Best is trial 0 with value: 1.0.
2024-12-10 15:09:26,286 - INFO - Trial 94 finished with value: 1.0 and parameters: {'n_estimators': 94, 'max_depth': 16, 'min_samples_split': 3, 'min_samples_leaf': 2, 'class_weight': None}. Best is trial 0 with value: 1.0.
2024-12-10 15:09:26,648 - INFO - Trial 95 finished with value: 1.0 and parameters: {'n_estimators': 176, 'max_depth': 19, 'min_samples_split': 7, 'min_samples_leaf': 3, 'class_weight': None}. Best is trial 0 with value: 1.0.
2024-12-10 15:09:27,047 - INFO - Trial 96 finished with value: 1.0 and parameters: {'n_estimators': 190, 'max_depth': 18, 'min_samples_split': 5, 'min_samples_leaf': 2, 'class_weight': 'balanced'}. Best is trial 0 with value: 1.0.
2024-12-10 15:09:27,463 - INFO - Trial 97 finished with value: 1.0 and parameters: {'n_estimators': 207, 'max_depth': 12, 'min_samples_split': 8, 'min_samples_leaf': 3, 'class_weight': None}. Best is trial 0 with value: 1.0.
2024-12-10 15:09:27,912 - INFO - Trial 98 finished with value: 1.0 and parameters: {'n_estimators': 216, 'max_depth': 19, 'min_samples_split': 6, 'min_samples_leaf': 2, 'class_weight': 'balanced'}. Best is trial 0 with value: 1.0.
2024-12-10 15:09:28,436 - INFO - Trial 99 finished with value: 1.0 and parameters: {'n_estimators': 264, 'max_depth': 17, 'min_samples_split': 9, 'min_samples_leaf': 4, 'class_weight': None}. Best is trial 0 with value: 1.0.
2024-12-10 15:09:28,935 - INFO - A new study created in memory with name: no-name-a66cc1b5-8b40-492c-8eb1-b70d696b0877
2024-12-10 15:09:29,013 - INFO - Trial 0 finished with value: 0.9888674388674389 and parameters: {'max_depth': 17, 'min_samples_split': 8, 'min_samples_leaf': 2, 'class_weight': None}. Best is trial 0 with value: 0.9888674388674389.
2024-12-10 15:09:29,035 - INFO - Trial 1 finished with value: 0.9895833333333334 and parameters: {'max_depth': 11, 'min_samples_split': 6, 'min_samples_leaf': 4, 'class_weight': None}. Best is trial 1 with value: 0.9895833333333334.
2024-12-10 15:09:29,057 - INFO - Trial 2 finished with value: 0.99013357619915 and parameters: {'max_depth': 4, 'min_samples_split': 7, 'min_samples_leaf': 2, 'class_weight': 'balanced'}. Best is trial 2 with value: 0.99013357619915.
2024-12-10 15:09:29,078 - INFO - Trial 3 finished with value: 0.9895833333333334 and parameters: {'max_depth': 7, 'min_samples_split': 9, 'min_samples_leaf': 4, 'class_weight': 'balanced'}. Best is trial 2 with value: 0.99013357619915.
2024-12-10 15:09:29,099 - INFO - Trial 4 finished with value: 0.9895833333333334 and parameters: {'max_depth': 13, 'min_samples_split': 5, 'min_samples_leaf': 4, 'class_weight': None}. Best is trial 2 with value: 0.99013357619915.
2024-12-10 15:09:29,119 - INFO - Trial 5 finished with value: 0.9848132713575893 and parameters: {'max_depth': 4, 'min_samples_split': 10, 'min_samples_leaf': 2, 'class_weight': None}. Best is trial 2 with value: 0.99013357619915.
2024-12-10 15:09:29,140 - INFO - Trial 6 finished with value: 1.0 and parameters: {'max_depth': 14, 'min_samples_split': 8, 'min_samples_leaf': 1, 'class_weight': None}. Best is trial 6 with value: 1.0.
2024-12-10 15:09:29,162 - INFO - Trial 7 finished with value: 0.9888674388674389 and parameters: {'max_depth': 16, 'min_samples_split': 7, 'min_samples_leaf': 3, 'class_weight': None}. Best is trial 6 with value: 1.0.
2024-12-10 15:09:29,185 - INFO - Trial 8 finished with value: 0.9946251129177958 and parameters: {'max_depth': 10, 'min_samples_split': 3, 'min_samples_leaf': 3, 'class_weight': 'balanced'}. Best is trial 6 with value: 1.0.
2024-12-10 15:09:29,208 - INFO - Trial 9 finished with value: 0.9946251129177958 and parameters: {'max_depth': 20, 'min_samples_split': 10, 'min_samples_leaf': 2, 'class_weight': None}. Best is trial 6 with value: 1.0.
2024-12-10 15:09:29,240 - INFO - Trial 10 finished with value: 0.9895833333333334 and parameters: {'max_depth': 14, 'min_samples_split': 2, 'min_samples_leaf': 1, 'class_weight': 'balanced'}. Best is trial 6 with value: 1.0.
2024-12-10 15:09:29,274 - INFO - Trial 11 finished with value: 0.9949377571191965 and parameters: {'max_depth': 9, 'min_samples_split': 3, 'min_samples_leaf': 1, 'class_weight': 'balanced'}. Best is trial 6 with value: 1.0.
2024-12-10 15:09:29,307 - INFO - Trial 12 finished with value: 0.9848132713575893 and parameters: {'max_depth': 8, 'min_samples_split': 4, 'min_samples_leaf': 1, 'class_weight': 'balanced'}. Best is trial 6 with value: 1.0.
2024-12-10 15:09:29,340 - INFO - Trial 13 finished with value: 0.99013357619915 and parameters: {'max_depth': 8, 'min_samples_split': 5, 'min_samples_leaf': 1, 'class_weight': 'balanced'}. Best is trial 6 with value: 1.0.
2024-12-10 15:09:29,372 - INFO - Trial 14 finished with value: 0.9838753387533877 and parameters: {'max_depth': 15, 'min_samples_split': 2, 'min_samples_leaf': 1, 'class_weight': None}. Best is trial 6 with value: 1.0.
2024-12-10 15:09:29,405 - INFO - Trial 15 finished with value: 0.9838753387533877 and parameters: {'max_depth': 19, 'min_samples_split': 8, 'min_samples_leaf': 1, 'class_weight': 'balanced'}. Best is trial 6 with value: 1.0.
2024-12-10 15:09:29,439 - INFO - Trial 16 finished with value: 0.9895833333333334 and parameters: {'max_depth': 12, 'min_samples_split': 4, 'min_samples_leaf': 1, 'class_weight': 'balanced'}. Best is trial 6 with value: 1.0.
2024-12-10 15:09:29,475 - INFO - Trial 17 finished with value: 0.9946251129177958 and parameters: {'max_depth': 10, 'min_samples_split': 6, 'min_samples_leaf': 3, 'class_weight': None}. Best is trial 6 with value: 1.0.
2024-12-10 15:09:29,508 - INFO - Trial 18 finished with value: 0.9946251129177958 and parameters: {'max_depth': 18, 'min_samples_split': 8, 'min_samples_leaf': 2, 'class_weight': 'balanced'}. Best is trial 6 with value: 1.0.
