2024-11-26 15:58:35,727 - INFO - Trial 29 finished with value: 1.0 and parameters: {'n_estimators': 132, 'max_depth': 5, 'learning_rate': 0.16257642872124556, 'subsample': 0.8148843996441733, 'colsample_bytree': 0.9954873273654837, 'scale_pos_weight': 0.7380866028238178}. Best is trial 0 with value: 1.0.
2024-11-26 15:58:35,832 - INFO - Trial 30 finished with value: 0.9946251129177958 and parameters: {'n_estimators': 227, 'max_depth': 8, 'learning_rate': 0.07441174383735585, 'subsample': 0.5245964185916996, 'colsample_bytree': 0.8794071379908877, 'scale_pos_weight': 0.811371401005055}. Best is trial 0 with value: 1.0.
2024-11-26 15:58:35,899 - INFO - Trial 31 finished with value: 0.99013357619915 and parameters: {'n_estimators': 92, 'max_depth': 17, 'learning_rate': 0.025995964697038004, 'subsample': 0.7786311205007693, 'colsample_bytree': 0.5396279701579392, 'scale_pos_weight': 0.5209310802239856}. Best is trial 0 with value: 1.0.
2024-11-26 15:58:35,992 - INFO - Trial 32 finished with value: 1.0 and parameters: {'n_estimators': 157, 'max_depth': 18, 'learning_rate': 0.04148664307813528, 'subsample': 0.6882146379883393, 'colsample_bytree': 0.5247843522202673, 'scale_pos_weight': 0.649339708348315}. Best is trial 0 with value: 1.0.
2024-11-26 15:58:36,093 - INFO - Trial 33 finished with value: 0.9946251129177958 and parameters: {'n_estimators': 199, 'max_depth': 17, 'learning_rate': 0.06640133993169325, 'subsample': 0.9608188066030954, 'colsample_bytree': 0.5728283428753986, 'scale_pos_weight': 0.5730864720531017}. Best is trial 0 with value: 1.0.
2024-11-26 15:58:36,200 - INFO - Trial 34 finished with value: 1.0 and parameters: {'n_estimators': 163, 'max_depth': 20, 'learning_rate': 0.02626837889697485, 'subsample': 0.7897888164235228, 'colsample_bytree': 0.8395822016929946, 'scale_pos_weight': 0.5964958245773695}. Best is trial 0 with value: 1.0.
2024-11-26 15:58:36,263 - INFO - Trial 35 finished with value: 0.9946251129177958 and parameters: {'n_estimators': 79, 'max_depth': 18, 'learning_rate': 0.08678167712326883, 'subsample': 0.8455275911861136, 'colsample_bytree': 0.5080175578792121, 'scale_pos_weight': 1.293733965381101}. Best is trial 0 with value: 1.0.
2024-11-26 15:58:36,341 - INFO - Trial 36 finished with value: 1.0 and parameters: {'n_estimators': 112, 'max_depth': 12, 'learning_rate': 0.03259649646863663, 'subsample': 0.7599194004936946, 'colsample_bytree': 0.6282952101060069, 'scale_pos_weight': 0.8122036077349655}. Best is trial 0 with value: 1.0.
2024-11-26 15:58:36,418 - INFO - Trial 37 finished with value: 0.9946251129177958 and parameters: {'n_estimators': 145, 'max_depth': 15, 'learning_rate': 0.18139375471487285, 'subsample': 0.805399869274725, 'colsample_bytree': 0.8385489860118943, 'scale_pos_weight': 0.9879269564854873}. Best is trial 0 with value: 1.0.
2024-11-26 15:58:36,471 - INFO - Trial 38 finished with value: 1.0 and parameters: {'n_estimators': 57, 'max_depth': 19, 'learning_rate': 0.219582628279172, 'subsample': 0.7239333193519024, 'colsample_bytree': 0.8855411606507436, 'scale_pos_weight': 1.4931579684848921}. Best is trial 0 with value: 1.0.
2024-11-26 15:58:36,570 - INFO - Trial 39 finished with value: 0.9946251129177958 and parameters: {'n_estimators': 203, 'max_depth': 14, 'learning_rate': 0.10572123208307654, 'subsample': 0.8952117705817435, 'colsample_bytree': 0.5542566719536712, 'scale_pos_weight': 1.1774794506735065}. Best is trial 0 with value: 1.0.
2024-11-26 15:58:36,709 - INFO - Trial 40 finished with value: 0.9946251129177958 and parameters: {'n_estimators': 244, 'max_depth': 10, 'learning_rate': 0.13682187733939455, 'subsample': 0.9341598693224679, 'colsample_bytree': 0.6257153226144384, 'scale_pos_weight': 1.0940512392570816}. Best is trial 0 with value: 1.0.
2024-11-26 15:58:36,784 - INFO - Trial 41 finished with value: 0.9949377571191965 and parameters: {'n_estimators': 71, 'max_depth': 4, 'learning_rate': 0.06047700555866738, 'subsample': 0.8610389947014973, 'colsample_bytree': 0.5296039950287099, 'scale_pos_weight': 0.9416107487403682}. Best is trial 0 with value: 1.0.
2024-11-26 15:58:36,849 - INFO - Trial 42 finished with value: 1.0 and parameters: {'n_estimators': 82, 'max_depth': 8, 'learning_rate': 0.07419601247032874, 'subsample': 0.8510606649361979, 'colsample_bytree': 0.5058800813082425, 'scale_pos_weight': 0.8695817210746265}. Best is trial 0 with value: 1.0.
2024-11-26 15:58:36,902 - INFO - Trial 43 finished with value: 1.0 and parameters: {'n_estimators': 59, 'max_depth': 7, 'learning_rate': 0.1118710270955337, 'subsample': 0.8766445335410483, 'colsample_bytree': 0.5014645284522028, 'scale_pos_weight': 0.5013361634425725}. Best is trial 0 with value: 1.0.
2024-11-26 15:58:36,965 - INFO - Trial 44 finished with value: 1.0 and parameters: {'n_estimators': 99, 'max_depth': 3, 'learning_rate': 0.14321859003185963, 'subsample': 0.829503961834016, 'colsample_bytree': 0.5856764320724914, 'scale_pos_weight': 0.6214060760347131}. Best is trial 0 with value: 1.0.
2024-11-26 15:58:37,026 - INFO - Trial 45 finished with value: 0.9949377571191965 and parameters: {'n_estimators': 69, 'max_depth': 12, 'learning_rate': 0.051234444415503726, 'subsample': 0.7927460750067924, 'colsample_bytree': 0.5464083434121437, 'scale_pos_weight': 0.7960947526836044}. Best is trial 0 with value: 1.0.
2024-11-26 15:58:37,114 - INFO - Trial 46 finished with value: 0.9946251129177958 and parameters: {'n_estimators': 184, 'max_depth': 3, 'learning_rate': 0.0863840373942155, 'subsample': 0.6892908035633124, 'colsample_bytree': 0.8222821074269012, 'scale_pos_weight': 1.4346403530127976}. Best is trial 0 with value: 1.0.
2024-11-26 15:58:37,217 - INFO - Trial 47 finished with value: 1.0 and parameters: {'n_estimators': 125, 'max_depth': 16, 'learning_rate': 0.015125486420755417, 'subsample': 0.9467336927881953, 'colsample_bytree': 0.7793156309514497, 'scale_pos_weight': 1.211765872567049}. Best is trial 0 with value: 1.0.
2024-11-26 15:58:37,328 - INFO - Trial 48 finished with value: 0.9946251129177958 and parameters: {'n_estimators': 267, 'max_depth': 10, 'learning_rate': 0.12520953987919073, 'subsample': 0.6491981920489729, 'colsample_bytree': 0.8592237256452953, 'scale_pos_weight': 1.343803469542277}. Best is trial 0 with value: 1.0.
2024-11-26 15:58:37,384 - INFO - Trial 49 finished with value: 1.0 and parameters: {'n_estimators': 53, 'max_depth': 14, 'learning_rate': 0.05112379583626875, 'subsample': 0.9739104236880403, 'colsample_bytree': 0.6563006580722017, 'scale_pos_weight': 1.0827526627817643}. Best is trial 0 with value: 1.0.
2024-11-26 15:58:37,456 - INFO - Trial 50 finished with value: 1.0 and parameters: {'n_estimators': 123, 'max_depth': 5, 'learning_rate': 0.10247615000474576, 'subsample': 0.885858742294614, 'colsample_bytree': 0.5653246656270885, 'scale_pos_weight': 0.7056283046127176}. Best is trial 0 with value: 1.0.
2024-11-26 15:58:37,598 - INFO - Trial 51 finished with value: 1.0 and parameters: {'n_estimators': 300, 'max_depth': 10, 'learning_rate': 0.016181673103124416, 'subsample': 0.9084933396534247, 'colsample_bytree': 0.6027815185350927, 'scale_pos_weight': 0.5649755998878645}. Best is trial 0 with value: 1.0.
2024-11-26 15:58:37,732 - INFO - Trial 52 finished with value: 1.0 and parameters: {'n_estimators': 286, 'max_depth': 11, 'learning_rate': 0.030966774899990095, 'subsample': 0.838504620129483, 'colsample_bytree': 0.7050102550781225, 'scale_pos_weight': 0.6676927140653554}. Best is trial 0 with value: 1.0.
2024-11-26 15:58:37,875 - INFO - Trial 53 finished with value: 0.99013357619915 and parameters: {'n_estimators': 293, 'max_depth': 12, 'learning_rate': 0.01205659025415319, 'subsample': 0.875779705052923, 'colsample_bytree': 0.5243278644010518, 'scale_pos_weight': 0.5337425277449865}. Best is trial 0 with value: 1.0.
2024-11-26 15:58:37,991 - INFO - Trial 54 finished with value: 1.0 and parameters: {'n_estimators': 260, 'max_depth': 7, 'learning_rate': 0.07812183897891885, 'subsample': 0.8250302080377203, 'colsample_bytree': 0.7349424270825995, 'scale_pos_weight': 0.6222599998009272}. Best is trial 0 with value: 1.0.
2024-11-26 15:58:38,124 - INFO - Trial 55 finished with value: 1.0 and parameters: {'n_estimators': 243, 'max_depth': 9, 'learning_rate': 0.04104147982483384, 'subsample': 0.9288366782798984, 'colsample_bytree': 0.8854653022058345, 'scale_pos_weight': 0.7533117322972914}. Best is trial 0 with value: 1.0.
2024-11-26 15:58:38,248 - INFO - Trial 56 finished with value: 1.0 and parameters: {'n_estimators': 285, 'max_depth': 11, 'learning_rate': 0.058324380121477476, 'subsample': 0.8617201722004615, 'colsample_bytree': 0.6756019521393104, 'scale_pos_weight': 0.9147193838866354}. Best is trial 0 with value: 1.0.
2024-11-26 15:58:38,350 - INFO - Trial 57 finished with value: 0.9946251129177958 and parameters: {'n_estimators': 266, 'max_depth': 13, 'learning_rate': 0.29737153528423693, 'subsample': 0.810292613636947, 'colsample_bytree': 0.7675142945042044, 'scale_pos_weight': 1.5756935974494406}. Best is trial 0 with value: 1.0.
2024-11-26 15:58:38,446 - INFO - Trial 58 finished with value: 1.0 and parameters: {'n_estimators': 229, 'max_depth': 14, 'learning_rate': 0.24421380019919975, 'subsample': 0.7600646208485367, 'colsample_bytree': 0.9424909417040805, 'scale_pos_weight': 0.6753297575285596}. Best is trial 0 with value: 1.0.
2024-11-26 15:58:38,561 - INFO - Trial 59 finished with value: 1.0 and parameters: {'n_estimators': 217, 'max_depth': 16, 'learning_rate': 0.02272367816155965, 'subsample': 0.5813126991307204, 'colsample_bytree': 0.5794589680821456, 'scale_pos_weight': 1.3401341271003147}. Best is trial 0 with value: 1.0.
2024-11-26 15:58:38,631 - INFO - Trial 60 finished with value: 0.9946251129177958 and parameters: {'n_estimators': 99, 'max_depth': 8, 'learning_rate': 0.1744588779201346, 'subsample': 0.7112247667120675, 'colsample_bytree': 0.5172698803751895, 'scale_pos_weight': 1.136085277804848}. Best is trial 0 with value: 1.0.
2024-11-26 15:58:38,738 - INFO - Trial 61 finished with value: 0.9946251129177958 and parameters: {'n_estimators': 240, 'max_depth': 11, 'learning_rate': 0.12648287703302358, 'subsample': 0.7311841992190911, 'colsample_bytree': 0.9969191167525917, 'scale_pos_weight': 1.701310113330389}. Best is trial 0 with value: 1.0.
2024-11-26 15:58:38,842 - INFO - Trial 62 finished with value: 0.9946251129177958 and parameters: {'n_estimators': 251, 'max_depth': 13, 'learning_rate': 0.20002482562832363, 'subsample': 0.5541813403962524, 'colsample_bytree': 0.9385073093051732, 'scale_pos_weight': 1.5963705207974617}. Best is trial 0 with value: 1.0.
2024-11-26 15:58:38,950 - INFO - Trial 63 finished with value: 0.9946251129177958 and parameters: {'n_estimators': 273, 'max_depth': 19, 'learning_rate': 0.285029842540943, 'subsample': 0.6222005886141062, 'colsample_bytree': 0.911626288898156, 'scale_pos_weight': 1.8039464713344675}. Best is trial 0 with value: 1.0.
2024-11-26 15:58:39,073 - INFO - Trial 64 finished with value: 1.0 and parameters: {'n_estimators': 209, 'max_depth': 10, 'learning_rate': 0.035396539051680324, 'subsample': 0.6665005904684069, 'colsample_bytree': 0.9740843821199788, 'scale_pos_weight': 1.4513091169750179}. Best is trial 0 with value: 1.0.
2024-11-26 15:58:39,156 - INFO - Trial 65 finished with value: 0.9946251129177958 and parameters: {'n_estimators': 165, 'max_depth': 9, 'learning_rate': 0.1500996307359012, 'subsample': 0.5073214829784696, 'colsample_bytree': 0.80374817212517, 'scale_pos_weight': 1.2918449736400142}. Best is trial 0 with value: 1.0.
2024-11-26 15:58:39,276 - INFO - Trial 66 finished with value: 1.0 and parameters: {'n_estimators': 189, 'max_depth': 11, 'learning_rate': 0.048230504183620314, 'subsample': 0.9205921223961923, 'colsample_bytree': 0.9750840010583086, 'scale_pos_weight': 1.4076881435597872}. Best is trial 0 with value: 1.0.
2024-11-26 15:58:39,405 - INFO - Trial 67 finished with value: 0.9946251129177958 and parameters: {'n_estimators': 292, 'max_depth': 18, 'learning_rate': 0.06444216965924893, 'subsample': 0.8960687850327996, 'colsample_bytree': 0.603804856214216, 'scale_pos_weight': 1.2249439917242575}. Best is trial 0 with value: 1.0.
2024-11-26 15:58:39,486 - INFO - Trial 68 finished with value: 0.9946251129177958 and parameters: {'n_estimators': 141, 'max_depth': 6, 'learning_rate': 0.09546649058298211, 'subsample': 0.7795207906177397, 'colsample_bytree': 0.5349195653061953, 'scale_pos_weight': 1.961904980823467}. Best is trial 0 with value: 1.0.
2024-11-26 15:58:39,604 - INFO - Trial 69 finished with value: 0.9946251129177958 and parameters: {'n_estimators': 282, 'max_depth': 12, 'learning_rate': 0.16083761628913767, 'subsample': 0.798585163529087, 'colsample_bytree': 0.7432199534187319, 'scale_pos_weight': 1.554915504895808}. Best is trial 0 with value: 1.0.
2024-11-26 15:58:39,679 - INFO - Trial 70 finished with value: 0.9946251129177958 and parameters: {'n_estimators': 79, 'max_depth': 15, 'learning_rate': 0.02047322256795609, 'subsample': 0.7563089742297229, 'colsample_bytree': 0.8292982355363299, 'scale_pos_weight': 1.7040105051403596}. Best is trial 0 with value: 1.0.
2024-11-26 15:58:39,736 - INFO - Trial 71 finished with value: 1.0 and parameters: {'n_estimators': 64, 'max_depth': 5, 'learning_rate': 0.11414859114366588, 'subsample': 0.980588637262919, 'colsample_bytree': 0.549613773166947, 'scale_pos_weight': 1.0517715182899643}. Best is trial 0 with value: 1.0.
2024-11-26 15:58:39,805 - INFO - Trial 72 finished with value: 0.9946251129177958 and parameters: {'n_estimators': 110, 'max_depth': 4, 'learning_rate': 0.12083487098798744, 'subsample': 0.9499764986651789, 'colsample_bytree': 0.5146738634474218, 'scale_pos_weight': 0.5508919937559205}. Best is trial 0 with value: 1.0.
2024-11-26 15:58:39,856 - INFO - Trial 73 finished with value: 1.0 and parameters: {'n_estimators': 50, 'max_depth': 4, 'learning_rate': 0.13407129433111908, 'subsample': 0.8487596041087626, 'colsample_bytree': 0.5645895844199559, 'scale_pos_weight': 1.151065009929834}. Best is trial 0 with value: 1.0.
2024-11-26 15:58:39,932 - INFO - Trial 74 finished with value: 1.0 and parameters: {'n_estimators': 90, 'max_depth': 9, 'learning_rate': 0.08166569319441785, 'subsample': 0.9965795391649209, 'colsample_bytree': 0.8716978677934502, 'scale_pos_weight': 0.9700415826869027}. Best is trial 0 with value: 1.0.
2024-11-26 15:58:40,018 - INFO - Trial 75 finished with value: 1.0 and parameters: {'n_estimators': 177, 'max_depth': 3, 'learning_rate': 0.09593653363286023, 'subsample': 0.8690891195964152, 'colsample_bytree': 0.6955831920372066, 'scale_pos_weight': 0.759817728530963}. Best is trial 0 with value: 1.0.
2024-11-26 15:58:40,079 - INFO - Trial 76 finished with value: 0.9949377571191965 and parameters: {'n_estimators': 73, 'max_depth': 6, 'learning_rate': 0.06935367451623418, 'subsample': 0.8217923054397744, 'colsample_bytree': 0.649817433711142, 'scale_pos_weight': 0.5004475735177073}. Best is trial 0 with value: 1.0.
2024-11-26 15:58:40,158 - INFO - Trial 77 finished with value: 0.9946251129177958 and parameters: {'n_estimators': 150, 'max_depth': 17, 'learning_rate': 0.10443989492189196, 'subsample': 0.7745354957653954, 'colsample_bytree': 0.5317088319754932, 'scale_pos_weight': 0.603595636159915}. Best is trial 0 with value: 1.0.
2024-11-26 15:58:40,262 - INFO - Trial 78 finished with value: 0.9946251129177958 and parameters: {'n_estimators': 251, 'max_depth': 4, 'learning_rate': 0.15107453354187245, 'subsample': 0.8370273682399703, 'colsample_bytree': 0.5921315356124042, 'scale_pos_weight': 1.8808136709698604}. Best is trial 0 with value: 1.0.
2024-11-26 15:58:40,321 - INFO - Trial 79 finished with value: 1.0 and parameters: {'n_estimators': 62, 'max_depth': 7, 'learning_rate': 0.03428259543310095, 'subsample': 0.7037155253907034, 'colsample_bytree': 0.6151319759877268, 'scale_pos_weight': 1.318811705580117}. Best is trial 0 with value: 1.0.
2024-11-26 15:58:40,427 - INFO - Trial 80 finished with value: 0.9946251129177958 and parameters: {'n_estimators': 191, 'max_depth': 8, 'learning_rate': 0.04594856631146464, 'subsample': 0.998530098762126, 'colsample_bytree': 0.5013201693365789, 'scale_pos_weight': 1.4014445217516154}. Best is trial 0 with value: 1.0.
2024-11-26 15:58:40,505 - INFO - Trial 81 finished with value: 1.0 and parameters: {'n_estimators': 107, 'max_depth': 5, 'learning_rate': 0.038436463163453234, 'subsample': 0.8912994018794738, 'colsample_bytree': 0.787195420099793, 'scale_pos_weight': 0.845221870906306}. Best is trial 0 with value: 1.0.
2024-11-26 15:58:40,572 - INFO - Trial 82 finished with value: 0.99013357619915 and parameters: {'n_estimators': 88, 'max_depth': 3, 'learning_rate': 0.030198493440031948, 'subsample': 0.8154755760038973, 'colsample_bytree': 0.8937734506803964, 'scale_pos_weight': 0.579234975560165}. Best is trial 0 with value: 1.0.
2024-11-26 15:58:40,649 - INFO - Trial 83 finished with value: 1.0 and parameters: {'n_estimators': 119, 'max_depth': 6, 'learning_rate': 0.05640702519652349, 'subsample': 0.791328490064577, 'colsample_bytree': 0.6699568172141943, 'scale_pos_weight': 0.6490580999911801}. Best is trial 0 with value: 1.0.
2024-11-26 15:58:40,716 - INFO - Trial 84 finished with value: 1.0 and parameters: {'n_estimators': 99, 'max_depth': 4, 'learning_rate': 0.09046722141284562, 'subsample': 0.8536608250111783, 'colsample_bytree': 0.7215357669809158, 'scale_pos_weight': 0.7184881566308922}. Best is trial 0 with value: 1.0.
2024-11-26 15:58:40,787 - INFO - Trial 85 finished with value: 1.0 and parameters: {'n_estimators': 76, 'max_depth': 7, 'learning_rate': 0.024609212860195635, 'subsample': 0.9171730913536974, 'colsample_bytree': 0.8487902070296619, 'scale_pos_weight': 1.2529241602786172}. Best is trial 0 with value: 1.0.
2024-11-26 15:58:40,854 - INFO - Trial 86 finished with value: 1.0 and parameters: {'n_estimators': 83, 'max_depth': 10, 'learning_rate': 0.10785606654590214, 'subsample': 0.9654755612841756, 'colsample_bytree': 0.7702923231340548, 'scale_pos_weight': 1.192230564620523}. Best is trial 0 with value: 1.0.
2024-11-26 15:58:41,005 - INFO - Trial 87 finished with value: 0.9949377571191965 and parameters: {'n_estimators': 293, 'max_depth': 8, 'learning_rate': 0.010276787726839844, 'subsample': 0.8037241681129319, 'colsample_bytree': 0.7556319753865192, 'scale_pos_weight': 0.6331122593853028}. Best is trial 0 with value: 1.0.
2024-11-26 15:58:41,111 - INFO - Trial 88 finished with value: 1.0 and parameters: {'n_estimators': 235, 'max_depth': 5, 'learning_rate': 0.07556890318323231, 'subsample': 0.8702324043038153, 'colsample_bytree': 0.5395465735512107, 'scale_pos_weight': 0.525767210392363}. Best is trial 0 with value: 1.0.
2024-11-26 15:58:41,170 - INFO - Trial 89 finished with value: 0.9946251129177958 and parameters: {'n_estimators': 67, 'max_depth': 20, 'learning_rate': 0.1276269931936958, 'subsample': 0.83986969865852, 'colsample_bytree': 0.6852162949499578, 'scale_pos_weight': 0.6915252825407293}. Best is trial 0 with value: 1.0.
2024-11-26 15:58:41,258 - INFO - Trial 90 finished with value: 0.9946251129177958 and parameters: {'n_estimators': 206, 'max_depth': 9, 'learning_rate': 0.27799897224464043, 'subsample': 0.8980479264665903, 'colsample_bytree': 0.5737727154976295, 'scale_pos_weight': 0.7764845800215456}. Best is trial 0 with value: 1.0.
2024-11-26 15:58:41,349 - INFO - Trial 91 finished with value: 1.0 and parameters: {'n_estimators': 172, 'max_depth': 19, 'learning_rate': 0.11630900903865868, 'subsample': 0.7445064842742457, 'colsample_bytree': 0.949464612543317, 'scale_pos_weight': 1.0187780867646972}. Best is trial 0 with value: 1.0.
2024-11-26 15:58:41,439 - INFO - Trial 92 finished with value: 0.9946251129177958 and parameters: {'n_estimators': 168, 'max_depth': 19, 'learning_rate': 0.1341154074382902, 'subsample': 0.835838616679949, 'colsample_bytree': 0.9793164711323843, 'scale_pos_weight': 1.0569512480772894}. Best is trial 0 with value: 1.0.
2024-11-26 15:58:41,522 - INFO - Trial 93 finished with value: 1.0 and parameters: {'n_estimators': 155, 'max_depth': 3, 'learning_rate': 0.09891737603081704, 'subsample': 0.6717758244967152, 'colsample_bytree': 0.9161820769681845, 'scale_pos_weight': 0.8690495389933149}. Best is trial 0 with value: 1.0.
2024-11-26 15:58:41,626 - INFO - Trial 94 finished with value: 0.9946251129177958 and parameters: {'n_estimators': 199, 'max_depth': 18, 'learning_rate': 0.08137121944085993, 'subsample': 0.8185907834199583, 'colsample_bytree': 0.9295459775049315, 'scale_pos_weight': 0.9380674737421397}. Best is trial 0 with value: 1.0.
2024-11-26 15:58:41,730 - INFO - Trial 95 finished with value: 0.9946251129177958 and parameters: {'n_estimators': 220, 'max_depth': 20, 'learning_rate': 0.14203796691331413, 'subsample': 0.8288944403125124, 'colsample_bytree': 0.9639459420520553, 'scale_pos_weight': 1.1133299946920592}. Best is trial 0 with value: 1.0.
2024-11-26 15:58:41,838 - INFO - Trial 96 finished with value: 1.0 and parameters: {'n_estimators': 181, 'max_depth': 6, 'learning_rate': 0.019383157682406574, 'subsample': 0.8830679878613054, 'colsample_bytree': 0.5218157882217632, 'scale_pos_weight': 1.5253806222372204}. Best is trial 0 with value: 1.0.
2024-11-26 15:58:41,918 - INFO - Trial 97 finished with value: 1.0 and parameters: {'n_estimators': 139, 'max_depth': 10, 'learning_rate': 0.1202507714606385, 'subsample': 0.6009714085698089, 'colsample_bytree': 0.813184761203126, 'scale_pos_weight': 0.585941194488012}. Best is trial 0 with value: 1.0.
2024-11-26 15:58:42,030 - INFO - Trial 98 finished with value: 1.0 and parameters: {'n_estimators': 278, 'max_depth': 16, 'learning_rate': 0.22592433396936473, 'subsample': 0.8588254582743248, 'colsample_bytree': 0.9553266510733398, 'scale_pos_weight': 1.00786290909327}. Best is trial 0 with value: 1.0.
