2025-02-02 17:08:25,465 - INFO - Trial 313 finished with value: 0.846683354192741 and parameters: {'n_estimators': 181, 'max_depth': 9, 'learning_rate': 0.16048295723178282, 'subsample': 0.751277323490688}. Best is trial 84 with value: 0.9080100125156445.
2025-02-02 17:08:25,522 - INFO - Trial 314 finished with value: 0.8125 and parameters: {'n_estimators': 89, 'max_depth': 12, 'learning_rate': 0.188202629908184, 'subsample': 0.7151414209039476}. Best is trial 84 with value: 0.9080100125156445.
2025-02-02 17:08:25,581 - INFO - Trial 315 finished with value: 0.846683354192741 and parameters: {'n_estimators': 110, 'max_depth': 8, 'learning_rate': 0.19612089403540195, 'subsample': 0.6365739389483707}. Best is trial 84 with value: 0.9080100125156445.
2025-02-02 17:08:25,635 - INFO - Trial 316 finished with value: 0.75 and parameters: {'n_estimators': 74, 'max_depth': 13, 'learning_rate': 0.0592533913428171, 'subsample': 0.6649370887351543}. Best is trial 84 with value: 0.9080100125156445.
2025-02-02 17:08:25,693 - INFO - Trial 317 finished with value: 0.846683354192741 and parameters: {'n_estimators': 96, 'max_depth': 10, 'learning_rate': 0.18202510689975704, 'subsample': 0.6887987904971399}. Best is trial 84 with value: 0.9080100125156445.
2025-02-02 17:08:25,747 - INFO - Trial 318 finished with value: 0.8792270531400965 and parameters: {'n_estimators': 83, 'max_depth': 11, 'learning_rate': 0.17024604194981602, 'subsample': 0.7320947583723904}. Best is trial 84 with value: 0.9080100125156445.
2025-02-02 17:08:25,798 - INFO - Trial 319 finished with value: 0.875 and parameters: {'n_estimators': 80, 'max_depth': 11, 'learning_rate': 0.1622140537588733, 'subsample': 0.7298762893759994}. Best is trial 84 with value: 0.9080100125156445.
2025-02-02 17:08:25,855 - INFO - Trial 320 finished with value: 0.846683354192741 and parameters: {'n_estimators': 119, 'max_depth': 11, 'learning_rate': 0.16860936205417862, 'subsample': 0.7398544993769618}. Best is trial 84 with value: 0.9080100125156445.
2025-02-02 17:08:25,905 - INFO - Trial 321 finished with value: 0.8125 and parameters: {'n_estimators': 74, 'max_depth': 11, 'learning_rate': 0.16688974953595168, 'subsample': 0.7215335134322077}. Best is trial 84 with value: 0.9080100125156445.
2025-02-02 17:08:25,957 - INFO - Trial 322 finished with value: 0.8125 and parameters: {'n_estimators': 82, 'max_depth': 12, 'learning_rate': 0.17328857376091114, 'subsample': 0.7746343322997871}. Best is trial 84 with value: 0.9080100125156445.
2025-02-02 17:08:26,020 - INFO - Trial 323 finished with value: 0.846683354192741 and parameters: {'n_estimators': 131, 'max_depth': 11, 'learning_rate': 0.15548741740170363, 'subsample': 0.750029588049162}. Best is trial 84 with value: 0.9080100125156445.
2025-02-02 17:08:26,096 - INFO - Trial 324 finished with value: 0.875 and parameters: {'n_estimators': 208, 'max_depth': 12, 'learning_rate': 0.16433467402031024, 'subsample': 0.7309258913584407}. Best is trial 84 with value: 0.9080100125156445.
2025-02-02 17:08:26,148 - INFO - Trial 325 finished with value: 0.7853566958698374 and parameters: {'n_estimators': 57, 'max_depth': 12, 'learning_rate': 0.1930205068978669, 'subsample': 0.7113667875080928}. Best is trial 84 with value: 0.9080100125156445.
2025-02-02 17:08:26,202 - INFO - Trial 326 finished with value: 0.846683354192741 and parameters: {'n_estimators': 86, 'max_depth': 10, 'learning_rate': 0.19696320825280314, 'subsample': 0.7404655582563388}. Best is trial 84 with value: 0.9080100125156445.
2025-02-02 17:08:26,252 - INFO - Trial 327 finished with value: 0.8125 and parameters: {'n_estimators': 70, 'max_depth': 11, 'learning_rate': 0.17042988932386383, 'subsample': 0.724992126090439}. Best is trial 84 with value: 0.9080100125156445.
2025-02-02 17:08:26,302 - INFO - Trial 328 finished with value: 0.8188405797101449 and parameters: {'n_estimators': 76, 'max_depth': 16, 'learning_rate': 0.15163052908307642, 'subsample': 0.7573540521448214}. Best is trial 84 with value: 0.9080100125156445.
2025-02-02 17:08:26,357 - INFO - Trial 329 finished with value: 0.7853566958698374 and parameters: {'n_estimators': 89, 'max_depth': 9, 'learning_rate': 0.09193698077834425, 'subsample': 0.737788734797146}. Best is trial 84 with value: 0.9080100125156445.
2025-02-02 17:08:26,410 - INFO - Trial 330 finished with value: 0.8125 and parameters: {'n_estimators': 83, 'max_depth': 8, 'learning_rate': 0.176906036669273, 'subsample': 0.6270339559041919}. Best is trial 84 with value: 0.9080100125156445.
2025-02-02 17:08:26,484 - INFO - Trial 331 finished with value: 0.8401360544217686 and parameters: {'n_estimators': 196, 'max_depth': 10, 'learning_rate': 0.19124998612254132, 'subsample': 0.7190082053236466}. Best is trial 84 with value: 0.9080100125156445.
2025-02-02 17:08:26,540 - INFO - Trial 332 finished with value: 0.7853566958698374 and parameters: {'n_estimators': 92, 'max_depth': 12, 'learning_rate': 0.18690603723668686, 'subsample': 0.7087239040260181}. Best is trial 84 with value: 0.9080100125156445.
2025-02-02 17:08:26,610 - INFO - Trial 333 finished with value: 0.846683354192741 and parameters: {'n_estimators': 173, 'max_depth': 13, 'learning_rate': 0.17224628934240177, 'subsample': 0.7307078046475624}. Best is trial 84 with value: 0.9080100125156445.
2025-02-02 17:08:26,664 - INFO - Trial 334 finished with value: 0.8401360544217686 and parameters: {'n_estimators': 79, 'max_depth': 12, 'learning_rate': 0.18419203737351375, 'subsample': 0.7490687011407187}. Best is trial 84 with value: 0.9080100125156445.
2025-02-02 17:08:26,719 - INFO - Trial 335 finished with value: 0.875 and parameters: {'n_estimators': 86, 'max_depth': 15, 'learning_rate': 0.1933121476287647, 'subsample': 0.7422477634419449}. Best is trial 84 with value: 0.9080100125156445.
2025-02-02 17:08:26,774 - INFO - Trial 336 finished with value: 0.875 and parameters: {'n_estimators': 91, 'max_depth': 6, 'learning_rate': 0.1783249117028719, 'subsample': 0.6470454041973768}. Best is trial 84 with value: 0.9080100125156445.
2025-02-02 17:08:26,831 - INFO - Trial 337 finished with value: 0.8125 and parameters: {'n_estimators': 84, 'max_depth': 11, 'learning_rate': 0.18838007043136232, 'subsample': 0.759165645603297}. Best is trial 84 with value: 0.9080100125156445.
2025-02-02 17:08:26,884 - INFO - Trial 338 finished with value: 0.75 and parameters: {'n_estimators': 77, 'max_depth': 11, 'learning_rate': 0.024398833807240464, 'subsample': 0.7202175591616363}. Best is trial 84 with value: 0.9080100125156445.
2025-02-02 17:08:26,934 - INFO - Trial 339 finished with value: 0.8188405797101449 and parameters: {'n_estimators': 67, 'max_depth': 9, 'learning_rate': 0.15776223865192326, 'subsample': 0.7321933762978229}. Best is trial 84 with value: 0.9080100125156445.
2025-02-02 17:08:26,989 - INFO - Trial 340 finished with value: 0.846683354192741 and parameters: {'n_estimators': 93, 'max_depth': 13, 'learning_rate': 0.16588112121757326, 'subsample': 0.7461765833486553}. Best is trial 84 with value: 0.9080100125156445.
2025-02-02 17:08:27,077 - INFO - Trial 341 finished with value: 0.846683354192741 and parameters: {'n_estimators': 277, 'max_depth': 8, 'learning_rate': 0.13192594478580627, 'subsample': 0.705757523988444}. Best is trial 84 with value: 0.9080100125156445.
2025-02-02 17:08:27,159 - INFO - Trial 342 finished with value: 0.8125 and parameters: {'n_estimators': 252, 'max_depth': 12, 'learning_rate': 0.1982751396868728, 'subsample': 0.7682038788327796}. Best is trial 84 with value: 0.9080100125156445.
2025-02-02 17:08:27,214 - INFO - Trial 343 finished with value: 0.8125 and parameters: {'n_estimators': 87, 'max_depth': 10, 'learning_rate': 0.1751760736396528, 'subsample': 0.7268406149531831}. Best is trial 84 with value: 0.9080100125156445.
2025-02-02 17:08:27,267 - INFO - Trial 344 finished with value: 0.875 and parameters: {'n_estimators': 81, 'max_depth': 12, 'learning_rate': 0.1833771973150583, 'subsample': 0.6526893454845437}. Best is trial 84 with value: 0.9080100125156445.
2025-02-02 17:08:27,323 - INFO - Trial 345 finished with value: 0.8401360544217686 and parameters: {'n_estimators': 98, 'max_depth': 11, 'learning_rate': 0.1907569819991392, 'subsample': 0.7332305028555003}. Best is trial 84 with value: 0.9080100125156445.
2025-02-02 17:08:27,400 - INFO - Trial 346 finished with value: 0.846683354192741 and parameters: {'n_estimators': 231, 'max_depth': 8, 'learning_rate': 0.17934575053215004, 'subsample': 0.6400415975415682}. Best is trial 84 with value: 0.9080100125156445.
2025-02-02 17:08:27,455 - INFO - Trial 347 finished with value: 0.9080100125156445 and parameters: {'n_estimators': 73, 'max_depth': 15, 'learning_rate': 0.17091666892947846, 'subsample': 0.7518267270303297}. Best is trial 84 with value: 0.9080100125156445.
2025-02-02 17:08:27,508 - INFO - Trial 348 finished with value: 0.8188405797101449 and parameters: {'n_estimators': 71, 'max_depth': 15, 'learning_rate': 0.17151500099247396, 'subsample': 0.7559000117990373}. Best is trial 84 with value: 0.9080100125156445.
2025-02-02 17:08:27,561 - INFO - Trial 349 finished with value: 0.846683354192741 and parameters: {'n_estimators': 74, 'max_depth': 16, 'learning_rate': 0.16847663908825966, 'subsample': 0.7485229177061734}. Best is trial 84 with value: 0.9080100125156445.
2025-02-02 17:08:27,611 - INFO - Trial 350 finished with value: 0.875 and parameters: {'n_estimators': 65, 'max_depth': 15, 'learning_rate': 0.165762605287961, 'subsample': 0.7639558246899307}. Best is trial 84 with value: 0.9080100125156445.
2025-02-02 17:08:27,698 - INFO - Trial 351 finished with value: 0.7853566958698374 and parameters: {'n_estimators': 263, 'max_depth': 15, 'learning_rate': 0.07771314094439472, 'subsample': 0.7430287670707454}. Best is trial 84 with value: 0.9080100125156445.
2025-02-02 17:08:27,752 - INFO - Trial 352 finished with value: 0.8125 and parameters: {'n_estimators': 78, 'max_depth': 7, 'learning_rate': 0.17139981962970768, 'subsample': 0.7385434342052632}. Best is trial 84 with value: 0.9080100125156445.
2025-02-02 17:08:27,805 - INFO - Trial 353 finished with value: 0.875 and parameters: {'n_estimators': 84, 'max_depth': 16, 'learning_rate': 0.17426129984619215, 'subsample': 0.7185028859488742}. Best is trial 84 with value: 0.9080100125156445.
2025-02-02 17:08:27,855 - INFO - Trial 354 finished with value: 0.7853566958698374 and parameters: {'n_estimators': 61, 'max_depth': 15, 'learning_rate': 0.1629101563484072, 'subsample': 0.8317809733632573}. Best is trial 84 with value: 0.9080100125156445.
2025-02-02 17:08:27,906 - INFO - Trial 355 finished with value: 0.846683354192741 and parameters: {'n_estimators': 69, 'max_depth': 14, 'learning_rate': 0.19319312585382828, 'subsample': 0.7536998343182115}. Best is trial 84 with value: 0.9080100125156445.
2025-02-02 17:08:27,959 - INFO - Trial 356 finished with value: 0.7853566958698374 and parameters: {'n_estimators': 88, 'max_depth': 10, 'learning_rate': 0.1957921394026171, 'subsample': 0.6959836798982825}. Best is trial 84 with value: 0.9080100125156445.
2025-02-02 17:08:28,013 - INFO - Trial 357 finished with value: 0.8401360544217686 and parameters: {'n_estimators': 81, 'max_depth': 17, 'learning_rate': 0.17710547925908962, 'subsample': 0.7269070367399917}. Best is trial 84 with value: 0.9080100125156445.
2025-02-02 17:08:28,072 - INFO - Trial 358 finished with value: 0.8125 and parameters: {'n_estimators': 104, 'max_depth': 15, 'learning_rate': 0.16888890389673572, 'subsample': 0.7757584045773185}. Best is trial 84 with value: 0.9080100125156445.
2025-02-02 17:08:28,127 - INFO - Trial 359 finished with value: 0.875 and parameters: {'n_estimators': 75, 'max_depth': 14, 'learning_rate': 0.1993764080463097, 'subsample': 0.7380736586215709}. Best is trial 84 with value: 0.9080100125156445.
2025-02-02 17:08:28,185 - INFO - Trial 360 finished with value: 0.846683354192741 and parameters: {'n_estimators': 93, 'max_depth': 9, 'learning_rate': 0.18591194306232964, 'subsample': 0.5990481358603151}. Best is trial 84 with value: 0.9080100125156445.
2025-02-02 17:08:28,241 - INFO - Trial 361 finished with value: 0.8401360544217686 and parameters: {'n_estimators': 88, 'max_depth': 14, 'learning_rate': 0.1890392394049381, 'subsample': 0.7196789132278278}. Best is trial 84 with value: 0.9080100125156445.
2025-02-02 17:08:28,298 - INFO - Trial 362 finished with value: 0.875 and parameters: {'n_estimators': 83, 'max_depth': 13, 'learning_rate': 0.19271561238935558, 'subsample': 0.7490293666148877}. Best is trial 84 with value: 0.9080100125156445.
2025-02-02 17:08:28,359 - INFO - Trial 363 finished with value: 0.846683354192741 and parameters: {'n_estimators': 122, 'max_depth': 9, 'learning_rate': 0.1603825551525369, 'subsample': 0.7630519431314442}. Best is trial 84 with value: 0.9080100125156445.
2025-02-02 17:08:28,415 - INFO - Trial 364 finished with value: 0.7853566958698374 and parameters: {'n_estimators': 95, 'max_depth': 7, 'learning_rate': 0.1810759746318861, 'subsample': 0.7069380557239303}. Best is trial 84 with value: 0.9080100125156445.
2025-02-02 17:08:28,469 - INFO - Trial 365 finished with value: 0.8125 and parameters: {'n_estimators': 78, 'max_depth': 10, 'learning_rate': 0.17522433481929162, 'subsample': 0.7344115594846838}. Best is trial 84 with value: 0.9080100125156445.
2025-02-02 17:08:28,529 - INFO - Trial 366 finished with value: 0.846683354192741 and parameters: {'n_estimators': 112, 'max_depth': 15, 'learning_rate': 0.16954878444704857, 'subsample': 0.5620471546027656}. Best is trial 84 with value: 0.9080100125156445.
2025-02-02 17:08:28,587 - INFO - Trial 367 finished with value: 0.8401360544217686 and parameters: {'n_estimators': 101, 'max_depth': 13, 'learning_rate': 0.18847836092727163, 'subsample': 0.7256210881458858}. Best is trial 84 with value: 0.9080100125156445.
2025-02-02 17:08:28,643 - INFO - Trial 368 finished with value: 0.875 and parameters: {'n_estimators': 88, 'max_depth': 11, 'learning_rate': 0.1943880169214667, 'subsample': 0.7431781819526476}. Best is trial 84 with value: 0.9080100125156445.
2025-02-02 17:08:28,695 - INFO - Trial 369 finished with value: 0.8125 and parameters: {'n_estimators': 73, 'max_depth': 8, 'learning_rate': 0.16472969091730896, 'subsample': 0.7345940662511773}. Best is trial 84 with value: 0.9080100125156445.
2025-02-02 17:08:28,751 - INFO - Trial 370 finished with value: 0.7853566958698374 and parameters: {'n_estimators': 91, 'max_depth': 10, 'learning_rate': 0.18069912794949936, 'subsample': 0.714355137624316}. Best is trial 84 with value: 0.9080100125156445.
2025-02-02 17:08:28,808 - INFO - Trial 371 finished with value: 0.846683354192741 and parameters: {'n_estimators': 82, 'max_depth': 8, 'learning_rate': 0.18631512203022446, 'subsample': 0.7552538658772283}. Best is trial 84 with value: 0.9080100125156445.
2025-02-02 17:08:28,868 - INFO - Trial 372 finished with value: 0.75 and parameters: {'n_estimators': 95, 'max_depth': 12, 'learning_rate': 0.04521936930842674, 'subsample': 0.7439458070424079}. Best is trial 84 with value: 0.9080100125156445.
2025-02-02 17:08:28,937 - INFO - Trial 373 finished with value: 0.8125 and parameters: {'n_estimators': 106, 'max_depth': 15, 'learning_rate': 0.17350433728212342, 'subsample': 0.719911936642988}. Best is trial 84 with value: 0.9080100125156445.
2025-02-02 17:08:29,036 - INFO - Trial 374 finished with value: 0.8401360544217686 and parameters: {'n_estimators': 86, 'max_depth': 16, 'learning_rate': 0.19029342829443804, 'subsample': 0.7277638405591715}. Best is trial 84 with value: 0.9080100125156445.
2025-02-02 17:08:29,136 - INFO - Trial 375 finished with value: 0.8125 and parameters: {'n_estimators': 78, 'max_depth': 13, 'learning_rate': 0.1956085887620706, 'subsample': 0.7718527847745035}. Best is trial 84 with value: 0.9080100125156445.
2025-02-02 17:08:29,274 - INFO - Trial 376 finished with value: 0.8125 and parameters: {'n_estimators': 269, 'max_depth': 11, 'learning_rate': 0.1842307499834339, 'subsample': 0.9415563829308287}. Best is trial 84 with value: 0.9080100125156445.
2025-02-02 17:08:29,365 - INFO - Trial 377 finished with value: 0.9080100125156445 and parameters: {'n_estimators': 91, 'max_depth': 12, 'learning_rate': 0.1778421064577577, 'subsample': 0.7526871383917825}. Best is trial 84 with value: 0.9080100125156445.
2025-02-02 17:08:29,459 - INFO - Trial 378 finished with value: 0.8125 and parameters: {'n_estimators': 99, 'max_depth': 14, 'learning_rate': 0.1780239525243055, 'subsample': 0.7612623931357587}. Best is trial 84 with value: 0.9080100125156445.
2025-02-02 17:08:29,550 - INFO - Trial 379 finished with value: 0.7853566958698374 and parameters: {'n_estimators': 92, 'max_depth': 9, 'learning_rate': 0.19958257946705082, 'subsample': 0.5445691103180619}. Best is trial 84 with value: 0.9080100125156445.
2025-02-02 17:08:29,636 - INFO - Trial 380 finished with value: 0.875 and parameters: {'n_estimators': 84, 'max_depth': 12, 'learning_rate': 0.1899530880371909, 'subsample': 0.7517356939427687}. Best is trial 84 with value: 0.9080100125156445.
2025-02-02 17:08:29,726 - INFO - Trial 381 finished with value: 0.7853566958698374 and parameters: {'n_estimators': 89, 'max_depth': 14, 'learning_rate': 0.14985040504736719, 'subsample': 0.7418767791117409}. Best is trial 84 with value: 0.9080100125156445.
2025-02-02 17:08:29,816 - INFO - Trial 382 finished with value: 0.8125 and parameters: {'n_estimators': 96, 'max_depth': 15, 'learning_rate': 0.1549555388620203, 'subsample': 0.752645019774663}. Best is trial 84 with value: 0.9080100125156445.
2025-02-02 17:08:29,904 - INFO - Trial 383 finished with value: 0.8125 and parameters: {'n_estimators': 80, 'max_depth': 13, 'learning_rate': 0.18317269234748268, 'subsample': 0.7991398751659597}. Best is trial 84 with value: 0.9080100125156445.
2025-02-02 17:08:29,993 - INFO - Trial 384 finished with value: 0.846683354192741 and parameters: {'n_estimators': 101, 'max_depth': 11, 'learning_rate': 0.17140168112329957, 'subsample': 0.7332011262611717}. Best is trial 84 with value: 0.9080100125156445.
2025-02-02 17:08:30,083 - INFO - Trial 385 finished with value: 0.7853566958698374 and parameters: {'n_estimators': 70, 'max_depth': 8, 'learning_rate': 0.19238544711027955, 'subsample': 0.7011995186959264}. Best is trial 84 with value: 0.9080100125156445.
2025-02-02 17:08:30,190 - INFO - Trial 386 finished with value: 0.8125 and parameters: {'n_estimators': 91, 'max_depth': 10, 'learning_rate': 0.17609340757757935, 'subsample': 0.7865128834290692}. Best is trial 84 with value: 0.9080100125156445.
2025-02-02 17:08:30,283 - INFO - Trial 387 finished with value: 0.8401360544217686 and parameters: {'n_estimators': 84, 'max_depth': 12, 'learning_rate': 0.1881770364088162, 'subsample': 0.7619265584797078}. Best is trial 84 with value: 0.9080100125156445.
2025-02-02 17:08:30,371 - INFO - Trial 388 finished with value: 0.8125 and parameters: {'n_estimators': 74, 'max_depth': 9, 'learning_rate': 0.16718618804358099, 'subsample': 0.7142454287252951}. Best is trial 84 with value: 0.9080100125156445.
2025-02-02 17:08:30,479 - INFO - Trial 389 finished with value: 0.8125 and parameters: {'n_estimators': 148, 'max_depth': 14, 'learning_rate': 0.17987347447018082, 'subsample': 0.8646551383752211}. Best is trial 84 with value: 0.9080100125156445.
2025-02-02 17:08:30,571 - INFO - Trial 390 finished with value: 0.846683354192741 and parameters: {'n_estimators': 88, 'max_depth': 12, 'learning_rate': 0.15805112441955949, 'subsample': 0.7439363685848748}. Best is trial 84 with value: 0.9080100125156445.
2025-02-02 17:08:30,671 - INFO - Trial 391 finished with value: 0.8401360544217686 and parameters: {'n_estimators': 94, 'max_depth': 7, 'learning_rate': 0.19628960110023683, 'subsample': 0.7269404106216748}. Best is trial 84 with value: 0.9080100125156445.
2025-02-02 17:08:30,745 - INFO - Trial 392 finished with value: 0.8125 and parameters: {'n_estimators': 117, 'max_depth': 13, 'learning_rate': 0.18446838493771275, 'subsample': 0.7727283851061532}. Best is trial 84 with value: 0.9080100125156445.
2025-02-02 17:08:30,813 - INFO - Trial 393 finished with value: 0.846683354192741 and parameters: {'n_estimators': 79, 'max_depth': 11, 'learning_rate': 0.16190964808627886, 'subsample': 0.7353319654050633}. Best is trial 84 with value: 0.9080100125156445.
2025-02-02 17:08:30,921 - INFO - Trial 394 finished with value: 0.875 and parameters: {'n_estimators': 109, 'max_depth': 15, 'learning_rate': 0.19110058476551142, 'subsample': 0.7519225268131694}. Best is trial 84 with value: 0.9080100125156445.
2025-02-02 17:08:31,011 - INFO - Trial 395 finished with value: 0.7853566958698374 and parameters: {'n_estimators': 86, 'max_depth': 10, 'learning_rate': 0.1864027958410347, 'subsample': 0.7106620516789743}. Best is trial 84 with value: 0.9080100125156445.
2025-02-02 17:08:31,114 - INFO - Trial 396 finished with value: 0.846683354192741 and parameters: {'n_estimators': 94, 'max_depth': 8, 'learning_rate': 0.1734753933904875, 'subsample': 0.7386753782246286}. Best is trial 84 with value: 0.9080100125156445.
2025-02-02 17:08:31,208 - INFO - Trial 397 finished with value: 0.8125 and parameters: {'n_estimators': 99, 'max_depth': 12, 'learning_rate': 0.18040111845572404, 'subsample': 0.7251100978482329}. Best is trial 84 with value: 0.9080100125156445.
2025-02-02 17:08:31,295 - INFO - Trial 398 finished with value: 0.8188405797101449 and parameters: {'n_estimators': 82, 'max_depth': 9, 'learning_rate': 0.12256145880496933, 'subsample': 0.7448817243634953}. Best is trial 84 with value: 0.9080100125156445.
2025-02-02 17:08:31,381 - INFO - Trial 399 finished with value: 0.846683354192741 and parameters: {'n_estimators': 76, 'max_depth': 13, 'learning_rate': 0.19525715027926802, 'subsample': 0.7617376603511279}. Best is trial 84 with value: 0.9080100125156445.
