2024-11-26 13:02:41,936 - INFO - Trial 94 finished with value: 1.0 and parameters: {'n_estimators': 111, 'max_depth': 17, 'min_samples_split': 6, 'min_samples_leaf': 3, 'class_weight': 'balanced'}. Best is trial 1 with value: 1.0.
2024-11-26 13:02:42,373 - INFO - Trial 95 finished with value: 1.0 and parameters: {'n_estimators': 285, 'max_depth': 16, 'min_samples_split': 10, 'min_samples_leaf': 2, 'class_weight': 'balanced'}. Best is trial 1 with value: 1.0.
2024-11-26 13:02:42,630 - INFO - Trial 96 finished with value: 1.0 and parameters: {'n_estimators': 135, 'max_depth': 20, 'min_samples_split': 8, 'min_samples_leaf': 2, 'class_weight': None}. Best is trial 1 with value: 1.0.
2024-11-26 13:02:43,044 - INFO - Trial 97 finished with value: 1.0 and parameters: {'n_estimators': 256, 'max_depth': 19, 'min_samples_split': 10, 'min_samples_leaf': 3, 'class_weight': 'balanced'}. Best is trial 1 with value: 1.0.
2024-11-26 13:02:43,448 - INFO - Trial 98 finished with value: 1.0 and parameters: {'n_estimators': 232, 'max_depth': 18, 'min_samples_split': 5, 'min_samples_leaf': 4, 'class_weight': None}. Best is trial 1 with value: 1.0.
2024-11-26 13:02:43,590 - INFO - Trial 99 finished with value: 1.0 and parameters: {'n_estimators': 61, 'max_depth': 20, 'min_samples_split': 2, 'min_samples_leaf': 2, 'class_weight': 'balanced'}. Best is trial 1 with value: 1.0.
2024-11-26 13:02:44,154 - INFO - A new study created in memory with name: no-name-2428cd66-1f35-4ab8-b7d5-33b45558cfae
2024-11-26 13:02:44,178 - INFO - Trial 0 finished with value: 0.99013357619915 and parameters: {'max_depth': 8, 'min_samples_split': 3, 'min_samples_leaf': 1, 'class_weight': None}. Best is trial 0 with value: 0.99013357619915.
2024-11-26 13:02:44,201 - INFO - Trial 1 finished with value: 0.9946251129177958 and parameters: {'max_depth': 12, 'min_samples_split': 4, 'min_samples_leaf': 2, 'class_weight': 'balanced'}. Best is trial 1 with value: 0.9946251129177958.
2024-11-26 13:02:44,224 - INFO - Trial 2 finished with value: 0.9895833333333334 and parameters: {'max_depth': 16, 'min_samples_split': 7, 'min_samples_leaf': 4, 'class_weight': None}. Best is trial 1 with value: 0.9946251129177958.
2024-11-26 13:02:44,248 - INFO - Trial 3 finished with value: 0.9895833333333334 and parameters: {'max_depth': 19, 'min_samples_split': 2, 'min_samples_leaf': 4, 'class_weight': 'balanced'}. Best is trial 1 with value: 0.9946251129177958.
2024-11-26 13:02:44,270 - INFO - Trial 4 finished with value: 0.9895833333333334 and parameters: {'max_depth': 17, 'min_samples_split': 9, 'min_samples_leaf': 4, 'class_weight': None}. Best is trial 1 with value: 0.9946251129177958.
2024-11-26 13:02:44,294 - INFO - Trial 5 finished with value: 0.9895833333333334 and parameters: {'max_depth': 14, 'min_samples_split': 9, 'min_samples_leaf': 4, 'class_weight': 'balanced'}. Best is trial 1 with value: 0.9946251129177958.
2024-11-26 13:02:44,316 - INFO - Trial 6 finished with value: 0.9895833333333334 and parameters: {'max_depth': 17, 'min_samples_split': 3, 'min_samples_leaf': 4, 'class_weight': None}. Best is trial 1 with value: 0.9946251129177958.
2024-11-26 13:02:44,338 - INFO - Trial 7 finished with value: 0.9895833333333334 and parameters: {'max_depth': 8, 'min_samples_split': 2, 'min_samples_leaf': 2, 'class_weight': None}. Best is trial 1 with value: 0.9946251129177958.
2024-11-26 13:02:44,361 - INFO - Trial 8 finished with value: 0.9895833333333334 and parameters: {'max_depth': 6, 'min_samples_split': 7, 'min_samples_leaf': 3, 'class_weight': 'balanced'}. Best is trial 1 with value: 0.9946251129177958.
2024-11-26 13:02:44,386 - INFO - Trial 9 finished with value: 0.9895833333333334 and parameters: {'max_depth': 7, 'min_samples_split': 4, 'min_samples_leaf': 3, 'class_weight': 'balanced'}. Best is trial 1 with value: 0.9946251129177958.
2024-11-26 13:02:44,420 - INFO - Trial 10 finished with value: 0.9946251129177958 and parameters: {'max_depth': 12, 'min_samples_split': 5, 'min_samples_leaf': 1, 'class_weight': 'balanced'}. Best is trial 1 with value: 0.9946251129177958.
2024-11-26 13:02:44,456 - INFO - Trial 11 finished with value: 1.0 and parameters: {'max_depth': 12, 'min_samples_split': 5, 'min_samples_leaf': 1, 'class_weight': 'balanced'}. Best is trial 11 with value: 1.0.
2024-11-26 13:02:44,491 - INFO - Trial 12 finished with value: 0.9946251129177958 and parameters: {'max_depth': 11, 'min_samples_split': 6, 'min_samples_leaf': 2, 'class_weight': 'balanced'}. Best is trial 11 with value: 1.0.
2024-11-26 13:02:44,529 - INFO - Trial 13 finished with value: 1.0 and parameters: {'max_depth': 11, 'min_samples_split': 5, 'min_samples_leaf': 1, 'class_weight': 'balanced'}. Best is trial 11 with value: 1.0.
2024-11-26 13:02:44,563 - INFO - Trial 14 finished with value: 0.99013357619915 and parameters: {'max_depth': 4, 'min_samples_split': 6, 'min_samples_leaf': 1, 'class_weight': 'balanced'}. Best is trial 11 with value: 1.0.
2024-11-26 13:02:44,600 - INFO - Trial 15 finished with value: 0.9895833333333334 and parameters: {'max_depth': 11, 'min_samples_split': 5, 'min_samples_leaf': 1, 'class_weight': 'balanced'}. Best is trial 11 with value: 1.0.
2024-11-26 13:02:44,633 - INFO - Trial 16 finished with value: 0.9946251129177958 and parameters: {'max_depth': 14, 'min_samples_split': 7, 'min_samples_leaf': 2, 'class_weight': 'balanced'}. Best is trial 11 with value: 1.0.
2024-11-26 13:02:44,669 - INFO - Trial 17 finished with value: 0.9946251129177958 and parameters: {'max_depth': 10, 'min_samples_split': 5, 'min_samples_leaf': 1, 'class_weight': 'balanced'}. Best is trial 11 with value: 1.0.
2024-11-26 13:02:44,714 - INFO - Trial 18 finished with value: 1.0 and parameters: {'max_depth': 14, 'min_samples_split': 10, 'min_samples_leaf': 1, 'class_weight': 'balanced'}. Best is trial 11 with value: 1.0.
2024-11-26 13:02:44,751 - INFO - Trial 19 finished with value: 0.9888674388674389 and parameters: {'max_depth': 9, 'min_samples_split': 8, 'min_samples_leaf': 3, 'class_weight': 'balanced'}. Best is trial 11 with value: 1.0.
2024-11-26 13:02:44,784 - INFO - Trial 20 finished with value: 0.99013357619915 and parameters: {'max_depth': 4, 'min_samples_split': 4, 'min_samples_leaf': 2, 'class_weight': 'balanced'}. Best is trial 11 with value: 1.0.
2024-11-26 13:02:44,820 - INFO - Trial 21 finished with value: 0.9895833333333334 and parameters: {'max_depth': 15, 'min_samples_split': 10, 'min_samples_leaf': 1, 'class_weight': 'balanced'}. Best is trial 11 with value: 1.0.
2024-11-26 13:02:44,858 - INFO - Trial 22 finished with value: 0.9949377571191965 and parameters: {'max_depth': 13, 'min_samples_split': 10, 'min_samples_leaf': 1, 'class_weight': 'balanced'}. Best is trial 11 with value: 1.0.
2024-11-26 13:02:44,895 - INFO - Trial 23 finished with value: 0.9895833333333334 and parameters: {'max_depth': 19, 'min_samples_split': 6, 'min_samples_leaf': 1, 'class_weight': 'balanced'}. Best is trial 11 with value: 1.0.
2024-11-26 13:02:44,930 - INFO - Trial 24 finished with value: 0.9895833333333334 and parameters: {'max_depth': 13, 'min_samples_split': 8, 'min_samples_leaf': 2, 'class_weight': 'balanced'}. Best is trial 11 with value: 1.0.
2024-11-26 13:02:44,965 - INFO - Trial 25 finished with value: 0.9949377571191965 and parameters: {'max_depth': 10, 'min_samples_split': 5, 'min_samples_leaf': 1, 'class_weight': 'balanced'}. Best is trial 11 with value: 1.0.
2024-11-26 13:02:44,998 - INFO - Trial 26 finished with value: 1.0 and parameters: {'max_depth': 15, 'min_samples_split': 3, 'min_samples_leaf': 1, 'class_weight': None}. Best is trial 11 with value: 1.0.
2024-11-26 13:02:45,033 - INFO - Trial 27 finished with value: 0.9946251129177958 and parameters: {'max_depth': 13, 'min_samples_split': 8, 'min_samples_leaf': 2, 'class_weight': 'balanced'}. Best is trial 11 with value: 1.0.
2024-11-26 13:02:45,069 - INFO - Trial 28 finished with value: 0.9895833333333334 and parameters: {'max_depth': 10, 'min_samples_split': 4, 'min_samples_leaf': 1, 'class_weight': 'balanced'}. Best is trial 11 with value: 1.0.
2024-11-26 13:02:45,101 - INFO - Trial 29 finished with value: 0.9848132713575893 and parameters: {'max_depth': 6, 'min_samples_split': 7, 'min_samples_leaf': 1, 'class_weight': None}. Best is trial 11 with value: 1.0.
2024-11-26 13:02:45,136 - INFO - Trial 30 finished with value: 0.9946251129177958 and parameters: {'max_depth': 17, 'min_samples_split': 5, 'min_samples_leaf': 2, 'class_weight': 'balanced'}. Best is trial 11 with value: 1.0.
2024-11-26 13:02:45,171 - INFO - Trial 31 finished with value: 1.0 and parameters: {'max_depth': 15, 'min_samples_split': 3, 'min_samples_leaf': 1, 'class_weight': None}. Best is trial 11 with value: 1.0.
2024-11-26 13:02:45,205 - INFO - Trial 32 finished with value: 1.0 and parameters: {'max_depth': 15, 'min_samples_split': 2, 'min_samples_leaf': 1, 'class_weight': None}. Best is trial 11 with value: 1.0.
2024-11-26 13:02:45,239 - INFO - Trial 33 finished with value: 0.9946251129177958 and parameters: {'max_depth': 12, 'min_samples_split': 3, 'min_samples_leaf': 1, 'class_weight': None}. Best is trial 11 with value: 1.0.
2024-11-26 13:02:45,274 - INFO - Trial 34 finished with value: 0.9895833333333334 and parameters: {'max_depth': 16, 'min_samples_split': 6, 'min_samples_leaf': 1, 'class_weight': None}. Best is trial 11 with value: 1.0.
2024-11-26 13:02:45,310 - INFO - Trial 35 finished with value: 1.0 and parameters: {'max_depth': 14, 'min_samples_split': 4, 'min_samples_leaf': 1, 'class_weight': None}. Best is trial 11 with value: 1.0.
2024-11-26 13:02:45,343 - INFO - Trial 36 finished with value: 0.9888674388674389 and parameters: {'max_depth': 20, 'min_samples_split': 4, 'min_samples_leaf': 2, 'class_weight': None}. Best is trial 11 with value: 1.0.
2024-11-26 13:02:45,376 - INFO - Trial 37 finished with value: 0.9838753387533877 and parameters: {'max_depth': 16, 'min_samples_split': 9, 'min_samples_leaf': 1, 'class_weight': None}. Best is trial 11 with value: 1.0.
2024-11-26 13:02:45,409 - INFO - Trial 38 finished with value: 0.9946251129177958 and parameters: {'max_depth': 13, 'min_samples_split': 2, 'min_samples_leaf': 1, 'class_weight': 'balanced'}. Best is trial 11 with value: 1.0.
2024-11-26 13:02:45,441 - INFO - Trial 39 finished with value: 0.9888674388674389 and parameters: {'max_depth': 9, 'min_samples_split': 3, 'min_samples_leaf': 2, 'class_weight': None}. Best is trial 11 with value: 1.0.
2024-11-26 13:02:45,476 - INFO - Trial 40 finished with value: 0.9946251129177958 and parameters: {'max_depth': 11, 'min_samples_split': 6, 'min_samples_leaf': 1, 'class_weight': 'balanced'}. Best is trial 11 with value: 1.0.
2024-11-26 13:02:45,510 - INFO - Trial 41 finished with value: 0.9895833333333334 and parameters: {'max_depth': 15, 'min_samples_split': 3, 'min_samples_leaf': 1, 'class_weight': None}. Best is trial 11 with value: 1.0.
2024-11-26 13:02:45,544 - INFO - Trial 42 finished with value: 0.9895833333333334 and parameters: {'max_depth': 18, 'min_samples_split': 3, 'min_samples_leaf': 1, 'class_weight': None}. Best is trial 11 with value: 1.0.
2024-11-26 13:02:45,579 - INFO - Trial 43 finished with value: 1.0 and parameters: {'max_depth': 14, 'min_samples_split': 2, 'min_samples_leaf': 1, 'class_weight': None}. Best is trial 11 with value: 1.0.
2024-11-26 13:02:45,614 - INFO - Trial 44 finished with value: 0.9895833333333334 and parameters: {'max_depth': 12, 'min_samples_split': 4, 'min_samples_leaf': 1, 'class_weight': None}. Best is trial 11 with value: 1.0.
2024-11-26 13:02:45,650 - INFO - Trial 45 finished with value: 0.9946251129177958 and parameters: {'max_depth': 16, 'min_samples_split': 3, 'min_samples_leaf': 3, 'class_weight': None}. Best is trial 11 with value: 1.0.
2024-11-26 13:02:45,683 - INFO - Trial 46 finished with value: 0.9949377571191965 and parameters: {'max_depth': 17, 'min_samples_split': 5, 'min_samples_leaf': 1, 'class_weight': None}. Best is trial 11 with value: 1.0.
2024-11-26 13:02:45,720 - INFO - Trial 47 finished with value: 0.9946251129177958 and parameters: {'max_depth': 12, 'min_samples_split': 7, 'min_samples_leaf': 2, 'class_weight': 'balanced'}. Best is trial 11 with value: 1.0.
2024-11-26 13:02:45,758 - INFO - Trial 48 finished with value: 0.9895833333333334 and parameters: {'max_depth': 15, 'min_samples_split': 4, 'min_samples_leaf': 4, 'class_weight': 'balanced'}. Best is trial 11 with value: 1.0.
2024-11-26 13:02:45,796 - INFO - Trial 49 finished with value: 0.9946251129177958 and parameters: {'max_depth': 18, 'min_samples_split': 2, 'min_samples_leaf': 1, 'class_weight': 'balanced'}. Best is trial 11 with value: 1.0.
2024-11-26 13:02:45,831 - INFO - Trial 50 finished with value: 0.9946251129177958 and parameters: {'max_depth': 14, 'min_samples_split': 5, 'min_samples_leaf': 2, 'class_weight': None}. Best is trial 11 with value: 1.0.
2024-11-26 13:02:45,869 - INFO - Trial 51 finished with value: 0.9946251129177958 and parameters: {'max_depth': 15, 'min_samples_split': 2, 'min_samples_leaf': 1, 'class_weight': None}. Best is trial 11 with value: 1.0.
2024-11-26 13:02:45,905 - INFO - Trial 52 finished with value: 0.9895833333333334 and parameters: {'max_depth': 16, 'min_samples_split': 3, 'min_samples_leaf': 1, 'class_weight': None}. Best is trial 11 with value: 1.0.
2024-11-26 13:02:45,941 - INFO - Trial 53 finished with value: 0.9895833333333334 and parameters: {'max_depth': 13, 'min_samples_split': 2, 'min_samples_leaf': 1, 'class_weight': None}. Best is trial 11 with value: 1.0.
2024-11-26 13:02:45,978 - INFO - Trial 54 finished with value: 1.0 and parameters: {'max_depth': 14, 'min_samples_split': 3, 'min_samples_leaf': 1, 'class_weight': None}. Best is trial 11 with value: 1.0.
2024-11-26 13:02:46,019 - INFO - Trial 55 finished with value: 0.9895833333333334 and parameters: {'max_depth': 15, 'min_samples_split': 2, 'min_samples_leaf': 1, 'class_weight': 'balanced'}. Best is trial 11 with value: 1.0.
2024-11-26 13:02:46,056 - INFO - Trial 56 finished with value: 1.0 and parameters: {'max_depth': 11, 'min_samples_split': 6, 'min_samples_leaf': 1, 'class_weight': 'balanced'}. Best is trial 11 with value: 1.0.
2024-11-26 13:02:46,091 - INFO - Trial 57 finished with value: 0.9895833333333334 and parameters: {'max_depth': 13, 'min_samples_split': 9, 'min_samples_leaf': 1, 'class_weight': None}. Best is trial 11 with value: 1.0.
2024-11-26 13:02:46,131 - INFO - Trial 58 finished with value: 0.9895833333333334 and parameters: {'max_depth': 9, 'min_samples_split': 4, 'min_samples_leaf': 1, 'class_weight': 'balanced'}. Best is trial 11 with value: 1.0.
2024-11-26 13:02:46,171 - INFO - Trial 59 finished with value: 0.9888674388674389 and parameters: {'max_depth': 17, 'min_samples_split': 5, 'min_samples_leaf': 2, 'class_weight': 'balanced'}. Best is trial 11 with value: 1.0.
2024-11-26 13:02:46,207 - INFO - Trial 60 finished with value: 0.9946251129177958 and parameters: {'max_depth': 12, 'min_samples_split': 10, 'min_samples_leaf': 1, 'class_weight': None}. Best is trial 11 with value: 1.0.
2024-11-26 13:02:46,239 - INFO - Trial 61 finished with value: 1.0 and parameters: {'max_depth': 14, 'min_samples_split': 4, 'min_samples_leaf': 1, 'class_weight': None}. Best is trial 11 with value: 1.0.
2024-11-26 13:02:46,274 - INFO - Trial 62 finished with value: 1.0 and parameters: {'max_depth': 14, 'min_samples_split': 4, 'min_samples_leaf': 1, 'class_weight': None}. Best is trial 11 with value: 1.0.
2024-11-26 13:02:46,309 - INFO - Trial 63 finished with value: 1.0 and parameters: {'max_depth': 15, 'min_samples_split': 3, 'min_samples_leaf': 1, 'class_weight': None}. Best is trial 11 with value: 1.0.
2024-11-26 13:02:46,346 - INFO - Trial 64 finished with value: 0.9888674388674389 and parameters: {'max_depth': 16, 'min_samples_split': 5, 'min_samples_leaf': 1, 'class_weight': None}. Best is trial 11 with value: 1.0.
2024-11-26 13:02:46,382 - INFO - Trial 65 finished with value: 1.0 and parameters: {'max_depth': 11, 'min_samples_split': 4, 'min_samples_leaf': 1, 'class_weight': None}. Best is trial 11 with value: 1.0.
2024-11-26 13:02:46,419 - INFO - Trial 66 finished with value: 0.9946251129177958 and parameters: {'max_depth': 13, 'min_samples_split': 2, 'min_samples_leaf': 1, 'class_weight': 'balanced'}. Best is trial 11 with value: 1.0.
2024-11-26 13:02:46,456 - INFO - Trial 67 finished with value: 0.9946251129177958 and parameters: {'max_depth': 10, 'min_samples_split': 4, 'min_samples_leaf': 1, 'class_weight': 'balanced'}. Best is trial 11 with value: 1.0.
2024-11-26 13:02:46,489 - INFO - Trial 68 finished with value: 0.9946251129177958 and parameters: {'max_depth': 14, 'min_samples_split': 5, 'min_samples_leaf': 3, 'class_weight': None}. Best is trial 11 with value: 1.0.
2024-11-26 13:02:46,524 - INFO - Trial 69 finished with value: 0.9802671523982999 and parameters: {'max_depth': 3, 'min_samples_split': 3, 'min_samples_leaf': 1, 'class_weight': 'balanced'}. Best is trial 11 with value: 1.0.
2024-11-26 13:02:46,565 - INFO - Trial 70 finished with value: 0.9895833333333334 and parameters: {'max_depth': 15, 'min_samples_split': 6, 'min_samples_leaf': 1, 'class_weight': None}. Best is trial 11 with value: 1.0.
2024-11-26 13:02:46,598 - INFO - Trial 71 finished with value: 0.9895833333333334 and parameters: {'max_depth': 14, 'min_samples_split': 2, 'min_samples_leaf': 1, 'class_weight': None}. Best is trial 11 with value: 1.0.
2024-11-26 13:02:46,633 - INFO - Trial 72 finished with value: 0.9888674388674389 and parameters: {'max_depth': 12, 'min_samples_split': 2, 'min_samples_leaf': 1, 'class_weight': None}. Best is trial 11 with value: 1.0.
2024-11-26 13:02:46,673 - INFO - Trial 73 finished with value: 0.9946251129177958 and parameters: {'max_depth': 16, 'min_samples_split': 2, 'min_samples_leaf': 1, 'class_weight': None}. Best is trial 11 with value: 1.0.
2024-11-26 13:02:46,709 - INFO - Trial 74 finished with value: 0.9949377571191965 and parameters: {'max_depth': 14, 'min_samples_split': 3, 'min_samples_leaf': 1, 'class_weight': None}. Best is trial 11 with value: 1.0.
2024-11-26 13:02:46,745 - INFO - Trial 75 finished with value: 0.9949377571191965 and parameters: {'max_depth': 13, 'min_samples_split': 3, 'min_samples_leaf': 1, 'class_weight': None}. Best is trial 11 with value: 1.0.
2024-11-26 13:02:46,786 - INFO - Trial 76 finished with value: 0.9838753387533877 and parameters: {'max_depth': 15, 'min_samples_split': 2, 'min_samples_leaf': 1, 'class_weight': 'balanced'}. Best is trial 11 with value: 1.0.
2024-11-26 13:02:46,821 - INFO - Trial 77 finished with value: 0.9895833333333334 and parameters: {'max_depth': 18, 'min_samples_split': 5, 'min_samples_leaf': 4, 'class_weight': None}. Best is trial 11 with value: 1.0.
2024-11-26 13:02:46,855 - INFO - Trial 78 finished with value: 0.9946251129177958 and parameters: {'max_depth': 11, 'min_samples_split': 4, 'min_samples_leaf': 2, 'class_weight': None}. Best is trial 11 with value: 1.0.
2024-11-26 13:02:46,892 - INFO - Trial 79 finished with value: 0.9946251129177958 and parameters: {'max_depth': 13, 'min_samples_split': 6, 'min_samples_leaf': 1, 'class_weight': 'balanced'}. Best is trial 11 with value: 1.0.
2024-11-26 13:02:46,930 - INFO - Trial 80 finished with value: 0.9949377571191965 and parameters: {'max_depth': 10, 'min_samples_split': 3, 'min_samples_leaf': 1, 'class_weight': None}. Best is trial 11 with value: 1.0.
2024-11-26 13:02:46,968 - INFO - Trial 81 finished with value: 0.9895833333333334 and parameters: {'max_depth': 14, 'min_samples_split': 3, 'min_samples_leaf': 1, 'class_weight': None}. Best is trial 11 with value: 1.0.
2024-11-26 13:02:47,005 - INFO - Trial 82 finished with value: 0.9946251129177958 and parameters: {'max_depth': 15, 'min_samples_split': 3, 'min_samples_leaf': 1, 'class_weight': None}. Best is trial 11 with value: 1.0.
2024-11-26 13:02:47,041 - INFO - Trial 83 finished with value: 1.0 and parameters: {'max_depth': 14, 'min_samples_split': 2, 'min_samples_leaf': 1, 'class_weight': None}. Best is trial 11 with value: 1.0.
2024-11-26 13:02:47,077 - INFO - Trial 84 finished with value: 0.9949377571191965 and parameters: {'max_depth': 12, 'min_samples_split': 3, 'min_samples_leaf': 1, 'class_weight': None}. Best is trial 11 with value: 1.0.
2024-11-26 13:02:47,114 - INFO - Trial 85 finished with value: 0.9946251129177958 and parameters: {'max_depth': 16, 'min_samples_split': 4, 'min_samples_leaf': 1, 'class_weight': None}. Best is trial 11 with value: 1.0.
2024-11-26 13:02:47,151 - INFO - Trial 86 finished with value: 0.9946251129177958 and parameters: {'max_depth': 17, 'min_samples_split': 3, 'min_samples_leaf': 1, 'class_weight': 'balanced'}. Best is trial 11 with value: 1.0.
2024-11-26 13:02:47,186 - INFO - Trial 87 finished with value: 0.9895833333333334 and parameters: {'max_depth': 13, 'min_samples_split': 2, 'min_samples_leaf': 1, 'class_weight': None}. Best is trial 11 with value: 1.0.
2024-11-26 13:02:47,223 - INFO - Trial 88 finished with value: 0.9946251129177958 and parameters: {'max_depth': 15, 'min_samples_split': 8, 'min_samples_leaf': 1, 'class_weight': 'balanced'}. Best is trial 11 with value: 1.0.
2024-11-26 13:02:47,259 - INFO - Trial 89 finished with value: 1.0 and parameters: {'max_depth': 14, 'min_samples_split': 4, 'min_samples_leaf': 1, 'class_weight': None}. Best is trial 11 with value: 1.0.
2024-11-26 13:02:47,295 - INFO - Trial 90 finished with value: 0.9946251129177958 and parameters: {'max_depth': 12, 'min_samples_split': 5, 'min_samples_leaf': 2, 'class_weight': 'balanced'}. Best is trial 11 with value: 1.0.
2024-11-26 13:02:47,332 - INFO - Trial 91 finished with value: 0.9848132713575893 and parameters: {'max_depth': 8, 'min_samples_split': 7, 'min_samples_leaf': 1, 'class_weight': 'balanced'}. Best is trial 11 with value: 1.0.
