2025-02-02 16:12:41,683 - INFO - Trial 16 finished with value: 0.8188405797101449 and parameters: {'n_estimators': 106, 'max_depth': 18, 'min_samples_split': 2, 'min_samples_leaf': 4, 'class_weight': 'balanced'}. Best is trial 1 with value: 0.8508771929824562.
2025-02-02 16:12:41,750 - INFO - Trial 17 finished with value: 0.7945736434108528 and parameters: {'n_estimators': 54, 'max_depth': 7, 'min_samples_split': 9, 'min_samples_leaf': 3, 'class_weight': 'balanced'}. Best is trial 1 with value: 0.8508771929824562.
2025-02-02 16:12:41,904 - INFO - Trial 18 finished with value: 0.8508771929824562 and parameters: {'n_estimators': 149, 'max_depth': 11, 'min_samples_split': 6, 'min_samples_leaf': 2, 'class_weight': 'balanced'}. Best is trial 1 with value: 0.8508771929824562.
2025-02-02 16:12:42,117 - INFO - Trial 19 finished with value: 0.8508771929824562 and parameters: {'n_estimators': 209, 'max_depth': 15, 'min_samples_split': 10, 'min_samples_leaf': 1, 'class_weight': 'balanced'}. Best is trial 1 with value: 0.8508771929824562.
2025-02-02 16:12:42,367 - INFO - Trial 20 finished with value: 0.7945736434108528 and parameters: {'n_estimators': 247, 'max_depth': 10, 'min_samples_split': 5, 'min_samples_leaf': 4, 'class_weight': 'balanced'}. Best is trial 1 with value: 0.8508771929824562.
2025-02-02 16:12:42,554 - INFO - Trial 21 finished with value: 0.8508771929824562 and parameters: {'n_estimators': 172, 'max_depth': 13, 'min_samples_split': 5, 'min_samples_leaf': 1, 'class_weight': 'balanced'}. Best is trial 1 with value: 0.8508771929824562.
2025-02-02 16:12:42,768 - INFO - Trial 22 finished with value: 0.8188405797101449 and parameters: {'n_estimators': 179, 'max_depth': 13, 'min_samples_split': 5, 'min_samples_leaf': 1, 'class_weight': 'balanced'}. Best is trial 1 with value: 0.8508771929824562.
2025-02-02 16:12:42,904 - INFO - Trial 23 finished with value: 0.8508771929824562 and parameters: {'n_estimators': 133, 'max_depth': 16, 'min_samples_split': 3, 'min_samples_leaf': 2, 'class_weight': 'balanced'}. Best is trial 1 with value: 0.8508771929824562.
2025-02-02 16:12:43,083 - INFO - Trial 24 finished with value: 0.8227272727272728 and parameters: {'n_estimators': 173, 'max_depth': 13, 'min_samples_split': 7, 'min_samples_leaf': 1, 'class_weight': 'balanced'}. Best is trial 1 with value: 0.8508771929824562.
2025-02-02 16:12:43,177 - INFO - Trial 25 finished with value: 0.8188405797101449 and parameters: {'n_estimators': 83, 'max_depth': 18, 'min_samples_split': 3, 'min_samples_leaf': 2, 'class_weight': 'balanced'}. Best is trial 1 with value: 0.8508771929824562.
2025-02-02 16:12:43,397 - INFO - Trial 26 finished with value: 0.7945736434108528 and parameters: {'n_estimators': 220, 'max_depth': 6, 'min_samples_split': 8, 'min_samples_leaf': 3, 'class_weight': 'balanced'}. Best is trial 1 with value: 0.8508771929824562.
2025-02-02 16:12:43,526 - INFO - Trial 27 finished with value: 0.8188405797101449 and parameters: {'n_estimators': 118, 'max_depth': 12, 'min_samples_split': 5, 'min_samples_leaf': 1, 'class_weight': 'balanced'}. Best is trial 1 with value: 0.8508771929824562.
2025-02-02 16:12:43,761 - INFO - Trial 28 finished with value: 0.8508771929824562 and parameters: {'n_estimators': 240, 'max_depth': 14, 'min_samples_split': 7, 'min_samples_leaf': 2, 'class_weight': 'balanced'}. Best is trial 1 with value: 0.8508771929824562.
2025-02-02 16:12:44,011 - INFO - Trial 29 finished with value: 0.8227272727272728 and parameters: {'n_estimators': 259, 'max_depth': 4, 'min_samples_split': 6, 'min_samples_leaf': 3, 'class_weight': 'balanced'}. Best is trial 1 with value: 0.8508771929824562.
2025-02-02 16:12:44,311 - INFO - Trial 30 finished with value: 0.8508771929824562 and parameters: {'n_estimators': 300, 'max_depth': 10, 'min_samples_split': 3, 'min_samples_leaf': 1, 'class_weight': 'balanced'}. Best is trial 1 with value: 0.8508771929824562.
2025-02-02 16:12:44,464 - INFO - Trial 31 finished with value: 0.8508771929824562 and parameters: {'n_estimators': 150, 'max_depth': 11, 'min_samples_split': 6, 'min_samples_leaf': 2, 'class_weight': 'balanced'}. Best is trial 1 with value: 0.8508771929824562.
2025-02-02 16:12:44,652 - INFO - Trial 32 finished with value: 0.7945736434108528 and parameters: {'n_estimators': 184, 'max_depth': 10, 'min_samples_split': 7, 'min_samples_leaf': 2, 'class_weight': 'balanced'}. Best is trial 1 with value: 0.8508771929824562.
2025-02-02 16:12:44,816 - INFO - Trial 33 finished with value: 0.8188405797101449 and parameters: {'n_estimators': 156, 'max_depth': 11, 'min_samples_split': 5, 'min_samples_leaf': 2, 'class_weight': 'balanced'}. Best is trial 1 with value: 0.8508771929824562.
2025-02-02 16:12:44,953 - INFO - Trial 34 finished with value: 0.7853566958698374 and parameters: {'n_estimators': 128, 'max_depth': 8, 'min_samples_split': 6, 'min_samples_leaf': 1, 'class_weight': None}. Best is trial 1 with value: 0.8508771929824562.
2025-02-02 16:12:45,071 - INFO - Trial 35 finished with value: 0.8508771929824562 and parameters: {'n_estimators': 103, 'max_depth': 14, 'min_samples_split': 4, 'min_samples_leaf': 3, 'class_weight': 'balanced'}. Best is trial 1 with value: 0.8508771929824562.
2025-02-02 16:12:45,223 - INFO - Trial 36 finished with value: 0.7853566958698374 and parameters: {'n_estimators': 145, 'max_depth': 9, 'min_samples_split': 9, 'min_samples_leaf': 2, 'class_weight': None}. Best is trial 1 with value: 0.8508771929824562.
2025-02-02 16:12:45,349 - INFO - Trial 37 finished with value: 0.8227272727272728 and parameters: {'n_estimators': 117, 'max_depth': 12, 'min_samples_split': 6, 'min_samples_leaf': 3, 'class_weight': 'balanced'}. Best is trial 1 with value: 0.8508771929824562.
2025-02-02 16:12:45,555 - INFO - Trial 38 finished with value: 0.8188405797101449 and parameters: {'n_estimators': 196, 'max_depth': 17, 'min_samples_split': 5, 'min_samples_leaf': 1, 'class_weight': None}. Best is trial 1 with value: 0.8508771929824562.
2025-02-02 16:12:45,751 - INFO - Trial 39 finished with value: 0.8508771929824562 and parameters: {'n_estimators': 163, 'max_depth': 20, 'min_samples_split': 4, 'min_samples_leaf': 2, 'class_weight': 'balanced'}. Best is trial 1 with value: 0.8508771929824562.
2025-02-02 16:12:45,845 - INFO - Trial 40 finished with value: 0.75 and parameters: {'n_estimators': 75, 'max_depth': 15, 'min_samples_split': 8, 'min_samples_leaf': 4, 'class_weight': None}. Best is trial 1 with value: 0.8508771929824562.
2025-02-02 16:12:46,058 - INFO - Trial 41 finished with value: 0.7662337662337663 and parameters: {'n_estimators': 206, 'max_depth': 15, 'min_samples_split': 10, 'min_samples_leaf': 1, 'class_weight': 'balanced'}. Best is trial 1 with value: 0.8508771929824562.
2025-02-02 16:12:46,260 - INFO - Trial 42 finished with value: 0.7662337662337663 and parameters: {'n_estimators': 191, 'max_depth': 16, 'min_samples_split': 10, 'min_samples_leaf': 1, 'class_weight': 'balanced'}. Best is trial 1 with value: 0.8508771929824562.
2025-02-02 16:12:46,481 - INFO - Trial 43 finished with value: 0.7945736434108528 and parameters: {'n_estimators': 217, 'max_depth': 12, 'min_samples_split': 10, 'min_samples_leaf': 1, 'class_weight': 'balanced'}. Best is trial 1 with value: 0.8508771929824562.
2025-02-02 16:12:46,756 - INFO - Trial 44 finished with value: 0.8508771929824562 and parameters: {'n_estimators': 277, 'max_depth': 14, 'min_samples_split': 7, 'min_samples_leaf': 2, 'class_weight': 'balanced'}. Best is trial 1 with value: 0.8508771929824562.
2025-02-02 16:12:46,962 - INFO - Trial 45 finished with value: 0.7945736434108528 and parameters: {'n_estimators': 167, 'max_depth': 17, 'min_samples_split': 9, 'min_samples_leaf': 1, 'class_weight': 'balanced'}. Best is trial 1 with value: 0.8508771929824562.
2025-02-02 16:12:47,107 - INFO - Trial 46 finished with value: 0.8188405797101449 and parameters: {'n_estimators': 141, 'max_depth': 13, 'min_samples_split': 6, 'min_samples_leaf': 2, 'class_weight': 'balanced'}. Best is trial 1 with value: 0.8508771929824562.
2025-02-02 16:12:47,220 - INFO - Trial 47 finished with value: 0.7912280701754386 and parameters: {'n_estimators': 97, 'max_depth': 15, 'min_samples_split': 9, 'min_samples_leaf': 1, 'class_weight': 'balanced'}. Best is trial 1 with value: 0.8508771929824562.
2025-02-02 16:12:47,431 - INFO - Trial 48 finished with value: 0.7122448979591838 and parameters: {'n_estimators': 209, 'max_depth': 9, 'min_samples_split': 4, 'min_samples_leaf': 3, 'class_weight': None}. Best is trial 1 with value: 0.8508771929824562.
2025-02-02 16:12:47,716 - INFO - Trial 49 finished with value: 0.7662337662337663 and parameters: {'n_estimators': 288, 'max_depth': 19, 'min_samples_split': 8, 'min_samples_leaf': 4, 'class_weight': 'balanced'}. Best is trial 1 with value: 0.8508771929824562.
2025-02-02 16:12:47,853 - INFO - Trial 50 finished with value: 0.8508771929824562 and parameters: {'n_estimators': 127, 'max_depth': 11, 'min_samples_split': 5, 'min_samples_leaf': 2, 'class_weight': 'balanced'}. Best is trial 1 with value: 0.8508771929824562.
2025-02-02 16:12:48,054 - INFO - Trial 51 finished with value: 0.8508771929824562 and parameters: {'n_estimators': 188, 'max_depth': 14, 'min_samples_split': 5, 'min_samples_leaf': 1, 'class_weight': 'balanced'}. Best is trial 1 with value: 0.8508771929824562.
2025-02-02 16:12:48,229 - INFO - Trial 52 finished with value: 0.8508771929824562 and parameters: {'n_estimators': 172, 'max_depth': 13, 'min_samples_split': 6, 'min_samples_leaf': 1, 'class_weight': 'balanced'}. Best is trial 1 with value: 0.8508771929824562.
2025-02-02 16:12:48,402 - INFO - Trial 53 finished with value: 0.8508771929824562 and parameters: {'n_estimators': 161, 'max_depth': 10, 'min_samples_split': 5, 'min_samples_leaf': 1, 'class_weight': 'balanced'}. Best is trial 1 with value: 0.8508771929824562.
2025-02-02 16:12:48,647 - INFO - Trial 54 finished with value: 0.8508771929824562 and parameters: {'n_estimators': 237, 'max_depth': 16, 'min_samples_split': 7, 'min_samples_leaf': 1, 'class_weight': 'balanced'}. Best is trial 1 with value: 0.8508771929824562.
2025-02-02 16:12:48,834 - INFO - Trial 55 finished with value: 0.8188405797101449 and parameters: {'n_estimators': 179, 'max_depth': 13, 'min_samples_split': 4, 'min_samples_leaf': 1, 'class_weight': 'balanced'}. Best is trial 1 with value: 0.8508771929824562.
2025-02-02 16:12:49,088 - INFO - Trial 56 finished with value: 0.8508771929824562 and parameters: {'n_estimators': 254, 'max_depth': 18, 'min_samples_split': 5, 'min_samples_leaf': 2, 'class_weight': 'balanced'}. Best is trial 1 with value: 0.8508771929824562.
2025-02-02 16:12:49,319 - INFO - Trial 57 finished with value: 0.8508771929824562 and parameters: {'n_estimators': 230, 'max_depth': 15, 'min_samples_split': 6, 'min_samples_leaf': 1, 'class_weight': 'balanced'}. Best is trial 1 with value: 0.8508771929824562.
2025-02-02 16:12:49,474 - INFO - Trial 58 finished with value: 0.8188405797101449 and parameters: {'n_estimators': 149, 'max_depth': 12, 'min_samples_split': 4, 'min_samples_leaf': 2, 'class_weight': 'balanced'}. Best is trial 1 with value: 0.8508771929824562.
2025-02-02 16:12:49,562 - INFO - Trial 59 finished with value: 0.8508771929824562 and parameters: {'n_estimators': 72, 'max_depth': 11, 'min_samples_split': 3, 'min_samples_leaf': 3, 'class_weight': 'balanced'}. Best is trial 1 with value: 0.8508771929824562.
2025-02-02 16:12:49,705 - INFO - Trial 60 finished with value: 0.7945736434108528 and parameters: {'n_estimators': 134, 'max_depth': 14, 'min_samples_split': 5, 'min_samples_leaf': 4, 'class_weight': 'balanced'}. Best is trial 1 with value: 0.8508771929824562.
2025-02-02 16:12:49,824 - INFO - Trial 61 finished with value: 0.8508771929824562 and parameters: {'n_estimators': 107, 'max_depth': 16, 'min_samples_split': 2, 'min_samples_leaf': 2, 'class_weight': 'balanced'}. Best is trial 1 with value: 0.8508771929824562.
2025-02-02 16:12:49,973 - INFO - Trial 62 finished with value: 0.8188405797101449 and parameters: {'n_estimators': 136, 'max_depth': 17, 'min_samples_split': 3, 'min_samples_leaf': 2, 'class_weight': 'balanced'}. Best is trial 1 with value: 0.8508771929824562.
2025-02-02 16:12:50,105 - INFO - Trial 63 finished with value: 0.8508771929824562 and parameters: {'n_estimators': 113, 'max_depth': 18, 'min_samples_split': 8, 'min_samples_leaf': 2, 'class_weight': 'balanced'}. Best is trial 1 with value: 0.8508771929824562.
2025-02-02 16:12:50,250 - INFO - Trial 64 finished with value: 0.7853566958698374 and parameters: {'n_estimators': 124, 'max_depth': 13, 'min_samples_split': 3, 'min_samples_leaf': 1, 'class_weight': 'balanced'}. Best is trial 1 with value: 0.8508771929824562.
2025-02-02 16:12:50,409 - INFO - Trial 65 finished with value: 0.8508771929824562 and parameters: {'n_estimators': 155, 'max_depth': 16, 'min_samples_split': 6, 'min_samples_leaf': 2, 'class_weight': 'balanced'}. Best is trial 1 with value: 0.8508771929824562.
2025-02-02 16:12:50,587 - INFO - Trial 66 finished with value: 0.8508771929824562 and parameters: {'n_estimators': 167, 'max_depth': 15, 'min_samples_split': 7, 'min_samples_leaf': 2, 'class_weight': 'balanced'}. Best is trial 1 with value: 0.8508771929824562.
2025-02-02 16:12:50,769 - INFO - Trial 67 finished with value: 0.75 and parameters: {'n_estimators': 178, 'max_depth': 12, 'min_samples_split': 4, 'min_samples_leaf': 3, 'class_weight': None}. Best is trial 1 with value: 0.8508771929824562.
2025-02-02 16:12:50,891 - INFO - Trial 68 finished with value: 0.8125 and parameters: {'n_estimators': 90, 'max_depth': 10, 'min_samples_split': 2, 'min_samples_leaf': 1, 'class_weight': 'balanced'}. Best is trial 1 with value: 0.8508771929824562.
2025-02-02 16:12:51,175 - INFO - Trial 69 finished with value: 0.8508771929824562 and parameters: {'n_estimators': 265, 'max_depth': 9, 'min_samples_split': 6, 'min_samples_leaf': 2, 'class_weight': 'balanced'}. Best is trial 1 with value: 0.8508771929824562.
2025-02-02 16:12:51,382 - INFO - Trial 70 finished with value: 0.7662337662337663 and parameters: {'n_estimators': 199, 'max_depth': 3, 'min_samples_split': 5, 'min_samples_leaf': 1, 'class_weight': 'balanced'}. Best is trial 1 with value: 0.8508771929824562.
2025-02-02 16:12:51,638 - INFO - Trial 71 finished with value: 0.8188405797101449 and parameters: {'n_estimators': 249, 'max_depth': 14, 'min_samples_split': 7, 'min_samples_leaf': 2, 'class_weight': 'balanced'}. Best is trial 1 with value: 0.8508771929824562.
2025-02-02 16:12:51,878 - INFO - Trial 72 finished with value: 0.8508771929824562 and parameters: {'n_estimators': 241, 'max_depth': 14, 'min_samples_split': 7, 'min_samples_leaf': 2, 'class_weight': 'balanced'}. Best is trial 1 with value: 0.8508771929824562.
2025-02-02 16:12:52,098 - INFO - Trial 73 finished with value: 0.8508771929824562 and parameters: {'n_estimators': 219, 'max_depth': 13, 'min_samples_split': 8, 'min_samples_leaf': 2, 'class_weight': 'balanced'}. Best is trial 1 with value: 0.8508771929824562.
2025-02-02 16:12:52,389 - INFO - Trial 74 finished with value: 0.7945736434108528 and parameters: {'n_estimators': 288, 'max_depth': 11, 'min_samples_split': 10, 'min_samples_leaf': 2, 'class_weight': 'balanced'}. Best is trial 1 with value: 0.8508771929824562.
2025-02-02 16:12:52,600 - INFO - Trial 75 finished with value: 0.8508771929824562 and parameters: {'n_estimators': 206, 'max_depth': 17, 'min_samples_split': 7, 'min_samples_leaf': 1, 'class_weight': 'balanced'}. Best is trial 1 with value: 0.8508771929824562.
2025-02-02 16:12:52,755 - INFO - Trial 76 finished with value: 0.75 and parameters: {'n_estimators': 145, 'max_depth': 16, 'min_samples_split': 9, 'min_samples_leaf': 3, 'class_weight': None}. Best is trial 1 with value: 0.8508771929824562.
2025-02-02 16:12:52,947 - INFO - Trial 77 finished with value: 0.8227272727272728 and parameters: {'n_estimators': 185, 'max_depth': 19, 'min_samples_split': 8, 'min_samples_leaf': 2, 'class_weight': 'balanced'}. Best is trial 1 with value: 0.8508771929824562.
2025-02-02 16:12:53,117 - INFO - Trial 78 finished with value: 0.8188405797101449 and parameters: {'n_estimators': 158, 'max_depth': 15, 'min_samples_split': 4, 'min_samples_leaf': 2, 'class_weight': 'balanced'}. Best is trial 1 with value: 0.8508771929824562.
2025-02-02 16:12:53,359 - INFO - Trial 79 finished with value: 0.8508771929824562 and parameters: {'n_estimators': 230, 'max_depth': 12, 'min_samples_split': 6, 'min_samples_leaf': 1, 'class_weight': 'balanced'}. Best is trial 1 with value: 0.8508771929824562.
2025-02-02 16:12:53,560 - INFO - Trial 80 finished with value: 0.7945736434108528 and parameters: {'n_estimators': 193, 'max_depth': 13, 'min_samples_split': 9, 'min_samples_leaf': 3, 'class_weight': 'balanced'}. Best is trial 1 with value: 0.8508771929824562.
2025-02-02 16:12:53,855 - INFO - Trial 81 finished with value: 0.8508771929824562 and parameters: {'n_estimators': 293, 'max_depth': 10, 'min_samples_split': 3, 'min_samples_leaf': 1, 'class_weight': 'balanced'}. Best is trial 1 with value: 0.8508771929824562.
2025-02-02 16:12:54,132 - INFO - Trial 82 finished with value: 0.8188405797101449 and parameters: {'n_estimators': 276, 'max_depth': 11, 'min_samples_split': 3, 'min_samples_leaf': 1, 'class_weight': 'balanced'}. Best is trial 1 with value: 0.8508771929824562.
2025-02-02 16:12:54,436 - INFO - Trial 83 finished with value: 0.8508771929824562 and parameters: {'n_estimators': 299, 'max_depth': 9, 'min_samples_split': 5, 'min_samples_leaf': 1, 'class_weight': 'balanced'}. Best is trial 1 with value: 0.8508771929824562.
2025-02-02 16:12:54,700 - INFO - Trial 84 finished with value: 0.8508771929824562 and parameters: {'n_estimators': 262, 'max_depth': 12, 'min_samples_split': 4, 'min_samples_leaf': 1, 'class_weight': 'balanced'}. Best is trial 1 with value: 0.8508771929824562.
2025-02-02 16:12:54,969 - INFO - Trial 85 finished with value: 0.8188405797101449 and parameters: {'n_estimators': 269, 'max_depth': 10, 'min_samples_split': 3, 'min_samples_leaf': 1, 'class_weight': 'balanced'}. Best is trial 1 with value: 0.8508771929824562.
2025-02-02 16:12:55,257 - INFO - Trial 86 finished with value: 0.8188405797101449 and parameters: {'n_estimators': 282, 'max_depth': 11, 'min_samples_split': 2, 'min_samples_leaf': 2, 'class_weight': 'balanced'}. Best is trial 1 with value: 0.8508771929824562.
2025-02-02 16:12:55,440 - INFO - Trial 87 finished with value: 0.75 and parameters: {'n_estimators': 172, 'max_depth': 8, 'min_samples_split': 6, 'min_samples_leaf': 1, 'class_weight': None}. Best is trial 1 with value: 0.8508771929824562.
2025-02-02 16:12:55,582 - INFO - Trial 88 finished with value: 0.8188405797101449 and parameters: {'n_estimators': 131, 'max_depth': 15, 'min_samples_split': 5, 'min_samples_leaf': 1, 'class_weight': 'balanced'}. Best is trial 1 with value: 0.8508771929824562.
2025-02-02 16:12:55,711 - INFO - Trial 89 finished with value: 0.8227272727272728 and parameters: {'n_estimators': 120, 'max_depth': 14, 'min_samples_split': 6, 'min_samples_leaf': 4, 'class_weight': 'balanced'}. Best is trial 1 with value: 0.8508771929824562.
2025-02-02 16:12:55,861 - INFO - Trial 90 finished with value: 0.8508771929824562 and parameters: {'n_estimators': 141, 'max_depth': 13, 'min_samples_split': 7, 'min_samples_leaf': 2, 'class_weight': 'balanced'}. Best is trial 1 with value: 0.8508771929824562.
2025-02-02 16:12:56,021 - INFO - Trial 91 finished with value: 0.8188405797101449 and parameters: {'n_estimators': 151, 'max_depth': 11, 'min_samples_split': 6, 'min_samples_leaf': 2, 'class_weight': 'balanced'}. Best is trial 1 with value: 0.8508771929824562.
2025-02-02 16:12:56,212 - INFO - Trial 92 finished with value: 0.8508771929824562 and parameters: {'n_estimators': 150, 'max_depth': 12, 'min_samples_split': 5, 'min_samples_leaf': 2, 'class_weight': 'balanced'}. Best is trial 1 with value: 0.8508771929824562.
2025-02-02 16:12:56,434 - INFO - Trial 93 finished with value: 0.8508771929824562 and parameters: {'n_estimators': 213, 'max_depth': 10, 'min_samples_split': 6, 'min_samples_leaf': 2, 'class_weight': 'balanced'}. Best is trial 1 with value: 0.8508771929824562.
2025-02-02 16:12:56,607 - INFO - Trial 94 finished with value: 0.8508771929824562 and parameters: {'n_estimators': 162, 'max_depth': 9, 'min_samples_split': 7, 'min_samples_leaf': 2, 'class_weight': 'balanced'}. Best is trial 1 with value: 0.8508771929824562.
2025-02-02 16:12:56,786 - INFO - Trial 95 finished with value: 0.8508771929824562 and parameters: {'n_estimators': 168, 'max_depth': 17, 'min_samples_split': 5, 'min_samples_leaf': 2, 'class_weight': 'balanced'}. Best is trial 1 with value: 0.8508771929824562.
2025-02-02 16:12:57,081 - INFO - Trial 96 finished with value: 0.8188405797101449 and parameters: {'n_estimators': 292, 'max_depth': 14, 'min_samples_split': 3, 'min_samples_leaf': 1, 'class_weight': 'balanced'}. Best is trial 1 with value: 0.8508771929824562.
2025-02-02 16:12:57,234 - INFO - Trial 97 finished with value: 0.8508771929824562 and parameters: {'n_estimators': 140, 'max_depth': 16, 'min_samples_split': 6, 'min_samples_leaf': 2, 'class_weight': 'balanced'}. Best is trial 1 with value: 0.8508771929824562.
2025-02-02 16:12:57,518 - INFO - Trial 98 finished with value: 0.7945736434108528 and parameters: {'n_estimators': 284, 'max_depth': 11, 'min_samples_split': 10, 'min_samples_leaf': 1, 'class_weight': 'balanced'}. Best is trial 1 with value: 0.8508771929824562.
2025-02-02 16:12:57,642 - INFO - Trial 99 finished with value: 0.75 and parameters: {'n_estimators': 109, 'max_depth': 18, 'min_samples_split': 4, 'min_samples_leaf': 3, 'class_weight': None}. Best is trial 1 with value: 0.8508771929824562.
2025-02-02 16:14:59,581 - INFO - A new study created in memory with name: no-name-e6cd7f67-bc17-42aa-b8cb-a0e686ad1dfa
