2024-11-26 13:02:17,206 - INFO - A new study created in memory with name: no-name-ed3c0135-308c-43a0-9bfe-bf4503ca7fa1
2024-11-26 13:02:17,705 - INFO - Trial 0 finished with value: 0.99013357619915 and parameters: {'n_estimators': 242, 'max_depth': 8, 'min_samples_split': 10, 'min_samples_leaf': 3, 'class_weight': 'balanced'}. Best is trial 0 with value: 0.99013357619915.
2024-11-26 13:02:17,923 - INFO - Trial 1 finished with value: 1.0 and parameters: {'n_estimators': 110, 'max_depth': 20, 'min_samples_split': 6, 'min_samples_leaf': 3, 'class_weight': None}. Best is trial 1 with value: 1.0.
2024-11-26 13:02:18,365 - INFO - Trial 2 finished with value: 0.99013357619915 and parameters: {'n_estimators': 241, 'max_depth': 8, 'min_samples_split': 4, 'min_samples_leaf': 3, 'class_weight': None}. Best is trial 1 with value: 1.0.
2024-11-26 13:02:18,567 - INFO - Trial 3 finished with value: 1.0 and parameters: {'n_estimators': 101, 'max_depth': 18, 'min_samples_split': 10, 'min_samples_leaf': 2, 'class_weight': 'balanced'}. Best is trial 1 with value: 1.0.
2024-11-26 13:02:18,911 - INFO - Trial 4 finished with value: 1.0 and parameters: {'n_estimators': 182, 'max_depth': 20, 'min_samples_split': 8, 'min_samples_leaf': 3, 'class_weight': None}. Best is trial 1 with value: 1.0.
2024-11-26 13:02:19,127 - INFO - Trial 5 finished with value: 0.99013357619915 and parameters: {'n_estimators': 120, 'max_depth': 5, 'min_samples_split': 9, 'min_samples_leaf': 4, 'class_weight': None}. Best is trial 1 with value: 1.0.
2024-11-26 13:02:19,240 - INFO - Trial 6 finished with value: 1.0 and parameters: {'n_estimators': 55, 'max_depth': 20, 'min_samples_split': 8, 'min_samples_leaf': 3, 'class_weight': 'balanced'}. Best is trial 1 with value: 1.0.
2024-11-26 13:02:19,459 - INFO - Trial 7 finished with value: 0.9949377571191965 and parameters: {'n_estimators': 113, 'max_depth': 15, 'min_samples_split': 3, 'min_samples_leaf': 3, 'class_weight': 'balanced'}. Best is trial 1 with value: 1.0.
2024-11-26 13:02:19,639 - INFO - Trial 8 finished with value: 1.0 and parameters: {'n_estimators': 89, 'max_depth': 20, 'min_samples_split': 10, 'min_samples_leaf': 4, 'class_weight': None}. Best is trial 1 with value: 1.0.
2024-11-26 13:02:19,877 - INFO - Trial 9 finished with value: 1.0 and parameters: {'n_estimators': 124, 'max_depth': 12, 'min_samples_split': 2, 'min_samples_leaf': 1, 'class_weight': 'balanced'}. Best is trial 1 with value: 1.0.
2024-11-26 13:02:20,230 - INFO - Trial 10 finished with value: 0.9946251129177958 and parameters: {'n_estimators': 179, 'max_depth': 15, 'min_samples_split': 6, 'min_samples_leaf': 1, 'class_weight': None}. Best is trial 1 with value: 1.0.
2024-11-26 13:02:20,367 - INFO - Trial 11 finished with value: 1.0 and parameters: {'n_estimators': 58, 'max_depth': 16, 'min_samples_split': 6, 'min_samples_leaf': 2, 'class_weight': 'balanced'}. Best is trial 1 with value: 1.0.
2024-11-26 13:02:20,666 - INFO - Trial 12 finished with value: 1.0 and parameters: {'n_estimators': 149, 'max_depth': 17, 'min_samples_split': 5, 'min_samples_leaf': 2, 'class_weight': 'balanced'}. Best is trial 1 with value: 1.0.
2024-11-26 13:02:20,851 - INFO - Trial 13 finished with value: 1.0 and parameters: {'n_estimators': 86, 'max_depth': 12, 'min_samples_split': 7, 'min_samples_leaf': 2, 'class_weight': None}. Best is trial 1 with value: 1.0.
2024-11-26 13:02:21,383 - INFO - Trial 14 finished with value: 1.0 and parameters: {'n_estimators': 279, 'max_depth': 18, 'min_samples_split': 5, 'min_samples_leaf': 2, 'class_weight': 'balanced'}. Best is trial 1 with value: 1.0.
2024-11-26 13:02:21,690 - INFO - Trial 15 finished with value: 1.0 and parameters: {'n_estimators': 151, 'max_depth': 14, 'min_samples_split': 7, 'min_samples_leaf': 1, 'class_weight': None}. Best is trial 1 with value: 1.0.
2024-11-26 13:02:22,088 - INFO - Trial 16 finished with value: 1.0 and parameters: {'n_estimators': 207, 'max_depth': 17, 'min_samples_split': 8, 'min_samples_leaf': 4, 'class_weight': 'balanced'}. Best is trial 1 with value: 1.0.
2024-11-26 13:02:22,286 - INFO - Trial 17 finished with value: 1.0 and parameters: {'n_estimators': 91, 'max_depth': 18, 'min_samples_split': 5, 'min_samples_leaf': 2, 'class_weight': None}. Best is trial 1 with value: 1.0.
2024-11-26 13:02:22,541 - INFO - Trial 18 finished with value: 0.99013357619915 and parameters: {'n_estimators': 145, 'max_depth': 3, 'min_samples_split': 9, 'min_samples_leaf': 3, 'class_weight': None}. Best is trial 1 with value: 1.0.
2024-11-26 13:02:22,730 - INFO - Trial 19 finished with value: 0.9949377571191965 and parameters: {'n_estimators': 76, 'max_depth': 10, 'min_samples_split': 7, 'min_samples_leaf': 2, 'class_weight': 'balanced'}. Best is trial 1 with value: 1.0.
2024-11-26 13:02:22,956 - INFO - Trial 20 finished with value: 1.0 and parameters: {'n_estimators': 109, 'max_depth': 13, 'min_samples_split': 4, 'min_samples_leaf': 1, 'class_weight': None}. Best is trial 1 with value: 1.0.
2024-11-26 13:02:23,364 - INFO - Trial 21 finished with value: 1.0 and parameters: {'n_estimators': 187, 'max_depth': 20, 'min_samples_split': 9, 'min_samples_leaf': 3, 'class_weight': None}. Best is trial 1 with value: 1.0.
2024-11-26 13:02:23,962 - INFO - Trial 22 finished with value: 1.0 and parameters: {'n_estimators': 199, 'max_depth': 19, 'min_samples_split': 8, 'min_samples_leaf': 3, 'class_weight': None}. Best is trial 1 with value: 1.0.
2024-11-26 13:02:24,399 - INFO - Trial 23 finished with value: 0.9949377571191965 and parameters: {'n_estimators': 160, 'max_depth': 18, 'min_samples_split': 10, 'min_samples_leaf': 4, 'class_weight': None}. Best is trial 1 with value: 1.0.
2024-11-26 13:02:24,992 - INFO - Trial 24 finished with value: 1.0 and parameters: {'n_estimators': 222, 'max_depth': 20, 'min_samples_split': 9, 'min_samples_leaf': 3, 'class_weight': None}. Best is trial 1 with value: 1.0.
2024-11-26 13:02:25,370 - INFO - Trial 25 finished with value: 1.0 and parameters: {'n_estimators': 139, 'max_depth': 16, 'min_samples_split': 6, 'min_samples_leaf': 2, 'class_weight': None}. Best is trial 1 with value: 1.0.
2024-11-26 13:02:26,113 - INFO - Trial 26 finished with value: 1.0 and parameters: {'n_estimators': 297, 'max_depth': 19, 'min_samples_split': 8, 'min_samples_leaf': 3, 'class_weight': 'balanced'}. Best is trial 1 with value: 1.0.
2024-11-26 13:02:26,548 - INFO - Trial 27 finished with value: 0.9949377571191965 and parameters: {'n_estimators': 168, 'max_depth': 17, 'min_samples_split': 7, 'min_samples_leaf': 4, 'class_weight': None}. Best is trial 1 with value: 1.0.
2024-11-26 13:02:26,907 - INFO - Trial 28 finished with value: 1.0 and parameters: {'n_estimators': 128, 'max_depth': 10, 'min_samples_split': 10, 'min_samples_leaf': 2, 'class_weight': 'balanced'}. Best is trial 1 with value: 1.0.
2024-11-26 13:02:27,178 - INFO - Trial 29 finished with value: 1.0 and parameters: {'n_estimators': 101, 'max_depth': 19, 'min_samples_split': 10, 'min_samples_leaf': 3, 'class_weight': 'balanced'}. Best is trial 1 with value: 1.0.
2024-11-26 13:02:27,827 - INFO - Trial 30 finished with value: 1.0 and parameters: {'n_estimators': 258, 'max_depth': 14, 'min_samples_split': 9, 'min_samples_leaf': 3, 'class_weight': None}. Best is trial 1 with value: 1.0.
2024-11-26 13:02:27,986 - INFO - Trial 31 finished with value: 1.0 and parameters: {'n_estimators': 52, 'max_depth': 20, 'min_samples_split': 8, 'min_samples_leaf': 3, 'class_weight': 'balanced'}. Best is trial 1 with value: 1.0.
2024-11-26 13:02:28,191 - INFO - Trial 32 finished with value: 1.0 and parameters: {'n_estimators': 66, 'max_depth': 19, 'min_samples_split': 7, 'min_samples_leaf': 3, 'class_weight': 'balanced'}. Best is trial 1 with value: 1.0.
2024-11-26 13:02:28,414 - INFO - Trial 33 finished with value: 0.9949377571191965 and parameters: {'n_estimators': 75, 'max_depth': 18, 'min_samples_split': 8, 'min_samples_leaf': 3, 'class_weight': 'balanced'}. Best is trial 1 with value: 1.0.
2024-11-26 13:02:28,648 - INFO - Trial 34 finished with value: 0.9949377571191965 and parameters: {'n_estimators': 100, 'max_depth': 20, 'min_samples_split': 4, 'min_samples_leaf': 4, 'class_weight': 'balanced'}. Best is trial 1 with value: 1.0.
2024-11-26 13:02:29,018 - INFO - Trial 35 finished with value: 1.0 and parameters: {'n_estimators': 224, 'max_depth': 16, 'min_samples_split': 9, 'min_samples_leaf': 3, 'class_weight': 'balanced'}. Best is trial 1 with value: 1.0.
2024-11-26 13:02:29,223 - INFO - Trial 36 finished with value: 0.99013357619915 and parameters: {'n_estimators': 126, 'max_depth': 6, 'min_samples_split': 6, 'min_samples_leaf': 3, 'class_weight': None}. Best is trial 1 with value: 1.0.
2024-11-26 13:02:29,351 - INFO - Trial 37 finished with value: 1.0 and parameters: {'n_estimators': 66, 'max_depth': 19, 'min_samples_split': 10, 'min_samples_leaf': 2, 'class_weight': 'balanced'}. Best is trial 1 with value: 1.0.
2024-11-26 13:02:29,540 - INFO - Trial 38 finished with value: 1.0 and parameters: {'n_estimators': 109, 'max_depth': 20, 'min_samples_split': 5, 'min_samples_leaf': 4, 'class_weight': None}. Best is trial 1 with value: 1.0.
2024-11-26 13:02:29,840 - INFO - Trial 39 finished with value: 1.0 and parameters: {'n_estimators': 187, 'max_depth': 17, 'min_samples_split': 2, 'min_samples_leaf': 3, 'class_weight': 'balanced'}. Best is trial 1 with value: 1.0.
2024-11-26 13:02:29,988 - INFO - Trial 40 finished with value: 1.0 and parameters: {'n_estimators': 76, 'max_depth': 15, 'min_samples_split': 8, 'min_samples_leaf': 2, 'class_weight': None}. Best is trial 1 with value: 1.0.
2024-11-26 13:02:30,148 - INFO - Trial 41 finished with value: 0.9949377571191965 and parameters: {'n_estimators': 88, 'max_depth': 20, 'min_samples_split': 10, 'min_samples_leaf': 4, 'class_weight': None}. Best is trial 1 with value: 1.0.
2024-11-26 13:02:30,257 - INFO - Trial 42 finished with value: 1.0 and parameters: {'n_estimators': 50, 'max_depth': 18, 'min_samples_split': 9, 'min_samples_leaf': 4, 'class_weight': None}. Best is trial 1 with value: 1.0.
2024-11-26 13:02:30,432 - INFO - Trial 43 finished with value: 1.0 and parameters: {'n_estimators': 97, 'max_depth': 19, 'min_samples_split': 6, 'min_samples_leaf': 4, 'class_weight': None}. Best is trial 1 with value: 1.0.
2024-11-26 13:02:30,643 - INFO - Trial 44 finished with value: 0.9949377571191965 and parameters: {'n_estimators': 120, 'max_depth': 18, 'min_samples_split': 10, 'min_samples_leaf': 2, 'class_weight': None}. Best is trial 1 with value: 1.0.
2024-11-26 13:02:30,798 - INFO - Trial 45 finished with value: 0.9949377571191965 and parameters: {'n_estimators': 81, 'max_depth': 20, 'min_samples_split': 7, 'min_samples_leaf': 4, 'class_weight': 'balanced'}. Best is trial 1 with value: 1.0.
2024-11-26 13:02:31,022 - INFO - Trial 46 finished with value: 1.0 and parameters: {'n_estimators': 133, 'max_depth': 17, 'min_samples_split': 10, 'min_samples_leaf': 1, 'class_weight': None}. Best is trial 1 with value: 1.0.
2024-11-26 13:02:31,149 - INFO - Trial 47 finished with value: 1.0 and parameters: {'n_estimators': 63, 'max_depth': 19, 'min_samples_split': 9, 'min_samples_leaf': 2, 'class_weight': 'balanced'}. Best is trial 1 with value: 1.0.
2024-11-26 13:02:31,335 - INFO - Trial 48 finished with value: 0.99013357619915 and parameters: {'n_estimators': 109, 'max_depth': 9, 'min_samples_split': 6, 'min_samples_leaf': 3, 'class_weight': None}. Best is trial 1 with value: 1.0.
2024-11-26 13:02:31,611 - INFO - Trial 49 finished with value: 1.0 and parameters: {'n_estimators': 158, 'max_depth': 16, 'min_samples_split': 8, 'min_samples_leaf': 2, 'class_weight': None}. Best is trial 1 with value: 1.0.
2024-11-26 13:02:31,898 - INFO - Trial 50 finished with value: 1.0 and parameters: {'n_estimators': 179, 'max_depth': 18, 'min_samples_split': 3, 'min_samples_leaf': 3, 'class_weight': 'balanced'}. Best is trial 1 with value: 1.0.
2024-11-26 13:02:32,104 - INFO - Trial 51 finished with value: 0.99013357619915 and parameters: {'n_estimators': 118, 'max_depth': 7, 'min_samples_split': 2, 'min_samples_leaf': 1, 'class_weight': 'balanced'}. Best is trial 1 with value: 1.0.
2024-11-26 13:02:32,339 - INFO - Trial 52 finished with value: 0.9946251129177958 and parameters: {'n_estimators': 140, 'max_depth': 12, 'min_samples_split': 3, 'min_samples_leaf': 1, 'class_weight': 'balanced'}. Best is trial 1 with value: 1.0.
2024-11-26 13:02:32,505 - INFO - Trial 53 finished with value: 1.0 and parameters: {'n_estimators': 92, 'max_depth': 11, 'min_samples_split': 5, 'min_samples_leaf': 1, 'class_weight': 'balanced'}. Best is trial 1 with value: 1.0.
2024-11-26 13:02:32,647 - INFO - Trial 54 finished with value: 0.99013357619915 and parameters: {'n_estimators': 86, 'max_depth': 3, 'min_samples_split': 3, 'min_samples_leaf': 1, 'class_weight': 'balanced'}. Best is trial 1 with value: 1.0.
2024-11-26 13:02:32,792 - INFO - Trial 55 finished with value: 1.0 and parameters: {'n_estimators': 73, 'max_depth': 20, 'min_samples_split': 7, 'min_samples_leaf': 3, 'class_weight': None}. Best is trial 1 with value: 1.0.
2024-11-26 13:02:33,074 - INFO - Trial 56 finished with value: 0.99013357619915 and parameters: {'n_estimators': 198, 'max_depth': 4, 'min_samples_split': 9, 'min_samples_leaf': 2, 'class_weight': 'balanced'}. Best is trial 1 with value: 1.0.
2024-11-26 13:02:33,345 - INFO - Trial 57 finished with value: 1.0 and parameters: {'n_estimators': 167, 'max_depth': 14, 'min_samples_split': 4, 'min_samples_leaf': 3, 'class_weight': None}. Best is trial 1 with value: 1.0.
2024-11-26 13:02:33,589 - INFO - Trial 58 finished with value: 1.0 and parameters: {'n_estimators': 148, 'max_depth': 15, 'min_samples_split': 5, 'min_samples_leaf': 3, 'class_weight': 'balanced'}. Best is trial 1 with value: 1.0.
2024-11-26 13:02:33,783 - INFO - Trial 59 finished with value: 1.0 and parameters: {'n_estimators': 103, 'max_depth': 19, 'min_samples_split': 9, 'min_samples_leaf': 2, 'class_weight': None}. Best is trial 1 with value: 1.0.
2024-11-26 13:02:33,910 - INFO - Trial 60 finished with value: 0.9946251129177958 and parameters: {'n_estimators': 58, 'max_depth': 17, 'min_samples_split': 10, 'min_samples_leaf': 1, 'class_weight': 'balanced'}. Best is trial 1 with value: 1.0.
2024-11-26 13:02:34,037 - INFO - Trial 61 finished with value: 1.0 and parameters: {'n_estimators': 61, 'max_depth': 18, 'min_samples_split': 6, 'min_samples_leaf': 2, 'class_weight': 'balanced'}. Best is trial 1 with value: 1.0.
2024-11-26 13:02:34,178 - INFO - Trial 62 finished with value: 1.0 and parameters: {'n_estimators': 71, 'max_depth': 13, 'min_samples_split': 6, 'min_samples_leaf': 2, 'class_weight': 'balanced'}. Best is trial 1 with value: 1.0.
2024-11-26 13:02:34,332 - INFO - Trial 63 finished with value: 1.0 and parameters: {'n_estimators': 80, 'max_depth': 19, 'min_samples_split': 7, 'min_samples_leaf': 3, 'class_weight': 'balanced'}. Best is trial 1 with value: 1.0.
2024-11-26 13:02:34,504 - INFO - Trial 64 finished with value: 1.0 and parameters: {'n_estimators': 95, 'max_depth': 20, 'min_samples_split': 8, 'min_samples_leaf': 2, 'class_weight': 'balanced'}. Best is trial 1 with value: 1.0.
2024-11-26 13:02:34,625 - INFO - Trial 65 finished with value: 1.0 and parameters: {'n_estimators': 55, 'max_depth': 16, 'min_samples_split': 4, 'min_samples_leaf': 3, 'class_weight': None}. Best is trial 1 with value: 1.0.
2024-11-26 13:02:34,844 - INFO - Trial 66 finished with value: 1.0 and parameters: {'n_estimators': 127, 'max_depth': 20, 'min_samples_split': 7, 'min_samples_leaf': 2, 'class_weight': 'balanced'}. Best is trial 1 with value: 1.0.
2024-11-26 13:02:35,044 - INFO - Trial 67 finished with value: 1.0 and parameters: {'n_estimators': 116, 'max_depth': 19, 'min_samples_split': 10, 'min_samples_leaf': 4, 'class_weight': 'balanced'}. Best is trial 1 with value: 1.0.
2024-11-26 13:02:35,233 - INFO - Trial 68 finished with value: 1.0 and parameters: {'n_estimators': 106, 'max_depth': 17, 'min_samples_split': 5, 'min_samples_leaf': 3, 'class_weight': None}. Best is trial 1 with value: 1.0.
2024-11-26 13:02:35,567 - INFO - Trial 69 finished with value: 1.0 and parameters: {'n_estimators': 205, 'max_depth': 19, 'min_samples_split': 9, 'min_samples_leaf': 3, 'class_weight': 'balanced'}. Best is trial 1 with value: 1.0.
2024-11-26 13:02:35,733 - INFO - Trial 70 finished with value: 1.0 and parameters: {'n_estimators': 83, 'max_depth': 18, 'min_samples_split': 8, 'min_samples_leaf': 1, 'class_weight': None}. Best is trial 1 with value: 1.0.
2024-11-26 13:02:36,028 - INFO - Trial 71 finished with value: 1.0 and parameters: {'n_estimators': 158, 'max_depth': 13, 'min_samples_split': 5, 'min_samples_leaf': 2, 'class_weight': 'balanced'}. Best is trial 1 with value: 1.0.
2024-11-26 13:02:36,295 - INFO - Trial 72 finished with value: 1.0 and parameters: {'n_estimators': 142, 'max_depth': 17, 'min_samples_split': 6, 'min_samples_leaf': 2, 'class_weight': 'balanced'}. Best is trial 1 with value: 1.0.
2024-11-26 13:02:36,551 - INFO - Trial 73 finished with value: 1.0 and parameters: {'n_estimators': 135, 'max_depth': 16, 'min_samples_split': 6, 'min_samples_leaf': 2, 'class_weight': 'balanced'}. Best is trial 1 with value: 1.0.
2024-11-26 13:02:36,882 - INFO - Trial 74 finished with value: 1.0 and parameters: {'n_estimators': 174, 'max_depth': 20, 'min_samples_split': 2, 'min_samples_leaf': 2, 'class_weight': 'balanced'}. Best is trial 1 with value: 1.0.
2024-11-26 13:02:37,135 - INFO - Trial 75 finished with value: 1.0 and parameters: {'n_estimators': 153, 'max_depth': 15, 'min_samples_split': 7, 'min_samples_leaf': 3, 'class_weight': None}. Best is trial 1 with value: 1.0.
2024-11-26 13:02:37,365 - INFO - Trial 76 finished with value: 1.0 and parameters: {'n_estimators': 129, 'max_depth': 18, 'min_samples_split': 6, 'min_samples_leaf': 2, 'class_weight': 'balanced'}. Best is trial 1 with value: 1.0.
2024-11-26 13:02:37,583 - INFO - Trial 77 finished with value: 0.9949377571191965 and parameters: {'n_estimators': 113, 'max_depth': 10, 'min_samples_split': 5, 'min_samples_leaf': 4, 'class_weight': None}. Best is trial 1 with value: 1.0.
2024-11-26 13:02:37,836 - INFO - Trial 78 finished with value: 1.0 and parameters: {'n_estimators': 121, 'max_depth': 19, 'min_samples_split': 10, 'min_samples_leaf': 3, 'class_weight': 'balanced'}. Best is trial 1 with value: 1.0.
2024-11-26 13:02:37,990 - INFO - Trial 79 finished with value: 1.0 and parameters: {'n_estimators': 70, 'max_depth': 20, 'min_samples_split': 8, 'min_samples_leaf': 2, 'class_weight': 'balanced'}. Best is trial 1 with value: 1.0.
2024-11-26 13:02:38,168 - INFO - Trial 80 finished with value: 1.0 and parameters: {'n_estimators': 92, 'max_depth': 18, 'min_samples_split': 6, 'min_samples_leaf': 3, 'class_weight': None}. Best is trial 1 with value: 1.0.
2024-11-26 13:02:38,369 - INFO - Trial 81 finished with value: 1.0 and parameters: {'n_estimators': 103, 'max_depth': 12, 'min_samples_split': 7, 'min_samples_leaf': 2, 'class_weight': None}. Best is trial 1 with value: 1.0.
2024-11-26 13:02:38,549 - INFO - Trial 82 finished with value: 0.9949377571191965 and parameters: {'n_estimators': 88, 'max_depth': 11, 'min_samples_split': 7, 'min_samples_leaf': 2, 'class_weight': None}. Best is trial 1 with value: 1.0.
2024-11-26 13:02:38,667 - INFO - Trial 83 finished with value: 1.0 and parameters: {'n_estimators': 50, 'max_depth': 14, 'min_samples_split': 8, 'min_samples_leaf': 2, 'class_weight': None}. Best is trial 1 with value: 1.0.
2024-11-26 13:02:38,988 - INFO - Trial 84 finished with value: 1.0 and parameters: {'n_estimators': 185, 'max_depth': 13, 'min_samples_split': 7, 'min_samples_leaf': 4, 'class_weight': None}. Best is trial 1 with value: 1.0.
2024-11-26 13:02:39,132 - INFO - Trial 85 finished with value: 1.0 and parameters: {'n_estimators': 65, 'max_depth': 11, 'min_samples_split': 9, 'min_samples_leaf': 1, 'class_weight': None}. Best is trial 1 with value: 1.0.
2024-11-26 13:02:39,496 - INFO - Trial 86 finished with value: 1.0 and parameters: {'n_estimators': 220, 'max_depth': 20, 'min_samples_split': 6, 'min_samples_leaf': 2, 'class_weight': 'balanced'}. Best is trial 1 with value: 1.0.
2024-11-26 13:02:39,657 - INFO - Trial 87 finished with value: 1.0 and parameters: {'n_estimators': 78, 'max_depth': 12, 'min_samples_split': 7, 'min_samples_leaf': 2, 'class_weight': None}. Best is trial 1 with value: 1.0.
2024-11-26 13:02:39,845 - INFO - Trial 88 finished with value: 1.0 and parameters: {'n_estimators': 97, 'max_depth': 19, 'min_samples_split': 9, 'min_samples_leaf': 3, 'class_weight': 'balanced'}. Best is trial 1 with value: 1.0.
2024-11-26 13:02:40,131 - INFO - Trial 89 finished with value: 0.99013357619915 and parameters: {'n_estimators': 164, 'max_depth': 8, 'min_samples_split': 4, 'min_samples_leaf': 1, 'class_weight': None}. Best is trial 1 with value: 1.0.
2024-11-26 13:02:40,363 - INFO - Trial 90 finished with value: 1.0 and parameters: {'n_estimators': 123, 'max_depth': 17, 'min_samples_split': 3, 'min_samples_leaf': 2, 'class_weight': 'balanced'}. Best is trial 1 with value: 1.0.
2024-11-26 13:02:40,753 - INFO - Trial 91 finished with value: 1.0 and parameters: {'n_estimators': 246, 'max_depth': 18, 'min_samples_split': 5, 'min_samples_leaf': 2, 'class_weight': 'balanced'}. Best is trial 1 with value: 1.0.
2024-11-26 13:02:41,240 - INFO - Trial 92 finished with value: 1.0 and parameters: {'n_estimators': 271, 'max_depth': 19, 'min_samples_split': 4, 'min_samples_leaf': 2, 'class_weight': 'balanced'}. Best is trial 1 with value: 1.0.
2024-11-26 13:02:41,724 - INFO - Trial 93 finished with value: 0.99013357619915 and parameters: {'n_estimators': 278, 'max_depth': 9, 'min_samples_split': 5, 'min_samples_leaf': 2, 'class_weight': 'balanced'}. Best is trial 1 with value: 1.0.
