2025-02-02 17:08:00,063 - INFO - Trial 774 finished with value: 0.8818181818181818 and parameters: {'max_depth': 15, 'min_samples_split': 2, 'min_samples_leaf': 2, 'class_weight': None}. Best is trial 49 with value: 0.9396135265700484.
2025-02-02 17:08:00,102 - INFO - Trial 775 finished with value: 0.9396135265700484 and parameters: {'max_depth': 5, 'min_samples_split': 4, 'min_samples_leaf': 2, 'class_weight': None}. Best is trial 49 with value: 0.9396135265700484.
2025-02-02 17:08:00,145 - INFO - Trial 776 finished with value: 0.9396135265700484 and parameters: {'max_depth': 3, 'min_samples_split': 6, 'min_samples_leaf': 2, 'class_weight': None}. Best is trial 49 with value: 0.9396135265700484.
2025-02-02 17:08:00,183 - INFO - Trial 777 finished with value: 0.8818181818181818 and parameters: {'max_depth': 4, 'min_samples_split': 5, 'min_samples_leaf': 2, 'class_weight': None}. Best is trial 49 with value: 0.9396135265700484.
2025-02-02 17:08:00,220 - INFO - Trial 778 finished with value: 0.8818181818181818 and parameters: {'max_depth': 16, 'min_samples_split': 5, 'min_samples_leaf': 2, 'class_weight': None}. Best is trial 49 with value: 0.9396135265700484.
2025-02-02 17:08:00,259 - INFO - Trial 779 finished with value: 0.8188405797101449 and parameters: {'max_depth': 3, 'min_samples_split': 5, 'min_samples_leaf': 4, 'class_weight': None}. Best is trial 49 with value: 0.9396135265700484.
2025-02-02 17:08:00,294 - INFO - Trial 780 finished with value: 0.8818181818181818 and parameters: {'max_depth': 15, 'min_samples_split': 2, 'min_samples_leaf': 2, 'class_weight': None}. Best is trial 49 with value: 0.9396135265700484.
2025-02-02 17:08:00,329 - INFO - Trial 781 finished with value: 0.8188405797101449 and parameters: {'max_depth': 14, 'min_samples_split': 5, 'min_samples_leaf': 2, 'class_weight': None}. Best is trial 49 with value: 0.9396135265700484.
2025-02-02 17:08:00,365 - INFO - Trial 782 finished with value: 0.8188405797101449 and parameters: {'max_depth': 18, 'min_samples_split': 3, 'min_samples_leaf': 2, 'class_weight': None}. Best is trial 49 with value: 0.9396135265700484.
2025-02-02 17:08:00,401 - INFO - Trial 783 finished with value: 0.9105263157894736 and parameters: {'max_depth': 16, 'min_samples_split': 5, 'min_samples_leaf': 2, 'class_weight': None}. Best is trial 49 with value: 0.9396135265700484.
2025-02-02 17:08:00,436 - INFO - Trial 784 finished with value: 0.9396135265700484 and parameters: {'max_depth': 4, 'min_samples_split': 4, 'min_samples_leaf': 2, 'class_weight': None}. Best is trial 49 with value: 0.9396135265700484.
2025-02-02 17:08:00,473 - INFO - Trial 785 finished with value: 0.9396135265700484 and parameters: {'max_depth': 17, 'min_samples_split': 2, 'min_samples_leaf': 2, 'class_weight': None}. Best is trial 49 with value: 0.9396135265700484.
2025-02-02 17:08:00,504 - INFO - Trial 786 finished with value: 0.7853566958698374 and parameters: {'max_depth': 12, 'min_samples_split': 5, 'min_samples_leaf': 1, 'class_weight': None}. Best is trial 49 with value: 0.9396135265700484.
2025-02-02 17:08:00,535 - INFO - Trial 787 finished with value: 0.9396135265700484 and parameters: {'max_depth': 3, 'min_samples_split': 6, 'min_samples_leaf': 2, 'class_weight': None}. Best is trial 49 with value: 0.9396135265700484.
2025-02-02 17:08:00,566 - INFO - Trial 788 finished with value: 0.9396135265700484 and parameters: {'max_depth': 3, 'min_samples_split': 3, 'min_samples_leaf': 2, 'class_weight': None}. Best is trial 49 with value: 0.9396135265700484.
2025-02-02 17:08:00,601 - INFO - Trial 789 finished with value: 0.7912280701754386 and parameters: {'max_depth': 10, 'min_samples_split': 5, 'min_samples_leaf': 2, 'class_weight': None}. Best is trial 49 with value: 0.9396135265700484.
2025-02-02 17:08:00,638 - INFO - Trial 790 finished with value: 0.8188405797101449 and parameters: {'max_depth': 15, 'min_samples_split': 2, 'min_samples_leaf': 3, 'class_weight': None}. Best is trial 49 with value: 0.9396135265700484.
2025-02-02 17:08:00,671 - INFO - Trial 791 finished with value: 0.8532668881506091 and parameters: {'max_depth': 16, 'min_samples_split': 5, 'min_samples_leaf': 2, 'class_weight': 'balanced'}. Best is trial 49 with value: 0.9396135265700484.
2025-02-02 17:08:00,705 - INFO - Trial 792 finished with value: 0.8818181818181818 and parameters: {'max_depth': 4, 'min_samples_split': 5, 'min_samples_leaf': 2, 'class_weight': None}. Best is trial 49 with value: 0.9396135265700484.
2025-02-02 17:08:00,737 - INFO - Trial 793 finished with value: 0.8818181818181818 and parameters: {'max_depth': 17, 'min_samples_split': 4, 'min_samples_leaf': 2, 'class_weight': None}. Best is trial 49 with value: 0.9396135265700484.
2025-02-02 17:08:00,772 - INFO - Trial 794 finished with value: 0.8188405797101449 and parameters: {'max_depth': 3, 'min_samples_split': 5, 'min_samples_leaf': 2, 'class_weight': None}. Best is trial 49 with value: 0.9396135265700484.
2025-02-02 17:08:00,815 - INFO - Trial 795 finished with value: 0.8188405797101449 and parameters: {'max_depth': 16, 'min_samples_split': 2, 'min_samples_leaf': 2, 'class_weight': None}. Best is trial 49 with value: 0.9396135265700484.
2025-02-02 17:08:00,851 - INFO - Trial 796 finished with value: 0.7912280701754386 and parameters: {'max_depth': 14, 'min_samples_split': 8, 'min_samples_leaf': 2, 'class_weight': None}. Best is trial 49 with value: 0.9396135265700484.
2025-02-02 17:08:00,890 - INFO - Trial 797 finished with value: 0.8188405797101449 and parameters: {'max_depth': 3, 'min_samples_split': 5, 'min_samples_leaf': 2, 'class_weight': None}. Best is trial 49 with value: 0.9396135265700484.
2025-02-02 17:08:00,924 - INFO - Trial 798 finished with value: 0.7912280701754386 and parameters: {'max_depth': 15, 'min_samples_split': 5, 'min_samples_leaf': 2, 'class_weight': None}. Best is trial 49 with value: 0.9396135265700484.
2025-02-02 17:08:00,960 - INFO - Trial 799 finished with value: 0.9396135265700484 and parameters: {'max_depth': 3, 'min_samples_split': 7, 'min_samples_leaf': 2, 'class_weight': None}. Best is trial 49 with value: 0.9396135265700484.
2025-02-02 17:08:00,995 - INFO - Trial 800 finished with value: 0.8188405797101449 and parameters: {'max_depth': 16, 'min_samples_split': 2, 'min_samples_leaf': 2, 'class_weight': None}. Best is trial 49 with value: 0.9396135265700484.
2025-02-02 17:08:01,031 - INFO - Trial 801 finished with value: 0.8818181818181818 and parameters: {'max_depth': 14, 'min_samples_split': 5, 'min_samples_leaf': 2, 'class_weight': None}. Best is trial 49 with value: 0.9396135265700484.
2025-02-02 17:08:01,070 - INFO - Trial 802 finished with value: 0.7912280701754386 and parameters: {'max_depth': 15, 'min_samples_split': 3, 'min_samples_leaf': 2, 'class_weight': None}. Best is trial 49 with value: 0.9396135265700484.
2025-02-02 17:08:01,104 - INFO - Trial 803 finished with value: 0.9396135265700484 and parameters: {'max_depth': 17, 'min_samples_split': 5, 'min_samples_leaf': 2, 'class_weight': None}. Best is trial 49 with value: 0.9396135265700484.
2025-02-02 17:08:01,144 - INFO - Trial 804 finished with value: 0.8246753246753247 and parameters: {'max_depth': 16, 'min_samples_split': 9, 'min_samples_leaf': 2, 'class_weight': None}. Best is trial 49 with value: 0.9396135265700484.
2025-02-02 17:08:01,177 - INFO - Trial 805 finished with value: 0.8188405797101449 and parameters: {'max_depth': 4, 'min_samples_split': 5, 'min_samples_leaf': 2, 'class_weight': None}. Best is trial 49 with value: 0.9396135265700484.
2025-02-02 17:08:01,209 - INFO - Trial 806 finished with value: 0.9396135265700484 and parameters: {'max_depth': 3, 'min_samples_split': 6, 'min_samples_leaf': 2, 'class_weight': None}. Best is trial 49 with value: 0.9396135265700484.
2025-02-02 17:08:01,243 - INFO - Trial 807 finished with value: 0.7912280701754386 and parameters: {'max_depth': 5, 'min_samples_split': 4, 'min_samples_leaf': 2, 'class_weight': None}. Best is trial 49 with value: 0.9396135265700484.
2025-02-02 17:08:01,278 - INFO - Trial 808 finished with value: 0.9396135265700484 and parameters: {'max_depth': 3, 'min_samples_split': 7, 'min_samples_leaf': 2, 'class_weight': None}. Best is trial 49 with value: 0.9396135265700484.
2025-02-02 17:08:01,310 - INFO - Trial 809 finished with value: 0.8818181818181818 and parameters: {'max_depth': 15, 'min_samples_split': 5, 'min_samples_leaf': 2, 'class_weight': None}. Best is trial 49 with value: 0.9396135265700484.
2025-02-02 17:08:01,344 - INFO - Trial 810 finished with value: 0.8532668881506091 and parameters: {'max_depth': 16, 'min_samples_split': 2, 'min_samples_leaf': 2, 'class_weight': 'balanced'}. Best is trial 49 with value: 0.9396135265700484.
2025-02-02 17:08:01,378 - INFO - Trial 811 finished with value: 0.8188405797101449 and parameters: {'max_depth': 4, 'min_samples_split': 3, 'min_samples_leaf': 2, 'class_weight': None}. Best is trial 49 with value: 0.9396135265700484.
2025-02-02 17:08:01,410 - INFO - Trial 812 finished with value: 0.8188405797101449 and parameters: {'max_depth': 3, 'min_samples_split': 5, 'min_samples_leaf': 2, 'class_weight': None}. Best is trial 49 with value: 0.9396135265700484.
2025-02-02 17:08:01,444 - INFO - Trial 813 finished with value: 0.8818181818181818 and parameters: {'max_depth': 17, 'min_samples_split': 5, 'min_samples_leaf': 2, 'class_weight': None}. Best is trial 49 with value: 0.9396135265700484.
2025-02-02 17:08:01,476 - INFO - Trial 814 finished with value: 0.7912280701754386 and parameters: {'max_depth': 18, 'min_samples_split': 3, 'min_samples_leaf': 2, 'class_weight': None}. Best is trial 49 with value: 0.9396135265700484.
2025-02-02 17:08:01,507 - INFO - Trial 815 finished with value: 0.8188405797101449 and parameters: {'max_depth': 13, 'min_samples_split': 2, 'min_samples_leaf': 2, 'class_weight': None}. Best is trial 49 with value: 0.9396135265700484.
2025-02-02 17:08:01,541 - INFO - Trial 816 finished with value: 0.9396135265700484 and parameters: {'max_depth': 15, 'min_samples_split': 5, 'min_samples_leaf': 2, 'class_weight': None}. Best is trial 49 with value: 0.9396135265700484.
2025-02-02 17:08:01,573 - INFO - Trial 817 finished with value: 0.8188405797101449 and parameters: {'max_depth': 16, 'min_samples_split': 4, 'min_samples_leaf': 2, 'class_weight': None}. Best is trial 49 with value: 0.9396135265700484.
2025-02-02 17:08:01,604 - INFO - Trial 818 finished with value: 0.9396135265700484 and parameters: {'max_depth': 3, 'min_samples_split': 6, 'min_samples_leaf': 2, 'class_weight': None}. Best is trial 49 with value: 0.9396135265700484.
2025-02-02 17:08:01,640 - INFO - Trial 819 finished with value: 0.8188405797101449 and parameters: {'max_depth': 4, 'min_samples_split': 5, 'min_samples_leaf': 2, 'class_weight': None}. Best is trial 49 with value: 0.9396135265700484.
2025-02-02 17:08:01,671 - INFO - Trial 820 finished with value: 0.8188405797101449 and parameters: {'max_depth': 3, 'min_samples_split': 5, 'min_samples_leaf': 2, 'class_weight': None}. Best is trial 49 with value: 0.9396135265700484.
2025-02-02 17:08:01,705 - INFO - Trial 821 finished with value: 0.8818181818181818 and parameters: {'max_depth': 15, 'min_samples_split': 2, 'min_samples_leaf': 2, 'class_weight': None}. Best is trial 49 with value: 0.9396135265700484.
2025-02-02 17:08:01,738 - INFO - Trial 822 finished with value: 0.9105263157894736 and parameters: {'max_depth': 16, 'min_samples_split': 5, 'min_samples_leaf': 2, 'class_weight': None}. Best is trial 49 with value: 0.9396135265700484.
2025-02-02 17:08:01,770 - INFO - Trial 823 finished with value: 0.9080100125156445 and parameters: {'max_depth': 14, 'min_samples_split': 5, 'min_samples_leaf': 3, 'class_weight': None}. Best is trial 49 with value: 0.9396135265700484.
2025-02-02 17:08:01,802 - INFO - Trial 824 finished with value: 0.8188405797101449 and parameters: {'max_depth': 17, 'min_samples_split': 2, 'min_samples_leaf': 2, 'class_weight': None}. Best is trial 49 with value: 0.9396135265700484.
2025-02-02 17:08:01,833 - INFO - Trial 825 finished with value: 0.8188405797101449 and parameters: {'max_depth': 3, 'min_samples_split': 5, 'min_samples_leaf': 2, 'class_weight': None}. Best is trial 49 with value: 0.9396135265700484.
2025-02-02 17:08:01,866 - INFO - Trial 826 finished with value: 0.9105263157894736 and parameters: {'max_depth': 6, 'min_samples_split': 5, 'min_samples_leaf': 2, 'class_weight': None}. Best is trial 49 with value: 0.9396135265700484.
2025-02-02 17:08:01,898 - INFO - Trial 827 finished with value: 0.9105263157894736 and parameters: {'max_depth': 4, 'min_samples_split': 3, 'min_samples_leaf': 2, 'class_weight': None}. Best is trial 49 with value: 0.9396135265700484.
2025-02-02 17:08:01,936 - INFO - Trial 828 finished with value: 0.8818181818181818 and parameters: {'max_depth': 3, 'min_samples_split': 6, 'min_samples_leaf': 2, 'class_weight': 'balanced'}. Best is trial 49 with value: 0.9396135265700484.
2025-02-02 17:08:01,972 - INFO - Trial 829 finished with value: 0.8188405797101449 and parameters: {'max_depth': 15, 'min_samples_split': 5, 'min_samples_leaf': 2, 'class_weight': None}. Best is trial 49 with value: 0.9396135265700484.
2025-02-02 17:08:02,009 - INFO - Trial 830 finished with value: 0.8188405797101449 and parameters: {'max_depth': 16, 'min_samples_split': 2, 'min_samples_leaf': 2, 'class_weight': None}. Best is trial 49 with value: 0.9396135265700484.
2025-02-02 17:08:02,045 - INFO - Trial 831 finished with value: 0.9396135265700484 and parameters: {'max_depth': 3, 'min_samples_split': 4, 'min_samples_leaf': 2, 'class_weight': None}. Best is trial 49 with value: 0.9396135265700484.
2025-02-02 17:08:02,080 - INFO - Trial 832 finished with value: 0.9396135265700484 and parameters: {'max_depth': 16, 'min_samples_split': 5, 'min_samples_leaf': 2, 'class_weight': None}. Best is trial 49 with value: 0.9396135265700484.
2025-02-02 17:08:02,117 - INFO - Trial 833 finished with value: 0.8188405797101449 and parameters: {'max_depth': 17, 'min_samples_split': 5, 'min_samples_leaf': 2, 'class_weight': None}. Best is trial 49 with value: 0.9396135265700484.
2025-02-02 17:08:02,155 - INFO - Trial 834 finished with value: 0.7912280701754386 and parameters: {'max_depth': 18, 'min_samples_split': 3, 'min_samples_leaf': 2, 'class_weight': None}. Best is trial 49 with value: 0.9396135265700484.
2025-02-02 17:08:02,192 - INFO - Trial 835 finished with value: 0.9396135265700484 and parameters: {'max_depth': 9, 'min_samples_split': 5, 'min_samples_leaf': 2, 'class_weight': None}. Best is trial 49 with value: 0.9396135265700484.
2025-02-02 17:08:02,231 - INFO - Trial 836 finished with value: 0.8818181818181818 and parameters: {'max_depth': 13, 'min_samples_split': 2, 'min_samples_leaf': 2, 'class_weight': None}. Best is trial 49 with value: 0.9396135265700484.
2025-02-02 17:08:02,269 - INFO - Trial 837 finished with value: 0.9396135265700484 and parameters: {'max_depth': 3, 'min_samples_split': 5, 'min_samples_leaf': 2, 'class_weight': None}. Best is trial 49 with value: 0.9396135265700484.
2025-02-02 17:08:02,306 - INFO - Trial 838 finished with value: 0.9396135265700484 and parameters: {'max_depth': 4, 'min_samples_split': 2, 'min_samples_leaf': 2, 'class_weight': None}. Best is trial 49 with value: 0.9396135265700484.
2025-02-02 17:08:02,343 - INFO - Trial 839 finished with value: 0.8188405797101449 and parameters: {'max_depth': 14, 'min_samples_split': 4, 'min_samples_leaf': 2, 'class_weight': None}. Best is trial 49 with value: 0.9396135265700484.
2025-02-02 17:08:02,378 - INFO - Trial 840 finished with value: 0.9396135265700484 and parameters: {'max_depth': 15, 'min_samples_split': 5, 'min_samples_leaf': 2, 'class_weight': None}. Best is trial 49 with value: 0.9396135265700484.
2025-02-02 17:08:02,415 - INFO - Trial 841 finished with value: 0.8188405797101449 and parameters: {'max_depth': 20, 'min_samples_split': 5, 'min_samples_leaf': 2, 'class_weight': None}. Best is trial 49 with value: 0.9396135265700484.
2025-02-02 17:08:02,452 - INFO - Trial 842 finished with value: 0.8188405797101449 and parameters: {'max_depth': 3, 'min_samples_split': 10, 'min_samples_leaf': 2, 'class_weight': None}. Best is trial 49 with value: 0.9396135265700484.
2025-02-02 17:08:02,486 - INFO - Trial 843 finished with value: 0.7912280701754386 and parameters: {'max_depth': 16, 'min_samples_split': 5, 'min_samples_leaf': 2, 'class_weight': None}. Best is trial 49 with value: 0.9396135265700484.
2025-02-02 17:08:02,521 - INFO - Trial 844 finished with value: 0.8818181818181818 and parameters: {'max_depth': 17, 'min_samples_split': 6, 'min_samples_leaf': 2, 'class_weight': None}. Best is trial 49 with value: 0.9396135265700484.
2025-02-02 17:08:02,555 - INFO - Trial 845 finished with value: 0.8188405797101449 and parameters: {'max_depth': 15, 'min_samples_split': 2, 'min_samples_leaf': 2, 'class_weight': None}. Best is trial 49 with value: 0.9396135265700484.
2025-02-02 17:08:02,590 - INFO - Trial 846 finished with value: 0.9396135265700484 and parameters: {'max_depth': 3, 'min_samples_split': 5, 'min_samples_leaf': 2, 'class_weight': None}. Best is trial 49 with value: 0.9396135265700484.
2025-02-02 17:08:02,627 - INFO - Trial 847 finished with value: 0.8188405797101449 and parameters: {'max_depth': 16, 'min_samples_split': 3, 'min_samples_leaf': 2, 'class_weight': 'balanced'}. Best is trial 49 with value: 0.9396135265700484.
2025-02-02 17:08:02,660 - INFO - Trial 848 finished with value: 0.9396135265700484 and parameters: {'max_depth': 4, 'min_samples_split': 5, 'min_samples_leaf': 2, 'class_weight': None}. Best is trial 49 with value: 0.9396135265700484.
2025-02-02 17:08:02,693 - INFO - Trial 849 finished with value: 0.8188405797101449 and parameters: {'max_depth': 3, 'min_samples_split': 2, 'min_samples_leaf': 1, 'class_weight': None}. Best is trial 49 with value: 0.9396135265700484.
2025-02-02 17:08:02,726 - INFO - Trial 850 finished with value: 0.9396135265700484 and parameters: {'max_depth': 4, 'min_samples_split': 5, 'min_samples_leaf': 2, 'class_weight': None}. Best is trial 49 with value: 0.9396135265700484.
2025-02-02 17:08:02,758 - INFO - Trial 851 finished with value: 0.8188405797101449 and parameters: {'max_depth': 17, 'min_samples_split': 5, 'min_samples_leaf': 2, 'class_weight': None}. Best is trial 49 with value: 0.9396135265700484.
2025-02-02 17:08:02,790 - INFO - Trial 852 finished with value: 0.7912280701754386 and parameters: {'max_depth': 14, 'min_samples_split': 4, 'min_samples_leaf': 2, 'class_weight': None}. Best is trial 49 with value: 0.9396135265700484.
2025-02-02 17:08:02,850 - INFO - Trial 853 finished with value: 0.9396135265700484 and parameters: {'max_depth': 16, 'min_samples_split': 5, 'min_samples_leaf': 2, 'class_weight': None}. Best is trial 49 with value: 0.9396135265700484.
2025-02-02 17:08:02,891 - INFO - Trial 854 finished with value: 0.7912280701754386 and parameters: {'max_depth': 11, 'min_samples_split': 3, 'min_samples_leaf': 2, 'class_weight': None}. Best is trial 49 with value: 0.9396135265700484.
2025-02-02 17:08:02,927 - INFO - Trial 855 finished with value: 0.9105263157894736 and parameters: {'max_depth': 8, 'min_samples_split': 5, 'min_samples_leaf': 2, 'class_weight': None}. Best is trial 49 with value: 0.9396135265700484.
2025-02-02 17:08:02,967 - INFO - Trial 856 finished with value: 0.8188405797101449 and parameters: {'max_depth': 15, 'min_samples_split': 2, 'min_samples_leaf': 2, 'class_weight': None}. Best is trial 49 with value: 0.9396135265700484.
2025-02-02 17:08:03,011 - INFO - Trial 857 finished with value: 0.8188405797101449 and parameters: {'max_depth': 3, 'min_samples_split': 5, 'min_samples_leaf': 2, 'class_weight': None}. Best is trial 49 with value: 0.9396135265700484.
2025-02-02 17:08:03,047 - INFO - Trial 858 finished with value: 0.8188405797101449 and parameters: {'max_depth': 5, 'min_samples_split': 5, 'min_samples_leaf': 2, 'class_weight': None}. Best is trial 49 with value: 0.9396135265700484.
2025-02-02 17:08:03,079 - INFO - Trial 859 finished with value: 0.9396135265700484 and parameters: {'max_depth': 3, 'min_samples_split': 2, 'min_samples_leaf': 2, 'class_weight': None}. Best is trial 49 with value: 0.9396135265700484.
2025-02-02 17:08:03,111 - INFO - Trial 860 finished with value: 0.7912280701754386 and parameters: {'max_depth': 16, 'min_samples_split': 6, 'min_samples_leaf': 2, 'class_weight': None}. Best is trial 49 with value: 0.9396135265700484.
2025-02-02 17:08:03,152 - INFO - Trial 861 finished with value: 0.9396135265700484 and parameters: {'max_depth': 3, 'min_samples_split': 5, 'min_samples_leaf': 2, 'class_weight': None}. Best is trial 49 with value: 0.9396135265700484.
2025-02-02 17:08:03,186 - INFO - Trial 862 finished with value: 0.8188405797101449 and parameters: {'max_depth': 4, 'min_samples_split': 3, 'min_samples_leaf': 2, 'class_weight': None}. Best is trial 49 with value: 0.9396135265700484.
2025-02-02 17:08:03,226 - INFO - Trial 863 finished with value: 0.9396135265700484 and parameters: {'max_depth': 15, 'min_samples_split': 4, 'min_samples_leaf': 2, 'class_weight': None}. Best is trial 49 with value: 0.9396135265700484.
2025-02-02 17:08:03,265 - INFO - Trial 864 finished with value: 0.9396135265700484 and parameters: {'max_depth': 14, 'min_samples_split': 5, 'min_samples_leaf': 2, 'class_weight': None}. Best is trial 49 with value: 0.9396135265700484.
2025-02-02 17:08:03,302 - INFO - Trial 865 finished with value: 0.7912280701754386 and parameters: {'max_depth': 16, 'min_samples_split': 2, 'min_samples_leaf': 2, 'class_weight': None}. Best is trial 49 with value: 0.9396135265700484.
2025-02-02 17:08:03,338 - INFO - Trial 866 finished with value: 0.8818181818181818 and parameters: {'max_depth': 3, 'min_samples_split': 5, 'min_samples_leaf': 2, 'class_weight': 'balanced'}. Best is trial 49 with value: 0.9396135265700484.
