2025-02-02 15:37:23,060 - INFO - Trial 96 finished with value: 0.7853566958698374 and parameters: {'n_estimators': 188, 'max_depth': 14, 'min_samples_split': 4, 'min_samples_leaf': 2, 'class_weight': 'balanced'}. Best is trial 2 with value: 0.8508771929824562.
2025-02-02 15:37:23,152 - INFO - Trial 97 finished with value: 0.8508771929824562 and parameters: {'n_estimators': 97, 'max_depth': 15, 'min_samples_split': 6, 'min_samples_leaf': 1, 'class_weight': 'balanced'}. Best is trial 2 with value: 0.8508771929824562.
2025-02-02 15:37:23,338 - INFO - Trial 98 finished with value: 0.8188405797101449 and parameters: {'n_estimators': 200, 'max_depth': 12, 'min_samples_split': 5, 'min_samples_leaf': 3, 'class_weight': 'balanced'}. Best is trial 2 with value: 0.8508771929824562.
2025-02-02 15:37:23,478 - INFO - Trial 99 finished with value: 0.8508771929824562 and parameters: {'n_estimators': 168, 'max_depth': 18, 'min_samples_split': 3, 'min_samples_leaf': 3, 'class_weight': 'balanced'}. Best is trial 2 with value: 0.8508771929824562.
2025-02-02 15:37:23,962 - INFO - A new study created in memory with name: no-name-a629c7c6-6a6e-4e69-82f3-5075a3e94133
2025-02-02 15:37:23,968 - INFO - Trial 0 finished with value: 0.8188405797101449 and parameters: {'max_depth': 6, 'min_samples_split': 2, 'min_samples_leaf': 1, 'class_weight': None}. Best is trial 0 with value: 0.8188405797101449.
2025-02-02 15:37:23,972 - INFO - Trial 1 finished with value: 0.9080100125156445 and parameters: {'max_depth': 18, 'min_samples_split': 3, 'min_samples_leaf': 3, 'class_weight': None}. Best is trial 1 with value: 0.9080100125156445.
2025-02-02 15:37:23,976 - INFO - Trial 2 finished with value: 0.9080100125156445 and parameters: {'max_depth': 17, 'min_samples_split': 4, 'min_samples_leaf': 3, 'class_weight': None}. Best is trial 1 with value: 0.9080100125156445.
2025-02-02 15:37:23,980 - INFO - Trial 3 finished with value: 0.8188405797101449 and parameters: {'max_depth': 6, 'min_samples_split': 5, 'min_samples_leaf': 1, 'class_weight': None}. Best is trial 1 with value: 0.9080100125156445.
2025-02-02 15:37:23,985 - INFO - Trial 4 finished with value: 0.8188405797101449 and parameters: {'max_depth': 17, 'min_samples_split': 2, 'min_samples_leaf': 2, 'class_weight': 'balanced'}. Best is trial 1 with value: 0.9080100125156445.
2025-02-02 15:37:23,989 - INFO - Trial 5 finished with value: 0.8188405797101449 and parameters: {'max_depth': 19, 'min_samples_split': 5, 'min_samples_leaf': 2, 'class_weight': None}. Best is trial 1 with value: 0.9080100125156445.
2025-02-02 15:37:23,993 - INFO - Trial 6 finished with value: 0.8818181818181818 and parameters: {'max_depth': 11, 'min_samples_split': 9, 'min_samples_leaf': 2, 'class_weight': 'balanced'}. Best is trial 1 with value: 0.9080100125156445.
2025-02-02 15:37:23,998 - INFO - Trial 7 finished with value: 0.8532668881506091 and parameters: {'max_depth': 6, 'min_samples_split': 9, 'min_samples_leaf': 4, 'class_weight': 'balanced'}. Best is trial 1 with value: 0.9080100125156445.
2025-02-02 15:37:24,002 - INFO - Trial 8 finished with value: 0.8508771929824562 and parameters: {'max_depth': 17, 'min_samples_split': 9, 'min_samples_leaf': 1, 'class_weight': 'balanced'}. Best is trial 1 with value: 0.9080100125156445.
2025-02-02 15:37:24,006 - INFO - Trial 9 finished with value: 0.8508771929824562 and parameters: {'max_depth': 18, 'min_samples_split': 9, 'min_samples_leaf': 1, 'class_weight': 'balanced'}. Best is trial 1 with value: 0.9080100125156445.
2025-02-02 15:37:24,017 - INFO - Trial 10 finished with value: 0.8188405797101449 and parameters: {'max_depth': 13, 'min_samples_split': 7, 'min_samples_leaf': 4, 'class_weight': None}. Best is trial 1 with value: 0.9080100125156445.
2025-02-02 15:37:24,028 - INFO - Trial 11 finished with value: 0.9080100125156445 and parameters: {'max_depth': 14, 'min_samples_split': 4, 'min_samples_leaf': 3, 'class_weight': None}. Best is trial 1 with value: 0.9080100125156445.
2025-02-02 15:37:24,039 - INFO - Trial 12 finished with value: 0.9080100125156445 and parameters: {'max_depth': 20, 'min_samples_split': 3, 'min_samples_leaf': 3, 'class_weight': None}. Best is trial 1 with value: 0.9080100125156445.
2025-02-02 15:37:24,051 - INFO - Trial 13 finished with value: 0.8188405797101449 and parameters: {'max_depth': 15, 'min_samples_split': 6, 'min_samples_leaf': 3, 'class_weight': None}. Best is trial 1 with value: 0.9080100125156445.
2025-02-02 15:37:24,062 - INFO - Trial 14 finished with value: 0.8188405797101449 and parameters: {'max_depth': 10, 'min_samples_split': 4, 'min_samples_leaf': 3, 'class_weight': None}. Best is trial 1 with value: 0.9080100125156445.
2025-02-02 15:37:24,073 - INFO - Trial 15 finished with value: 0.9080100125156445 and parameters: {'max_depth': 16, 'min_samples_split': 3, 'min_samples_leaf': 4, 'class_weight': None}. Best is trial 1 with value: 0.9080100125156445.
2025-02-02 15:37:24,084 - INFO - Trial 16 finished with value: 0.8188405797101449 and parameters: {'max_depth': 10, 'min_samples_split': 7, 'min_samples_leaf': 3, 'class_weight': None}. Best is trial 1 with value: 0.9080100125156445.
2025-02-02 15:37:24,095 - INFO - Trial 17 finished with value: 0.8188405797101449 and parameters: {'max_depth': 3, 'min_samples_split': 4, 'min_samples_leaf': 2, 'class_weight': None}. Best is trial 1 with value: 0.9080100125156445.
2025-02-02 15:37:24,105 - INFO - Trial 18 finished with value: 0.8188405797101449 and parameters: {'max_depth': 20, 'min_samples_split': 3, 'min_samples_leaf': 4, 'class_weight': None}. Best is trial 1 with value: 0.9080100125156445.
2025-02-02 15:37:24,116 - INFO - Trial 19 finished with value: 0.8188405797101449 and parameters: {'max_depth': 13, 'min_samples_split': 5, 'min_samples_leaf': 3, 'class_weight': None}. Best is trial 1 with value: 0.9080100125156445.
2025-02-02 15:37:24,126 - INFO - Trial 20 finished with value: 0.8818181818181818 and parameters: {'max_depth': 18, 'min_samples_split': 7, 'min_samples_leaf': 2, 'class_weight': None}. Best is trial 1 with value: 0.9080100125156445.
2025-02-02 15:37:24,138 - INFO - Trial 21 finished with value: 0.8188405797101449 and parameters: {'max_depth': 15, 'min_samples_split': 4, 'min_samples_leaf': 3, 'class_weight': None}. Best is trial 1 with value: 0.9080100125156445.
2025-02-02 15:37:24,153 - INFO - Trial 22 finished with value: 0.9080100125156445 and parameters: {'max_depth': 14, 'min_samples_split': 3, 'min_samples_leaf': 3, 'class_weight': None}. Best is trial 1 with value: 0.9080100125156445.
2025-02-02 15:37:24,168 - INFO - Trial 23 finished with value: 0.8188405797101449 and parameters: {'max_depth': 16, 'min_samples_split': 2, 'min_samples_leaf': 3, 'class_weight': None}. Best is trial 1 with value: 0.9080100125156445.
2025-02-02 15:37:24,181 - INFO - Trial 24 finished with value: 0.9375 and parameters: {'max_depth': 13, 'min_samples_split': 4, 'min_samples_leaf': 4, 'class_weight': None}. Best is trial 24 with value: 0.9375.
2025-02-02 15:37:24,194 - INFO - Trial 25 finished with value: 0.8188405797101449 and parameters: {'max_depth': 12, 'min_samples_split': 6, 'min_samples_leaf': 4, 'class_weight': None}. Best is trial 24 with value: 0.9375.
2025-02-02 15:37:24,206 - INFO - Trial 26 finished with value: 0.8188405797101449 and parameters: {'max_depth': 9, 'min_samples_split': 5, 'min_samples_leaf': 4, 'class_weight': 'balanced'}. Best is trial 24 with value: 0.9375.
2025-02-02 15:37:24,219 - INFO - Trial 27 finished with value: 0.9375 and parameters: {'max_depth': 18, 'min_samples_split': 3, 'min_samples_leaf': 4, 'class_weight': None}. Best is trial 24 with value: 0.9375.
2025-02-02 15:37:24,230 - INFO - Trial 28 finished with value: 0.9375 and parameters: {'max_depth': 19, 'min_samples_split': 2, 'min_samples_leaf': 4, 'class_weight': None}. Best is trial 24 with value: 0.9375.
2025-02-02 15:37:24,242 - INFO - Trial 29 finished with value: 0.8188405797101449 and parameters: {'max_depth': 20, 'min_samples_split': 2, 'min_samples_leaf': 4, 'class_weight': None}. Best is trial 24 with value: 0.9375.
2025-02-02 15:37:24,253 - INFO - Trial 30 finished with value: 0.8188405797101449 and parameters: {'max_depth': 8, 'min_samples_split': 2, 'min_samples_leaf': 4, 'class_weight': None}. Best is trial 24 with value: 0.9375.
2025-02-02 15:37:24,265 - INFO - Trial 31 finished with value: 0.9080100125156445 and parameters: {'max_depth': 16, 'min_samples_split': 3, 'min_samples_leaf': 4, 'class_weight': None}. Best is trial 24 with value: 0.9375.
2025-02-02 15:37:24,276 - INFO - Trial 32 finished with value: 0.9080100125156445 and parameters: {'max_depth': 18, 'min_samples_split': 2, 'min_samples_leaf': 4, 'class_weight': None}. Best is trial 24 with value: 0.9375.
2025-02-02 15:37:24,288 - INFO - Trial 33 finished with value: 0.9080100125156445 and parameters: {'max_depth': 19, 'min_samples_split': 3, 'min_samples_leaf': 4, 'class_weight': None}. Best is trial 24 with value: 0.9375.
2025-02-02 15:37:24,300 - INFO - Trial 34 finished with value: 0.9375 and parameters: {'max_depth': 18, 'min_samples_split': 2, 'min_samples_leaf': 4, 'class_weight': None}. Best is trial 24 with value: 0.9375.
2025-02-02 15:37:24,312 - INFO - Trial 35 finished with value: 0.9375 and parameters: {'max_depth': 19, 'min_samples_split': 2, 'min_samples_leaf': 4, 'class_weight': None}. Best is trial 24 with value: 0.9375.
2025-02-02 15:37:24,324 - INFO - Trial 36 finished with value: 0.8188405797101449 and parameters: {'max_depth': 17, 'min_samples_split': 3, 'min_samples_leaf': 4, 'class_weight': None}. Best is trial 24 with value: 0.9375.
2025-02-02 15:37:24,336 - INFO - Trial 37 finished with value: 0.7912280701754386 and parameters: {'max_depth': 19, 'min_samples_split': 2, 'min_samples_leaf': 4, 'class_weight': 'balanced'}. Best is trial 24 with value: 0.9375.
2025-02-02 15:37:24,348 - INFO - Trial 38 finished with value: 0.9080100125156445 and parameters: {'max_depth': 15, 'min_samples_split': 4, 'min_samples_leaf': 4, 'class_weight': None}. Best is trial 24 with value: 0.9375.
2025-02-02 15:37:24,360 - INFO - Trial 39 finished with value: 0.8188405797101449 and parameters: {'max_depth': 17, 'min_samples_split': 2, 'min_samples_leaf': 4, 'class_weight': None}. Best is trial 24 with value: 0.9375.
2025-02-02 15:37:24,372 - INFO - Trial 40 finished with value: 0.8532668881506091 and parameters: {'max_depth': 5, 'min_samples_split': 10, 'min_samples_leaf': 4, 'class_weight': 'balanced'}. Best is trial 24 with value: 0.9375.
2025-02-02 15:37:24,384 - INFO - Trial 41 finished with value: 0.9375 and parameters: {'max_depth': 19, 'min_samples_split': 2, 'min_samples_leaf': 4, 'class_weight': None}. Best is trial 24 with value: 0.9375.
2025-02-02 15:37:24,396 - INFO - Trial 42 finished with value: 0.8188405797101449 and parameters: {'max_depth': 18, 'min_samples_split': 2, 'min_samples_leaf': 4, 'class_weight': None}. Best is trial 24 with value: 0.9375.
2025-02-02 15:37:24,407 - INFO - Trial 43 finished with value: 0.9080100125156445 and parameters: {'max_depth': 19, 'min_samples_split': 3, 'min_samples_leaf': 4, 'class_weight': None}. Best is trial 24 with value: 0.9375.
2025-02-02 15:37:24,418 - INFO - Trial 44 finished with value: 0.9080100125156445 and parameters: {'max_depth': 20, 'min_samples_split': 2, 'min_samples_leaf': 4, 'class_weight': None}. Best is trial 24 with value: 0.9375.
2025-02-02 15:37:24,430 - INFO - Trial 45 finished with value: 0.9080100125156445 and parameters: {'max_depth': 18, 'min_samples_split': 3, 'min_samples_leaf': 4, 'class_weight': None}. Best is trial 24 with value: 0.9375.
2025-02-02 15:37:24,441 - INFO - Trial 46 finished with value: 0.8532668881506091 and parameters: {'max_depth': 16, 'min_samples_split': 4, 'min_samples_leaf': 4, 'class_weight': 'balanced'}. Best is trial 24 with value: 0.9375.
2025-02-02 15:37:24,453 - INFO - Trial 47 finished with value: 0.8188405797101449 and parameters: {'max_depth': 17, 'min_samples_split': 2, 'min_samples_leaf': 1, 'class_weight': None}. Best is trial 24 with value: 0.9375.
2025-02-02 15:37:24,465 - INFO - Trial 48 finished with value: 0.9080100125156445 and parameters: {'max_depth': 19, 'min_samples_split': 3, 'min_samples_leaf': 3, 'class_weight': None}. Best is trial 24 with value: 0.9375.
2025-02-02 15:37:24,477 - INFO - Trial 49 finished with value: 0.8188405797101449 and parameters: {'max_depth': 14, 'min_samples_split': 4, 'min_samples_leaf': 4, 'class_weight': None}. Best is trial 24 with value: 0.9375.
2025-02-02 15:37:24,489 - INFO - Trial 50 finished with value: 0.8818181818181818 and parameters: {'max_depth': 20, 'min_samples_split': 5, 'min_samples_leaf': 2, 'class_weight': None}. Best is trial 24 with value: 0.9375.
2025-02-02 15:37:24,500 - INFO - Trial 51 finished with value: 0.9375 and parameters: {'max_depth': 19, 'min_samples_split': 2, 'min_samples_leaf': 4, 'class_weight': None}. Best is trial 24 with value: 0.9375.
2025-02-02 15:37:24,512 - INFO - Trial 52 finished with value: 0.9375 and parameters: {'max_depth': 18, 'min_samples_split': 3, 'min_samples_leaf': 4, 'class_weight': None}. Best is trial 24 with value: 0.9375.
2025-02-02 15:37:24,523 - INFO - Trial 53 finished with value: 0.8188405797101449 and parameters: {'max_depth': 17, 'min_samples_split': 2, 'min_samples_leaf': 4, 'class_weight': None}. Best is trial 24 with value: 0.9375.
2025-02-02 15:37:24,535 - INFO - Trial 54 finished with value: 0.9080100125156445 and parameters: {'max_depth': 19, 'min_samples_split': 2, 'min_samples_leaf': 4, 'class_weight': None}. Best is trial 24 with value: 0.9375.
2025-02-02 15:37:24,546 - INFO - Trial 55 finished with value: 0.9375 and parameters: {'max_depth': 12, 'min_samples_split': 3, 'min_samples_leaf': 4, 'class_weight': None}. Best is trial 24 with value: 0.9375.
2025-02-02 15:37:24,557 - INFO - Trial 56 finished with value: 0.8188405797101449 and parameters: {'max_depth': 20, 'min_samples_split': 2, 'min_samples_leaf': 3, 'class_weight': None}. Best is trial 24 with value: 0.9375.
2025-02-02 15:37:24,569 - INFO - Trial 57 finished with value: 0.8532668881506091 and parameters: {'max_depth': 16, 'min_samples_split': 8, 'min_samples_leaf': 4, 'class_weight': 'balanced'}. Best is trial 24 with value: 0.9375.
2025-02-02 15:37:24,581 - INFO - Trial 58 finished with value: 0.8188405797101449 and parameters: {'max_depth': 18, 'min_samples_split': 3, 'min_samples_leaf': 4, 'class_weight': None}. Best is trial 24 with value: 0.9375.
2025-02-02 15:37:24,594 - INFO - Trial 59 finished with value: 0.8188405797101449 and parameters: {'max_depth': 13, 'min_samples_split': 4, 'min_samples_leaf': 3, 'class_weight': None}. Best is trial 24 with value: 0.9375.
2025-02-02 15:37:24,606 - INFO - Trial 60 finished with value: 0.9080100125156445 and parameters: {'max_depth': 15, 'min_samples_split': 3, 'min_samples_leaf': 4, 'class_weight': None}. Best is trial 24 with value: 0.9375.
2025-02-02 15:37:24,618 - INFO - Trial 61 finished with value: 0.8188405797101449 and parameters: {'max_depth': 19, 'min_samples_split': 2, 'min_samples_leaf': 4, 'class_weight': None}. Best is trial 24 with value: 0.9375.
2025-02-02 15:37:24,630 - INFO - Trial 62 finished with value: 0.8188405797101449 and parameters: {'max_depth': 19, 'min_samples_split': 2, 'min_samples_leaf': 4, 'class_weight': None}. Best is trial 24 with value: 0.9375.
2025-02-02 15:37:24,643 - INFO - Trial 63 finished with value: 0.8188405797101449 and parameters: {'max_depth': 20, 'min_samples_split': 2, 'min_samples_leaf': 4, 'class_weight': None}. Best is trial 24 with value: 0.9375.
2025-02-02 15:37:24,655 - INFO - Trial 64 finished with value: 0.8188405797101449 and parameters: {'max_depth': 17, 'min_samples_split': 2, 'min_samples_leaf': 4, 'class_weight': None}. Best is trial 24 with value: 0.9375.
2025-02-02 15:37:24,667 - INFO - Trial 65 finished with value: 0.8188405797101449 and parameters: {'max_depth': 18, 'min_samples_split': 3, 'min_samples_leaf': 4, 'class_weight': None}. Best is trial 24 with value: 0.9375.
2025-02-02 15:37:24,679 - INFO - Trial 66 finished with value: 0.8188405797101449 and parameters: {'max_depth': 7, 'min_samples_split': 2, 'min_samples_leaf': 4, 'class_weight': None}. Best is trial 24 with value: 0.9375.
2025-02-02 15:37:24,691 - INFO - Trial 67 finished with value: 0.9080100125156445 and parameters: {'max_depth': 11, 'min_samples_split': 2, 'min_samples_leaf': 3, 'class_weight': None}. Best is trial 24 with value: 0.9375.
2025-02-02 15:37:24,702 - INFO - Trial 68 finished with value: 0.8188405797101449 and parameters: {'max_depth': 19, 'min_samples_split': 3, 'min_samples_leaf': 4, 'class_weight': None}. Best is trial 24 with value: 0.9375.
2025-02-02 15:37:24,716 - INFO - Trial 69 finished with value: 0.8532668881506091 and parameters: {'max_depth': 20, 'min_samples_split': 6, 'min_samples_leaf': 4, 'class_weight': 'balanced'}. Best is trial 24 with value: 0.9375.
2025-02-02 15:37:24,731 - INFO - Trial 70 finished with value: 0.9396135265700484 and parameters: {'max_depth': 18, 'min_samples_split': 2, 'min_samples_leaf': 2, 'class_weight': None}. Best is trial 70 with value: 0.9396135265700484.
2025-02-02 15:37:24,747 - INFO - Trial 71 finished with value: 0.8188405797101449 and parameters: {'max_depth': 18, 'min_samples_split': 2, 'min_samples_leaf': 2, 'class_weight': None}. Best is trial 70 with value: 0.9396135265700484.
2025-02-02 15:37:24,761 - INFO - Trial 72 finished with value: 0.8188405797101449 and parameters: {'max_depth': 17, 'min_samples_split': 2, 'min_samples_leaf': 2, 'class_weight': None}. Best is trial 70 with value: 0.9396135265700484.
2025-02-02 15:37:24,776 - INFO - Trial 73 finished with value: 0.8818181818181818 and parameters: {'max_depth': 19, 'min_samples_split': 3, 'min_samples_leaf': 2, 'class_weight': None}. Best is trial 70 with value: 0.9396135265700484.
2025-02-02 15:37:24,792 - INFO - Trial 74 finished with value: 0.8818181818181818 and parameters: {'max_depth': 16, 'min_samples_split': 2, 'min_samples_leaf': 2, 'class_weight': None}. Best is trial 70 with value: 0.9396135265700484.
2025-02-02 15:37:24,806 - INFO - Trial 75 finished with value: 0.8401360544217686 and parameters: {'max_depth': 18, 'min_samples_split': 2, 'min_samples_leaf': 1, 'class_weight': None}. Best is trial 70 with value: 0.9396135265700484.
2025-02-02 15:37:24,820 - INFO - Trial 76 finished with value: 0.8188405797101449 and parameters: {'max_depth': 19, 'min_samples_split': 3, 'min_samples_leaf': 4, 'class_weight': None}. Best is trial 70 with value: 0.9396135265700484.
2025-02-02 15:37:24,834 - INFO - Trial 77 finished with value: 0.8188405797101449 and parameters: {'max_depth': 20, 'min_samples_split': 3, 'min_samples_leaf': 4, 'class_weight': None}. Best is trial 70 with value: 0.9396135265700484.
2025-02-02 15:37:24,848 - INFO - Trial 78 finished with value: 0.9080100125156445 and parameters: {'max_depth': 10, 'min_samples_split': 2, 'min_samples_leaf': 4, 'class_weight': None}. Best is trial 70 with value: 0.9396135265700484.
2025-02-02 15:37:24,862 - INFO - Trial 79 finished with value: 0.8188405797101449 and parameters: {'max_depth': 17, 'min_samples_split': 4, 'min_samples_leaf': 4, 'class_weight': None}. Best is trial 70 with value: 0.9396135265700484.
2025-02-02 15:37:24,875 - INFO - Trial 80 finished with value: 0.8188405797101449 and parameters: {'max_depth': 3, 'min_samples_split': 5, 'min_samples_leaf': 3, 'class_weight': 'balanced'}. Best is trial 70 with value: 0.9396135265700484.
2025-02-02 15:37:24,888 - INFO - Trial 81 finished with value: 0.8188405797101449 and parameters: {'max_depth': 18, 'min_samples_split': 3, 'min_samples_leaf': 4, 'class_weight': None}. Best is trial 70 with value: 0.9396135265700484.
2025-02-02 15:37:24,901 - INFO - Trial 82 finished with value: 0.9375 and parameters: {'max_depth': 19, 'min_samples_split': 2, 'min_samples_leaf': 4, 'class_weight': None}. Best is trial 70 with value: 0.9396135265700484.
2025-02-02 15:37:24,915 - INFO - Trial 83 finished with value: 0.8188405797101449 and parameters: {'max_depth': 18, 'min_samples_split': 4, 'min_samples_leaf': 4, 'class_weight': None}. Best is trial 70 with value: 0.9396135265700484.
2025-02-02 15:37:24,927 - INFO - Trial 84 finished with value: 0.8188405797101449 and parameters: {'max_depth': 18, 'min_samples_split': 2, 'min_samples_leaf': 4, 'class_weight': None}. Best is trial 70 with value: 0.9396135265700484.
2025-02-02 15:37:24,941 - INFO - Trial 85 finished with value: 0.9375 and parameters: {'max_depth': 20, 'min_samples_split': 3, 'min_samples_leaf': 4, 'class_weight': None}. Best is trial 70 with value: 0.9396135265700484.
2025-02-02 15:37:24,953 - INFO - Trial 86 finished with value: 0.8188405797101449 and parameters: {'max_depth': 17, 'min_samples_split': 3, 'min_samples_leaf': 4, 'class_weight': None}. Best is trial 70 with value: 0.9396135265700484.
2025-02-02 15:37:24,965 - INFO - Trial 87 finished with value: 0.8188405797101449 and parameters: {'max_depth': 4, 'min_samples_split': 2, 'min_samples_leaf': 4, 'class_weight': None}. Best is trial 70 with value: 0.9396135265700484.
2025-02-02 15:37:24,977 - INFO - Trial 88 finished with value: 0.9375 and parameters: {'max_depth': 19, 'min_samples_split': 2, 'min_samples_leaf': 4, 'class_weight': None}. Best is trial 70 with value: 0.9396135265700484.
2025-02-02 15:37:24,989 - INFO - Trial 89 finished with value: 0.8188405797101449 and parameters: {'max_depth': 14, 'min_samples_split': 3, 'min_samples_leaf': 4, 'class_weight': None}. Best is trial 70 with value: 0.9396135265700484.
2025-02-02 15:37:25,001 - INFO - Trial 90 finished with value: 0.8188405797101449 and parameters: {'max_depth': 16, 'min_samples_split': 4, 'min_samples_leaf': 2, 'class_weight': None}. Best is trial 70 with value: 0.9396135265700484.
