2024-11-26 13:02:47,368 - INFO - Trial 92 finished with value: 0.9895833333333334 and parameters: {'max_depth': 11, 'min_samples_split': 6, 'min_samples_leaf': 1, 'class_weight': 'balanced'}. Best is trial 11 with value: 1.0.
2024-11-26 13:02:47,407 - INFO - Trial 93 finished with value: 0.9949377571191965 and parameters: {'max_depth': 11, 'min_samples_split': 7, 'min_samples_leaf': 1, 'class_weight': 'balanced'}. Best is trial 11 with value: 1.0.
2024-11-26 13:02:47,444 - INFO - Trial 94 finished with value: 0.9888674388674389 and parameters: {'max_depth': 15, 'min_samples_split': 6, 'min_samples_leaf': 1, 'class_weight': 'balanced'}. Best is trial 11 with value: 1.0.
2024-11-26 13:02:47,483 - INFO - Trial 95 finished with value: 0.9949377571191965 and parameters: {'max_depth': 10, 'min_samples_split': 5, 'min_samples_leaf': 1, 'class_weight': 'balanced'}. Best is trial 11 with value: 1.0.
2024-11-26 13:02:47,521 - INFO - Trial 96 finished with value: 0.9949377571191965 and parameters: {'max_depth': 16, 'min_samples_split': 2, 'min_samples_leaf': 1, 'class_weight': None}. Best is trial 11 with value: 1.0.
2024-11-26 13:02:47,561 - INFO - Trial 97 finished with value: 1.0 and parameters: {'max_depth': 13, 'min_samples_split': 4, 'min_samples_leaf': 1, 'class_weight': 'balanced'}. Best is trial 11 with value: 1.0.
2024-11-26 13:02:47,599 - INFO - Trial 98 finished with value: 0.9949377571191965 and parameters: {'max_depth': 9, 'min_samples_split': 3, 'min_samples_leaf': 1, 'class_weight': None}. Best is trial 11 with value: 1.0.
2024-11-26 13:02:47,637 - INFO - Trial 99 finished with value: 0.9949377571191965 and parameters: {'max_depth': 14, 'min_samples_split': 6, 'min_samples_leaf': 1, 'class_weight': 'balanced'}. Best is trial 11 with value: 1.0.
2024-11-26 13:02:47,870 - INFO - A new study created in memory with name: no-name-51754f91-9ca0-4dff-9aaa-58a75b432750
2024-11-26 13:02:47,973 - INFO - Trial 0 finished with value: 0.9946251129177958 and parameters: {'n_estimators': 154, 'max_depth': 4, 'learning_rate': 0.17604137431227362, 'subsample': 0.5847670668559908, 'colsample_bytree': 0.673855586415715, 'scale_pos_weight': 0.8353821286559727}. Best is trial 0 with value: 0.9946251129177958.
2024-11-26 13:02:48,079 - INFO - Trial 1 finished with value: 0.9946251129177958 and parameters: {'n_estimators': 255, 'max_depth': 3, 'learning_rate': 0.1522210826926578, 'subsample': 0.6047758993295266, 'colsample_bytree': 0.8249746700169287, 'scale_pos_weight': 1.4489443108067304}. Best is trial 0 with value: 0.9946251129177958.
2024-11-26 13:02:48,254 - INFO - Trial 2 finished with value: 1.0 and parameters: {'n_estimators': 289, 'max_depth': 10, 'learning_rate': 0.019919950856826338, 'subsample': 0.6791260643765352, 'colsample_bytree': 0.9947081275003855, 'scale_pos_weight': 0.8726541280306879}. Best is trial 2 with value: 1.0.
2024-11-26 13:02:48,345 - INFO - Trial 3 finished with value: 0.9946251129177958 and parameters: {'n_estimators': 186, 'max_depth': 7, 'learning_rate': 0.16832771607851288, 'subsample': 0.7418305772886316, 'colsample_bytree': 0.6682854234083468, 'scale_pos_weight': 1.7597264602510476}. Best is trial 2 with value: 1.0.
2024-11-26 13:02:48,419 - INFO - Trial 4 finished with value: 0.9946251129177958 and parameters: {'n_estimators': 123, 'max_depth': 10, 'learning_rate': 0.17402495019075556, 'subsample': 0.8362244709730753, 'colsample_bytree': 0.6525454122413077, 'scale_pos_weight': 1.6433846376890056}. Best is trial 2 with value: 1.0.
2024-11-26 13:02:48,516 - INFO - Trial 5 finished with value: 0.9946251129177958 and parameters: {'n_estimators': 167, 'max_depth': 12, 'learning_rate': 0.12079790566059456, 'subsample': 0.5808596973778763, 'colsample_bytree': 0.6966196073092763, 'scale_pos_weight': 1.6669727530323528}. Best is trial 2 with value: 1.0.
2024-11-26 13:02:48,637 - INFO - Trial 6 finished with value: 1.0 and parameters: {'n_estimators': 217, 'max_depth': 19, 'learning_rate': 0.11426119323326211, 'subsample': 0.9130352259781055, 'colsample_bytree': 0.8675938018567844, 'scale_pos_weight': 0.5949171649095575}. Best is trial 2 with value: 1.0.
2024-11-26 13:02:48,750 - INFO - Trial 7 finished with value: 0.9946251129177958 and parameters: {'n_estimators': 150, 'max_depth': 17, 'learning_rate': 0.061060711834605076, 'subsample': 0.9385840046469967, 'colsample_bytree': 0.6360056026028353, 'scale_pos_weight': 1.8982920319504237}. Best is trial 2 with value: 1.0.
2024-11-26 13:02:48,833 - INFO - Trial 8 finished with value: 0.9946251129177958 and parameters: {'n_estimators': 173, 'max_depth': 17, 'learning_rate': 0.16971283609867563, 'subsample': 0.6754746111857323, 'colsample_bytree': 0.5905696433441157, 'scale_pos_weight': 0.7858189612629227}. Best is trial 2 with value: 1.0.
2024-11-26 13:02:48,903 - INFO - Trial 9 finished with value: 1.0 and parameters: {'n_estimators': 118, 'max_depth': 15, 'learning_rate': 0.17333464179008776, 'subsample': 0.6494206631249289, 'colsample_bytree': 0.8609471870907164, 'scale_pos_weight': 1.2316945937934407}. Best is trial 2 with value: 1.0.
2024-11-26 13:02:49,030 - INFO - Trial 10 finished with value: 1.0 and parameters: {'n_estimators': 296, 'max_depth': 11, 'learning_rate': 0.25177596435114236, 'subsample': 0.7852090410908292, 'colsample_bytree': 0.9910314542285426, 'scale_pos_weight': 1.0748626168466302}. Best is trial 2 with value: 1.0.
2024-11-26 13:02:49,212 - INFO - Trial 11 finished with value: 0.9949377571191965 and parameters: {'n_estimators': 234, 'max_depth': 13, 'learning_rate': 0.012165391963512429, 'subsample': 0.973423778076924, 'colsample_bytree': 0.9802813606830691, 'scale_pos_weight': 0.5863183547980773}. Best is trial 2 with value: 1.0.
2024-11-26 13:02:49,352 - INFO - Trial 12 finished with value: 1.0 and parameters: {'n_estimators': 296, 'max_depth': 20, 'learning_rate': 0.07211794132269411, 'subsample': 0.8835462448267473, 'colsample_bytree': 0.8813770949047242, 'scale_pos_weight': 0.5695081871917806}. Best is trial 2 with value: 1.0.
2024-11-26 13:02:49,413 - INFO - Trial 13 finished with value: 0.9848132713575893 and parameters: {'n_estimators': 52, 'max_depth': 8, 'learning_rate': 0.01737294704430643, 'subsample': 0.7305067080114438, 'colsample_bytree': 0.9127058275567415, 'scale_pos_weight': 0.9324761532880242}. Best is trial 2 with value: 1.0.
2024-11-26 13:02:49,514 - INFO - Trial 14 finished with value: 0.9946251129177958 and parameters: {'n_estimators': 233, 'max_depth': 20, 'learning_rate': 0.24097237111222286, 'subsample': 0.5203129302527382, 'colsample_bytree': 0.7773265304296263, 'scale_pos_weight': 0.6815892672624136}. Best is trial 2 with value: 1.0.
2024-11-26 13:02:49,643 - INFO - Trial 15 finished with value: 0.9946251129177958 and parameters: {'n_estimators': 264, 'max_depth': 8, 'learning_rate': 0.08918275990736572, 'subsample': 0.8408210616362031, 'colsample_bytree': 0.9381571942541655, 'scale_pos_weight': 1.0197381669135848}. Best is trial 2 with value: 1.0.
2024-11-26 13:02:49,741 - INFO - Trial 16 finished with value: 0.9946251129177958 and parameters: {'n_estimators': 214, 'max_depth': 14, 'learning_rate': 0.28877242204257125, 'subsample': 0.9116458978868502, 'colsample_bytree': 0.5283367205954986, 'scale_pos_weight': 1.1614284402976838}. Best is trial 2 with value: 1.0.
2024-11-26 13:02:49,878 - INFO - Trial 17 finished with value: 1.0 and parameters: {'n_estimators': 268, 'max_depth': 17, 'learning_rate': 0.05025585836732345, 'subsample': 0.7972715908548121, 'colsample_bytree': 0.7922754193456103, 'scale_pos_weight': 0.5119241114925525}. Best is trial 2 with value: 1.0.
2024-11-26 13:02:49,984 - INFO - Trial 18 finished with value: 0.9946251129177958 and parameters: {'n_estimators': 204, 'max_depth': 6, 'learning_rate': 0.1178758172413897, 'subsample': 0.6973928638711845, 'colsample_bytree': 0.937527437192726, 'scale_pos_weight': 1.3576854870163722}. Best is trial 2 with value: 1.0.
2024-11-26 13:02:50,103 - INFO - Trial 19 finished with value: 1.0 and parameters: {'n_estimators': 243, 'max_depth': 10, 'learning_rate': 0.12059325295770512, 'subsample': 0.999035405883826, 'colsample_bytree': 0.8449863409528993, 'scale_pos_weight': 0.739920063149517}. Best is trial 2 with value: 1.0.
2024-11-26 13:02:50,164 - INFO - Trial 20 finished with value: 1.0 and parameters: {'n_estimators': 58, 'max_depth': 16, 'learning_rate': 0.212232829160532, 'subsample': 0.8615510605429664, 'colsample_bytree': 0.751238523122732, 'scale_pos_weight': 0.9030900041710993}. Best is trial 2 with value: 1.0.
2024-11-26 13:02:50,254 - INFO - Trial 21 finished with value: 0.9946251129177958 and parameters: {'n_estimators': 107, 'max_depth': 15, 'learning_rate': 0.20701894315852468, 'subsample': 0.6529338138329057, 'colsample_bytree': 0.8804264564997171, 'scale_pos_weight': 1.3247105770743126}. Best is trial 2 with value: 1.0.
2024-11-26 13:02:50,346 - INFO - Trial 22 finished with value: 0.9946251129177958 and parameters: {'n_estimators': 92, 'max_depth': 18, 'learning_rate': 0.09545319543644182, 'subsample': 0.6511400273877757, 'colsample_bytree': 0.844071257695768, 'scale_pos_weight': 1.2103997845482553}. Best is trial 2 with value: 1.0.
2024-11-26 13:02:50,477 - INFO - Trial 23 finished with value: 1.0 and parameters: {'n_estimators': 136, 'max_depth': 14, 'learning_rate': 0.033637234566779375, 'subsample': 0.5166844460779713, 'colsample_bytree': 0.9566314389831984, 'scale_pos_weight': 1.495214344848916}. Best is trial 2 with value: 1.0.
2024-11-26 13:02:50,594 - INFO - Trial 24 finished with value: 1.0 and parameters: {'n_estimators': 200, 'max_depth': 19, 'learning_rate': 0.1435213991449326, 'subsample': 0.623379630016498, 'colsample_bytree': 0.8909813077472976, 'scale_pos_weight': 0.6736745808529515}. Best is trial 2 with value: 1.0.
2024-11-26 13:02:50,678 - INFO - Trial 25 finished with value: 1.0 and parameters: {'n_estimators': 86, 'max_depth': 15, 'learning_rate': 0.20625948388445364, 'subsample': 0.6960483505130927, 'colsample_bytree': 0.7247936798982575, 'scale_pos_weight': 1.0464800471864284}. Best is trial 2 with value: 1.0.
2024-11-26 13:02:50,823 - INFO - Trial 26 finished with value: 0.9946251129177958 and parameters: {'n_estimators': 278, 'max_depth': 12, 'learning_rate': 0.09338038602995255, 'subsample': 0.7869730647805269, 'colsample_bytree': 0.8242794752083081, 'scale_pos_weight': 0.9770917974203543}. Best is trial 2 with value: 1.0.
2024-11-26 13:02:50,939 - INFO - Trial 27 finished with value: 0.9946251129177958 and parameters: {'n_estimators': 225, 'max_depth': 10, 'learning_rate': 0.137118991130941, 'subsample': 0.7192303313541322, 'colsample_bytree': 0.7952927255950508, 'scale_pos_weight': 0.8551671094219193}. Best is trial 2 with value: 1.0.
2024-11-26 13:02:51,098 - INFO - Trial 28 finished with value: 1.0 and parameters: {'n_estimators': 189, 'max_depth': 19, 'learning_rate': 0.040752624512916724, 'subsample': 0.7585871103250568, 'colsample_bytree': 0.9099446989524479, 'scale_pos_weight': 1.1337810908855492}. Best is trial 2 with value: 1.0.
2024-11-26 13:02:51,198 - INFO - Trial 29 finished with value: 1.0 and parameters: {'n_estimators': 155, 'max_depth': 6, 'learning_rate': 0.2254019372674154, 'subsample': 0.5570112940129636, 'colsample_bytree': 0.9583950154210169, 'scale_pos_weight': 0.6502275731663231}. Best is trial 2 with value: 1.0.
2024-11-26 13:02:51,286 - INFO - Trial 30 finished with value: 1.0 and parameters: {'n_estimators': 127, 'max_depth': 13, 'learning_rate': 0.08390706509765516, 'subsample': 0.6401105161104981, 'colsample_bytree': 0.9956209355061522, 'scale_pos_weight': 0.808738879164243}. Best is trial 2 with value: 1.0.
2024-11-26 13:02:51,413 - INFO - Trial 31 finished with value: 1.0 and parameters: {'n_estimators': 298, 'max_depth': 11, 'learning_rate': 0.27983458644144404, 'subsample': 0.7961424573585419, 'colsample_bytree': 0.9788922551176691, 'scale_pos_weight': 1.0520119509292076}. Best is trial 2 with value: 1.0.
2024-11-26 13:02:51,551 - INFO - Trial 32 finished with value: 1.0 and parameters: {'n_estimators': 282, 'max_depth': 11, 'learning_rate': 0.2622139100493959, 'subsample': 0.592673957659594, 'colsample_bytree': 0.995291869514263, 'scale_pos_weight': 1.3366560586841645}. Best is trial 2 with value: 1.0.
2024-11-26 13:02:51,686 - INFO - Trial 33 finished with value: 0.9946251129177958 and parameters: {'n_estimators': 254, 'max_depth': 9, 'learning_rate': 0.19418734027332918, 'subsample': 0.756830613866399, 'colsample_bytree': 0.8513694098579945, 'scale_pos_weight': 1.4528013982180636}. Best is trial 2 with value: 1.0.
2024-11-26 13:02:51,811 - INFO - Trial 34 finished with value: 1.0 and parameters: {'n_estimators': 283, 'max_depth': 13, 'learning_rate': 0.18707356170205874, 'subsample': 0.6859665592430717, 'colsample_bytree': 0.9270119731145615, 'scale_pos_weight': 1.117936654170085}. Best is trial 2 with value: 1.0.
2024-11-26 13:02:51,936 - INFO - Trial 35 finished with value: 1.0 and parameters: {'n_estimators': 253, 'max_depth': 4, 'learning_rate': 0.2598939017631969, 'subsample': 0.9198348297232034, 'colsample_bytree': 0.9657341538571107, 'scale_pos_weight': 1.2594288016405346}. Best is trial 2 with value: 1.0.
2024-11-26 13:02:52,080 - INFO - Trial 36 finished with value: 0.9946251129177958 and parameters: {'n_estimators': 265, 'max_depth': 9, 'learning_rate': 0.15665868479205303, 'subsample': 0.8262269224474468, 'colsample_bytree': 0.8684264950875659, 'scale_pos_weight': 0.8753669147632743}. Best is trial 2 with value: 1.0.
2024-11-26 13:02:52,208 - INFO - Trial 37 finished with value: 0.9946251129177958 and parameters: {'n_estimators': 296, 'max_depth': 16, 'learning_rate': 0.2998031443369601, 'subsample': 0.5593207258395201, 'colsample_bytree': 0.8194438410492104, 'scale_pos_weight': 1.561956407319776}. Best is trial 2 with value: 1.0.
2024-11-26 13:02:52,304 - INFO - Trial 38 finished with value: 0.9946251129177958 and parameters: {'n_estimators': 156, 'max_depth': 12, 'learning_rate': 0.23631191602351287, 'subsample': 0.7164421390415026, 'colsample_bytree': 0.7198351124349381, 'scale_pos_weight': 0.7549792174529468}. Best is trial 2 with value: 1.0.
2024-11-26 13:02:52,438 - INFO - Trial 39 finished with value: 0.9946251129177958 and parameters: {'n_estimators': 188, 'max_depth': 14, 'learning_rate': 0.16009213450076, 'subsample': 0.6213211290285396, 'colsample_bytree': 0.910929532869339, 'scale_pos_weight': 1.8885353614134495}. Best is trial 2 with value: 1.0.
2024-11-26 13:02:52,514 - INFO - Trial 40 finished with value: 0.9946251129177958 and parameters: {'n_estimators': 77, 'max_depth': 18, 'learning_rate': 0.17652554304618953, 'subsample': 0.874178168503269, 'colsample_bytree': 0.6143208871608674, 'scale_pos_weight': 1.2551786140998717}. Best is trial 2 with value: 1.0.
2024-11-26 13:02:52,659 - INFO - Trial 41 finished with value: 1.0 and parameters: {'n_estimators': 288, 'max_depth': 20, 'learning_rate': 0.0746193417023526, 'subsample': 0.9458175444069249, 'colsample_bytree': 0.8897553682973844, 'scale_pos_weight': 0.5113398299514773}. Best is trial 2 with value: 1.0.
2024-11-26 13:02:52,818 - INFO - Trial 42 finished with value: 1.0 and parameters: {'n_estimators': 298, 'max_depth': 19, 'learning_rate': 0.06506879417081782, 'subsample': 0.8847610577299426, 'colsample_bytree': 0.9433937779908215, 'scale_pos_weight': 0.6090191958295363}. Best is trial 2 with value: 1.0.
2024-11-26 13:02:52,970 - INFO - Trial 43 finished with value: 1.0 and parameters: {'n_estimators': 276, 'max_depth': 20, 'learning_rate': 0.10824407648150546, 'subsample': 0.8976250127117862, 'colsample_bytree': 0.8625766371604436, 'scale_pos_weight': 0.5837411564049144}. Best is trial 2 with value: 1.0.
2024-11-26 13:02:53,132 - INFO - Trial 44 finished with value: 1.0 and parameters: {'n_estimators': 268, 'max_depth': 18, 'learning_rate': 0.03014753062604715, 'subsample': 0.9557901519523244, 'colsample_bytree': 0.9035859605396924, 'scale_pos_weight': 0.9552402726378604}. Best is trial 2 with value: 1.0.
2024-11-26 13:02:53,259 - INFO - Trial 45 finished with value: 1.0 and parameters: {'n_estimators': 243, 'max_depth': 9, 'learning_rate': 0.05523867398376618, 'subsample': 0.823480664800144, 'colsample_bytree': 0.7970152002576791, 'scale_pos_weight': 0.7243415645506692}. Best is trial 2 with value: 1.0.
2024-11-26 13:02:53,363 - INFO - Trial 46 finished with value: 1.0 and parameters: {'n_estimators': 175, 'max_depth': 11, 'learning_rate': 0.1361185063723944, 'subsample': 0.670021090656945, 'colsample_bytree': 0.9309368996560848, 'scale_pos_weight': 0.5704488619688223}. Best is trial 2 with value: 1.0.
2024-11-26 13:02:53,507 - INFO - Trial 47 finished with value: 0.9946251129177958 and parameters: {'n_estimators': 223, 'max_depth': 16, 'learning_rate': 0.10722067256595569, 'subsample': 0.920924042029311, 'colsample_bytree': 0.7587384928531383, 'scale_pos_weight': 1.067478887219146}. Best is trial 2 with value: 1.0.
2024-11-26 13:02:53,609 - INFO - Trial 48 finished with value: 0.9895833333333334 and parameters: {'n_estimators': 111, 'max_depth': 17, 'learning_rate': 0.017288295046653468, 'subsample': 0.8474853435250667, 'colsample_bytree': 0.9774193893243369, 'scale_pos_weight': 0.7950390770396379}. Best is trial 2 with value: 1.0.
2024-11-26 13:02:53,766 - INFO - Trial 49 finished with value: 0.9946251129177958 and parameters: {'n_estimators': 289, 'max_depth': 7, 'learning_rate': 0.04569909056795354, 'subsample': 0.7438681617204586, 'colsample_bytree': 0.6820525408507194, 'scale_pos_weight': 0.9127978167248343}. Best is trial 2 with value: 1.0.
2024-11-26 13:02:53,923 - INFO - Trial 50 finished with value: 0.9946251129177958 and parameters: {'n_estimators': 244, 'max_depth': 20, 'learning_rate': 0.07070940247942817, 'subsample': 0.9822886446234763, 'colsample_bytree': 0.8140460947799901, 'scale_pos_weight': 1.1973604496157295}. Best is trial 2 with value: 1.0.
2024-11-26 13:02:54,078 - INFO - Trial 51 finished with value: 1.0 and parameters: {'n_estimators': 270, 'max_depth': 18, 'learning_rate': 0.05181208648105529, 'subsample': 0.7783423096431, 'colsample_bytree': 0.7775858089768917, 'scale_pos_weight': 0.529649238911529}. Best is trial 2 with value: 1.0.
2024-11-26 13:02:54,223 - INFO - Trial 52 finished with value: 1.0 and parameters: {'n_estimators': 258, 'max_depth': 19, 'learning_rate': 0.030577986015387387, 'subsample': 0.8048425354987905, 'colsample_bytree': 0.833266656204725, 'scale_pos_weight': 0.5020763850821114}. Best is trial 2 with value: 1.0.
2024-11-26 13:02:54,413 - INFO - Trial 53 finished with value: 0.9949377571191965 and parameters: {'n_estimators': 289, 'max_depth': 17, 'learning_rate': 0.010008793747945915, 'subsample': 0.8594499007048734, 'colsample_bytree': 0.8711704023041353, 'scale_pos_weight': 0.6326238089664111}. Best is trial 2 with value: 1.0.
2024-11-26 13:02:54,553 - INFO - Trial 54 finished with value: 0.9946251129177958 and parameters: {'n_estimators': 300, 'max_depth': 15, 'learning_rate': 0.08085122816198118, 'subsample': 0.8168315527088401, 'colsample_bytree': 0.549332729376088, 'scale_pos_weight': 0.7333357965111098}. Best is trial 2 with value: 1.0.
2024-11-26 13:02:54,689 - INFO - Trial 55 finished with value: 0.9946251129177958 and parameters: {'n_estimators': 277, 'max_depth': 18, 'learning_rate': 0.1008553282279536, 'subsample': 0.7212992957291803, 'colsample_bytree': 0.7926445778362556, 'scale_pos_weight': 0.6962957158886374}. Best is trial 2 with value: 1.0.
2024-11-26 13:02:54,824 - INFO - Trial 56 finished with value: 0.9946251129177958 and parameters: {'n_estimators': 206, 'max_depth': 10, 'learning_rate': 0.12654379418490452, 'subsample': 0.7729988507435798, 'colsample_bytree': 0.7151707809809076, 'scale_pos_weight': 0.8291794257354492}. Best is trial 2 with value: 1.0.
2024-11-26 13:02:54,940 - INFO - Trial 57 finished with value: 1.0 and parameters: {'n_estimators': 165, 'max_depth': 17, 'learning_rate': 0.06077476295698076, 'subsample': 0.8924601363204998, 'colsample_bytree': 0.8869671859730578, 'scale_pos_weight': 0.5606061706874623}. Best is trial 2 with value: 1.0.
2024-11-26 13:02:55,092 - INFO - Trial 58 finished with value: 1.0 and parameters: {'n_estimators': 234, 'max_depth': 19, 'learning_rate': 0.02264510475993422, 'subsample': 0.671028978601563, 'colsample_bytree': 0.8404705874562614, 'scale_pos_weight': 0.9978537679609367}. Best is trial 2 with value: 1.0.
2024-11-26 13:02:55,194 - INFO - Trial 59 finished with value: 1.0 and parameters: {'n_estimators': 138, 'max_depth': 13, 'learning_rate': 0.044956374261026784, 'subsample': 0.6354763288453182, 'colsample_bytree': 0.9549094754328598, 'scale_pos_weight': 1.389010556418104}. Best is trial 2 with value: 1.0.
2024-11-26 13:02:55,315 - INFO - Trial 60 finished with value: 1.0 and parameters: {'n_estimators': 260, 'max_depth': 16, 'learning_rate': 0.14694931466857175, 'subsample': 0.8547426822744828, 'colsample_bytree': 0.9256719652705426, 'scale_pos_weight': 0.6563850215576612}. Best is trial 2 with value: 1.0.
2024-11-26 13:02:55,436 - INFO - Trial 61 finished with value: 1.0 and parameters: {'n_estimators': 247, 'max_depth': 10, 'learning_rate': 0.12526779795732026, 'subsample': 0.9649844192805604, 'colsample_bytree': 0.8451823496168472, 'scale_pos_weight': 0.7563276132696932}. Best is trial 2 with value: 1.0.
2024-11-26 13:02:55,568 - INFO - Trial 62 finished with value: 1.0 and parameters: {'n_estimators': 272, 'max_depth': 8, 'learning_rate': 0.11225163845257156, 'subsample': 0.9933221695845154, 'colsample_bytree': 0.812498921648165, 'scale_pos_weight': 0.6938175843590342}. Best is trial 2 with value: 1.0.
2024-11-26 13:02:55,680 - INFO - Trial 63 finished with value: 1.0 and parameters: {'n_estimators': 225, 'max_depth': 11, 'learning_rate': 0.08957234248348228, 'subsample': 0.9369919503335234, 'colsample_bytree': 0.7673641183068397, 'scale_pos_weight': 0.5547008306705505}. Best is trial 2 with value: 1.0.
