2025-02-02 14:17:19,597 - INFO - Trial 32 finished with value: 0.8508771929824562 and parameters: {'n_estimators': 142, 'max_depth': 9, 'min_samples_split': 2, 'min_samples_leaf': 1, 'class_weight': None}. Best is trial 1 with value: 0.8508771929824562.
2025-02-02 14:17:19,868 - INFO - Trial 33 finished with value: 0.8508771929824562 and parameters: {'n_estimators': 141, 'max_depth': 10, 'min_samples_split': 2, 'min_samples_leaf': 2, 'class_weight': None}. Best is trial 1 with value: 0.8508771929824562.
2025-02-02 14:17:20,160 - INFO - Trial 34 finished with value: 0.8508771929824562 and parameters: {'n_estimators': 148, 'max_depth': 8, 'min_samples_split': 2, 'min_samples_leaf': 1, 'class_weight': None}. Best is trial 1 with value: 0.8508771929824562.
2025-02-02 14:17:20,425 - INFO - Trial 35 finished with value: 0.8508771929824562 and parameters: {'n_estimators': 144, 'max_depth': 4, 'min_samples_split': 3, 'min_samples_leaf': 3, 'class_weight': None}. Best is trial 1 with value: 0.8508771929824562.
2025-02-02 14:17:20,578 - INFO - Trial 36 finished with value: 0.8508771929824562 and parameters: {'n_estimators': 83, 'max_depth': 9, 'min_samples_split': 2, 'min_samples_leaf': 1, 'class_weight': 'balanced'}. Best is trial 1 with value: 0.8508771929824562.
2025-02-02 14:17:20,809 - INFO - Trial 37 finished with value: 0.8508771929824562 and parameters: {'n_estimators': 138, 'max_depth': 7, 'min_samples_split': 3, 'min_samples_leaf': 2, 'class_weight': None}. Best is trial 1 with value: 0.8508771929824562.
2025-02-02 14:17:20,987 - INFO - Trial 38 finished with value: 0.8508771929824562 and parameters: {'n_estimators': 94, 'max_depth': 10, 'min_samples_split': 3, 'min_samples_leaf': 3, 'class_weight': 'balanced'}. Best is trial 1 with value: 0.8508771929824562.
2025-02-02 14:17:21,217 - INFO - Trial 39 finished with value: 0.8508771929824562 and parameters: {'n_estimators': 119, 'max_depth': 7, 'min_samples_split': 4, 'min_samples_leaf': 1, 'class_weight': 'balanced'}. Best is trial 1 with value: 0.8508771929824562.
2025-02-02 14:17:21,413 - INFO - Trial 40 finished with value: 0.8508771929824562 and parameters: {'n_estimators': 106, 'max_depth': 8, 'min_samples_split': 2, 'min_samples_leaf': 2, 'class_weight': None}. Best is trial 1 with value: 0.8508771929824562.
2025-02-02 14:17:21,656 - INFO - Trial 41 finished with value: 0.8508771929824562 and parameters: {'n_estimators': 130, 'max_depth': 9, 'min_samples_split': 3, 'min_samples_leaf': 1, 'class_weight': 'balanced'}. Best is trial 1 with value: 0.8508771929824562.
2025-02-02 14:17:21,924 - INFO - Trial 42 finished with value: 0.8508771929824562 and parameters: {'n_estimators': 145, 'max_depth': 8, 'min_samples_split': 4, 'min_samples_leaf': 1, 'class_weight': 'balanced'}. Best is trial 1 with value: 0.8508771929824562.
2025-02-02 14:17:22,142 - INFO - Trial 43 finished with value: 0.8508771929824562 and parameters: {'n_estimators': 122, 'max_depth': 9, 'min_samples_split': 2, 'min_samples_leaf': 1, 'class_weight': 'balanced'}. Best is trial 1 with value: 0.8508771929824562.
2025-02-02 14:17:22,366 - INFO - Trial 44 finished with value: 0.8508771929824562 and parameters: {'n_estimators': 136, 'max_depth': 10, 'min_samples_split': 3, 'min_samples_leaf': 1, 'class_weight': 'balanced'}. Best is trial 1 with value: 0.8508771929824562.
2025-02-02 14:17:22,601 - INFO - Trial 45 finished with value: 0.8508771929824562 and parameters: {'n_estimators': 145, 'max_depth': 8, 'min_samples_split': 4, 'min_samples_leaf': 2, 'class_weight': 'balanced'}. Best is trial 1 with value: 0.8508771929824562.
2025-02-02 14:17:22,805 - INFO - Trial 46 finished with value: 0.8508771929824562 and parameters: {'n_estimators': 126, 'max_depth': 6, 'min_samples_split': 4, 'min_samples_leaf': 3, 'class_weight': 'balanced'}. Best is trial 1 with value: 0.8508771929824562.
2025-02-02 14:17:23,029 - INFO - Trial 47 finished with value: 0.8508771929824562 and parameters: {'n_estimators': 134, 'max_depth': 7, 'min_samples_split': 3, 'min_samples_leaf': 2, 'class_weight': 'balanced'}. Best is trial 1 with value: 0.8508771929824562.
2025-02-02 14:17:23,338 - INFO - Trial 48 finished with value: 0.8508771929824562 and parameters: {'n_estimators': 150, 'max_depth': 9, 'min_samples_split': 2, 'min_samples_leaf': 1, 'class_weight': None}. Best is trial 1 with value: 0.8508771929824562.
2025-02-02 14:17:23,567 - INFO - Trial 49 finished with value: 0.8508771929824562 and parameters: {'n_estimators': 108, 'max_depth': 6, 'min_samples_split': 4, 'min_samples_leaf': 3, 'class_weight': 'balanced'}. Best is trial 1 with value: 0.8508771929824562.
2025-02-02 14:17:23,801 - INFO - Trial 50 finished with value: 0.8508771929824562 and parameters: {'n_estimators': 139, 'max_depth': 10, 'min_samples_split': 5, 'min_samples_leaf': 4, 'class_weight': 'balanced'}. Best is trial 1 with value: 0.8508771929824562.
2025-02-02 14:17:23,965 - INFO - Trial 51 finished with value: 0.8508771929824562 and parameters: {'n_estimators': 75, 'max_depth': 9, 'min_samples_split': 3, 'min_samples_leaf': 1, 'class_weight': 'balanced'}. Best is trial 1 with value: 0.8508771929824562.
2025-02-02 14:17:24,146 - INFO - Trial 52 finished with value: 0.8508771929824562 and parameters: {'n_estimators': 91, 'max_depth': 8, 'min_samples_split': 3, 'min_samples_leaf': 1, 'class_weight': 'balanced'}. Best is trial 1 with value: 0.8508771929824562.
2025-02-02 14:17:24,302 - INFO - Trial 53 finished with value: 0.8508771929824562 and parameters: {'n_estimators': 84, 'max_depth': 9, 'min_samples_split': 4, 'min_samples_leaf': 1, 'class_weight': 'balanced'}. Best is trial 1 with value: 0.8508771929824562.
2025-02-02 14:17:24,460 - INFO - Trial 54 finished with value: 0.8508771929824562 and parameters: {'n_estimators': 83, 'max_depth': 10, 'min_samples_split': 3, 'min_samples_leaf': 1, 'class_weight': 'balanced'}. Best is trial 1 with value: 0.8508771929824562.
2025-02-02 14:17:24,619 - INFO - Trial 55 finished with value: 0.8508771929824562 and parameters: {'n_estimators': 88, 'max_depth': 7, 'min_samples_split': 4, 'min_samples_leaf': 3, 'class_weight': 'balanced'}. Best is trial 1 with value: 0.8508771929824562.
2025-02-02 14:17:24,803 - INFO - Trial 56 finished with value: 0.8508771929824562 and parameters: {'n_estimators': 102, 'max_depth': 6, 'min_samples_split': 2, 'min_samples_leaf': 2, 'class_weight': 'balanced'}. Best is trial 1 with value: 0.8508771929824562.
2025-02-02 14:17:24,981 - INFO - Trial 57 finished with value: 0.8508771929824562 and parameters: {'n_estimators': 96, 'max_depth': 8, 'min_samples_split': 3, 'min_samples_leaf': 1, 'class_weight': None}. Best is trial 1 with value: 0.8508771929824562.
2025-02-02 14:17:25,177 - INFO - Trial 58 finished with value: 0.8508771929824562 and parameters: {'n_estimators': 111, 'max_depth': 5, 'min_samples_split': 2, 'min_samples_leaf': 3, 'class_weight': 'balanced'}. Best is trial 1 with value: 0.8508771929824562.
2025-02-02 14:17:25,383 - INFO - Trial 59 finished with value: 0.8508771929824562 and parameters: {'n_estimators': 120, 'max_depth': 9, 'min_samples_split': 3, 'min_samples_leaf': 1, 'class_weight': 'balanced'}. Best is trial 1 with value: 0.8508771929824562.
2025-02-02 14:17:25,515 - INFO - Trial 60 finished with value: 0.8508771929824562 and parameters: {'n_estimators': 66, 'max_depth': 10, 'min_samples_split': 4, 'min_samples_leaf': 2, 'class_weight': 'balanced'}. Best is trial 1 with value: 0.8508771929824562.
2025-02-02 14:17:25,723 - INFO - Trial 61 finished with value: 0.8508771929824562 and parameters: {'n_estimators': 117, 'max_depth': 10, 'min_samples_split': 4, 'min_samples_leaf': 2, 'class_weight': 'balanced'}. Best is trial 1 with value: 0.8508771929824562.
2025-02-02 14:17:25,888 - INFO - Trial 62 finished with value: 0.8508771929824562 and parameters: {'n_estimators': 87, 'max_depth': 9, 'min_samples_split': 4, 'min_samples_leaf': 2, 'class_weight': 'balanced'}. Best is trial 1 with value: 0.8508771929824562.
2025-02-02 14:17:26,091 - INFO - Trial 63 finished with value: 0.8508771929824562 and parameters: {'n_estimators': 101, 'max_depth': 10, 'min_samples_split': 5, 'min_samples_leaf': 3, 'class_weight': 'balanced'}. Best is trial 1 with value: 0.8508771929824562.
2025-02-02 14:17:26,259 - INFO - Trial 64 finished with value: 0.8508771929824562 and parameters: {'n_estimators': 79, 'max_depth': 5, 'min_samples_split': 4, 'min_samples_leaf': 2, 'class_weight': None}. Best is trial 1 with value: 0.8508771929824562.
2025-02-02 14:17:26,432 - INFO - Trial 65 finished with value: 0.8508771929824562 and parameters: {'n_estimators': 92, 'max_depth': 6, 'min_samples_split': 4, 'min_samples_leaf': 1, 'class_weight': 'balanced'}. Best is trial 1 with value: 0.8508771929824562.
2025-02-02 14:17:26,675 - INFO - Trial 66 finished with value: 0.8508771929824562 and parameters: {'n_estimators': 146, 'max_depth': 9, 'min_samples_split': 2, 'min_samples_leaf': 3, 'class_weight': 'balanced'}. Best is trial 1 with value: 0.8508771929824562.
2025-02-02 14:17:26,906 - INFO - Trial 67 finished with value: 0.8508771929824562 and parameters: {'n_estimators': 131, 'max_depth': 8, 'min_samples_split': 4, 'min_samples_leaf': 2, 'class_weight': None}. Best is trial 1 with value: 0.8508771929824562.
2025-02-02 14:17:27,116 - INFO - Trial 68 finished with value: 0.8227272727272728 and parameters: {'n_estimators': 109, 'max_depth': 10, 'min_samples_split': 3, 'min_samples_leaf': 4, 'class_weight': 'balanced'}. Best is trial 1 with value: 0.8508771929824562.
2025-02-02 14:17:27,326 - INFO - Trial 69 finished with value: 0.8508771929824562 and parameters: {'n_estimators': 103, 'max_depth': 7, 'min_samples_split': 4, 'min_samples_leaf': 3, 'class_weight': 'balanced'}. Best is trial 1 with value: 0.8508771929824562.
2025-02-02 14:17:27,506 - INFO - Trial 70 finished with value: 0.8508771929824562 and parameters: {'n_estimators': 98, 'max_depth': 9, 'min_samples_split': 2, 'min_samples_leaf': 1, 'class_weight': 'balanced'}. Best is trial 1 with value: 0.8508771929824562.
2025-02-02 14:17:27,742 - INFO - Trial 71 finished with value: 0.8508771929824562 and parameters: {'n_estimators': 142, 'max_depth': 6, 'min_samples_split': 4, 'min_samples_leaf': 2, 'class_weight': 'balanced'}. Best is trial 1 with value: 0.8508771929824562.
2025-02-02 14:17:27,951 - INFO - Trial 72 finished with value: 0.8508771929824562 and parameters: {'n_estimators': 125, 'max_depth': 8, 'min_samples_split': 4, 'min_samples_leaf': 2, 'class_weight': 'balanced'}. Best is trial 1 with value: 0.8508771929824562.
2025-02-02 14:17:28,181 - INFO - Trial 73 finished with value: 0.8508771929824562 and parameters: {'n_estimators': 134, 'max_depth': 6, 'min_samples_split': 4, 'min_samples_leaf': 2, 'class_weight': 'balanced'}. Best is trial 1 with value: 0.8508771929824562.
2025-02-02 14:17:28,420 - INFO - Trial 74 finished with value: 0.8508771929824562 and parameters: {'n_estimators': 147, 'max_depth': 7, 'min_samples_split': 4, 'min_samples_leaf': 2, 'class_weight': 'balanced'}. Best is trial 1 with value: 0.8508771929824562.
2025-02-02 14:17:28,653 - INFO - Trial 75 finished with value: 0.8508771929824562 and parameters: {'n_estimators': 140, 'max_depth': 8, 'min_samples_split': 4, 'min_samples_leaf': 3, 'class_weight': None}. Best is trial 1 with value: 0.8508771929824562.
2025-02-02 14:17:28,878 - INFO - Trial 76 finished with value: 0.8508771929824562 and parameters: {'n_estimators': 137, 'max_depth': 7, 'min_samples_split': 5, 'min_samples_leaf': 1, 'class_weight': 'balanced'}. Best is trial 1 with value: 0.8508771929824562.
2025-02-02 14:17:29,095 - INFO - Trial 77 finished with value: 0.8508771929824562 and parameters: {'n_estimators': 129, 'max_depth': 9, 'min_samples_split': 2, 'min_samples_leaf': 3, 'class_weight': 'balanced'}. Best is trial 1 with value: 0.8508771929824562.
2025-02-02 14:17:29,337 - INFO - Trial 78 finished with value: 0.8508771929824562 and parameters: {'n_estimators': 150, 'max_depth': 7, 'min_samples_split': 3, 'min_samples_leaf': 2, 'class_weight': None}. Best is trial 1 with value: 0.8508771929824562.
2025-02-02 14:17:29,573 - INFO - Trial 79 finished with value: 0.8508771929824562 and parameters: {'n_estimators': 143, 'max_depth': 8, 'min_samples_split': 4, 'min_samples_leaf': 1, 'class_weight': 'balanced'}. Best is trial 1 with value: 0.8508771929824562.
2025-02-02 14:17:29,741 - INFO - Trial 80 finished with value: 0.8508771929824562 and parameters: {'n_estimators': 94, 'max_depth': 6, 'min_samples_split': 3, 'min_samples_leaf': 3, 'class_weight': 'balanced'}. Best is trial 1 with value: 0.8508771929824562.
2025-02-02 14:17:29,939 - INFO - Trial 81 finished with value: 0.7662337662337663 and parameters: {'n_estimators': 115, 'max_depth': 4, 'min_samples_split': 4, 'min_samples_leaf': 3, 'class_weight': 'balanced'}. Best is trial 1 with value: 0.8508771929824562.
2025-02-02 14:17:30,139 - INFO - Trial 82 finished with value: 0.8508771929824562 and parameters: {'n_estimators': 113, 'max_depth': 5, 'min_samples_split': 4, 'min_samples_leaf': 3, 'class_weight': 'balanced'}. Best is trial 1 with value: 0.8508771929824562.
2025-02-02 14:17:30,336 - INFO - Trial 83 finished with value: 0.8508771929824562 and parameters: {'n_estimators': 104, 'max_depth': 5, 'min_samples_split': 4, 'min_samples_leaf': 3, 'class_weight': 'balanced'}. Best is trial 1 with value: 0.8508771929824562.
2025-02-02 14:17:30,541 - INFO - Trial 84 finished with value: 0.8227272727272728 and parameters: {'n_estimators': 123, 'max_depth': 4, 'min_samples_split': 4, 'min_samples_leaf': 3, 'class_weight': 'balanced'}. Best is trial 1 with value: 0.8508771929824562.
2025-02-02 14:17:30,721 - INFO - Trial 85 finished with value: 0.7945736434108528 and parameters: {'n_estimators': 108, 'max_depth': 3, 'min_samples_split': 4, 'min_samples_leaf': 2, 'class_weight': 'balanced'}. Best is trial 1 with value: 0.8508771929824562.
2025-02-02 14:17:30,883 - INFO - Trial 86 finished with value: 0.8508771929824562 and parameters: {'n_estimators': 86, 'max_depth': 5, 'min_samples_split': 5, 'min_samples_leaf': 1, 'class_weight': 'balanced'}. Best is trial 1 with value: 0.8508771929824562.
2025-02-02 14:17:31,124 - INFO - Trial 87 finished with value: 0.8508771929824562 and parameters: {'n_estimators': 148, 'max_depth': 9, 'min_samples_split': 2, 'min_samples_leaf': 3, 'class_weight': None}. Best is trial 1 with value: 0.8508771929824562.
2025-02-02 14:17:31,274 - INFO - Trial 88 finished with value: 0.8227272727272728 and parameters: {'n_estimators': 78, 'max_depth': 6, 'min_samples_split': 2, 'min_samples_leaf': 1, 'class_weight': 'balanced'}. Best is trial 1 with value: 0.8508771929824562.
2025-02-02 14:17:31,497 - INFO - Trial 89 finished with value: 0.8508771929824562 and parameters: {'n_estimators': 135, 'max_depth': 10, 'min_samples_split': 4, 'min_samples_leaf': 4, 'class_weight': 'balanced'}. Best is trial 1 with value: 0.8508771929824562.
2025-02-02 14:17:31,680 - INFO - Trial 90 finished with value: 0.8508771929824562 and parameters: {'n_estimators': 106, 'max_depth': 9, 'min_samples_split': 3, 'min_samples_leaf': 2, 'class_weight': 'balanced'}. Best is trial 1 with value: 0.8508771929824562.
2025-02-02 14:17:31,916 - INFO - Trial 91 finished with value: 0.8508771929824562 and parameters: {'n_estimators': 139, 'max_depth': 8, 'min_samples_split': 5, 'min_samples_leaf': 2, 'class_weight': None}. Best is trial 1 with value: 0.8508771929824562.
2025-02-02 14:17:32,152 - INFO - Trial 92 finished with value: 0.8508771929824562 and parameters: {'n_estimators': 145, 'max_depth': 7, 'min_samples_split': 3, 'min_samples_leaf': 2, 'class_weight': None}. Best is trial 1 with value: 0.8508771929824562.
2025-02-02 14:17:32,410 - INFO - Trial 93 finished with value: 0.8508771929824562 and parameters: {'n_estimators': 132, 'max_depth': 8, 'min_samples_split': 5, 'min_samples_leaf': 2, 'class_weight': None}. Best is trial 1 with value: 0.8508771929824562.
2025-02-02 14:17:32,615 - INFO - Trial 94 finished with value: 0.8508771929824562 and parameters: {'n_estimators': 118, 'max_depth': 9, 'min_samples_split': 5, 'min_samples_leaf': 2, 'class_weight': None}. Best is trial 1 with value: 0.8508771929824562.
2025-02-02 14:17:32,822 - INFO - Trial 95 finished with value: 0.8508771929824562 and parameters: {'n_estimators': 121, 'max_depth': 7, 'min_samples_split': 5, 'min_samples_leaf': 1, 'class_weight': None}. Best is trial 1 with value: 0.8508771929824562.
2025-02-02 14:17:33,044 - INFO - Trial 96 finished with value: 0.8508771929824562 and parameters: {'n_estimators': 127, 'max_depth': 8, 'min_samples_split': 4, 'min_samples_leaf': 2, 'class_weight': 'balanced'}. Best is trial 1 with value: 0.8508771929824562.
2025-02-02 14:17:33,284 - INFO - Trial 97 finished with value: 0.8508771929824562 and parameters: {'n_estimators': 142, 'max_depth': 6, 'min_samples_split': 2, 'min_samples_leaf': 3, 'class_weight': None}. Best is trial 1 with value: 0.8508771929824562.
2025-02-02 14:17:33,453 - INFO - Trial 98 finished with value: 0.8508771929824562 and parameters: {'n_estimators': 91, 'max_depth': 9, 'min_samples_split': 3, 'min_samples_leaf': 1, 'class_weight': 'balanced'}. Best is trial 1 with value: 0.8508771929824562.
2025-02-02 14:17:33,635 - INFO - Trial 99 finished with value: 0.8508771929824562 and parameters: {'n_estimators': 100, 'max_depth': 6, 'min_samples_split': 4, 'min_samples_leaf': 3, 'class_weight': 'balanced'}. Best is trial 1 with value: 0.8508771929824562.
2025-02-02 14:17:34,234 - INFO - A new study created in memory with name: no-name-7412f787-5781-470c-b1a6-2bb615211cb4
2025-02-02 14:17:34,259 - INFO - Trial 0 finished with value: 0.7584541062801933 and parameters: {'max_depth': 3, 'min_samples_split': 4, 'min_samples_leaf': 1, 'class_weight': 'balanced'}. Best is trial 0 with value: 0.7584541062801933.
2025-02-02 14:17:34,285 - INFO - Trial 1 finished with value: 0.75 and parameters: {'max_depth': 9, 'min_samples_split': 4, 'min_samples_leaf': 2, 'class_weight': None}. Best is trial 0 with value: 0.7584541062801933.
2025-02-02 14:17:34,312 - INFO - Trial 2 finished with value: 0.75 and parameters: {'max_depth': 6, 'min_samples_split': 4, 'min_samples_leaf': 1, 'class_weight': None}. Best is trial 0 with value: 0.7584541062801933.
2025-02-02 14:17:34,336 - INFO - Trial 3 finished with value: 0.75 and parameters: {'max_depth': 8, 'min_samples_split': 3, 'min_samples_leaf': 1, 'class_weight': None}. Best is trial 0 with value: 0.7584541062801933.
2025-02-02 14:17:34,358 - INFO - Trial 4 finished with value: 0.7853566958698374 and parameters: {'max_depth': 5, 'min_samples_split': 2, 'min_samples_leaf': 3, 'class_weight': None}. Best is trial 4 with value: 0.7853566958698374.
2025-02-02 14:17:34,382 - INFO - Trial 5 finished with value: 0.7584541062801933 and parameters: {'max_depth': 3, 'min_samples_split': 5, 'min_samples_leaf': 4, 'class_weight': 'balanced'}. Best is trial 4 with value: 0.7853566958698374.
2025-02-02 14:17:34,405 - INFO - Trial 6 finished with value: 0.75 and parameters: {'max_depth': 8, 'min_samples_split': 5, 'min_samples_leaf': 1, 'class_weight': None}. Best is trial 4 with value: 0.7853566958698374.
2025-02-02 14:17:34,429 - INFO - Trial 7 finished with value: 0.7584541062801933 and parameters: {'max_depth': 10, 'min_samples_split': 4, 'min_samples_leaf': 3, 'class_weight': None}. Best is trial 4 with value: 0.7853566958698374.
2025-02-02 14:17:34,452 - INFO - Trial 8 finished with value: 0.75 and parameters: {'max_depth': 9, 'min_samples_split': 4, 'min_samples_leaf': 1, 'class_weight': 'balanced'}. Best is trial 4 with value: 0.7853566958698374.
2025-02-02 14:17:34,476 - INFO - Trial 9 finished with value: 0.75 and parameters: {'max_depth': 8, 'min_samples_split': 3, 'min_samples_leaf': 2, 'class_weight': 'balanced'}. Best is trial 4 with value: 0.7853566958698374.
2025-02-02 14:17:34,511 - INFO - Trial 10 finished with value: 0.7584541062801933 and parameters: {'max_depth': 5, 'min_samples_split': 2, 'min_samples_leaf': 4, 'class_weight': None}. Best is trial 4 with value: 0.7853566958698374.
2025-02-02 14:17:34,549 - INFO - Trial 11 finished with value: 0.7584541062801933 and parameters: {'max_depth': 3, 'min_samples_split': 2, 'min_samples_leaf': 3, 'class_weight': 'balanced'}. Best is trial 4 with value: 0.7853566958698374.
2025-02-02 14:17:34,588 - INFO - Trial 12 finished with value: 0.7584541062801933 and parameters: {'max_depth': 5, 'min_samples_split': 3, 'min_samples_leaf': 3, 'class_weight': 'balanced'}. Best is trial 4 with value: 0.7853566958698374.
2025-02-02 14:17:34,626 - INFO - Trial 13 finished with value: 0.75 and parameters: {'max_depth': 4, 'min_samples_split': 2, 'min_samples_leaf': 2, 'class_weight': 'balanced'}. Best is trial 4 with value: 0.7853566958698374.
2025-02-02 14:17:34,674 - INFO - Trial 14 finished with value: 0.7584541062801933 and parameters: {'max_depth': 4, 'min_samples_split': 3, 'min_samples_leaf': 3, 'class_weight': None}. Best is trial 4 with value: 0.7853566958698374.
2025-02-02 14:17:34,714 - INFO - Trial 15 finished with value: 0.75 and parameters: {'max_depth': 6, 'min_samples_split': 5, 'min_samples_leaf': 2, 'class_weight': 'balanced'}. Best is trial 4 with value: 0.7853566958698374.
2025-02-02 14:17:34,750 - INFO - Trial 16 finished with value: 0.7584541062801933 and parameters: {'max_depth': 4, 'min_samples_split': 2, 'min_samples_leaf': 4, 'class_weight': None}. Best is trial 4 with value: 0.7853566958698374.
2025-02-02 14:17:34,787 - INFO - Trial 17 finished with value: 0.75 and parameters: {'max_depth': 5, 'min_samples_split': 3, 'min_samples_leaf': 2, 'class_weight': 'balanced'}. Best is trial 4 with value: 0.7853566958698374.
