2024-12-10 14:47:35,963 - INFO - Trial 15 finished with value: 1.0 and parameters: {'n_estimators': 80, 'max_depth': 8, 'learning_rate': 0.05786093037601801, 'subsample': 0.6259573047432585, 'colsample_bytree': 0.901319484203602, 'scale_pos_weight': 1.2041431712985033}. Best is trial 2 with value: 1.0.
2024-12-10 14:47:36,150 - INFO - Trial 16 finished with value: 0.9946251129177958 and parameters: {'n_estimators': 229, 'max_depth': 12, 'learning_rate': 0.1726218001244838, 'subsample': 0.7779349302216424, 'colsample_bytree': 0.7350102507801876, 'scale_pos_weight': 0.7069105528051858}. Best is trial 2 with value: 1.0.
2024-12-10 14:47:36,382 - INFO - Trial 17 finished with value: 0.9946251129177958 and parameters: {'n_estimators': 291, 'max_depth': 3, 'learning_rate': 0.047529073834660596, 'subsample': 0.8596707316042789, 'colsample_bytree': 0.5979129227167335, 'scale_pos_weight': 1.2198978291354166}. Best is trial 2 with value: 1.0.
2024-12-10 14:47:36,536 - INFO - Trial 18 finished with value: 0.9946251129177958 and parameters: {'n_estimators': 147, 'max_depth': 18, 'learning_rate': 0.10265213870738861, 'subsample': 0.9383829866640016, 'colsample_bytree': 0.6942314806787326, 'scale_pos_weight': 0.7861828896775016}. Best is trial 2 with value: 1.0.
2024-12-10 14:47:36,711 - INFO - Trial 19 finished with value: 0.9946251129177958 and parameters: {'n_estimators': 211, 'max_depth': 14, 'learning_rate': 0.2318864189455016, 'subsample': 0.6187870336844878, 'colsample_bytree': 0.7666500608484166, 'scale_pos_weight': 1.108513974794673}. Best is trial 2 with value: 1.0.
2024-12-10 14:47:36,867 - INFO - Trial 20 finished with value: 1.0 and parameters: {'n_estimators': 157, 'max_depth': 10, 'learning_rate': 0.2967811483681646, 'subsample': 0.8225700501176951, 'colsample_bytree': 0.9149703829941266, 'scale_pos_weight': 0.6277561396313884}. Best is trial 2 with value: 1.0.
2024-12-10 14:47:37,141 - INFO - Trial 21 finished with value: 0.9949377571191965 and parameters: {'n_estimators': 235, 'max_depth': 20, 'learning_rate': 0.01054617783278351, 'subsample': 0.8627439884529333, 'colsample_bytree': 0.8851465723151593, 'scale_pos_weight': 0.6719572538591271}. Best is trial 2 with value: 1.0.
2024-12-10 14:47:37,380 - INFO - Trial 22 finished with value: 1.0 and parameters: {'n_estimators': 209, 'max_depth': 18, 'learning_rate': 0.03924680531722544, 'subsample': 0.903988702426109, 'colsample_bytree': 0.9691392698147747, 'scale_pos_weight': 0.7965182397359155}. Best is trial 2 with value: 1.0.
2024-12-10 14:47:37,609 - INFO - Trial 23 finished with value: 1.0 and parameters: {'n_estimators': 253, 'max_depth': 19, 'learning_rate': 0.0740332604079571, 'subsample': 0.9784787150230794, 'colsample_bytree': 0.9407344186052311, 'scale_pos_weight': 0.6394464642925761}. Best is trial 2 with value: 1.0.
2024-12-10 14:47:37,859 - INFO - Trial 24 finished with value: 1.0 and parameters: {'n_estimators': 213, 'max_depth': 20, 'learning_rate': 0.03450746359471582, 'subsample': 0.856403324536367, 'colsample_bytree': 0.8665831741708129, 'scale_pos_weight': 0.9294673585721548}. Best is trial 2 with value: 1.0.
2024-12-10 14:47:38,104 - INFO - Trial 25 finished with value: 1.0 and parameters: {'n_estimators': 286, 'max_depth': 14, 'learning_rate': 0.1219010067806034, 'subsample': 0.952312243545147, 'colsample_bytree': 0.9179565524975071, 'scale_pos_weight': 0.7233653022768094}. Best is trial 2 with value: 1.0.
2024-12-10 14:47:38,285 - INFO - Trial 26 finished with value: 0.9946251129177958 and parameters: {'n_estimators': 167, 'max_depth': 17, 'learning_rate': 0.08112639716194052, 'subsample': 0.8888362546217009, 'colsample_bytree': 0.7870644495233182, 'scale_pos_weight': 1.3536680497555846}. Best is trial 2 with value: 1.0.
2024-12-10 14:47:38,544 - INFO - Trial 27 finished with value: 1.0 and parameters: {'n_estimators': 241, 'max_depth': 20, 'learning_rate': 0.028678294194505016, 'subsample': 0.826406360618394, 'colsample_bytree': 0.8331436606487724, 'scale_pos_weight': 1.132592737056604}. Best is trial 2 with value: 1.0.
2024-12-10 14:47:38,771 - INFO - Trial 28 finished with value: 1.0 and parameters: {'n_estimators': 281, 'max_depth': 13, 'learning_rate': 0.13823548768278876, 'subsample': 0.7479278606545582, 'colsample_bytree': 0.9972439333988687, 'scale_pos_weight': 0.5571854306230202}. Best is trial 2 with value: 1.0.
2024-12-10 14:47:39,025 - INFO - Trial 29 finished with value: 0.9946251129177958 and parameters: {'n_estimators': 177, 'max_depth': 6, 'learning_rate': 0.10734311723818146, 'subsample': 0.7928842743919885, 'colsample_bytree': 0.5777331955854212, 'scale_pos_weight': 0.8903443787075421}. Best is trial 2 with value: 1.0.
2024-12-10 14:47:39,245 - INFO - Trial 30 finished with value: 0.9946251129177958 and parameters: {'n_estimators': 196, 'max_depth': 18, 'learning_rate': 0.16971879140540325, 'subsample': 0.9533359613945942, 'colsample_bytree': 0.7359648916112745, 'scale_pos_weight': 1.8705354529818399}. Best is trial 2 with value: 1.0.
2024-12-10 14:47:39,368 - INFO - Trial 31 finished with value: 1.0 and parameters: {'n_estimators': 57, 'max_depth': 7, 'learning_rate': 0.06066293187676884, 'subsample': 0.6472594196095188, 'colsample_bytree': 0.8982477869751562, 'scale_pos_weight': 1.1753879398813594}. Best is trial 2 with value: 1.0.
2024-12-10 14:47:39,500 - INFO - Trial 32 finished with value: 1.0 and parameters: {'n_estimators': 77, 'max_depth': 8, 'learning_rate': 0.054231165379626904, 'subsample': 0.621230820563921, 'colsample_bytree': 0.9501543053462442, 'scale_pos_weight': 1.3747385520973952}. Best is trial 2 with value: 1.0.
2024-12-10 14:47:39,639 - INFO - Trial 33 finished with value: 0.9949377571191965 and parameters: {'n_estimators': 95, 'max_depth': 5, 'learning_rate': 0.02408452445106067, 'subsample': 0.5593128683865055, 'colsample_bytree': 0.885545075540847, 'scale_pos_weight': 0.9689265804932129}. Best is trial 2 with value: 1.0.
2024-12-10 14:47:39,875 - INFO - Trial 34 finished with value: 1.0 and parameters: {'n_estimators': 130, 'max_depth': 4, 'learning_rate': 0.08766163906619685, 'subsample': 0.6586062261512495, 'colsample_bytree': 0.9207168467378939, 'scale_pos_weight': 1.0584352881838295}. Best is trial 2 with value: 1.0.
2024-12-10 14:47:40,037 - INFO - Trial 35 finished with value: 1.0 and parameters: {'n_estimators': 99, 'max_depth': 6, 'learning_rate': 0.06948738045008512, 'subsample': 0.5778959517513796, 'colsample_bytree': 0.6399033317693565, 'scale_pos_weight': 0.7912544837837309}. Best is trial 2 with value: 1.0.
2024-12-10 14:47:40,238 - INFO - Trial 36 finished with value: 1.0 and parameters: {'n_estimators': 180, 'max_depth': 3, 'learning_rate': 0.04942626690092736, 'subsample': 0.7156110733217573, 'colsample_bytree': 0.8590498210228299, 'scale_pos_weight': 1.0074255439468949}. Best is trial 2 with value: 1.0.
2024-12-10 14:47:40,461 - INFO - Trial 37 finished with value: 0.9946251129177958 and parameters: {'n_estimators': 252, 'max_depth': 10, 'learning_rate': 0.09464199498807456, 'subsample': 0.9248360392468423, 'colsample_bytree': 0.8021109367555987, 'scale_pos_weight': 1.5451882842115472}. Best is trial 2 with value: 1.0.
2024-12-10 14:47:40,677 - INFO - Trial 38 finished with value: 1.0 and parameters: {'n_estimators': 269, 'max_depth': 5, 'learning_rate': 0.1384505152637808, 'subsample': 0.7672052921648759, 'colsample_bytree': 0.9647896097365949, 'scale_pos_weight': 0.6054721583820377}. Best is trial 2 with value: 1.0.
2024-12-10 14:47:40,858 - INFO - Trial 39 finished with value: 0.9946251129177958 and parameters: {'n_estimators': 199, 'max_depth': 8, 'learning_rate': 0.2070569422902901, 'subsample': 0.8826462784862811, 'colsample_bytree': 0.8401569351052997, 'scale_pos_weight': 1.6824107740554461}. Best is trial 2 with value: 1.0.
2024-12-10 14:47:41,117 - INFO - Trial 40 finished with value: 1.0 and parameters: {'n_estimators': 221, 'max_depth': 17, 'learning_rate': 0.026588013878143496, 'subsample': 0.9697543967018405, 'colsample_bytree': 0.8212941543234327, 'scale_pos_weight': 0.8497186665684398}. Best is trial 2 with value: 1.0.
2024-12-10 14:47:41,291 - INFO - Trial 41 finished with value: 1.0 and parameters: {'n_estimators': 161, 'max_depth': 10, 'learning_rate': 0.29947183158414986, 'subsample': 0.8275764495460576, 'colsample_bytree': 0.9215774263803979, 'scale_pos_weight': 0.7174210413071133}. Best is trial 2 with value: 1.0.
2024-12-10 14:47:41,420 - INFO - Trial 42 finished with value: 1.0 and parameters: {'n_estimators': 107, 'max_depth': 11, 'learning_rate': 0.2558145672626779, 'subsample': 0.8089834823430767, 'colsample_bytree': 0.8976147640580405, 'scale_pos_weight': 0.5923604160661715}. Best is trial 2 with value: 1.0.
2024-12-10 14:47:41,579 - INFO - Trial 43 finished with value: 1.0 and parameters: {'n_estimators': 152, 'max_depth': 9, 'learning_rate': 0.18970471764633856, 'subsample': 0.8446916577877459, 'colsample_bytree': 0.8726302399450337, 'scale_pos_weight': 0.7963495017053905}. Best is trial 2 with value: 1.0.
2024-12-10 14:47:41,756 - INFO - Trial 44 finished with value: 1.0 and parameters: {'n_estimators': 184, 'max_depth': 7, 'learning_rate': 0.23217954871966995, 'subsample': 0.9098956992888705, 'colsample_bytree': 0.9358328472764176, 'scale_pos_weight': 0.9236860098505734}. Best is trial 2 with value: 1.0.
2024-12-10 14:47:41,876 - INFO - Trial 45 finished with value: 0.9946251129177958 and parameters: {'n_estimators': 78, 'max_depth': 9, 'learning_rate': 0.29953597749565697, 'subsample': 0.7447746325481881, 'colsample_bytree': 0.9844027366489253, 'scale_pos_weight': 0.6577864580083218}. Best is trial 2 with value: 1.0.
2024-12-10 14:47:42,044 - INFO - Trial 46 finished with value: 0.9946251129177958 and parameters: {'n_estimators': 165, 'max_depth': 11, 'learning_rate': 0.12514754147438306, 'subsample': 0.8816444758432366, 'colsample_bytree': 0.5186261737955414, 'scale_pos_weight': 1.2784413005912845}. Best is trial 2 with value: 1.0.
2024-12-10 14:47:42,246 - INFO - Trial 47 finished with value: 1.0 and parameters: {'n_estimators': 137, 'max_depth': 15, 'learning_rate': 0.15193257460436416, 'subsample': 0.9296022470505465, 'colsample_bytree': 0.9078983283946923, 'scale_pos_weight': 0.5526289704741951}. Best is trial 2 with value: 1.0.
2024-12-10 14:47:42,497 - INFO - Trial 48 finished with value: 1.0 and parameters: {'n_estimators': 273, 'max_depth': 8, 'learning_rate': 0.2272038074133827, 'subsample': 0.7971627221885068, 'colsample_bytree': 0.6878185383624014, 'scale_pos_weight': 1.0588893996642628}. Best is trial 2 with value: 1.0.
2024-12-10 14:47:42,805 - INFO - Trial 49 finished with value: 1.0 and parameters: {'n_estimators': 299, 'max_depth': 19, 'learning_rate': 0.04117161077061461, 'subsample': 0.8371957835355843, 'colsample_bytree': 0.9701053432043649, 'scale_pos_weight': 0.7527308469084407}. Best is trial 2 with value: 1.0.
2024-12-10 14:47:43,010 - INFO - Trial 50 finished with value: 0.9946251129177958 and parameters: {'n_estimators': 259, 'max_depth': 10, 'learning_rate': 0.2808303948992131, 'subsample': 0.7047436537279823, 'colsample_bytree': 0.6143104064908974, 'scale_pos_weight': 0.8551307610575221}. Best is trial 2 with value: 1.0.
2024-12-10 14:47:43,285 - INFO - Trial 51 finished with value: 1.0 and parameters: {'n_estimators': 203, 'max_depth': 19, 'learning_rate': 0.017561213721965695, 'subsample': 0.9053175858288194, 'colsample_bytree': 0.9591631964088234, 'scale_pos_weight': 0.6639221275807086}. Best is trial 2 with value: 1.0.
2024-12-10 14:47:43,542 - INFO - Trial 52 finished with value: 1.0 and parameters: {'n_estimators': 223, 'max_depth': 18, 'learning_rate': 0.04176845746308445, 'subsample': 0.8989625432174791, 'colsample_bytree': 0.9358330330414828, 'scale_pos_weight': 0.773278159383521}. Best is trial 2 with value: 1.0.
2024-12-10 14:47:43,864 - INFO - Trial 53 finished with value: 1.0 and parameters: {'n_estimators': 208, 'max_depth': 20, 'learning_rate': 0.06649318148289475, 'subsample': 0.8634656278242182, 'colsample_bytree': 0.9849661305948498, 'scale_pos_weight': 0.8293418352209967}. Best is trial 2 with value: 1.0.
2024-12-10 14:47:44,066 - INFO - Trial 54 finished with value: 1.0 and parameters: {'n_estimators': 192, 'max_depth': 17, 'learning_rate': 0.0787477406025042, 'subsample': 0.5102442862497389, 'colsample_bytree': 0.8591515416080243, 'scale_pos_weight': 0.5188099601958519}. Best is trial 2 with value: 1.0.
2024-12-10 14:47:44,301 - INFO - Trial 55 finished with value: 1.0 and parameters: {'n_estimators': 246, 'max_depth': 19, 'learning_rate': 0.05894631240882377, 'subsample': 0.9436609161412435, 'colsample_bytree': 0.8887125726013544, 'scale_pos_weight': 0.6284917856719947}. Best is trial 2 with value: 1.0.
2024-12-10 14:47:44,537 - INFO - Trial 56 finished with value: 1.0 and parameters: {'n_estimators': 218, 'max_depth': 13, 'learning_rate': 0.03566123439418109, 'subsample': 0.8745128864471037, 'colsample_bytree': 0.5517790766860988, 'scale_pos_weight': 1.4023827087791068}. Best is trial 2 with value: 1.0.
2024-12-10 14:47:44,746 - INFO - Trial 57 finished with value: 1.0 and parameters: {'n_estimators': 237, 'max_depth': 4, 'learning_rate': 0.10485577834853631, 'subsample': 0.9168072446954472, 'colsample_bytree': 0.7812362250268248, 'scale_pos_weight': 0.7093343591827478}. Best is trial 2 with value: 1.0.
2024-12-10 14:47:45,143 - INFO - Trial 58 finished with value: 1.0 and parameters: {'n_estimators': 227, 'max_depth': 20, 'learning_rate': 0.01077277077422286, 'subsample': 0.9650827328150917, 'colsample_bytree': 0.9272346302802117, 'scale_pos_weight': 0.893227033850051}. Best is trial 2 with value: 1.0.
2024-12-10 14:47:45,332 - INFO - Trial 59 finished with value: 0.9946251129177958 and parameters: {'n_estimators': 187, 'max_depth': 18, 'learning_rate': 0.16012071586655946, 'subsample': 0.8484517204803388, 'colsample_bytree': 0.9749054706081618, 'scale_pos_weight': 0.9812528907129361}. Best is trial 2 with value: 1.0.
2024-12-10 14:47:45,510 - INFO - Trial 60 finished with value: 0.9946251129177958 and parameters: {'n_estimators': 171, 'max_depth': 16, 'learning_rate': 0.1939559926504351, 'subsample': 0.9913032698473425, 'colsample_bytree': 0.9484885379038822, 'scale_pos_weight': 1.1840860876607977}. Best is trial 2 with value: 1.0.
2024-12-10 14:47:45,742 - INFO - Trial 61 finished with value: 1.0 and parameters: {'n_estimators': 255, 'max_depth': 19, 'learning_rate': 0.07120548266391566, 'subsample': 0.9655407829704162, 'colsample_bytree': 0.9087368877467844, 'scale_pos_weight': 0.5855642389544125}. Best is trial 2 with value: 1.0.
2024-12-10 14:47:45,978 - INFO - Trial 62 finished with value: 1.0 and parameters: {'n_estimators': 247, 'max_depth': 20, 'learning_rate': 0.09350343264320124, 'subsample': 0.9825658564788072, 'colsample_bytree': 0.9444813107968283, 'scale_pos_weight': 0.6818099388629986}. Best is trial 2 with value: 1.0.
2024-12-10 14:47:46,265 - INFO - Trial 63 finished with value: 1.0 and parameters: {'n_estimators': 282, 'max_depth': 19, 'learning_rate': 0.05019716357961679, 'subsample': 0.9404287526727022, 'colsample_bytree': 0.8752952593758768, 'scale_pos_weight': 0.6343802455135041}. Best is trial 2 with value: 1.0.
2024-12-10 14:47:46,488 - INFO - Trial 64 finished with value: 1.0 and parameters: {'n_estimators': 232, 'max_depth': 18, 'learning_rate': 0.07565098258023875, 'subsample': 0.8976149093598333, 'colsample_bytree': 0.9088881304077473, 'scale_pos_weight': 0.7541261499063517}. Best is trial 2 with value: 1.0.
2024-12-10 14:47:46,873 - INFO - Trial 65 finished with value: 1.0 and parameters: {'n_estimators': 214, 'max_depth': 12, 'learning_rate': 0.022652972981716438, 'subsample': 0.9289861661437679, 'colsample_bytree': 0.8489871786849393, 'scale_pos_weight': 0.8105671766246209}. Best is trial 2 with value: 1.0.
2024-12-10 14:47:47,132 - INFO - Trial 66 finished with value: 1.0 and parameters: {'n_estimators': 205, 'max_depth': 17, 'learning_rate': 0.03534197636044638, 'subsample': 0.8710296289793449, 'colsample_bytree': 0.9573594729110275, 'scale_pos_weight': 0.8998906475708028}. Best is trial 2 with value: 1.0.
2024-12-10 14:47:47,368 - INFO - Trial 67 finished with value: 1.0 and parameters: {'n_estimators': 273, 'max_depth': 20, 'learning_rate': 0.11030424523739457, 'subsample': 0.680164011067632, 'colsample_bytree': 0.9956557739008147, 'scale_pos_weight': 0.5505699736037905}. Best is trial 2 with value: 1.0.
2024-12-10 14:47:47,478 - INFO - Trial 68 finished with value: 1.0 and parameters: {'n_estimators': 60, 'max_depth': 15, 'learning_rate': 0.08584091999809085, 'subsample': 0.5680718356250255, 'colsample_bytree': 0.6714844184969987, 'scale_pos_weight': 0.7268317689399341}. Best is trial 2 with value: 1.0.
2024-12-10 14:47:47,687 - INFO - Trial 69 finished with value: 1.0 and parameters: {'n_estimators': 125, 'max_depth': 5, 'learning_rate': 0.05792049496978957, 'subsample': 0.954042386181007, 'colsample_bytree': 0.7530324726364462, 'scale_pos_weight': 1.0999392448097918}. Best is trial 2 with value: 1.0.
2024-12-10 14:47:48,023 - INFO - Trial 70 finished with value: 1.0 and parameters: {'n_estimators': 292, 'max_depth': 7, 'learning_rate': 0.04640169672441622, 'subsample': 0.7755753212798818, 'colsample_bytree': 0.8178299634119188, 'scale_pos_weight': 0.6248324359942528}. Best is trial 2 with value: 1.0.
2024-12-10 14:47:48,283 - INFO - Trial 71 finished with value: 1.0 and parameters: {'n_estimators': 213, 'max_depth': 20, 'learning_rate': 0.032229605989036084, 'subsample': 0.8135840224176022, 'colsample_bytree': 0.8705256107734798, 'scale_pos_weight': 1.0319850276469813}. Best is trial 2 with value: 1.0.
2024-12-10 14:47:48,596 - INFO - Trial 72 finished with value: 1.0 and parameters: {'n_estimators': 195, 'max_depth': 19, 'learning_rate': 0.02090038135644586, 'subsample': 0.8486433050333615, 'colsample_bytree': 0.9327184509866953, 'scale_pos_weight': 0.9326907043841554}. Best is trial 2 with value: 1.0.
2024-12-10 14:47:48,917 - INFO - Trial 73 finished with value: 1.0 and parameters: {'n_estimators': 227, 'max_depth': 18, 'learning_rate': 0.04073467459359618, 'subsample': 0.8901486991536995, 'colsample_bytree': 0.898172580154474, 'scale_pos_weight': 0.95959067876863}. Best is trial 2 with value: 1.0.
2024-12-10 14:47:49,177 - INFO - Trial 74 finished with value: 1.0 and parameters: {'n_estimators': 242, 'max_depth': 20, 'learning_rate': 0.06374863457496258, 'subsample': 0.9210478460780456, 'colsample_bytree': 0.9150043366460936, 'scale_pos_weight': 0.6940556173490872}. Best is trial 2 with value: 1.0.
2024-12-10 14:47:49,405 - INFO - Trial 75 finished with value: 0.9946251129177958 and parameters: {'n_estimators': 155, 'max_depth': 11, 'learning_rate': 0.1320157939808139, 'subsample': 0.9762241776203809, 'colsample_bytree': 0.8858072746826158, 'scale_pos_weight': 1.452953195601256}. Best is trial 2 with value: 1.0.
2024-12-10 14:47:49,657 - INFO - Trial 76 finished with value: 1.0 and parameters: {'n_estimators': 262, 'max_depth': 3, 'learning_rate': 0.05320099753824878, 'subsample': 0.8558173658112089, 'colsample_bytree': 0.8599781143569187, 'scale_pos_weight': 0.8246496832938609}. Best is trial 2 with value: 1.0.
2024-12-10 14:47:49,993 - INFO - Trial 77 finished with value: 1.0 and parameters: {'n_estimators': 179, 'max_depth': 9, 'learning_rate': 0.02941091754450665, 'subsample': 0.9968810602628864, 'colsample_bytree': 0.9468766893367827, 'scale_pos_weight': 1.3209873261663931}. Best is trial 2 with value: 1.0.
2024-12-10 14:47:50,161 - INFO - Trial 78 finished with value: 0.9946251129177958 and parameters: {'n_estimators': 114, 'max_depth': 8, 'learning_rate': 0.09819713470796793, 'subsample': 0.7963250985591263, 'colsample_bytree': 0.7175942988090397, 'scale_pos_weight': 0.7485838556390196}. Best is trial 2 with value: 1.0.
2024-12-10 14:47:50,361 - INFO - Trial 79 finished with value: 1.0 and parameters: {'n_estimators': 200, 'max_depth': 19, 'learning_rate': 0.25366846761625983, 'subsample': 0.832860275283987, 'colsample_bytree': 0.9266166064464736, 'scale_pos_weight': 0.8703466541809292}. Best is trial 2 with value: 1.0.
2024-12-10 14:47:50,621 - INFO - Trial 80 finished with value: 1.0 and parameters: {'n_estimators': 218, 'max_depth': 6, 'learning_rate': 0.22080272118746566, 'subsample': 0.9088879632098542, 'colsample_bytree': 0.8322481142713098, 'scale_pos_weight': 1.2440919480091293}. Best is trial 2 with value: 1.0.
2024-12-10 14:47:50,909 - INFO - Trial 81 finished with value: 1.0 and parameters: {'n_estimators': 284, 'max_depth': 14, 'learning_rate': 0.11765021569366416, 'subsample': 0.9603283752236178, 'colsample_bytree': 0.9762612235531588, 'scale_pos_weight': 0.6757221477343103}. Best is trial 2 with value: 1.0.
2024-12-10 14:47:51,263 - INFO - Trial 82 finished with value: 1.0 and parameters: {'n_estimators': 277, 'max_depth': 19, 'learning_rate': 0.16058891783242107, 'subsample': 0.9415402109641178, 'colsample_bytree': 0.8967879853966785, 'scale_pos_weight': 0.7788369645628197}. Best is trial 2 with value: 1.0.
2024-12-10 14:47:51,527 - INFO - Trial 83 finished with value: 0.9946251129177958 and parameters: {'n_estimators': 290, 'max_depth': 13, 'learning_rate': 0.13832928185297882, 'subsample': 0.5888758855909694, 'colsample_bytree': 0.9422454186497912, 'scale_pos_weight': 0.5025167751641562}. Best is trial 2 with value: 1.0.
2024-12-10 14:47:51,819 - INFO - Trial 84 finished with value: 1.0 and parameters: {'n_estimators': 296, 'max_depth': 18, 'learning_rate': 0.07619274033427723, 'subsample': 0.9465701863023211, 'colsample_bytree': 0.9221667297455691, 'scale_pos_weight': 0.579437421901276}. Best is trial 2 with value: 1.0.
