2025-02-02 16:08:33,662 - INFO - Trial 48 finished with value: 0.7853566958698374 and parameters: {'n_estimators': 100, 'max_depth': 11, 'min_samples_split': 5, 'min_samples_leaf': 1, 'class_weight': None}. Best is trial 32 with value: 0.8792270531400965.
2025-02-02 16:08:33,747 - INFO - Trial 49 finished with value: 0.8508771929824562 and parameters: {'n_estimators': 66, 'max_depth': 18, 'min_samples_split': 6, 'min_samples_leaf': 1, 'class_weight': 'balanced'}. Best is trial 32 with value: 0.8792270531400965.
2025-02-02 16:08:34,027 - INFO - Trial 50 finished with value: 0.8188405797101449 and parameters: {'n_estimators': 285, 'max_depth': 13, 'min_samples_split': 4, 'min_samples_leaf': 2, 'class_weight': 'balanced'}. Best is trial 32 with value: 0.8792270531400965.
2025-02-02 16:08:34,328 - INFO - Trial 51 finished with value: 0.8508771929824562 and parameters: {'n_estimators': 299, 'max_depth': 10, 'min_samples_split': 6, 'min_samples_leaf': 2, 'class_weight': 'balanced'}. Best is trial 32 with value: 0.8792270531400965.
2025-02-02 16:08:34,581 - INFO - Trial 52 finished with value: 0.8508771929824562 and parameters: {'n_estimators': 260, 'max_depth': 9, 'min_samples_split': 7, 'min_samples_leaf': 2, 'class_weight': 'balanced'}. Best is trial 32 with value: 0.8792270531400965.
2025-02-02 16:08:34,732 - INFO - Trial 53 finished with value: 0.8508771929824562 and parameters: {'n_estimators': 141, 'max_depth': 7, 'min_samples_split': 7, 'min_samples_leaf': 2, 'class_weight': 'balanced'}. Best is trial 32 with value: 0.8792270531400965.
2025-02-02 16:08:34,918 - INFO - Trial 54 finished with value: 0.8508771929824562 and parameters: {'n_estimators': 178, 'max_depth': 10, 'min_samples_split': 5, 'min_samples_leaf': 3, 'class_weight': 'balanced'}. Best is trial 32 with value: 0.8792270531400965.
2025-02-02 16:08:35,193 - INFO - Trial 55 finished with value: 0.7662337662337663 and parameters: {'n_estimators': 244, 'max_depth': 14, 'min_samples_split': 10, 'min_samples_leaf': 1, 'class_weight': 'balanced'}. Best is trial 32 with value: 0.8792270531400965.
2025-02-02 16:08:35,483 - INFO - Trial 56 finished with value: 0.8188405797101449 and parameters: {'n_estimators': 286, 'max_depth': 12, 'min_samples_split': 2, 'min_samples_leaf': 2, 'class_weight': 'balanced'}. Best is trial 32 with value: 0.8792270531400965.
2025-02-02 16:08:35,754 - INFO - Trial 57 finished with value: 0.8508771929824562 and parameters: {'n_estimators': 270, 'max_depth': 13, 'min_samples_split': 6, 'min_samples_leaf': 1, 'class_weight': 'balanced'}. Best is trial 32 with value: 0.8792270531400965.
2025-02-02 16:08:35,965 - INFO - Trial 58 finished with value: 0.8508771929824562 and parameters: {'n_estimators': 211, 'max_depth': 11, 'min_samples_split': 7, 'min_samples_leaf': 3, 'class_weight': 'balanced'}. Best is trial 32 with value: 0.8792270531400965.
2025-02-02 16:08:36,199 - INFO - Trial 59 finished with value: 0.7853566958698374 and parameters: {'n_estimators': 227, 'max_depth': 17, 'min_samples_split': 6, 'min_samples_leaf': 1, 'class_weight': None}. Best is trial 32 with value: 0.8792270531400965.
2025-02-02 16:08:36,436 - INFO - Trial 60 finished with value: 0.8188405797101449 and parameters: {'n_estimators': 236, 'max_depth': 14, 'min_samples_split': 3, 'min_samples_leaf': 2, 'class_weight': 'balanced'}. Best is trial 32 with value: 0.8792270531400965.
2025-02-02 16:08:36,571 - INFO - Trial 61 finished with value: 0.8792270531400965 and parameters: {'n_estimators': 121, 'max_depth': 19, 'min_samples_split': 2, 'min_samples_leaf': 1, 'class_weight': 'balanced'}. Best is trial 32 with value: 0.8792270531400965.
2025-02-02 16:08:36,689 - INFO - Trial 62 finished with value: 0.8508771929824562 and parameters: {'n_estimators': 90, 'max_depth': 16, 'min_samples_split': 2, 'min_samples_leaf': 1, 'class_weight': 'balanced'}. Best is trial 32 with value: 0.8792270531400965.
2025-02-02 16:08:36,828 - INFO - Trial 63 finished with value: 0.7853566958698374 and parameters: {'n_estimators': 124, 'max_depth': 19, 'min_samples_split': 2, 'min_samples_leaf': 1, 'class_weight': 'balanced'}. Best is trial 32 with value: 0.8792270531400965.
2025-02-02 16:08:36,957 - INFO - Trial 64 finished with value: 0.8188405797101449 and parameters: {'n_estimators': 119, 'max_depth': 12, 'min_samples_split': 3, 'min_samples_leaf': 1, 'class_weight': 'balanced'}. Best is trial 32 with value: 0.8792270531400965.
2025-02-02 16:08:37,108 - INFO - Trial 65 finished with value: 0.7912280701754386 and parameters: {'n_estimators': 139, 'max_depth': 9, 'min_samples_split': 8, 'min_samples_leaf': 1, 'class_weight': 'balanced'}. Best is trial 32 with value: 0.8792270531400965.
2025-02-02 16:08:37,313 - INFO - Trial 66 finished with value: 0.846683354192741 and parameters: {'n_estimators': 198, 'max_depth': 10, 'min_samples_split': 2, 'min_samples_leaf': 1, 'class_weight': 'balanced'}. Best is trial 32 with value: 0.8792270531400965.
2025-02-02 16:08:37,437 - INFO - Trial 67 finished with value: 0.8188405797101449 and parameters: {'n_estimators': 109, 'max_depth': 19, 'min_samples_split': 3, 'min_samples_leaf': 1, 'class_weight': 'balanced'}. Best is trial 32 with value: 0.8792270531400965.
2025-02-02 16:08:37,695 - INFO - Trial 68 finished with value: 0.8508771929824562 and parameters: {'n_estimators': 253, 'max_depth': 11, 'min_samples_split': 5, 'min_samples_leaf': 3, 'class_weight': 'balanced'}. Best is trial 32 with value: 0.8792270531400965.
2025-02-02 16:08:38,002 - INFO - Trial 69 finished with value: 0.8188405797101449 and parameters: {'n_estimators': 290, 'max_depth': 13, 'min_samples_split': 4, 'min_samples_leaf': 2, 'class_weight': 'balanced'}. Best is trial 32 with value: 0.8792270531400965.
2025-02-02 16:08:38,178 - INFO - Trial 70 finished with value: 0.8188405797101449 and parameters: {'n_estimators': 149, 'max_depth': 12, 'min_samples_split': 2, 'min_samples_leaf': 1, 'class_weight': None}. Best is trial 32 with value: 0.8792270531400965.
2025-02-02 16:08:38,296 - INFO - Trial 71 finished with value: 0.8792270531400965 and parameters: {'n_estimators': 94, 'max_depth': 19, 'min_samples_split': 2, 'min_samples_leaf': 1, 'class_weight': 'balanced'}. Best is trial 32 with value: 0.8792270531400965.
2025-02-02 16:08:38,394 - INFO - Trial 72 finished with value: 0.8508771929824562 and parameters: {'n_estimators': 77, 'max_depth': 20, 'min_samples_split': 2, 'min_samples_leaf': 1, 'class_weight': 'balanced'}. Best is trial 32 with value: 0.8792270531400965.
2025-02-02 16:08:38,517 - INFO - Trial 73 finished with value: 0.8508771929824562 and parameters: {'n_estimators': 100, 'max_depth': 19, 'min_samples_split': 2, 'min_samples_leaf': 1, 'class_weight': 'balanced'}. Best is trial 32 with value: 0.8792270531400965.
2025-02-02 16:08:38,674 - INFO - Trial 74 finished with value: 0.8508771929824562 and parameters: {'n_estimators': 131, 'max_depth': 18, 'min_samples_split': 3, 'min_samples_leaf': 1, 'class_weight': 'balanced'}. Best is trial 32 with value: 0.8792270531400965.
2025-02-02 16:08:38,990 - INFO - Trial 75 finished with value: 0.8508771929824562 and parameters: {'n_estimators': 278, 'max_depth': 17, 'min_samples_split': 3, 'min_samples_leaf': 1, 'class_weight': 'balanced'}. Best is trial 32 with value: 0.8792270531400965.
2025-02-02 16:08:39,094 - INFO - Trial 76 finished with value: 0.8508771929824562 and parameters: {'n_estimators': 94, 'max_depth': 16, 'min_samples_split': 7, 'min_samples_leaf': 3, 'class_weight': 'balanced'}. Best is trial 32 with value: 0.8792270531400965.
2025-02-02 16:08:39,190 - INFO - Trial 77 finished with value: 0.8508771929824562 and parameters: {'n_estimators': 78, 'max_depth': 19, 'min_samples_split': 2, 'min_samples_leaf': 1, 'class_weight': 'balanced'}. Best is trial 32 with value: 0.8792270531400965.
2025-02-02 16:08:39,416 - INFO - Trial 78 finished with value: 0.8227272727272728 and parameters: {'n_estimators': 215, 'max_depth': 15, 'min_samples_split': 4, 'min_samples_leaf': 4, 'class_weight': 'balanced'}. Best is trial 32 with value: 0.8792270531400965.
2025-02-02 16:08:39,498 - INFO - Trial 79 finished with value: 0.8792270531400965 and parameters: {'n_estimators': 64, 'max_depth': 9, 'min_samples_split': 3, 'min_samples_leaf': 1, 'class_weight': 'balanced'}. Best is trial 32 with value: 0.8792270531400965.
2025-02-02 16:08:39,583 - INFO - Trial 80 finished with value: 0.8188405797101449 and parameters: {'n_estimators': 68, 'max_depth': 7, 'min_samples_split': 3, 'min_samples_leaf': 1, 'class_weight': 'balanced'}. Best is trial 32 with value: 0.8792270531400965.
2025-02-02 16:08:39,662 - INFO - Trial 81 finished with value: 0.8508771929824562 and parameters: {'n_estimators': 54, 'max_depth': 8, 'min_samples_split': 3, 'min_samples_leaf': 1, 'class_weight': 'balanced'}. Best is trial 32 with value: 0.8792270531400965.
2025-02-02 16:08:39,753 - INFO - Trial 82 finished with value: 0.8188405797101449 and parameters: {'n_estimators': 68, 'max_depth': 9, 'min_samples_split': 2, 'min_samples_leaf': 1, 'class_weight': 'balanced'}. Best is trial 32 with value: 0.8792270531400965.
2025-02-02 16:08:39,888 - INFO - Trial 83 finished with value: 0.8508771929824562 and parameters: {'n_estimators': 117, 'max_depth': 10, 'min_samples_split': 4, 'min_samples_leaf': 1, 'class_weight': 'balanced'}. Best is trial 32 with value: 0.8792270531400965.
2025-02-02 16:08:40,009 - INFO - Trial 84 finished with value: 0.8508771929824562 and parameters: {'n_estimators': 103, 'max_depth': 11, 'min_samples_split': 5, 'min_samples_leaf': 1, 'class_weight': 'balanced'}. Best is trial 32 with value: 0.8792270531400965.
2025-02-02 16:08:40,178 - INFO - Trial 85 finished with value: 0.8188405797101449 and parameters: {'n_estimators': 158, 'max_depth': 14, 'min_samples_split': 6, 'min_samples_leaf': 2, 'class_weight': 'balanced'}. Best is trial 32 with value: 0.8792270531400965.
2025-02-02 16:08:40,407 - INFO - Trial 86 finished with value: 0.8508771929824562 and parameters: {'n_estimators': 192, 'max_depth': 8, 'min_samples_split': 2, 'min_samples_leaf': 1, 'class_weight': 'balanced'}. Best is trial 32 with value: 0.8792270531400965.
2025-02-02 16:08:40,667 - INFO - Trial 87 finished with value: 0.7853566958698374 and parameters: {'n_estimators': 231, 'max_depth': 18, 'min_samples_split': 3, 'min_samples_leaf': 2, 'class_weight': None}. Best is trial 32 with value: 0.8792270531400965.
2025-02-02 16:08:40,961 - INFO - Trial 88 finished with value: 0.8188405797101449 and parameters: {'n_estimators': 292, 'max_depth': 6, 'min_samples_split': 6, 'min_samples_leaf': 1, 'class_weight': 'balanced'}. Best is trial 32 with value: 0.8792270531400965.
2025-02-02 16:08:41,235 - INFO - Trial 89 finished with value: 0.8188405797101449 and parameters: {'n_estimators': 264, 'max_depth': 13, 'min_samples_split': 4, 'min_samples_leaf': 1, 'class_weight': 'balanced'}. Best is trial 32 with value: 0.8792270531400965.
2025-02-02 16:08:41,320 - INFO - Trial 90 finished with value: 0.8188405797101449 and parameters: {'n_estimators': 61, 'max_depth': 20, 'min_samples_split': 3, 'min_samples_leaf': 1, 'class_weight': 'balanced'}. Best is trial 32 with value: 0.8792270531400965.
2025-02-02 16:08:41,456 - INFO - Trial 91 finished with value: 0.75 and parameters: {'n_estimators': 117, 'max_depth': 19, 'min_samples_split': 2, 'min_samples_leaf': 1, 'class_weight': 'balanced'}. Best is trial 32 with value: 0.8792270531400965.
2025-02-02 16:08:41,564 - INFO - Trial 92 finished with value: 0.8508771929824562 and parameters: {'n_estimators': 92, 'max_depth': 18, 'min_samples_split': 2, 'min_samples_leaf': 1, 'class_weight': 'balanced'}. Best is trial 32 with value: 0.8792270531400965.
2025-02-02 16:08:41,713 - INFO - Trial 93 finished with value: 0.7853566958698374 and parameters: {'n_estimators': 128, 'max_depth': 10, 'min_samples_split': 2, 'min_samples_leaf': 1, 'class_weight': 'balanced'}. Best is trial 32 with value: 0.8792270531400965.
2025-02-02 16:08:41,842 - INFO - Trial 94 finished with value: 0.7853566958698374 and parameters: {'n_estimators': 111, 'max_depth': 17, 'min_samples_split': 2, 'min_samples_leaf': 1, 'class_weight': 'balanced'}. Best is trial 32 with value: 0.8792270531400965.
2025-02-02 16:08:41,996 - INFO - Trial 95 finished with value: 0.8227272727272728 and parameters: {'n_estimators': 132, 'max_depth': 16, 'min_samples_split': 5, 'min_samples_leaf': 3, 'class_weight': 'balanced'}. Best is trial 32 with value: 0.8792270531400965.
2025-02-02 16:08:42,093 - INFO - Trial 96 finished with value: 0.846683354192741 and parameters: {'n_estimators': 81, 'max_depth': 20, 'min_samples_split': 3, 'min_samples_leaf': 1, 'class_weight': 'balanced'}. Best is trial 32 with value: 0.8792270531400965.
2025-02-02 16:08:42,355 - INFO - Trial 97 finished with value: 0.8508771929824562 and parameters: {'n_estimators': 241, 'max_depth': 11, 'min_samples_split': 2, 'min_samples_leaf': 2, 'class_weight': 'balanced'}. Best is trial 32 with value: 0.8792270531400965.
2025-02-02 16:08:42,468 - INFO - Trial 98 finished with value: 0.7912280701754386 and parameters: {'n_estimators': 86, 'max_depth': 9, 'min_samples_split': 8, 'min_samples_leaf': 1, 'class_weight': 'balanced'}. Best is trial 32 with value: 0.8792270531400965.
2025-02-02 16:08:42,682 - INFO - Trial 99 finished with value: 0.7122448979591838 and parameters: {'n_estimators': 202, 'max_depth': 14, 'min_samples_split': 4, 'min_samples_leaf': 2, 'class_weight': None}. Best is trial 32 with value: 0.8792270531400965.
2025-02-02 16:11:22,794 - INFO - A new study created in memory with name: no-name-c03adcf6-f79d-45dc-a3ac-4f41bd5ed0e1
2025-02-02 16:11:22,898 - INFO - Trial 0 finished with value: 0.8188405797101449 and parameters: {'n_estimators': 98, 'max_depth': 20, 'min_samples_split': 6, 'min_samples_leaf': 1, 'class_weight': None}. Best is trial 0 with value: 0.8188405797101449.
2025-02-02 16:11:22,998 - INFO - Trial 1 finished with value: 0.75 and parameters: {'n_estimators': 103, 'max_depth': 19, 'min_samples_split': 3, 'min_samples_leaf': 1, 'class_weight': None}. Best is trial 0 with value: 0.8188405797101449.
2025-02-02 16:11:23,195 - INFO - Trial 2 finished with value: 0.7853566958698374 and parameters: {'n_estimators': 182, 'max_depth': 16, 'min_samples_split': 5, 'min_samples_leaf': 4, 'class_weight': None}. Best is trial 0 with value: 0.8188405797101449.
2025-02-02 16:11:23,443 - INFO - Trial 3 finished with value: 0.8508771929824562 and parameters: {'n_estimators': 229, 'max_depth': 14, 'min_samples_split': 3, 'min_samples_leaf': 1, 'class_weight': 'balanced'}. Best is trial 3 with value: 0.8508771929824562.
2025-02-02 16:11:23,729 - INFO - Trial 4 finished with value: 0.8188405797101449 and parameters: {'n_estimators': 291, 'max_depth': 4, 'min_samples_split': 3, 'min_samples_leaf': 2, 'class_weight': None}. Best is trial 3 with value: 0.8508771929824562.
2025-02-02 16:11:23,868 - INFO - Trial 5 finished with value: 0.8508771929824562 and parameters: {'n_estimators': 134, 'max_depth': 9, 'min_samples_split': 4, 'min_samples_leaf': 1, 'class_weight': 'balanced'}. Best is trial 3 with value: 0.8508771929824562.
2025-02-02 16:11:23,945 - INFO - Trial 6 finished with value: 0.8188405797101449 and parameters: {'n_estimators': 75, 'max_depth': 11, 'min_samples_split': 4, 'min_samples_leaf': 2, 'class_weight': 'balanced'}. Best is trial 3 with value: 0.8508771929824562.
2025-02-02 16:11:24,147 - INFO - Trial 7 finished with value: 0.7853566958698374 and parameters: {'n_estimators': 192, 'max_depth': 20, 'min_samples_split': 7, 'min_samples_leaf': 4, 'class_weight': None}. Best is trial 3 with value: 0.8508771929824562.
2025-02-02 16:11:24,379 - INFO - Trial 8 finished with value: 0.7853566958698374 and parameters: {'n_estimators': 244, 'max_depth': 9, 'min_samples_split': 7, 'min_samples_leaf': 3, 'class_weight': None}. Best is trial 3 with value: 0.8508771929824562.
2025-02-02 16:11:24,605 - INFO - Trial 9 finished with value: 0.8508771929824562 and parameters: {'n_estimators': 246, 'max_depth': 20, 'min_samples_split': 9, 'min_samples_leaf': 2, 'class_weight': 'balanced'}. Best is trial 3 with value: 0.8508771929824562.
2025-02-02 16:11:24,835 - INFO - Trial 10 finished with value: 0.8508771929824562 and parameters: {'n_estimators': 234, 'max_depth': 15, 'min_samples_split': 2, 'min_samples_leaf': 3, 'class_weight': 'balanced'}. Best is trial 3 with value: 0.8508771929824562.
2025-02-02 16:11:24,978 - INFO - Trial 11 finished with value: 0.8188405797101449 and parameters: {'n_estimators': 136, 'max_depth': 8, 'min_samples_split': 2, 'min_samples_leaf': 1, 'class_weight': 'balanced'}. Best is trial 3 with value: 0.8508771929824562.
2025-02-02 16:11:25,132 - INFO - Trial 12 finished with value: 0.8188405797101449 and parameters: {'n_estimators': 145, 'max_depth': 14, 'min_samples_split': 4, 'min_samples_leaf': 1, 'class_weight': 'balanced'}. Best is trial 3 with value: 0.8508771929824562.
2025-02-02 16:11:25,339 - INFO - Trial 13 finished with value: 0.8508771929824562 and parameters: {'n_estimators': 205, 'max_depth': 4, 'min_samples_split': 5, 'min_samples_leaf': 1, 'class_weight': 'balanced'}. Best is trial 3 with value: 0.8508771929824562.
2025-02-02 16:11:25,495 - INFO - Trial 14 finished with value: 0.7853566958698374 and parameters: {'n_estimators': 152, 'max_depth': 7, 'min_samples_split': 4, 'min_samples_leaf': 2, 'class_weight': 'balanced'}. Best is trial 3 with value: 0.8508771929824562.
2025-02-02 16:11:25,789 - INFO - Trial 15 finished with value: 0.8508771929824562 and parameters: {'n_estimators': 294, 'max_depth': 12, 'min_samples_split': 10, 'min_samples_leaf': 1, 'class_weight': 'balanced'}. Best is trial 3 with value: 0.8508771929824562.
2025-02-02 16:11:25,862 - INFO - Trial 16 finished with value: 0.7945736434108528 and parameters: {'n_estimators': 59, 'max_depth': 11, 'min_samples_split': 3, 'min_samples_leaf': 3, 'class_weight': 'balanced'}. Best is trial 3 with value: 0.8508771929824562.
2025-02-02 16:11:26,110 - INFO - Trial 17 finished with value: 0.8188405797101449 and parameters: {'n_estimators': 217, 'max_depth': 17, 'min_samples_split': 6, 'min_samples_leaf': 2, 'class_weight': 'balanced'}. Best is trial 3 with value: 0.8508771929824562.
2025-02-02 16:11:26,277 - INFO - Trial 18 finished with value: 0.8508771929824562 and parameters: {'n_estimators': 161, 'max_depth': 13, 'min_samples_split': 5, 'min_samples_leaf': 1, 'class_weight': 'balanced'}. Best is trial 3 with value: 0.8508771929824562.
2025-02-02 16:11:26,402 - INFO - Trial 19 finished with value: 0.8188405797101449 and parameters: {'n_estimators': 118, 'max_depth': 9, 'min_samples_split': 2, 'min_samples_leaf': 2, 'class_weight': 'balanced'}. Best is trial 3 with value: 0.8508771929824562.
2025-02-02 16:11:26,667 - INFO - Trial 20 finished with value: 0.8508771929824562 and parameters: {'n_estimators': 266, 'max_depth': 7, 'min_samples_split': 8, 'min_samples_leaf': 1, 'class_weight': 'balanced'}. Best is trial 3 with value: 0.8508771929824562.
2025-02-02 16:11:26,926 - INFO - Trial 21 finished with value: 0.7945736434108528 and parameters: {'n_estimators': 267, 'max_depth': 18, 'min_samples_split': 10, 'min_samples_leaf': 2, 'class_weight': 'balanced'}. Best is trial 3 with value: 0.8508771929824562.
2025-02-02 16:11:27,164 - INFO - Trial 22 finished with value: 0.8508771929824562 and parameters: {'n_estimators': 225, 'max_depth': 16, 'min_samples_split': 8, 'min_samples_leaf': 2, 'class_weight': 'balanced'}. Best is trial 3 with value: 0.8508771929824562.
2025-02-02 16:11:27,414 - INFO - Trial 23 finished with value: 0.7662337662337663 and parameters: {'n_estimators': 253, 'max_depth': 6, 'min_samples_split': 9, 'min_samples_leaf': 1, 'class_weight': 'balanced'}. Best is trial 3 with value: 0.8508771929824562.
2025-02-02 16:11:27,589 - INFO - Trial 24 finished with value: 0.8508771929824562 and parameters: {'n_estimators': 171, 'max_depth': 10, 'min_samples_split': 4, 'min_samples_leaf': 3, 'class_weight': 'balanced'}. Best is trial 3 with value: 0.8508771929824562.
2025-02-02 16:11:27,792 - INFO - Trial 25 finished with value: 0.8508771929824562 and parameters: {'n_estimators': 201, 'max_depth': 12, 'min_samples_split': 9, 'min_samples_leaf': 2, 'class_weight': 'balanced'}. Best is trial 3 with value: 0.8508771929824562.
2025-02-02 16:11:28,067 - INFO - Trial 26 finished with value: 0.8188405797101449 and parameters: {'n_estimators': 274, 'max_depth': 14, 'min_samples_split': 3, 'min_samples_leaf': 1, 'class_weight': 'balanced'}. Best is trial 3 with value: 0.8508771929824562.
2025-02-02 16:11:28,204 - INFO - Trial 27 finished with value: 0.8508771929824562 and parameters: {'n_estimators': 127, 'max_depth': 18, 'min_samples_split': 6, 'min_samples_leaf': 1, 'class_weight': 'balanced'}. Best is trial 3 with value: 0.8508771929824562.
2025-02-02 16:11:28,420 - INFO - Trial 28 finished with value: 0.8227272727272728 and parameters: {'n_estimators': 215, 'max_depth': 6, 'min_samples_split': 5, 'min_samples_leaf': 2, 'class_weight': 'balanced'}. Best is trial 3 with value: 0.8508771929824562.
2025-02-02 16:11:28,524 - INFO - Trial 29 finished with value: 0.8188405797101449 and parameters: {'n_estimators': 92, 'max_depth': 13, 'min_samples_split': 7, 'min_samples_leaf': 1, 'class_weight': None}. Best is trial 3 with value: 0.8508771929824562.
2025-02-02 16:11:28,758 - INFO - Trial 30 finished with value: 0.8188405797101449 and parameters: {'n_estimators': 241, 'max_depth': 20, 'min_samples_split': 9, 'min_samples_leaf': 3, 'class_weight': 'balanced'}. Best is trial 3 with value: 0.8508771929824562.
2025-02-02 16:11:28,991 - INFO - Trial 31 finished with value: 0.8508771929824562 and parameters: {'n_estimators': 233, 'max_depth': 15, 'min_samples_split': 2, 'min_samples_leaf': 3, 'class_weight': 'balanced'}. Best is trial 3 with value: 0.8508771929824562.
