2024-12-10 15:09:44,410 - INFO - Trial 82 finished with value: 1.0 and parameters: {'n_estimators': 173, 'max_depth': 15, 'learning_rate': 0.0420798917704452, 'subsample': 0.84134948180999, 'colsample_bytree': 0.872987115214928, 'scale_pos_weight': 1.1808787724727572}. Best is trial 2 with value: 1.0.
2024-12-10 15:09:44,555 - INFO - Trial 83 finished with value: 1.0 and parameters: {'n_estimators': 194, 'max_depth': 17, 'learning_rate': 0.029395261475055702, 'subsample': 0.6218562721650237, 'colsample_bytree': 0.8032739595423375, 'scale_pos_weight': 1.3887993219309687}. Best is trial 2 with value: 1.0.
2024-12-10 15:09:44,700 - INFO - Trial 84 finished with value: 1.0 and parameters: {'n_estimators': 158, 'max_depth': 16, 'learning_rate': 0.017787538770977895, 'subsample': 0.8493173522067271, 'colsample_bytree': 0.8290130440444723, 'scale_pos_weight': 1.221760086673071}. Best is trial 2 with value: 1.0.
2024-12-10 15:09:44,864 - INFO - Trial 85 finished with value: 1.0 and parameters: {'n_estimators': 257, 'max_depth': 14, 'learning_rate': 0.050281603842206826, 'subsample': 0.8318029559983126, 'colsample_bytree': 0.9498011441274588, 'scale_pos_weight': 1.0254265307641701}. Best is trial 2 with value: 1.0.
2024-12-10 15:09:44,983 - INFO - Trial 86 finished with value: 1.0 and parameters: {'n_estimators': 145, 'max_depth': 18, 'learning_rate': 0.04105911899204173, 'subsample': 0.868971664486156, 'colsample_bytree': 0.7764241114650104, 'scale_pos_weight': 0.6380196884911185}. Best is trial 2 with value: 1.0.
2024-12-10 15:09:45,110 - INFO - Trial 87 finished with value: 0.9946251129177958 and parameters: {'n_estimators': 180, 'max_depth': 16, 'learning_rate': 0.05994254016329216, 'subsample': 0.5692482420818268, 'colsample_bytree': 0.8591436177866166, 'scale_pos_weight': 1.3127659961007352}. Best is trial 2 with value: 1.0.
2024-12-10 15:09:45,212 - INFO - Trial 88 finished with value: 0.9946251129177958 and parameters: {'n_estimators': 137, 'max_depth': 11, 'learning_rate': 0.07605147724963399, 'subsample': 0.550411491405814, 'colsample_bytree': 0.7226079626668266, 'scale_pos_weight': 1.151684657347344}. Best is trial 2 with value: 1.0.
2024-12-10 15:09:45,296 - INFO - Trial 89 finished with value: 1.0 and parameters: {'n_estimators': 87, 'max_depth': 15, 'learning_rate': 0.12431437989501343, 'subsample': 0.8141621381713249, 'colsample_bytree': 0.7580551852062966, 'scale_pos_weight': 0.7919868486631731}. Best is trial 2 with value: 1.0.
2024-12-10 15:09:45,401 - INFO - Trial 90 finished with value: 1.0 and parameters: {'n_estimators': 114, 'max_depth': 15, 'learning_rate': 0.03062533896539127, 'subsample': 0.9025374638031104, 'colsample_bytree': 0.7009560825918022, 'scale_pos_weight': 1.2443718074003955}. Best is trial 2 with value: 1.0.
2024-12-10 15:09:45,494 - INFO - Trial 91 finished with value: 1.0 and parameters: {'n_estimators': 95, 'max_depth': 17, 'learning_rate': 0.059868217804216924, 'subsample': 0.8872497264592577, 'colsample_bytree': 0.6619952038689109, 'scale_pos_weight': 1.1057878025464483}. Best is trial 2 with value: 1.0.
2024-12-10 15:09:45,608 - INFO - Trial 92 finished with value: 1.0 and parameters: {'n_estimators': 127, 'max_depth': 13, 'learning_rate': 0.06464574945046953, 'subsample': 0.9171086239219364, 'colsample_bytree': 0.9239976516415582, 'scale_pos_weight': 1.0642480940562493}. Best is trial 2 with value: 1.0.
2024-12-10 15:09:45,692 - INFO - Trial 93 finished with value: 1.0 and parameters: {'n_estimators': 73, 'max_depth': 15, 'learning_rate': 0.050876805225641475, 'subsample': 0.8664916178952811, 'colsample_bytree': 0.6647191375380042, 'scale_pos_weight': 0.8624818433016797}. Best is trial 2 with value: 1.0.
2024-12-10 15:09:45,779 - INFO - Trial 94 finished with value: 0.9946251129177958 and parameters: {'n_estimators': 105, 'max_depth': 14, 'learning_rate': 0.2993611286465227, 'subsample': 0.9412077388328339, 'colsample_bytree': 0.8209933023539469, 'scale_pos_weight': 1.0316716016558556}. Best is trial 2 with value: 1.0.
2024-12-10 15:09:45,854 - INFO - Trial 95 finished with value: 0.99013357619915 and parameters: {'n_estimators': 65, 'max_depth': 16, 'learning_rate': 0.03841637853381594, 'subsample': 0.5241015899597239, 'colsample_bytree': 0.6271083695497209, 'scale_pos_weight': 0.9282031731356516}. Best is trial 2 with value: 1.0.
2024-12-10 15:09:45,930 - INFO - Trial 96 finished with value: 0.99013357619915 and parameters: {'n_estimators': 57, 'max_depth': 12, 'learning_rate': 0.016007610959114633, 'subsample': 0.7795519119427062, 'colsample_bytree': 0.678637737204265, 'scale_pos_weight': 0.9615357953465885}. Best is trial 2 with value: 1.0.
2024-12-10 15:09:46,019 - INFO - Trial 97 finished with value: 0.9946251129177958 and parameters: {'n_estimators': 115, 'max_depth': 15, 'learning_rate': 0.288101562481817, 'subsample': 0.8557025215573154, 'colsample_bytree': 0.8394104315173603, 'scale_pos_weight': 0.7354150420841984}. Best is trial 2 with value: 1.0.
2024-12-10 15:09:46,119 - INFO - Trial 98 finished with value: 1.0 and parameters: {'n_estimators': 94, 'max_depth': 18, 'learning_rate': 0.025057396954617145, 'subsample': 0.8826762360109461, 'colsample_bytree': 0.7710740699523935, 'scale_pos_weight': 1.1590735684977949}. Best is trial 2 with value: 1.0.
2024-12-10 15:09:46,227 - INFO - Trial 99 finished with value: 0.9946251129177958 and parameters: {'n_estimators': 150, 'max_depth': 14, 'learning_rate': 0.1711019469027857, 'subsample': 0.8009510038388978, 'colsample_bytree': 0.89835421130888, 'scale_pos_weight': 1.6633858830176245}. Best is trial 2 with value: 1.0.
2024-12-10 15:31:40,910 - INFO - A new study created in memory with name: no-name-e61a08f2-a57a-4322-84ac-534e0c1fe49a
2024-12-10 15:31:41,172 - INFO - Trial 0 finished with value: 0.99013357619915 and parameters: {'n_estimators': 95, 'max_depth': 3, 'min_samples_split': 7, 'min_samples_leaf': 4, 'class_weight': None}. Best is trial 0 with value: 0.99013357619915.
2024-12-10 15:31:41,561 - INFO - Trial 1 finished with value: 1.0 and parameters: {'n_estimators': 186, 'max_depth': 16, 'min_samples_split': 8, 'min_samples_leaf': 1, 'class_weight': None}. Best is trial 1 with value: 1.0.
2024-12-10 15:31:41,770 - INFO - Trial 2 finished with value: 0.99013357619915 and parameters: {'n_estimators': 102, 'max_depth': 9, 'min_samples_split': 6, 'min_samples_leaf': 3, 'class_weight': 'balanced'}. Best is trial 1 with value: 1.0.
2024-12-10 15:31:41,927 - INFO - Trial 3 finished with value: 0.99013357619915 and parameters: {'n_estimators': 81, 'max_depth': 5, 'min_samples_split': 6, 'min_samples_leaf': 1, 'class_weight': None}. Best is trial 1 with value: 1.0.
2024-12-10 15:31:42,098 - INFO - Trial 4 finished with value: 0.99013357619915 and parameters: {'n_estimators': 63, 'max_depth': 9, 'min_samples_split': 7, 'min_samples_leaf': 1, 'class_weight': None}. Best is trial 1 with value: 1.0.
2024-12-10 15:31:42,637 - INFO - Trial 5 finished with value: 1.0 and parameters: {'n_estimators': 257, 'max_depth': 11, 'min_samples_split': 6, 'min_samples_leaf': 2, 'class_weight': 'balanced'}. Best is trial 1 with value: 1.0.
2024-12-10 15:31:42,861 - INFO - Trial 6 finished with value: 1.0 and parameters: {'n_estimators': 107, 'max_depth': 11, 'min_samples_split': 2, 'min_samples_leaf': 4, 'class_weight': 'balanced'}. Best is trial 1 with value: 1.0.
2024-12-10 15:31:43,194 - INFO - Trial 7 finished with value: 1.0 and parameters: {'n_estimators': 172, 'max_depth': 15, 'min_samples_split': 3, 'min_samples_leaf': 4, 'class_weight': 'balanced'}. Best is trial 1 with value: 1.0.
2024-12-10 15:31:43,513 - INFO - Trial 8 finished with value: 0.99013357619915 and parameters: {'n_estimators': 168, 'max_depth': 8, 'min_samples_split': 2, 'min_samples_leaf': 4, 'class_weight': 'balanced'}. Best is trial 1 with value: 1.0.
2024-12-10 15:31:43,892 - INFO - Trial 9 finished with value: 1.0 and parameters: {'n_estimators': 188, 'max_depth': 19, 'min_samples_split': 10, 'min_samples_leaf': 3, 'class_weight': None}. Best is trial 1 with value: 1.0.
2024-12-10 15:31:44,492 - INFO - Trial 10 finished with value: 1.0 and parameters: {'n_estimators': 298, 'max_depth': 16, 'min_samples_split': 10, 'min_samples_leaf': 2, 'class_weight': None}. Best is trial 1 with value: 1.0.
2024-12-10 15:31:45,036 - INFO - Trial 11 finished with value: 1.0 and parameters: {'n_estimators': 270, 'max_depth': 14, 'min_samples_split': 8, 'min_samples_leaf': 2, 'class_weight': 'balanced'}. Best is trial 1 with value: 1.0.
2024-12-10 15:31:45,591 - INFO - Trial 12 finished with value: 1.0 and parameters: {'n_estimators': 230, 'max_depth': 20, 'min_samples_split': 4, 'min_samples_leaf': 1, 'class_weight': 'balanced'}. Best is trial 1 with value: 1.0.
2024-12-10 15:31:46,045 - INFO - Trial 13 finished with value: 1.0 and parameters: {'n_estimators': 226, 'max_depth': 13, 'min_samples_split': 5, 'min_samples_leaf': 2, 'class_weight': None}. Best is trial 1 with value: 1.0.
2024-12-10 15:31:46,514 - INFO - Trial 14 finished with value: 1.0 and parameters: {'n_estimators': 227, 'max_depth': 17, 'min_samples_split': 8, 'min_samples_leaf': 1, 'class_weight': 'balanced'}. Best is trial 1 with value: 1.0.
2024-12-10 15:31:46,826 - INFO - Trial 15 finished with value: 1.0 and parameters: {'n_estimators': 148, 'max_depth': 12, 'min_samples_split': 9, 'min_samples_leaf': 2, 'class_weight': None}. Best is trial 1 with value: 1.0.
2024-12-10 15:31:47,329 - INFO - Trial 16 finished with value: 0.9949377571191965 and parameters: {'n_estimators': 254, 'max_depth': 11, 'min_samples_split': 5, 'min_samples_leaf': 3, 'class_weight': None}. Best is trial 1 with value: 1.0.
2024-12-10 15:31:47,732 - INFO - Trial 17 finished with value: 1.0 and parameters: {'n_estimators': 200, 'max_depth': 18, 'min_samples_split': 8, 'min_samples_leaf': 1, 'class_weight': 'balanced'}. Best is trial 1 with value: 1.0.
2024-12-10 15:31:48,026 - INFO - Trial 18 finished with value: 1.0 and parameters: {'n_estimators': 136, 'max_depth': 15, 'min_samples_split': 7, 'min_samples_leaf': 2, 'class_weight': None}. Best is trial 1 with value: 1.0.
2024-12-10 15:31:48,617 - INFO - Trial 19 finished with value: 0.99013357619915 and parameters: {'n_estimators': 289, 'max_depth': 7, 'min_samples_split': 5, 'min_samples_leaf': 1, 'class_weight': 'balanced'}. Best is trial 1 with value: 1.0.
2024-12-10 15:31:49,135 - INFO - Trial 20 finished with value: 1.0 and parameters: {'n_estimators': 254, 'max_depth': 13, 'min_samples_split': 9, 'min_samples_leaf': 2, 'class_weight': 'balanced'}. Best is trial 1 with value: 1.0.
2024-12-10 15:31:49,429 - INFO - Trial 21 finished with value: 1.0 and parameters: {'n_estimators': 140, 'max_depth': 11, 'min_samples_split': 2, 'min_samples_leaf': 3, 'class_weight': 'balanced'}. Best is trial 1 with value: 1.0.
2024-12-10 15:31:49,681 - INFO - Trial 22 finished with value: 1.0 and parameters: {'n_estimators': 121, 'max_depth': 10, 'min_samples_split': 3, 'min_samples_leaf': 3, 'class_weight': 'balanced'}. Best is trial 1 with value: 1.0.
2024-12-10 15:31:50,078 - INFO - Trial 23 finished with value: 0.99013357619915 and parameters: {'n_estimators': 206, 'max_depth': 6, 'min_samples_split': 4, 'min_samples_leaf': 4, 'class_weight': 'balanced'}. Best is trial 1 with value: 1.0.
2024-12-10 15:31:50,237 - INFO - Trial 24 finished with value: 1.0 and parameters: {'n_estimators': 56, 'max_depth': 12, 'min_samples_split': 9, 'min_samples_leaf': 2, 'class_weight': 'balanced'}. Best is trial 1 with value: 1.0.
2024-12-10 15:31:50,488 - INFO - Trial 25 finished with value: 0.9949377571191965 and parameters: {'n_estimators': 112, 'max_depth': 10, 'min_samples_split': 3, 'min_samples_leaf': 3, 'class_weight': 'balanced'}. Best is trial 1 with value: 1.0.
2024-12-10 15:31:50,966 - INFO - Trial 26 finished with value: 1.0 and parameters: {'n_estimators': 209, 'max_depth': 13, 'min_samples_split': 4, 'min_samples_leaf': 1, 'class_weight': None}. Best is trial 1 with value: 1.0.
2024-12-10 15:31:51,282 - INFO - Trial 27 finished with value: 1.0 and parameters: {'n_estimators': 151, 'max_depth': 17, 'min_samples_split': 7, 'min_samples_leaf': 4, 'class_weight': 'balanced'}. Best is trial 1 with value: 1.0.
2024-12-10 15:31:51,458 - INFO - Trial 28 finished with value: 1.0 and parameters: {'n_estimators': 77, 'max_depth': 15, 'min_samples_split': 6, 'min_samples_leaf': 2, 'class_weight': None}. Best is trial 1 with value: 1.0.
2024-12-10 15:31:51,929 - INFO - Trial 29 finished with value: 0.99013357619915 and parameters: {'n_estimators': 272, 'max_depth': 3, 'min_samples_split': 8, 'min_samples_leaf': 4, 'class_weight': None}. Best is trial 1 with value: 1.0.
2024-12-10 15:31:52,264 - INFO - Trial 30 finished with value: 1.0 and parameters: {'n_estimators': 159, 'max_depth': 10, 'min_samples_split': 2, 'min_samples_leaf': 1, 'class_weight': 'balanced'}. Best is trial 1 with value: 1.0.
2024-12-10 15:31:52,635 - INFO - Trial 31 finished with value: 1.0 and parameters: {'n_estimators': 177, 'max_depth': 15, 'min_samples_split': 3, 'min_samples_leaf': 4, 'class_weight': 'balanced'}. Best is trial 1 with value: 1.0.
2024-12-10 15:31:52,858 - INFO - Trial 32 finished with value: 1.0 and parameters: {'n_estimators': 98, 'max_depth': 14, 'min_samples_split': 3, 'min_samples_leaf': 4, 'class_weight': 'balanced'}. Best is trial 1 with value: 1.0.
2024-12-10 15:31:53,118 - INFO - Trial 33 finished with value: 1.0 and parameters: {'n_estimators': 122, 'max_depth': 17, 'min_samples_split': 2, 'min_samples_leaf': 4, 'class_weight': 'balanced'}. Best is trial 1 with value: 1.0.
2024-12-10 15:31:53,486 - INFO - Trial 34 finished with value: 0.99013357619915 and parameters: {'n_estimators': 182, 'max_depth': 8, 'min_samples_split': 6, 'min_samples_leaf': 3, 'class_weight': 'balanced'}. Best is trial 1 with value: 1.0.
2024-12-10 15:31:53,955 - INFO - Trial 35 finished with value: 0.9949377571191965 and parameters: {'n_estimators': 240, 'max_depth': 14, 'min_samples_split': 6, 'min_samples_leaf': 4, 'class_weight': 'balanced'}. Best is trial 1 with value: 1.0.
2024-12-10 15:31:54,157 - INFO - Trial 36 finished with value: 1.0 and parameters: {'n_estimators': 87, 'max_depth': 9, 'min_samples_split': 4, 'min_samples_leaf': 3, 'class_weight': None}. Best is trial 1 with value: 1.0.
2024-12-10 15:31:54,567 - INFO - Trial 37 finished with value: 0.9949377571191965 and parameters: {'n_estimators': 194, 'max_depth': 16, 'min_samples_split': 2, 'min_samples_leaf': 4, 'class_weight': 'balanced'}. Best is trial 1 with value: 1.0.
2024-12-10 15:31:54,919 - INFO - Trial 38 finished with value: 0.9949377571191965 and parameters: {'n_estimators': 166, 'max_depth': 12, 'min_samples_split': 5, 'min_samples_leaf': 4, 'class_weight': None}. Best is trial 1 with value: 1.0.
2024-12-10 15:31:55,395 - INFO - Trial 39 finished with value: 1.0 and parameters: {'n_estimators': 215, 'max_depth': 19, 'min_samples_split': 3, 'min_samples_leaf': 1, 'class_weight': 'balanced'}. Best is trial 1 with value: 1.0.
2024-12-10 15:31:55,554 - INFO - Trial 40 finished with value: 1.0 and parameters: {'n_estimators': 68, 'max_depth': 16, 'min_samples_split': 10, 'min_samples_leaf': 2, 'class_weight': 'balanced'}. Best is trial 1 with value: 1.0.
2024-12-10 15:31:55,925 - INFO - Trial 41 finished with value: 0.9949377571191965 and parameters: {'n_estimators': 187, 'max_depth': 18, 'min_samples_split': 10, 'min_samples_leaf': 3, 'class_weight': None}. Best is trial 1 with value: 1.0.
2024-12-10 15:31:56,283 - INFO - Trial 42 finished with value: 1.0 and parameters: {'n_estimators': 170, 'max_depth': 19, 'min_samples_split': 9, 'min_samples_leaf': 3, 'class_weight': None}. Best is trial 1 with value: 1.0.
2024-12-10 15:31:56,805 - INFO - Trial 43 finished with value: 1.0 and parameters: {'n_estimators': 247, 'max_depth': 20, 'min_samples_split': 8, 'min_samples_leaf': 3, 'class_weight': None}. Best is trial 1 with value: 1.0.
2024-12-10 15:31:57,344 - INFO - Trial 44 finished with value: 1.0 and parameters: {'n_estimators': 271, 'max_depth': 19, 'min_samples_split': 10, 'min_samples_leaf': 4, 'class_weight': None}. Best is trial 1 with value: 1.0.
2024-12-10 15:31:57,776 - INFO - Trial 45 finished with value: 1.0 and parameters: {'n_estimators': 216, 'max_depth': 18, 'min_samples_split': 7, 'min_samples_leaf': 2, 'class_weight': None}. Best is trial 1 with value: 1.0.
2024-12-10 15:31:58,106 - INFO - Trial 46 finished with value: 0.9949377571191965 and parameters: {'n_estimators': 154, 'max_depth': 14, 'min_samples_split': 7, 'min_samples_leaf': 4, 'class_weight': None}. Best is trial 1 with value: 1.0.
2024-12-10 15:31:58,390 - INFO - Trial 47 finished with value: 1.0 and parameters: {'n_estimators': 133, 'max_depth': 11, 'min_samples_split': 9, 'min_samples_leaf': 3, 'class_weight': None}. Best is trial 1 with value: 1.0.
2024-12-10 15:31:58,986 - INFO - Trial 48 finished with value: 0.9949377571191965 and parameters: {'n_estimators': 289, 'max_depth': 9, 'min_samples_split': 8, 'min_samples_leaf': 1, 'class_weight': 'balanced'}. Best is trial 1 with value: 1.0.
2024-12-10 15:31:59,399 - INFO - Trial 49 finished with value: 1.0 and parameters: {'n_estimators': 198, 'max_depth': 13, 'min_samples_split': 10, 'min_samples_leaf': 2, 'class_weight': None}. Best is trial 1 with value: 1.0.
2024-12-10 15:31:59,631 - INFO - Trial 50 finished with value: 1.0 and parameters: {'n_estimators': 108, 'max_depth': 20, 'min_samples_split': 2, 'min_samples_leaf': 3, 'class_weight': 'balanced'}. Best is trial 1 with value: 1.0.
2024-12-10 15:32:00,250 - INFO - Trial 51 finished with value: 1.0 and parameters: {'n_estimators': 297, 'max_depth': 16, 'min_samples_split': 9, 'min_samples_leaf': 2, 'class_weight': None}. Best is trial 1 with value: 1.0.
2024-12-10 15:32:00,756 - INFO - Trial 52 finished with value: 1.0 and parameters: {'n_estimators': 234, 'max_depth': 16, 'min_samples_split': 10, 'min_samples_leaf': 2, 'class_weight': None}. Best is trial 1 with value: 1.0.
2024-12-10 15:32:01,404 - INFO - Trial 53 finished with value: 1.0 and parameters: {'n_estimators': 259, 'max_depth': 17, 'min_samples_split': 9, 'min_samples_leaf': 2, 'class_weight': None}. Best is trial 1 with value: 1.0.
2024-12-10 15:32:01,950 - INFO - Trial 54 finished with value: 1.0 and parameters: {'n_estimators': 278, 'max_depth': 12, 'min_samples_split': 10, 'min_samples_leaf': 1, 'class_weight': None}. Best is trial 1 with value: 1.0.
2024-12-10 15:32:02,414 - INFO - Trial 55 finished with value: 1.0 and parameters: {'n_estimators': 222, 'max_depth': 15, 'min_samples_split': 5, 'min_samples_leaf': 2, 'class_weight': 'balanced'}. Best is trial 1 with value: 1.0.
2024-12-10 15:32:02,957 - INFO - Trial 56 finished with value: 1.0 and parameters: {'n_estimators': 259, 'max_depth': 11, 'min_samples_split': 8, 'min_samples_leaf': 1, 'class_weight': None}. Best is trial 1 with value: 1.0.
2024-12-10 15:32:03,562 - INFO - Trial 57 finished with value: 1.0 and parameters: {'n_estimators': 298, 'max_depth': 18, 'min_samples_split': 6, 'min_samples_leaf': 2, 'class_weight': 'balanced'}. Best is trial 1 with value: 1.0.
2024-12-10 15:32:04,132 - INFO - Trial 58 finished with value: 1.0 and parameters: {'n_estimators': 284, 'max_depth': 13, 'min_samples_split': 9, 'min_samples_leaf': 3, 'class_weight': None}. Best is trial 1 with value: 1.0.
2024-12-10 15:32:04,442 - INFO - Trial 59 finished with value: 1.0 and parameters: {'n_estimators': 143, 'max_depth': 15, 'min_samples_split': 4, 'min_samples_leaf': 2, 'class_weight': 'balanced'}. Best is trial 1 with value: 1.0.
2024-12-10 15:32:04,708 - INFO - Trial 60 finished with value: 1.0 and parameters: {'n_estimators': 127, 'max_depth': 14, 'min_samples_split': 8, 'min_samples_leaf': 4, 'class_weight': 'balanced'}. Best is trial 1 with value: 1.0.
2024-12-10 15:32:05,263 - INFO - Trial 61 finished with value: 1.0 and parameters: {'n_estimators': 270, 'max_depth': 10, 'min_samples_split': 3, 'min_samples_leaf': 2, 'class_weight': 'balanced'}. Best is trial 1 with value: 1.0.
2024-12-10 15:32:05,654 - INFO - Trial 62 finished with value: 1.0 and parameters: {'n_estimators': 187, 'max_depth': 17, 'min_samples_split': 10, 'min_samples_leaf': 2, 'class_weight': 'balanced'}. Best is trial 1 with value: 1.0.
2024-12-10 15:32:06,187 - INFO - Trial 63 finished with value: 1.0 and parameters: {'n_estimators': 263, 'max_depth': 12, 'min_samples_split': 7, 'min_samples_leaf': 2, 'class_weight': 'balanced'}. Best is trial 1 with value: 1.0.
2024-12-10 15:32:06,694 - INFO - Trial 64 finished with value: 1.0 and parameters: {'n_estimators': 245, 'max_depth': 13, 'min_samples_split': 8, 'min_samples_leaf': 1, 'class_weight': 'balanced'}. Best is trial 1 with value: 1.0.
2024-12-10 15:32:06,831 - INFO - Trial 65 finished with value: 1.0 and parameters: {'n_estimators': 50, 'max_depth': 14, 'min_samples_split': 2, 'min_samples_leaf': 2, 'class_weight': 'balanced'}. Best is trial 1 with value: 1.0.
2024-12-10 15:32:07,171 - INFO - Trial 66 finished with value: 0.9949377571191965 and parameters: {'n_estimators': 161, 'max_depth': 16, 'min_samples_split': 9, 'min_samples_leaf': 4, 'class_weight': 'balanced'}. Best is trial 1 with value: 1.0.
2024-12-10 15:32:07,741 - INFO - Trial 67 finished with value: 1.0 and parameters: {'n_estimators': 288, 'max_depth': 15, 'min_samples_split': 7, 'min_samples_leaf': 3, 'class_weight': None}. Best is trial 1 with value: 1.0.
2024-12-10 15:32:07,935 - INFO - Trial 68 finished with value: 0.99013357619915 and parameters: {'n_estimators': 88, 'max_depth': 8, 'min_samples_split': 5, 'min_samples_leaf': 2, 'class_weight': 'balanced'}. Best is trial 1 with value: 1.0.
2024-12-10 15:32:08,522 - INFO - Trial 69 finished with value: 1.0 and parameters: {'n_estimators': 300, 'max_depth': 11, 'min_samples_split': 10, 'min_samples_leaf': 4, 'class_weight': None}. Best is trial 1 with value: 1.0.
