2025-02-02 14:17:39,084 - INFO - Trial 10 finished with value: 0.8508771929824562 and parameters: {'n_estimators': 146, 'max_depth': 3, 'learning_rate': 0.022604810637234466, 'subsample': 0.5024366916756751}. Best is trial 10 with value: 0.8508771929824562.
2025-02-02 14:17:39,171 - INFO - Trial 11 finished with value: 0.8508771929824562 and parameters: {'n_estimators': 139, 'max_depth': 3, 'learning_rate': 0.019524700891390936, 'subsample': 0.5058625606758524}. Best is trial 10 with value: 0.8508771929824562.
2025-02-02 14:17:39,267 - INFO - Trial 12 finished with value: 0.8227272727272728 and parameters: {'n_estimators': 149, 'max_depth': 3, 'learning_rate': 0.014472752849011818, 'subsample': 0.5010993003403909}. Best is trial 10 with value: 0.8508771929824562.
2025-02-02 14:17:39,358 - INFO - Trial 13 finished with value: 0.8508771929824562 and parameters: {'n_estimators': 147, 'max_depth': 4, 'learning_rate': 0.02708586052339073, 'subsample': 0.5002299578886142}. Best is trial 10 with value: 0.8508771929824562.
2025-02-02 14:17:39,454 - INFO - Trial 14 finished with value: 0.8188405797101449 and parameters: {'n_estimators': 133, 'max_depth': 7, 'learning_rate': 0.02556969632133993, 'subsample': 0.5656268948465285}. Best is trial 10 with value: 0.8508771929824562.
2025-02-02 14:17:39,540 - INFO - Trial 15 finished with value: 0.8188405797101449 and parameters: {'n_estimators': 134, 'max_depth': 4, 'learning_rate': 0.025262443055024255, 'subsample': 0.8604205941554879}. Best is trial 10 with value: 0.8508771929824562.
2025-02-02 14:17:39,625 - INFO - Trial 16 finished with value: 0.8188405797101449 and parameters: {'n_estimators': 132, 'max_depth': 7, 'learning_rate': 0.030775075132020418, 'subsample': 0.5777323210599131}. Best is trial 10 with value: 0.8508771929824562.
2025-02-02 14:17:39,701 - INFO - Trial 17 finished with value: 0.7853566958698374 and parameters: {'n_estimators': 81, 'max_depth': 5, 'learning_rate': 0.010612968887419303, 'subsample': 0.9866990344817379}. Best is trial 10 with value: 0.8508771929824562.
2025-02-02 14:17:39,769 - INFO - Trial 18 finished with value: 0.8188405797101449 and parameters: {'n_estimators': 89, 'max_depth': 3, 'learning_rate': 0.0627511585703052, 'subsample': 0.5598914810153536}. Best is trial 10 with value: 0.8508771929824562.
2025-02-02 14:17:39,857 - INFO - Trial 19 finished with value: 0.8508771929824562 and parameters: {'n_estimators': 140, 'max_depth': 8, 'learning_rate': 0.01785811686502533, 'subsample': 0.534051784706969}. Best is trial 10 with value: 0.8508771929824562.
2025-02-02 14:17:39,930 - INFO - Trial 20 finished with value: 0.8188405797101449 and parameters: {'n_estimators': 95, 'max_depth': 4, 'learning_rate': 0.03454533928349943, 'subsample': 0.8376078358439492}. Best is trial 10 with value: 0.8508771929824562.
2025-02-02 14:17:40,018 - INFO - Trial 21 finished with value: 0.8508771929824562 and parameters: {'n_estimators': 150, 'max_depth': 4, 'learning_rate': 0.023154294602568664, 'subsample': 0.5269890751588713}. Best is trial 10 with value: 0.8508771929824562.
2025-02-02 14:17:40,107 - INFO - Trial 22 finished with value: 0.8508771929824562 and parameters: {'n_estimators': 144, 'max_depth': 3, 'learning_rate': 0.02137793794481644, 'subsample': 0.6086176208931029}. Best is trial 10 with value: 0.8508771929824562.
2025-02-02 14:17:40,194 - INFO - Trial 23 finished with value: 0.8508771929824562 and parameters: {'n_estimators': 127, 'max_depth': 4, 'learning_rate': 0.031129290512670785, 'subsample': 0.502755389997628}. Best is trial 10 with value: 0.8508771929824562.
2025-02-02 14:17:40,282 - INFO - Trial 24 finished with value: 0.8188405797101449 and parameters: {'n_estimators': 139, 'max_depth': 5, 'learning_rate': 0.04042355973560589, 'subsample': 0.5985619513043094}. Best is trial 10 with value: 0.8508771929824562.
2025-02-02 14:17:40,372 - INFO - Trial 25 finished with value: 0.8188405797101449 and parameters: {'n_estimators': 126, 'max_depth': 3, 'learning_rate': 0.04782870396379863, 'subsample': 0.6768879478965878}. Best is trial 10 with value: 0.8508771929824562.
2025-02-02 14:17:40,473 - INFO - Trial 26 finished with value: 0.8188405797101449 and parameters: {'n_estimators': 144, 'max_depth': 4, 'learning_rate': 0.03164694828458807, 'subsample': 0.5468782587104448}. Best is trial 10 with value: 0.8508771929824562.
2025-02-02 14:17:40,561 - INFO - Trial 27 finished with value: 0.8188405797101449 and parameters: {'n_estimators': 125, 'max_depth': 6, 'learning_rate': 0.018388557209508195, 'subsample': 0.5005466830355242}. Best is trial 10 with value: 0.8508771929824562.
2025-02-02 14:17:40,654 - INFO - Trial 28 finished with value: 0.8188405797101449 and parameters: {'n_estimators': 150, 'max_depth': 3, 'learning_rate': 0.06799442577946846, 'subsample': 0.5850150653620261}. Best is trial 10 with value: 0.8508771929824562.
2025-02-02 14:17:40,731 - INFO - Trial 29 finished with value: 0.8188405797101449 and parameters: {'n_estimators': 105, 'max_depth': 3, 'learning_rate': 0.037202491936408066, 'subsample': 0.6701895483627966}. Best is trial 10 with value: 0.8508771929824562.
2025-02-02 14:17:40,820 - INFO - Trial 30 finished with value: 0.8188405797101449 and parameters: {'n_estimators': 140, 'max_depth': 5, 'learning_rate': 0.02802264553862345, 'subsample': 0.8203008466053099}. Best is trial 10 with value: 0.8508771929824562.
2025-02-02 14:17:40,906 - INFO - Trial 31 finished with value: 0.8508771929824562 and parameters: {'n_estimators': 139, 'max_depth': 8, 'learning_rate': 0.016771305705083096, 'subsample': 0.5268931352001528}. Best is trial 10 with value: 0.8508771929824562.
2025-02-02 14:17:40,999 - INFO - Trial 32 finished with value: 0.8188405797101449 and parameters: {'n_estimators': 143, 'max_depth': 8, 'learning_rate': 0.01907067120589217, 'subsample': 0.5450549569698672}. Best is trial 10 with value: 0.8508771929824562.
2025-02-02 14:17:41,099 - INFO - Trial 33 finished with value: 0.8188405797101449 and parameters: {'n_estimators': 135, 'max_depth': 8, 'learning_rate': 0.019800202771587228, 'subsample': 0.5316137572816353}. Best is trial 10 with value: 0.8508771929824562.
2025-02-02 14:17:41,200 - INFO - Trial 34 finished with value: 0.8508771929824562 and parameters: {'n_estimators': 128, 'max_depth': 7, 'learning_rate': 0.010310484881935308, 'subsample': 0.5247914628631025}. Best is trial 10 with value: 0.8508771929824562.
2025-02-02 14:17:41,299 - INFO - Trial 35 finished with value: 0.8188405797101449 and parameters: {'n_estimators': 145, 'max_depth': 4, 'learning_rate': 0.04441257148268472, 'subsample': 0.5682857365647832}. Best is trial 10 with value: 0.8508771929824562.
2025-02-02 14:17:41,395 - INFO - Trial 36 finished with value: 0.8188405797101449 and parameters: {'n_estimators': 122, 'max_depth': 9, 'learning_rate': 0.024956389800071057, 'subsample': 0.6201372344754761}. Best is trial 10 with value: 0.8508771929824562.
2025-02-02 14:17:41,494 - INFO - Trial 37 finished with value: 0.8188405797101449 and parameters: {'n_estimators': 137, 'max_depth': 6, 'learning_rate': 0.015586844112198291, 'subsample': 0.6920115241851585}. Best is trial 10 with value: 0.8508771929824562.
2025-02-02 14:17:41,584 - INFO - Trial 38 finished with value: 0.8188405797101449 and parameters: {'n_estimators': 115, 'max_depth': 10, 'learning_rate': 0.04970899213724769, 'subsample': 0.7980137691606827}. Best is trial 10 with value: 0.8508771929824562.
2025-02-02 14:17:41,669 - INFO - Trial 39 finished with value: 0.8188405797101449 and parameters: {'n_estimators': 131, 'max_depth': 4, 'learning_rate': 0.03875382134427566, 'subsample': 0.6400120850664248}. Best is trial 10 with value: 0.8508771929824562.
2025-02-02 14:17:41,754 - INFO - Trial 40 finished with value: 0.8188405797101449 and parameters: {'n_estimators': 107, 'max_depth': 3, 'learning_rate': 0.058081617940679835, 'subsample': 0.5917118480302627}. Best is trial 10 with value: 0.8508771929824562.
2025-02-02 14:17:41,856 - INFO - Trial 41 finished with value: 0.8508771929824562 and parameters: {'n_estimators': 150, 'max_depth': 5, 'learning_rate': 0.022886200062222768, 'subsample': 0.525927031141544}. Best is trial 10 with value: 0.8508771929824562.
2025-02-02 14:17:41,954 - INFO - Trial 42 finished with value: 0.8508771929824562 and parameters: {'n_estimators': 146, 'max_depth': 4, 'learning_rate': 0.026762136422099014, 'subsample': 0.5005901338756876}. Best is trial 10 with value: 0.8508771929824562.
2025-02-02 14:17:42,056 - INFO - Trial 43 finished with value: 0.8188405797101449 and parameters: {'n_estimators': 141, 'max_depth': 4, 'learning_rate': 0.014846808710145728, 'subsample': 0.5512095319197802}. Best is trial 10 with value: 0.8508771929824562.
2025-02-02 14:17:42,122 - INFO - Trial 44 finished with value: 0.7912280701754386 and parameters: {'n_estimators': 58, 'max_depth': 3, 'learning_rate': 0.021923054470160765, 'subsample': 0.5234498387402083}. Best is trial 10 with value: 0.8508771929824562.
2025-02-02 14:17:42,213 - INFO - Trial 45 finished with value: 0.8188405797101449 and parameters: {'n_estimators': 150, 'max_depth': 5, 'learning_rate': 0.034248238651199234, 'subsample': 0.5482132622326451}. Best is trial 10 with value: 0.8508771929824562.
2025-02-02 14:17:42,307 - INFO - Trial 46 finished with value: 0.8188405797101449 and parameters: {'n_estimators': 147, 'max_depth': 4, 'learning_rate': 0.0289783006590686, 'subsample': 0.9238403472773076}. Best is trial 10 with value: 0.8508771929824562.
2025-02-02 14:17:42,401 - INFO - Trial 47 finished with value: 0.8508771929824562 and parameters: {'n_estimators': 136, 'max_depth': 6, 'learning_rate': 0.07861392843242217, 'subsample': 0.5683115868514385}. Best is trial 10 with value: 0.8508771929824562.
2025-02-02 14:17:42,497 - INFO - Trial 48 finished with value: 0.8508771929824562 and parameters: {'n_estimators': 130, 'max_depth': 3, 'learning_rate': 0.012546270142278014, 'subsample': 0.5232336373036611}. Best is trial 10 with value: 0.8508771929824562.
2025-02-02 14:17:42,601 - INFO - Trial 49 finished with value: 0.8188405797101449 and parameters: {'n_estimators': 119, 'max_depth': 7, 'learning_rate': 0.023619232234361905, 'subsample': 0.6214449347767419}. Best is trial 10 with value: 0.8508771929824562.
2025-02-02 14:17:42,712 - INFO - Trial 50 finished with value: 0.8188405797101449 and parameters: {'n_estimators': 142, 'max_depth': 9, 'learning_rate': 0.04202693415950415, 'subsample': 0.7675406525385208}. Best is trial 10 with value: 0.8508771929824562.
2025-02-02 14:17:42,818 - INFO - Trial 51 finished with value: 0.8508771929824562 and parameters: {'n_estimators': 145, 'max_depth': 3, 'learning_rate': 0.020749367751892813, 'subsample': 0.6040895275902588}. Best is trial 10 with value: 0.8508771929824562.
2025-02-02 14:17:42,916 - INFO - Trial 52 finished with value: 0.8188405797101449 and parameters: {'n_estimators': 136, 'max_depth': 3, 'learning_rate': 0.03481665418319793, 'subsample': 0.5128998873313442}. Best is trial 10 with value: 0.8508771929824562.
2025-02-02 14:17:43,014 - INFO - Trial 53 finished with value: 0.8188405797101449 and parameters: {'n_estimators': 142, 'max_depth': 4, 'learning_rate': 0.0171324274194389, 'subsample': 0.5508985215065658}. Best is trial 10 with value: 0.8508771929824562.
2025-02-02 14:17:43,121 - INFO - Trial 54 finished with value: 0.8188405797101449 and parameters: {'n_estimators': 147, 'max_depth': 3, 'learning_rate': 0.028111213454669097, 'subsample': 0.5775954255007882}. Best is trial 10 with value: 0.8508771929824562.
2025-02-02 14:17:43,217 - INFO - Trial 55 finished with value: 0.8188405797101449 and parameters: {'n_estimators': 134, 'max_depth': 4, 'learning_rate': 0.013102074213605788, 'subsample': 0.5370277691830586}. Best is trial 10 with value: 0.8508771929824562.
2025-02-02 14:17:43,305 - INFO - Trial 56 finished with value: 0.8508771929824562 and parameters: {'n_estimators': 139, 'max_depth': 3, 'learning_rate': 0.02197698080106935, 'subsample': 0.5109246827678068}. Best is trial 10 with value: 0.8508771929824562.
2025-02-02 14:17:43,375 - INFO - Trial 57 finished with value: 0.8508771929824562 and parameters: {'n_estimators': 77, 'max_depth': 3, 'learning_rate': 0.032229131574085114, 'subsample': 0.6017525708355871}. Best is trial 10 with value: 0.8508771929824562.
2025-02-02 14:17:43,456 - INFO - Trial 58 finished with value: 0.8508771929824562 and parameters: {'n_estimators': 123, 'max_depth': 4, 'learning_rate': 0.09892280647939736, 'subsample': 0.5624854520479885}. Best is trial 10 with value: 0.8508771929824562.
2025-02-02 14:17:43,545 - INFO - Trial 59 finished with value: 0.8508771929824562 and parameters: {'n_estimators': 147, 'max_depth': 5, 'learning_rate': 0.024747752551249058, 'subsample': 0.500269580818517}. Best is trial 10 with value: 0.8508771929824562.
2025-02-02 14:17:43,623 - INFO - Trial 60 finished with value: 0.7912280701754386 and parameters: {'n_estimators': 97, 'max_depth': 8, 'learning_rate': 0.019148560062088975, 'subsample': 0.5388757282830472}. Best is trial 10 with value: 0.8508771929824562.
2025-02-02 14:17:43,708 - INFO - Trial 61 finished with value: 0.8508771929824562 and parameters: {'n_estimators': 129, 'max_depth': 4, 'learning_rate': 0.02850906464826472, 'subsample': 0.5087444173276612}. Best is trial 10 with value: 0.8508771929824562.
2025-02-02 14:17:43,794 - INFO - Trial 62 finished with value: 0.8508771929824562 and parameters: {'n_estimators': 143, 'max_depth': 3, 'learning_rate': 0.030840773204944986, 'subsample': 0.5156337034943514}. Best is trial 10 with value: 0.8508771929824562.
2025-02-02 14:17:43,884 - INFO - Trial 63 finished with value: 0.8188405797101449 and parameters: {'n_estimators': 138, 'max_depth': 5, 'learning_rate': 0.016383388501021015, 'subsample': 0.5402492236084725}. Best is trial 10 with value: 0.8508771929824562.
2025-02-02 14:17:43,972 - INFO - Trial 64 finished with value: 0.8188405797101449 and parameters: {'n_estimators': 148, 'max_depth': 4, 'learning_rate': 0.03617278317588973, 'subsample': 0.5805388050178583}. Best is trial 10 with value: 0.8508771929824562.
2025-02-02 14:17:44,056 - INFO - Trial 65 finished with value: 0.8188405797101449 and parameters: {'n_estimators': 133, 'max_depth': 3, 'learning_rate': 0.026118740606480374, 'subsample': 0.7041034343417435}. Best is trial 10 with value: 0.8508771929824562.
2025-02-02 14:17:44,147 - INFO - Trial 66 finished with value: 0.8188405797101449 and parameters: {'n_estimators': 141, 'max_depth': 4, 'learning_rate': 0.020233798617601575, 'subsample': 0.5564123267131541}. Best is trial 10 with value: 0.8508771929824562.
2025-02-02 14:17:44,236 - INFO - Trial 67 finished with value: 0.8508771929824562 and parameters: {'n_estimators': 126, 'max_depth': 9, 'learning_rate': 0.011291676842808074, 'subsample': 0.5339091470828828}. Best is trial 10 with value: 0.8508771929824562.
2025-02-02 14:17:44,324 - INFO - Trial 68 finished with value: 0.8508771929824562 and parameters: {'n_estimators': 144, 'max_depth': 4, 'learning_rate': 0.03327506971748458, 'subsample': 0.5106155717084915}. Best is trial 10 with value: 0.8508771929824562.
2025-02-02 14:17:44,418 - INFO - Trial 69 finished with value: 0.8508771929824562 and parameters: {'n_estimators': 150, 'max_depth': 6, 'learning_rate': 0.014481573887147579, 'subsample': 0.651851633286511}. Best is trial 10 with value: 0.8508771929824562.
2025-02-02 14:17:44,502 - INFO - Trial 70 finished with value: 0.8188405797101449 and parameters: {'n_estimators': 138, 'max_depth': 3, 'learning_rate': 0.02290107337108151, 'subsample': 0.5725517452142258}. Best is trial 10 with value: 0.8508771929824562.
2025-02-02 14:17:44,589 - INFO - Trial 71 finished with value: 0.8508771929824562 and parameters: {'n_estimators': 133, 'max_depth': 8, 'learning_rate': 0.017580434099912872, 'subsample': 0.5272416754331836}. Best is trial 10 with value: 0.8508771929824562.
2025-02-02 14:17:44,664 - INFO - Trial 72 finished with value: 0.8508771929824562 and parameters: {'n_estimators': 87, 'max_depth': 8, 'learning_rate': 0.010107691143012161, 'subsample': 0.5213861645295735}. Best is trial 10 with value: 0.8508771929824562.
2025-02-02 14:17:44,754 - INFO - Trial 73 finished with value: 0.8508771929824562 and parameters: {'n_estimators': 140, 'max_depth': 8, 'learning_rate': 0.01704385151477094, 'subsample': 0.5565451669404444}. Best is trial 10 with value: 0.8508771929824562.
2025-02-02 14:17:44,843 - INFO - Trial 74 finished with value: 0.8508771929824562 and parameters: {'n_estimators': 145, 'max_depth': 7, 'learning_rate': 0.029879465320964586, 'subsample': 0.5013874110717039}. Best is trial 10 with value: 0.8508771929824562.
2025-02-02 14:17:44,930 - INFO - Trial 75 finished with value: 0.8508771929824562 and parameters: {'n_estimators': 138, 'max_depth': 10, 'learning_rate': 0.026751111120579228, 'subsample': 0.5385689027206543}. Best is trial 10 with value: 0.8508771929824562.
2025-02-02 14:17:45,016 - INFO - Trial 76 finished with value: 0.8508771929824562 and parameters: {'n_estimators': 147, 'max_depth': 3, 'learning_rate': 0.02006782656550055, 'subsample': 0.5231838559331377}. Best is trial 10 with value: 0.8508771929824562.
2025-02-02 14:17:45,106 - INFO - Trial 77 finished with value: 0.8508771929824562 and parameters: {'n_estimators': 143, 'max_depth': 5, 'learning_rate': 0.014252176995618256, 'subsample': 0.5905914234032787}. Best is trial 10 with value: 0.8508771929824562.
2025-02-02 14:17:45,193 - INFO - Trial 78 finished with value: 0.8188405797101449 and parameters: {'n_estimators': 128, 'max_depth': 7, 'learning_rate': 0.02441774992060423, 'subsample': 0.6136900189108323}. Best is trial 10 with value: 0.8508771929824562.
2025-02-02 14:17:45,281 - INFO - Trial 79 finished with value: 0.8188405797101449 and parameters: {'n_estimators': 119, 'max_depth': 9, 'learning_rate': 0.021870728727940537, 'subsample': 0.9033418731948443}. Best is trial 10 with value: 0.8508771929824562.
2025-02-02 14:17:45,358 - INFO - Trial 80 finished with value: 0.8188405797101449 and parameters: {'n_estimators': 111, 'max_depth': 3, 'learning_rate': 0.054855290234577414, 'subsample': 0.5162074873431294}. Best is trial 10 with value: 0.8508771929824562.
2025-02-02 14:17:45,444 - INFO - Trial 81 finished with value: 0.8508771929824562 and parameters: {'n_estimators': 131, 'max_depth': 7, 'learning_rate': 0.012956449177157133, 'subsample': 0.5313622854144644}. Best is trial 10 with value: 0.8508771929824562.
2025-02-02 14:17:45,530 - INFO - Trial 82 finished with value: 0.8508771929824562 and parameters: {'n_estimators': 135, 'max_depth': 8, 'learning_rate': 0.015830502781719234, 'subsample': 0.5000695848620448}. Best is trial 10 with value: 0.8508771929824562.
2025-02-02 14:17:45,621 - INFO - Trial 83 finished with value: 0.8188405797101449 and parameters: {'n_estimators': 140, 'max_depth': 6, 'learning_rate': 0.01883421843443915, 'subsample': 0.5539907141675847}. Best is trial 10 with value: 0.8508771929824562.
2025-02-02 14:17:45,706 - INFO - Trial 84 finished with value: 0.8188405797101449 and parameters: {'n_estimators': 150, 'max_depth': 8, 'learning_rate': 0.09527681964641348, 'subsample': 0.5662151453650947}. Best is trial 10 with value: 0.8508771929824562.
2025-02-02 14:17:45,797 - INFO - Trial 85 finished with value: 0.8508771929824562 and parameters: {'n_estimators': 122, 'max_depth': 7, 'learning_rate': 0.010606287073525164, 'subsample': 0.5177576989533409}. Best is trial 10 with value: 0.8508771929824562.
2025-02-02 14:17:45,881 - INFO - Trial 86 finished with value: 0.8188405797101449 and parameters: {'n_estimators': 128, 'max_depth': 7, 'learning_rate': 0.08362211249602744, 'subsample': 0.544955519823628}. Best is trial 10 with value: 0.8508771929824562.
2025-02-02 14:17:45,976 - INFO - Trial 87 finished with value: 0.8188405797101449 and parameters: {'n_estimators': 145, 'max_depth': 4, 'learning_rate': 0.024211698647150157, 'subsample': 0.9941770669049421}. Best is trial 10 with value: 0.8508771929824562.
2025-02-02 14:17:46,064 - INFO - Trial 88 finished with value: 0.8188405797101449 and parameters: {'n_estimators': 135, 'max_depth': 4, 'learning_rate': 0.01779080663008683, 'subsample': 0.5276673441487472}. Best is trial 10 with value: 0.8508771929824562.
2025-02-02 14:17:46,130 - INFO - Trial 89 finished with value: 0.8508771929824562 and parameters: {'n_estimators': 65, 'max_depth': 8, 'learning_rate': 0.02087674055375483, 'subsample': 0.5114365642382778}. Best is trial 10 with value: 0.8508771929824562.
2025-02-02 14:17:46,218 - INFO - Trial 90 finished with value: 0.8508771929824562 and parameters: {'n_estimators': 142, 'max_depth': 3, 'learning_rate': 0.026779352968758236, 'subsample': 0.5415376638456878}. Best is trial 10 with value: 0.8508771929824562.
2025-02-02 14:17:46,310 - INFO - Trial 91 finished with value: 0.8508771929824562 and parameters: {'n_estimators': 150, 'max_depth': 5, 'learning_rate': 0.02253500069333653, 'subsample': 0.5261414512077406}. Best is trial 10 with value: 0.8508771929824562.
2025-02-02 14:17:46,404 - INFO - Trial 92 finished with value: 0.8508771929824562 and parameters: {'n_estimators': 148, 'max_depth': 5, 'learning_rate': 0.013299416344493425, 'subsample': 0.5088485874686693}. Best is trial 10 with value: 0.8508771929824562.
2025-02-02 14:17:46,500 - INFO - Trial 93 finished with value: 0.8508771929824562 and parameters: {'n_estimators': 146, 'max_depth': 6, 'learning_rate': 0.030009767132321858, 'subsample': 0.5328046569501632}. Best is trial 10 with value: 0.8508771929824562.
2025-02-02 14:17:46,594 - INFO - Trial 94 finished with value: 0.8188405797101449 and parameters: {'n_estimators': 143, 'max_depth': 4, 'learning_rate': 0.016303957425219673, 'subsample': 0.7530110765214524}. Best is trial 10 with value: 0.8508771929824562.
