2025-02-02 15:33:16,517 - INFO - Trial 42 finished with value: 0.8188405797101449 and parameters: {'n_estimators': 251, 'max_depth': 17, 'min_samples_split': 3, 'min_samples_leaf': 2, 'class_weight': 'balanced'}. Best is trial 19 with value: 0.8508771929824562.
2025-02-02 15:33:16,721 - INFO - Trial 43 finished with value: 0.8188405797101449 and parameters: {'n_estimators': 272, 'max_depth': 16, 'min_samples_split': 2, 'min_samples_leaf': 2, 'class_weight': 'balanced'}. Best is trial 19 with value: 0.8508771929824562.
2025-02-02 15:33:16,871 - INFO - Trial 44 finished with value: 0.8188405797101449 and parameters: {'n_estimators': 196, 'max_depth': 12, 'min_samples_split': 2, 'min_samples_leaf': 2, 'class_weight': 'balanced'}. Best is trial 19 with value: 0.8508771929824562.
2025-02-02 15:33:17,051 - INFO - Trial 45 finished with value: 0.8508771929824562 and parameters: {'n_estimators': 240, 'max_depth': 19, 'min_samples_split': 5, 'min_samples_leaf': 3, 'class_weight': 'balanced'}. Best is trial 19 with value: 0.8508771929824562.
2025-02-02 15:33:17,217 - INFO - Trial 46 finished with value: 0.7853566958698374 and parameters: {'n_estimators': 216, 'max_depth': 18, 'min_samples_split': 3, 'min_samples_leaf': 2, 'class_weight': None}. Best is trial 19 with value: 0.8508771929824562.
2025-02-02 15:33:17,425 - INFO - Trial 47 finished with value: 0.8508771929824562 and parameters: {'n_estimators': 277, 'max_depth': 10, 'min_samples_split': 6, 'min_samples_leaf': 2, 'class_weight': 'balanced'}. Best is trial 19 with value: 0.8508771929824562.
2025-02-02 15:33:17,618 - INFO - Trial 48 finished with value: 0.8508771929824562 and parameters: {'n_estimators': 257, 'max_depth': 14, 'min_samples_split': 2, 'min_samples_leaf': 3, 'class_weight': 'balanced'}. Best is trial 19 with value: 0.8508771929824562.
2025-02-02 15:33:17,832 - INFO - Trial 49 finished with value: 0.8188405797101449 and parameters: {'n_estimators': 287, 'max_depth': 15, 'min_samples_split': 3, 'min_samples_leaf': 1, 'class_weight': 'balanced'}. Best is trial 19 with value: 0.8508771929824562.
2025-02-02 15:33:17,953 - INFO - Trial 50 finished with value: 0.8188405797101449 and parameters: {'n_estimators': 153, 'max_depth': 20, 'min_samples_split': 4, 'min_samples_leaf': 2, 'class_weight': 'balanced'}. Best is trial 19 with value: 0.8508771929824562.
2025-02-02 15:33:18,134 - INFO - Trial 51 finished with value: 0.8508771929824562 and parameters: {'n_estimators': 235, 'max_depth': 14, 'min_samples_split': 4, 'min_samples_leaf': 1, 'class_weight': 'balanced'}. Best is trial 19 with value: 0.8508771929824562.
2025-02-02 15:33:18,306 - INFO - Trial 52 finished with value: 0.8508771929824562 and parameters: {'n_estimators': 223, 'max_depth': 16, 'min_samples_split': 8, 'min_samples_leaf': 1, 'class_weight': 'balanced'}. Best is trial 19 with value: 0.8508771929824562.
2025-02-02 15:33:18,467 - INFO - Trial 53 finished with value: 0.8508771929824562 and parameters: {'n_estimators': 203, 'max_depth': 11, 'min_samples_split': 5, 'min_samples_leaf': 1, 'class_weight': 'balanced'}. Best is trial 19 with value: 0.8508771929824562.
2025-02-02 15:33:18,636 - INFO - Trial 54 finished with value: 0.8508771929824562 and parameters: {'n_estimators': 220, 'max_depth': 15, 'min_samples_split': 2, 'min_samples_leaf': 2, 'class_weight': 'balanced'}. Best is trial 19 with value: 0.8508771929824562.
2025-02-02 15:33:18,824 - INFO - Trial 55 finished with value: 0.8188405797101449 and parameters: {'n_estimators': 251, 'max_depth': 17, 'min_samples_split': 6, 'min_samples_leaf': 3, 'class_weight': 'balanced'}. Best is trial 19 with value: 0.8508771929824562.
2025-02-02 15:33:19,002 - INFO - Trial 56 finished with value: 0.8188405797101449 and parameters: {'n_estimators': 234, 'max_depth': 12, 'min_samples_split': 3, 'min_samples_leaf': 1, 'class_weight': 'balanced'}. Best is trial 19 with value: 0.8508771929824562.
2025-02-02 15:33:19,142 - INFO - Trial 57 finished with value: 0.7853566958698374 and parameters: {'n_estimators': 177, 'max_depth': 6, 'min_samples_split': 4, 'min_samples_leaf': 2, 'class_weight': None}. Best is trial 19 with value: 0.8508771929824562.
2025-02-02 15:33:19,302 - INFO - Trial 58 finished with value: 0.8508771929824562 and parameters: {'n_estimators': 209, 'max_depth': 14, 'min_samples_split': 2, 'min_samples_leaf': 2, 'class_weight': 'balanced'}. Best is trial 19 with value: 0.8508771929824562.
2025-02-02 15:33:19,455 - INFO - Trial 59 finished with value: 0.8188405797101449 and parameters: {'n_estimators': 199, 'max_depth': 8, 'min_samples_split': 3, 'min_samples_leaf': 2, 'class_weight': 'balanced'}. Best is trial 19 with value: 0.8508771929824562.
2025-02-02 15:33:19,527 - INFO - Trial 60 finished with value: 0.8227272727272728 and parameters: {'n_estimators': 82, 'max_depth': 18, 'min_samples_split': 2, 'min_samples_leaf': 3, 'class_weight': 'balanced'}. Best is trial 19 with value: 0.8508771929824562.
2025-02-02 15:33:19,712 - INFO - Trial 61 finished with value: 0.8188405797101449 and parameters: {'n_estimators': 244, 'max_depth': 19, 'min_samples_split': 3, 'min_samples_leaf': 2, 'class_weight': 'balanced'}. Best is trial 19 with value: 0.8508771929824562.
2025-02-02 15:33:19,905 - INFO - Trial 62 finished with value: 0.8188405797101449 and parameters: {'n_estimators': 254, 'max_depth': 18, 'min_samples_split': 3, 'min_samples_leaf': 2, 'class_weight': 'balanced'}. Best is trial 19 with value: 0.8508771929824562.
2025-02-02 15:33:20,105 - INFO - Trial 63 finished with value: 0.8188405797101449 and parameters: {'n_estimators': 267, 'max_depth': 17, 'min_samples_split': 2, 'min_samples_leaf': 2, 'class_weight': 'balanced'}. Best is trial 19 with value: 0.8508771929824562.
2025-02-02 15:33:20,277 - INFO - Trial 64 finished with value: 0.8508771929824562 and parameters: {'n_estimators': 226, 'max_depth': 19, 'min_samples_split': 3, 'min_samples_leaf': 2, 'class_weight': 'balanced'}. Best is trial 19 with value: 0.8508771929824562.
2025-02-02 15:33:20,457 - INFO - Trial 65 finished with value: 0.8508771929824562 and parameters: {'n_estimators': 236, 'max_depth': 9, 'min_samples_split': 5, 'min_samples_leaf': 1, 'class_weight': 'balanced'}. Best is trial 19 with value: 0.8508771929824562.
2025-02-02 15:33:20,508 - INFO - Trial 66 finished with value: 0.8188405797101449 and parameters: {'n_estimators': 51, 'max_depth': 16, 'min_samples_split': 3, 'min_samples_leaf': 2, 'class_weight': 'balanced'}. Best is trial 19 with value: 0.8508771929824562.
2025-02-02 15:33:20,697 - INFO - Trial 67 finished with value: 0.8508771929824562 and parameters: {'n_estimators': 245, 'max_depth': 10, 'min_samples_split': 4, 'min_samples_leaf': 2, 'class_weight': 'balanced'}. Best is trial 19 with value: 0.8508771929824562.
2025-02-02 15:33:20,869 - INFO - Trial 68 finished with value: 0.8188405797101449 and parameters: {'n_estimators': 211, 'max_depth': 17, 'min_samples_split': 2, 'min_samples_leaf': 2, 'class_weight': 'balanced'}. Best is trial 19 with value: 0.8508771929824562.
2025-02-02 15:33:21,018 - INFO - Trial 69 finished with value: 0.75 and parameters: {'n_estimators': 190, 'max_depth': 13, 'min_samples_split': 2, 'min_samples_leaf': 3, 'class_weight': None}. Best is trial 19 with value: 0.8508771929824562.
2025-02-02 15:33:21,241 - INFO - Trial 70 finished with value: 0.8188405797101449 and parameters: {'n_estimators': 293, 'max_depth': 11, 'min_samples_split': 4, 'min_samples_leaf': 1, 'class_weight': 'balanced'}. Best is trial 19 with value: 0.8508771929824562.
2025-02-02 15:33:21,416 - INFO - Trial 71 finished with value: 0.8508771929824562 and parameters: {'n_estimators': 229, 'max_depth': 10, 'min_samples_split': 4, 'min_samples_leaf': 2, 'class_weight': 'balanced'}. Best is trial 19 with value: 0.8508771929824562.
2025-02-02 15:33:21,600 - INFO - Trial 72 finished with value: 0.8508771929824562 and parameters: {'n_estimators': 240, 'max_depth': 8, 'min_samples_split': 4, 'min_samples_leaf': 2, 'class_weight': 'balanced'}. Best is trial 19 with value: 0.8508771929824562.
2025-02-02 15:33:21,768 - INFO - Trial 73 finished with value: 0.8508771929824562 and parameters: {'n_estimators': 220, 'max_depth': 9, 'min_samples_split': 2, 'min_samples_leaf': 2, 'class_weight': 'balanced'}. Best is trial 19 with value: 0.8508771929824562.
2025-02-02 15:33:21,966 - INFO - Trial 74 finished with value: 0.8188405797101449 and parameters: {'n_estimators': 262, 'max_depth': 15, 'min_samples_split': 5, 'min_samples_leaf': 2, 'class_weight': 'balanced'}. Best is trial 19 with value: 0.8508771929824562.
2025-02-02 15:33:22,155 - INFO - Trial 75 finished with value: 0.8508771929824562 and parameters: {'n_estimators': 246, 'max_depth': 11, 'min_samples_split': 7, 'min_samples_leaf': 2, 'class_weight': 'balanced'}. Best is trial 19 with value: 0.8508771929824562.
2025-02-02 15:33:22,333 - INFO - Trial 76 finished with value: 0.7662337662337663 and parameters: {'n_estimators': 234, 'max_depth': 10, 'min_samples_split': 9, 'min_samples_leaf': 2, 'class_weight': 'balanced'}. Best is trial 19 with value: 0.8508771929824562.
2025-02-02 15:33:22,500 - INFO - Trial 77 finished with value: 0.8508771929824562 and parameters: {'n_estimators': 214, 'max_depth': 19, 'min_samples_split': 3, 'min_samples_leaf': 2, 'class_weight': 'balanced'}. Best is trial 19 with value: 0.8508771929824562.
2025-02-02 15:33:22,694 - INFO - Trial 78 finished with value: 0.8188405797101449 and parameters: {'n_estimators': 256, 'max_depth': 7, 'min_samples_split': 3, 'min_samples_leaf': 2, 'class_weight': 'balanced'}. Best is trial 19 with value: 0.8508771929824562.
2025-02-02 15:33:22,867 - INFO - Trial 79 finished with value: 0.8188405797101449 and parameters: {'n_estimators': 224, 'max_depth': 12, 'min_samples_split': 2, 'min_samples_leaf': 2, 'class_weight': None}. Best is trial 19 with value: 0.8508771929824562.
2025-02-02 15:33:23,051 - INFO - Trial 80 finished with value: 0.8508771929824562 and parameters: {'n_estimators': 240, 'max_depth': 20, 'min_samples_split': 3, 'min_samples_leaf': 3, 'class_weight': 'balanced'}. Best is trial 19 with value: 0.8508771929824562.
2025-02-02 15:33:23,218 - INFO - Trial 81 finished with value: 0.8508771929824562 and parameters: {'n_estimators': 180, 'max_depth': 6, 'min_samples_split': 2, 'min_samples_leaf': 1, 'class_weight': 'balanced'}. Best is trial 19 with value: 0.8508771929824562.
2025-02-02 15:33:23,354 - INFO - Trial 82 finished with value: 0.8508771929824562 and parameters: {'n_estimators': 160, 'max_depth': 7, 'min_samples_split': 4, 'min_samples_leaf': 1, 'class_weight': 'balanced'}. Best is trial 19 with value: 0.8508771929824562.
2025-02-02 15:33:23,466 - INFO - Trial 83 finished with value: 0.8188405797101449 and parameters: {'n_estimators': 131, 'max_depth': 9, 'min_samples_split': 3, 'min_samples_leaf': 1, 'class_weight': 'balanced'}. Best is trial 19 with value: 0.8508771929824562.
2025-02-02 15:33:23,675 - INFO - Trial 84 finished with value: 0.8508771929824562 and parameters: {'n_estimators': 274, 'max_depth': 5, 'min_samples_split': 2, 'min_samples_leaf': 1, 'class_weight': 'balanced'}. Best is trial 19 with value: 0.8508771929824562.
2025-02-02 15:33:23,824 - INFO - Trial 85 finished with value: 0.8188405797101449 and parameters: {'n_estimators': 190, 'max_depth': 8, 'min_samples_split': 5, 'min_samples_leaf': 1, 'class_weight': 'balanced'}. Best is trial 19 with value: 0.8508771929824562.
2025-02-02 15:33:23,984 - INFO - Trial 86 finished with value: 0.8188405797101449 and parameters: {'n_estimators': 204, 'max_depth': 16, 'min_samples_split': 3, 'min_samples_leaf': 2, 'class_weight': 'balanced'}. Best is trial 19 with value: 0.8508771929824562.
2025-02-02 15:33:24,131 - INFO - Trial 87 finished with value: 0.8188405797101449 and parameters: {'n_estimators': 186, 'max_depth': 9, 'min_samples_split': 2, 'min_samples_leaf': 2, 'class_weight': 'balanced'}. Best is trial 19 with value: 0.8508771929824562.
2025-02-02 15:33:24,266 - INFO - Trial 88 finished with value: 0.8508771929824562 and parameters: {'n_estimators': 166, 'max_depth': 14, 'min_samples_split': 4, 'min_samples_leaf': 1, 'class_weight': 'balanced'}. Best is trial 19 with value: 0.8508771929824562.
2025-02-02 15:33:24,455 - INFO - Trial 89 finished with value: 0.7945736434108528 and parameters: {'n_estimators': 250, 'max_depth': 10, 'min_samples_split': 6, 'min_samples_leaf': 4, 'class_weight': 'balanced'}. Best is trial 19 with value: 0.8508771929824562.
2025-02-02 15:33:24,632 - INFO - Trial 90 finished with value: 0.8508771929824562 and parameters: {'n_estimators': 231, 'max_depth': 18, 'min_samples_split': 2, 'min_samples_leaf': 2, 'class_weight': 'balanced'}. Best is trial 19 with value: 0.8508771929824562.
2025-02-02 15:33:24,813 - INFO - Trial 91 finished with value: 0.8508771929824562 and parameters: {'n_estimators': 237, 'max_depth': 20, 'min_samples_split': 5, 'min_samples_leaf': 3, 'class_weight': 'balanced'}. Best is trial 19 with value: 0.8508771929824562.
2025-02-02 15:33:24,981 - INFO - Trial 92 finished with value: 0.8188405797101449 and parameters: {'n_estimators': 217, 'max_depth': 19, 'min_samples_split': 5, 'min_samples_leaf': 3, 'class_weight': 'balanced'}. Best is trial 19 with value: 0.8508771929824562.
2025-02-02 15:33:25,183 - INFO - Trial 93 finished with value: 0.8227272727272728 and parameters: {'n_estimators': 267, 'max_depth': 17, 'min_samples_split': 4, 'min_samples_leaf': 4, 'class_weight': 'balanced'}. Best is trial 19 with value: 0.8508771929824562.
2025-02-02 15:33:25,338 - INFO - Trial 94 finished with value: 0.8508771929824562 and parameters: {'n_estimators': 200, 'max_depth': 19, 'min_samples_split': 4, 'min_samples_leaf': 3, 'class_weight': 'balanced'}. Best is trial 19 with value: 0.8508771929824562.
2025-02-02 15:33:25,514 - INFO - Trial 95 finished with value: 0.8508771929824562 and parameters: {'n_estimators': 227, 'max_depth': 15, 'min_samples_split': 3, 'min_samples_leaf': 2, 'class_weight': 'balanced'}. Best is trial 19 with value: 0.8508771929824562.
2025-02-02 15:33:25,675 - INFO - Trial 96 finished with value: 0.7853566958698374 and parameters: {'n_estimators': 208, 'max_depth': 18, 'min_samples_split': 5, 'min_samples_leaf': 2, 'class_weight': None}. Best is trial 19 with value: 0.8508771929824562.
2025-02-02 15:33:25,859 - INFO - Trial 97 finished with value: 0.8508771929824562 and parameters: {'n_estimators': 240, 'max_depth': 11, 'min_samples_split': 3, 'min_samples_leaf': 3, 'class_weight': 'balanced'}. Best is trial 19 with value: 0.8508771929824562.
2025-02-02 15:33:26,068 - INFO - Trial 98 finished with value: 0.8188405797101449 and parameters: {'n_estimators': 258, 'max_depth': 17, 'min_samples_split': 4, 'min_samples_leaf': 2, 'class_weight': 'balanced'}. Best is trial 19 with value: 0.8508771929824562.
2025-02-02 15:33:26,238 - INFO - Trial 99 finished with value: 0.8508771929824562 and parameters: {'n_estimators': 220, 'max_depth': 16, 'min_samples_split': 2, 'min_samples_leaf': 2, 'class_weight': 'balanced'}. Best is trial 19 with value: 0.8508771929824562.
2025-02-02 15:33:26,859 - INFO - A new study created in memory with name: no-name-3026b5e3-0d55-4fb3-8200-4cf87c0f198c
2025-02-02 15:33:26,864 - INFO - Trial 0 finished with value: 0.8188405797101449 and parameters: {'max_depth': 13, 'min_samples_split': 5, 'min_samples_leaf': 3, 'class_weight': None}. Best is trial 0 with value: 0.8188405797101449.
2025-02-02 15:33:26,868 - INFO - Trial 1 finished with value: 0.8188405797101449 and parameters: {'max_depth': 11, 'min_samples_split': 8, 'min_samples_leaf': 1, 'class_weight': 'balanced'}. Best is trial 0 with value: 0.8188405797101449.
2025-02-02 15:33:26,872 - INFO - Trial 2 finished with value: 0.9080100125156445 and parameters: {'max_depth': 5, 'min_samples_split': 5, 'min_samples_leaf': 4, 'class_weight': None}. Best is trial 2 with value: 0.9080100125156445.
2025-02-02 15:33:26,875 - INFO - Trial 3 finished with value: 0.8818181818181818 and parameters: {'max_depth': 5, 'min_samples_split': 4, 'min_samples_leaf': 2, 'class_weight': None}. Best is trial 2 with value: 0.9080100125156445.
2025-02-02 15:33:26,879 - INFO - Trial 4 finished with value: 0.7912280701754386 and parameters: {'max_depth': 18, 'min_samples_split': 10, 'min_samples_leaf': 2, 'class_weight': 'balanced'}. Best is trial 2 with value: 0.9080100125156445.
2025-02-02 15:33:26,883 - INFO - Trial 5 finished with value: 0.7912280701754386 and parameters: {'max_depth': 13, 'min_samples_split': 3, 'min_samples_leaf': 4, 'class_weight': 'balanced'}. Best is trial 2 with value: 0.9080100125156445.
2025-02-02 15:33:26,887 - INFO - Trial 6 finished with value: 0.9080100125156445 and parameters: {'max_depth': 15, 'min_samples_split': 3, 'min_samples_leaf': 3, 'class_weight': None}. Best is trial 2 with value: 0.9080100125156445.
2025-02-02 15:33:26,890 - INFO - Trial 7 finished with value: 0.8188405797101449 and parameters: {'max_depth': 14, 'min_samples_split': 8, 'min_samples_leaf': 3, 'class_weight': None}. Best is trial 2 with value: 0.9080100125156445.
2025-02-02 15:33:26,894 - INFO - Trial 8 finished with value: 0.9080100125156445 and parameters: {'max_depth': 7, 'min_samples_split': 5, 'min_samples_leaf': 3, 'class_weight': None}. Best is trial 2 with value: 0.9080100125156445.
2025-02-02 15:33:26,898 - INFO - Trial 9 finished with value: 0.8188405797101449 and parameters: {'max_depth': 17, 'min_samples_split': 9, 'min_samples_leaf': 2, 'class_weight': 'balanced'}. Best is trial 2 with value: 0.9080100125156445.
2025-02-02 15:33:26,910 - INFO - Trial 10 finished with value: 0.8188405797101449 and parameters: {'max_depth': 3, 'min_samples_split': 6, 'min_samples_leaf': 4, 'class_weight': None}. Best is trial 2 with value: 0.9080100125156445.
2025-02-02 15:33:26,922 - INFO - Trial 11 finished with value: 0.8188405797101449 and parameters: {'max_depth': 9, 'min_samples_split': 2, 'min_samples_leaf': 4, 'class_weight': None}. Best is trial 2 with value: 0.9080100125156445.
2025-02-02 15:33:26,934 - INFO - Trial 12 finished with value: 0.9080100125156445 and parameters: {'max_depth': 15, 'min_samples_split': 3, 'min_samples_leaf': 4, 'class_weight': None}. Best is trial 2 with value: 0.9080100125156445.
2025-02-02 15:33:26,945 - INFO - Trial 13 finished with value: 0.9080100125156445 and parameters: {'max_depth': 20, 'min_samples_split': 2, 'min_samples_leaf': 3, 'class_weight': None}. Best is trial 2 with value: 0.9080100125156445.
2025-02-02 15:33:26,956 - INFO - Trial 14 finished with value: 0.9375 and parameters: {'max_depth': 10, 'min_samples_split': 4, 'min_samples_leaf': 4, 'class_weight': None}. Best is trial 14 with value: 0.9375.
2025-02-02 15:33:26,966 - INFO - Trial 15 finished with value: 0.8188405797101449 and parameters: {'max_depth': 9, 'min_samples_split': 6, 'min_samples_leaf': 4, 'class_weight': None}. Best is trial 14 with value: 0.9375.
2025-02-02 15:33:26,977 - INFO - Trial 16 finished with value: 0.9080100125156445 and parameters: {'max_depth': 6, 'min_samples_split': 7, 'min_samples_leaf': 1, 'class_weight': None}. Best is trial 14 with value: 0.9375.
2025-02-02 15:33:26,986 - INFO - Trial 17 finished with value: 0.8188405797101449 and parameters: {'max_depth': 3, 'min_samples_split': 5, 'min_samples_leaf': 4, 'class_weight': None}. Best is trial 14 with value: 0.9375.
2025-02-02 15:33:26,996 - INFO - Trial 18 finished with value: 0.7912280701754386 and parameters: {'max_depth': 9, 'min_samples_split': 4, 'min_samples_leaf': 4, 'class_weight': 'balanced'}. Best is trial 14 with value: 0.9375.
2025-02-02 15:33:27,006 - INFO - Trial 19 finished with value: 0.8188405797101449 and parameters: {'max_depth': 11, 'min_samples_split': 6, 'min_samples_leaf': 3, 'class_weight': None}. Best is trial 14 with value: 0.9375.
2025-02-02 15:33:27,016 - INFO - Trial 20 finished with value: 0.8188405797101449 and parameters: {'max_depth': 7, 'min_samples_split': 4, 'min_samples_leaf': 4, 'class_weight': None}. Best is trial 14 with value: 0.9375.
2025-02-02 15:33:27,030 - INFO - Trial 21 finished with value: 0.8188405797101449 and parameters: {'max_depth': 16, 'min_samples_split': 3, 'min_samples_leaf': 3, 'class_weight': None}. Best is trial 14 with value: 0.9375.
2025-02-02 15:33:27,043 - INFO - Trial 22 finished with value: 0.8188405797101449 and parameters: {'max_depth': 12, 'min_samples_split': 4, 'min_samples_leaf': 3, 'class_weight': None}. Best is trial 14 with value: 0.9375.
2025-02-02 15:33:27,055 - INFO - Trial 23 finished with value: 0.8188405797101449 and parameters: {'max_depth': 10, 'min_samples_split': 3, 'min_samples_leaf': 4, 'class_weight': None}. Best is trial 14 with value: 0.9375.
2025-02-02 15:33:27,066 - INFO - Trial 24 finished with value: 0.8188405797101449 and parameters: {'max_depth': 5, 'min_samples_split': 5, 'min_samples_leaf': 2, 'class_weight': None}. Best is trial 14 with value: 0.9375.
2025-02-02 15:33:27,078 - INFO - Trial 25 finished with value: 0.9080100125156445 and parameters: {'max_depth': 19, 'min_samples_split': 2, 'min_samples_leaf': 3, 'class_weight': None}. Best is trial 14 with value: 0.9375.
2025-02-02 15:33:27,089 - INFO - Trial 26 finished with value: 0.7912280701754386 and parameters: {'max_depth': 15, 'min_samples_split': 7, 'min_samples_leaf': 4, 'class_weight': 'balanced'}. Best is trial 14 with value: 0.9375.
2025-02-02 15:33:27,099 - INFO - Trial 27 finished with value: 0.9080100125156445 and parameters: {'max_depth': 7, 'min_samples_split': 4, 'min_samples_leaf': 4, 'class_weight': None}. Best is trial 14 with value: 0.9375.
2025-02-02 15:33:27,110 - INFO - Trial 28 finished with value: 0.9080100125156445 and parameters: {'max_depth': 4, 'min_samples_split': 3, 'min_samples_leaf': 3, 'class_weight': None}. Best is trial 14 with value: 0.9375.
