2024-12-10 14:40:34,814 - INFO - Trial 83 finished with value: 0.9949377571191965 and parameters: {'n_estimators': 168, 'max_depth': 14, 'min_samples_split': 9, 'min_samples_leaf': 3, 'class_weight': 'balanced'}. Best is trial 1 with value: 1.0.
2024-12-10 14:40:35,240 - INFO - Trial 84 finished with value: 1.0 and parameters: {'n_estimators': 224, 'max_depth': 16, 'min_samples_split': 8, 'min_samples_leaf': 3, 'class_weight': 'balanced'}. Best is trial 1 with value: 1.0.
2024-12-10 14:40:35,680 - INFO - Trial 85 finished with value: 1.0 and parameters: {'n_estimators': 209, 'max_depth': 18, 'min_samples_split': 10, 'min_samples_leaf': 2, 'class_weight': 'balanced'}. Best is trial 1 with value: 1.0.
2024-12-10 14:40:35,897 - INFO - Trial 86 finished with value: 1.0 and parameters: {'n_estimators': 89, 'max_depth': 17, 'min_samples_split': 9, 'min_samples_leaf': 3, 'class_weight': None}. Best is trial 1 with value: 1.0.
2024-12-10 14:40:36,495 - INFO - Trial 87 finished with value: 0.9949377571191965 and parameters: {'n_estimators': 291, 'max_depth': 10, 'min_samples_split': 10, 'min_samples_leaf': 4, 'class_weight': 'balanced'}. Best is trial 1 with value: 1.0.
2024-12-10 14:40:36,850 - INFO - Trial 88 finished with value: 1.0 and parameters: {'n_estimators': 179, 'max_depth': 18, 'min_samples_split': 6, 'min_samples_leaf': 4, 'class_weight': None}. Best is trial 1 with value: 1.0.
2024-12-10 14:40:37,126 - INFO - Trial 89 finished with value: 1.0 and parameters: {'n_estimators': 134, 'max_depth': 12, 'min_samples_split': 7, 'min_samples_leaf': 3, 'class_weight': 'balanced'}. Best is trial 1 with value: 1.0.
2024-12-10 14:40:37,417 - INFO - Trial 90 finished with value: 1.0 and parameters: {'n_estimators': 146, 'max_depth': 16, 'min_samples_split': 4, 'min_samples_leaf': 4, 'class_weight': None}. Best is trial 1 with value: 1.0.
2024-12-10 14:40:37,925 - INFO - Trial 91 finished with value: 1.0 and parameters: {'n_estimators': 254, 'max_depth': 14, 'min_samples_split': 10, 'min_samples_leaf': 1, 'class_weight': 'balanced'}. Best is trial 1 with value: 1.0.
2024-12-10 14:40:38,415 - INFO - Trial 92 finished with value: 1.0 and parameters: {'n_estimators': 249, 'max_depth': 14, 'min_samples_split': 10, 'min_samples_leaf': 2, 'class_weight': 'balanced'}. Best is trial 1 with value: 1.0.
2024-12-10 14:40:38,587 - INFO - Trial 93 finished with value: 1.0 and parameters: {'n_estimators': 74, 'max_depth': 13, 'min_samples_split': 9, 'min_samples_leaf': 2, 'class_weight': 'balanced'}. Best is trial 1 with value: 1.0.
2024-12-10 14:40:39,153 - INFO - Trial 94 finished with value: 1.0 and parameters: {'n_estimators': 277, 'max_depth': 15, 'min_samples_split': 10, 'min_samples_leaf': 2, 'class_weight': 'balanced'}. Best is trial 1 with value: 1.0.
2024-12-10 14:40:39,580 - INFO - Trial 95 finished with value: 1.0 and parameters: {'n_estimators': 212, 'max_depth': 20, 'min_samples_split': 10, 'min_samples_leaf': 1, 'class_weight': 'balanced'}. Best is trial 1 with value: 1.0.
2024-12-10 14:40:39,795 - INFO - Trial 96 finished with value: 0.9949377571191965 and parameters: {'n_estimators': 102, 'max_depth': 15, 'min_samples_split': 9, 'min_samples_leaf': 4, 'class_weight': None}. Best is trial 1 with value: 1.0.
2024-12-10 14:40:40,253 - INFO - Trial 97 finished with value: 1.0 and parameters: {'n_estimators': 233, 'max_depth': 16, 'min_samples_split': 8, 'min_samples_leaf': 3, 'class_weight': 'balanced'}. Best is trial 1 with value: 1.0.
2024-12-10 14:40:40,585 - INFO - Trial 98 finished with value: 0.9946251129177958 and parameters: {'n_estimators': 160, 'max_depth': 17, 'min_samples_split': 5, 'min_samples_leaf': 1, 'class_weight': None}. Best is trial 1 with value: 1.0.
2024-12-10 14:40:40,823 - INFO - Trial 99 finished with value: 0.9949377571191965 and parameters: {'n_estimators': 94, 'max_depth': 19, 'min_samples_split': 2, 'min_samples_leaf': 4, 'class_weight': 'balanced'}. Best is trial 1 with value: 1.0.
2024-12-10 14:40:41,290 - INFO - A new study created in memory with name: no-name-f066336d-18d2-4aab-9162-c2e32bb92fe7
2024-12-10 14:40:41,316 - INFO - Trial 0 finished with value: 0.9946251129177958 and parameters: {'max_depth': 19, 'min_samples_split': 3, 'min_samples_leaf': 2, 'class_weight': 'balanced'}. Best is trial 0 with value: 0.9946251129177958.
2024-12-10 14:40:41,341 - INFO - Trial 1 finished with value: 0.9848132713575893 and parameters: {'max_depth': 4, 'min_samples_split': 6, 'min_samples_leaf': 3, 'class_weight': None}. Best is trial 0 with value: 0.9946251129177958.
2024-12-10 14:40:41,361 - INFO - Trial 2 finished with value: 0.99013357619915 and parameters: {'max_depth': 4, 'min_samples_split': 6, 'min_samples_leaf': 2, 'class_weight': None}. Best is trial 0 with value: 0.9946251129177958.
2024-12-10 14:40:41,382 - INFO - Trial 3 finished with value: 0.9895833333333334 and parameters: {'max_depth': 8, 'min_samples_split': 5, 'min_samples_leaf': 2, 'class_weight': 'balanced'}. Best is trial 0 with value: 0.9946251129177958.
2024-12-10 14:40:41,403 - INFO - Trial 4 finished with value: 0.9895833333333334 and parameters: {'max_depth': 8, 'min_samples_split': 8, 'min_samples_leaf': 4, 'class_weight': None}. Best is trial 0 with value: 0.9946251129177958.
2024-12-10 14:40:41,425 - INFO - Trial 5 finished with value: 0.9895833333333334 and parameters: {'max_depth': 10, 'min_samples_split': 4, 'min_samples_leaf': 4, 'class_weight': None}. Best is trial 0 with value: 0.9946251129177958.
2024-12-10 14:40:41,445 - INFO - Trial 6 finished with value: 0.9895833333333334 and parameters: {'max_depth': 15, 'min_samples_split': 2, 'min_samples_leaf': 4, 'class_weight': None}. Best is trial 0 with value: 0.9946251129177958.
2024-12-10 14:40:41,468 - INFO - Trial 7 finished with value: 0.9895833333333334 and parameters: {'max_depth': 18, 'min_samples_split': 5, 'min_samples_leaf': 1, 'class_weight': 'balanced'}. Best is trial 0 with value: 0.9946251129177958.
2024-12-10 14:40:41,488 - INFO - Trial 8 finished with value: 0.9946251129177958 and parameters: {'max_depth': 16, 'min_samples_split': 6, 'min_samples_leaf': 2, 'class_weight': None}. Best is trial 0 with value: 0.9946251129177958.
2024-12-10 14:40:41,510 - INFO - Trial 9 finished with value: 0.9895833333333334 and parameters: {'max_depth': 13, 'min_samples_split': 3, 'min_samples_leaf': 4, 'class_weight': None}. Best is trial 0 with value: 0.9946251129177958.
2024-12-10 14:40:41,542 - INFO - Trial 10 finished with value: 0.9895833333333334 and parameters: {'max_depth': 20, 'min_samples_split': 10, 'min_samples_leaf': 1, 'class_weight': 'balanced'}. Best is trial 0 with value: 0.9946251129177958.
2024-12-10 14:40:41,575 - INFO - Trial 11 finished with value: 0.9946251129177958 and parameters: {'max_depth': 17, 'min_samples_split': 8, 'min_samples_leaf': 2, 'class_weight': 'balanced'}. Best is trial 0 with value: 0.9946251129177958.
2024-12-10 14:40:41,608 - INFO - Trial 12 finished with value: 0.9946251129177958 and parameters: {'max_depth': 20, 'min_samples_split': 2, 'min_samples_leaf': 3, 'class_weight': 'balanced'}. Best is trial 0 with value: 0.9946251129177958.
2024-12-10 14:40:41,641 - INFO - Trial 13 finished with value: 0.9888674388674389 and parameters: {'max_depth': 15, 'min_samples_split': 8, 'min_samples_leaf': 2, 'class_weight': 'balanced'}. Best is trial 0 with value: 0.9946251129177958.
2024-12-10 14:40:41,674 - INFO - Trial 14 finished with value: 0.9888674388674389 and parameters: {'max_depth': 17, 'min_samples_split': 4, 'min_samples_leaf': 1, 'class_weight': None}. Best is trial 0 with value: 0.9946251129177958.
2024-12-10 14:40:41,706 - INFO - Trial 15 finished with value: 0.9946251129177958 and parameters: {'max_depth': 14, 'min_samples_split': 10, 'min_samples_leaf': 3, 'class_weight': 'balanced'}. Best is trial 0 with value: 0.9946251129177958.
2024-12-10 14:40:41,738 - INFO - Trial 16 finished with value: 0.9895833333333334 and parameters: {'max_depth': 18, 'min_samples_split': 7, 'min_samples_leaf': 2, 'class_weight': 'balanced'}. Best is trial 0 with value: 0.9946251129177958.
2024-12-10 14:40:41,770 - INFO - Trial 17 finished with value: 0.9946251129177958 and parameters: {'max_depth': 12, 'min_samples_split': 3, 'min_samples_leaf': 3, 'class_weight': None}. Best is trial 0 with value: 0.9946251129177958.
2024-12-10 14:40:41,802 - INFO - Trial 18 finished with value: 0.9895833333333334 and parameters: {'max_depth': 16, 'min_samples_split': 4, 'min_samples_leaf': 1, 'class_weight': None}. Best is trial 0 with value: 0.9946251129177958.
2024-12-10 14:40:41,838 - INFO - Trial 19 finished with value: 0.9946251129177958 and parameters: {'max_depth': 20, 'min_samples_split': 6, 'min_samples_leaf': 2, 'class_weight': 'balanced'}. Best is trial 0 with value: 0.9946251129177958.
2024-12-10 14:40:41,873 - INFO - Trial 20 finished with value: 0.9946251129177958 and parameters: {'max_depth': 10, 'min_samples_split': 9, 'min_samples_leaf': 3, 'class_weight': None}. Best is trial 0 with value: 0.9946251129177958.
2024-12-10 14:40:41,910 - INFO - Trial 21 finished with value: 0.9895833333333334 and parameters: {'max_depth': 18, 'min_samples_split': 8, 'min_samples_leaf': 2, 'class_weight': 'balanced'}. Best is trial 0 with value: 0.9946251129177958.
2024-12-10 14:40:41,946 - INFO - Trial 22 finished with value: 0.9946251129177958 and parameters: {'max_depth': 17, 'min_samples_split': 7, 'min_samples_leaf': 2, 'class_weight': 'balanced'}. Best is trial 0 with value: 0.9946251129177958.
2024-12-10 14:40:41,984 - INFO - Trial 23 finished with value: 0.9946251129177958 and parameters: {'max_depth': 19, 'min_samples_split': 9, 'min_samples_leaf': 2, 'class_weight': 'balanced'}. Best is trial 0 with value: 0.9946251129177958.
2024-12-10 14:40:42,019 - INFO - Trial 24 finished with value: 0.9949377571191965 and parameters: {'max_depth': 16, 'min_samples_split': 7, 'min_samples_leaf': 1, 'class_weight': 'balanced'}. Best is trial 24 with value: 0.9949377571191965.
2024-12-10 14:40:42,058 - INFO - Trial 25 finished with value: 0.9946251129177958 and parameters: {'max_depth': 15, 'min_samples_split': 7, 'min_samples_leaf': 1, 'class_weight': 'balanced'}. Best is trial 24 with value: 0.9949377571191965.
2024-12-10 14:40:42,096 - INFO - Trial 26 finished with value: 0.9895833333333334 and parameters: {'max_depth': 13, 'min_samples_split': 5, 'min_samples_leaf': 1, 'class_weight': 'balanced'}. Best is trial 24 with value: 0.9949377571191965.
2024-12-10 14:40:42,134 - INFO - Trial 27 finished with value: 0.9949377571191965 and parameters: {'max_depth': 16, 'min_samples_split': 3, 'min_samples_leaf': 1, 'class_weight': 'balanced'}. Best is trial 24 with value: 0.9949377571191965.
2024-12-10 14:40:42,170 - INFO - Trial 28 finished with value: 0.9946251129177958 and parameters: {'max_depth': 11, 'min_samples_split': 3, 'min_samples_leaf': 1, 'class_weight': 'balanced'}. Best is trial 24 with value: 0.9949377571191965.
2024-12-10 14:40:42,211 - INFO - Trial 29 finished with value: 0.9949377571191965 and parameters: {'max_depth': 19, 'min_samples_split': 2, 'min_samples_leaf': 1, 'class_weight': 'balanced'}. Best is trial 24 with value: 0.9949377571191965.
2024-12-10 14:40:42,246 - INFO - Trial 30 finished with value: 1.0 and parameters: {'max_depth': 19, 'min_samples_split': 2, 'min_samples_leaf': 1, 'class_weight': 'balanced'}. Best is trial 30 with value: 1.0.
2024-12-10 14:40:42,284 - INFO - Trial 31 finished with value: 0.9838753387533877 and parameters: {'max_depth': 19, 'min_samples_split': 2, 'min_samples_leaf': 1, 'class_weight': 'balanced'}. Best is trial 30 with value: 1.0.
2024-12-10 14:40:42,322 - INFO - Trial 32 finished with value: 0.9946251129177958 and parameters: {'max_depth': 18, 'min_samples_split': 2, 'min_samples_leaf': 1, 'class_weight': 'balanced'}. Best is trial 30 with value: 1.0.
2024-12-10 14:40:42,359 - INFO - Trial 33 finished with value: 0.9946251129177958 and parameters: {'max_depth': 16, 'min_samples_split': 3, 'min_samples_leaf': 1, 'class_weight': 'balanced'}. Best is trial 30 with value: 1.0.
2024-12-10 14:40:42,397 - INFO - Trial 34 finished with value: 0.9946251129177958 and parameters: {'max_depth': 19, 'min_samples_split': 2, 'min_samples_leaf': 1, 'class_weight': 'balanced'}. Best is trial 30 with value: 1.0.
2024-12-10 14:40:42,436 - INFO - Trial 35 finished with value: 0.9895833333333334 and parameters: {'max_depth': 14, 'min_samples_split': 4, 'min_samples_leaf': 1, 'class_weight': 'balanced'}. Best is trial 30 with value: 1.0.
2024-12-10 14:40:42,475 - INFO - Trial 36 finished with value: 0.9838753387533877 and parameters: {'max_depth': 17, 'min_samples_split': 3, 'min_samples_leaf': 1, 'class_weight': 'balanced'}. Best is trial 30 with value: 1.0.
2024-12-10 14:40:42,512 - INFO - Trial 37 finished with value: 0.9802671523982999 and parameters: {'max_depth': 3, 'min_samples_split': 2, 'min_samples_leaf': 1, 'class_weight': 'balanced'}. Best is trial 30 with value: 1.0.
2024-12-10 14:40:42,544 - INFO - Trial 38 finished with value: 0.99013357619915 and parameters: {'max_depth': 6, 'min_samples_split': 5, 'min_samples_leaf': 1, 'class_weight': 'balanced'}. Best is trial 30 with value: 1.0.
2024-12-10 14:40:42,581 - INFO - Trial 39 finished with value: 0.9895833333333334 and parameters: {'max_depth': 20, 'min_samples_split': 6, 'min_samples_leaf': 1, 'class_weight': 'balanced'}. Best is trial 30 with value: 1.0.
2024-12-10 14:40:42,617 - INFO - Trial 40 finished with value: 0.9946251129177958 and parameters: {'max_depth': 19, 'min_samples_split': 2, 'min_samples_leaf': 1, 'class_weight': 'balanced'}. Best is trial 30 with value: 1.0.
2024-12-10 14:40:42,650 - INFO - Trial 41 finished with value: 0.9946251129177958 and parameters: {'max_depth': 18, 'min_samples_split': 3, 'min_samples_leaf': 2, 'class_weight': 'balanced'}. Best is trial 30 with value: 1.0.
2024-12-10 14:40:42,688 - INFO - Trial 42 finished with value: 0.9946251129177958 and parameters: {'max_depth': 16, 'min_samples_split': 3, 'min_samples_leaf': 1, 'class_weight': 'balanced'}. Best is trial 30 with value: 1.0.
2024-12-10 14:40:42,721 - INFO - Trial 43 finished with value: 0.9946251129177958 and parameters: {'max_depth': 19, 'min_samples_split': 4, 'min_samples_leaf': 2, 'class_weight': 'balanced'}. Best is trial 30 with value: 1.0.
2024-12-10 14:40:42,759 - INFO - Trial 44 finished with value: 0.9949377571191965 and parameters: {'max_depth': 14, 'min_samples_split': 2, 'min_samples_leaf': 1, 'class_weight': 'balanced'}. Best is trial 30 with value: 1.0.
2024-12-10 14:40:42,794 - INFO - Trial 45 finished with value: 1.0 and parameters: {'max_depth': 14, 'min_samples_split': 2, 'min_samples_leaf': 1, 'class_weight': 'balanced'}. Best is trial 30 with value: 1.0.
2024-12-10 14:40:42,829 - INFO - Trial 46 finished with value: 0.9946251129177958 and parameters: {'max_depth': 13, 'min_samples_split': 2, 'min_samples_leaf': 1, 'class_weight': 'balanced'}. Best is trial 30 with value: 1.0.
2024-12-10 14:40:42,866 - INFO - Trial 47 finished with value: 0.9949377571191965 and parameters: {'max_depth': 15, 'min_samples_split': 2, 'min_samples_leaf': 1, 'class_weight': 'balanced'}. Best is trial 30 with value: 1.0.
2024-12-10 14:40:42,902 - INFO - Trial 48 finished with value: 0.9895833333333334 and parameters: {'max_depth': 17, 'min_samples_split': 3, 'min_samples_leaf': 1, 'class_weight': 'balanced'}. Best is trial 30 with value: 1.0.
2024-12-10 14:40:42,937 - INFO - Trial 49 finished with value: 0.9895833333333334 and parameters: {'max_depth': 12, 'min_samples_split': 4, 'min_samples_leaf': 1, 'class_weight': 'balanced'}. Best is trial 30 with value: 1.0.
2024-12-10 14:40:42,971 - INFO - Trial 50 finished with value: 0.9949377571191965 and parameters: {'max_depth': 16, 'min_samples_split': 7, 'min_samples_leaf': 1, 'class_weight': None}. Best is trial 30 with value: 1.0.
2024-12-10 14:40:43,007 - INFO - Trial 51 finished with value: 0.9895833333333334 and parameters: {'max_depth': 14, 'min_samples_split': 2, 'min_samples_leaf': 1, 'class_weight': 'balanced'}. Best is trial 30 with value: 1.0.
2024-12-10 14:40:43,040 - INFO - Trial 52 finished with value: 0.9949377571191965 and parameters: {'max_depth': 14, 'min_samples_split': 2, 'min_samples_leaf': 1, 'class_weight': 'balanced'}. Best is trial 30 with value: 1.0.
2024-12-10 14:40:43,080 - INFO - Trial 53 finished with value: 0.9895833333333334 and parameters: {'max_depth': 15, 'min_samples_split': 3, 'min_samples_leaf': 1, 'class_weight': 'balanced'}. Best is trial 30 with value: 1.0.
2024-12-10 14:40:43,114 - INFO - Trial 54 finished with value: 0.9949377571191965 and parameters: {'max_depth': 9, 'min_samples_split': 2, 'min_samples_leaf': 1, 'class_weight': 'balanced'}. Best is trial 30 with value: 1.0.
2024-12-10 14:40:43,148 - INFO - Trial 55 finished with value: 0.9895833333333334 and parameters: {'max_depth': 12, 'min_samples_split': 2, 'min_samples_leaf': 4, 'class_weight': 'balanced'}. Best is trial 30 with value: 1.0.
2024-12-10 14:40:43,184 - INFO - Trial 56 finished with value: 0.9946251129177958 and parameters: {'max_depth': 13, 'min_samples_split': 3, 'min_samples_leaf': 2, 'class_weight': 'balanced'}. Best is trial 30 with value: 1.0.
2024-12-10 14:40:43,217 - INFO - Trial 57 finished with value: 0.9949377571191965 and parameters: {'max_depth': 17, 'min_samples_split': 3, 'min_samples_leaf': 1, 'class_weight': None}. Best is trial 30 with value: 1.0.
2024-12-10 14:40:43,252 - INFO - Trial 58 finished with value: 0.9888674388674389 and parameters: {'max_depth': 15, 'min_samples_split': 2, 'min_samples_leaf': 1, 'class_weight': 'balanced'}. Best is trial 30 with value: 1.0.
2024-12-10 14:40:43,289 - INFO - Trial 59 finished with value: 0.9946251129177958 and parameters: {'max_depth': 11, 'min_samples_split': 2, 'min_samples_leaf': 2, 'class_weight': 'balanced'}. Best is trial 30 with value: 1.0.
2024-12-10 14:40:43,323 - INFO - Trial 60 finished with value: 0.9888674388674389 and parameters: {'max_depth': 20, 'min_samples_split': 7, 'min_samples_leaf': 1, 'class_weight': 'balanced'}. Best is trial 30 with value: 1.0.
2024-12-10 14:40:43,357 - INFO - Trial 61 finished with value: 1.0 and parameters: {'max_depth': 15, 'min_samples_split': 2, 'min_samples_leaf': 1, 'class_weight': 'balanced'}. Best is trial 30 with value: 1.0.
2024-12-10 14:40:43,392 - INFO - Trial 62 finished with value: 0.9949377571191965 and parameters: {'max_depth': 16, 'min_samples_split': 2, 'min_samples_leaf': 1, 'class_weight': 'balanced'}. Best is trial 30 with value: 1.0.
2024-12-10 14:40:43,426 - INFO - Trial 63 finished with value: 1.0 and parameters: {'max_depth': 14, 'min_samples_split': 6, 'min_samples_leaf': 1, 'class_weight': 'balanced'}. Best is trial 30 with value: 1.0.
2024-12-10 14:40:43,463 - INFO - Trial 64 finished with value: 0.9946251129177958 and parameters: {'max_depth': 17, 'min_samples_split': 5, 'min_samples_leaf': 1, 'class_weight': 'balanced'}. Best is trial 30 with value: 1.0.
2024-12-10 14:40:43,497 - INFO - Trial 65 finished with value: 0.9949377571191965 and parameters: {'max_depth': 15, 'min_samples_split': 9, 'min_samples_leaf': 1, 'class_weight': None}. Best is trial 30 with value: 1.0.
2024-12-10 14:40:43,532 - INFO - Trial 66 finished with value: 0.9946251129177958 and parameters: {'max_depth': 18, 'min_samples_split': 8, 'min_samples_leaf': 1, 'class_weight': 'balanced'}. Best is trial 30 with value: 1.0.
2024-12-10 14:40:43,568 - INFO - Trial 67 finished with value: 0.9949377571191965 and parameters: {'max_depth': 13, 'min_samples_split': 6, 'min_samples_leaf': 1, 'class_weight': 'balanced'}. Best is trial 30 with value: 1.0.
2024-12-10 14:40:43,603 - INFO - Trial 68 finished with value: 0.9888674388674389 and parameters: {'max_depth': 16, 'min_samples_split': 8, 'min_samples_leaf': 2, 'class_weight': 'balanced'}. Best is trial 30 with value: 1.0.
2024-12-10 14:40:43,638 - INFO - Trial 69 finished with value: 0.9946251129177958 and parameters: {'max_depth': 14, 'min_samples_split': 6, 'min_samples_leaf': 3, 'class_weight': 'balanced'}. Best is trial 30 with value: 1.0.
2024-12-10 14:40:43,677 - INFO - Trial 70 finished with value: 0.9946251129177958 and parameters: {'max_depth': 18, 'min_samples_split': 3, 'min_samples_leaf': 1, 'class_weight': 'balanced'}. Best is trial 30 with value: 1.0.
2024-12-10 14:40:43,713 - INFO - Trial 71 finished with value: 0.9949377571191965 and parameters: {'max_depth': 14, 'min_samples_split': 2, 'min_samples_leaf': 1, 'class_weight': 'balanced'}. Best is trial 30 with value: 1.0.
2024-12-10 14:40:43,747 - INFO - Trial 72 finished with value: 0.9895833333333334 and parameters: {'max_depth': 14, 'min_samples_split': 2, 'min_samples_leaf': 1, 'class_weight': 'balanced'}. Best is trial 30 with value: 1.0.
2024-12-10 14:40:43,785 - INFO - Trial 73 finished with value: 0.9946251129177958 and parameters: {'max_depth': 13, 'min_samples_split': 7, 'min_samples_leaf': 1, 'class_weight': 'balanced'}. Best is trial 30 with value: 1.0.
2024-12-10 14:40:43,821 - INFO - Trial 74 finished with value: 0.9895833333333334 and parameters: {'max_depth': 15, 'min_samples_split': 3, 'min_samples_leaf': 1, 'class_weight': 'balanced'}. Best is trial 30 with value: 1.0.
2024-12-10 14:40:43,857 - INFO - Trial 75 finished with value: 0.9946251129177958 and parameters: {'max_depth': 12, 'min_samples_split': 2, 'min_samples_leaf': 1, 'class_weight': 'balanced'}. Best is trial 30 with value: 1.0.
2024-12-10 14:40:43,897 - INFO - Trial 76 finished with value: 0.9838753387533877 and parameters: {'max_depth': 16, 'min_samples_split': 4, 'min_samples_leaf': 1, 'class_weight': 'balanced'}. Best is trial 30 with value: 1.0.
2024-12-10 14:40:43,930 - INFO - Trial 77 finished with value: 0.99013357619915 and parameters: {'max_depth': 6, 'min_samples_split': 2, 'min_samples_leaf': 1, 'class_weight': None}. Best is trial 30 with value: 1.0.
