2025-02-02 13:46:10,117 - INFO - Trial 16 finished with value: 0.8508771929824562 and parameters: {'n_estimators': 251, 'max_depth': 15, 'min_samples_split': 7, 'min_samples_leaf': 4, 'class_weight': None}. Best is trial 1 with value: 0.8508771929824562.
2025-02-02 13:46:10,374 - INFO - Trial 17 finished with value: 0.8508771929824562 and parameters: {'n_estimators': 148, 'max_depth': 20, 'min_samples_split': 4, 'min_samples_leaf': 3, 'class_weight': 'balanced'}. Best is trial 1 with value: 0.8508771929824562.
2025-02-02 13:46:10,503 - INFO - Trial 18 finished with value: 0.8508771929824562 and parameters: {'n_estimators': 62, 'max_depth': 11, 'min_samples_split': 2, 'min_samples_leaf': 2, 'class_weight': None}. Best is trial 1 with value: 0.8508771929824562.
2025-02-02 13:46:10,840 - INFO - Trial 19 finished with value: 0.8227272727272728 and parameters: {'n_estimators': 205, 'max_depth': 18, 'min_samples_split': 8, 'min_samples_leaf': 4, 'class_weight': 'balanced'}. Best is trial 1 with value: 0.8508771929824562.
2025-02-02 13:46:11,245 - INFO - Trial 20 finished with value: 0.8508771929824562 and parameters: {'n_estimators': 253, 'max_depth': 8, 'min_samples_split': 10, 'min_samples_leaf': 3, 'class_weight': 'balanced'}. Best is trial 1 with value: 0.8508771929824562.
2025-02-02 13:46:11,628 - INFO - Trial 21 finished with value: 0.8508771929824562 and parameters: {'n_estimators': 248, 'max_depth': 11, 'min_samples_split': 3, 'min_samples_leaf': 3, 'class_weight': 'balanced'}. Best is trial 1 with value: 0.8508771929824562.
2025-02-02 13:46:12,012 - INFO - Trial 22 finished with value: 0.8508771929824562 and parameters: {'n_estimators': 299, 'max_depth': 9, 'min_samples_split': 4, 'min_samples_leaf': 3, 'class_weight': 'balanced'}. Best is trial 1 with value: 0.8508771929824562.
2025-02-02 13:46:12,343 - INFO - Trial 23 finished with value: 0.8508771929824562 and parameters: {'n_estimators': 238, 'max_depth': 10, 'min_samples_split': 4, 'min_samples_leaf': 3, 'class_weight': 'balanced'}. Best is trial 1 with value: 0.8508771929824562.
2025-02-02 13:46:12,647 - INFO - Trial 24 finished with value: 0.8508771929824562 and parameters: {'n_estimators': 269, 'max_depth': 13, 'min_samples_split': 2, 'min_samples_leaf': 2, 'class_weight': 'balanced'}. Best is trial 1 with value: 0.8508771929824562.
2025-02-02 13:46:12,884 - INFO - Trial 25 finished with value: 0.8508771929824562 and parameters: {'n_estimators': 197, 'max_depth': 7, 'min_samples_split': 6, 'min_samples_leaf': 3, 'class_weight': 'balanced'}. Best is trial 1 with value: 0.8508771929824562.
2025-02-02 13:46:13,086 - INFO - Trial 26 finished with value: 0.8227272727272728 and parameters: {'n_estimators': 163, 'max_depth': 5, 'min_samples_split': 3, 'min_samples_leaf': 4, 'class_weight': None}. Best is trial 1 with value: 0.8508771929824562.
2025-02-02 13:46:13,242 - INFO - Trial 27 finished with value: 0.8508771929824562 and parameters: {'n_estimators': 103, 'max_depth': 13, 'min_samples_split': 6, 'min_samples_leaf': 3, 'class_weight': 'balanced'}. Best is trial 1 with value: 0.8508771929824562.
2025-02-02 13:46:13,555 - INFO - Trial 28 finished with value: 0.8508771929824562 and parameters: {'n_estimators': 269, 'max_depth': 10, 'min_samples_split': 8, 'min_samples_leaf': 2, 'class_weight': None}. Best is trial 1 with value: 0.8508771929824562.
2025-02-02 13:46:13,821 - INFO - Trial 29 finished with value: 0.8508771929824562 and parameters: {'n_estimators': 232, 'max_depth': 8, 'min_samples_split': 4, 'min_samples_leaf': 4, 'class_weight': None}. Best is trial 1 with value: 0.8508771929824562.
2025-02-02 13:46:14,120 - INFO - Trial 30 finished with value: 0.8227272727272728 and parameters: {'n_estimators': 260, 'max_depth': 10, 'min_samples_split': 5, 'min_samples_leaf': 4, 'class_weight': 'balanced'}. Best is trial 1 with value: 0.8508771929824562.
2025-02-02 13:46:14,344 - INFO - Trial 31 finished with value: 0.8508771929824562 and parameters: {'n_estimators': 186, 'max_depth': 14, 'min_samples_split': 2, 'min_samples_leaf': 3, 'class_weight': 'balanced'}. Best is trial 1 with value: 0.8508771929824562.
2025-02-02 13:46:14,562 - INFO - Trial 32 finished with value: 0.8508771929824562 and parameters: {'n_estimators': 170, 'max_depth': 12, 'min_samples_split': 2, 'min_samples_leaf': 3, 'class_weight': 'balanced'}. Best is trial 1 with value: 0.8508771929824562.
2025-02-02 13:46:14,837 - INFO - Trial 33 finished with value: 0.8508771929824562 and parameters: {'n_estimators': 240, 'max_depth': 15, 'min_samples_split': 3, 'min_samples_leaf': 3, 'class_weight': 'balanced'}. Best is trial 1 with value: 0.8508771929824562.
2025-02-02 13:46:15,166 - INFO - Trial 34 finished with value: 0.8508771929824562 and parameters: {'n_estimators': 286, 'max_depth': 14, 'min_samples_split': 2, 'min_samples_leaf': 3, 'class_weight': 'balanced'}. Best is trial 1 with value: 0.8508771929824562.
2025-02-02 13:46:15,292 - INFO - Trial 35 finished with value: 0.8508771929824562 and parameters: {'n_estimators': 90, 'max_depth': 17, 'min_samples_split': 3, 'min_samples_leaf': 3, 'class_weight': 'balanced'}. Best is trial 1 with value: 0.8508771929824562.
2025-02-02 13:46:15,542 - INFO - Trial 36 finished with value: 0.8508771929824562 and parameters: {'n_estimators': 211, 'max_depth': 9, 'min_samples_split': 4, 'min_samples_leaf': 3, 'class_weight': 'balanced'}. Best is trial 1 with value: 0.8508771929824562.
2025-02-02 13:46:15,878 - INFO - Trial 37 finished with value: 0.7662337662337663 and parameters: {'n_estimators': 283, 'max_depth': 3, 'min_samples_split': 3, 'min_samples_leaf': 2, 'class_weight': 'balanced'}. Best is trial 1 with value: 0.8508771929824562.
2025-02-02 13:46:16,192 - INFO - Trial 38 finished with value: 0.8227272727272728 and parameters: {'n_estimators': 268, 'max_depth': 11, 'min_samples_split': 5, 'min_samples_leaf': 4, 'class_weight': 'balanced'}. Best is trial 1 with value: 0.8508771929824562.
2025-02-02 13:46:16,423 - INFO - Trial 39 finished with value: 0.8508771929824562 and parameters: {'n_estimators': 187, 'max_depth': 12, 'min_samples_split': 5, 'min_samples_leaf': 3, 'class_weight': 'balanced'}. Best is trial 1 with value: 0.8508771929824562.
2025-02-02 13:46:16,631 - INFO - Trial 40 finished with value: 0.8508771929824562 and parameters: {'n_estimators': 161, 'max_depth': 14, 'min_samples_split': 9, 'min_samples_leaf': 2, 'class_weight': None}. Best is trial 1 with value: 0.8508771929824562.
2025-02-02 13:46:16,731 - INFO - Trial 41 finished with value: 0.8508771929824562 and parameters: {'n_estimators': 57, 'max_depth': 10, 'min_samples_split': 3, 'min_samples_leaf': 3, 'class_weight': 'balanced'}. Best is trial 1 with value: 0.8508771929824562.
2025-02-02 13:46:16,885 - INFO - Trial 42 finished with value: 0.8508771929824562 and parameters: {'n_estimators': 112, 'max_depth': 8, 'min_samples_split': 7, 'min_samples_leaf': 3, 'class_weight': 'balanced'}. Best is trial 1 with value: 0.8508771929824562.
2025-02-02 13:46:17,002 - INFO - Trial 43 finished with value: 0.8508771929824562 and parameters: {'n_estimators': 82, 'max_depth': 13, 'min_samples_split': 2, 'min_samples_leaf': 3, 'class_weight': 'balanced'}. Best is trial 1 with value: 0.8508771929824562.
2025-02-02 13:46:17,184 - INFO - Trial 44 finished with value: 0.8508771929824562 and parameters: {'n_estimators': 140, 'max_depth': 12, 'min_samples_split': 4, 'min_samples_leaf': 1, 'class_weight': None}. Best is trial 1 with value: 0.8508771929824562.
2025-02-02 13:46:17,440 - INFO - Trial 45 finished with value: 0.8508771929824562 and parameters: {'n_estimators': 222, 'max_depth': 11, 'min_samples_split': 8, 'min_samples_leaf': 3, 'class_weight': 'balanced'}. Best is trial 1 with value: 0.8508771929824562.
2025-02-02 13:46:17,674 - INFO - Trial 46 finished with value: 0.8227272727272728 and parameters: {'n_estimators': 152, 'max_depth': 9, 'min_samples_split': 3, 'min_samples_leaf': 4, 'class_weight': None}. Best is trial 1 with value: 0.8508771929824562.
2025-02-02 13:46:17,879 - INFO - Trial 47 finished with value: 0.8508771929824562 and parameters: {'n_estimators': 122, 'max_depth': 15, 'min_samples_split': 6, 'min_samples_leaf': 2, 'class_weight': 'balanced'}. Best is trial 1 with value: 0.8508771929824562.
2025-02-02 13:46:18,155 - INFO - Trial 48 finished with value: 0.8508771929824562 and parameters: {'n_estimators': 199, 'max_depth': 6, 'min_samples_split': 5, 'min_samples_leaf': 3, 'class_weight': None}. Best is trial 1 with value: 0.8508771929824562.
2025-02-02 13:46:18,583 - INFO - Trial 49 finished with value: 0.8508771929824562 and parameters: {'n_estimators': 292, 'max_depth': 16, 'min_samples_split': 2, 'min_samples_leaf': 3, 'class_weight': 'balanced'}. Best is trial 1 with value: 0.8508771929824562.
2025-02-02 13:46:18,698 - INFO - Trial 50 finished with value: 0.8227272727272728 and parameters: {'n_estimators': 68, 'max_depth': 13, 'min_samples_split': 4, 'min_samples_leaf': 2, 'class_weight': 'balanced'}. Best is trial 1 with value: 0.8508771929824562.
2025-02-02 13:46:19,078 - INFO - Trial 51 finished with value: 0.8508771929824562 and parameters: {'n_estimators': 280, 'max_depth': 10, 'min_samples_split': 7, 'min_samples_leaf': 3, 'class_weight': 'balanced'}. Best is trial 1 with value: 0.8508771929824562.
2025-02-02 13:46:19,411 - INFO - Trial 52 finished with value: 0.8508771929824562 and parameters: {'n_estimators': 258, 'max_depth': 7, 'min_samples_split': 7, 'min_samples_leaf': 3, 'class_weight': 'balanced'}. Best is trial 1 with value: 0.8508771929824562.
2025-02-02 13:46:19,705 - INFO - Trial 53 finished with value: 0.8508771929824562 and parameters: {'n_estimators': 243, 'max_depth': 11, 'min_samples_split': 9, 'min_samples_leaf': 3, 'class_weight': 'balanced'}. Best is trial 1 with value: 0.8508771929824562.
2025-02-02 13:46:19,982 - INFO - Trial 54 finished with value: 0.8508771929824562 and parameters: {'n_estimators': 231, 'max_depth': 9, 'min_samples_split': 8, 'min_samples_leaf': 3, 'class_weight': 'balanced'}. Best is trial 1 with value: 0.8508771929824562.
2025-02-02 13:46:20,324 - INFO - Trial 55 finished with value: 0.8508771929824562 and parameters: {'n_estimators': 278, 'max_depth': 10, 'min_samples_split': 7, 'min_samples_leaf': 3, 'class_weight': None}. Best is trial 1 with value: 0.8508771929824562.
2025-02-02 13:46:20,687 - INFO - Trial 56 finished with value: 0.8508771929824562 and parameters: {'n_estimators': 295, 'max_depth': 8, 'min_samples_split': 8, 'min_samples_leaf': 3, 'class_weight': 'balanced'}. Best is trial 1 with value: 0.8508771929824562.
2025-02-02 13:46:21,046 - INFO - Trial 57 finished with value: 0.8508771929824562 and parameters: {'n_estimators': 270, 'max_depth': 12, 'min_samples_split': 6, 'min_samples_leaf': 4, 'class_weight': 'balanced'}. Best is trial 1 with value: 0.8508771929824562.
2025-02-02 13:46:21,312 - INFO - Trial 58 finished with value: 0.8508771929824562 and parameters: {'n_estimators': 219, 'max_depth': 9, 'min_samples_split': 6, 'min_samples_leaf': 3, 'class_weight': None}. Best is trial 1 with value: 0.8508771929824562.
2025-02-02 13:46:21,613 - INFO - Trial 59 finished with value: 0.8508771929824562 and parameters: {'n_estimators': 249, 'max_depth': 11, 'min_samples_split': 2, 'min_samples_leaf': 3, 'class_weight': 'balanced'}. Best is trial 1 with value: 0.8508771929824562.
2025-02-02 13:46:21,995 - INFO - Trial 60 finished with value: 0.8508771929824562 and parameters: {'n_estimators': 300, 'max_depth': 7, 'min_samples_split': 7, 'min_samples_leaf': 4, 'class_weight': 'balanced'}. Best is trial 1 with value: 0.8508771929824562.
2025-02-02 13:46:22,127 - INFO - Trial 61 finished with value: 0.8508771929824562 and parameters: {'n_estimators': 75, 'max_depth': 20, 'min_samples_split': 9, 'min_samples_leaf': 2, 'class_weight': 'balanced'}. Best is trial 1 with value: 0.8508771929824562.
2025-02-02 13:46:22,309 - INFO - Trial 62 finished with value: 0.8508771929824562 and parameters: {'n_estimators': 127, 'max_depth': 17, 'min_samples_split': 10, 'min_samples_leaf': 1, 'class_weight': 'balanced'}. Best is trial 1 with value: 0.8508771929824562.
2025-02-02 13:46:22,454 - INFO - Trial 63 finished with value: 0.8508771929824562 and parameters: {'n_estimators': 100, 'max_depth': 19, 'min_samples_split': 9, 'min_samples_leaf': 2, 'class_weight': 'balanced'}. Best is trial 1 with value: 0.8508771929824562.
2025-02-02 13:46:22,692 - INFO - Trial 64 finished with value: 0.8508771929824562 and parameters: {'n_estimators': 177, 'max_depth': 19, 'min_samples_split': 8, 'min_samples_leaf': 2, 'class_weight': 'balanced'}. Best is trial 1 with value: 0.8508771929824562.
2025-02-02 13:46:23,013 - INFO - Trial 65 finished with value: 0.8508771929824562 and parameters: {'n_estimators': 262, 'max_depth': 8, 'min_samples_split': 3, 'min_samples_leaf': 3, 'class_weight': None}. Best is trial 1 with value: 0.8508771929824562.
2025-02-02 13:46:23,310 - INFO - Trial 66 finished with value: 0.8227272727272728 and parameters: {'n_estimators': 207, 'max_depth': 10, 'min_samples_split': 9, 'min_samples_leaf': 3, 'class_weight': 'balanced'}. Best is trial 1 with value: 0.8508771929824562.
2025-02-02 13:46:23,670 - INFO - Trial 67 finished with value: 0.8508771929824562 and parameters: {'n_estimators': 287, 'max_depth': 13, 'min_samples_split': 3, 'min_samples_leaf': 2, 'class_weight': 'balanced'}. Best is trial 1 with value: 0.8508771929824562.
2025-02-02 13:46:23,919 - INFO - Trial 68 finished with value: 0.8508771929824562 and parameters: {'n_estimators': 144, 'max_depth': 18, 'min_samples_split': 10, 'min_samples_leaf': 3, 'class_weight': 'balanced'}. Best is trial 1 with value: 0.8508771929824562.
2025-02-02 13:46:24,023 - INFO - Trial 69 finished with value: 0.8508771929824562 and parameters: {'n_estimators': 52, 'max_depth': 11, 'min_samples_split': 2, 'min_samples_leaf': 3, 'class_weight': None}. Best is trial 1 with value: 0.8508771929824562.
2025-02-02 13:46:24,365 - INFO - Trial 70 finished with value: 0.8508771929824562 and parameters: {'n_estimators': 275, 'max_depth': 12, 'min_samples_split': 8, 'min_samples_leaf': 3, 'class_weight': 'balanced'}. Best is trial 1 with value: 0.8508771929824562.
2025-02-02 13:46:24,599 - INFO - Trial 71 finished with value: 0.8508771929824562 and parameters: {'n_estimators': 183, 'max_depth': 17, 'min_samples_split': 5, 'min_samples_leaf': 1, 'class_weight': None}. Best is trial 1 with value: 0.8508771929824562.
2025-02-02 13:46:24,846 - INFO - Trial 72 finished with value: 0.8508771929824562 and parameters: {'n_estimators': 198, 'max_depth': 16, 'min_samples_split': 5, 'min_samples_leaf': 3, 'class_weight': None}. Best is trial 1 with value: 0.8508771929824562.
2025-02-02 13:46:25,057 - INFO - Trial 73 finished with value: 0.8508771929824562 and parameters: {'n_estimators': 155, 'max_depth': 15, 'min_samples_split': 4, 'min_samples_leaf': 1, 'class_weight': None}. Best is trial 1 with value: 0.8508771929824562.
2025-02-02 13:46:25,311 - INFO - Trial 74 finished with value: 0.8508771929824562 and parameters: {'n_estimators': 167, 'max_depth': 14, 'min_samples_split': 6, 'min_samples_leaf': 1, 'class_weight': None}. Best is trial 1 with value: 0.8508771929824562.
2025-02-02 13:46:25,574 - INFO - Trial 75 finished with value: 0.8508771929824562 and parameters: {'n_estimators': 189, 'max_depth': 18, 'min_samples_split': 4, 'min_samples_leaf': 1, 'class_weight': None}. Best is trial 1 with value: 0.8508771929824562.
2025-02-02 13:46:25,877 - INFO - Trial 76 finished with value: 0.8508771929824562 and parameters: {'n_estimators': 234, 'max_depth': 19, 'min_samples_split': 7, 'min_samples_leaf': 3, 'class_weight': 'balanced'}. Best is trial 1 with value: 0.8508771929824562.
2025-02-02 13:46:26,011 - INFO - Trial 77 finished with value: 0.8508771929824562 and parameters: {'n_estimators': 90, 'max_depth': 12, 'min_samples_split': 3, 'min_samples_leaf': 3, 'class_weight': 'balanced'}. Best is trial 1 with value: 0.8508771929824562.
2025-02-02 13:46:26,245 - INFO - Trial 78 finished with value: 0.8508771929824562 and parameters: {'n_estimators': 177, 'max_depth': 9, 'min_samples_split': 5, 'min_samples_leaf': 2, 'class_weight': None}. Best is trial 1 with value: 0.8508771929824562.
2025-02-02 13:46:26,656 - INFO - Trial 79 finished with value: 0.8227272727272728 and parameters: {'n_estimators': 253, 'max_depth': 6, 'min_samples_split': 8, 'min_samples_leaf': 3, 'class_weight': 'balanced'}. Best is trial 1 with value: 0.8508771929824562.
2025-02-02 13:46:26,843 - INFO - Trial 80 finished with value: 0.8508771929824562 and parameters: {'n_estimators': 113, 'max_depth': 10, 'min_samples_split': 2, 'min_samples_leaf': 3, 'class_weight': 'balanced'}. Best is trial 1 with value: 0.8508771929824562.
2025-02-02 13:46:27,212 - INFO - Trial 81 finished with value: 0.8508771929824562 and parameters: {'n_estimators': 216, 'max_depth': 14, 'min_samples_split': 10, 'min_samples_leaf': 2, 'class_weight': None}. Best is trial 1 with value: 0.8508771929824562.
2025-02-02 13:46:27,671 - INFO - Trial 82 finished with value: 0.8227272727272728 and parameters: {'n_estimators': 227, 'max_depth': 13, 'min_samples_split': 9, 'min_samples_leaf': 2, 'class_weight': None}. Best is trial 1 with value: 0.8508771929824562.
2025-02-02 13:46:28,057 - INFO - Trial 83 finished with value: 0.8508771929824562 and parameters: {'n_estimators': 194, 'max_depth': 13, 'min_samples_split': 10, 'min_samples_leaf': 1, 'class_weight': None}. Best is trial 1 with value: 0.8508771929824562.
2025-02-02 13:46:28,477 - INFO - Trial 84 finished with value: 0.8508771929824562 and parameters: {'n_estimators': 244, 'max_depth': 11, 'min_samples_split': 9, 'min_samples_leaf': 3, 'class_weight': None}. Best is trial 1 with value: 0.8508771929824562.
2025-02-02 13:46:28,718 - INFO - Trial 85 finished with value: 0.8508771929824562 and parameters: {'n_estimators': 132, 'max_depth': 16, 'min_samples_split': 4, 'min_samples_leaf': 2, 'class_weight': None}. Best is trial 1 with value: 0.8508771929824562.
2025-02-02 13:46:29,198 - INFO - Trial 86 finished with value: 0.8508771929824562 and parameters: {'n_estimators': 264, 'max_depth': 15, 'min_samples_split': 10, 'min_samples_leaf': 3, 'class_weight': 'balanced'}. Best is trial 1 with value: 0.8508771929824562.
2025-02-02 13:46:29,546 - INFO - Trial 87 finished with value: 0.8508771929824562 and parameters: {'n_estimators': 203, 'max_depth': 12, 'min_samples_split': 3, 'min_samples_leaf': 2, 'class_weight': 'balanced'}. Best is trial 1 with value: 0.8508771929824562.
2025-02-02 13:46:29,875 - INFO - Trial 88 finished with value: 0.8227272727272728 and parameters: {'n_estimators': 211, 'max_depth': 10, 'min_samples_split': 7, 'min_samples_leaf': 3, 'class_weight': None}. Best is trial 1 with value: 0.8508771929824562.
2025-02-02 13:46:30,276 - INFO - Trial 89 finished with value: 0.8508771929824562 and parameters: {'n_estimators': 291, 'max_depth': 14, 'min_samples_split': 5, 'min_samples_leaf': 3, 'class_weight': 'balanced'}. Best is trial 1 with value: 0.8508771929824562.
2025-02-02 13:46:30,577 - INFO - Trial 90 finished with value: 0.8508771929824562 and parameters: {'n_estimators': 226, 'max_depth': 9, 'min_samples_split': 2, 'min_samples_leaf': 3, 'class_weight': 'balanced'}. Best is trial 1 with value: 0.8508771929824562.
2025-02-02 13:46:30,976 - INFO - Trial 91 finished with value: 0.8508771929824562 and parameters: {'n_estimators': 273, 'max_depth': 16, 'min_samples_split': 6, 'min_samples_leaf': 1, 'class_weight': None}. Best is trial 1 with value: 0.8508771929824562.
2025-02-02 13:46:31,384 - INFO - Trial 92 finished with value: 0.8508771929824562 and parameters: {'n_estimators': 295, 'max_depth': 18, 'min_samples_split': 7, 'min_samples_leaf': 1, 'class_weight': None}. Best is trial 1 with value: 0.8508771929824562.
2025-02-02 13:46:31,748 - INFO - Trial 93 finished with value: 0.8508771929824562 and parameters: {'n_estimators': 284, 'max_depth': 15, 'min_samples_split': 8, 'min_samples_leaf': 1, 'class_weight': None}. Best is trial 1 with value: 0.8508771929824562.
2025-02-02 13:46:32,108 - INFO - Trial 94 finished with value: 0.8508771929824562 and parameters: {'n_estimators': 254, 'max_depth': 11, 'min_samples_split': 6, 'min_samples_leaf': 1, 'class_weight': None}. Best is trial 1 with value: 0.8508771929824562.
2025-02-02 13:46:32,542 - INFO - Trial 95 finished with value: 0.8508771929824562 and parameters: {'n_estimators': 300, 'max_depth': 13, 'min_samples_split': 8, 'min_samples_leaf': 1, 'class_weight': 'balanced'}. Best is trial 1 with value: 0.8508771929824562.
2025-02-02 13:46:32,862 - INFO - Trial 96 finished with value: 0.8508771929824562 and parameters: {'n_estimators': 239, 'max_depth': 17, 'min_samples_split': 9, 'min_samples_leaf': 3, 'class_weight': None}. Best is trial 1 with value: 0.8508771929824562.
2025-02-02 13:46:33,166 - INFO - Trial 97 finished with value: 0.7662337662337663 and parameters: {'n_estimators': 247, 'max_depth': 4, 'min_samples_split': 7, 'min_samples_leaf': 3, 'class_weight': 'balanced'}. Best is trial 1 with value: 0.8508771929824562.
2025-02-02 13:46:33,548 - INFO - Trial 98 finished with value: 0.8508771929824562 and parameters: {'n_estimators': 290, 'max_depth': 8, 'min_samples_split': 6, 'min_samples_leaf': 2, 'class_weight': 'balanced'}. Best is trial 1 with value: 0.8508771929824562.
2025-02-02 13:46:33,770 - INFO - Trial 99 finished with value: 0.8508771929824562 and parameters: {'n_estimators': 159, 'max_depth': 12, 'min_samples_split': 10, 'min_samples_leaf': 3, 'class_weight': None}. Best is trial 1 with value: 0.8508771929824562.
2025-02-02 13:46:34,480 - INFO - A new study created in memory with name: no-name-83aad8f9-e165-4f23-b40f-1a6e9ef505d8
