2025-02-02 13:46:34,505 - INFO - Trial 0 finished with value: 0.75 and parameters: {'max_depth': 13, 'min_samples_split': 2, 'min_samples_leaf': 1, 'class_weight': 'balanced'}. Best is trial 0 with value: 0.75.
2025-02-02 13:46:34,525 - INFO - Trial 1 finished with value: 0.7584541062801933 and parameters: {'max_depth': 3, 'min_samples_split': 3, 'min_samples_leaf': 3, 'class_weight': 'balanced'}. Best is trial 1 with value: 0.7584541062801933.
2025-02-02 13:46:34,546 - INFO - Trial 2 finished with value: 0.7853566958698374 and parameters: {'max_depth': 15, 'min_samples_split': 2, 'min_samples_leaf': 3, 'class_weight': 'balanced'}. Best is trial 2 with value: 0.7853566958698374.
2025-02-02 13:46:34,564 - INFO - Trial 3 finished with value: 0.7584541062801933 and parameters: {'max_depth': 15, 'min_samples_split': 7, 'min_samples_leaf': 4, 'class_weight': None}. Best is trial 2 with value: 0.7853566958698374.
2025-02-02 13:46:34,582 - INFO - Trial 4 finished with value: 0.75 and parameters: {'max_depth': 7, 'min_samples_split': 7, 'min_samples_leaf': 1, 'class_weight': None}. Best is trial 2 with value: 0.7853566958698374.
2025-02-02 13:46:34,599 - INFO - Trial 5 finished with value: 0.7584541062801933 and parameters: {'max_depth': 16, 'min_samples_split': 9, 'min_samples_leaf': 3, 'class_weight': None}. Best is trial 2 with value: 0.7853566958698374.
2025-02-02 13:46:34,617 - INFO - Trial 6 finished with value: 0.75 and parameters: {'max_depth': 10, 'min_samples_split': 4, 'min_samples_leaf': 1, 'class_weight': 'balanced'}. Best is trial 2 with value: 0.7853566958698374.
2025-02-02 13:46:34,636 - INFO - Trial 7 finished with value: 0.75 and parameters: {'max_depth': 15, 'min_samples_split': 9, 'min_samples_leaf': 2, 'class_weight': 'balanced'}. Best is trial 2 with value: 0.7853566958698374.
2025-02-02 13:46:34,653 - INFO - Trial 8 finished with value: 0.75 and parameters: {'max_depth': 5, 'min_samples_split': 9, 'min_samples_leaf': 2, 'class_weight': None}. Best is trial 2 with value: 0.7853566958698374.
2025-02-02 13:46:34,674 - INFO - Trial 9 finished with value: 0.7584541062801933 and parameters: {'max_depth': 12, 'min_samples_split': 4, 'min_samples_leaf': 4, 'class_weight': None}. Best is trial 2 with value: 0.7853566958698374.
2025-02-02 13:46:34,706 - INFO - Trial 10 finished with value: 0.7584541062801933 and parameters: {'max_depth': 20, 'min_samples_split': 5, 'min_samples_leaf': 3, 'class_weight': 'balanced'}. Best is trial 2 with value: 0.7853566958698374.
2025-02-02 13:46:34,740 - INFO - Trial 11 finished with value: 0.7584541062801933 and parameters: {'max_depth': 4, 'min_samples_split': 2, 'min_samples_leaf': 3, 'class_weight': 'balanced'}. Best is trial 2 with value: 0.7853566958698374.
2025-02-02 13:46:34,771 - INFO - Trial 12 finished with value: 0.7584541062801933 and parameters: {'max_depth': 9, 'min_samples_split': 3, 'min_samples_leaf': 3, 'class_weight': 'balanced'}. Best is trial 2 with value: 0.7853566958698374.
2025-02-02 13:46:34,802 - INFO - Trial 13 finished with value: 0.7584541062801933 and parameters: {'max_depth': 19, 'min_samples_split': 2, 'min_samples_leaf': 4, 'class_weight': 'balanced'}. Best is trial 2 with value: 0.7853566958698374.
2025-02-02 13:46:34,833 - INFO - Trial 14 finished with value: 0.7584541062801933 and parameters: {'max_depth': 3, 'min_samples_split': 4, 'min_samples_leaf': 2, 'class_weight': 'balanced'}. Best is trial 2 with value: 0.7853566958698374.
2025-02-02 13:46:34,864 - INFO - Trial 15 finished with value: 0.7584541062801933 and parameters: {'max_depth': 17, 'min_samples_split': 6, 'min_samples_leaf': 3, 'class_weight': 'balanced'}. Best is trial 2 with value: 0.7853566958698374.
2025-02-02 13:46:34,896 - INFO - Trial 16 finished with value: 0.75 and parameters: {'max_depth': 7, 'min_samples_split': 3, 'min_samples_leaf': 2, 'class_weight': 'balanced'}. Best is trial 2 with value: 0.7853566958698374.
2025-02-02 13:46:34,928 - INFO - Trial 17 finished with value: 0.7584541062801933 and parameters: {'max_depth': 13, 'min_samples_split': 3, 'min_samples_leaf': 4, 'class_weight': 'balanced'}. Best is trial 2 with value: 0.7853566958698374.
2025-02-02 13:46:34,970 - INFO - Trial 18 finished with value: 0.7853566958698374 and parameters: {'max_depth': 10, 'min_samples_split': 5, 'min_samples_leaf': 3, 'class_weight': 'balanced'}. Best is trial 2 with value: 0.7853566958698374.
2025-02-02 13:46:34,998 - INFO - Trial 19 finished with value: 0.75 and parameters: {'max_depth': 10, 'min_samples_split': 6, 'min_samples_leaf': 2, 'class_weight': 'balanced'}. Best is trial 2 with value: 0.7853566958698374.
2025-02-02 13:46:35,027 - INFO - Trial 20 finished with value: 0.7584541062801933 and parameters: {'max_depth': 18, 'min_samples_split': 7, 'min_samples_leaf': 4, 'class_weight': 'balanced'}. Best is trial 2 with value: 0.7853566958698374.
2025-02-02 13:46:35,057 - INFO - Trial 21 finished with value: 0.7853566958698374 and parameters: {'max_depth': 6, 'min_samples_split': 5, 'min_samples_leaf': 3, 'class_weight': 'balanced'}. Best is trial 2 with value: 0.7853566958698374.
2025-02-02 13:46:35,086 - INFO - Trial 22 finished with value: 0.7584541062801933 and parameters: {'max_depth': 7, 'min_samples_split': 5, 'min_samples_leaf': 3, 'class_weight': 'balanced'}. Best is trial 2 with value: 0.7853566958698374.
2025-02-02 13:46:35,115 - INFO - Trial 23 finished with value: 0.7853566958698374 and parameters: {'max_depth': 8, 'min_samples_split': 5, 'min_samples_leaf': 3, 'class_weight': 'balanced'}. Best is trial 2 with value: 0.7853566958698374.
2025-02-02 13:46:35,147 - INFO - Trial 24 finished with value: 0.7584541062801933 and parameters: {'max_depth': 11, 'min_samples_split': 6, 'min_samples_leaf': 3, 'class_weight': 'balanced'}. Best is trial 2 with value: 0.7853566958698374.
2025-02-02 13:46:35,178 - INFO - Trial 25 finished with value: 0.75 and parameters: {'max_depth': 5, 'min_samples_split': 10, 'min_samples_leaf': 2, 'class_weight': 'balanced'}. Best is trial 2 with value: 0.7853566958698374.
2025-02-02 13:46:35,207 - INFO - Trial 26 finished with value: 0.7584541062801933 and parameters: {'max_depth': 13, 'min_samples_split': 8, 'min_samples_leaf': 3, 'class_weight': None}. Best is trial 2 with value: 0.7853566958698374.
2025-02-02 13:46:35,238 - INFO - Trial 27 finished with value: 0.7584541062801933 and parameters: {'max_depth': 14, 'min_samples_split': 5, 'min_samples_leaf': 4, 'class_weight': 'balanced'}. Best is trial 2 with value: 0.7853566958698374.
2025-02-02 13:46:35,268 - INFO - Trial 28 finished with value: 0.7853566958698374 and parameters: {'max_depth': 11, 'min_samples_split': 4, 'min_samples_leaf': 3, 'class_weight': 'balanced'}. Best is trial 2 with value: 0.7853566958698374.
2025-02-02 13:46:35,301 - INFO - Trial 29 finished with value: 0.75 and parameters: {'max_depth': 6, 'min_samples_split': 2, 'min_samples_leaf': 2, 'class_weight': 'balanced'}. Best is trial 2 with value: 0.7853566958698374.
2025-02-02 13:46:35,330 - INFO - Trial 30 finished with value: 0.7584541062801933 and parameters: {'max_depth': 9, 'min_samples_split': 6, 'min_samples_leaf': 4, 'class_weight': 'balanced'}. Best is trial 2 with value: 0.7853566958698374.
2025-02-02 13:46:35,361 - INFO - Trial 31 finished with value: 0.7584541062801933 and parameters: {'max_depth': 8, 'min_samples_split': 5, 'min_samples_leaf': 3, 'class_weight': 'balanced'}. Best is trial 2 with value: 0.7853566958698374.
2025-02-02 13:46:35,393 - INFO - Trial 32 finished with value: 0.7853566958698374 and parameters: {'max_depth': 9, 'min_samples_split': 5, 'min_samples_leaf': 3, 'class_weight': 'balanced'}. Best is trial 2 with value: 0.7853566958698374.
2025-02-02 13:46:35,427 - INFO - Trial 33 finished with value: 0.7584541062801933 and parameters: {'max_depth': 8, 'min_samples_split': 4, 'min_samples_leaf': 3, 'class_weight': 'balanced'}. Best is trial 2 with value: 0.7853566958698374.
2025-02-02 13:46:35,459 - INFO - Trial 34 finished with value: 0.7584541062801933 and parameters: {'max_depth': 12, 'min_samples_split': 7, 'min_samples_leaf': 3, 'class_weight': 'balanced'}. Best is trial 2 with value: 0.7853566958698374.
2025-02-02 13:46:35,489 - INFO - Trial 35 finished with value: 0.7853566958698374 and parameters: {'max_depth': 6, 'min_samples_split': 6, 'min_samples_leaf': 3, 'class_weight': None}. Best is trial 2 with value: 0.7853566958698374.
2025-02-02 13:46:35,520 - INFO - Trial 36 finished with value: 0.7584541062801933 and parameters: {'max_depth': 10, 'min_samples_split': 3, 'min_samples_leaf': 3, 'class_weight': 'balanced'}. Best is trial 2 with value: 0.7853566958698374.
2025-02-02 13:46:35,551 - INFO - Trial 37 finished with value: 0.75 and parameters: {'max_depth': 15, 'min_samples_split': 7, 'min_samples_leaf': 1, 'class_weight': None}. Best is trial 2 with value: 0.7853566958698374.
2025-02-02 13:46:35,584 - INFO - Trial 38 finished with value: 0.7584541062801933 and parameters: {'max_depth': 8, 'min_samples_split': 5, 'min_samples_leaf': 4, 'class_weight': 'balanced'}. Best is trial 2 with value: 0.7853566958698374.
2025-02-02 13:46:35,620 - INFO - Trial 39 finished with value: 0.75 and parameters: {'max_depth': 14, 'min_samples_split': 8, 'min_samples_leaf': 2, 'class_weight': 'balanced'}. Best is trial 2 with value: 0.7853566958698374.
2025-02-02 13:46:35,652 - INFO - Trial 40 finished with value: 0.7853566958698374 and parameters: {'max_depth': 6, 'min_samples_split': 4, 'min_samples_leaf': 3, 'class_weight': None}. Best is trial 2 with value: 0.7853566958698374.
2025-02-02 13:46:35,683 - INFO - Trial 41 finished with value: 0.7853566958698374 and parameters: {'max_depth': 11, 'min_samples_split': 4, 'min_samples_leaf': 3, 'class_weight': 'balanced'}. Best is trial 2 with value: 0.7853566958698374.
2025-02-02 13:46:35,714 - INFO - Trial 42 finished with value: 0.7584541062801933 and parameters: {'max_depth': 11, 'min_samples_split': 4, 'min_samples_leaf': 3, 'class_weight': 'balanced'}. Best is trial 2 with value: 0.7853566958698374.
2025-02-02 13:46:35,746 - INFO - Trial 43 finished with value: 0.7584541062801933 and parameters: {'max_depth': 12, 'min_samples_split': 5, 'min_samples_leaf': 3, 'class_weight': 'balanced'}. Best is trial 2 with value: 0.7853566958698374.
2025-02-02 13:46:35,777 - INFO - Trial 44 finished with value: 0.7584541062801933 and parameters: {'max_depth': 10, 'min_samples_split': 3, 'min_samples_leaf': 3, 'class_weight': 'balanced'}. Best is trial 2 with value: 0.7853566958698374.
2025-02-02 13:46:35,808 - INFO - Trial 45 finished with value: 0.7853566958698374 and parameters: {'max_depth': 16, 'min_samples_split': 2, 'min_samples_leaf': 3, 'class_weight': 'balanced'}. Best is trial 2 with value: 0.7853566958698374.
2025-02-02 13:46:35,840 - INFO - Trial 46 finished with value: 0.7584541062801933 and parameters: {'max_depth': 5, 'min_samples_split': 5, 'min_samples_leaf': 3, 'class_weight': 'balanced'}. Best is trial 2 with value: 0.7853566958698374.
2025-02-02 13:46:35,871 - INFO - Trial 47 finished with value: 0.75 and parameters: {'max_depth': 9, 'min_samples_split': 4, 'min_samples_leaf': 2, 'class_weight': 'balanced'}. Best is trial 2 with value: 0.7853566958698374.
2025-02-02 13:46:35,902 - INFO - Trial 48 finished with value: 0.7584541062801933 and parameters: {'max_depth': 3, 'min_samples_split': 4, 'min_samples_leaf': 4, 'class_weight': None}. Best is trial 2 with value: 0.7853566958698374.
2025-02-02 13:46:35,934 - INFO - Trial 49 finished with value: 0.7584541062801933 and parameters: {'max_depth': 8, 'min_samples_split': 6, 'min_samples_leaf': 3, 'class_weight': 'balanced'}. Best is trial 2 with value: 0.7853566958698374.
2025-02-02 13:46:35,965 - INFO - Trial 50 finished with value: 0.7584541062801933 and parameters: {'max_depth': 4, 'min_samples_split': 2, 'min_samples_leaf': 3, 'class_weight': 'balanced'}. Best is trial 2 with value: 0.7853566958698374.
2025-02-02 13:46:35,997 - INFO - Trial 51 finished with value: 0.7853566958698374 and parameters: {'max_depth': 9, 'min_samples_split': 5, 'min_samples_leaf': 3, 'class_weight': 'balanced'}. Best is trial 2 with value: 0.7853566958698374.
2025-02-02 13:46:36,028 - INFO - Trial 52 finished with value: 0.7584541062801933 and parameters: {'max_depth': 10, 'min_samples_split': 5, 'min_samples_leaf': 3, 'class_weight': 'balanced'}. Best is trial 2 with value: 0.7853566958698374.
2025-02-02 13:46:36,061 - INFO - Trial 53 finished with value: 0.7584541062801933 and parameters: {'max_depth': 11, 'min_samples_split': 5, 'min_samples_leaf': 3, 'class_weight': 'balanced'}. Best is trial 2 with value: 0.7853566958698374.
2025-02-02 13:46:36,095 - INFO - Trial 54 finished with value: 0.7853566958698374 and parameters: {'max_depth': 7, 'min_samples_split': 6, 'min_samples_leaf': 3, 'class_weight': 'balanced'}. Best is trial 2 with value: 0.7853566958698374.
2025-02-02 13:46:36,131 - INFO - Trial 55 finished with value: 0.7584541062801933 and parameters: {'max_depth': 9, 'min_samples_split': 3, 'min_samples_leaf': 3, 'class_weight': 'balanced'}. Best is trial 2 with value: 0.7853566958698374.
2025-02-02 13:46:36,163 - INFO - Trial 56 finished with value: 0.75 and parameters: {'max_depth': 7, 'min_samples_split': 4, 'min_samples_leaf': 2, 'class_weight': 'balanced'}. Best is trial 2 with value: 0.7853566958698374.
2025-02-02 13:46:36,196 - INFO - Trial 57 finished with value: 0.7853566958698374 and parameters: {'max_depth': 20, 'min_samples_split': 5, 'min_samples_leaf': 3, 'class_weight': 'balanced'}. Best is trial 2 with value: 0.7853566958698374.
2025-02-02 13:46:36,232 - INFO - Trial 58 finished with value: 0.7584541062801933 and parameters: {'max_depth': 14, 'min_samples_split': 6, 'min_samples_leaf': 4, 'class_weight': 'balanced'}. Best is trial 2 with value: 0.7853566958698374.
2025-02-02 13:46:36,267 - INFO - Trial 59 finished with value: 0.7853566958698374 and parameters: {'max_depth': 13, 'min_samples_split': 3, 'min_samples_leaf': 3, 'class_weight': 'balanced'}. Best is trial 2 with value: 0.7853566958698374.
2025-02-02 13:46:36,302 - INFO - Trial 60 finished with value: 0.7853566958698374 and parameters: {'max_depth': 10, 'min_samples_split': 5, 'min_samples_leaf': 3, 'class_weight': None}. Best is trial 2 with value: 0.7853566958698374.
2025-02-02 13:46:36,337 - INFO - Trial 61 finished with value: 0.7853566958698374 and parameters: {'max_depth': 6, 'min_samples_split': 6, 'min_samples_leaf': 3, 'class_weight': None}. Best is trial 2 with value: 0.7853566958698374.
2025-02-02 13:46:36,371 - INFO - Trial 62 finished with value: 0.7584541062801933 and parameters: {'max_depth': 5, 'min_samples_split': 6, 'min_samples_leaf': 3, 'class_weight': None}. Best is trial 2 with value: 0.7853566958698374.
2025-02-02 13:46:36,406 - INFO - Trial 63 finished with value: 0.7584541062801933 and parameters: {'max_depth': 7, 'min_samples_split': 7, 'min_samples_leaf': 3, 'class_weight': None}. Best is trial 2 with value: 0.7853566958698374.
2025-02-02 13:46:36,443 - INFO - Trial 64 finished with value: 0.7853566958698374 and parameters: {'max_depth': 6, 'min_samples_split': 5, 'min_samples_leaf': 3, 'class_weight': None}. Best is trial 2 with value: 0.7853566958698374.
2025-02-02 13:46:36,482 - INFO - Trial 65 finished with value: 0.7584541062801933 and parameters: {'max_depth': 4, 'min_samples_split': 6, 'min_samples_leaf': 3, 'class_weight': None}. Best is trial 2 with value: 0.7853566958698374.
2025-02-02 13:46:36,521 - INFO - Trial 66 finished with value: 0.75 and parameters: {'max_depth': 8, 'min_samples_split': 4, 'min_samples_leaf': 2, 'class_weight': 'balanced'}. Best is trial 2 with value: 0.7853566958698374.
2025-02-02 13:46:36,555 - INFO - Trial 67 finished with value: 0.7584541062801933 and parameters: {'max_depth': 12, 'min_samples_split': 6, 'min_samples_leaf': 3, 'class_weight': 'balanced'}. Best is trial 2 with value: 0.7853566958698374.
2025-02-02 13:46:36,588 - INFO - Trial 68 finished with value: 0.7584541062801933 and parameters: {'max_depth': 18, 'min_samples_split': 5, 'min_samples_leaf': 4, 'class_weight': None}. Best is trial 2 with value: 0.7853566958698374.
2025-02-02 13:46:36,621 - INFO - Trial 69 finished with value: 0.7584541062801933 and parameters: {'max_depth': 9, 'min_samples_split': 7, 'min_samples_leaf': 3, 'class_weight': 'balanced'}. Best is trial 2 with value: 0.7853566958698374.
2025-02-02 13:46:36,654 - INFO - Trial 70 finished with value: 0.7584541062801933 and parameters: {'max_depth': 6, 'min_samples_split': 3, 'min_samples_leaf': 3, 'class_weight': 'balanced'}. Best is trial 2 with value: 0.7853566958698374.
2025-02-02 13:46:36,686 - INFO - Trial 71 finished with value: 0.7584541062801933 and parameters: {'max_depth': 5, 'min_samples_split': 4, 'min_samples_leaf': 3, 'class_weight': None}. Best is trial 2 with value: 0.7853566958698374.
2025-02-02 13:46:36,718 - INFO - Trial 72 finished with value: 0.7584541062801933 and parameters: {'max_depth': 6, 'min_samples_split': 4, 'min_samples_leaf': 3, 'class_weight': None}. Best is trial 2 with value: 0.7853566958698374.
2025-02-02 13:46:36,750 - INFO - Trial 73 finished with value: 0.7853566958698374 and parameters: {'max_depth': 7, 'min_samples_split': 4, 'min_samples_leaf': 3, 'class_weight': None}. Best is trial 2 with value: 0.7853566958698374.
2025-02-02 13:46:36,781 - INFO - Trial 74 finished with value: 0.7584541062801933 and parameters: {'max_depth': 8, 'min_samples_split': 5, 'min_samples_leaf': 3, 'class_weight': None}. Best is trial 2 with value: 0.7853566958698374.
2025-02-02 13:46:36,813 - INFO - Trial 75 finished with value: 0.7584541062801933 and parameters: {'max_depth': 11, 'min_samples_split': 2, 'min_samples_leaf': 3, 'class_weight': None}. Best is trial 2 with value: 0.7853566958698374.
2025-02-02 13:46:36,845 - INFO - Trial 76 finished with value: 0.75 and parameters: {'max_depth': 5, 'min_samples_split': 5, 'min_samples_leaf': 1, 'class_weight': 'balanced'}. Best is trial 2 with value: 0.7853566958698374.
2025-02-02 13:46:36,877 - INFO - Trial 77 finished with value: 0.7584541062801933 and parameters: {'max_depth': 10, 'min_samples_split': 8, 'min_samples_leaf': 3, 'class_weight': 'balanced'}. Best is trial 2 with value: 0.7853566958698374.
2025-02-02 13:46:36,909 - INFO - Trial 78 finished with value: 0.7584541062801933 and parameters: {'max_depth': 9, 'min_samples_split': 6, 'min_samples_leaf': 3, 'class_weight': None}. Best is trial 2 with value: 0.7853566958698374.
2025-02-02 13:46:36,942 - INFO - Trial 79 finished with value: 0.75 and parameters: {'max_depth': 4, 'min_samples_split': 4, 'min_samples_leaf': 2, 'class_weight': 'balanced'}. Best is trial 2 with value: 0.7853566958698374.
2025-02-02 13:46:36,975 - INFO - Trial 80 finished with value: 0.7853566958698374 and parameters: {'max_depth': 6, 'min_samples_split': 5, 'min_samples_leaf': 3, 'class_weight': 'balanced'}. Best is trial 2 with value: 0.7853566958698374.
2025-02-02 13:46:37,007 - INFO - Trial 81 finished with value: 0.7584541062801933 and parameters: {'max_depth': 11, 'min_samples_split': 4, 'min_samples_leaf': 3, 'class_weight': 'balanced'}. Best is trial 2 with value: 0.7853566958698374.
2025-02-02 13:46:37,039 - INFO - Trial 82 finished with value: 0.7853566958698374 and parameters: {'max_depth': 12, 'min_samples_split': 3, 'min_samples_leaf': 3, 'class_weight': 'balanced'}. Best is trial 2 with value: 0.7853566958698374.
2025-02-02 13:46:37,072 - INFO - Trial 83 finished with value: 0.7584541062801933 and parameters: {'max_depth': 11, 'min_samples_split': 4, 'min_samples_leaf': 3, 'class_weight': 'balanced'}. Best is trial 2 with value: 0.7853566958698374.
2025-02-02 13:46:37,104 - INFO - Trial 84 finished with value: 0.7584541062801933 and parameters: {'max_depth': 10, 'min_samples_split': 10, 'min_samples_leaf': 3, 'class_weight': 'balanced'}. Best is trial 2 with value: 0.7853566958698374.
2025-02-02 13:46:37,137 - INFO - Trial 85 finished with value: 0.7853566958698374 and parameters: {'max_depth': 8, 'min_samples_split': 3, 'min_samples_leaf': 3, 'class_weight': 'balanced'}. Best is trial 2 with value: 0.7853566958698374.
2025-02-02 13:46:37,174 - INFO - Trial 86 finished with value: 0.7853566958698374 and parameters: {'max_depth': 12, 'min_samples_split': 5, 'min_samples_leaf': 3, 'class_weight': 'balanced'}. Best is trial 2 with value: 0.7853566958698374.
2025-02-02 13:46:37,209 - INFO - Trial 87 finished with value: 0.7853566958698374 and parameters: {'max_depth': 9, 'min_samples_split': 4, 'min_samples_leaf': 3, 'class_weight': 'balanced'}. Best is trial 2 with value: 0.7853566958698374.
2025-02-02 13:46:37,243 - INFO - Trial 88 finished with value: 0.7584541062801933 and parameters: {'max_depth': 17, 'min_samples_split': 5, 'min_samples_leaf': 3, 'class_weight': 'balanced'}. Best is trial 2 with value: 0.7853566958698374.
2025-02-02 13:46:37,278 - INFO - Trial 89 finished with value: 0.7853566958698374 and parameters: {'max_depth': 13, 'min_samples_split': 6, 'min_samples_leaf': 3, 'class_weight': 'balanced'}. Best is trial 2 with value: 0.7853566958698374.
2025-02-02 13:46:37,311 - INFO - Trial 90 finished with value: 0.7584541062801933 and parameters: {'max_depth': 7, 'min_samples_split': 4, 'min_samples_leaf': 4, 'class_weight': None}. Best is trial 2 with value: 0.7853566958698374.
2025-02-02 13:46:37,344 - INFO - Trial 91 finished with value: 0.7584541062801933 and parameters: {'max_depth': 16, 'min_samples_split': 2, 'min_samples_leaf': 3, 'class_weight': 'balanced'}. Best is trial 2 with value: 0.7853566958698374.
2025-02-02 13:46:37,378 - INFO - Trial 92 finished with value: 0.7584541062801933 and parameters: {'max_depth': 16, 'min_samples_split': 2, 'min_samples_leaf': 3, 'class_weight': 'balanced'}. Best is trial 2 with value: 0.7853566958698374.
