2024-12-10 14:53:25,321 - INFO - Trial 74 finished with value: 1.0 and parameters: {'n_estimators': 123, 'max_depth': 14, 'min_samples_split': 3, 'min_samples_leaf': 1, 'class_weight': 'balanced'}. Best is trial 4 with value: 1.0.
2024-12-10 14:53:25,896 - INFO - Trial 75 finished with value: 0.9949377571191965 and parameters: {'n_estimators': 289, 'max_depth': 10, 'min_samples_split': 7, 'min_samples_leaf': 1, 'class_weight': 'balanced'}. Best is trial 4 with value: 1.0.
2024-12-10 14:53:26,133 - INFO - Trial 76 finished with value: 1.0 and parameters: {'n_estimators': 111, 'max_depth': 13, 'min_samples_split': 4, 'min_samples_leaf': 3, 'class_weight': 'balanced'}. Best is trial 4 with value: 1.0.
2024-12-10 14:53:26,316 - INFO - Trial 77 finished with value: 1.0 and parameters: {'n_estimators': 79, 'max_depth': 18, 'min_samples_split': 3, 'min_samples_leaf': 2, 'class_weight': None}. Best is trial 4 with value: 1.0.
2024-12-10 14:53:26,849 - INFO - Trial 78 finished with value: 1.0 and parameters: {'n_estimators': 266, 'max_depth': 19, 'min_samples_split': 6, 'min_samples_leaf': 1, 'class_weight': 'balanced'}. Best is trial 4 with value: 1.0.
2024-12-10 14:53:27,147 - INFO - Trial 79 finished with value: 1.0 and parameters: {'n_estimators': 142, 'max_depth': 17, 'min_samples_split': 5, 'min_samples_leaf': 3, 'class_weight': None}. Best is trial 4 with value: 1.0.
2024-12-10 14:53:27,710 - INFO - Trial 80 finished with value: 1.0 and parameters: {'n_estimators': 278, 'max_depth': 20, 'min_samples_split': 4, 'min_samples_leaf': 1, 'class_weight': 'balanced'}. Best is trial 4 with value: 1.0.
2024-12-10 14:53:28,196 - INFO - Trial 81 finished with value: 1.0 and parameters: {'n_estimators': 241, 'max_depth': 20, 'min_samples_split': 7, 'min_samples_leaf': 2, 'class_weight': None}. Best is trial 4 with value: 1.0.
2024-12-10 14:53:28,655 - INFO - Trial 82 finished with value: 1.0 and parameters: {'n_estimators': 228, 'max_depth': 19, 'min_samples_split': 8, 'min_samples_leaf': 2, 'class_weight': None}. Best is trial 4 with value: 1.0.
2024-12-10 14:53:29,066 - INFO - Trial 83 finished with value: 1.0 and parameters: {'n_estimators': 200, 'max_depth': 18, 'min_samples_split': 8, 'min_samples_leaf': 2, 'class_weight': None}. Best is trial 4 with value: 1.0.
2024-12-10 14:53:29,529 - INFO - Trial 84 finished with value: 1.0 and parameters: {'n_estimators': 234, 'max_depth': 19, 'min_samples_split': 7, 'min_samples_leaf': 2, 'class_weight': None}. Best is trial 4 with value: 1.0.
2024-12-10 14:53:29,952 - INFO - Trial 85 finished with value: 0.99013357619915 and parameters: {'n_estimators': 217, 'max_depth': 9, 'min_samples_split': 6, 'min_samples_leaf': 3, 'class_weight': None}. Best is trial 4 with value: 1.0.
2024-12-10 14:53:30,457 - INFO - Trial 86 finished with value: 1.0 and parameters: {'n_estimators': 246, 'max_depth': 20, 'min_samples_split': 2, 'min_samples_leaf': 1, 'class_weight': None}. Best is trial 4 with value: 1.0.
2024-12-10 14:53:30,973 - INFO - Trial 87 finished with value: 1.0 and parameters: {'n_estimators': 257, 'max_depth': 16, 'min_samples_split': 5, 'min_samples_leaf': 2, 'class_weight': 'balanced'}. Best is trial 4 with value: 1.0.
2024-12-10 14:53:31,368 - INFO - Trial 88 finished with value: 1.0 and parameters: {'n_estimators': 190, 'max_depth': 14, 'min_samples_split': 8, 'min_samples_leaf': 1, 'class_weight': None}. Best is trial 4 with value: 1.0.
2024-12-10 14:53:31,588 - INFO - Trial 89 finished with value: 1.0 and parameters: {'n_estimators': 99, 'max_depth': 12, 'min_samples_split': 3, 'min_samples_leaf': 4, 'class_weight': 'balanced'}. Best is trial 4 with value: 1.0.
2024-12-10 14:53:32,302 - INFO - Trial 90 finished with value: 1.0 and parameters: {'n_estimators': 291, 'max_depth': 15, 'min_samples_split': 5, 'min_samples_leaf': 3, 'class_weight': 'balanced'}. Best is trial 4 with value: 1.0.
2024-12-10 14:53:32,638 - INFO - Trial 91 finished with value: 1.0 and parameters: {'n_estimators': 164, 'max_depth': 16, 'min_samples_split': 6, 'min_samples_leaf': 3, 'class_weight': None}. Best is trial 4 with value: 1.0.
2024-12-10 14:53:33,112 - INFO - Trial 92 finished with value: 1.0 and parameters: {'n_estimators': 236, 'max_depth': 15, 'min_samples_split': 7, 'min_samples_leaf': 3, 'class_weight': None}. Best is trial 4 with value: 1.0.
2024-12-10 14:53:33,598 - INFO - Trial 93 finished with value: 1.0 and parameters: {'n_estimators': 211, 'max_depth': 19, 'min_samples_split': 6, 'min_samples_leaf': 3, 'class_weight': None}. Best is trial 4 with value: 1.0.
2024-12-10 14:53:34,082 - INFO - Trial 94 finished with value: 1.0 and parameters: {'n_estimators': 246, 'max_depth': 17, 'min_samples_split': 9, 'min_samples_leaf': 3, 'class_weight': None}. Best is trial 4 with value: 1.0.
2024-12-10 14:53:34,458 - INFO - Trial 95 finished with value: 0.99013357619915 and parameters: {'n_estimators': 184, 'max_depth': 8, 'min_samples_split': 4, 'min_samples_leaf': 3, 'class_weight': None}. Best is trial 4 with value: 1.0.
2024-12-10 14:53:35,026 - INFO - Trial 96 finished with value: 1.0 and parameters: {'n_estimators': 284, 'max_depth': 20, 'min_samples_split': 7, 'min_samples_leaf': 1, 'class_weight': None}. Best is trial 4 with value: 1.0.
2024-12-10 14:53:35,384 - INFO - Trial 97 finished with value: 1.0 and parameters: {'n_estimators': 174, 'max_depth': 18, 'min_samples_split': 4, 'min_samples_leaf': 2, 'class_weight': 'balanced'}. Best is trial 4 with value: 1.0.
2024-12-10 14:53:35,780 - INFO - Trial 98 finished with value: 0.99013357619915 and parameters: {'n_estimators': 224, 'max_depth': 3, 'min_samples_split': 6, 'min_samples_leaf': 3, 'class_weight': 'balanced'}. Best is trial 4 with value: 1.0.
2024-12-10 14:53:36,297 - INFO - Trial 99 finished with value: 1.0 and parameters: {'n_estimators': 253, 'max_depth': 14, 'min_samples_split': 5, 'min_samples_leaf': 1, 'class_weight': None}. Best is trial 4 with value: 1.0.
2024-12-10 14:53:37,060 - INFO - A new study created in memory with name: no-name-6b7119b1-1073-4fdb-ba21-4e05a1e664ce
2024-12-10 14:53:37,083 - INFO - Trial 0 finished with value: 0.99013357619915 and parameters: {'max_depth': 4, 'min_samples_split': 2, 'min_samples_leaf': 2, 'class_weight': None}. Best is trial 0 with value: 0.99013357619915.
2024-12-10 14:53:37,109 - INFO - Trial 1 finished with value: 0.9895833333333334 and parameters: {'max_depth': 6, 'min_samples_split': 4, 'min_samples_leaf': 4, 'class_weight': 'balanced'}. Best is trial 0 with value: 0.99013357619915.
2024-12-10 14:53:37,129 - INFO - Trial 2 finished with value: 0.9895833333333334 and parameters: {'max_depth': 12, 'min_samples_split': 10, 'min_samples_leaf': 4, 'class_weight': None}. Best is trial 0 with value: 0.99013357619915.
2024-12-10 14:53:37,152 - INFO - Trial 3 finished with value: 0.9895833333333334 and parameters: {'max_depth': 6, 'min_samples_split': 8, 'min_samples_leaf': 2, 'class_weight': 'balanced'}. Best is trial 0 with value: 0.99013357619915.
2024-12-10 14:53:37,174 - INFO - Trial 4 finished with value: 0.9895833333333334 and parameters: {'max_depth': 6, 'min_samples_split': 3, 'min_samples_leaf': 4, 'class_weight': 'balanced'}. Best is trial 0 with value: 0.99013357619915.
2024-12-10 14:53:37,198 - INFO - Trial 5 finished with value: 0.9946251129177958 and parameters: {'max_depth': 15, 'min_samples_split': 4, 'min_samples_leaf': 3, 'class_weight': 'balanced'}. Best is trial 5 with value: 0.9946251129177958.
2024-12-10 14:53:37,220 - INFO - Trial 6 finished with value: 0.9946251129177958 and parameters: {'max_depth': 10, 'min_samples_split': 2, 'min_samples_leaf': 1, 'class_weight': None}. Best is trial 5 with value: 0.9946251129177958.
2024-12-10 14:53:37,243 - INFO - Trial 7 finished with value: 0.9946251129177958 and parameters: {'max_depth': 16, 'min_samples_split': 7, 'min_samples_leaf': 2, 'class_weight': 'balanced'}. Best is trial 5 with value: 0.9946251129177958.
2024-12-10 14:53:37,266 - INFO - Trial 8 finished with value: 0.9888674388674389 and parameters: {'max_depth': 20, 'min_samples_split': 2, 'min_samples_leaf': 2, 'class_weight': 'balanced'}. Best is trial 5 with value: 0.9946251129177958.
2024-12-10 14:53:37,293 - INFO - Trial 9 finished with value: 0.9949377571191965 and parameters: {'max_depth': 9, 'min_samples_split': 3, 'min_samples_leaf': 1, 'class_weight': 'balanced'}. Best is trial 9 with value: 0.9949377571191965.
2024-12-10 14:53:37,325 - INFO - Trial 10 finished with value: 1.0 and parameters: {'max_depth': 10, 'min_samples_split': 5, 'min_samples_leaf': 1, 'class_weight': None}. Best is trial 10 with value: 1.0.
2024-12-10 14:53:37,356 - INFO - Trial 11 finished with value: 0.9895833333333334 and parameters: {'max_depth': 11, 'min_samples_split': 5, 'min_samples_leaf': 1, 'class_weight': None}. Best is trial 10 with value: 1.0.
2024-12-10 14:53:37,393 - INFO - Trial 12 finished with value: 0.9895833333333334 and parameters: {'max_depth': 9, 'min_samples_split': 6, 'min_samples_leaf': 1, 'class_weight': None}. Best is trial 10 with value: 1.0.
2024-12-10 14:53:37,424 - INFO - Trial 13 finished with value: 1.0 and parameters: {'max_depth': 13, 'min_samples_split': 5, 'min_samples_leaf': 1, 'class_weight': None}. Best is trial 10 with value: 1.0.
2024-12-10 14:53:37,454 - INFO - Trial 14 finished with value: 0.9946251129177958 and parameters: {'max_depth': 15, 'min_samples_split': 6, 'min_samples_leaf': 3, 'class_weight': None}. Best is trial 10 with value: 1.0.
2024-12-10 14:53:37,486 - INFO - Trial 15 finished with value: 0.9949377571191965 and parameters: {'max_depth': 13, 'min_samples_split': 8, 'min_samples_leaf': 1, 'class_weight': None}. Best is trial 10 with value: 1.0.
2024-12-10 14:53:37,519 - INFO - Trial 16 finished with value: 0.9895833333333334 and parameters: {'max_depth': 18, 'min_samples_split': 5, 'min_samples_leaf': 1, 'class_weight': None}. Best is trial 10 with value: 1.0.
2024-12-10 14:53:37,551 - INFO - Trial 17 finished with value: 0.9946251129177958 and parameters: {'max_depth': 13, 'min_samples_split': 5, 'min_samples_leaf': 3, 'class_weight': None}. Best is trial 10 with value: 1.0.
2024-12-10 14:53:37,584 - INFO - Trial 18 finished with value: 0.9895833333333334 and parameters: {'max_depth': 8, 'min_samples_split': 7, 'min_samples_leaf': 2, 'class_weight': None}. Best is trial 10 with value: 1.0.
2024-12-10 14:53:37,616 - INFO - Trial 19 finished with value: 0.9802671523982999 and parameters: {'max_depth': 3, 'min_samples_split': 10, 'min_samples_leaf': 1, 'class_weight': None}. Best is trial 10 with value: 1.0.
2024-12-10 14:53:37,649 - INFO - Trial 20 finished with value: 0.9888674388674389 and parameters: {'max_depth': 14, 'min_samples_split': 4, 'min_samples_leaf': 2, 'class_weight': None}. Best is trial 10 with value: 1.0.
2024-12-10 14:53:37,683 - INFO - Trial 21 finished with value: 0.99013357619915 and parameters: {'max_depth': 8, 'min_samples_split': 3, 'min_samples_leaf': 1, 'class_weight': 'balanced'}. Best is trial 10 with value: 1.0.
2024-12-10 14:53:37,717 - INFO - Trial 22 finished with value: 0.9949377571191965 and parameters: {'max_depth': 11, 'min_samples_split': 3, 'min_samples_leaf': 1, 'class_weight': 'balanced'}. Best is trial 10 with value: 1.0.
2024-12-10 14:53:37,752 - INFO - Trial 23 finished with value: 0.9888674388674389 and parameters: {'max_depth': 10, 'min_samples_split': 5, 'min_samples_leaf': 1, 'class_weight': 'balanced'}. Best is trial 10 with value: 1.0.
2024-12-10 14:53:37,785 - INFO - Trial 24 finished with value: 0.9895833333333334 and parameters: {'max_depth': 17, 'min_samples_split': 4, 'min_samples_leaf': 1, 'class_weight': None}. Best is trial 10 with value: 1.0.
2024-12-10 14:53:37,817 - INFO - Trial 25 finished with value: 0.9946251129177958 and parameters: {'max_depth': 9, 'min_samples_split': 7, 'min_samples_leaf': 2, 'class_weight': None}. Best is trial 10 with value: 1.0.
2024-12-10 14:53:37,851 - INFO - Trial 26 finished with value: 0.9895833333333334 and parameters: {'max_depth': 12, 'min_samples_split': 3, 'min_samples_leaf': 1, 'class_weight': 'balanced'}. Best is trial 10 with value: 1.0.
2024-12-10 14:53:37,882 - INFO - Trial 27 finished with value: 0.9895833333333334 and parameters: {'max_depth': 7, 'min_samples_split': 6, 'min_samples_leaf': 2, 'class_weight': None}. Best is trial 10 with value: 1.0.
2024-12-10 14:53:37,918 - INFO - Trial 28 finished with value: 0.9946251129177958 and parameters: {'max_depth': 13, 'min_samples_split': 5, 'min_samples_leaf': 1, 'class_weight': 'balanced'}. Best is trial 10 with value: 1.0.
2024-12-10 14:53:37,950 - INFO - Trial 29 finished with value: 0.99013357619915 and parameters: {'max_depth': 4, 'min_samples_split': 2, 'min_samples_leaf': 2, 'class_weight': None}. Best is trial 10 with value: 1.0.
2024-12-10 14:53:37,983 - INFO - Trial 30 finished with value: 0.9946251129177958 and parameters: {'max_depth': 10, 'min_samples_split': 4, 'min_samples_leaf': 3, 'class_weight': None}. Best is trial 10 with value: 1.0.
2024-12-10 14:53:38,015 - INFO - Trial 31 finished with value: 0.9895833333333334 and parameters: {'max_depth': 13, 'min_samples_split': 9, 'min_samples_leaf': 1, 'class_weight': None}. Best is trial 10 with value: 1.0.
2024-12-10 14:53:38,049 - INFO - Trial 32 finished with value: 1.0 and parameters: {'max_depth': 14, 'min_samples_split': 8, 'min_samples_leaf': 1, 'class_weight': None}. Best is trial 10 with value: 1.0.
2024-12-10 14:53:38,082 - INFO - Trial 33 finished with value: 0.9949377571191965 and parameters: {'max_depth': 14, 'min_samples_split': 8, 'min_samples_leaf': 1, 'class_weight': None}. Best is trial 10 with value: 1.0.
2024-12-10 14:53:38,114 - INFO - Trial 34 finished with value: 0.9946251129177958 and parameters: {'max_depth': 11, 'min_samples_split': 9, 'min_samples_leaf': 1, 'class_weight': None}. Best is trial 10 with value: 1.0.
2024-12-10 14:53:38,155 - INFO - Trial 35 finished with value: 0.9838753387533877 and parameters: {'max_depth': 8, 'min_samples_split': 6, 'min_samples_leaf': 2, 'class_weight': None}. Best is trial 10 with value: 1.0.
2024-12-10 14:53:38,203 - INFO - Trial 36 finished with value: 0.9895833333333334 and parameters: {'max_depth': 15, 'min_samples_split': 9, 'min_samples_leaf': 4, 'class_weight': 'balanced'}. Best is trial 10 with value: 1.0.
2024-12-10 14:53:38,241 - INFO - Trial 37 finished with value: 0.9848132713575893 and parameters: {'max_depth': 5, 'min_samples_split': 4, 'min_samples_leaf': 1, 'class_weight': 'balanced'}. Best is trial 10 with value: 1.0.
2024-12-10 14:53:38,275 - INFO - Trial 38 finished with value: 0.9949377571191965 and parameters: {'max_depth': 12, 'min_samples_split': 7, 'min_samples_leaf': 1, 'class_weight': None}. Best is trial 10 with value: 1.0.
2024-12-10 14:53:38,313 - INFO - Trial 39 finished with value: 0.9946251129177958 and parameters: {'max_depth': 18, 'min_samples_split': 6, 'min_samples_leaf': 2, 'class_weight': 'balanced'}. Best is trial 10 with value: 1.0.
2024-12-10 14:53:38,348 - INFO - Trial 40 finished with value: 0.9895833333333334 and parameters: {'max_depth': 9, 'min_samples_split': 3, 'min_samples_leaf': 1, 'class_weight': None}. Best is trial 10 with value: 1.0.
2024-12-10 14:53:38,383 - INFO - Trial 41 finished with value: 0.9946251129177958 and parameters: {'max_depth': 14, 'min_samples_split': 8, 'min_samples_leaf': 1, 'class_weight': None}. Best is trial 10 with value: 1.0.
2024-12-10 14:53:38,419 - INFO - Trial 42 finished with value: 1.0 and parameters: {'max_depth': 12, 'min_samples_split': 8, 'min_samples_leaf': 1, 'class_weight': None}. Best is trial 10 with value: 1.0.
2024-12-10 14:53:38,453 - INFO - Trial 43 finished with value: 0.9946251129177958 and parameters: {'max_depth': 12, 'min_samples_split': 7, 'min_samples_leaf': 1, 'class_weight': None}. Best is trial 10 with value: 1.0.
2024-12-10 14:53:38,487 - INFO - Trial 44 finished with value: 0.9949377571191965 and parameters: {'max_depth': 16, 'min_samples_split': 9, 'min_samples_leaf': 1, 'class_weight': None}. Best is trial 10 with value: 1.0.
2024-12-10 14:53:38,521 - INFO - Trial 45 finished with value: 0.9946251129177958 and parameters: {'max_depth': 10, 'min_samples_split': 8, 'min_samples_leaf': 1, 'class_weight': None}. Best is trial 10 with value: 1.0.
2024-12-10 14:53:38,558 - INFO - Trial 46 finished with value: 0.9895833333333334 and parameters: {'max_depth': 11, 'min_samples_split': 5, 'min_samples_leaf': 4, 'class_weight': None}. Best is trial 10 with value: 1.0.
2024-12-10 14:53:38,593 - INFO - Trial 47 finished with value: 0.9838753387533877 and parameters: {'max_depth': 7, 'min_samples_split': 10, 'min_samples_leaf': 2, 'class_weight': 'balanced'}. Best is trial 10 with value: 1.0.
2024-12-10 14:53:38,628 - INFO - Trial 48 finished with value: 0.9888674388674389 and parameters: {'max_depth': 16, 'min_samples_split': 8, 'min_samples_leaf': 1, 'class_weight': None}. Best is trial 10 with value: 1.0.
2024-12-10 14:53:38,661 - INFO - Trial 49 finished with value: 0.9888674388674389 and parameters: {'max_depth': 15, 'min_samples_split': 6, 'min_samples_leaf': 1, 'class_weight': None}. Best is trial 10 with value: 1.0.
2024-12-10 14:53:38,697 - INFO - Trial 50 finished with value: 0.9888674388674389 and parameters: {'max_depth': 14, 'min_samples_split': 5, 'min_samples_leaf': 2, 'class_weight': 'balanced'}. Best is trial 10 with value: 1.0.
2024-12-10 14:53:38,732 - INFO - Trial 51 finished with value: 0.9949377571191965 and parameters: {'max_depth': 13, 'min_samples_split': 8, 'min_samples_leaf': 1, 'class_weight': None}. Best is trial 10 with value: 1.0.
2024-12-10 14:53:38,770 - INFO - Trial 52 finished with value: 0.9888674388674389 and parameters: {'max_depth': 12, 'min_samples_split': 8, 'min_samples_leaf': 1, 'class_weight': None}. Best is trial 10 with value: 1.0.
2024-12-10 14:53:38,806 - INFO - Trial 53 finished with value: 0.9949377571191965 and parameters: {'max_depth': 13, 'min_samples_split': 7, 'min_samples_leaf': 1, 'class_weight': None}. Best is trial 10 with value: 1.0.
2024-12-10 14:53:38,841 - INFO - Trial 54 finished with value: 0.9949377571191965 and parameters: {'max_depth': 10, 'min_samples_split': 7, 'min_samples_leaf': 1, 'class_weight': None}. Best is trial 10 with value: 1.0.
2024-12-10 14:53:38,876 - INFO - Trial 55 finished with value: 0.9888674388674389 and parameters: {'max_depth': 11, 'min_samples_split': 9, 'min_samples_leaf': 1, 'class_weight': None}. Best is trial 10 with value: 1.0.
2024-12-10 14:53:38,909 - INFO - Trial 56 finished with value: 0.9895833333333334 and parameters: {'max_depth': 9, 'min_samples_split': 2, 'min_samples_leaf': 1, 'class_weight': None}. Best is trial 10 with value: 1.0.
2024-12-10 14:53:38,943 - INFO - Trial 57 finished with value: 1.0 and parameters: {'max_depth': 14, 'min_samples_split': 6, 'min_samples_leaf': 1, 'class_weight': None}. Best is trial 10 with value: 1.0.
2024-12-10 14:53:38,979 - INFO - Trial 58 finished with value: 0.9946251129177958 and parameters: {'max_depth': 14, 'min_samples_split': 6, 'min_samples_leaf': 1, 'class_weight': None}. Best is trial 10 with value: 1.0.
2024-12-10 14:53:39,016 - INFO - Trial 59 finished with value: 0.9895833333333334 and parameters: {'max_depth': 17, 'min_samples_split': 5, 'min_samples_leaf': 1, 'class_weight': 'balanced'}. Best is trial 10 with value: 1.0.
2024-12-10 14:53:39,049 - INFO - Trial 60 finished with value: 0.9895833333333334 and parameters: {'max_depth': 12, 'min_samples_split': 4, 'min_samples_leaf': 3, 'class_weight': None}. Best is trial 10 with value: 1.0.
2024-12-10 14:53:39,084 - INFO - Trial 61 finished with value: 0.9838753387533877 and parameters: {'max_depth': 15, 'min_samples_split': 6, 'min_samples_leaf': 1, 'class_weight': None}. Best is trial 10 with value: 1.0.
2024-12-10 14:53:39,116 - INFO - Trial 62 finished with value: 0.9946251129177958 and parameters: {'max_depth': 13, 'min_samples_split': 7, 'min_samples_leaf': 1, 'class_weight': None}. Best is trial 10 with value: 1.0.
2024-12-10 14:53:39,151 - INFO - Trial 63 finished with value: 0.9949377571191965 and parameters: {'max_depth': 13, 'min_samples_split': 5, 'min_samples_leaf': 1, 'class_weight': None}. Best is trial 10 with value: 1.0.
2024-12-10 14:53:39,189 - INFO - Trial 64 finished with value: 0.9888674388674389 and parameters: {'max_depth': 10, 'min_samples_split': 6, 'min_samples_leaf': 1, 'class_weight': None}. Best is trial 10 with value: 1.0.
2024-12-10 14:53:39,223 - INFO - Trial 65 finished with value: 0.9949377571191965 and parameters: {'max_depth': 11, 'min_samples_split': 4, 'min_samples_leaf': 1, 'class_weight': None}. Best is trial 10 with value: 1.0.
2024-12-10 14:53:39,262 - INFO - Trial 66 finished with value: 0.9946251129177958 and parameters: {'max_depth': 14, 'min_samples_split': 7, 'min_samples_leaf': 1, 'class_weight': 'balanced'}. Best is trial 10 with value: 1.0.
2024-12-10 14:53:39,295 - INFO - Trial 67 finished with value: 0.9946251129177958 and parameters: {'max_depth': 12, 'min_samples_split': 8, 'min_samples_leaf': 2, 'class_weight': None}. Best is trial 10 with value: 1.0.
2024-12-10 14:53:39,330 - INFO - Trial 68 finished with value: 0.9949377571191965 and parameters: {'max_depth': 15, 'min_samples_split': 3, 'min_samples_leaf': 1, 'class_weight': None}. Best is trial 10 with value: 1.0.
2024-12-10 14:53:39,366 - INFO - Trial 69 finished with value: 0.9895833333333334 and parameters: {'max_depth': 20, 'min_samples_split': 10, 'min_samples_leaf': 1, 'class_weight': None}. Best is trial 10 with value: 1.0.
2024-12-10 14:53:39,403 - INFO - Trial 70 finished with value: 0.9895833333333334 and parameters: {'max_depth': 7, 'min_samples_split': 9, 'min_samples_leaf': 2, 'class_weight': 'balanced'}. Best is trial 10 with value: 1.0.
