2025-02-02 13:46:43,080 - INFO - Trial 60 finished with value: 0.8792270531400965 and parameters: {'n_estimators': 288, 'max_depth': 7, 'learning_rate': 0.17953889147509386, 'subsample': 0.5562991956918556, 'colsample_bytree': 0.5512246418561023, 'scale_pos_weight': 1.3536042088158908}. Best is trial 17 with value: 0.8792270531400965.
2025-02-02 13:46:43,205 - INFO - Trial 61 finished with value: 0.8792270531400965 and parameters: {'n_estimators': 299, 'max_depth': 7, 'learning_rate': 0.1862991199380783, 'subsample': 0.5710692020212154, 'colsample_bytree': 0.5006841449306344, 'scale_pos_weight': 1.3281198168800237}. Best is trial 17 with value: 0.8792270531400965.
2025-02-02 13:46:43,320 - INFO - Trial 62 finished with value: 0.8188405797101449 and parameters: {'n_estimators': 300, 'max_depth': 7, 'learning_rate': 0.19280437501287637, 'subsample': 0.9943477957593478, 'colsample_bytree': 0.504372286586449, 'scale_pos_weight': 1.304942750678384}. Best is trial 17 with value: 0.8792270531400965.
2025-02-02 13:46:43,423 - INFO - Trial 63 finished with value: 0.846683354192741 and parameters: {'n_estimators': 287, 'max_depth': 7, 'learning_rate': 0.22080983066929133, 'subsample': 0.5781314852086521, 'colsample_bytree': 0.5212981313985143, 'scale_pos_weight': 1.3799827479723135}. Best is trial 17 with value: 0.8792270531400965.
2025-02-02 13:46:43,518 - INFO - Trial 64 finished with value: 0.8188405797101449 and parameters: {'n_estimators': 269, 'max_depth': 9, 'learning_rate': 0.17441242088370232, 'subsample': 0.5605020131425934, 'colsample_bytree': 0.5538269010281456, 'scale_pos_weight': 1.2213773065845146}. Best is trial 17 with value: 0.8792270531400965.
2025-02-02 13:46:43,621 - INFO - Trial 65 finished with value: 0.8792270531400965 and parameters: {'n_estimators': 288, 'max_depth': 6, 'learning_rate': 0.17786816184531648, 'subsample': 0.6064535233911508, 'colsample_bytree': 0.544249905404295, 'scale_pos_weight': 1.4710001589781232}. Best is trial 17 with value: 0.8792270531400965.
2025-02-02 13:46:43,725 - INFO - Trial 66 finished with value: 0.8188405797101449 and parameters: {'n_estimators': 288, 'max_depth': 8, 'learning_rate': 0.19453992929601144, 'subsample': 0.602590872506755, 'colsample_bytree': 0.5960138159818498, 'scale_pos_weight': 1.4906279065346724}. Best is trial 17 with value: 0.8792270531400965.
2025-02-02 13:46:43,822 - INFO - Trial 67 finished with value: 0.8792270531400965 and parameters: {'n_estimators': 276, 'max_depth': 6, 'learning_rate': 0.20310160637958224, 'subsample': 0.5850899541327612, 'colsample_bytree': 0.5756978183688873, 'scale_pos_weight': 1.3191807130846755}. Best is trial 17 with value: 0.8792270531400965.
2025-02-02 13:46:43,927 - INFO - Trial 68 finished with value: 0.8792270531400965 and parameters: {'n_estimators': 277, 'max_depth': 6, 'learning_rate': 0.2062929222149632, 'subsample': 0.5131132892317204, 'colsample_bytree': 0.5379034277044892, 'scale_pos_weight': 1.3266069406522145}. Best is trial 17 with value: 0.8792270531400965.
2025-02-02 13:46:44,232 - INFO - Trial 69 finished with value: 0.8188405797101449 and parameters: {'n_estimators': 261, 'max_depth': 6, 'learning_rate': 0.23832825581770742, 'subsample': 0.5353811198337834, 'colsample_bytree': 0.5741598857366202, 'scale_pos_weight': 1.2798365520420656}. Best is trial 17 with value: 0.8792270531400965.
2025-02-02 13:46:44,348 - INFO - Trial 70 finished with value: 0.8508771929824562 and parameters: {'n_estimators': 293, 'max_depth': 5, 'learning_rate': 0.17767839914273015, 'subsample': 0.6130020021606579, 'colsample_bytree': 0.5477253574715749, 'scale_pos_weight': 1.1969768598626218}. Best is trial 17 with value: 0.8792270531400965.
2025-02-02 13:46:44,464 - INFO - Trial 71 finished with value: 0.8508771929824562 and parameters: {'n_estimators': 273, 'max_depth': 6, 'learning_rate': 0.20697978985566434, 'subsample': 0.5120262501631263, 'colsample_bytree': 0.5196417541831484, 'scale_pos_weight': 1.333022034989251}. Best is trial 17 with value: 0.8792270531400965.
2025-02-02 13:46:44,574 - INFO - Trial 72 finished with value: 0.8792270531400965 and parameters: {'n_estimators': 282, 'max_depth': 8, 'learning_rate': 0.19934009720116153, 'subsample': 0.5002718999620637, 'colsample_bytree': 0.5373305436522582, 'scale_pos_weight': 1.4064693336209075}. Best is trial 17 with value: 0.8792270531400965.
2025-02-02 13:46:44,685 - INFO - Trial 73 finished with value: 0.8792270531400965 and parameters: {'n_estimators': 253, 'max_depth': 6, 'learning_rate': 0.2274696112992435, 'subsample': 0.5895505995327244, 'colsample_bytree': 0.5009860223809951, 'scale_pos_weight': 1.5358765029853823}. Best is trial 17 with value: 0.8792270531400965.
2025-02-02 13:46:44,797 - INFO - Trial 74 finished with value: 0.8188405797101449 and parameters: {'n_estimators': 300, 'max_depth': 7, 'learning_rate': 0.2168164096783628, 'subsample': 0.523186121120068, 'colsample_bytree': 0.5864327261659099, 'scale_pos_weight': 1.4622423575576948}. Best is trial 17 with value: 0.8792270531400965.
2025-02-02 13:46:44,895 - INFO - Trial 75 finished with value: 0.8508771929824562 and parameters: {'n_estimators': 282, 'max_depth': 10, 'learning_rate': 0.18709555960206387, 'subsample': 0.5563321242870373, 'colsample_bytree': 0.5599873928835746, 'scale_pos_weight': 1.153607832980709}. Best is trial 17 with value: 0.8792270531400965.
2025-02-02 13:46:44,983 - INFO - Trial 76 finished with value: 0.846683354192741 and parameters: {'n_estimators': 232, 'max_depth': 5, 'learning_rate': 0.16661445194790436, 'subsample': 0.5462606132492368, 'colsample_bytree': 0.5341441107015515, 'scale_pos_weight': 1.3676814660565155}. Best is trial 17 with value: 0.8792270531400965.
2025-02-02 13:46:45,081 - INFO - Trial 77 finished with value: 0.8508771929824562 and parameters: {'n_estimators': 263, 'max_depth': 6, 'learning_rate': 0.2672608100591783, 'subsample': 0.5815846515434592, 'colsample_bytree': 0.6248350502834281, 'scale_pos_weight': 1.2793821976697437}. Best is trial 17 with value: 0.8792270531400965.
2025-02-02 13:46:45,192 - INFO - Trial 78 finished with value: 0.8508771929824562 and parameters: {'n_estimators': 274, 'max_depth': 7, 'learning_rate': 0.18136974425658606, 'subsample': 0.5664224274947435, 'colsample_bytree': 0.5716430885377318, 'scale_pos_weight': 1.4271327154543902}. Best is trial 17 with value: 0.8792270531400965.
2025-02-02 13:46:45,301 - INFO - Trial 79 finished with value: 0.846683354192741 and parameters: {'n_estimators': 293, 'max_depth': 9, 'learning_rate': 0.20267817050570236, 'subsample': 0.6307113160484343, 'colsample_bytree': 0.5146852428349578, 'scale_pos_weight': 1.3494257611548508}. Best is trial 17 with value: 0.8792270531400965.
2025-02-02 13:46:45,412 - INFO - Trial 80 finished with value: 0.846683354192741 and parameters: {'n_estimators': 291, 'max_depth': 5, 'learning_rate': 0.15857842232089198, 'subsample': 0.5306353387454552, 'colsample_bytree': 0.5996251002865728, 'scale_pos_weight': 1.5533705639867275}. Best is trial 17 with value: 0.8792270531400965.
2025-02-02 13:46:45,524 - INFO - Trial 81 finished with value: 0.8188405797101449 and parameters: {'n_estimators': 282, 'max_depth': 8, 'learning_rate': 0.1907832486606265, 'subsample': 0.5147302730720875, 'colsample_bytree': 0.53798349818307, 'scale_pos_weight': 1.3888118048148599}. Best is trial 17 with value: 0.8792270531400965.
2025-02-02 13:46:45,624 - INFO - Trial 82 finished with value: 0.875 and parameters: {'n_estimators': 282, 'max_depth': 8, 'learning_rate': 0.19843922826228316, 'subsample': 0.505678616683428, 'colsample_bytree': 0.5438415207537562, 'scale_pos_weight': 1.4715074721516272}. Best is trial 17 with value: 0.8792270531400965.
2025-02-02 13:46:45,725 - INFO - Trial 83 finished with value: 0.9080100125156445 and parameters: {'n_estimators': 257, 'max_depth': 7, 'learning_rate': 0.1433719045328286, 'subsample': 0.5583484263818622, 'colsample_bytree': 0.5320473938405039, 'scale_pos_weight': 1.4135569758829873}. Best is trial 83 with value: 0.9080100125156445.
2025-02-02 13:46:45,832 - INFO - Trial 84 finished with value: 0.846683354192741 and parameters: {'n_estimators': 257, 'max_depth': 7, 'learning_rate': 0.147101149656235, 'subsample': 0.542069251854517, 'colsample_bytree': 0.5609696205635247, 'scale_pos_weight': 1.5228134504341435}. Best is trial 83 with value: 0.9080100125156445.
2025-02-02 13:46:45,932 - INFO - Trial 85 finished with value: 0.8792270531400965 and parameters: {'n_estimators': 245, 'max_depth': 6, 'learning_rate': 0.17045291268595267, 'subsample': 0.5862977004955723, 'colsample_bytree': 0.5280136801188428, 'scale_pos_weight': 1.304423652985402}. Best is trial 83 with value: 0.9080100125156445.
2025-02-02 13:46:46,028 - INFO - Trial 86 finished with value: 0.846683354192741 and parameters: {'n_estimators': 271, 'max_depth': 4, 'learning_rate': 0.14113034981527137, 'subsample': 0.5630344263412693, 'colsample_bytree': 0.5783892557794703, 'scale_pos_weight': 1.2471479923863626}. Best is trial 83 with value: 0.9080100125156445.
2025-02-02 13:46:46,128 - INFO - Trial 87 finished with value: 0.846683354192741 and parameters: {'n_estimators': 265, 'max_depth': 7, 'learning_rate': 0.13099329583327007, 'subsample': 0.6105079461517782, 'colsample_bytree': 0.5554061060962433, 'scale_pos_weight': 1.5845928323732796}. Best is trial 83 with value: 0.9080100125156445.
2025-02-02 13:46:46,241 - INFO - Trial 88 finished with value: 0.8508771929824562 and parameters: {'n_estimators': 275, 'max_depth': 6, 'learning_rate': 0.1644729899462098, 'subsample': 0.6428679199041477, 'colsample_bytree': 0.5142158943811453, 'scale_pos_weight': 1.6427189633792902}. Best is trial 83 with value: 0.9080100125156445.
2025-02-02 13:46:46,341 - INFO - Trial 89 finished with value: 0.8508771929824562 and parameters: {'n_estimators': 235, 'max_depth': 11, 'learning_rate': 0.21034596668013705, 'subsample': 0.5962163687911199, 'colsample_bytree': 0.590559920318184, 'scale_pos_weight': 1.397561262670568}. Best is trial 83 with value: 0.9080100125156445.
2025-02-02 13:46:46,454 - INFO - Trial 90 finished with value: 0.8792270531400965 and parameters: {'n_estimators': 292, 'max_depth': 3, 'learning_rate': 0.17773342216054405, 'subsample': 0.5541362465998733, 'colsample_bytree': 0.6445202068613377, 'scale_pos_weight': 1.330694452937525}. Best is trial 83 with value: 0.9080100125156445.
2025-02-02 13:46:46,550 - INFO - Trial 91 finished with value: 0.846683354192741 and parameters: {'n_estimators': 284, 'max_depth': 8, 'learning_rate': 0.19712787415194766, 'subsample': 0.5224493972363216, 'colsample_bytree': 0.539612092514364, 'scale_pos_weight': 1.4210637282085425}. Best is trial 83 with value: 0.9080100125156445.
2025-02-02 13:46:46,645 - INFO - Trial 92 finished with value: 0.846683354192741 and parameters: {'n_estimators': 278, 'max_depth': 6, 'learning_rate': 0.24257927518878694, 'subsample': 0.5739172655484944, 'colsample_bytree': 0.5301116886230243, 'scale_pos_weight': 1.494708349971076}. Best is trial 83 with value: 0.9080100125156445.
2025-02-02 13:46:46,743 - INFO - Trial 93 finished with value: 0.9080100125156445 and parameters: {'n_estimators': 295, 'max_depth': 5, 'learning_rate': 0.21983533184920662, 'subsample': 0.5085723150386406, 'colsample_bytree': 0.5112885667299998, 'scale_pos_weight': 1.415673748052861}. Best is trial 83 with value: 0.9080100125156445.
2025-02-02 13:46:46,851 - INFO - Trial 94 finished with value: 0.846683354192741 and parameters: {'n_estimators': 295, 'max_depth': 5, 'learning_rate': 0.21966294452052762, 'subsample': 0.5492093470667223, 'colsample_bytree': 0.505747746143927, 'scale_pos_weight': 1.465548046600692}. Best is trial 83 with value: 0.9080100125156445.
2025-02-02 13:46:46,942 - INFO - Trial 95 finished with value: 0.846683354192741 and parameters: {'n_estimators': 255, 'max_depth': 5, 'learning_rate': 0.21304161221231407, 'subsample': 0.513874292280027, 'colsample_bytree': 0.5682139189746119, 'scale_pos_weight': 1.2158187821207949}. Best is trial 83 with value: 0.9080100125156445.
2025-02-02 13:46:47,040 - INFO - Trial 96 finished with value: 0.846683354192741 and parameters: {'n_estimators': 300, 'max_depth': 7, 'learning_rate': 0.18553174219947285, 'subsample': 0.5295398841374099, 'colsample_bytree': 0.6207295119251817, 'scale_pos_weight': 1.3603270398760976}. Best is trial 83 with value: 0.9080100125156445.
2025-02-02 13:46:47,134 - INFO - Trial 97 finished with value: 0.8508771929824562 and parameters: {'n_estimators': 269, 'max_depth': 4, 'learning_rate': 0.22604848473785796, 'subsample': 0.5411066696680685, 'colsample_bytree': 0.6067339574601986, 'scale_pos_weight': 1.2974168501263572}. Best is trial 83 with value: 0.9080100125156445.
2025-02-02 13:46:47,232 - INFO - Trial 98 finished with value: 0.8188405797101449 and parameters: {'n_estimators': 287, 'max_depth': 5, 'learning_rate': 0.11932497240136641, 'subsample': 0.6257773034369097, 'colsample_bytree': 0.52360176439942, 'scale_pos_weight': 1.5182007714541068}. Best is trial 83 with value: 0.9080100125156445.
2025-02-02 13:46:47,328 - INFO - Trial 99 finished with value: 0.846683354192741 and parameters: {'n_estimators': 260, 'max_depth': 4, 'learning_rate': 0.15270007349246761, 'subsample': 0.6669108292550979, 'colsample_bytree': 0.5491781639987412, 'scale_pos_weight': 1.5818176032378624}. Best is trial 83 with value: 0.9080100125156445.
2025-02-02 14:17:12,804 - INFO - A new study created in memory with name: no-name-73358a92-1eb1-49ab-bd14-d1f4c0a89129
2025-02-02 14:17:13,026 - INFO - Trial 0 finished with value: 0.7945736434108528 and parameters: {'n_estimators': 61, 'max_depth': 4, 'min_samples_split': 4, 'min_samples_leaf': 3, 'class_weight': 'balanced'}. Best is trial 0 with value: 0.7945736434108528.
2025-02-02 14:17:13,255 - INFO - Trial 1 finished with value: 0.8508771929824562 and parameters: {'n_estimators': 148, 'max_depth': 9, 'min_samples_split': 4, 'min_samples_leaf': 1, 'class_weight': 'balanced'}. Best is trial 1 with value: 0.8508771929824562.
2025-02-02 14:17:13,489 - INFO - Trial 2 finished with value: 0.7945736434108528 and parameters: {'n_estimators': 145, 'max_depth': 4, 'min_samples_split': 2, 'min_samples_leaf': 1, 'class_weight': 'balanced'}. Best is trial 1 with value: 0.8508771929824562.
2025-02-02 14:17:13,654 - INFO - Trial 3 finished with value: 0.7662337662337663 and parameters: {'n_estimators': 89, 'max_depth': 3, 'min_samples_split': 3, 'min_samples_leaf': 3, 'class_weight': 'balanced'}. Best is trial 1 with value: 0.8508771929824562.
2025-02-02 14:17:13,929 - INFO - Trial 4 finished with value: 0.8508771929824562 and parameters: {'n_estimators': 138, 'max_depth': 6, 'min_samples_split': 4, 'min_samples_leaf': 3, 'class_weight': 'balanced'}. Best is trial 1 with value: 0.8508771929824562.
2025-02-02 14:17:14,101 - INFO - Trial 5 finished with value: 0.8508771929824562 and parameters: {'n_estimators': 91, 'max_depth': 6, 'min_samples_split': 2, 'min_samples_leaf': 3, 'class_weight': 'balanced'}. Best is trial 1 with value: 0.8508771929824562.
2025-02-02 14:17:14,373 - INFO - Trial 6 finished with value: 0.8508771929824562 and parameters: {'n_estimators': 150, 'max_depth': 9, 'min_samples_split': 2, 'min_samples_leaf': 2, 'class_weight': None}. Best is trial 1 with value: 0.8508771929824562.
2025-02-02 14:17:14,631 - INFO - Trial 7 finished with value: 0.8508771929824562 and parameters: {'n_estimators': 119, 'max_depth': 8, 'min_samples_split': 3, 'min_samples_leaf': 1, 'class_weight': 'balanced'}. Best is trial 1 with value: 0.8508771929824562.
2025-02-02 14:17:14,812 - INFO - Trial 8 finished with value: 0.8508771929824562 and parameters: {'n_estimators': 86, 'max_depth': 9, 'min_samples_split': 3, 'min_samples_leaf': 1, 'class_weight': 'balanced'}. Best is trial 1 with value: 0.8508771929824562.
2025-02-02 14:17:15,004 - INFO - Trial 9 finished with value: 0.8508771929824562 and parameters: {'n_estimators': 105, 'max_depth': 10, 'min_samples_split': 4, 'min_samples_leaf': 2, 'class_weight': 'balanced'}. Best is trial 1 with value: 0.8508771929824562.
2025-02-02 14:17:15,229 - INFO - Trial 10 finished with value: 0.8227272727272728 and parameters: {'n_estimators': 123, 'max_depth': 7, 'min_samples_split': 5, 'min_samples_leaf': 4, 'class_weight': None}. Best is trial 1 with value: 0.8508771929824562.
2025-02-02 14:17:15,467 - INFO - Trial 11 finished with value: 0.8227272727272728 and parameters: {'n_estimators': 133, 'max_depth': 6, 'min_samples_split': 5, 'min_samples_leaf': 4, 'class_weight': None}. Best is trial 1 with value: 0.8508771929824562.
2025-02-02 14:17:15,710 - INFO - Trial 12 finished with value: 0.8508771929824562 and parameters: {'n_estimators': 135, 'max_depth': 7, 'min_samples_split': 4, 'min_samples_leaf': 2, 'class_weight': 'balanced'}. Best is trial 1 with value: 0.8508771929824562.
2025-02-02 14:17:15,909 - INFO - Trial 13 finished with value: 0.8508771929824562 and parameters: {'n_estimators': 113, 'max_depth': 5, 'min_samples_split': 4, 'min_samples_leaf': 3, 'class_weight': 'balanced'}. Best is trial 1 with value: 0.8508771929824562.
2025-02-02 14:17:16,140 - INFO - Trial 14 finished with value: 0.8508771929824562 and parameters: {'n_estimators': 137, 'max_depth': 8, 'min_samples_split': 5, 'min_samples_leaf': 2, 'class_weight': None}. Best is trial 1 with value: 0.8508771929824562.
2025-02-02 14:17:16,247 - INFO - Trial 15 finished with value: 0.8227272727272728 and parameters: {'n_estimators': 51, 'max_depth': 10, 'min_samples_split': 4, 'min_samples_leaf': 4, 'class_weight': 'balanced'}. Best is trial 1 with value: 0.8508771929824562.
2025-02-02 14:17:16,460 - INFO - Trial 16 finished with value: 0.8227272727272728 and parameters: {'n_estimators': 127, 'max_depth': 5, 'min_samples_split': 3, 'min_samples_leaf': 1, 'class_weight': 'balanced'}. Best is trial 1 with value: 0.8508771929824562.
2025-02-02 14:17:16,724 - INFO - Trial 17 finished with value: 0.8508771929824562 and parameters: {'n_estimators': 149, 'max_depth': 9, 'min_samples_split': 5, 'min_samples_leaf': 2, 'class_weight': 'balanced'}. Best is trial 1 with value: 0.8508771929824562.
2025-02-02 14:17:16,867 - INFO - Trial 18 finished with value: 0.8508771929824562 and parameters: {'n_estimators': 73, 'max_depth': 8, 'min_samples_split': 4, 'min_samples_leaf': 3, 'class_weight': None}. Best is trial 1 with value: 0.8508771929824562.
2025-02-02 14:17:17,045 - INFO - Trial 19 finished with value: 0.8227272727272728 and parameters: {'n_estimators': 105, 'max_depth': 7, 'min_samples_split': 3, 'min_samples_leaf': 4, 'class_weight': 'balanced'}. Best is trial 1 with value: 0.8508771929824562.
2025-02-02 14:17:17,277 - INFO - Trial 20 finished with value: 0.8508771929824562 and parameters: {'n_estimators': 141, 'max_depth': 5, 'min_samples_split': 5, 'min_samples_leaf': 1, 'class_weight': 'balanced'}. Best is trial 1 with value: 0.8508771929824562.
2025-02-02 14:17:17,445 - INFO - Trial 21 finished with value: 0.8508771929824562 and parameters: {'n_estimators': 91, 'max_depth': 6, 'min_samples_split': 2, 'min_samples_leaf': 3, 'class_weight': 'balanced'}. Best is trial 1 with value: 0.8508771929824562.
2025-02-02 14:17:17,619 - INFO - Trial 22 finished with value: 0.8508771929824562 and parameters: {'n_estimators': 79, 'max_depth': 6, 'min_samples_split': 4, 'min_samples_leaf': 3, 'class_weight': 'balanced'}. Best is trial 1 with value: 0.8508771929824562.
2025-02-02 14:17:17,803 - INFO - Trial 23 finished with value: 0.8508771929824562 and parameters: {'n_estimators': 99, 'max_depth': 6, 'min_samples_split': 2, 'min_samples_leaf': 3, 'class_weight': 'balanced'}. Best is trial 1 with value: 0.8508771929824562.
2025-02-02 14:17:18,014 - INFO - Trial 24 finished with value: 0.8508771929824562 and parameters: {'n_estimators': 112, 'max_depth': 7, 'min_samples_split': 3, 'min_samples_leaf': 2, 'class_weight': 'balanced'}. Best is trial 1 with value: 0.8508771929824562.
2025-02-02 14:17:18,148 - INFO - Trial 25 finished with value: 0.8508771929824562 and parameters: {'n_estimators': 70, 'max_depth': 4, 'min_samples_split': 4, 'min_samples_leaf': 3, 'class_weight': 'balanced'}. Best is trial 1 with value: 0.8508771929824562.
2025-02-02 14:17:18,359 - INFO - Trial 26 finished with value: 0.7662337662337663 and parameters: {'n_estimators': 127, 'max_depth': 5, 'min_samples_split': 3, 'min_samples_leaf': 4, 'class_weight': None}. Best is trial 1 with value: 0.8508771929824562.
2025-02-02 14:17:18,562 - INFO - Trial 27 finished with value: 0.8508771929824562 and parameters: {'n_estimators': 115, 'max_depth': 8, 'min_samples_split': 4, 'min_samples_leaf': 2, 'class_weight': 'balanced'}. Best is trial 1 with value: 0.8508771929824562.
2025-02-02 14:17:18,742 - INFO - Trial 28 finished with value: 0.8508771929824562 and parameters: {'n_estimators': 98, 'max_depth': 6, 'min_samples_split': 2, 'min_samples_leaf': 3, 'class_weight': 'balanced'}. Best is trial 1 with value: 0.8508771929824562.
2025-02-02 14:17:18,868 - INFO - Trial 29 finished with value: 0.7662337662337663 and parameters: {'n_estimators': 60, 'max_depth': 3, 'min_samples_split': 4, 'min_samples_leaf': 3, 'class_weight': 'balanced'}. Best is trial 1 with value: 0.8508771929824562.
2025-02-02 14:17:19,094 - INFO - Trial 30 finished with value: 0.8508771929824562 and parameters: {'n_estimators': 131, 'max_depth': 5, 'min_samples_split': 5, 'min_samples_leaf': 4, 'class_weight': 'balanced'}. Best is trial 1 with value: 0.8508771929824562.
2025-02-02 14:17:19,332 - INFO - Trial 31 finished with value: 0.8508771929824562 and parameters: {'n_estimators': 150, 'max_depth': 9, 'min_samples_split': 2, 'min_samples_leaf': 2, 'class_weight': None}. Best is trial 1 with value: 0.8508771929824562.
