2024-12-10 14:36:46,032 - INFO - Trial 37 finished with value: 0.9848132713575893 and parameters: {'max_depth': 5, 'min_samples_split': 5, 'min_samples_leaf': 1, 'class_weight': None}. Best is trial 1 with value: 0.9946251129177958.
2024-12-10 14:36:46,082 - INFO - Trial 38 finished with value: 0.9946251129177958 and parameters: {'max_depth': 13, 'min_samples_split': 9, 'min_samples_leaf': 2, 'class_weight': None}. Best is trial 1 with value: 0.9946251129177958.
2024-12-10 14:36:46,124 - INFO - Trial 39 finished with value: 0.9895833333333334 and parameters: {'max_depth': 8, 'min_samples_split': 6, 'min_samples_leaf': 3, 'class_weight': None}. Best is trial 1 with value: 0.9946251129177958.
2024-12-10 14:36:46,170 - INFO - Trial 40 finished with value: 0.9895833333333334 and parameters: {'max_depth': 19, 'min_samples_split': 3, 'min_samples_leaf': 4, 'class_weight': 'balanced'}. Best is trial 1 with value: 0.9946251129177958.
2024-12-10 14:36:46,212 - INFO - Trial 41 finished with value: 0.9946251129177958 and parameters: {'max_depth': 9, 'min_samples_split': 6, 'min_samples_leaf': 3, 'class_weight': None}. Best is trial 1 with value: 0.9946251129177958.
2024-12-10 14:36:46,250 - INFO - Trial 42 finished with value: 0.9895833333333334 and parameters: {'max_depth': 8, 'min_samples_split': 5, 'min_samples_leaf': 3, 'class_weight': None}. Best is trial 1 with value: 0.9946251129177958.
2024-12-10 14:36:46,290 - INFO - Trial 43 finished with value: 0.9946251129177958 and parameters: {'max_depth': 9, 'min_samples_split': 7, 'min_samples_leaf': 3, 'class_weight': None}. Best is trial 1 with value: 0.9946251129177958.
2024-12-10 14:36:46,325 - INFO - Trial 44 finished with value: 0.9895833333333334 and parameters: {'max_depth': 7, 'min_samples_split': 8, 'min_samples_leaf': 2, 'class_weight': None}. Best is trial 1 with value: 0.9946251129177958.
2024-12-10 14:36:46,361 - INFO - Trial 45 finished with value: 0.9888674388674389 and parameters: {'max_depth': 11, 'min_samples_split': 4, 'min_samples_leaf': 3, 'class_weight': None}. Best is trial 1 with value: 0.9946251129177958.
2024-12-10 14:36:46,401 - INFO - Trial 46 finished with value: 0.9895833333333334 and parameters: {'max_depth': 12, 'min_samples_split': 5, 'min_samples_leaf': 3, 'class_weight': 'balanced'}. Best is trial 1 with value: 0.9946251129177958.
2024-12-10 14:36:46,434 - INFO - Trial 47 finished with value: 0.9946251129177958 and parameters: {'max_depth': 16, 'min_samples_split': 6, 'min_samples_leaf': 3, 'class_weight': None}. Best is trial 1 with value: 0.9946251129177958.
2024-12-10 14:36:46,469 - INFO - Trial 48 finished with value: 0.9895833333333334 and parameters: {'max_depth': 7, 'min_samples_split': 7, 'min_samples_leaf': 4, 'class_weight': 'balanced'}. Best is trial 1 with value: 0.9946251129177958.
2024-12-10 14:36:46,504 - INFO - Trial 49 finished with value: 0.99013357619915 and parameters: {'max_depth': 5, 'min_samples_split': 2, 'min_samples_leaf': 2, 'class_weight': None}. Best is trial 1 with value: 0.9946251129177958.
2024-12-10 14:36:46,538 - INFO - Trial 50 finished with value: 0.9888674388674389 and parameters: {'max_depth': 10, 'min_samples_split': 9, 'min_samples_leaf': 3, 'class_weight': 'balanced'}. Best is trial 1 with value: 0.9946251129177958.
2024-12-10 14:36:46,572 - INFO - Trial 51 finished with value: 0.9946251129177958 and parameters: {'max_depth': 10, 'min_samples_split': 6, 'min_samples_leaf': 3, 'class_weight': None}. Best is trial 1 with value: 0.9946251129177958.
2024-12-10 14:36:46,607 - INFO - Trial 52 finished with value: 0.9946251129177958 and parameters: {'max_depth': 9, 'min_samples_split': 6, 'min_samples_leaf': 3, 'class_weight': None}. Best is trial 1 with value: 0.9946251129177958.
2024-12-10 14:36:46,642 - INFO - Trial 53 finished with value: 0.9895833333333334 and parameters: {'max_depth': 8, 'min_samples_split': 7, 'min_samples_leaf': 3, 'class_weight': None}. Best is trial 1 with value: 0.9946251129177958.
2024-12-10 14:36:46,679 - INFO - Trial 54 finished with value: 0.9946251129177958 and parameters: {'max_depth': 19, 'min_samples_split': 6, 'min_samples_leaf': 3, 'class_weight': None}. Best is trial 1 with value: 0.9946251129177958.
2024-12-10 14:36:46,716 - INFO - Trial 55 finished with value: 0.9888674388674389 and parameters: {'max_depth': 11, 'min_samples_split': 8, 'min_samples_leaf': 3, 'class_weight': 'balanced'}. Best is trial 1 with value: 0.9946251129177958.
2024-12-10 14:36:46,749 - INFO - Trial 56 finished with value: 0.9888674388674389 and parameters: {'max_depth': 16, 'min_samples_split': 3, 'min_samples_leaf': 3, 'class_weight': None}. Best is trial 1 with value: 0.9946251129177958.
2024-12-10 14:36:46,789 - INFO - Trial 57 finished with value: 0.9946251129177958 and parameters: {'max_depth': 13, 'min_samples_split': 5, 'min_samples_leaf': 3, 'class_weight': 'balanced'}. Best is trial 1 with value: 0.9946251129177958.
2024-12-10 14:36:46,824 - INFO - Trial 58 finished with value: 0.9888674388674389 and parameters: {'max_depth': 17, 'min_samples_split': 2, 'min_samples_leaf': 2, 'class_weight': 'balanced'}. Best is trial 1 with value: 0.9946251129177958.
2024-12-10 14:36:46,856 - INFO - Trial 59 finished with value: 0.9895833333333334 and parameters: {'max_depth': 20, 'min_samples_split': 4, 'min_samples_leaf': 4, 'class_weight': None}. Best is trial 1 with value: 0.9946251129177958.
2024-12-10 14:36:46,895 - INFO - Trial 60 finished with value: 0.9946251129177958 and parameters: {'max_depth': 10, 'min_samples_split': 6, 'min_samples_leaf': 3, 'class_weight': 'balanced'}. Best is trial 1 with value: 0.9946251129177958.
2024-12-10 14:36:46,930 - INFO - Trial 61 finished with value: 0.9888674388674389 and parameters: {'max_depth': 14, 'min_samples_split': 2, 'min_samples_leaf': 3, 'class_weight': 'balanced'}. Best is trial 1 with value: 0.9946251129177958.
2024-12-10 14:36:46,967 - INFO - Trial 62 finished with value: 0.9946251129177958 and parameters: {'max_depth': 18, 'min_samples_split': 3, 'min_samples_leaf': 3, 'class_weight': 'balanced'}. Best is trial 1 with value: 0.9946251129177958.
2024-12-10 14:36:47,004 - INFO - Trial 63 finished with value: 0.9946251129177958 and parameters: {'max_depth': 15, 'min_samples_split': 2, 'min_samples_leaf': 3, 'class_weight': 'balanced'}. Best is trial 1 with value: 0.9946251129177958.
2024-12-10 14:36:47,039 - INFO - Trial 64 finished with value: 0.9946251129177958 and parameters: {'max_depth': 16, 'min_samples_split': 2, 'min_samples_leaf': 3, 'class_weight': 'balanced'}. Best is trial 1 with value: 0.9946251129177958.
2024-12-10 14:36:47,077 - INFO - Trial 65 finished with value: 0.9946251129177958 and parameters: {'max_depth': 12, 'min_samples_split': 7, 'min_samples_leaf': 3, 'class_weight': 'balanced'}. Best is trial 1 with value: 0.9946251129177958.
2024-12-10 14:36:47,120 - INFO - Trial 66 finished with value: 0.9946251129177958 and parameters: {'max_depth': 9, 'min_samples_split': 3, 'min_samples_leaf': 3, 'class_weight': None}. Best is trial 1 with value: 0.9946251129177958.
2024-12-10 14:36:47,168 - INFO - Trial 67 finished with value: 0.9895833333333334 and parameters: {'max_depth': 17, 'min_samples_split': 2, 'min_samples_leaf': 2, 'class_weight': 'balanced'}. Best is trial 1 with value: 0.9946251129177958.
2024-12-10 14:36:47,210 - INFO - Trial 68 finished with value: 0.9946251129177958 and parameters: {'max_depth': 19, 'min_samples_split': 5, 'min_samples_leaf': 3, 'class_weight': None}. Best is trial 1 with value: 0.9946251129177958.
2024-12-10 14:36:47,249 - INFO - Trial 69 finished with value: 0.9895833333333334 and parameters: {'max_depth': 6, 'min_samples_split': 7, 'min_samples_leaf': 3, 'class_weight': None}. Best is trial 1 with value: 0.9946251129177958.
2024-12-10 14:36:47,290 - INFO - Trial 70 finished with value: 0.9895833333333334 and parameters: {'max_depth': 10, 'min_samples_split': 3, 'min_samples_leaf': 1, 'class_weight': 'balanced'}. Best is trial 1 with value: 0.9946251129177958.
2024-12-10 14:36:47,333 - INFO - Trial 71 finished with value: 0.9895833333333334 and parameters: {'max_depth': 17, 'min_samples_split': 4, 'min_samples_leaf': 3, 'class_weight': 'balanced'}. Best is trial 1 with value: 0.9946251129177958.
2024-12-10 14:36:47,377 - INFO - Trial 72 finished with value: 0.9946251129177958 and parameters: {'max_depth': 16, 'min_samples_split': 2, 'min_samples_leaf': 3, 'class_weight': 'balanced'}. Best is trial 1 with value: 0.9946251129177958.
2024-12-10 14:36:47,428 - INFO - Trial 73 finished with value: 0.9888674388674389 and parameters: {'max_depth': 15, 'min_samples_split': 6, 'min_samples_leaf': 3, 'class_weight': 'balanced'}. Best is trial 1 with value: 0.9946251129177958.
2024-12-10 14:36:47,470 - INFO - Trial 74 finished with value: 0.9946251129177958 and parameters: {'max_depth': 18, 'min_samples_split': 3, 'min_samples_leaf': 3, 'class_weight': 'balanced'}. Best is trial 1 with value: 0.9946251129177958.
2024-12-10 14:36:47,514 - INFO - Trial 75 finished with value: 0.9946251129177958 and parameters: {'max_depth': 14, 'min_samples_split': 5, 'min_samples_leaf': 3, 'class_weight': None}. Best is trial 1 with value: 0.9946251129177958.
2024-12-10 14:36:47,557 - INFO - Trial 76 finished with value: 0.9895833333333334 and parameters: {'max_depth': 20, 'min_samples_split': 4, 'min_samples_leaf': 4, 'class_weight': 'balanced'}. Best is trial 1 with value: 0.9946251129177958.
2024-12-10 14:36:47,599 - INFO - Trial 77 finished with value: 0.9946251129177958 and parameters: {'max_depth': 17, 'min_samples_split': 2, 'min_samples_leaf': 3, 'class_weight': None}. Best is trial 1 with value: 0.9946251129177958.
2024-12-10 14:36:47,644 - INFO - Trial 78 finished with value: 0.9895833333333334 and parameters: {'max_depth': 19, 'min_samples_split': 3, 'min_samples_leaf': 3, 'class_weight': 'balanced'}. Best is trial 1 with value: 0.9946251129177958.
2024-12-10 14:36:47,692 - INFO - Trial 79 finished with value: 0.9895833333333334 and parameters: {'max_depth': 11, 'min_samples_split': 6, 'min_samples_leaf': 3, 'class_weight': None}. Best is trial 1 with value: 0.9946251129177958.
2024-12-10 14:36:47,741 - INFO - Trial 80 finished with value: 0.9895833333333334 and parameters: {'max_depth': 8, 'min_samples_split': 7, 'min_samples_leaf': 4, 'class_weight': 'balanced'}. Best is trial 1 with value: 0.9946251129177958.
2024-12-10 14:36:47,790 - INFO - Trial 81 finished with value: 0.9946251129177958 and parameters: {'max_depth': 15, 'min_samples_split': 2, 'min_samples_leaf': 2, 'class_weight': 'balanced'}. Best is trial 1 with value: 0.9946251129177958.
2024-12-10 14:36:47,834 - INFO - Trial 82 finished with value: 0.9946251129177958 and parameters: {'max_depth': 9, 'min_samples_split': 3, 'min_samples_leaf': 2, 'class_weight': 'balanced'}. Best is trial 1 with value: 0.9946251129177958.
2024-12-10 14:36:47,882 - INFO - Trial 83 finished with value: 0.9946251129177958 and parameters: {'max_depth': 16, 'min_samples_split': 2, 'min_samples_leaf': 2, 'class_weight': 'balanced'}. Best is trial 1 with value: 0.9946251129177958.
2024-12-10 14:36:47,918 - INFO - Trial 84 finished with value: 0.9895833333333334 and parameters: {'max_depth': 15, 'min_samples_split': 3, 'min_samples_leaf': 1, 'class_weight': None}. Best is trial 1 with value: 0.9946251129177958.
2024-12-10 14:36:47,960 - INFO - Trial 85 finished with value: 0.9895833333333334 and parameters: {'max_depth': 7, 'min_samples_split': 6, 'min_samples_leaf': 3, 'class_weight': 'balanced'}. Best is trial 1 with value: 0.9946251129177958.
2024-12-10 14:36:48,000 - INFO - Trial 86 finished with value: 0.9946251129177958 and parameters: {'max_depth': 18, 'min_samples_split': 2, 'min_samples_leaf': 3, 'class_weight': None}. Best is trial 1 with value: 0.9946251129177958.
2024-12-10 14:36:48,040 - INFO - Trial 87 finished with value: 0.9946251129177958 and parameters: {'max_depth': 10, 'min_samples_split': 8, 'min_samples_leaf': 2, 'class_weight': 'balanced'}. Best is trial 1 with value: 0.9946251129177958.
2024-12-10 14:36:48,081 - INFO - Trial 88 finished with value: 0.9946251129177958 and parameters: {'max_depth': 17, 'min_samples_split': 4, 'min_samples_leaf': 3, 'class_weight': None}. Best is trial 1 with value: 0.9946251129177958.
2024-12-10 14:36:48,124 - INFO - Trial 89 finished with value: 0.9888674388674389 and parameters: {'max_depth': 13, 'min_samples_split': 5, 'min_samples_leaf': 3, 'class_weight': 'balanced'}. Best is trial 1 with value: 0.9946251129177958.
2024-12-10 14:36:48,166 - INFO - Trial 90 finished with value: 0.9946251129177958 and parameters: {'max_depth': 9, 'min_samples_split': 3, 'min_samples_leaf': 3, 'class_weight': None}. Best is trial 1 with value: 0.9946251129177958.
2024-12-10 14:36:48,219 - INFO - Trial 91 finished with value: 0.9946251129177958 and parameters: {'max_depth': 18, 'min_samples_split': 2, 'min_samples_leaf': 3, 'class_weight': 'balanced'}. Best is trial 1 with value: 0.9946251129177958.
2024-12-10 14:36:48,271 - INFO - Trial 92 finished with value: 0.9888674388674389 and parameters: {'max_depth': 18, 'min_samples_split': 2, 'min_samples_leaf': 3, 'class_weight': 'balanced'}. Best is trial 1 with value: 0.9946251129177958.
2024-12-10 14:36:48,314 - INFO - Trial 93 finished with value: 0.9946251129177958 and parameters: {'max_depth': 19, 'min_samples_split': 2, 'min_samples_leaf': 3, 'class_weight': 'balanced'}. Best is trial 1 with value: 0.9946251129177958.
2024-12-10 14:36:48,351 - INFO - Trial 94 finished with value: 0.9946251129177958 and parameters: {'max_depth': 11, 'min_samples_split': 6, 'min_samples_leaf': 3, 'class_weight': 'balanced'}. Best is trial 1 with value: 0.9946251129177958.
2024-12-10 14:36:48,389 - INFO - Trial 95 finished with value: 0.9946251129177958 and parameters: {'max_depth': 17, 'min_samples_split': 2, 'min_samples_leaf': 3, 'class_weight': 'balanced'}. Best is trial 1 with value: 0.9946251129177958.
2024-12-10 14:36:48,428 - INFO - Trial 96 finished with value: 0.9946251129177958 and parameters: {'max_depth': 16, 'min_samples_split': 3, 'min_samples_leaf': 3, 'class_weight': None}. Best is trial 1 with value: 0.9946251129177958.
2024-12-10 14:36:48,469 - INFO - Trial 97 finished with value: 0.9895833333333334 and parameters: {'max_depth': 8, 'min_samples_split': 2, 'min_samples_leaf': 3, 'class_weight': 'balanced'}. Best is trial 1 with value: 0.9946251129177958.
2024-12-10 14:36:48,516 - INFO - Trial 98 finished with value: 0.9946251129177958 and parameters: {'max_depth': 16, 'min_samples_split': 7, 'min_samples_leaf': 3, 'class_weight': 'balanced'}. Best is trial 1 with value: 0.9946251129177958.
2024-12-10 14:36:48,553 - INFO - Trial 99 finished with value: 0.9946251129177958 and parameters: {'max_depth': 12, 'min_samples_split': 9, 'min_samples_leaf': 2, 'class_weight': None}. Best is trial 1 with value: 0.9946251129177958.
2024-12-10 14:36:48,780 - INFO - A new study created in memory with name: no-name-5259870d-d186-4ec5-866e-b34e88c4dba7
2024-12-10 14:36:50,985 - INFO - Trial 0 finished with value: 1.0 and parameters: {'n_estimators': 270, 'max_depth': 12, 'learning_rate': 0.050668085942408396, 'subsample': 0.8284382299475117, 'colsample_bytree': 0.847547869505758, 'scale_pos_weight': 1.0312687557352336}. Best is trial 0 with value: 1.0.
2024-12-10 14:36:51,236 - INFO - Trial 1 finished with value: 1.0 and parameters: {'n_estimators': 185, 'max_depth': 10, 'learning_rate': 0.045243211701214606, 'subsample': 0.9169491960873818, 'colsample_bytree': 0.8675714913967221, 'scale_pos_weight': 0.6322346613499041}. Best is trial 0 with value: 1.0.
2024-12-10 14:36:51,407 - INFO - Trial 2 finished with value: 1.0 and parameters: {'n_estimators': 176, 'max_depth': 10, 'learning_rate': 0.03427880236121499, 'subsample': 0.690683164690344, 'colsample_bytree': 0.7007973071933206, 'scale_pos_weight': 0.6489315399639821}. Best is trial 0 with value: 1.0.
2024-12-10 14:36:51,514 - INFO - Trial 3 finished with value: 0.9946251129177958 and parameters: {'n_estimators': 117, 'max_depth': 11, 'learning_rate': 0.2922694249792708, 'subsample': 0.9211497463634466, 'colsample_bytree': 0.6772451688229483, 'scale_pos_weight': 1.2163318153948754}. Best is trial 0 with value: 1.0.
2024-12-10 14:36:51,657 - INFO - Trial 4 finished with value: 0.9946251129177958 and parameters: {'n_estimators': 283, 'max_depth': 11, 'learning_rate': 0.21430905164025396, 'subsample': 0.5194506774792549, 'colsample_bytree': 0.7916827882310369, 'scale_pos_weight': 1.4524610176658213}. Best is trial 0 with value: 1.0.
2024-12-10 14:36:51,769 - INFO - Trial 5 finished with value: 0.9946251129177958 and parameters: {'n_estimators': 253, 'max_depth': 13, 'learning_rate': 0.14705932267281707, 'subsample': 0.9753612929719203, 'colsample_bytree': 0.5400199578220386, 'scale_pos_weight': 0.6348534166788358}. Best is trial 0 with value: 1.0.
2024-12-10 14:36:51,815 - INFO - Trial 6 finished with value: 0.9946251129177958 and parameters: {'n_estimators': 57, 'max_depth': 3, 'learning_rate': 0.1446256996687823, 'subsample': 0.9521906949619774, 'colsample_bytree': 0.5111957093370662, 'scale_pos_weight': 1.395697590486677}. Best is trial 0 with value: 1.0.
2024-12-10 14:36:51,887 - INFO - Trial 7 finished with value: 1.0 and parameters: {'n_estimators': 140, 'max_depth': 10, 'learning_rate': 0.21290107476917394, 'subsample': 0.5756490384471837, 'colsample_bytree': 0.8838784110507798, 'scale_pos_weight': 0.5749407208586463}. Best is trial 0 with value: 1.0.
2024-12-10 14:36:52,014 - INFO - Trial 8 finished with value: 1.0 and parameters: {'n_estimators': 297, 'max_depth': 15, 'learning_rate': 0.23472984308123565, 'subsample': 0.9674497187827962, 'colsample_bytree': 0.934605327222578, 'scale_pos_weight': 1.3870878744078612}. Best is trial 0 with value: 1.0.
2024-12-10 14:36:52,131 - INFO - Trial 9 finished with value: 1.0 and parameters: {'n_estimators': 272, 'max_depth': 20, 'learning_rate': 0.194313294120951, 'subsample': 0.5811810906729269, 'colsample_bytree': 0.8367496180465486, 'scale_pos_weight': 0.7477552115340926}. Best is trial 0 with value: 1.0.
2024-12-10 14:36:52,275 - INFO - Trial 10 finished with value: 0.9946251129177958 and parameters: {'n_estimators': 222, 'max_depth': 5, 'learning_rate': 0.09254684436986013, 'subsample': 0.8110118881897606, 'colsample_bytree': 0.9829183939292664, 'scale_pos_weight': 1.9827224126600802}. Best is trial 0 with value: 1.0.
2024-12-10 14:36:52,446 - INFO - Trial 11 finished with value: 1.0 and parameters: {'n_estimators': 208, 'max_depth': 16, 'learning_rate': 0.011259357147841757, 'subsample': 0.8299866182297626, 'colsample_bytree': 0.8767285055747444, 'scale_pos_weight': 1.0063867311989088}. Best is trial 0 with value: 1.0.
2024-12-10 14:36:52,580 - INFO - Trial 12 finished with value: 1.0 and parameters: {'n_estimators': 224, 'max_depth': 7, 'learning_rate': 0.06931788652226514, 'subsample': 0.8586485217764405, 'colsample_bytree': 0.7596415915710006, 'scale_pos_weight': 0.9277150319061043}. Best is trial 0 with value: 1.0.
2024-12-10 14:36:52,700 - INFO - Trial 13 finished with value: 1.0 and parameters: {'n_estimators': 167, 'max_depth': 8, 'learning_rate': 0.08600147753737221, 'subsample': 0.729688409184036, 'colsample_bytree': 0.9851469120443991, 'scale_pos_weight': 0.9393786181734564}. Best is trial 0 with value: 1.0.
2024-12-10 14:36:52,808 - INFO - Trial 14 finished with value: 1.0 and parameters: {'n_estimators': 92, 'max_depth': 15, 'learning_rate': 0.04930363325265141, 'subsample': 0.8776180058087433, 'colsample_bytree': 0.8344089021553497, 'scale_pos_weight': 1.1516225604337262}. Best is trial 0 with value: 1.0.
2024-12-10 14:36:52,927 - INFO - Trial 15 finished with value: 0.9946251129177958 and parameters: {'n_estimators': 185, 'max_depth': 18, 'learning_rate': 0.11509227546500378, 'subsample': 0.7718480916605065, 'colsample_bytree': 0.6648689778752687, 'scale_pos_weight': 1.7596704577426103}. Best is trial 0 with value: 1.0.
2024-12-10 14:36:53,125 - INFO - Trial 16 finished with value: 1.0 and parameters: {'n_estimators': 246, 'max_depth': 13, 'learning_rate': 0.011672751869499398, 'subsample': 0.8947577399295508, 'colsample_bytree': 0.9127078201050501, 'scale_pos_weight': 0.8364322831500172}. Best is trial 0 with value: 1.0.
2024-12-10 14:36:53,222 - INFO - Trial 17 finished with value: 0.9946251129177958 and parameters: {'n_estimators': 154, 'max_depth': 8, 'learning_rate': 0.10309177127571802, 'subsample': 0.6795293975708043, 'colsample_bytree': 0.6058496555957981, 'scale_pos_weight': 0.5062942569805469}. Best is trial 0 with value: 1.0.
2024-12-10 14:36:53,353 - INFO - Trial 18 finished with value: 1.0 and parameters: {'n_estimators': 200, 'max_depth': 13, 'learning_rate': 0.052254716898925926, 'subsample': 0.7935022046440812, 'colsample_bytree': 0.7974071863365888, 'scale_pos_weight': 1.1357500302186547}. Best is trial 0 with value: 1.0.
2024-12-10 14:36:53,486 - INFO - Trial 19 finished with value: 0.9946251129177958 and parameters: {'n_estimators': 247, 'max_depth': 6, 'learning_rate': 0.12080293965905961, 'subsample': 0.9966556444733263, 'colsample_bytree': 0.7258149600655349, 'scale_pos_weight': 1.614976146304877}. Best is trial 0 with value: 1.0.
2024-12-10 14:36:53,574 - INFO - Trial 20 finished with value: 0.9946251129177958 and parameters: {'n_estimators': 126, 'max_depth': 9, 'learning_rate': 0.16914088618769627, 'subsample': 0.7314907494188464, 'colsample_bytree': 0.9366980826552369, 'scale_pos_weight': 0.7665207414473132}. Best is trial 0 with value: 1.0.
2024-12-10 14:36:53,697 - INFO - Trial 21 finished with value: 1.0 and parameters: {'n_estimators': 183, 'max_depth': 12, 'learning_rate': 0.035321264756049395, 'subsample': 0.6673624248189186, 'colsample_bytree': 0.7169133804318861, 'scale_pos_weight': 0.6833652939969563}. Best is trial 0 with value: 1.0.
