2024-12-10 15:32:24,820 - INFO - Trial 64 finished with value: 0.9895833333333334 and parameters: {'max_depth': 14, 'min_samples_split': 7, 'min_samples_leaf': 1, 'class_weight': None}. Best is trial 53 with value: 1.0.
2024-12-10 15:32:24,856 - INFO - Trial 65 finished with value: 0.9946251129177958 and parameters: {'max_depth': 16, 'min_samples_split': 8, 'min_samples_leaf': 1, 'class_weight': None}. Best is trial 53 with value: 1.0.
2024-12-10 15:32:24,895 - INFO - Trial 66 finished with value: 0.9895833333333334 and parameters: {'max_depth': 14, 'min_samples_split': 7, 'min_samples_leaf': 1, 'class_weight': None}. Best is trial 53 with value: 1.0.
2024-12-10 15:32:24,933 - INFO - Trial 67 finished with value: 1.0 and parameters: {'max_depth': 15, 'min_samples_split': 8, 'min_samples_leaf': 1, 'class_weight': None}. Best is trial 53 with value: 1.0.
2024-12-10 15:32:24,968 - INFO - Trial 68 finished with value: 0.9946251129177958 and parameters: {'max_depth': 15, 'min_samples_split': 7, 'min_samples_leaf': 1, 'class_weight': None}. Best is trial 53 with value: 1.0.
2024-12-10 15:32:25,006 - INFO - Trial 69 finished with value: 0.9838753387533877 and parameters: {'max_depth': 17, 'min_samples_split': 7, 'min_samples_leaf': 1, 'class_weight': None}. Best is trial 53 with value: 1.0.
2024-12-10 15:32:25,041 - INFO - Trial 70 finished with value: 0.9949377571191965 and parameters: {'max_depth': 15, 'min_samples_split': 6, 'min_samples_leaf': 1, 'class_weight': None}. Best is trial 53 with value: 1.0.
2024-12-10 15:32:25,079 - INFO - Trial 71 finished with value: 0.9949377571191965 and parameters: {'max_depth': 13, 'min_samples_split': 8, 'min_samples_leaf': 1, 'class_weight': None}. Best is trial 53 with value: 1.0.
2024-12-10 15:32:25,113 - INFO - Trial 72 finished with value: 0.9895833333333334 and parameters: {'max_depth': 14, 'min_samples_split': 9, 'min_samples_leaf': 1, 'class_weight': None}. Best is trial 53 with value: 1.0.
2024-12-10 15:32:25,150 - INFO - Trial 73 finished with value: 0.9946251129177958 and parameters: {'max_depth': 12, 'min_samples_split': 8, 'min_samples_leaf': 1, 'class_weight': None}. Best is trial 53 with value: 1.0.
2024-12-10 15:32:25,187 - INFO - Trial 74 finished with value: 0.9895833333333334 and parameters: {'max_depth': 16, 'min_samples_split': 8, 'min_samples_leaf': 1, 'class_weight': None}. Best is trial 53 with value: 1.0.
2024-12-10 15:32:25,222 - INFO - Trial 75 finished with value: 0.9895833333333334 and parameters: {'max_depth': 14, 'min_samples_split': 7, 'min_samples_leaf': 1, 'class_weight': None}. Best is trial 53 with value: 1.0.
2024-12-10 15:32:25,257 - INFO - Trial 76 finished with value: 0.9895833333333334 and parameters: {'max_depth': 11, 'min_samples_split': 9, 'min_samples_leaf': 1, 'class_weight': None}. Best is trial 53 with value: 1.0.
2024-12-10 15:32:25,297 - INFO - Trial 77 finished with value: 0.9895833333333334 and parameters: {'max_depth': 15, 'min_samples_split': 8, 'min_samples_leaf': 1, 'class_weight': None}. Best is trial 53 with value: 1.0.
2024-12-10 15:32:25,334 - INFO - Trial 78 finished with value: 0.9888674388674389 and parameters: {'max_depth': 13, 'min_samples_split': 7, 'min_samples_leaf': 1, 'class_weight': None}. Best is trial 53 with value: 1.0.
2024-12-10 15:32:25,372 - INFO - Trial 79 finished with value: 0.9949377571191965 and parameters: {'max_depth': 16, 'min_samples_split': 6, 'min_samples_leaf': 1, 'class_weight': None}. Best is trial 53 with value: 1.0.
2024-12-10 15:32:25,409 - INFO - Trial 80 finished with value: 0.9946251129177958 and parameters: {'max_depth': 14, 'min_samples_split': 8, 'min_samples_leaf': 2, 'class_weight': None}. Best is trial 53 with value: 1.0.
2024-12-10 15:32:25,446 - INFO - Trial 81 finished with value: 0.9888674388674389 and parameters: {'max_depth': 13, 'min_samples_split': 7, 'min_samples_leaf': 1, 'class_weight': None}. Best is trial 53 with value: 1.0.
2024-12-10 15:32:25,483 - INFO - Trial 82 finished with value: 0.9895833333333334 and parameters: {'max_depth': 12, 'min_samples_split': 7, 'min_samples_leaf': 1, 'class_weight': None}. Best is trial 53 with value: 1.0.
2024-12-10 15:32:25,518 - INFO - Trial 83 finished with value: 0.9946251129177958 and parameters: {'max_depth': 13, 'min_samples_split': 8, 'min_samples_leaf': 1, 'class_weight': None}. Best is trial 53 with value: 1.0.
2024-12-10 15:32:25,553 - INFO - Trial 84 finished with value: 0.9946251129177958 and parameters: {'max_depth': 13, 'min_samples_split': 6, 'min_samples_leaf': 1, 'class_weight': None}. Best is trial 53 with value: 1.0.
2024-12-10 15:32:25,590 - INFO - Trial 85 finished with value: 1.0 and parameters: {'max_depth': 15, 'min_samples_split': 7, 'min_samples_leaf': 1, 'class_weight': None}. Best is trial 53 with value: 1.0.
2024-12-10 15:32:25,624 - INFO - Trial 86 finished with value: 0.9946251129177958 and parameters: {'max_depth': 15, 'min_samples_split': 7, 'min_samples_leaf': 1, 'class_weight': None}. Best is trial 53 with value: 1.0.
2024-12-10 15:32:25,657 - INFO - Trial 87 finished with value: 0.9895833333333334 and parameters: {'max_depth': 15, 'min_samples_split': 9, 'min_samples_leaf': 1, 'class_weight': None}. Best is trial 53 with value: 1.0.
2024-12-10 15:32:25,693 - INFO - Trial 88 finished with value: 1.0 and parameters: {'max_depth': 16, 'min_samples_split': 8, 'min_samples_leaf': 1, 'class_weight': None}. Best is trial 53 with value: 1.0.
2024-12-10 15:32:25,727 - INFO - Trial 89 finished with value: 0.9949377571191965 and parameters: {'max_depth': 18, 'min_samples_split': 7, 'min_samples_leaf': 1, 'class_weight': None}. Best is trial 53 with value: 1.0.
2024-12-10 15:32:25,765 - INFO - Trial 90 finished with value: 0.9888674388674389 and parameters: {'max_depth': 17, 'min_samples_split': 6, 'min_samples_leaf': 2, 'class_weight': None}. Best is trial 53 with value: 1.0.
2024-12-10 15:32:25,820 - INFO - Trial 91 finished with value: 0.9946251129177958 and parameters: {'max_depth': 14, 'min_samples_split': 8, 'min_samples_leaf': 1, 'class_weight': None}. Best is trial 53 with value: 1.0.
2024-12-10 15:32:25,904 - INFO - Trial 92 finished with value: 0.9895833333333334 and parameters: {'max_depth': 16, 'min_samples_split': 8, 'min_samples_leaf': 1, 'class_weight': None}. Best is trial 53 with value: 1.0.
2024-12-10 15:32:25,940 - INFO - Trial 93 finished with value: 1.0 and parameters: {'max_depth': 15, 'min_samples_split': 8, 'min_samples_leaf': 1, 'class_weight': None}. Best is trial 53 with value: 1.0.
2024-12-10 15:32:25,976 - INFO - Trial 94 finished with value: 0.9946251129177958 and parameters: {'max_depth': 15, 'min_samples_split': 7, 'min_samples_leaf': 1, 'class_weight': None}. Best is trial 53 with value: 1.0.
2024-12-10 15:32:26,012 - INFO - Trial 95 finished with value: 0.9946251129177958 and parameters: {'max_depth': 16, 'min_samples_split': 8, 'min_samples_leaf': 1, 'class_weight': None}. Best is trial 53 with value: 1.0.
2024-12-10 15:32:26,049 - INFO - Trial 96 finished with value: 0.9895833333333334 and parameters: {'max_depth': 17, 'min_samples_split': 7, 'min_samples_leaf': 1, 'class_weight': None}. Best is trial 53 with value: 1.0.
2024-12-10 15:32:26,088 - INFO - Trial 97 finished with value: 0.9838753387533877 and parameters: {'max_depth': 15, 'min_samples_split': 2, 'min_samples_leaf': 1, 'class_weight': None}. Best is trial 53 with value: 1.0.
2024-12-10 15:32:26,124 - INFO - Trial 98 finished with value: 1.0 and parameters: {'max_depth': 14, 'min_samples_split': 9, 'min_samples_leaf': 1, 'class_weight': None}. Best is trial 53 with value: 1.0.
2024-12-10 15:32:26,160 - INFO - Trial 99 finished with value: 0.9895833333333334 and parameters: {'max_depth': 16, 'min_samples_split': 7, 'min_samples_leaf': 1, 'class_weight': None}. Best is trial 53 with value: 1.0.
2024-12-10 15:32:26,375 - INFO - A new study created in memory with name: no-name-ab163d65-3997-429c-b1be-6dff93ad9900
2024-12-10 15:32:28,324 - INFO - Trial 0 finished with value: 1.0 and parameters: {'n_estimators': 102, 'max_depth': 6, 'learning_rate': 0.0964073325245259, 'subsample': 0.7833366797048354, 'colsample_bytree': 0.7608676728700738, 'scale_pos_weight': 0.5921353672470439}. Best is trial 0 with value: 1.0.
2024-12-10 15:32:28,434 - INFO - Trial 1 finished with value: 0.9946251129177958 and parameters: {'n_estimators': 139, 'max_depth': 3, 'learning_rate': 0.1356971906421526, 'subsample': 0.9843821962087194, 'colsample_bytree': 0.7528983083301279, 'scale_pos_weight': 1.3956853012655726}. Best is trial 0 with value: 1.0.
2024-12-10 15:32:28,583 - INFO - Trial 2 finished with value: 1.0 and parameters: {'n_estimators': 268, 'max_depth': 17, 'learning_rate': 0.17938397136679343, 'subsample': 0.6877791980228033, 'colsample_bytree': 0.8394259262252419, 'scale_pos_weight': 0.6279012693625261}. Best is trial 0 with value: 1.0.
2024-12-10 15:32:28,666 - INFO - Trial 3 finished with value: 0.99013357619915 and parameters: {'n_estimators': 93, 'max_depth': 20, 'learning_rate': 0.03284025982076516, 'subsample': 0.8143840693368636, 'colsample_bytree': 0.7975158756246516, 'scale_pos_weight': 0.5212898128340432}. Best is trial 0 with value: 1.0.
2024-12-10 15:32:28,745 - INFO - Trial 4 finished with value: 0.9946251129177958 and parameters: {'n_estimators': 115, 'max_depth': 9, 'learning_rate': 0.17921985373638072, 'subsample': 0.6380729563340193, 'colsample_bytree': 0.5462936596450435, 'scale_pos_weight': 1.5387209701369684}. Best is trial 0 with value: 1.0.
2024-12-10 15:32:28,819 - INFO - Trial 5 finished with value: 0.9946251129177958 and parameters: {'n_estimators': 85, 'max_depth': 14, 'learning_rate': 0.10969501524189894, 'subsample': 0.5968115740686143, 'colsample_bytree': 0.8197092863373061, 'scale_pos_weight': 1.5831134099239534}. Best is trial 0 with value: 1.0.
2024-12-10 15:32:28,929 - INFO - Trial 6 finished with value: 1.0 and parameters: {'n_estimators': 172, 'max_depth': 14, 'learning_rate': 0.1409641212950673, 'subsample': 0.695812722030323, 'colsample_bytree': 0.9509706816157275, 'scale_pos_weight': 1.479651947841917}. Best is trial 0 with value: 1.0.
2024-12-10 15:32:29,081 - INFO - Trial 7 finished with value: 0.9946251129177958 and parameters: {'n_estimators': 296, 'max_depth': 5, 'learning_rate': 0.17491022769500783, 'subsample': 0.6628230231795, 'colsample_bytree': 0.719337074990523, 'scale_pos_weight': 1.2833036180603945}. Best is trial 0 with value: 1.0.
2024-12-10 15:32:29,232 - INFO - Trial 8 finished with value: 0.9946251129177958 and parameters: {'n_estimators': 279, 'max_depth': 6, 'learning_rate': 0.07893659925176394, 'subsample': 0.6732593077184305, 'colsample_bytree': 0.8019572861397217, 'scale_pos_weight': 0.6685031434035452}. Best is trial 0 with value: 1.0.
2024-12-10 15:32:29,318 - INFO - Trial 9 finished with value: 0.9946251129177958 and parameters: {'n_estimators': 128, 'max_depth': 14, 'learning_rate': 0.08362490187501857, 'subsample': 0.6893085163211325, 'colsample_bytree': 0.7207801525765196, 'scale_pos_weight': 0.9714390487875185}. Best is trial 0 with value: 1.0.
2024-12-10 15:32:29,382 - INFO - Trial 10 finished with value: 1.0 and parameters: {'n_estimators': 50, 'max_depth': 9, 'learning_rate': 0.2615756176836709, 'subsample': 0.5158691085678067, 'colsample_bytree': 0.5938529292282722, 'scale_pos_weight': 0.9927625604667755}. Best is trial 0 with value: 1.0.
2024-12-10 15:32:29,518 - INFO - Trial 11 finished with value: 0.9946251129177958 and parameters: {'n_estimators': 245, 'max_depth': 20, 'learning_rate': 0.22218365450134467, 'subsample': 0.8195018359458207, 'colsample_bytree': 0.9297440544626052, 'scale_pos_weight': 1.9423742199824008}. Best is trial 0 with value: 1.0.
2024-12-10 15:32:29,633 - INFO - Trial 12 finished with value: 1.0 and parameters: {'n_estimators': 215, 'max_depth': 17, 'learning_rate': 0.2927485588134918, 'subsample': 0.8410619033474247, 'colsample_bytree': 0.8824715926869833, 'scale_pos_weight': 0.8346943221597526}. Best is trial 0 with value: 1.0.
2024-12-10 15:32:29,760 - INFO - Trial 13 finished with value: 1.0 and parameters: {'n_estimators': 197, 'max_depth': 11, 'learning_rate': 0.03892387415829138, 'subsample': 0.9046236495088262, 'colsample_bytree': 0.6767362404643842, 'scale_pos_weight': 0.5690829231106095}. Best is trial 0 with value: 1.0.
2024-12-10 15:32:29,880 - INFO - Trial 14 finished with value: 1.0 and parameters: {'n_estimators': 248, 'max_depth': 17, 'learning_rate': 0.21353407970573746, 'subsample': 0.7665769586738013, 'colsample_bytree': 0.6312772660680811, 'scale_pos_weight': 0.7651905475325583}. Best is trial 0 with value: 1.0.
2024-12-10 15:32:29,993 - INFO - Trial 15 finished with value: 0.9946251129177958 and parameters: {'n_estimators': 161, 'max_depth': 7, 'learning_rate': 0.08034244413922519, 'subsample': 0.7496718062247362, 'colsample_bytree': 0.8734550242111314, 'scale_pos_weight': 1.0887502436061334}. Best is trial 0 with value: 1.0.
2024-12-10 15:32:30,115 - INFO - Trial 16 finished with value: 0.9946251129177958 and parameters: {'n_estimators': 212, 'max_depth': 3, 'learning_rate': 0.21082258986021743, 'subsample': 0.5802381612455172, 'colsample_bytree': 0.9842061464345617, 'scale_pos_weight': 0.850369141170539}. Best is trial 0 with value: 1.0.
2024-12-10 15:32:30,195 - INFO - Trial 17 finished with value: 1.0 and parameters: {'n_estimators': 57, 'max_depth': 17, 'learning_rate': 0.111569028510475, 'subsample': 0.8986833342107691, 'colsample_bytree': 0.8685720800619781, 'scale_pos_weight': 1.1236057003032283}. Best is trial 0 with value: 1.0.
2024-12-10 15:32:30,335 - INFO - Trial 18 finished with value: 0.9946251129177958 and parameters: {'n_estimators': 253, 'max_depth': 10, 'learning_rate': 0.16913894431781765, 'subsample': 0.739339305231607, 'colsample_bytree': 0.7648527416022838, 'scale_pos_weight': 0.6637661040933054}. Best is trial 0 with value: 1.0.
2024-12-10 15:32:30,463 - INFO - Trial 19 finished with value: 1.0 and parameters: {'n_estimators': 156, 'max_depth': 7, 'learning_rate': 0.01584220226667747, 'subsample': 0.5111203820583841, 'colsample_bytree': 0.6682701865180531, 'scale_pos_weight': 1.8422099181270033}. Best is trial 0 with value: 1.0.
2024-12-10 15:32:30,580 - INFO - Trial 20 finished with value: 0.9946251129177958 and parameters: {'n_estimators': 195, 'max_depth': 12, 'learning_rate': 0.2477551965913681, 'subsample': 0.878901758560636, 'colsample_bytree': 0.5144820961662802, 'scale_pos_weight': 0.5120465905009229}. Best is trial 0 with value: 1.0.
2024-12-10 15:32:30,705 - INFO - Trial 21 finished with value: 1.0 and parameters: {'n_estimators': 179, 'max_depth': 14, 'learning_rate': 0.13633120714566666, 'subsample': 0.7058839077647593, 'colsample_bytree': 0.9509357816378723, 'scale_pos_weight': 1.6749806043505595}. Best is trial 0 with value: 1.0.
2024-12-10 15:32:30,798 - INFO - Trial 22 finished with value: 0.9946251129177958 and parameters: {'n_estimators': 100, 'max_depth': 15, 'learning_rate': 0.1322598565620446, 'subsample': 0.613268572135244, 'colsample_bytree': 0.9020327029340884, 'scale_pos_weight': 1.3003878701372966}. Best is trial 0 with value: 1.0.
2024-12-10 15:32:30,908 - INFO - Trial 23 finished with value: 0.9946251129177958 and parameters: {'n_estimators': 141, 'max_depth': 12, 'learning_rate': 0.15460027265659185, 'subsample': 0.7888576625553001, 'colsample_bytree': 0.9970604186973582, 'scale_pos_weight': 1.4430731161259582}. Best is trial 0 with value: 1.0.
2024-12-10 15:32:31,042 - INFO - Trial 24 finished with value: 0.9946251129177958 and parameters: {'n_estimators': 229, 'max_depth': 18, 'learning_rate': 0.19500946067480718, 'subsample': 0.7226473903833053, 'colsample_bytree': 0.8163069148653138, 'scale_pos_weight': 1.755039425404815}. Best is trial 0 with value: 1.0.
2024-12-10 15:32:31,128 - INFO - Trial 25 finished with value: 0.9946251129177958 and parameters: {'n_estimators': 72, 'max_depth': 15, 'learning_rate': 0.10296968351008412, 'subsample': 0.7859733421805226, 'colsample_bytree': 0.8346945280909288, 'scale_pos_weight': 1.159437254750332}. Best is trial 0 with value: 1.0.
2024-12-10 15:32:31,246 - INFO - Trial 26 finished with value: 0.9946251129177958 and parameters: {'n_estimators': 179, 'max_depth': 19, 'learning_rate': 0.15926962545547477, 'subsample': 0.64740080879373, 'colsample_bytree': 0.9427515675892822, 'scale_pos_weight': 0.6835279465869576}. Best is trial 0 with value: 1.0.
2024-12-10 15:32:31,417 - INFO - Trial 27 finished with value: 0.9946251129177958 and parameters: {'n_estimators': 273, 'max_depth': 16, 'learning_rate': 0.05157758608161883, 'subsample': 0.5519309199730678, 'colsample_bytree': 0.8544978742809342, 'scale_pos_weight': 0.9527329953214803}. Best is trial 0 with value: 1.0.
2024-12-10 15:32:31,548 - INFO - Trial 28 finished with value: 0.9946251129177958 and parameters: {'n_estimators': 158, 'max_depth': 12, 'learning_rate': 0.05790162410606635, 'subsample': 0.7093859583798421, 'colsample_bytree': 0.91211045071447, 'scale_pos_weight': 1.4041955265075365}. Best is trial 0 with value: 1.0.
2024-12-10 15:32:31,639 - INFO - Trial 29 finished with value: 0.9946251129177958 and parameters: {'n_estimators': 121, 'max_depth': 4, 'learning_rate': 0.13618382997275616, 'subsample': 0.8571896256973871, 'colsample_bytree': 0.768513711911403, 'scale_pos_weight': 1.5254176864856075}. Best is trial 0 with value: 1.0.
2024-12-10 15:32:31,737 - INFO - Trial 30 finished with value: 1.0 and parameters: {'n_estimators': 139, 'max_depth': 8, 'learning_rate': 0.11998329026563512, 'subsample': 0.9267239454955365, 'colsample_bytree': 0.7207322121417034, 'scale_pos_weight': 0.7808221898891654}. Best is trial 0 with value: 1.0.
2024-12-10 15:32:31,801 - INFO - Trial 31 finished with value: 1.0 and parameters: {'n_estimators': 56, 'max_depth': 9, 'learning_rate': 0.27510100659503933, 'subsample': 0.9647176371274719, 'colsample_bytree': 0.6441144141126437, 'scale_pos_weight': 0.9714570073185614}. Best is trial 0 with value: 1.0.
2024-12-10 15:32:31,870 - INFO - Trial 32 finished with value: 0.9946251129177958 and parameters: {'n_estimators': 74, 'max_depth': 10, 'learning_rate': 0.2507026089269423, 'subsample': 0.5015533898561851, 'colsample_bytree': 0.5772934828156909, 'scale_pos_weight': 0.596972899773894}. Best is trial 0 with value: 1.0.
2024-12-10 15:32:31,950 - INFO - Trial 33 finished with value: 0.9946251129177958 and parameters: {'n_estimators': 105, 'max_depth': 6, 'learning_rate': 0.25172767952627567, 'subsample': 0.620703828457912, 'colsample_bytree': 0.5744539744606745, 'scale_pos_weight': 1.1877522557495792}. Best is trial 0 with value: 1.0.
2024-12-10 15:32:32,031 - INFO - Trial 34 finished with value: 0.9946251129177958 and parameters: {'n_estimators': 83, 'max_depth': 13, 'learning_rate': 0.1895769831510207, 'subsample': 0.5361828752043172, 'colsample_bytree': 0.7529374172155289, 'scale_pos_weight': 0.8847205804433177}. Best is trial 0 with value: 1.0.
2024-12-10 15:32:32,137 - INFO - Trial 35 finished with value: 0.9946251129177958 and parameters: {'n_estimators': 110, 'max_depth': 8, 'learning_rate': 0.1481699066991727, 'subsample': 0.575423950805181, 'colsample_bytree': 0.7789039064706256, 'scale_pos_weight': 1.031423128158571}. Best is trial 0 with value: 1.0.
2024-12-10 15:32:32,213 - INFO - Trial 36 finished with value: 1.0 and parameters: {'n_estimators': 50, 'max_depth': 5, 'learning_rate': 0.09705891451023832, 'subsample': 0.8023373372352712, 'colsample_bytree': 0.69048948681394, 'scale_pos_weight': 0.7302208606312157}. Best is trial 0 with value: 1.0.
2024-12-10 15:32:32,302 - INFO - Trial 37 finished with value: 0.9946251129177958 and parameters: {'n_estimators': 87, 'max_depth': 10, 'learning_rate': 0.23920972779481148, 'subsample': 0.668274646189019, 'colsample_bytree': 0.8431441820849657, 'scale_pos_weight': 1.323576100675973}. Best is trial 0 with value: 1.0.
2024-12-10 15:32:32,380 - INFO - Trial 38 finished with value: 0.9946251129177958 and parameters: {'n_estimators': 71, 'max_depth': 15, 'learning_rate': 0.2731296157724785, 'subsample': 0.7679207688092804, 'colsample_bytree': 0.7959383569072493, 'scale_pos_weight': 0.6035191183502475}. Best is trial 0 with value: 1.0.
2024-12-10 15:32:32,494 - INFO - Trial 39 finished with value: 0.9946251129177958 and parameters: {'n_estimators': 131, 'max_depth': 8, 'learning_rate': 0.06845916371534344, 'subsample': 0.6918261864162714, 'colsample_bytree': 0.7371973295290076, 'scale_pos_weight': 1.2227280573898327}. Best is trial 0 with value: 1.0.
2024-12-10 15:32:32,642 - INFO - Trial 40 finished with value: 0.9946251129177958 and parameters: {'n_estimators': 273, 'max_depth': 13, 'learning_rate': 0.19008532135685874, 'subsample': 0.8288333407766334, 'colsample_bytree': 0.6117661922854567, 'scale_pos_weight': 1.492811232375703}. Best is trial 0 with value: 1.0.
2024-12-10 15:32:32,802 - INFO - Trial 41 finished with value: 1.0 and parameters: {'n_estimators': 296, 'max_depth': 19, 'learning_rate': 0.29814608512282526, 'subsample': 0.8356291566956664, 'colsample_bytree': 0.893833781359106, 'scale_pos_weight': 0.8498222366236938}. Best is trial 0 with value: 1.0.
2024-12-10 15:32:32,940 - INFO - Trial 42 finished with value: 1.0 and parameters: {'n_estimators': 221, 'max_depth': 17, 'learning_rate': 0.297259615966787, 'subsample': 0.8451401914587884, 'colsample_bytree': 0.9547125068113926, 'scale_pos_weight': 0.7520943418068133}. Best is trial 0 with value: 1.0.
2024-12-10 15:32:33,064 - INFO - Trial 43 finished with value: 1.0 and parameters: {'n_estimators': 199, 'max_depth': 16, 'learning_rate': 0.27699566300800604, 'subsample': 0.7288106300382438, 'colsample_bytree': 0.8816782383536494, 'scale_pos_weight': 1.61035563267108}. Best is trial 0 with value: 1.0.
