2025-02-02 17:08:40,178 - INFO - Trial 487 finished with value: 0.7853566958698374 and parameters: {'n_estimators': 70, 'max_depth': 13, 'learning_rate': 0.18300156848147847, 'subsample': 0.6600798323801477}. Best is trial 84 with value: 0.9080100125156445.
2025-02-02 17:08:40,268 - INFO - Trial 488 finished with value: 0.7853566958698374 and parameters: {'n_estimators': 83, 'max_depth': 9, 'learning_rate': 0.15771611830060148, 'subsample': 0.680490861288641}. Best is trial 84 with value: 0.9080100125156445.
2025-02-02 17:08:40,371 - INFO - Trial 489 finished with value: 0.875 and parameters: {'n_estimators': 130, 'max_depth': 12, 'learning_rate': 0.19032050308798878, 'subsample': 0.7418006375857638}. Best is trial 84 with value: 0.9080100125156445.
2025-02-02 17:08:40,493 - INFO - Trial 490 finished with value: 0.8125 and parameters: {'n_estimators': 182, 'max_depth': 11, 'learning_rate': 0.17421403391240858, 'subsample': 0.7209847205856617}. Best is trial 84 with value: 0.9080100125156445.
2025-02-02 17:08:40,588 - INFO - Trial 491 finished with value: 0.7853566958698374 and parameters: {'n_estimators': 101, 'max_depth': 15, 'learning_rate': 0.10457069124833161, 'subsample': 0.7569198448891089}. Best is trial 84 with value: 0.9080100125156445.
2025-02-02 17:08:40,704 - INFO - Trial 492 finished with value: 0.846683354192741 and parameters: {'n_estimators': 175, 'max_depth': 10, 'learning_rate': 0.1652624848356696, 'subsample': 0.7025717576967766}. Best is trial 84 with value: 0.9080100125156445.
2025-02-02 17:08:40,813 - INFO - Trial 493 finished with value: 0.875 and parameters: {'n_estimators': 147, 'max_depth': 11, 'learning_rate': 0.17955026198020213, 'subsample': 0.6436797925679445}. Best is trial 84 with value: 0.9080100125156445.
2025-02-02 17:08:40,959 - INFO - Trial 494 finished with value: 0.846683354192741 and parameters: {'n_estimators': 299, 'max_depth': 14, 'learning_rate': 0.15330775197343083, 'subsample': 0.7346346232507024}. Best is trial 84 with value: 0.9080100125156445.
2025-02-02 17:08:41,053 - INFO - Trial 495 finished with value: 0.875 and parameters: {'n_estimators': 93, 'max_depth': 8, 'learning_rate': 0.18677490145839795, 'subsample': 0.7457649237873113}. Best is trial 84 with value: 0.9080100125156445.
2025-02-02 17:08:41,145 - INFO - Trial 496 finished with value: 0.846683354192741 and parameters: {'n_estimators': 86, 'max_depth': 12, 'learning_rate': 0.17088427409467166, 'subsample': 0.7258990449458502}. Best is trial 84 with value: 0.9080100125156445.
2025-02-02 17:08:41,254 - INFO - Trial 497 finished with value: 0.75 and parameters: {'n_estimators': 104, 'max_depth': 16, 'learning_rate': 0.013143569947843284, 'subsample': 0.7361650022351954}. Best is trial 84 with value: 0.9080100125156445.
2025-02-02 17:08:41,339 - INFO - Trial 498 finished with value: 0.8125 and parameters: {'n_estimators': 65, 'max_depth': 8, 'learning_rate': 0.19405972016017733, 'subsample': 0.7141863042384473}. Best is trial 84 with value: 0.9080100125156445.
2025-02-02 17:08:41,439 - INFO - Trial 499 finished with value: 0.7853566958698374 and parameters: {'n_estimators': 96, 'max_depth': 15, 'learning_rate': 0.09389966982554168, 'subsample': 0.7671686550470364}. Best is trial 84 with value: 0.9080100125156445.
2025-02-02 17:08:41,533 - INFO - Trial 500 finished with value: 0.8125 and parameters: {'n_estimators': 80, 'max_depth': 13, 'learning_rate': 0.176404357059427, 'subsample': 0.7469980152563065}. Best is trial 84 with value: 0.9080100125156445.
2025-02-02 17:08:41,640 - INFO - Trial 501 finished with value: 0.7853566958698374 and parameters: {'n_estimators': 89, 'max_depth': 10, 'learning_rate': 0.161621200356954, 'subsample': 0.7901501511714525}. Best is trial 84 with value: 0.9080100125156445.
2025-02-02 17:08:41,786 - INFO - Trial 502 finished with value: 0.8125 and parameters: {'n_estimators': 218, 'max_depth': 12, 'learning_rate': 0.182540349151165, 'subsample': 0.7266849373795867}. Best is trial 84 with value: 0.9080100125156445.
2025-02-02 17:08:41,882 - INFO - Trial 503 finished with value: 0.8401360544217686 and parameters: {'n_estimators': 84, 'max_depth': 14, 'learning_rate': 0.1895897443640405, 'subsample': 0.7563483182193497}. Best is trial 84 with value: 0.9080100125156445.
2025-02-02 17:08:41,950 - INFO - Trial 504 finished with value: 0.7853566958698374 and parameters: {'n_estimators': 73, 'max_depth': 11, 'learning_rate': 0.16834112729626513, 'subsample': 0.7178207120183305}. Best is trial 84 with value: 0.9080100125156445.
2025-02-02 17:08:42,044 - INFO - Trial 505 finished with value: 0.8125 and parameters: {'n_estimators': 93, 'max_depth': 15, 'learning_rate': 0.17373700677494858, 'subsample': 0.7366970534839529}. Best is trial 84 with value: 0.9080100125156445.
2025-02-02 17:08:42,155 - INFO - Trial 506 finished with value: 0.846683354192741 and parameters: {'n_estimators': 113, 'max_depth': 10, 'learning_rate': 0.19660326433308736, 'subsample': 0.6519520016265735}. Best is trial 84 with value: 0.9080100125156445.
2025-02-02 17:08:42,271 - INFO - Trial 507 finished with value: 0.846683354192741 and parameters: {'n_estimators': 120, 'max_depth': 13, 'learning_rate': 0.18670059749235007, 'subsample': 0.6987513200327455}. Best is trial 84 with value: 0.9080100125156445.
2025-02-02 17:08:42,364 - INFO - Trial 508 finished with value: 0.846683354192741 and parameters: {'n_estimators': 79, 'max_depth': 9, 'learning_rate': 0.1803722188094097, 'subsample': 0.6746844093779112}. Best is trial 84 with value: 0.9080100125156445.
2025-02-02 17:08:42,466 - INFO - Trial 509 finished with value: 0.875 and parameters: {'n_estimators': 98, 'max_depth': 12, 'learning_rate': 0.19243461439624093, 'subsample': 0.7451709563549477}. Best is trial 84 with value: 0.9080100125156445.
2025-02-02 17:08:42,563 - INFO - Trial 510 finished with value: 0.846683354192741 and parameters: {'n_estimators': 86, 'max_depth': 12, 'learning_rate': 0.16577391093693053, 'subsample': 0.7260271898435917}. Best is trial 84 with value: 0.9080100125156445.
2025-02-02 17:08:42,663 - INFO - Trial 511 finished with value: 0.846683354192741 and parameters: {'n_estimators': 90, 'max_depth': 15, 'learning_rate': 0.17808281692344388, 'subsample': 0.7557781123196059}. Best is trial 84 with value: 0.9080100125156445.
2025-02-02 17:08:42,762 - INFO - Trial 512 finished with value: 0.7853566958698374 and parameters: {'n_estimators': 77, 'max_depth': 16, 'learning_rate': 0.17137452329435388, 'subsample': 0.7086916950330304}. Best is trial 84 with value: 0.9080100125156445.
2025-02-02 17:08:42,861 - INFO - Trial 513 finished with value: 0.8188405797101449 and parameters: {'n_estimators': 104, 'max_depth': 11, 'learning_rate': 0.18322995413943555, 'subsample': 0.7351003737271715}. Best is trial 84 with value: 0.9080100125156445.
2025-02-02 17:08:42,953 - INFO - Trial 514 finished with value: 0.8125 and parameters: {'n_estimators': 83, 'max_depth': 8, 'learning_rate': 0.1592934610580467, 'subsample': 0.72220062109707}. Best is trial 84 with value: 0.9080100125156445.
2025-02-02 17:08:43,041 - INFO - Trial 515 finished with value: 0.7853566958698374 and parameters: {'n_estimators': 58, 'max_depth': 15, 'learning_rate': 0.19033427585017507, 'subsample': 0.767639044728627}. Best is trial 84 with value: 0.9080100125156445.
2025-02-02 17:08:43,143 - INFO - Trial 516 finished with value: 0.846683354192741 and parameters: {'n_estimators': 71, 'max_depth': 14, 'learning_rate': 0.16840166799456524, 'subsample': 0.7436398080318869}. Best is trial 84 with value: 0.9080100125156445.
2025-02-02 17:08:43,251 - INFO - Trial 517 finished with value: 0.846683354192741 and parameters: {'n_estimators': 108, 'max_depth': 7, 'learning_rate': 0.17623090035613911, 'subsample': 0.6916838661003689}. Best is trial 84 with value: 0.9080100125156445.
2025-02-02 17:08:43,352 - INFO - Trial 518 finished with value: 0.875 and parameters: {'n_estimators': 94, 'max_depth': 13, 'learning_rate': 0.16337640210226564, 'subsample': 0.7328535169565239}. Best is trial 84 with value: 0.9080100125156445.
2025-02-02 17:08:43,449 - INFO - Trial 519 finished with value: 0.875 and parameters: {'n_estimators': 88, 'max_depth': 9, 'learning_rate': 0.18670699723256956, 'subsample': 0.7549930303128929}. Best is trial 84 with value: 0.9080100125156445.
2025-02-02 17:08:43,548 - INFO - Trial 520 finished with value: 0.8401360544217686 and parameters: {'n_estimators': 99, 'max_depth': 10, 'learning_rate': 0.17203313314539587, 'subsample': 0.7146976980559973}. Best is trial 84 with value: 0.9080100125156445.
2025-02-02 17:08:43,647 - INFO - Trial 521 finished with value: 0.8188405797101449 and parameters: {'n_estimators': 92, 'max_depth': 11, 'learning_rate': 0.18229070940309727, 'subsample': 0.7406517385618494}. Best is trial 84 with value: 0.9080100125156445.
2025-02-02 17:08:43,783 - INFO - Trial 522 finished with value: 0.846683354192741 and parameters: {'n_estimators': 226, 'max_depth': 12, 'learning_rate': 0.19681169008333618, 'subsample': 0.6340930267602296}. Best is trial 84 with value: 0.9080100125156445.
2025-02-02 17:08:43,875 - INFO - Trial 523 finished with value: 0.846683354192741 and parameters: {'n_estimators': 82, 'max_depth': 14, 'learning_rate': 0.19117773766236465, 'subsample': 0.6602351203840204}. Best is trial 84 with value: 0.9080100125156445.
2025-02-02 17:08:44,010 - INFO - Trial 524 finished with value: 0.875 and parameters: {'n_estimators': 236, 'max_depth': 8, 'learning_rate': 0.19993007548180675, 'subsample': 0.7208218006016618}. Best is trial 84 with value: 0.9080100125156445.
2025-02-02 17:08:44,161 - INFO - Trial 525 finished with value: 0.8792270531400965 and parameters: {'n_estimators': 282, 'max_depth': 11, 'learning_rate': 0.17997246505522202, 'subsample': 0.7318337965407716}. Best is trial 84 with value: 0.9080100125156445.
2025-02-02 17:08:44,251 - INFO - Trial 526 finished with value: 0.8401360544217686 and parameters: {'n_estimators': 67, 'max_depth': 10, 'learning_rate': 0.1780443572743118, 'subsample': 0.7498196416668238}. Best is trial 84 with value: 0.9080100125156445.
2025-02-02 17:08:44,397 - INFO - Trial 527 finished with value: 0.8125 and parameters: {'n_estimators': 282, 'max_depth': 11, 'learning_rate': 0.18031620928906172, 'subsample': 0.7615338223271616}. Best is trial 84 with value: 0.9080100125156445.
2025-02-02 17:08:44,546 - INFO - Trial 528 finished with value: 0.875 and parameters: {'n_estimators': 272, 'max_depth': 11, 'learning_rate': 0.17441887105160123, 'subsample': 0.7319340011815348}. Best is trial 84 with value: 0.9080100125156445.
2025-02-02 17:08:44,702 - INFO - Trial 529 finished with value: 0.8125 and parameters: {'n_estimators': 268, 'max_depth': 11, 'learning_rate': 0.17557871616356688, 'subsample': 0.5839829118128075}. Best is trial 84 with value: 0.9080100125156445.
2025-02-02 17:08:44,877 - INFO - Trial 530 finished with value: 0.846683354192741 and parameters: {'n_estimators': 290, 'max_depth': 11, 'learning_rate': 0.18279062976958294, 'subsample': 0.7386766328076988}. Best is trial 84 with value: 0.9080100125156445.
2025-02-02 17:08:44,969 - INFO - Trial 531 finished with value: 0.8125 and parameters: {'n_estimators': 75, 'max_depth': 12, 'learning_rate': 0.1700110173800818, 'subsample': 0.7485760372101042}. Best is trial 84 with value: 0.9080100125156445.
2025-02-02 17:08:45,110 - INFO - Trial 532 finished with value: 0.8125 and parameters: {'n_estimators': 281, 'max_depth': 10, 'learning_rate': 0.1783589695777486, 'subsample': 0.7778060275306081}. Best is trial 84 with value: 0.9080100125156445.
2025-02-02 17:08:45,254 - INFO - Trial 533 finished with value: 0.846683354192741 and parameters: {'n_estimators': 278, 'max_depth': 11, 'learning_rate': 0.18535927215476955, 'subsample': 0.7276735468223687}. Best is trial 84 with value: 0.9080100125156445.
2025-02-02 17:08:45,355 - INFO - Trial 534 finished with value: 0.8125 and parameters: {'n_estimators': 87, 'max_depth': 11, 'learning_rate': 0.1657686466056742, 'subsample': 0.7103467001482072}. Best is trial 84 with value: 0.9080100125156445.
2025-02-02 17:08:45,503 - INFO - Trial 535 finished with value: 0.846683354192741 and parameters: {'n_estimators': 257, 'max_depth': 12, 'learning_rate': 0.17197896543992688, 'subsample': 0.6228564288767313}. Best is trial 84 with value: 0.9080100125156445.
2025-02-02 17:08:45,654 - INFO - Trial 536 finished with value: 0.8125 and parameters: {'n_estimators': 287, 'max_depth': 9, 'learning_rate': 0.15463462397464542, 'subsample': 0.7406046648948595}. Best is trial 84 with value: 0.9080100125156445.
2025-02-02 17:08:45,751 - INFO - Trial 537 finished with value: 0.846683354192741 and parameters: {'n_estimators': 79, 'max_depth': 12, 'learning_rate': 0.18032826022847107, 'subsample': 0.6714096511099832}. Best is trial 84 with value: 0.9080100125156445.
2025-02-02 17:08:45,847 - INFO - Trial 538 finished with value: 0.8125 and parameters: {'n_estimators': 86, 'max_depth': 10, 'learning_rate': 0.17469968554581436, 'subsample': 0.7637723211613868}. Best is trial 84 with value: 0.9080100125156445.
2025-02-02 17:08:45,942 - INFO - Trial 539 finished with value: 0.7853566958698374 and parameters: {'n_estimators': 90, 'max_depth': 11, 'learning_rate': 0.16070180508432713, 'subsample': 0.7263616059807513}. Best is trial 84 with value: 0.9080100125156445.
2025-02-02 17:08:46,072 - INFO - Trial 540 finished with value: 0.875 and parameters: {'n_estimators': 231, 'max_depth': 18, 'learning_rate': 0.16795827070801678, 'subsample': 0.6445282696486216}. Best is trial 84 with value: 0.9080100125156445.
2025-02-02 17:08:46,197 - INFO - Trial 541 finished with value: 0.875 and parameters: {'n_estimators': 203, 'max_depth': 12, 'learning_rate': 0.1854001881065128, 'subsample': 0.7524130424811661}. Best is trial 84 with value: 0.9080100125156445.
2025-02-02 17:08:46,301 - INFO - Trial 542 finished with value: 0.7853566958698374 and parameters: {'n_estimators': 82, 'max_depth': 10, 'learning_rate': 0.13455102764826793, 'subsample': 0.7354372687597516}. Best is trial 84 with value: 0.9080100125156445.
2025-02-02 17:08:46,398 - INFO - Trial 543 finished with value: 0.7853566958698374 and parameters: {'n_estimators': 72, 'max_depth': 11, 'learning_rate': 0.17860387452417784, 'subsample': 0.7021269787754006}. Best is trial 84 with value: 0.9080100125156445.
2025-02-02 17:08:46,544 - INFO - Trial 544 finished with value: 0.846683354192741 and parameters: {'n_estimators': 247, 'max_depth': 8, 'learning_rate': 0.17239118738861314, 'subsample': 0.7192102127990602}. Best is trial 84 with value: 0.9080100125156445.
2025-02-02 17:08:46,644 - INFO - Trial 545 finished with value: 0.75 and parameters: {'n_estimators': 95, 'max_depth': 12, 'learning_rate': 0.047511625307463515, 'subsample': 0.7437368197121388}. Best is trial 84 with value: 0.9080100125156445.
2025-02-02 17:08:46,774 - INFO - Trial 546 finished with value: 0.846683354192741 and parameters: {'n_estimators': 208, 'max_depth': 16, 'learning_rate': 0.16321008989713212, 'subsample': 0.6875782997886413}. Best is trial 84 with value: 0.9080100125156445.
2025-02-02 17:08:46,920 - INFO - Trial 547 finished with value: 0.846683354192741 and parameters: {'n_estimators': 255, 'max_depth': 15, 'learning_rate': 0.18203340492336353, 'subsample': 0.7294041640565293}. Best is trial 84 with value: 0.9080100125156445.
2025-02-02 17:08:47,020 - INFO - Trial 548 finished with value: 0.7853566958698374 and parameters: {'n_estimators': 79, 'max_depth': 11, 'learning_rate': 0.12484036415340435, 'subsample': 0.9996891194536798}. Best is trial 84 with value: 0.9080100125156445.
2025-02-02 17:08:47,117 - INFO - Trial 549 finished with value: 0.8125 and parameters: {'n_estimators': 84, 'max_depth': 12, 'learning_rate': 0.1683674352269219, 'subsample': 0.7146590603583219}. Best is trial 84 with value: 0.9080100125156445.
2025-02-02 17:08:47,209 - INFO - Trial 550 finished with value: 0.8188405797101449 and parameters: {'n_estimators': 63, 'max_depth': 7, 'learning_rate': 0.17578799928620092, 'subsample': 0.6571439944875689}. Best is trial 84 with value: 0.9080100125156445.
2025-02-02 17:08:47,312 - INFO - Trial 551 finished with value: 0.846683354192741 and parameters: {'n_estimators': 89, 'max_depth': 9, 'learning_rate': 0.18658384057906313, 'subsample': 0.756345452376508}. Best is trial 84 with value: 0.9080100125156445.
2025-02-02 17:08:47,418 - INFO - Trial 552 finished with value: 0.8188405797101449 and parameters: {'n_estimators': 94, 'max_depth': 4, 'learning_rate': 0.15835755667714452, 'subsample': 0.7466551476494422}. Best is trial 84 with value: 0.9080100125156445.
2025-02-02 17:08:47,565 - INFO - Trial 553 finished with value: 0.8125 and parameters: {'n_estimators': 250, 'max_depth': 9, 'learning_rate': 0.18300979229858366, 'subsample': 0.9403513069871106}. Best is trial 84 with value: 0.9080100125156445.
2025-02-02 17:08:47,681 - INFO - Trial 554 finished with value: 0.8401360544217686 and parameters: {'n_estimators': 159, 'max_depth': 8, 'learning_rate': 0.18877788017482772, 'subsample': 0.7374024476948637}. Best is trial 84 with value: 0.9080100125156445.
2025-02-02 17:08:47,821 - INFO - Trial 555 finished with value: 0.8125 and parameters: {'n_estimators': 264, 'max_depth': 15, 'learning_rate': 0.17689677402194795, 'subsample': 0.7269408520677956}. Best is trial 84 with value: 0.9080100125156445.
2025-02-02 17:08:47,960 - INFO - Trial 556 finished with value: 0.8125 and parameters: {'n_estimators': 243, 'max_depth': 11, 'learning_rate': 0.15059540332625687, 'subsample': 0.7670293938490756}. Best is trial 84 with value: 0.9080100125156445.
2025-02-02 17:08:48,108 - INFO - Trial 557 finished with value: 0.846683354192741 and parameters: {'n_estimators': 296, 'max_depth': 12, 'learning_rate': 0.16997720016660597, 'subsample': 0.6810426542987176}. Best is trial 84 with value: 0.9080100125156445.
2025-02-02 17:08:48,208 - INFO - Trial 558 finished with value: 0.7853566958698374 and parameters: {'n_estimators': 73, 'max_depth': 10, 'learning_rate': 0.16538961575265654, 'subsample': 0.7051677052040818}. Best is trial 84 with value: 0.9080100125156445.
2025-02-02 17:08:48,306 - INFO - Trial 559 finished with value: 0.846683354192741 and parameters: {'n_estimators': 77, 'max_depth': 13, 'learning_rate': 0.17348019691211786, 'subsample': 0.7201212725627687}. Best is trial 84 with value: 0.9080100125156445.
2025-02-02 17:08:48,405 - INFO - Trial 560 finished with value: 0.846683354192741 and parameters: {'n_estimators': 85, 'max_depth': 15, 'learning_rate': 0.1799018001738051, 'subsample': 0.6083213821854125}. Best is trial 84 with value: 0.9080100125156445.
2025-02-02 17:08:48,548 - INFO - Trial 561 finished with value: 0.875 and parameters: {'n_estimators': 273, 'max_depth': 16, 'learning_rate': 0.1849795634975473, 'subsample': 0.7481705374252112}. Best is trial 84 with value: 0.9080100125156445.
2025-02-02 17:08:48,684 - INFO - Trial 562 finished with value: 0.75 and parameters: {'n_estimators': 166, 'max_depth': 11, 'learning_rate': 0.03265977124480238, 'subsample': 0.7317792472743799}. Best is trial 84 with value: 0.9080100125156445.
2025-02-02 17:08:48,824 - INFO - Trial 563 finished with value: 0.846683354192741 and parameters: {'n_estimators': 197, 'max_depth': 12, 'learning_rate': 0.1913310395876605, 'subsample': 0.7397353589455725}. Best is trial 84 with value: 0.9080100125156445.
2025-02-02 17:08:48,928 - INFO - Trial 564 finished with value: 0.7853566958698374 and parameters: {'n_estimators': 99, 'max_depth': 7, 'learning_rate': 0.16280211266747532, 'subsample': 0.7572159562434619}. Best is trial 84 with value: 0.9080100125156445.
2025-02-02 17:08:49,030 - INFO - Trial 565 finished with value: 0.8125 and parameters: {'n_estimators': 90, 'max_depth': 11, 'learning_rate': 0.17002315155209757, 'subsample': 0.7143641327322434}. Best is trial 84 with value: 0.9080100125156445.
2025-02-02 17:08:49,125 - INFO - Trial 566 finished with value: 0.8125 and parameters: {'n_estimators': 82, 'max_depth': 9, 'learning_rate': 0.17662176770023766, 'subsample': 0.6636072698254786}. Best is trial 84 with value: 0.9080100125156445.
2025-02-02 17:08:49,211 - INFO - Trial 567 finished with value: 0.8125 and parameters: {'n_estimators': 50, 'max_depth': 15, 'learning_rate': 0.18072742124350544, 'subsample': 0.6480354035260488}. Best is trial 84 with value: 0.9080100125156445.
2025-02-02 17:08:49,312 - INFO - Trial 568 finished with value: 0.8125 and parameters: {'n_estimators': 95, 'max_depth': 12, 'learning_rate': 0.18797507365168079, 'subsample': 0.7303972815638218}. Best is trial 84 with value: 0.9080100125156445.
2025-02-02 17:08:49,407 - INFO - Trial 569 finished with value: 0.8401360544217686 and parameters: {'n_estimators': 89, 'max_depth': 20, 'learning_rate': 0.17316801625980774, 'subsample': 0.7460554842624679}. Best is trial 84 with value: 0.9080100125156445.
2025-02-02 17:08:49,503 - INFO - Trial 570 finished with value: 0.7853566958698374 and parameters: {'n_estimators': 67, 'max_depth': 8, 'learning_rate': 0.16671167624988892, 'subsample': 0.7780573870759315}. Best is trial 84 with value: 0.9080100125156445.
2025-02-02 17:08:49,609 - INFO - Trial 571 finished with value: 0.8125 and parameters: {'n_estimators': 77, 'max_depth': 10, 'learning_rate': 0.19295525282573447, 'subsample': 0.6310538837241229}. Best is trial 84 with value: 0.9080100125156445.
2025-02-02 17:08:49,728 - INFO - Trial 572 finished with value: 0.8401360544217686 and parameters: {'n_estimators': 84, 'max_depth': 12, 'learning_rate': 0.17825524588303096, 'subsample': 0.7224033775262969}. Best is trial 84 with value: 0.9080100125156445.
2025-02-02 17:08:49,839 - INFO - Trial 573 finished with value: 0.7853566958698374 and parameters: {'n_estimators': 91, 'max_depth': 11, 'learning_rate': 0.12984858893990384, 'subsample': 0.7359385342145702}. Best is trial 84 with value: 0.9080100125156445.
