2025-02-02 17:03:59,911 - INFO - Trial 108 finished with value: 0.8188405797101449 and parameters: {'n_estimators': 186, 'max_depth': 14, 'min_samples_split': 6, 'min_samples_leaf': 1, 'class_weight': 'balanced'}. Best is trial 0 with value: 0.8508771929824562.
2025-02-02 17:04:00,104 - INFO - Trial 109 finished with value: 0.8188405797101449 and parameters: {'n_estimators': 165, 'max_depth': 18, 'min_samples_split': 5, 'min_samples_leaf': 2, 'class_weight': 'balanced'}. Best is trial 0 with value: 0.8508771929824562.
2025-02-02 17:04:00,250 - INFO - Trial 110 finished with value: 0.8508771929824562 and parameters: {'n_estimators': 134, 'max_depth': 19, 'min_samples_split': 7, 'min_samples_leaf': 1, 'class_weight': 'balanced'}. Best is trial 0 with value: 0.8508771929824562.
2025-02-02 17:04:00,485 - INFO - Trial 111 finished with value: 0.8508771929824562 and parameters: {'n_estimators': 223, 'max_depth': 20, 'min_samples_split': 7, 'min_samples_leaf': 1, 'class_weight': 'balanced'}. Best is trial 0 with value: 0.8508771929824562.
2025-02-02 17:04:00,716 - INFO - Trial 112 finished with value: 0.8188405797101449 and parameters: {'n_estimators': 216, 'max_depth': 19, 'min_samples_split': 7, 'min_samples_leaf': 1, 'class_weight': 'balanced'}. Best is trial 0 with value: 0.8508771929824562.
2025-02-02 17:04:00,930 - INFO - Trial 113 finished with value: 0.8508771929824562 and parameters: {'n_estimators': 199, 'max_depth': 19, 'min_samples_split': 8, 'min_samples_leaf': 1, 'class_weight': 'balanced'}. Best is trial 0 with value: 0.8508771929824562.
2025-02-02 17:04:01,205 - INFO - Trial 114 finished with value: 0.8508771929824562 and parameters: {'n_estimators': 220, 'max_depth': 20, 'min_samples_split': 7, 'min_samples_leaf': 1, 'class_weight': 'balanced'}. Best is trial 0 with value: 0.8508771929824562.
2025-02-02 17:04:01,652 - INFO - Trial 115 finished with value: 0.8188405797101449 and parameters: {'n_estimators': 235, 'max_depth': 18, 'min_samples_split': 4, 'min_samples_leaf': 1, 'class_weight': 'balanced'}. Best is trial 0 with value: 0.8508771929824562.
2025-02-02 17:04:02,041 - INFO - Trial 116 finished with value: 0.7662337662337663 and parameters: {'n_estimators': 208, 'max_depth': 13, 'min_samples_split': 10, 'min_samples_leaf': 1, 'class_weight': 'balanced'}. Best is trial 0 with value: 0.8508771929824562.
2025-02-02 17:04:02,326 - INFO - Trial 117 finished with value: 0.8188405797101449 and parameters: {'n_estimators': 148, 'max_depth': 18, 'min_samples_split': 6, 'min_samples_leaf': 2, 'class_weight': None}. Best is trial 0 with value: 0.8508771929824562.
2025-02-02 17:04:02,582 - INFO - Trial 118 finished with value: 0.8508771929824562 and parameters: {'n_estimators': 155, 'max_depth': 19, 'min_samples_split': 8, 'min_samples_leaf': 3, 'class_weight': 'balanced'}. Best is trial 0 with value: 0.8508771929824562.
2025-02-02 17:04:02,728 - INFO - Trial 119 finished with value: 0.7945736434108528 and parameters: {'n_estimators': 82, 'max_depth': 15, 'min_samples_split': 3, 'min_samples_leaf': 4, 'class_weight': 'balanced'}. Best is trial 0 with value: 0.8508771929824562.
2025-02-02 17:04:02,863 - INFO - Trial 120 finished with value: 0.8227272727272728 and parameters: {'n_estimators': 70, 'max_depth': 17, 'min_samples_split': 7, 'min_samples_leaf': 2, 'class_weight': 'balanced'}. Best is trial 0 with value: 0.8508771929824562.
2025-02-02 17:04:03,140 - INFO - Trial 121 finished with value: 0.8508771929824562 and parameters: {'n_estimators': 174, 'max_depth': 20, 'min_samples_split': 7, 'min_samples_leaf': 2, 'class_weight': 'balanced'}. Best is trial 0 with value: 0.8508771929824562.
2025-02-02 17:04:03,393 - INFO - Trial 122 finished with value: 0.8508771929824562 and parameters: {'n_estimators': 152, 'max_depth': 20, 'min_samples_split': 7, 'min_samples_leaf': 2, 'class_weight': 'balanced'}. Best is trial 0 with value: 0.8508771929824562.
2025-02-02 17:04:03,608 - INFO - Trial 123 finished with value: 0.8508771929824562 and parameters: {'n_estimators': 119, 'max_depth': 20, 'min_samples_split': 6, 'min_samples_leaf': 2, 'class_weight': 'balanced'}. Best is trial 0 with value: 0.8508771929824562.
2025-02-02 17:04:03,868 - INFO - Trial 124 finished with value: 0.8508771929824562 and parameters: {'n_estimators': 143, 'max_depth': 19, 'min_samples_split': 7, 'min_samples_leaf': 2, 'class_weight': 'balanced'}. Best is trial 0 with value: 0.8508771929824562.
2025-02-02 17:04:04,159 - INFO - Trial 125 finished with value: 0.8508771929824562 and parameters: {'n_estimators': 170, 'max_depth': 19, 'min_samples_split': 6, 'min_samples_leaf': 1, 'class_weight': 'balanced'}. Best is trial 0 with value: 0.8508771929824562.
2025-02-02 17:04:04,384 - INFO - Trial 126 finished with value: 0.7945736434108528 and parameters: {'n_estimators': 130, 'max_depth': 11, 'min_samples_split': 7, 'min_samples_leaf': 2, 'class_weight': 'balanced'}. Best is trial 0 with value: 0.8508771929824562.
2025-02-02 17:04:04,647 - INFO - Trial 127 finished with value: 0.8508771929824562 and parameters: {'n_estimators': 160, 'max_depth': 14, 'min_samples_split': 5, 'min_samples_leaf': 1, 'class_weight': 'balanced'}. Best is trial 0 with value: 0.8508771929824562.
2025-02-02 17:04:04,823 - INFO - Trial 128 finished with value: 0.8227272727272728 and parameters: {'n_estimators': 95, 'max_depth': 16, 'min_samples_split': 8, 'min_samples_leaf': 2, 'class_weight': 'balanced'}. Best is trial 0 with value: 0.8508771929824562.
2025-02-02 17:04:05,026 - INFO - Trial 129 finished with value: 0.7945736434108528 and parameters: {'n_estimators': 112, 'max_depth': 18, 'min_samples_split': 9, 'min_samples_leaf': 2, 'class_weight': 'balanced'}. Best is trial 0 with value: 0.8508771929824562.
2025-02-02 17:04:05,276 - INFO - Trial 130 finished with value: 0.8508771929824562 and parameters: {'n_estimators': 146, 'max_depth': 12, 'min_samples_split': 4, 'min_samples_leaf': 1, 'class_weight': 'balanced'}. Best is trial 0 with value: 0.8508771929824562.
2025-02-02 17:04:05,574 - INFO - Trial 131 finished with value: 0.8227272727272728 and parameters: {'n_estimators': 182, 'max_depth': 20, 'min_samples_split': 8, 'min_samples_leaf': 1, 'class_weight': 'balanced'}. Best is trial 0 with value: 0.8508771929824562.
2025-02-02 17:04:05,866 - INFO - Trial 132 finished with value: 0.8508771929824562 and parameters: {'n_estimators': 177, 'max_depth': 20, 'min_samples_split': 7, 'min_samples_leaf': 1, 'class_weight': 'balanced'}. Best is trial 0 with value: 0.8508771929824562.
2025-02-02 17:04:06,178 - INFO - Trial 133 finished with value: 0.8508771929824562 and parameters: {'n_estimators': 191, 'max_depth': 20, 'min_samples_split': 8, 'min_samples_leaf': 1, 'class_weight': 'balanced'}. Best is trial 0 with value: 0.8508771929824562.
2025-02-02 17:04:06,425 - INFO - Trial 134 finished with value: 0.8508771929824562 and parameters: {'n_estimators': 137, 'max_depth': 19, 'min_samples_split': 9, 'min_samples_leaf': 1, 'class_weight': 'balanced'}. Best is trial 0 with value: 0.8508771929824562.
2025-02-02 17:04:06,641 - INFO - Trial 135 finished with value: 0.7945736434108528 and parameters: {'n_estimators': 126, 'max_depth': 13, 'min_samples_split': 8, 'min_samples_leaf': 1, 'class_weight': 'balanced'}. Best is trial 0 with value: 0.8508771929824562.
2025-02-02 17:04:06,970 - INFO - Trial 136 finished with value: 0.8508771929824562 and parameters: {'n_estimators': 203, 'max_depth': 19, 'min_samples_split': 7, 'min_samples_leaf': 2, 'class_weight': 'balanced'}. Best is trial 0 with value: 0.8508771929824562.
2025-02-02 17:04:07,101 - INFO - Trial 137 finished with value: 0.7853566958698374 and parameters: {'n_estimators': 65, 'max_depth': 18, 'min_samples_split': 6, 'min_samples_leaf': 3, 'class_weight': None}. Best is trial 0 with value: 0.8508771929824562.
2025-02-02 17:04:07,425 - INFO - Trial 138 finished with value: 0.8188405797101449 and parameters: {'n_estimators': 167, 'max_depth': 10, 'min_samples_split': 4, 'min_samples_leaf': 1, 'class_weight': 'balanced'}. Best is trial 0 with value: 0.8508771929824562.
2025-02-02 17:04:07,692 - INFO - Trial 139 finished with value: 0.8508771929824562 and parameters: {'n_estimators': 159, 'max_depth': 20, 'min_samples_split': 8, 'min_samples_leaf': 1, 'class_weight': 'balanced'}. Best is trial 0 with value: 0.8508771929824562.
2025-02-02 17:04:08,001 - INFO - Trial 140 finished with value: 0.8188405797101449 and parameters: {'n_estimators': 195, 'max_depth': 17, 'min_samples_split': 5, 'min_samples_leaf': 1, 'class_weight': 'balanced'}. Best is trial 0 with value: 0.8508771929824562.
2025-02-02 17:04:08,183 - INFO - Trial 141 finished with value: 0.8508771929824562 and parameters: {'n_estimators': 103, 'max_depth': 19, 'min_samples_split': 6, 'min_samples_leaf': 2, 'class_weight': 'balanced'}. Best is trial 0 with value: 0.8508771929824562.
2025-02-02 17:04:08,365 - INFO - Trial 142 finished with value: 0.7945736434108528 and parameters: {'n_estimators': 89, 'max_depth': 4, 'min_samples_split': 6, 'min_samples_leaf': 2, 'class_weight': 'balanced'}. Best is trial 0 with value: 0.8508771929824562.
2025-02-02 17:04:08,577 - INFO - Trial 143 finished with value: 0.8508771929824562 and parameters: {'n_estimators': 122, 'max_depth': 17, 'min_samples_split': 6, 'min_samples_leaf': 2, 'class_weight': 'balanced'}. Best is trial 0 with value: 0.8508771929824562.
2025-02-02 17:04:08,754 - INFO - Trial 144 finished with value: 0.8508771929824562 and parameters: {'n_estimators': 99, 'max_depth': 18, 'min_samples_split': 7, 'min_samples_leaf': 2, 'class_weight': 'balanced'}. Best is trial 0 with value: 0.8508771929824562.
2025-02-02 17:04:08,954 - INFO - Trial 145 finished with value: 0.8227272727272728 and parameters: {'n_estimators': 117, 'max_depth': 14, 'min_samples_split': 7, 'min_samples_leaf': 2, 'class_weight': 'balanced'}. Best is trial 0 with value: 0.8508771929824562.
2025-02-02 17:04:09,148 - INFO - Trial 146 finished with value: 0.8188405797101449 and parameters: {'n_estimators': 109, 'max_depth': 13, 'min_samples_split': 5, 'min_samples_leaf': 2, 'class_weight': 'balanced'}. Best is trial 0 with value: 0.8508771929824562.
2025-02-02 17:04:09,494 - INFO - Trial 147 finished with value: 0.8508771929824562 and parameters: {'n_estimators': 209, 'max_depth': 18, 'min_samples_split': 6, 'min_samples_leaf': 1, 'class_weight': 'balanced'}. Best is trial 0 with value: 0.8508771929824562.
2025-02-02 17:04:09,860 - INFO - Trial 148 finished with value: 0.8508771929824562 and parameters: {'n_estimators': 228, 'max_depth': 16, 'min_samples_split': 7, 'min_samples_leaf': 2, 'class_weight': 'balanced'}. Best is trial 0 with value: 0.8508771929824562.
2025-02-02 17:04:10,121 - INFO - Trial 149 finished with value: 0.8188405797101449 and parameters: {'n_estimators': 154, 'max_depth': 9, 'min_samples_split': 6, 'min_samples_leaf': 3, 'class_weight': 'balanced'}. Best is trial 0 with value: 0.8508771929824562.
2025-02-02 17:04:10,472 - INFO - Trial 150 finished with value: 0.7662337662337663 and parameters: {'n_estimators': 221, 'max_depth': 19, 'min_samples_split': 4, 'min_samples_leaf': 4, 'class_weight': 'balanced'}. Best is trial 0 with value: 0.8508771929824562.
2025-02-02 17:04:10,621 - INFO - Trial 151 finished with value: 0.8188405797101449 and parameters: {'n_estimators': 73, 'max_depth': 14, 'min_samples_split': 7, 'min_samples_leaf': 3, 'class_weight': 'balanced'}. Best is trial 0 with value: 0.8508771929824562.
2025-02-02 17:04:10,917 - INFO - Trial 152 finished with value: 0.8508771929824562 and parameters: {'n_estimators': 184, 'max_depth': 15, 'min_samples_split': 7, 'min_samples_leaf': 3, 'class_weight': 'balanced'}. Best is trial 0 with value: 0.8508771929824562.
2025-02-02 17:04:11,248 - INFO - Trial 153 finished with value: 0.8508771929824562 and parameters: {'n_estimators': 204, 'max_depth': 14, 'min_samples_split': 7, 'min_samples_leaf': 3, 'class_weight': 'balanced'}. Best is trial 0 with value: 0.8508771929824562.
2025-02-02 17:04:11,564 - INFO - Trial 154 finished with value: 0.8188405797101449 and parameters: {'n_estimators': 196, 'max_depth': 12, 'min_samples_split': 8, 'min_samples_leaf': 2, 'class_weight': 'balanced'}. Best is trial 0 with value: 0.8508771929824562.
2025-02-02 17:04:11,913 - INFO - Trial 155 finished with value: 0.8227272727272728 and parameters: {'n_estimators': 216, 'max_depth': 13, 'min_samples_split': 7, 'min_samples_leaf': 4, 'class_weight': 'balanced'}. Best is trial 0 with value: 0.8508771929824562.
2025-02-02 17:04:12,202 - INFO - Trial 156 finished with value: 0.846683354192741 and parameters: {'n_estimators': 172, 'max_depth': 15, 'min_samples_split': 2, 'min_samples_leaf': 1, 'class_weight': 'balanced'}. Best is trial 0 with value: 0.8508771929824562.
2025-02-02 17:04:12,455 - INFO - Trial 157 finished with value: 0.7853566958698374 and parameters: {'n_estimators': 133, 'max_depth': 13, 'min_samples_split': 7, 'min_samples_leaf': 3, 'class_weight': None}. Best is trial 0 with value: 0.8508771929824562.
2025-02-02 17:04:12,827 - INFO - Trial 158 finished with value: 0.8508771929824562 and parameters: {'n_estimators': 190, 'max_depth': 20, 'min_samples_split': 7, 'min_samples_leaf': 1, 'class_weight': 'balanced'}. Best is trial 0 with value: 0.8508771929824562.
2025-02-02 17:04:13,032 - INFO - Trial 159 finished with value: 0.8188405797101449 and parameters: {'n_estimators': 116, 'max_depth': 14, 'min_samples_split': 5, 'min_samples_leaf': 2, 'class_weight': 'balanced'}. Best is trial 0 with value: 0.8508771929824562.
2025-02-02 17:04:13,327 - INFO - Trial 160 finished with value: 0.8508771929824562 and parameters: {'n_estimators': 179, 'max_depth': 11, 'min_samples_split': 4, 'min_samples_leaf': 1, 'class_weight': 'balanced'}. Best is trial 0 with value: 0.8508771929824562.
2025-02-02 17:04:13,437 - INFO - Trial 161 finished with value: 0.7853566958698374 and parameters: {'n_estimators': 51, 'max_depth': 12, 'min_samples_split': 5, 'min_samples_leaf': 2, 'class_weight': None}. Best is trial 0 with value: 0.8508771929824562.
2025-02-02 17:04:13,567 - INFO - Trial 162 finished with value: 0.8188405797101449 and parameters: {'n_estimators': 64, 'max_depth': 12, 'min_samples_split': 5, 'min_samples_leaf': 2, 'class_weight': None}. Best is trial 0 with value: 0.8508771929824562.
2025-02-02 17:04:13,684 - INFO - Trial 163 finished with value: 0.8125 and parameters: {'n_estimators': 56, 'max_depth': 12, 'min_samples_split': 5, 'min_samples_leaf': 2, 'class_weight': None}. Best is trial 0 with value: 0.8508771929824562.
2025-02-02 17:04:13,833 - INFO - Trial 164 finished with value: 0.7853566958698374 and parameters: {'n_estimators': 79, 'max_depth': 13, 'min_samples_split': 8, 'min_samples_leaf': 2, 'class_weight': None}. Best is trial 0 with value: 0.8508771929824562.
2025-02-02 17:04:13,952 - INFO - Trial 165 finished with value: 0.8188405797101449 and parameters: {'n_estimators': 58, 'max_depth': 11, 'min_samples_split': 5, 'min_samples_leaf': 2, 'class_weight': None}. Best is trial 0 with value: 0.8508771929824562.
2025-02-02 17:04:14,216 - INFO - Trial 166 finished with value: 0.8508771929824562 and parameters: {'n_estimators': 163, 'max_depth': 18, 'min_samples_split': 7, 'min_samples_leaf': 2, 'class_weight': 'balanced'}. Best is trial 0 with value: 0.8508771929824562.
2025-02-02 17:04:14,446 - INFO - Trial 167 finished with value: 0.7853566958698374 and parameters: {'n_estimators': 126, 'max_depth': 19, 'min_samples_split': 4, 'min_samples_leaf': 1, 'class_weight': 'balanced'}. Best is trial 0 with value: 0.8508771929824562.
2025-02-02 17:04:14,630 - INFO - Trial 168 finished with value: 0.8188405797101449 and parameters: {'n_estimators': 95, 'max_depth': 15, 'min_samples_split': 6, 'min_samples_leaf': 1, 'class_weight': 'balanced'}. Best is trial 0 with value: 0.8508771929824562.
2025-02-02 17:04:14,865 - INFO - Trial 169 finished with value: 0.8508771929824562 and parameters: {'n_estimators': 139, 'max_depth': 20, 'min_samples_split': 7, 'min_samples_leaf': 2, 'class_weight': 'balanced'}. Best is trial 0 with value: 0.8508771929824562.
2025-02-02 17:04:15,054 - INFO - Trial 170 finished with value: 0.8508771929824562 and parameters: {'n_estimators': 105, 'max_depth': 10, 'min_samples_split': 8, 'min_samples_leaf': 1, 'class_weight': 'balanced'}. Best is trial 0 with value: 0.8508771929824562.
2025-02-02 17:04:15,395 - INFO - Trial 171 finished with value: 0.8508771929824562 and parameters: {'n_estimators': 212, 'max_depth': 17, 'min_samples_split': 6, 'min_samples_leaf': 1, 'class_weight': 'balanced'}. Best is trial 0 with value: 0.8508771929824562.
2025-02-02 17:04:15,747 - INFO - Trial 172 finished with value: 0.8508771929824562 and parameters: {'n_estimators': 218, 'max_depth': 16, 'min_samples_split': 6, 'min_samples_leaf': 1, 'class_weight': 'balanced'}. Best is trial 0 with value: 0.8508771929824562.
2025-02-02 17:04:16,083 - INFO - Trial 173 finished with value: 0.8508771929824562 and parameters: {'n_estimators': 200, 'max_depth': 15, 'min_samples_split': 6, 'min_samples_leaf': 1, 'class_weight': 'balanced'}. Best is trial 0 with value: 0.8508771929824562.
2025-02-02 17:04:16,459 - INFO - Trial 174 finished with value: 0.8508771929824562 and parameters: {'n_estimators': 206, 'max_depth': 16, 'min_samples_split': 7, 'min_samples_leaf': 1, 'class_weight': 'balanced'}. Best is trial 0 with value: 0.8508771929824562.
2025-02-02 17:04:16,838 - INFO - Trial 175 finished with value: 0.8508771929824562 and parameters: {'n_estimators': 225, 'max_depth': 14, 'min_samples_split': 6, 'min_samples_leaf': 1, 'class_weight': 'balanced'}. Best is trial 0 with value: 0.8508771929824562.
2025-02-02 17:04:17,218 - INFO - Trial 176 finished with value: 0.8188405797101449 and parameters: {'n_estimators': 210, 'max_depth': 17, 'min_samples_split': 5, 'min_samples_leaf': 2, 'class_weight': 'balanced'}. Best is trial 0 with value: 0.8508771929824562.
2025-02-02 17:04:17,486 - INFO - Trial 177 finished with value: 0.8227272727272728 and parameters: {'n_estimators': 112, 'max_depth': 7, 'min_samples_split': 7, 'min_samples_leaf': 1, 'class_weight': 'balanced'}. Best is trial 0 with value: 0.8508771929824562.
2025-02-02 17:04:17,834 - INFO - Trial 178 finished with value: 0.8227272727272728 and parameters: {'n_estimators': 151, 'max_depth': 17, 'min_samples_split': 6, 'min_samples_leaf': 3, 'class_weight': 'balanced'}. Best is trial 0 with value: 0.8508771929824562.
2025-02-02 17:04:17,993 - INFO - Trial 179 finished with value: 0.8508771929824562 and parameters: {'n_estimators': 85, 'max_depth': 15, 'min_samples_split': 7, 'min_samples_leaf': 2, 'class_weight': 'balanced'}. Best is trial 0 with value: 0.8508771929824562.
2025-02-02 17:04:18,287 - INFO - Trial 180 finished with value: 0.7662337662337663 and parameters: {'n_estimators': 174, 'max_depth': 16, 'min_samples_split': 3, 'min_samples_leaf': 4, 'class_weight': 'balanced'}. Best is trial 0 with value: 0.8508771929824562.
2025-02-02 17:04:18,555 - INFO - Trial 181 finished with value: 0.8508771929824562 and parameters: {'n_estimators': 145, 'max_depth': 14, 'min_samples_split': 7, 'min_samples_leaf': 1, 'class_weight': 'balanced'}. Best is trial 0 with value: 0.8508771929824562.
2025-02-02 17:04:18,801 - INFO - Trial 182 finished with value: 0.8227272727272728 and parameters: {'n_estimators': 142, 'max_depth': 14, 'min_samples_split': 7, 'min_samples_leaf': 1, 'class_weight': 'balanced'}. Best is trial 0 with value: 0.8508771929824562.
2025-02-02 17:04:19,165 - INFO - Trial 183 finished with value: 0.8508771929824562 and parameters: {'n_estimators': 216, 'max_depth': 13, 'min_samples_split': 7, 'min_samples_leaf': 1, 'class_weight': 'balanced'}. Best is trial 0 with value: 0.8508771929824562.
2025-02-02 17:04:19,442 - INFO - Trial 184 finished with value: 0.8188405797101449 and parameters: {'n_estimators': 157, 'max_depth': 15, 'min_samples_split': 4, 'min_samples_leaf': 1, 'class_weight': 'balanced'}. Best is trial 0 with value: 0.8508771929824562.
2025-02-02 17:04:19,735 - INFO - Trial 185 finished with value: 0.8508771929824562 and parameters: {'n_estimators': 149, 'max_depth': 18, 'min_samples_split': 7, 'min_samples_leaf': 1, 'class_weight': 'balanced'}. Best is trial 0 with value: 0.8508771929824562.
2025-02-02 17:04:19,978 - INFO - Trial 186 finished with value: 0.8227272727272728 and parameters: {'n_estimators': 132, 'max_depth': 13, 'min_samples_split': 8, 'min_samples_leaf': 1, 'class_weight': 'balanced'}. Best is trial 0 with value: 0.8508771929824562.
2025-02-02 17:04:20,192 - INFO - Trial 187 finished with value: 0.8188405797101449 and parameters: {'n_estimators': 120, 'max_depth': 20, 'min_samples_split': 6, 'min_samples_leaf': 2, 'class_weight': 'balanced'}. Best is trial 0 with value: 0.8508771929824562.
2025-02-02 17:04:20,360 - INFO - Trial 188 finished with value: 0.8188405797101449 and parameters: {'n_estimators': 90, 'max_depth': 12, 'min_samples_split': 7, 'min_samples_leaf': 1, 'class_weight': None}. Best is trial 0 with value: 0.8508771929824562.
2025-02-02 17:04:20,469 - INFO - Trial 189 finished with value: 0.7358803986710962 and parameters: {'n_estimators': 51, 'max_depth': 19, 'min_samples_split': 9, 'min_samples_leaf': 3, 'class_weight': 'balanced'}. Best is trial 0 with value: 0.8508771929824562.
2025-02-02 17:04:20,718 - INFO - Trial 190 finished with value: 0.8227272727272728 and parameters: {'n_estimators': 137, 'max_depth': 18, 'min_samples_split': 7, 'min_samples_leaf': 2, 'class_weight': 'balanced'}. Best is trial 0 with value: 0.8508771929824562.
2025-02-02 17:04:20,987 - INFO - Trial 191 finished with value: 0.8508771929824562 and parameters: {'n_estimators': 162, 'max_depth': 18, 'min_samples_split': 7, 'min_samples_leaf': 1, 'class_weight': 'balanced'}. Best is trial 0 with value: 0.8508771929824562.
