2024-12-10 14:14:21,653 - INFO - Trial 92 finished with value: 0.99013357619915 and parameters: {'n_estimators': 249, 'max_depth': 5, 'min_samples_split': 4, 'min_samples_leaf': 3, 'class_weight': 'balanced'}. Best is trial 1 with value: 1.0.
2024-12-10 14:14:22,182 - INFO - Trial 93 finished with value: 1.0 and parameters: {'n_estimators': 263, 'max_depth': 19, 'min_samples_split': 3, 'min_samples_leaf': 3, 'class_weight': 'balanced'}. Best is trial 1 with value: 1.0.
2024-12-10 14:14:22,767 - INFO - Trial 94 finished with value: 1.0 and parameters: {'n_estimators': 233, 'max_depth': 18, 'min_samples_split': 8, 'min_samples_leaf': 4, 'class_weight': 'balanced'}. Best is trial 1 with value: 1.0.
2024-12-10 14:14:23,105 - INFO - Trial 95 finished with value: 1.0 and parameters: {'n_estimators': 162, 'max_depth': 20, 'min_samples_split': 5, 'min_samples_leaf': 3, 'class_weight': 'balanced'}. Best is trial 1 with value: 1.0.
2024-12-10 14:14:23,540 - INFO - Trial 96 finished with value: 1.0 and parameters: {'n_estimators': 187, 'max_depth': 13, 'min_samples_split': 4, 'min_samples_leaf': 3, 'class_weight': 'balanced'}. Best is trial 1 with value: 1.0.
2024-12-10 14:14:23,955 - INFO - Trial 97 finished with value: 1.0 and parameters: {'n_estimators': 176, 'max_depth': 18, 'min_samples_split': 3, 'min_samples_leaf': 1, 'class_weight': 'balanced'}. Best is trial 1 with value: 1.0.
2024-12-10 14:14:24,469 - INFO - Trial 98 finished with value: 1.0 and parameters: {'n_estimators': 242, 'max_depth': 16, 'min_samples_split': 2, 'min_samples_leaf': 2, 'class_weight': None}. Best is trial 1 with value: 1.0.
2024-12-10 14:14:24,918 - INFO - Trial 99 finished with value: 1.0 and parameters: {'n_estimators': 208, 'max_depth': 15, 'min_samples_split': 10, 'min_samples_leaf': 1, 'class_weight': 'balanced'}. Best is trial 1 with value: 1.0.
2024-12-10 14:14:25,719 - INFO - A new study created in memory with name: no-name-73d76730-3a88-446d-b1d9-674fd82690d1
2024-12-10 14:14:25,749 - INFO - Trial 0 finished with value: 0.99013357619915 and parameters: {'max_depth': 5, 'min_samples_split': 6, 'min_samples_leaf': 1, 'class_weight': None}. Best is trial 0 with value: 0.99013357619915.
2024-12-10 14:14:25,771 - INFO - Trial 1 finished with value: 1.0 and parameters: {'max_depth': 16, 'min_samples_split': 9, 'min_samples_leaf': 1, 'class_weight': None}. Best is trial 1 with value: 1.0.
2024-12-10 14:14:25,797 - INFO - Trial 2 finished with value: 0.9888674388674389 and parameters: {'max_depth': 13, 'min_samples_split': 8, 'min_samples_leaf': 2, 'class_weight': 'balanced'}. Best is trial 1 with value: 1.0.
2024-12-10 14:14:25,818 - INFO - Trial 3 finished with value: 0.9895833333333334 and parameters: {'max_depth': 12, 'min_samples_split': 10, 'min_samples_leaf': 2, 'class_weight': None}. Best is trial 1 with value: 1.0.
2024-12-10 14:14:25,840 - INFO - Trial 4 finished with value: 0.9895833333333334 and parameters: {'max_depth': 8, 'min_samples_split': 6, 'min_samples_leaf': 3, 'class_weight': 'balanced'}. Best is trial 1 with value: 1.0.
2024-12-10 14:14:25,864 - INFO - Trial 5 finished with value: 0.9895833333333334 and parameters: {'max_depth': 16, 'min_samples_split': 7, 'min_samples_leaf': 4, 'class_weight': 'balanced'}. Best is trial 1 with value: 1.0.
2024-12-10 14:14:25,886 - INFO - Trial 6 finished with value: 1.0 and parameters: {'max_depth': 14, 'min_samples_split': 7, 'min_samples_leaf': 1, 'class_weight': None}. Best is trial 1 with value: 1.0.
2024-12-10 14:14:25,909 - INFO - Trial 7 finished with value: 0.9946251129177958 and parameters: {'max_depth': 15, 'min_samples_split': 10, 'min_samples_leaf': 3, 'class_weight': 'balanced'}. Best is trial 1 with value: 1.0.
2024-12-10 14:14:25,932 - INFO - Trial 8 finished with value: 0.9946251129177958 and parameters: {'max_depth': 15, 'min_samples_split': 6, 'min_samples_leaf': 3, 'class_weight': 'balanced'}. Best is trial 1 with value: 1.0.
2024-12-10 14:14:25,954 - INFO - Trial 9 finished with value: 0.9946251129177958 and parameters: {'max_depth': 19, 'min_samples_split': 3, 'min_samples_leaf': 2, 'class_weight': None}. Best is trial 1 with value: 1.0.
2024-12-10 14:14:25,987 - INFO - Trial 10 finished with value: 0.9888674388674389 and parameters: {'max_depth': 20, 'min_samples_split': 4, 'min_samples_leaf': 1, 'class_weight': None}. Best is trial 1 with value: 1.0.
2024-12-10 14:14:26,019 - INFO - Trial 11 finished with value: 0.9895833333333334 and parameters: {'max_depth': 9, 'min_samples_split': 8, 'min_samples_leaf': 1, 'class_weight': None}. Best is trial 1 with value: 1.0.
2024-12-10 14:14:26,049 - INFO - Trial 12 finished with value: 0.9946251129177958 and parameters: {'max_depth': 17, 'min_samples_split': 9, 'min_samples_leaf': 1, 'class_weight': None}. Best is trial 1 with value: 1.0.
2024-12-10 14:14:26,082 - INFO - Trial 13 finished with value: 0.9895833333333334 and parameters: {'max_depth': 10, 'min_samples_split': 8, 'min_samples_leaf': 1, 'class_weight': None}. Best is trial 1 with value: 1.0.
2024-12-10 14:14:26,113 - INFO - Trial 14 finished with value: 0.9888674388674389 and parameters: {'max_depth': 13, 'min_samples_split': 5, 'min_samples_leaf': 2, 'class_weight': None}. Best is trial 1 with value: 1.0.
2024-12-10 14:14:26,143 - INFO - Trial 15 finished with value: 0.9895833333333334 and parameters: {'max_depth': 18, 'min_samples_split': 2, 'min_samples_leaf': 4, 'class_weight': None}. Best is trial 1 with value: 1.0.
2024-12-10 14:14:26,173 - INFO - Trial 16 finished with value: 0.9802671523982999 and parameters: {'max_depth': 3, 'min_samples_split': 9, 'min_samples_leaf': 1, 'class_weight': None}. Best is trial 1 with value: 1.0.
2024-12-10 14:14:26,205 - INFO - Trial 17 finished with value: 0.9895833333333334 and parameters: {'max_depth': 14, 'min_samples_split': 7, 'min_samples_leaf': 2, 'class_weight': None}. Best is trial 1 with value: 1.0.
2024-12-10 14:14:26,236 - INFO - Trial 18 finished with value: 0.9895833333333334 and parameters: {'max_depth': 11, 'min_samples_split': 9, 'min_samples_leaf': 1, 'class_weight': None}. Best is trial 1 with value: 1.0.
2024-12-10 14:14:26,268 - INFO - Trial 19 finished with value: 0.9888674388674389 and parameters: {'max_depth': 17, 'min_samples_split': 7, 'min_samples_leaf': 2, 'class_weight': None}. Best is trial 1 with value: 1.0.
2024-12-10 14:14:26,301 - INFO - Trial 20 finished with value: 0.99013357619915 and parameters: {'max_depth': 6, 'min_samples_split': 5, 'min_samples_leaf': 1, 'class_weight': None}. Best is trial 1 with value: 1.0.
2024-12-10 14:14:26,336 - INFO - Trial 21 finished with value: 0.9946251129177958 and parameters: {'max_depth': 16, 'min_samples_split': 10, 'min_samples_leaf': 3, 'class_weight': 'balanced'}. Best is trial 1 with value: 1.0.
2024-12-10 14:14:26,370 - INFO - Trial 22 finished with value: 0.9946251129177958 and parameters: {'max_depth': 14, 'min_samples_split': 10, 'min_samples_leaf': 3, 'class_weight': 'balanced'}. Best is trial 1 with value: 1.0.
2024-12-10 14:14:26,404 - INFO - Trial 23 finished with value: 0.9895833333333334 and parameters: {'max_depth': 15, 'min_samples_split': 9, 'min_samples_leaf': 4, 'class_weight': 'balanced'}. Best is trial 1 with value: 1.0.
2024-12-10 14:14:26,439 - INFO - Trial 24 finished with value: 0.9888674388674389 and parameters: {'max_depth': 12, 'min_samples_split': 10, 'min_samples_leaf': 3, 'class_weight': 'balanced'}. Best is trial 1 with value: 1.0.
2024-12-10 14:14:26,473 - INFO - Trial 25 finished with value: 0.9946251129177958 and parameters: {'max_depth': 18, 'min_samples_split': 8, 'min_samples_leaf': 2, 'class_weight': 'balanced'}. Best is trial 1 with value: 1.0.
2024-12-10 14:14:26,507 - INFO - Trial 26 finished with value: 0.9946251129177958 and parameters: {'max_depth': 15, 'min_samples_split': 9, 'min_samples_leaf': 3, 'class_weight': 'balanced'}. Best is trial 1 with value: 1.0.
2024-12-10 14:14:26,539 - INFO - Trial 27 finished with value: 0.9895833333333334 and parameters: {'max_depth': 13, 'min_samples_split': 7, 'min_samples_leaf': 4, 'class_weight': None}. Best is trial 1 with value: 1.0.
2024-12-10 14:14:26,574 - INFO - Trial 28 finished with value: 0.9838753387533877 and parameters: {'max_depth': 20, 'min_samples_split': 10, 'min_samples_leaf': 2, 'class_weight': 'balanced'}. Best is trial 1 with value: 1.0.
2024-12-10 14:14:26,609 - INFO - Trial 29 finished with value: 1.0 and parameters: {'max_depth': 17, 'min_samples_split': 8, 'min_samples_leaf': 1, 'class_weight': None}. Best is trial 1 with value: 1.0.
2024-12-10 14:14:26,643 - INFO - Trial 30 finished with value: 1.0 and parameters: {'max_depth': 18, 'min_samples_split': 6, 'min_samples_leaf': 1, 'class_weight': None}. Best is trial 1 with value: 1.0.
2024-12-10 14:14:26,678 - INFO - Trial 31 finished with value: 0.9895833333333334 and parameters: {'max_depth': 18, 'min_samples_split': 6, 'min_samples_leaf': 1, 'class_weight': None}. Best is trial 1 with value: 1.0.
2024-12-10 14:14:26,711 - INFO - Trial 32 finished with value: 1.0 and parameters: {'max_depth': 17, 'min_samples_split': 7, 'min_samples_leaf': 1, 'class_weight': None}. Best is trial 1 with value: 1.0.
2024-12-10 14:14:26,748 - INFO - Trial 33 finished with value: 0.9888674388674389 and parameters: {'max_depth': 19, 'min_samples_split': 5, 'min_samples_leaf': 1, 'class_weight': None}. Best is trial 1 with value: 1.0.
2024-12-10 14:14:26,781 - INFO - Trial 34 finished with value: 0.9949377571191965 and parameters: {'max_depth': 16, 'min_samples_split': 8, 'min_samples_leaf': 1, 'class_weight': None}. Best is trial 1 with value: 1.0.
2024-12-10 14:14:26,821 - INFO - Trial 35 finished with value: 1.0 and parameters: {'max_depth': 14, 'min_samples_split': 6, 'min_samples_leaf': 1, 'class_weight': None}. Best is trial 1 with value: 1.0.
2024-12-10 14:14:26,863 - INFO - Trial 36 finished with value: 0.9949377571191965 and parameters: {'max_depth': 19, 'min_samples_split': 8, 'min_samples_leaf': 1, 'class_weight': None}. Best is trial 1 with value: 1.0.
2024-12-10 14:14:26,907 - INFO - Trial 37 finished with value: 0.9946251129177958 and parameters: {'max_depth': 17, 'min_samples_split': 7, 'min_samples_leaf': 2, 'class_weight': None}. Best is trial 1 with value: 1.0.
2024-12-10 14:14:26,942 - INFO - Trial 38 finished with value: 1.0 and parameters: {'max_depth': 16, 'min_samples_split': 4, 'min_samples_leaf': 1, 'class_weight': None}. Best is trial 1 with value: 1.0.
2024-12-10 14:14:26,976 - INFO - Trial 39 finished with value: 0.9946251129177958 and parameters: {'max_depth': 12, 'min_samples_split': 8, 'min_samples_leaf': 1, 'class_weight': None}. Best is trial 1 with value: 1.0.
2024-12-10 14:14:27,011 - INFO - Trial 40 finished with value: 0.9946251129177958 and parameters: {'max_depth': 13, 'min_samples_split': 6, 'min_samples_leaf': 2, 'class_weight': None}. Best is trial 1 with value: 1.0.
2024-12-10 14:14:27,045 - INFO - Trial 41 finished with value: 0.9946251129177958 and parameters: {'max_depth': 17, 'min_samples_split': 7, 'min_samples_leaf': 1, 'class_weight': None}. Best is trial 1 with value: 1.0.
2024-12-10 14:14:27,078 - INFO - Trial 42 finished with value: 1.0 and parameters: {'max_depth': 18, 'min_samples_split': 7, 'min_samples_leaf': 1, 'class_weight': None}. Best is trial 1 with value: 1.0.
2024-12-10 14:14:27,118 - INFO - Trial 43 finished with value: 1.0 and parameters: {'max_depth': 16, 'min_samples_split': 5, 'min_samples_leaf': 1, 'class_weight': None}. Best is trial 1 with value: 1.0.
2024-12-10 14:14:27,156 - INFO - Trial 44 finished with value: 0.9949377571191965 and parameters: {'max_depth': 20, 'min_samples_split': 8, 'min_samples_leaf': 1, 'class_weight': None}. Best is trial 1 with value: 1.0.
2024-12-10 14:14:27,191 - INFO - Trial 45 finished with value: 1.0 and parameters: {'max_depth': 15, 'min_samples_split': 7, 'min_samples_leaf': 1, 'class_weight': None}. Best is trial 1 with value: 1.0.
2024-12-10 14:14:27,226 - INFO - Trial 46 finished with value: 0.9946251129177958 and parameters: {'max_depth': 19, 'min_samples_split': 6, 'min_samples_leaf': 1, 'class_weight': None}. Best is trial 1 with value: 1.0.
2024-12-10 14:14:27,259 - INFO - Trial 47 finished with value: 0.9946251129177958 and parameters: {'max_depth': 17, 'min_samples_split': 9, 'min_samples_leaf': 2, 'class_weight': None}. Best is trial 1 with value: 1.0.
2024-12-10 14:14:27,293 - INFO - Trial 48 finished with value: 0.9949377571191965 and parameters: {'max_depth': 14, 'min_samples_split': 4, 'min_samples_leaf': 1, 'class_weight': None}. Best is trial 1 with value: 1.0.
2024-12-10 14:14:27,326 - INFO - Trial 49 finished with value: 0.9895833333333334 and parameters: {'max_depth': 11, 'min_samples_split': 7, 'min_samples_leaf': 1, 'class_weight': None}. Best is trial 1 with value: 1.0.
2024-12-10 14:14:27,362 - INFO - Trial 50 finished with value: 0.9949377571191965 and parameters: {'max_depth': 18, 'min_samples_split': 8, 'min_samples_leaf': 1, 'class_weight': None}. Best is trial 1 with value: 1.0.
2024-12-10 14:14:27,398 - INFO - Trial 51 finished with value: 0.9888674388674389 and parameters: {'max_depth': 14, 'min_samples_split': 6, 'min_samples_leaf': 1, 'class_weight': None}. Best is trial 1 with value: 1.0.
2024-12-10 14:14:27,432 - INFO - Trial 52 finished with value: 1.0 and parameters: {'max_depth': 15, 'min_samples_split': 6, 'min_samples_leaf': 1, 'class_weight': None}. Best is trial 1 with value: 1.0.
2024-12-10 14:14:27,468 - INFO - Trial 53 finished with value: 0.9895833333333334 and parameters: {'max_depth': 16, 'min_samples_split': 5, 'min_samples_leaf': 1, 'class_weight': None}. Best is trial 1 with value: 1.0.
2024-12-10 14:14:27,502 - INFO - Trial 54 finished with value: 0.9888674388674389 and parameters: {'max_depth': 13, 'min_samples_split': 7, 'min_samples_leaf': 1, 'class_weight': None}. Best is trial 1 with value: 1.0.
2024-12-10 14:14:27,536 - INFO - Trial 55 finished with value: 0.9838753387533877 and parameters: {'max_depth': 17, 'min_samples_split': 6, 'min_samples_leaf': 1, 'class_weight': None}. Best is trial 1 with value: 1.0.
2024-12-10 14:14:27,571 - INFO - Trial 56 finished with value: 0.9838753387533877 and parameters: {'max_depth': 8, 'min_samples_split': 6, 'min_samples_leaf': 2, 'class_weight': None}. Best is trial 1 with value: 1.0.
2024-12-10 14:14:27,605 - INFO - Trial 57 finished with value: 0.9949377571191965 and parameters: {'max_depth': 14, 'min_samples_split': 9, 'min_samples_leaf': 1, 'class_weight': None}. Best is trial 1 with value: 1.0.
2024-12-10 14:14:27,638 - INFO - Trial 58 finished with value: 0.9838753387533877 and parameters: {'max_depth': 16, 'min_samples_split': 8, 'min_samples_leaf': 1, 'class_weight': None}. Best is trial 1 with value: 1.0.
2024-12-10 14:14:27,674 - INFO - Trial 59 finished with value: 0.9895833333333334 and parameters: {'max_depth': 15, 'min_samples_split': 5, 'min_samples_leaf': 2, 'class_weight': None}. Best is trial 1 with value: 1.0.
2024-12-10 14:14:27,708 - INFO - Trial 60 finished with value: 1.0 and parameters: {'max_depth': 18, 'min_samples_split': 7, 'min_samples_leaf': 1, 'class_weight': None}. Best is trial 1 with value: 1.0.
2024-12-10 14:14:27,743 - INFO - Trial 61 finished with value: 0.9838753387533877 and parameters: {'max_depth': 16, 'min_samples_split': 3, 'min_samples_leaf': 1, 'class_weight': None}. Best is trial 1 with value: 1.0.
2024-12-10 14:14:27,780 - INFO - Trial 62 finished with value: 0.9895833333333334 and parameters: {'max_depth': 17, 'min_samples_split': 2, 'min_samples_leaf': 1, 'class_weight': None}. Best is trial 1 with value: 1.0.
2024-12-10 14:14:27,813 - INFO - Trial 63 finished with value: 0.9949377571191965 and parameters: {'max_depth': 15, 'min_samples_split': 4, 'min_samples_leaf': 1, 'class_weight': None}. Best is trial 1 with value: 1.0.
2024-12-10 14:14:27,846 - INFO - Trial 64 finished with value: 0.9949377571191965 and parameters: {'max_depth': 16, 'min_samples_split': 3, 'min_samples_leaf': 1, 'class_weight': None}. Best is trial 1 with value: 1.0.
2024-12-10 14:14:27,879 - INFO - Trial 65 finished with value: 0.9838753387533877 and parameters: {'max_depth': 19, 'min_samples_split': 4, 'min_samples_leaf': 1, 'class_weight': None}. Best is trial 1 with value: 1.0.
2024-12-10 14:14:27,916 - INFO - Trial 66 finished with value: 0.9946251129177958 and parameters: {'max_depth': 12, 'min_samples_split': 9, 'min_samples_leaf': 1, 'class_weight': 'balanced'}. Best is trial 1 with value: 1.0.
2024-12-10 14:14:27,950 - INFO - Trial 67 finished with value: 0.9946251129177958 and parameters: {'max_depth': 17, 'min_samples_split': 8, 'min_samples_leaf': 2, 'class_weight': None}. Best is trial 1 with value: 1.0.
2024-12-10 14:14:27,987 - INFO - Trial 68 finished with value: 0.9895833333333334 and parameters: {'max_depth': 14, 'min_samples_split': 7, 'min_samples_leaf': 1, 'class_weight': None}. Best is trial 1 with value: 1.0.
2024-12-10 14:14:28,021 - INFO - Trial 69 finished with value: 0.9895833333333334 and parameters: {'max_depth': 16, 'min_samples_split': 3, 'min_samples_leaf': 1, 'class_weight': None}. Best is trial 1 with value: 1.0.
2024-12-10 14:14:28,056 - INFO - Trial 70 finished with value: 0.9946251129177958 and parameters: {'max_depth': 13, 'min_samples_split': 8, 'min_samples_leaf': 1, 'class_weight': None}. Best is trial 1 with value: 1.0.
2024-12-10 14:14:28,090 - INFO - Trial 71 finished with value: 0.9946251129177958 and parameters: {'max_depth': 18, 'min_samples_split': 7, 'min_samples_leaf': 1, 'class_weight': None}. Best is trial 1 with value: 1.0.
2024-12-10 14:14:28,125 - INFO - Trial 72 finished with value: 0.9946251129177958 and parameters: {'max_depth': 19, 'min_samples_split': 6, 'min_samples_leaf': 1, 'class_weight': None}. Best is trial 1 with value: 1.0.
2024-12-10 14:14:28,159 - INFO - Trial 73 finished with value: 0.9838753387533877 and parameters: {'max_depth': 18, 'min_samples_split': 7, 'min_samples_leaf': 1, 'class_weight': None}. Best is trial 1 with value: 1.0.
2024-12-10 14:14:28,195 - INFO - Trial 74 finished with value: 0.9946251129177958 and parameters: {'max_depth': 18, 'min_samples_split': 5, 'min_samples_leaf': 1, 'class_weight': None}. Best is trial 1 with value: 1.0.
2024-12-10 14:14:28,232 - INFO - Trial 75 finished with value: 1.0 and parameters: {'max_depth': 20, 'min_samples_split': 7, 'min_samples_leaf': 1, 'class_weight': 'balanced'}. Best is trial 1 with value: 1.0.
2024-12-10 14:14:28,264 - INFO - Trial 76 finished with value: 0.9949377571191965 and parameters: {'max_depth': 17, 'min_samples_split': 6, 'min_samples_leaf': 1, 'class_weight': None}. Best is trial 1 with value: 1.0.
2024-12-10 14:14:28,300 - INFO - Trial 77 finished with value: 0.9949377571191965 and parameters: {'max_depth': 15, 'min_samples_split': 9, 'min_samples_leaf': 1, 'class_weight': None}. Best is trial 1 with value: 1.0.
2024-12-10 14:14:28,332 - INFO - Trial 78 finished with value: 0.9802671523982999 and parameters: {'max_depth': 3, 'min_samples_split': 8, 'min_samples_leaf': 1, 'class_weight': None}. Best is trial 1 with value: 1.0.
2024-12-10 14:14:28,369 - INFO - Trial 79 finished with value: 0.9895833333333334 and parameters: {'max_depth': 19, 'min_samples_split': 7, 'min_samples_leaf': 1, 'class_weight': None}. Best is trial 1 with value: 1.0.
2024-12-10 14:14:28,402 - INFO - Trial 80 finished with value: 0.9888674388674389 and parameters: {'max_depth': 17, 'min_samples_split': 6, 'min_samples_leaf': 3, 'class_weight': None}. Best is trial 1 with value: 1.0.
2024-12-10 14:14:28,435 - INFO - Trial 81 finished with value: 0.9949377571191965 and parameters: {'max_depth': 16, 'min_samples_split': 5, 'min_samples_leaf': 1, 'class_weight': None}. Best is trial 1 with value: 1.0.
2024-12-10 14:14:28,469 - INFO - Trial 82 finished with value: 0.9949377571191965 and parameters: {'max_depth': 18, 'min_samples_split': 5, 'min_samples_leaf': 1, 'class_weight': None}. Best is trial 1 with value: 1.0.
2024-12-10 14:14:28,505 - INFO - Trial 83 finished with value: 0.9946251129177958 and parameters: {'max_depth': 16, 'min_samples_split': 4, 'min_samples_leaf': 1, 'class_weight': None}. Best is trial 1 with value: 1.0.
2024-12-10 14:14:28,546 - INFO - Trial 84 finished with value: 0.9949377571191965 and parameters: {'max_depth': 15, 'min_samples_split': 6, 'min_samples_leaf': 1, 'class_weight': None}. Best is trial 1 with value: 1.0.
2024-12-10 14:14:28,581 - INFO - Trial 85 finished with value: 0.9895833333333334 and parameters: {'max_depth': 11, 'min_samples_split': 5, 'min_samples_leaf': 1, 'class_weight': None}. Best is trial 1 with value: 1.0.
2024-12-10 14:14:28,617 - INFO - Trial 86 finished with value: 0.99013357619915 and parameters: {'max_depth': 5, 'min_samples_split': 4, 'min_samples_leaf': 1, 'class_weight': 'balanced'}. Best is trial 1 with value: 1.0.
2024-12-10 14:14:28,653 - INFO - Trial 87 finished with value: 0.9946251129177958 and parameters: {'max_depth': 17, 'min_samples_split': 6, 'min_samples_leaf': 2, 'class_weight': None}. Best is trial 1 with value: 1.0.
2024-12-10 14:14:28,686 - INFO - Trial 88 finished with value: 0.9895833333333334 and parameters: {'max_depth': 10, 'min_samples_split': 10, 'min_samples_leaf': 1, 'class_weight': None}. Best is trial 1 with value: 1.0.
2024-12-10 14:14:28,722 - INFO - Trial 89 finished with value: 0.9895833333333334 and parameters: {'max_depth': 16, 'min_samples_split': 7, 'min_samples_leaf': 1, 'class_weight': None}. Best is trial 1 with value: 1.0.
2024-12-10 14:14:28,756 - INFO - Trial 90 finished with value: 0.9895833333333334 and parameters: {'max_depth': 14, 'min_samples_split': 8, 'min_samples_leaf': 4, 'class_weight': None}. Best is trial 1 with value: 1.0.
