2025-02-02 16:07:23,059 - INFO - Trial 64 finished with value: 0.8508771929824562 and parameters: {'n_estimators': 127, 'max_depth': 17, 'min_samples_split': 4, 'min_samples_leaf': 2, 'class_weight': 'balanced'}. Best is trial 8 with value: 0.8508771929824562.
2025-02-02 16:07:23,307 - INFO - Trial 65 finished with value: 0.8188405797101449 and parameters: {'n_estimators': 197, 'max_depth': 18, 'min_samples_split': 3, 'min_samples_leaf': 3, 'class_weight': 'balanced'}. Best is trial 8 with value: 0.8508771929824562.
2025-02-02 16:07:23,475 - INFO - Trial 66 finished with value: 0.8188405797101449 and parameters: {'n_estimators': 152, 'max_depth': 10, 'min_samples_split': 2, 'min_samples_leaf': 2, 'class_weight': 'balanced'}. Best is trial 8 with value: 0.8508771929824562.
2025-02-02 16:07:23,696 - INFO - Trial 67 finished with value: 0.8227272727272728 and parameters: {'n_estimators': 219, 'max_depth': 19, 'min_samples_split': 5, 'min_samples_leaf': 3, 'class_weight': 'balanced'}. Best is trial 8 with value: 0.8508771929824562.
2025-02-02 16:07:23,774 - INFO - Trial 68 finished with value: 0.7853566958698374 and parameters: {'n_estimators': 61, 'max_depth': 17, 'min_samples_split': 6, 'min_samples_leaf': 2, 'class_weight': None}. Best is trial 8 with value: 0.8508771929824562.
2025-02-02 16:07:23,942 - INFO - Trial 69 finished with value: 0.8188405797101449 and parameters: {'n_estimators': 160, 'max_depth': 7, 'min_samples_split': 4, 'min_samples_leaf': 3, 'class_weight': 'balanced'}. Best is trial 8 with value: 0.8508771929824562.
2025-02-02 16:07:24,091 - INFO - Trial 70 finished with value: 0.8227272727272728 and parameters: {'n_estimators': 138, 'max_depth': 15, 'min_samples_split': 7, 'min_samples_leaf': 2, 'class_weight': 'balanced'}. Best is trial 8 with value: 0.8508771929824562.
2025-02-02 16:07:24,305 - INFO - Trial 71 finished with value: 0.8508771929824562 and parameters: {'n_estimators': 208, 'max_depth': 20, 'min_samples_split': 3, 'min_samples_leaf': 2, 'class_weight': 'balanced'}. Best is trial 8 with value: 0.8508771929824562.
2025-02-02 16:07:24,513 - INFO - Trial 72 finished with value: 0.8508771929824562 and parameters: {'n_estimators': 204, 'max_depth': 20, 'min_samples_split': 2, 'min_samples_leaf': 2, 'class_weight': 'balanced'}. Best is trial 8 with value: 0.8508771929824562.
2025-02-02 16:07:24,746 - INFO - Trial 73 finished with value: 0.8188405797101449 and parameters: {'n_estimators': 235, 'max_depth': 19, 'min_samples_split': 3, 'min_samples_leaf': 2, 'class_weight': 'balanced'}. Best is trial 8 with value: 0.8508771929824562.
2025-02-02 16:07:24,948 - INFO - Trial 74 finished with value: 0.8508771929824562 and parameters: {'n_estimators': 192, 'max_depth': 18, 'min_samples_split': 3, 'min_samples_leaf': 1, 'class_weight': 'balanced'}. Best is trial 8 with value: 0.8508771929824562.
2025-02-02 16:07:25,141 - INFO - Trial 75 finished with value: 0.8188405797101449 and parameters: {'n_estimators': 185, 'max_depth': 19, 'min_samples_split': 4, 'min_samples_leaf': 2, 'class_weight': 'balanced'}. Best is trial 8 with value: 0.8508771929824562.
2025-02-02 16:07:25,319 - INFO - Trial 76 finished with value: 0.8508771929824562 and parameters: {'n_estimators': 171, 'max_depth': 18, 'min_samples_split': 8, 'min_samples_leaf': 2, 'class_weight': 'balanced'}. Best is trial 8 with value: 0.8508771929824562.
2025-02-02 16:07:25,503 - INFO - Trial 77 finished with value: 0.8508771929824562 and parameters: {'n_estimators': 179, 'max_depth': 17, 'min_samples_split': 5, 'min_samples_leaf': 3, 'class_weight': 'balanced'}. Best is trial 8 with value: 0.8508771929824562.
2025-02-02 16:07:25,719 - INFO - Trial 78 finished with value: 0.8508771929824562 and parameters: {'n_estimators': 207, 'max_depth': 20, 'min_samples_split': 4, 'min_samples_leaf': 2, 'class_weight': 'balanced'}. Best is trial 8 with value: 0.8508771929824562.
2025-02-02 16:07:25,826 - INFO - Trial 79 finished with value: 0.7853566958698374 and parameters: {'n_estimators': 91, 'max_depth': 19, 'min_samples_split': 5, 'min_samples_leaf': 3, 'class_weight': None}. Best is trial 8 with value: 0.8508771929824562.
2025-02-02 16:07:25,971 - INFO - Trial 80 finished with value: 0.8227272727272728 and parameters: {'n_estimators': 102, 'max_depth': 9, 'min_samples_split': 3, 'min_samples_leaf': 2, 'class_weight': 'balanced'}. Best is trial 8 with value: 0.8508771929824562.
2025-02-02 16:07:26,248 - INFO - Trial 81 finished with value: 0.8508771929824562 and parameters: {'n_estimators': 263, 'max_depth': 18, 'min_samples_split': 2, 'min_samples_leaf': 2, 'class_weight': 'balanced'}. Best is trial 8 with value: 0.8508771929824562.
2025-02-02 16:07:26,527 - INFO - Trial 82 finished with value: 0.8188405797101449 and parameters: {'n_estimators': 278, 'max_depth': 18, 'min_samples_split': 2, 'min_samples_leaf': 2, 'class_weight': 'balanced'}. Best is trial 8 with value: 0.8508771929824562.
2025-02-02 16:07:26,779 - INFO - Trial 83 finished with value: 0.8188405797101449 and parameters: {'n_estimators': 247, 'max_depth': 16, 'min_samples_split': 3, 'min_samples_leaf': 2, 'class_weight': 'balanced'}. Best is trial 8 with value: 0.8508771929824562.
2025-02-02 16:07:27,003 - INFO - Trial 84 finished with value: 0.8188405797101449 and parameters: {'n_estimators': 223, 'max_depth': 20, 'min_samples_split': 2, 'min_samples_leaf': 2, 'class_weight': 'balanced'}. Best is trial 8 with value: 0.8508771929824562.
2025-02-02 16:07:27,241 - INFO - Trial 85 finished with value: 0.8188405797101449 and parameters: {'n_estimators': 231, 'max_depth': 18, 'min_samples_split': 2, 'min_samples_leaf': 2, 'class_weight': 'balanced'}. Best is trial 8 with value: 0.8508771929824562.
2025-02-02 16:07:27,439 - INFO - Trial 86 finished with value: 0.8508771929824562 and parameters: {'n_estimators': 195, 'max_depth': 17, 'min_samples_split': 4, 'min_samples_leaf': 3, 'class_weight': 'balanced'}. Best is trial 8 with value: 0.8508771929824562.
2025-02-02 16:07:27,656 - INFO - Trial 87 finished with value: 0.7945736434108528 and parameters: {'n_estimators': 212, 'max_depth': 19, 'min_samples_split': 9, 'min_samples_leaf': 2, 'class_weight': 'balanced'}. Best is trial 8 with value: 0.8508771929824562.
2025-02-02 16:07:27,913 - INFO - Trial 88 finished with value: 0.8508771929824562 and parameters: {'n_estimators': 251, 'max_depth': 5, 'min_samples_split': 5, 'min_samples_leaf': 3, 'class_weight': 'balanced'}. Best is trial 8 with value: 0.8508771929824562.
2025-02-02 16:07:28,107 - INFO - Trial 89 finished with value: 0.8188405797101449 and parameters: {'n_estimators': 188, 'max_depth': 16, 'min_samples_split': 3, 'min_samples_leaf': 2, 'class_weight': 'balanced'}. Best is trial 8 with value: 0.8508771929824562.
2025-02-02 16:07:28,276 - INFO - Trial 90 finished with value: 0.8508771929824562 and parameters: {'n_estimators': 156, 'max_depth': 19, 'min_samples_split': 6, 'min_samples_leaf': 1, 'class_weight': 'balanced'}. Best is trial 8 with value: 0.8508771929824562.
2025-02-02 16:07:28,424 - INFO - Trial 91 finished with value: 0.8508771929824562 and parameters: {'n_estimators': 136, 'max_depth': 17, 'min_samples_split': 5, 'min_samples_leaf': 1, 'class_weight': 'balanced'}. Best is trial 8 with value: 0.8508771929824562.
2025-02-02 16:07:28,578 - INFO - Trial 92 finished with value: 0.8188405797101449 and parameters: {'n_estimators': 145, 'max_depth': 18, 'min_samples_split': 5, 'min_samples_leaf': 1, 'class_weight': 'balanced'}. Best is trial 8 with value: 0.8508771929824562.
2025-02-02 16:07:28,722 - INFO - Trial 93 finished with value: 0.8188405797101449 and parameters: {'n_estimators': 132, 'max_depth': 15, 'min_samples_split': 4, 'min_samples_leaf': 1, 'class_weight': 'balanced'}. Best is trial 8 with value: 0.8508771929824562.
2025-02-02 16:07:28,852 - INFO - Trial 94 finished with value: 0.8227272727272728 and parameters: {'n_estimators': 116, 'max_depth': 17, 'min_samples_split': 5, 'min_samples_leaf': 3, 'class_weight': 'balanced'}. Best is trial 8 with value: 0.8508771929824562.
2025-02-02 16:07:29,027 - INFO - Trial 95 finished with value: 0.8188405797101449 and parameters: {'n_estimators': 163, 'max_depth': 16, 'min_samples_split': 4, 'min_samples_leaf': 1, 'class_weight': 'balanced'}. Best is trial 8 with value: 0.8508771929824562.
2025-02-02 16:07:29,232 - INFO - Trial 96 finished with value: 0.7853566958698374 and parameters: {'n_estimators': 199, 'max_depth': 19, 'min_samples_split': 6, 'min_samples_leaf': 3, 'class_weight': None}. Best is trial 8 with value: 0.8508771929824562.
2025-02-02 16:07:29,420 - INFO - Trial 97 finished with value: 0.8188405797101449 and parameters: {'n_estimators': 177, 'max_depth': 20, 'min_samples_split': 5, 'min_samples_leaf': 2, 'class_weight': 'balanced'}. Best is trial 8 with value: 0.8508771929824562.
2025-02-02 16:07:29,515 - INFO - Trial 98 finished with value: 0.7912280701754386 and parameters: {'n_estimators': 79, 'max_depth': 11, 'min_samples_split': 3, 'min_samples_leaf': 3, 'class_weight': 'balanced'}. Best is trial 8 with value: 0.8508771929824562.
2025-02-02 16:07:29,696 - INFO - Trial 99 finished with value: 0.7945736434108528 and parameters: {'n_estimators': 173, 'max_depth': 16, 'min_samples_split': 6, 'min_samples_leaf': 4, 'class_weight': 'balanced'}. Best is trial 8 with value: 0.8508771929824562.
2025-02-02 16:08:23,343 - INFO - A new study created in memory with name: no-name-8a1feebb-8300-4987-b3ba-9d10a1dd4272
2025-02-02 16:08:23,548 - INFO - Trial 0 finished with value: 0.7945736434108528 and parameters: {'n_estimators': 201, 'max_depth': 4, 'min_samples_split': 8, 'min_samples_leaf': 4, 'class_weight': 'balanced'}. Best is trial 0 with value: 0.7945736434108528.
2025-02-02 16:08:23,811 - INFO - Trial 1 finished with value: 0.7945736434108528 and parameters: {'n_estimators': 263, 'max_depth': 15, 'min_samples_split': 8, 'min_samples_leaf': 4, 'class_weight': 'balanced'}. Best is trial 0 with value: 0.7945736434108528.
2025-02-02 16:08:23,927 - INFO - Trial 2 finished with value: 0.7853566958698374 and parameters: {'n_estimators': 106, 'max_depth': 8, 'min_samples_split': 10, 'min_samples_leaf': 4, 'class_weight': None}. Best is trial 0 with value: 0.7945736434108528.
2025-02-02 16:08:24,117 - INFO - Trial 3 finished with value: 0.8508771929824562 and parameters: {'n_estimators': 200, 'max_depth': 14, 'min_samples_split': 2, 'min_samples_leaf': 3, 'class_weight': 'balanced'}. Best is trial 3 with value: 0.8508771929824562.
2025-02-02 16:08:24,293 - INFO - Trial 4 finished with value: 0.7853566958698374 and parameters: {'n_estimators': 170, 'max_depth': 7, 'min_samples_split': 3, 'min_samples_leaf': 3, 'class_weight': None}. Best is trial 3 with value: 0.8508771929824562.
2025-02-02 16:08:24,464 - INFO - Trial 5 finished with value: 0.8188405797101449 and parameters: {'n_estimators': 173, 'max_depth': 16, 'min_samples_split': 5, 'min_samples_leaf': 3, 'class_weight': 'balanced'}. Best is trial 3 with value: 0.8508771929824562.
2025-02-02 16:08:24,644 - INFO - Trial 6 finished with value: 0.8508771929824562 and parameters: {'n_estimators': 119, 'max_depth': 11, 'min_samples_split': 6, 'min_samples_leaf': 1, 'class_weight': 'balanced'}. Best is trial 3 with value: 0.8508771929824562.
2025-02-02 16:08:24,787 - INFO - Trial 7 finished with value: 0.75 and parameters: {'n_estimators': 148, 'max_depth': 6, 'min_samples_split': 9, 'min_samples_leaf': 3, 'class_weight': None}. Best is trial 3 with value: 0.8508771929824562.
2025-02-02 16:08:24,932 - INFO - Trial 8 finished with value: 0.7853566958698374 and parameters: {'n_estimators': 152, 'max_depth': 4, 'min_samples_split': 3, 'min_samples_leaf': 4, 'class_weight': None}. Best is trial 3 with value: 0.8508771929824562.
2025-02-02 16:08:25,096 - INFO - Trial 9 finished with value: 0.7853566958698374 and parameters: {'n_estimators': 174, 'max_depth': 11, 'min_samples_split': 9, 'min_samples_leaf': 4, 'class_weight': None}. Best is trial 3 with value: 0.8508771929824562.
2025-02-02 16:08:25,169 - INFO - Trial 10 finished with value: 0.8188405797101449 and parameters: {'n_estimators': 55, 'max_depth': 20, 'min_samples_split': 2, 'min_samples_leaf': 1, 'class_weight': 'balanced'}. Best is trial 3 with value: 0.8508771929824562.
2025-02-02 16:08:25,418 - INFO - Trial 11 finished with value: 0.8508771929824562 and parameters: {'n_estimators': 240, 'max_depth': 12, 'min_samples_split': 5, 'min_samples_leaf': 1, 'class_weight': 'balanced'}. Best is trial 3 with value: 0.8508771929824562.
2025-02-02 16:08:25,555 - INFO - Trial 12 finished with value: 0.8227272727272728 and parameters: {'n_estimators': 111, 'max_depth': 12, 'min_samples_split': 6, 'min_samples_leaf': 2, 'class_weight': 'balanced'}. Best is trial 3 with value: 0.8508771929824562.
2025-02-02 16:08:25,791 - INFO - Trial 13 finished with value: 0.8508771929824562 and parameters: {'n_estimators': 226, 'max_depth': 15, 'min_samples_split': 4, 'min_samples_leaf': 2, 'class_weight': 'balanced'}. Best is trial 3 with value: 0.8508771929824562.
2025-02-02 16:08:26,112 - INFO - Trial 14 finished with value: 0.8508771929824562 and parameters: {'n_estimators': 293, 'max_depth': 10, 'min_samples_split': 7, 'min_samples_leaf': 2, 'class_weight': 'balanced'}. Best is trial 3 with value: 0.8508771929824562.
2025-02-02 16:08:26,248 - INFO - Trial 15 finished with value: 0.8508771929824562 and parameters: {'n_estimators': 114, 'max_depth': 18, 'min_samples_split': 2, 'min_samples_leaf': 1, 'class_weight': 'balanced'}. Best is trial 3 with value: 0.8508771929824562.
2025-02-02 16:08:26,354 - INFO - Trial 16 finished with value: 0.7945736434108528 and parameters: {'n_estimators': 87, 'max_depth': 14, 'min_samples_split': 6, 'min_samples_leaf': 2, 'class_weight': 'balanced'}. Best is trial 3 with value: 0.8508771929824562.
2025-02-02 16:08:26,579 - INFO - Trial 17 finished with value: 0.8188405797101449 and parameters: {'n_estimators': 217, 'max_depth': 10, 'min_samples_split': 4, 'min_samples_leaf': 3, 'class_weight': 'balanced'}. Best is trial 3 with value: 0.8508771929824562.
2025-02-02 16:08:26,719 - INFO - Trial 18 finished with value: 0.8508771929824562 and parameters: {'n_estimators': 138, 'max_depth': 13, 'min_samples_split': 7, 'min_samples_leaf': 1, 'class_weight': 'balanced'}. Best is trial 3 with value: 0.8508771929824562.
2025-02-02 16:08:26,781 - INFO - Trial 19 finished with value: 0.8227272727272728 and parameters: {'n_estimators': 50, 'max_depth': 17, 'min_samples_split': 4, 'min_samples_leaf': 2, 'class_weight': 'balanced'}. Best is trial 3 with value: 0.8508771929824562.
2025-02-02 16:08:26,995 - INFO - Trial 20 finished with value: 0.8508771929824562 and parameters: {'n_estimators': 208, 'max_depth': 9, 'min_samples_split': 3, 'min_samples_leaf': 3, 'class_weight': 'balanced'}. Best is trial 3 with value: 0.8508771929824562.
2025-02-02 16:08:27,268 - INFO - Trial 21 finished with value: 0.8508771929824562 and parameters: {'n_estimators': 253, 'max_depth': 12, 'min_samples_split': 5, 'min_samples_leaf': 1, 'class_weight': 'balanced'}. Best is trial 3 with value: 0.8508771929824562.
2025-02-02 16:08:27,535 - INFO - Trial 22 finished with value: 0.8188405797101449 and parameters: {'n_estimators': 245, 'max_depth': 13, 'min_samples_split': 5, 'min_samples_leaf': 1, 'class_weight': 'balanced'}. Best is trial 3 with value: 0.8508771929824562.
2025-02-02 16:08:27,850 - INFO - Trial 23 finished with value: 0.8508771929824562 and parameters: {'n_estimators': 278, 'max_depth': 11, 'min_samples_split': 6, 'min_samples_leaf': 1, 'class_weight': 'balanced'}. Best is trial 3 with value: 0.8508771929824562.
2025-02-02 16:08:28,064 - INFO - Trial 24 finished with value: 0.8508771929824562 and parameters: {'n_estimators': 196, 'max_depth': 14, 'min_samples_split': 7, 'min_samples_leaf': 2, 'class_weight': 'balanced'}. Best is trial 3 with value: 0.8508771929824562.
2025-02-02 16:08:28,335 - INFO - Trial 25 finished with value: 0.8508771929824562 and parameters: {'n_estimators': 231, 'max_depth': 18, 'min_samples_split': 5, 'min_samples_leaf': 1, 'class_weight': 'balanced'}. Best is trial 3 with value: 0.8508771929824562.
2025-02-02 16:08:28,448 - INFO - Trial 26 finished with value: 0.8188405797101449 and parameters: {'n_estimators': 81, 'max_depth': 9, 'min_samples_split': 2, 'min_samples_leaf': 2, 'class_weight': None}. Best is trial 3 with value: 0.8508771929824562.
2025-02-02 16:08:28,668 - INFO - Trial 27 finished with value: 0.8188405797101449 and parameters: {'n_estimators': 193, 'max_depth': 13, 'min_samples_split': 6, 'min_samples_leaf': 3, 'class_weight': 'balanced'}. Best is trial 3 with value: 0.8508771929824562.
2025-02-02 16:08:28,825 - INFO - Trial 28 finished with value: 0.8508771929824562 and parameters: {'n_estimators': 127, 'max_depth': 16, 'min_samples_split': 4, 'min_samples_leaf': 1, 'class_weight': 'balanced'}. Best is trial 3 with value: 0.8508771929824562.
2025-02-02 16:08:29,115 - INFO - Trial 29 finished with value: 0.8227272727272728 and parameters: {'n_estimators': 240, 'max_depth': 5, 'min_samples_split': 7, 'min_samples_leaf': 2, 'class_weight': 'balanced'}. Best is trial 3 with value: 0.8508771929824562.
2025-02-02 16:08:29,343 - INFO - Trial 30 finished with value: 0.8508771929824562 and parameters: {'n_estimators': 187, 'max_depth': 10, 'min_samples_split': 9, 'min_samples_leaf': 1, 'class_weight': 'balanced'}. Best is trial 3 with value: 0.8508771929824562.
2025-02-02 16:08:29,589 - INFO - Trial 31 finished with value: 0.8188405797101449 and parameters: {'n_estimators': 225, 'max_depth': 15, 'min_samples_split': 4, 'min_samples_leaf': 2, 'class_weight': 'balanced'}. Best is trial 3 with value: 0.8508771929824562.
2025-02-02 16:08:29,940 - INFO - Trial 32 finished with value: 0.8792270531400965 and parameters: {'n_estimators': 267, 'max_depth': 14, 'min_samples_split': 3, 'min_samples_leaf': 1, 'class_weight': 'balanced'}. Best is trial 32 with value: 0.8792270531400965.
2025-02-02 16:08:30,238 - INFO - Trial 33 finished with value: 0.8508771929824562 and parameters: {'n_estimators': 268, 'max_depth': 14, 'min_samples_split': 3, 'min_samples_leaf': 1, 'class_weight': 'balanced'}. Best is trial 32 with value: 0.8792270531400965.
2025-02-02 16:08:30,558 - INFO - Trial 34 finished with value: 0.8508771929824562 and parameters: {'n_estimators': 284, 'max_depth': 12, 'min_samples_split': 2, 'min_samples_leaf': 1, 'class_weight': 'balanced'}. Best is trial 32 with value: 0.8792270531400965.
2025-02-02 16:08:30,843 - INFO - Trial 35 finished with value: 0.7853566958698374 and parameters: {'n_estimators': 257, 'max_depth': 8, 'min_samples_split': 3, 'min_samples_leaf': 1, 'class_weight': None}. Best is trial 32 with value: 0.8792270531400965.
2025-02-02 16:08:31,059 - INFO - Trial 36 finished with value: 0.8227272727272728 and parameters: {'n_estimators': 208, 'max_depth': 16, 'min_samples_split': 8, 'min_samples_leaf': 3, 'class_weight': 'balanced'}. Best is trial 32 with value: 0.8792270531400965.
2025-02-02 16:08:31,351 - INFO - Trial 37 finished with value: 0.7853566958698374 and parameters: {'n_estimators': 298, 'max_depth': 13, 'min_samples_split': 5, 'min_samples_leaf': 4, 'class_weight': None}. Best is trial 32 with value: 0.8792270531400965.
2025-02-02 16:08:31,626 - INFO - Trial 38 finished with value: 0.8188405797101449 and parameters: {'n_estimators': 274, 'max_depth': 11, 'min_samples_split': 3, 'min_samples_leaf': 1, 'class_weight': 'balanced'}. Best is trial 32 with value: 0.8792270531400965.
2025-02-02 16:08:31,791 - INFO - Trial 39 finished with value: 0.7853566958698374 and parameters: {'n_estimators': 159, 'max_depth': 3, 'min_samples_split': 2, 'min_samples_leaf': 3, 'class_weight': None}. Best is trial 32 with value: 0.8792270531400965.
2025-02-02 16:08:31,959 - INFO - Trial 40 finished with value: 0.7945736434108528 and parameters: {'n_estimators': 165, 'max_depth': 8, 'min_samples_split': 8, 'min_samples_leaf': 4, 'class_weight': 'balanced'}. Best is trial 32 with value: 0.8792270531400965.
2025-02-02 16:08:32,196 - INFO - Trial 41 finished with value: 0.8508771929824562 and parameters: {'n_estimators': 236, 'max_depth': 14, 'min_samples_split': 4, 'min_samples_leaf': 2, 'class_weight': 'balanced'}. Best is trial 32 with value: 0.8792270531400965.
2025-02-02 16:08:32,381 - INFO - Trial 42 finished with value: 0.8227272727272728 and parameters: {'n_estimators': 184, 'max_depth': 15, 'min_samples_split': 3, 'min_samples_leaf': 3, 'class_weight': 'balanced'}. Best is trial 32 with value: 0.8792270531400965.
2025-02-02 16:08:32,601 - INFO - Trial 43 finished with value: 0.8188405797101449 and parameters: {'n_estimators': 218, 'max_depth': 17, 'min_samples_split': 5, 'min_samples_leaf': 1, 'class_weight': 'balanced'}. Best is trial 32 with value: 0.8792270531400965.
2025-02-02 16:08:32,854 - INFO - Trial 44 finished with value: 0.8508771929824562 and parameters: {'n_estimators': 249, 'max_depth': 15, 'min_samples_split': 4, 'min_samples_leaf': 2, 'class_weight': 'balanced'}. Best is trial 32 with value: 0.8792270531400965.
2025-02-02 16:08:33,115 - INFO - Trial 45 finished with value: 0.846683354192741 and parameters: {'n_estimators': 263, 'max_depth': 20, 'min_samples_split': 3, 'min_samples_leaf': 1, 'class_weight': 'balanced'}. Best is trial 32 with value: 0.8792270531400965.
2025-02-02 16:08:33,323 - INFO - Trial 46 finished with value: 0.7912280701754386 and parameters: {'n_estimators': 204, 'max_depth': 12, 'min_samples_split': 4, 'min_samples_leaf': 3, 'class_weight': 'balanced'}. Best is trial 32 with value: 0.8792270531400965.
2025-02-02 16:08:33,548 - INFO - Trial 47 finished with value: 0.8188405797101449 and parameters: {'n_estimators': 223, 'max_depth': 15, 'min_samples_split': 2, 'min_samples_leaf': 2, 'class_weight': 'balanced'}. Best is trial 32 with value: 0.8792270531400965.
