2024-12-10 15:09:29,540 - INFO - Trial 19 finished with value: 0.9848132713575893 and parameters: {'max_depth': 6, 'min_samples_split': 3, 'min_samples_leaf': 1, 'class_weight': None}. Best is trial 6 with value: 1.0.
2024-12-10 15:09:29,574 - INFO - Trial 20 finished with value: 0.9946251129177958 and parameters: {'max_depth': 13, 'min_samples_split': 9, 'min_samples_leaf': 2, 'class_weight': None}. Best is trial 6 with value: 1.0.
2024-12-10 15:09:29,608 - INFO - Trial 21 finished with value: 0.9946251129177958 and parameters: {'max_depth': 10, 'min_samples_split': 3, 'min_samples_leaf': 3, 'class_weight': 'balanced'}. Best is trial 6 with value: 1.0.
2024-12-10 15:09:29,641 - INFO - Trial 22 finished with value: 0.9946251129177958 and parameters: {'max_depth': 9, 'min_samples_split': 3, 'min_samples_leaf': 3, 'class_weight': 'balanced'}. Best is trial 6 with value: 1.0.
2024-12-10 15:09:29,675 - INFO - Trial 23 finished with value: 0.9838753387533877 and parameters: {'max_depth': 6, 'min_samples_split': 4, 'min_samples_leaf': 3, 'class_weight': 'balanced'}. Best is trial 6 with value: 1.0.
2024-12-10 15:09:29,713 - INFO - Trial 24 finished with value: 0.9946251129177958 and parameters: {'max_depth': 11, 'min_samples_split': 2, 'min_samples_leaf': 2, 'class_weight': 'balanced'}. Best is trial 6 with value: 1.0.
2024-12-10 15:09:29,747 - INFO - Trial 25 finished with value: 0.9895833333333334 and parameters: {'max_depth': 15, 'min_samples_split': 5, 'min_samples_leaf': 3, 'class_weight': 'balanced'}. Best is trial 6 with value: 1.0.
2024-12-10 15:09:29,784 - INFO - Trial 26 finished with value: 0.9888674388674389 and parameters: {'max_depth': 12, 'min_samples_split': 6, 'min_samples_leaf': 1, 'class_weight': 'balanced'}. Best is trial 6 with value: 1.0.
2024-12-10 15:09:29,819 - INFO - Trial 27 finished with value: 0.9895833333333334 and parameters: {'max_depth': 9, 'min_samples_split': 3, 'min_samples_leaf': 4, 'class_weight': 'balanced'}. Best is trial 6 with value: 1.0.
2024-12-10 15:09:29,853 - INFO - Trial 28 finished with value: 0.9946251129177958 and parameters: {'max_depth': 13, 'min_samples_split': 7, 'min_samples_leaf': 2, 'class_weight': None}. Best is trial 6 with value: 1.0.
2024-12-10 15:09:29,887 - INFO - Trial 29 finished with value: 0.9895833333333334 and parameters: {'max_depth': 17, 'min_samples_split': 9, 'min_samples_leaf': 1, 'class_weight': None}. Best is trial 6 with value: 1.0.
2024-12-10 15:09:29,923 - INFO - Trial 30 finished with value: 0.9895833333333334 and parameters: {'max_depth': 6, 'min_samples_split': 4, 'min_samples_leaf': 2, 'class_weight': 'balanced'}. Best is trial 6 with value: 1.0.
2024-12-10 15:09:29,955 - INFO - Trial 31 finished with value: 0.9946251129177958 and parameters: {'max_depth': 20, 'min_samples_split': 10, 'min_samples_leaf': 2, 'class_weight': None}. Best is trial 6 with value: 1.0.
2024-12-10 15:09:29,990 - INFO - Trial 32 finished with value: 0.9946251129177958 and parameters: {'max_depth': 20, 'min_samples_split': 10, 'min_samples_leaf': 3, 'class_weight': None}. Best is trial 6 with value: 1.0.
2024-12-10 15:09:30,026 - INFO - Trial 33 finished with value: 0.9946251129177958 and parameters: {'max_depth': 10, 'min_samples_split': 9, 'min_samples_leaf': 1, 'class_weight': None}. Best is trial 6 with value: 1.0.
2024-12-10 15:09:30,060 - INFO - Trial 34 finished with value: 0.9946251129177958 and parameters: {'max_depth': 17, 'min_samples_split': 7, 'min_samples_leaf': 2, 'class_weight': None}. Best is trial 6 with value: 1.0.
2024-12-10 15:09:30,103 - INFO - Trial 35 finished with value: 0.9895833333333334 and parameters: {'max_depth': 8, 'min_samples_split': 8, 'min_samples_leaf': 4, 'class_weight': None}. Best is trial 6 with value: 1.0.
2024-12-10 15:09:30,146 - INFO - Trial 36 finished with value: 0.9946251129177958 and parameters: {'max_depth': 11, 'min_samples_split': 9, 'min_samples_leaf': 1, 'class_weight': None}. Best is trial 6 with value: 1.0.
2024-12-10 15:09:30,184 - INFO - Trial 37 finished with value: 0.9946251129177958 and parameters: {'max_depth': 18, 'min_samples_split': 10, 'min_samples_leaf': 2, 'class_weight': None}. Best is trial 6 with value: 1.0.
2024-12-10 15:09:30,218 - INFO - Trial 38 finished with value: 0.9802671523982999 and parameters: {'max_depth': 3, 'min_samples_split': 6, 'min_samples_leaf': 3, 'class_weight': 'balanced'}. Best is trial 6 with value: 1.0.
2024-12-10 15:09:30,251 - INFO - Trial 39 finished with value: 0.9895833333333334 and parameters: {'max_depth': 14, 'min_samples_split': 8, 'min_samples_leaf': 4, 'class_weight': None}. Best is trial 6 with value: 1.0.
2024-12-10 15:09:30,286 - INFO - Trial 40 finished with value: 0.9848132713575893 and parameters: {'max_depth': 7, 'min_samples_split': 2, 'min_samples_leaf': 1, 'class_weight': 'balanced'}. Best is trial 6 with value: 1.0.
2024-12-10 15:09:30,320 - INFO - Trial 41 finished with value: 0.9946251129177958 and parameters: {'max_depth': 10, 'min_samples_split': 6, 'min_samples_leaf': 3, 'class_weight': None}. Best is trial 6 with value: 1.0.
2024-12-10 15:09:30,361 - INFO - Trial 42 finished with value: 0.9838753387533877 and parameters: {'max_depth': 9, 'min_samples_split': 5, 'min_samples_leaf': 3, 'class_weight': None}. Best is trial 6 with value: 1.0.
2024-12-10 15:09:30,433 - INFO - Trial 43 finished with value: 0.9946251129177958 and parameters: {'max_depth': 11, 'min_samples_split': 7, 'min_samples_leaf': 3, 'class_weight': None}. Best is trial 6 with value: 1.0.
2024-12-10 15:09:30,465 - INFO - Trial 44 finished with value: 0.9895833333333334 and parameters: {'max_depth': 7, 'min_samples_split': 3, 'min_samples_leaf': 3, 'class_weight': None}. Best is trial 6 with value: 1.0.
2024-12-10 15:09:30,502 - INFO - Trial 45 finished with value: 0.9888674388674389 and parameters: {'max_depth': 12, 'min_samples_split': 4, 'min_samples_leaf': 2, 'class_weight': None}. Best is trial 6 with value: 1.0.
2024-12-10 15:09:30,536 - INFO - Trial 46 finished with value: 1.0 and parameters: {'max_depth': 16, 'min_samples_split': 5, 'min_samples_leaf': 1, 'class_weight': None}. Best is trial 6 with value: 1.0.
2024-12-10 15:09:30,575 - INFO - Trial 47 finished with value: 1.0 and parameters: {'max_depth': 15, 'min_samples_split': 5, 'min_samples_leaf': 1, 'class_weight': 'balanced'}. Best is trial 6 with value: 1.0.
2024-12-10 15:09:30,613 - INFO - Trial 48 finished with value: 0.9895833333333334 and parameters: {'max_depth': 16, 'min_samples_split': 5, 'min_samples_leaf': 1, 'class_weight': 'balanced'}. Best is trial 6 with value: 1.0.
2024-12-10 15:09:30,653 - INFO - Trial 49 finished with value: 0.9949377571191965 and parameters: {'max_depth': 15, 'min_samples_split': 5, 'min_samples_leaf': 1, 'class_weight': 'balanced'}. Best is trial 6 with value: 1.0.
2024-12-10 15:09:30,693 - INFO - Trial 50 finished with value: 0.9895833333333334 and parameters: {'max_depth': 15, 'min_samples_split': 5, 'min_samples_leaf': 1, 'class_weight': 'balanced'}. Best is trial 6 with value: 1.0.
2024-12-10 15:09:30,729 - INFO - Trial 51 finished with value: 1.0 and parameters: {'max_depth': 14, 'min_samples_split': 4, 'min_samples_leaf': 1, 'class_weight': 'balanced'}. Best is trial 6 with value: 1.0.
2024-12-10 15:09:30,766 - INFO - Trial 52 finished with value: 0.9949377571191965 and parameters: {'max_depth': 14, 'min_samples_split': 4, 'min_samples_leaf': 1, 'class_weight': 'balanced'}. Best is trial 6 with value: 1.0.
2024-12-10 15:09:30,803 - INFO - Trial 53 finished with value: 0.9895833333333334 and parameters: {'max_depth': 16, 'min_samples_split': 5, 'min_samples_leaf': 1, 'class_weight': 'balanced'}. Best is trial 6 with value: 1.0.
2024-12-10 15:09:30,839 - INFO - Trial 54 finished with value: 0.9895833333333334 and parameters: {'max_depth': 15, 'min_samples_split': 5, 'min_samples_leaf': 1, 'class_weight': 'balanced'}. Best is trial 6 with value: 1.0.
2024-12-10 15:09:30,876 - INFO - Trial 55 finished with value: 1.0 and parameters: {'max_depth': 13, 'min_samples_split': 4, 'min_samples_leaf': 1, 'class_weight': 'balanced'}. Best is trial 6 with value: 1.0.
2024-12-10 15:09:30,912 - INFO - Trial 56 finished with value: 1.0 and parameters: {'max_depth': 13, 'min_samples_split': 4, 'min_samples_leaf': 1, 'class_weight': 'balanced'}. Best is trial 6 with value: 1.0.
2024-12-10 15:09:30,949 - INFO - Trial 57 finished with value: 0.9838753387533877 and parameters: {'max_depth': 13, 'min_samples_split': 4, 'min_samples_leaf': 1, 'class_weight': 'balanced'}. Best is trial 6 with value: 1.0.
2024-12-10 15:09:30,986 - INFO - Trial 58 finished with value: 0.9946251129177958 and parameters: {'max_depth': 14, 'min_samples_split': 4, 'min_samples_leaf': 1, 'class_weight': 'balanced'}. Best is trial 6 with value: 1.0.
2024-12-10 15:09:31,023 - INFO - Trial 59 finished with value: 0.9949377571191965 and parameters: {'max_depth': 14, 'min_samples_split': 6, 'min_samples_leaf': 1, 'class_weight': 'balanced'}. Best is trial 6 with value: 1.0.
2024-12-10 15:09:31,061 - INFO - Trial 60 finished with value: 0.9895833333333334 and parameters: {'max_depth': 16, 'min_samples_split': 4, 'min_samples_leaf': 1, 'class_weight': 'balanced'}. Best is trial 6 with value: 1.0.
2024-12-10 15:09:31,100 - INFO - Trial 61 finished with value: 0.9946251129177958 and parameters: {'max_depth': 13, 'min_samples_split': 3, 'min_samples_leaf': 1, 'class_weight': 'balanced'}. Best is trial 6 with value: 1.0.
2024-12-10 15:09:31,136 - INFO - Trial 62 finished with value: 0.9949377571191965 and parameters: {'max_depth': 13, 'min_samples_split': 3, 'min_samples_leaf': 1, 'class_weight': 'balanced'}. Best is trial 6 with value: 1.0.
2024-12-10 15:09:31,180 - INFO - Trial 63 finished with value: 0.9946251129177958 and parameters: {'max_depth': 12, 'min_samples_split': 4, 'min_samples_leaf': 1, 'class_weight': 'balanced'}. Best is trial 6 with value: 1.0.
2024-12-10 15:09:31,218 - INFO - Trial 64 finished with value: 0.9949377571191965 and parameters: {'max_depth': 16, 'min_samples_split': 4, 'min_samples_leaf': 1, 'class_weight': 'balanced'}. Best is trial 6 with value: 1.0.
2024-12-10 15:09:31,254 - INFO - Trial 65 finished with value: 0.9949377571191965 and parameters: {'max_depth': 15, 'min_samples_split': 3, 'min_samples_leaf': 1, 'class_weight': 'balanced'}. Best is trial 6 with value: 1.0.
2024-12-10 15:09:31,293 - INFO - Trial 66 finished with value: 0.9895833333333334 and parameters: {'max_depth': 14, 'min_samples_split': 5, 'min_samples_leaf': 1, 'class_weight': 'balanced'}. Best is trial 6 with value: 1.0.
2024-12-10 15:09:31,330 - INFO - Trial 67 finished with value: 0.9946251129177958 and parameters: {'max_depth': 18, 'min_samples_split': 4, 'min_samples_leaf': 1, 'class_weight': 'balanced'}. Best is trial 6 with value: 1.0.
2024-12-10 15:09:31,369 - INFO - Trial 68 finished with value: 0.9949377571191965 and parameters: {'max_depth': 17, 'min_samples_split': 5, 'min_samples_leaf': 1, 'class_weight': 'balanced'}. Best is trial 6 with value: 1.0.
2024-12-10 15:09:31,406 - INFO - Trial 69 finished with value: 0.9838753387533877 and parameters: {'max_depth': 13, 'min_samples_split': 2, 'min_samples_leaf': 1, 'class_weight': 'balanced'}. Best is trial 6 with value: 1.0.
2024-12-10 15:09:31,443 - INFO - Trial 70 finished with value: 0.9888674388674389 and parameters: {'max_depth': 12, 'min_samples_split': 6, 'min_samples_leaf': 1, 'class_weight': 'balanced'}. Best is trial 6 with value: 1.0.
2024-12-10 15:09:31,484 - INFO - Trial 71 finished with value: 1.0 and parameters: {'max_depth': 15, 'min_samples_split': 5, 'min_samples_leaf': 1, 'class_weight': 'balanced'}. Best is trial 6 with value: 1.0.
2024-12-10 15:09:31,522 - INFO - Trial 72 finished with value: 1.0 and parameters: {'max_depth': 14, 'min_samples_split': 5, 'min_samples_leaf': 1, 'class_weight': 'balanced'}. Best is trial 6 with value: 1.0.
2024-12-10 15:09:31,557 - INFO - Trial 73 finished with value: 0.9949377571191965 and parameters: {'max_depth': 14, 'min_samples_split': 6, 'min_samples_leaf': 1, 'class_weight': 'balanced'}. Best is trial 6 with value: 1.0.
2024-12-10 15:09:31,596 - INFO - Trial 74 finished with value: 0.9895833333333334 and parameters: {'max_depth': 17, 'min_samples_split': 5, 'min_samples_leaf': 1, 'class_weight': 'balanced'}. Best is trial 6 with value: 1.0.
2024-12-10 15:09:31,633 - INFO - Trial 75 finished with value: 0.9946251129177958 and parameters: {'max_depth': 15, 'min_samples_split': 4, 'min_samples_leaf': 1, 'class_weight': 'balanced'}. Best is trial 6 with value: 1.0.
2024-12-10 15:09:31,671 - INFO - Trial 76 finished with value: 0.9946251129177958 and parameters: {'max_depth': 16, 'min_samples_split': 5, 'min_samples_leaf': 1, 'class_weight': 'balanced'}. Best is trial 6 with value: 1.0.
2024-12-10 15:09:31,711 - INFO - Trial 77 finished with value: 0.9949377571191965 and parameters: {'max_depth': 13, 'min_samples_split': 5, 'min_samples_leaf': 1, 'class_weight': 'balanced'}. Best is trial 6 with value: 1.0.
2024-12-10 15:09:31,744 - INFO - Trial 78 finished with value: 0.9946251129177958 and parameters: {'max_depth': 14, 'min_samples_split': 6, 'min_samples_leaf': 2, 'class_weight': None}. Best is trial 6 with value: 1.0.
2024-12-10 15:09:31,780 - INFO - Trial 79 finished with value: 0.9895833333333334 and parameters: {'max_depth': 15, 'min_samples_split': 5, 'min_samples_leaf': 1, 'class_weight': 'balanced'}. Best is trial 6 with value: 1.0.
2024-12-10 15:09:31,815 - INFO - Trial 80 finished with value: 0.9895833333333334 and parameters: {'max_depth': 13, 'min_samples_split': 7, 'min_samples_leaf': 1, 'class_weight': None}. Best is trial 6 with value: 1.0.
2024-12-10 15:09:31,858 - INFO - Trial 81 finished with value: 1.0 and parameters: {'max_depth': 12, 'min_samples_split': 4, 'min_samples_leaf': 1, 'class_weight': 'balanced'}. Best is trial 6 with value: 1.0.
2024-12-10 15:09:31,894 - INFO - Trial 82 finished with value: 0.9946251129177958 and parameters: {'max_depth': 12, 'min_samples_split': 4, 'min_samples_leaf': 1, 'class_weight': 'balanced'}. Best is trial 6 with value: 1.0.
2024-12-10 15:09:31,938 - INFO - Trial 83 finished with value: 0.9949377571191965 and parameters: {'max_depth': 14, 'min_samples_split': 4, 'min_samples_leaf': 1, 'class_weight': 'balanced'}. Best is trial 6 with value: 1.0.
2024-12-10 15:09:31,976 - INFO - Trial 84 finished with value: 0.9895833333333334 and parameters: {'max_depth': 12, 'min_samples_split': 4, 'min_samples_leaf': 1, 'class_weight': 'balanced'}. Best is trial 6 with value: 1.0.
2024-12-10 15:09:32,011 - INFO - Trial 85 finished with value: 0.9946251129177958 and parameters: {'max_depth': 11, 'min_samples_split': 5, 'min_samples_leaf': 1, 'class_weight': 'balanced'}. Best is trial 6 with value: 1.0.
2024-12-10 15:09:32,045 - INFO - Trial 86 finished with value: 0.9888674388674389 and parameters: {'max_depth': 16, 'min_samples_split': 3, 'min_samples_leaf': 1, 'class_weight': None}. Best is trial 6 with value: 1.0.
2024-12-10 15:09:32,083 - INFO - Trial 87 finished with value: 0.9949377571191965 and parameters: {'max_depth': 14, 'min_samples_split': 4, 'min_samples_leaf': 1, 'class_weight': 'balanced'}. Best is trial 6 with value: 1.0.
2024-12-10 15:09:32,120 - INFO - Trial 88 finished with value: 0.9946251129177958 and parameters: {'max_depth': 15, 'min_samples_split': 5, 'min_samples_leaf': 1, 'class_weight': 'balanced'}. Best is trial 6 with value: 1.0.
2024-12-10 15:09:32,156 - INFO - Trial 89 finished with value: 0.9838753387533877 and parameters: {'max_depth': 13, 'min_samples_split': 6, 'min_samples_leaf': 1, 'class_weight': None}. Best is trial 6 with value: 1.0.
2024-12-10 15:09:32,194 - INFO - Trial 90 finished with value: 0.9949377571191965 and parameters: {'max_depth': 15, 'min_samples_split': 3, 'min_samples_leaf': 1, 'class_weight': 'balanced'}. Best is trial 6 with value: 1.0.
2024-12-10 15:09:32,234 - INFO - Trial 91 finished with value: 1.0 and parameters: {'max_depth': 14, 'min_samples_split': 4, 'min_samples_leaf': 1, 'class_weight': 'balanced'}. Best is trial 6 with value: 1.0.
2024-12-10 15:09:32,272 - INFO - Trial 92 finished with value: 1.0 and parameters: {'max_depth': 14, 'min_samples_split': 4, 'min_samples_leaf': 1, 'class_weight': 'balanced'}. Best is trial 6 with value: 1.0.
2024-12-10 15:09:32,306 - INFO - Trial 93 finished with value: 1.0 and parameters: {'max_depth': 14, 'min_samples_split': 4, 'min_samples_leaf': 1, 'class_weight': 'balanced'}. Best is trial 6 with value: 1.0.
2024-12-10 15:09:32,345 - INFO - Trial 94 finished with value: 0.9946251129177958 and parameters: {'max_depth': 15, 'min_samples_split': 5, 'min_samples_leaf': 1, 'class_weight': 'balanced'}. Best is trial 6 with value: 1.0.
2024-12-10 15:09:32,383 - INFO - Trial 95 finished with value: 0.9946251129177958 and parameters: {'max_depth': 12, 'min_samples_split': 4, 'min_samples_leaf': 1, 'class_weight': 'balanced'}. Best is trial 6 with value: 1.0.
2024-12-10 15:09:32,419 - INFO - Trial 96 finished with value: 0.9949377571191965 and parameters: {'max_depth': 13, 'min_samples_split': 5, 'min_samples_leaf': 1, 'class_weight': 'balanced'}. Best is trial 6 with value: 1.0.
2024-12-10 15:09:32,452 - INFO - Trial 97 finished with value: 0.9838753387533877 and parameters: {'max_depth': 16, 'min_samples_split': 3, 'min_samples_leaf': 1, 'class_weight': None}. Best is trial 6 with value: 1.0.
2024-12-10 15:09:32,490 - INFO - Trial 98 finished with value: 0.9946251129177958 and parameters: {'max_depth': 13, 'min_samples_split': 4, 'min_samples_leaf': 2, 'class_weight': 'balanced'}. Best is trial 6 with value: 1.0.
2024-12-10 15:09:32,528 - INFO - Trial 99 finished with value: 0.9946251129177958 and parameters: {'max_depth': 14, 'min_samples_split': 4, 'min_samples_leaf': 1, 'class_weight': 'balanced'}. Best is trial 6 with value: 1.0.
2024-12-10 15:09:32,743 - INFO - A new study created in memory with name: no-name-350cca2a-ba4e-4734-8924-fcaec4cf21ad
2024-12-10 15:09:34,825 - INFO - Trial 0 finished with value: 0.9946251129177958 and parameters: {'n_estimators': 262, 'max_depth': 19, 'learning_rate': 0.2801798256750876, 'subsample': 0.9605398925905241, 'colsample_bytree': 0.5896577656303259, 'scale_pos_weight': 0.5980239392719318}. Best is trial 0 with value: 0.9946251129177958.
2024-12-10 15:09:34,903 - INFO - Trial 1 finished with value: 0.9946251129177958 and parameters: {'n_estimators': 63, 'max_depth': 15, 'learning_rate': 0.23904565564131375, 'subsample': 0.7773363618868556, 'colsample_bytree': 0.6476289416093927, 'scale_pos_weight': 1.5323389209499325}. Best is trial 0 with value: 0.9946251129177958.
2024-12-10 15:09:35,067 - INFO - Trial 2 finished with value: 1.0 and parameters: {'n_estimators': 198, 'max_depth': 15, 'learning_rate': 0.024425824548475923, 'subsample': 0.8250572856564372, 'colsample_bytree': 0.8379832311333332, 'scale_pos_weight': 0.6363185193814376}. Best is trial 2 with value: 1.0.
2024-12-10 15:09:35,143 - INFO - Trial 3 finished with value: 0.9946251129177958 and parameters: {'n_estimators': 130, 'max_depth': 18, 'learning_rate': 0.09416491638333568, 'subsample': 0.564473539326934, 'colsample_bytree': 0.6257357437602826, 'scale_pos_weight': 1.728329489137301}. Best is trial 2 with value: 1.0.
2024-12-10 15:09:35,214 - INFO - Trial 4 finished with value: 1.0 and parameters: {'n_estimators': 59, 'max_depth': 20, 'learning_rate': 0.04854891025352107, 'subsample': 0.57346377404493, 'colsample_bytree': 0.7387526837714522, 'scale_pos_weight': 1.2358983946735207}. Best is trial 2 with value: 1.0.
2024-12-10 15:09:35,287 - INFO - Trial 5 finished with value: 0.9946251129177958 and parameters: {'n_estimators': 95, 'max_depth': 5, 'learning_rate': 0.26462468095870906, 'subsample': 0.9407362575002725, 'colsample_bytree': 0.7535319144447647, 'scale_pos_weight': 1.8078336886818274}. Best is trial 2 with value: 1.0.
2024-12-10 15:09:35,392 - INFO - Trial 6 finished with value: 0.9946251129177958 and parameters: {'n_estimators': 226, 'max_depth': 18, 'learning_rate': 0.159046183871985, 'subsample': 0.5651968705142361, 'colsample_bytree': 0.8150702773008542, 'scale_pos_weight': 1.4164855463212067}. Best is trial 2 with value: 1.0.
2024-12-10 15:09:35,518 - INFO - Trial 7 finished with value: 1.0 and parameters: {'n_estimators': 300, 'max_depth': 14, 'learning_rate': 0.23175936377037168, 'subsample': 0.6009002803220069, 'colsample_bytree': 0.8944890104109166, 'scale_pos_weight': 1.6844256126316626}. Best is trial 2 with value: 1.0.
2024-12-10 15:09:35,611 - INFO - Trial 8 finished with value: 0.9946251129177958 and parameters: {'n_estimators': 200, 'max_depth': 5, 'learning_rate': 0.16238907838831182, 'subsample': 0.5043069146917323, 'colsample_bytree': 0.7800763534022144, 'scale_pos_weight': 0.908471780400734}. Best is trial 2 with value: 1.0.
2024-12-10 15:09:35,702 - INFO - Trial 9 finished with value: 0.9946251129177958 and parameters: {'n_estimators': 171, 'max_depth': 19, 'learning_rate': 0.15706027554406424, 'subsample': 0.9241404020469709, 'colsample_bytree': 0.9022343207216594, 'scale_pos_weight': 1.5770432749504222}. Best is trial 2 with value: 1.0.
2024-12-10 15:09:35,824 - INFO - Trial 10 finished with value: 0.9848132713575893 and parameters: {'n_estimators': 148, 'max_depth': 9, 'learning_rate': 0.011822732005834648, 'subsample': 0.8007405084231224, 'colsample_bytree': 0.9669789114690077, 'scale_pos_weight': 0.5731513006074684}. Best is trial 2 with value: 1.0.
2024-12-10 15:09:35,890 - INFO - Trial 11 finished with value: 0.99013357619915 and parameters: {'n_estimators': 55, 'max_depth': 12, 'learning_rate': 0.02059295164410576, 'subsample': 0.6888191417752513, 'colsample_bytree': 0.5160043125073692, 'scale_pos_weight': 1.1165041050547229}. Best is trial 2 with value: 1.0.
