2024-12-10 14:40:43,967 - INFO - Trial 78 finished with value: 0.9946251129177958 and parameters: {'max_depth': 15, 'min_samples_split': 3, 'min_samples_leaf': 1, 'class_weight': 'balanced'}. Best is trial 30 with value: 1.0.
2024-12-10 14:40:44,001 - INFO - Trial 79 finished with value: 0.9838753387533877 and parameters: {'max_depth': 18, 'min_samples_split': 3, 'min_samples_leaf': 1, 'class_weight': 'balanced'}. Best is trial 30 with value: 1.0.
2024-12-10 14:40:44,037 - INFO - Trial 80 finished with value: 0.9895833333333334 and parameters: {'max_depth': 11, 'min_samples_split': 2, 'min_samples_leaf': 1, 'class_weight': 'balanced'}. Best is trial 30 with value: 1.0.
2024-12-10 14:40:44,079 - INFO - Trial 81 finished with value: 0.9895833333333334 and parameters: {'max_depth': 15, 'min_samples_split': 2, 'min_samples_leaf': 1, 'class_weight': 'balanced'}. Best is trial 30 with value: 1.0.
2024-12-10 14:40:44,120 - INFO - Trial 82 finished with value: 0.9888674388674389 and parameters: {'max_depth': 14, 'min_samples_split': 2, 'min_samples_leaf': 1, 'class_weight': 'balanced'}. Best is trial 30 with value: 1.0.
2024-12-10 14:40:44,154 - INFO - Trial 83 finished with value: 0.9949377571191965 and parameters: {'max_depth': 16, 'min_samples_split': 2, 'min_samples_leaf': 1, 'class_weight': 'balanced'}. Best is trial 30 with value: 1.0.
2024-12-10 14:40:44,192 - INFO - Trial 84 finished with value: 1.0 and parameters: {'max_depth': 15, 'min_samples_split': 2, 'min_samples_leaf': 1, 'class_weight': 'balanced'}. Best is trial 30 with value: 1.0.
2024-12-10 14:40:44,227 - INFO - Trial 85 finished with value: 0.9895833333333334 and parameters: {'max_depth': 17, 'min_samples_split': 3, 'min_samples_leaf': 1, 'class_weight': 'balanced'}. Best is trial 30 with value: 1.0.
2024-12-10 14:40:44,264 - INFO - Trial 86 finished with value: 0.9895833333333334 and parameters: {'max_depth': 19, 'min_samples_split': 5, 'min_samples_leaf': 1, 'class_weight': 'balanced'}. Best is trial 30 with value: 1.0.
2024-12-10 14:40:44,300 - INFO - Trial 87 finished with value: 1.0 and parameters: {'max_depth': 13, 'min_samples_split': 2, 'min_samples_leaf': 1, 'class_weight': 'balanced'}. Best is trial 30 with value: 1.0.
2024-12-10 14:40:44,336 - INFO - Trial 88 finished with value: 0.9946251129177958 and parameters: {'max_depth': 13, 'min_samples_split': 10, 'min_samples_leaf': 1, 'class_weight': 'balanced'}. Best is trial 30 with value: 1.0.
2024-12-10 14:40:44,375 - INFO - Trial 89 finished with value: 0.9946251129177958 and parameters: {'max_depth': 20, 'min_samples_split': 3, 'min_samples_leaf': 2, 'class_weight': 'balanced'}. Best is trial 30 with value: 1.0.
2024-12-10 14:40:44,410 - INFO - Trial 90 finished with value: 1.0 and parameters: {'max_depth': 13, 'min_samples_split': 7, 'min_samples_leaf': 1, 'class_weight': None}. Best is trial 30 with value: 1.0.
2024-12-10 14:40:44,443 - INFO - Trial 91 finished with value: 0.9949377571191965 and parameters: {'max_depth': 13, 'min_samples_split': 7, 'min_samples_leaf': 1, 'class_weight': None}. Best is trial 30 with value: 1.0.
2024-12-10 14:40:44,480 - INFO - Trial 92 finished with value: 0.9895833333333334 and parameters: {'max_depth': 12, 'min_samples_split': 7, 'min_samples_leaf': 1, 'class_weight': None}. Best is trial 30 with value: 1.0.
2024-12-10 14:40:44,516 - INFO - Trial 93 finished with value: 1.0 and parameters: {'max_depth': 14, 'min_samples_split': 6, 'min_samples_leaf': 1, 'class_weight': None}. Best is trial 30 with value: 1.0.
2024-12-10 14:40:44,550 - INFO - Trial 94 finished with value: 1.0 and parameters: {'max_depth': 14, 'min_samples_split': 6, 'min_samples_leaf': 1, 'class_weight': None}. Best is trial 30 with value: 1.0.
2024-12-10 14:40:44,586 - INFO - Trial 95 finished with value: 1.0 and parameters: {'max_depth': 13, 'min_samples_split': 6, 'min_samples_leaf': 1, 'class_weight': None}. Best is trial 30 with value: 1.0.
2024-12-10 14:40:44,620 - INFO - Trial 96 finished with value: 1.0 and parameters: {'max_depth': 12, 'min_samples_split': 6, 'min_samples_leaf': 1, 'class_weight': None}. Best is trial 30 with value: 1.0.
2024-12-10 14:40:44,657 - INFO - Trial 97 finished with value: 0.9895833333333334 and parameters: {'max_depth': 13, 'min_samples_split': 6, 'min_samples_leaf': 1, 'class_weight': None}. Best is trial 30 with value: 1.0.
2024-12-10 14:40:44,693 - INFO - Trial 98 finished with value: 1.0 and parameters: {'max_depth': 14, 'min_samples_split': 6, 'min_samples_leaf': 1, 'class_weight': None}. Best is trial 30 with value: 1.0.
2024-12-10 14:40:44,726 - INFO - Trial 99 finished with value: 0.9946251129177958 and parameters: {'max_depth': 11, 'min_samples_split': 5, 'min_samples_leaf': 1, 'class_weight': None}. Best is trial 30 with value: 1.0.
2024-12-10 14:40:44,939 - INFO - A new study created in memory with name: no-name-eacb5cc0-1c4c-43c9-a55e-7bb47db14850
2024-12-10 14:40:47,064 - INFO - Trial 0 finished with value: 0.9946251129177958 and parameters: {'n_estimators': 254, 'max_depth': 6, 'learning_rate': 0.12081103984122221, 'subsample': 0.8433762055829448, 'colsample_bytree': 0.8167589353153367, 'scale_pos_weight': 1.9194923228404528}. Best is trial 0 with value: 0.9946251129177958.
2024-12-10 14:40:47,189 - INFO - Trial 1 finished with value: 1.0 and parameters: {'n_estimators': 234, 'max_depth': 8, 'learning_rate': 0.17820408447930772, 'subsample': 0.9679756949708089, 'colsample_bytree': 0.8586148484054709, 'scale_pos_weight': 1.547147964961962}. Best is trial 1 with value: 1.0.
2024-12-10 14:40:47,255 - INFO - Trial 2 finished with value: 1.0 and parameters: {'n_estimators': 80, 'max_depth': 8, 'learning_rate': 0.056407905692481955, 'subsample': 0.6357121917040568, 'colsample_bytree': 0.9415455630646357, 'scale_pos_weight': 1.2018267260654725}. Best is trial 1 with value: 1.0.
2024-12-10 14:40:47,398 - INFO - Trial 3 finished with value: 1.0 and parameters: {'n_estimators': 227, 'max_depth': 9, 'learning_rate': 0.02384863953709613, 'subsample': 0.6235505555636718, 'colsample_bytree': 0.8298638110717764, 'scale_pos_weight': 1.4190152711614092}. Best is trial 1 with value: 1.0.
2024-12-10 14:40:47,479 - INFO - Trial 4 finished with value: 0.9946251129177958 and parameters: {'n_estimators': 181, 'max_depth': 13, 'learning_rate': 0.2946981232435516, 'subsample': 0.6071773132676711, 'colsample_bytree': 0.5570123501056342, 'scale_pos_weight': 1.208003320630702}. Best is trial 1 with value: 1.0.
2024-12-10 14:40:47,535 - INFO - Trial 5 finished with value: 0.9946251129177958 and parameters: {'n_estimators': 70, 'max_depth': 15, 'learning_rate': 0.25385099227602775, 'subsample': 0.7474510011977953, 'colsample_bytree': 0.709417848492052, 'scale_pos_weight': 0.9487299173764577}. Best is trial 1 with value: 1.0.
2024-12-10 14:40:47,602 - INFO - Trial 6 finished with value: 1.0 and parameters: {'n_estimators': 76, 'max_depth': 10, 'learning_rate': 0.22783736555378048, 'subsample': 0.9635924496394981, 'colsample_bytree': 0.6466747662129999, 'scale_pos_weight': 1.6999090849357963}. Best is trial 1 with value: 1.0.
2024-12-10 14:40:47,692 - INFO - Trial 7 finished with value: 0.9946251129177958 and parameters: {'n_estimators': 186, 'max_depth': 7, 'learning_rate': 0.17730059194197917, 'subsample': 0.775372333529303, 'colsample_bytree': 0.7672908834385838, 'scale_pos_weight': 0.5854317027808388}. Best is trial 1 with value: 1.0.
2024-12-10 14:40:47,747 - INFO - Trial 8 finished with value: 0.9949377571191965 and parameters: {'n_estimators': 84, 'max_depth': 3, 'learning_rate': 0.03798401478589518, 'subsample': 0.5823340687909013, 'colsample_bytree': 0.6916202234241583, 'scale_pos_weight': 1.603221021801488}. Best is trial 1 with value: 1.0.
2024-12-10 14:40:47,894 - INFO - Trial 9 finished with value: 1.0 and parameters: {'n_estimators': 245, 'max_depth': 5, 'learning_rate': 0.023044755915472465, 'subsample': 0.7998811292405171, 'colsample_bytree': 0.8146784845304793, 'scale_pos_weight': 1.1123369988508673}. Best is trial 1 with value: 1.0.
2024-12-10 14:40:48,044 - INFO - Trial 10 finished with value: 0.9946251129177958 and parameters: {'n_estimators': 288, 'max_depth': 18, 'learning_rate': 0.12444195765104582, 'subsample': 0.9627795133952461, 'colsample_bytree': 0.9719283153680193, 'scale_pos_weight': 1.991694829929425}. Best is trial 1 with value: 1.0.
2024-12-10 14:40:48,149 - INFO - Trial 11 finished with value: 1.0 and parameters: {'n_estimators': 131, 'max_depth': 12, 'learning_rate': 0.08670609321855123, 'subsample': 0.6766299720692543, 'colsample_bytree': 0.9576851026144838, 'scale_pos_weight': 0.8608547244031381}. Best is trial 1 with value: 1.0.
2024-12-10 14:40:48,241 - INFO - Trial 12 finished with value: 0.9946251129177958 and parameters: {'n_estimators': 134, 'max_depth': 8, 'learning_rate': 0.18944228501073676, 'subsample': 0.5256152985404287, 'colsample_bytree': 0.9085100248804603, 'scale_pos_weight': 1.4703008224738832}. Best is trial 1 with value: 1.0.
2024-12-10 14:40:48,335 - INFO - Trial 13 finished with value: 1.0 and parameters: {'n_estimators': 133, 'max_depth': 3, 'learning_rate': 0.07121048878768457, 'subsample': 0.8772270652010766, 'colsample_bytree': 0.8735861383986038, 'scale_pos_weight': 1.334885609609832}. Best is trial 1 with value: 1.0.
2024-12-10 14:40:48,456 - INFO - Trial 14 finished with value: 0.9946251129177958 and parameters: {'n_estimators': 211, 'max_depth': 10, 'learning_rate': 0.14502055976014977, 'subsample': 0.7010236987470037, 'colsample_bytree': 0.909525754717605, 'scale_pos_weight': 1.712494837440135}. Best is trial 1 with value: 1.0.
2024-12-10 14:40:48,592 - INFO - Trial 15 finished with value: 0.9946251129177958 and parameters: {'n_estimators': 275, 'max_depth': 14, 'learning_rate': 0.2147140946659376, 'subsample': 0.5001795135436654, 'colsample_bytree': 0.9807872362398312, 'scale_pos_weight': 1.0251126736013132}. Best is trial 1 with value: 1.0.
2024-12-10 14:40:48,684 - INFO - Trial 16 finished with value: 1.0 and parameters: {'n_estimators': 115, 'max_depth': 16, 'learning_rate': 0.0890566041231935, 'subsample': 0.8889946547942775, 'colsample_bytree': 0.8851638858116979, 'scale_pos_weight': 0.6796513586869115}. Best is trial 1 with value: 1.0.
2024-12-10 14:40:48,747 - INFO - Trial 17 finished with value: 1.0 and parameters: {'n_estimators': 50, 'max_depth': 20, 'learning_rate': 0.16826447338153333, 'subsample': 0.7022622112570205, 'colsample_bytree': 0.7499269560155397, 'scale_pos_weight': 1.2819639706452413}. Best is trial 1 with value: 1.0.
2024-12-10 14:40:48,870 - INFO - Trial 18 finished with value: 0.9946251129177958 and parameters: {'n_estimators': 162, 'max_depth': 5, 'learning_rate': 0.05958065542218981, 'subsample': 0.9912028935806977, 'colsample_bytree': 0.93111853847728, 'scale_pos_weight': 1.5136745712166397}. Best is trial 1 with value: 1.0.
2024-12-10 14:40:48,994 - INFO - Trial 19 finished with value: 0.9946251129177958 and parameters: {'n_estimators': 205, 'max_depth': 11, 'learning_rate': 0.11217890520181069, 'subsample': 0.6587362096409568, 'colsample_bytree': 0.8586196171800565, 'scale_pos_weight': 1.8140854840149538}. Best is trial 1 with value: 1.0.
2024-12-10 14:40:49,086 - INFO - Trial 20 finished with value: 0.9946251129177958 and parameters: {'n_estimators': 153, 'max_depth': 8, 'learning_rate': 0.20661795792513715, 'subsample': 0.5548555699169504, 'colsample_bytree': 0.5356845760142066, 'scale_pos_weight': 0.8171741345124637}. Best is trial 1 with value: 1.0.
2024-12-10 14:40:49,254 - INFO - Trial 21 finished with value: 1.0 and parameters: {'n_estimators': 228, 'max_depth': 9, 'learning_rate': 0.01750258573672761, 'subsample': 0.6201075673196096, 'colsample_bytree': 0.827757317225996, 'scale_pos_weight': 1.3973149667964884}. Best is trial 1 with value: 1.0.
2024-12-10 14:40:49,425 - INFO - Trial 22 finished with value: 1.0 and parameters: {'n_estimators': 258, 'max_depth': 7, 'learning_rate': 0.04303450831831165, 'subsample': 0.6326417404591492, 'colsample_bytree': 0.7757485922473867, 'scale_pos_weight': 1.162488188353093}. Best is trial 1 with value: 1.0.
2024-12-10 14:40:49,549 - INFO - Trial 23 finished with value: 0.9946251129177958 and parameters: {'n_estimators': 224, 'max_depth': 11, 'learning_rate': 0.14129489438874887, 'subsample': 0.7324356843300092, 'colsample_bytree': 0.8428073616094889, 'scale_pos_weight': 1.5256554592148888}. Best is trial 1 with value: 1.0.
2024-12-10 14:40:49,712 - INFO - Trial 24 finished with value: 1.0 and parameters: {'n_estimators': 300, 'max_depth': 9, 'learning_rate': 0.05522516862360422, 'subsample': 0.5685035930880403, 'colsample_bytree': 0.927231747915692, 'scale_pos_weight': 1.3523299413600778}. Best is trial 1 with value: 1.0.
2024-12-10 14:40:49,854 - INFO - Trial 25 finished with value: 1.0 and parameters: {'n_estimators': 195, 'max_depth': 5, 'learning_rate': 0.0127263879513058, 'subsample': 0.8174279213130331, 'colsample_bytree': 0.7883926369955551, 'scale_pos_weight': 1.6033255807156361}. Best is trial 1 with value: 1.0.
2024-12-10 14:40:49,990 - INFO - Trial 26 finished with value: 0.9946251129177958 and parameters: {'n_estimators': 230, 'max_depth': 7, 'learning_rate': 0.09614405735804056, 'subsample': 0.9025565858828138, 'colsample_bytree': 0.9938209935572797, 'scale_pos_weight': 1.4175896412857425}. Best is trial 1 with value: 1.0.
2024-12-10 14:40:50,119 - INFO - Trial 27 finished with value: 1.0 and parameters: {'n_estimators': 267, 'max_depth': 12, 'learning_rate': 0.23709317650378497, 'subsample': 0.6552156897304277, 'colsample_bytree': 0.8859350605087634, 'scale_pos_weight': 1.107196353649771}. Best is trial 1 with value: 1.0.
2024-12-10 14:40:50,205 - INFO - Trial 28 finished with value: 0.9946251129177958 and parameters: {'n_estimators': 97, 'max_depth': 9, 'learning_rate': 0.0731265157150842, 'subsample': 0.7150116747507125, 'colsample_bytree': 0.7272110706167871, 'scale_pos_weight': 1.2758330508976325}. Best is trial 1 with value: 1.0.
2024-12-10 14:40:50,336 - INFO - Trial 29 finished with value: 0.9946251129177958 and parameters: {'n_estimators': 244, 'max_depth': 6, 'learning_rate': 0.12149328316942462, 'subsample': 0.8499713891282477, 'colsample_bytree': 0.8168178767866272, 'scale_pos_weight': 1.8201262267032885}. Best is trial 1 with value: 1.0.
2024-12-10 14:40:50,439 - INFO - Trial 30 finished with value: 0.9946251129177958 and parameters: {'n_estimators': 167, 'max_depth': 4, 'learning_rate': 0.16371518899866794, 'subsample': 0.5940171362977291, 'colsample_bytree': 0.9460475259372376, 'scale_pos_weight': 1.6165200103172355}. Best is trial 1 with value: 1.0.
2024-12-10 14:40:50,504 - INFO - Trial 31 finished with value: 0.9946251129177958 and parameters: {'n_estimators': 56, 'max_depth': 10, 'learning_rate': 0.24950004797623088, 'subsample': 0.946907499068759, 'colsample_bytree': 0.642748918699742, 'scale_pos_weight': 1.7678434530022582}. Best is trial 1 with value: 1.0.
2024-12-10 14:40:50,583 - INFO - Trial 32 finished with value: 0.9946251129177958 and parameters: {'n_estimators': 99, 'max_depth': 10, 'learning_rate': 0.27108111843105814, 'subsample': 0.9283701363496102, 'colsample_bytree': 0.6069872297214483, 'scale_pos_weight': 1.692348839969894}. Best is trial 1 with value: 1.0.
2024-12-10 14:40:50,654 - INFO - Trial 33 finished with value: 0.9946251129177958 and parameters: {'n_estimators': 72, 'max_depth': 13, 'learning_rate': 0.20911411919056505, 'subsample': 0.9926042058712934, 'colsample_bytree': 0.5041566974436663, 'scale_pos_weight': 1.8808578039174457}. Best is trial 1 with value: 1.0.
2024-12-10 14:40:50,741 - INFO - Trial 34 finished with value: 0.9946251129177958 and parameters: {'n_estimators': 114, 'max_depth': 8, 'learning_rate': 0.18907545277593768, 'subsample': 0.9216347629687971, 'colsample_bytree': 0.6822256057225756, 'scale_pos_weight': 1.4743998870315975}. Best is trial 1 with value: 1.0.
2024-12-10 14:40:50,882 - INFO - Trial 35 finished with value: 0.9946251129177958 and parameters: {'n_estimators': 76, 'max_depth': 6, 'learning_rate': 0.28064645307575015, 'subsample': 0.9621435428312209, 'colsample_bytree': 0.5963188283687748, 'scale_pos_weight': 1.2173493700999698}. Best is trial 1 with value: 1.0.
2024-12-10 14:40:51,057 - INFO - Trial 36 finished with value: 1.0 and parameters: {'n_estimators': 188, 'max_depth': 8, 'learning_rate': 0.032808220541973084, 'subsample': 0.8434789168671678, 'colsample_bytree': 0.6662924704940512, 'scale_pos_weight': 1.6612875431387732}. Best is trial 1 with value: 1.0.
2024-12-10 14:40:51,187 - INFO - Trial 37 finished with value: 0.9946251129177958 and parameters: {'n_estimators': 211, 'max_depth': 13, 'learning_rate': 0.2224026904945252, 'subsample': 0.7634177473107481, 'colsample_bytree': 0.7983288581677263, 'scale_pos_weight': 1.5369326017785936}. Best is trial 1 with value: 1.0.
2024-12-10 14:40:51,266 - INFO - Trial 38 finished with value: 0.9946251129177958 and parameters: {'n_estimators': 87, 'max_depth': 10, 'learning_rate': 0.23287713295344895, 'subsample': 0.63676136453581, 'colsample_bytree': 0.7185951393076674, 'scale_pos_weight': 1.9881928751460591}. Best is trial 1 with value: 1.0.
2024-12-10 14:40:51,339 - INFO - Trial 39 finished with value: 0.9946251129177958 and parameters: {'n_estimators': 62, 'max_depth': 7, 'learning_rate': 0.18182436503112262, 'subsample': 0.5388118447526112, 'colsample_bytree': 0.749881154150031, 'scale_pos_weight': 1.010322921754365}. Best is trial 1 with value: 1.0.
2024-12-10 14:40:51,513 - INFO - Trial 40 finished with value: 1.0 and parameters: {'n_estimators': 246, 'max_depth': 11, 'learning_rate': 0.04650656077484602, 'subsample': 0.7960523080287112, 'colsample_bytree': 0.8384776053740712, 'scale_pos_weight': 1.3731955146531807}. Best is trial 1 with value: 1.0.
2024-12-10 14:40:51,687 - INFO - Trial 41 finished with value: 1.0 and parameters: {'n_estimators': 275, 'max_depth': 5, 'learning_rate': 0.03150779227321373, 'subsample': 0.869478778564351, 'colsample_bytree': 0.7962831163029276, 'scale_pos_weight': 1.114316585930586}. Best is trial 1 with value: 1.0.
2024-12-10 14:40:51,865 - INFO - Trial 42 finished with value: 1.0 and parameters: {'n_estimators': 248, 'max_depth': 4, 'learning_rate': 0.02325953743919832, 'subsample': 0.7914659637347585, 'colsample_bytree': 0.8713000720776295, 'scale_pos_weight': 1.1825281345939698}. Best is trial 1 with value: 1.0.
2024-12-10 14:40:52,012 - INFO - Trial 43 finished with value: 0.9946251129177958 and parameters: {'n_estimators': 236, 'max_depth': 6, 'learning_rate': 0.1055064539293436, 'subsample': 0.6051604259211733, 'colsample_bytree': 0.9116918645886919, 'scale_pos_weight': 0.9162697408761813}. Best is trial 1 with value: 1.0.
2024-12-10 14:40:52,129 - INFO - Trial 44 finished with value: 0.9946251129177958 and parameters: {'n_estimators': 219, 'max_depth': 9, 'learning_rate': 0.29965732296488246, 'subsample': 0.6752879850108721, 'colsample_bytree': 0.8593027228970217, 'scale_pos_weight': 1.295734879247982}. Best is trial 1 with value: 1.0.
2024-12-10 14:40:52,286 - INFO - Trial 45 finished with value: 1.0 and parameters: {'n_estimators': 261, 'max_depth': 8, 'learning_rate': 0.07415504941004143, 'subsample': 0.9609173632294107, 'colsample_bytree': 0.9627524764126253, 'scale_pos_weight': 1.0519304727621734}. Best is trial 1 with value: 1.0.
2024-12-10 14:40:52,384 - INFO - Trial 46 finished with value: 0.9946251129177958 and parameters: {'n_estimators': 148, 'max_depth': 3, 'learning_rate': 0.1389418522739625, 'subsample': 0.7334463464317755, 'colsample_bytree': 0.8115660345400904, 'scale_pos_weight': 1.4516491761089914}. Best is trial 1 with value: 1.0.
2024-12-10 14:40:52,519 - INFO - Trial 47 finished with value: 1.0 and parameters: {'n_estimators': 201, 'max_depth': 15, 'learning_rate': 0.05963370823026827, 'subsample': 0.9113720585590385, 'colsample_bytree': 0.8914554906672484, 'scale_pos_weight': 0.7562705486209487}. Best is trial 1 with value: 1.0.
2024-12-10 14:40:52,608 - INFO - Trial 48 finished with value: 0.9946251129177958 and parameters: {'n_estimators': 118, 'max_depth': 4, 'learning_rate': 0.19859280996546563, 'subsample': 0.9844550721175644, 'colsample_bytree': 0.7393981643210262, 'scale_pos_weight': 0.5179592208346336}. Best is trial 1 with value: 1.0.
2024-12-10 14:40:52,741 - INFO - Trial 49 finished with value: 1.0 and parameters: {'n_estimators': 175, 'max_depth': 7, 'learning_rate': 0.02054931696075926, 'subsample': 0.9398647506952987, 'colsample_bytree': 0.7724099640495257, 'scale_pos_weight': 0.9748215668737894}. Best is trial 1 with value: 1.0.
2024-12-10 14:40:52,885 - INFO - Trial 50 finished with value: 0.9946251129177958 and parameters: {'n_estimators': 276, 'max_depth': 12, 'learning_rate': 0.15493886262417012, 'subsample': 0.824024735763769, 'colsample_bytree': 0.8395908004215598, 'scale_pos_weight': 1.2432945310972028}. Best is trial 1 with value: 1.0.
2024-12-10 14:40:52,993 - INFO - Trial 51 finished with value: 1.0 and parameters: {'n_estimators': 131, 'max_depth': 13, 'learning_rate': 0.08494338299765125, 'subsample': 0.6923119940261222, 'colsample_bytree': 0.9349979484198154, 'scale_pos_weight': 0.8805636340375448}. Best is trial 1 with value: 1.0.
2024-12-10 14:40:53,083 - INFO - Trial 52 finished with value: 1.0 and parameters: {'n_estimators': 88, 'max_depth': 11, 'learning_rate': 0.04723998356141608, 'subsample': 0.6598938031961971, 'colsample_bytree': 0.9525510009897663, 'scale_pos_weight': 0.7444954978726386}. Best is trial 1 with value: 1.0.
2024-12-10 14:40:53,164 - INFO - Trial 53 finished with value: 0.9946251129177958 and parameters: {'n_estimators': 63, 'max_depth': 10, 'learning_rate': 0.010997639611439616, 'subsample': 0.6334569343753008, 'colsample_bytree': 0.9936199785096372, 'scale_pos_weight': 1.5646431507953071}. Best is trial 1 with value: 1.0.
