2025-02-02 17:07:56,753 - INFO - Trial 681 finished with value: 0.8818181818181818 and parameters: {'max_depth': 17, 'min_samples_split': 5, 'min_samples_leaf': 2, 'class_weight': None}. Best is trial 49 with value: 0.9396135265700484.
2025-02-02 17:07:56,782 - INFO - Trial 682 finished with value: 0.9396135265700484 and parameters: {'max_depth': 3, 'min_samples_split': 6, 'min_samples_leaf': 2, 'class_weight': None}. Best is trial 49 with value: 0.9396135265700484.
2025-02-02 17:07:56,810 - INFO - Trial 683 finished with value: 0.8188405797101449 and parameters: {'max_depth': 14, 'min_samples_split': 2, 'min_samples_leaf': 2, 'class_weight': None}. Best is trial 49 with value: 0.9396135265700484.
2025-02-02 17:07:56,837 - INFO - Trial 684 finished with value: 0.9105263157894736 and parameters: {'max_depth': 5, 'min_samples_split': 4, 'min_samples_leaf': 2, 'class_weight': None}. Best is trial 49 with value: 0.9396135265700484.
2025-02-02 17:07:56,870 - INFO - Trial 685 finished with value: 0.9396135265700484 and parameters: {'max_depth': 16, 'min_samples_split': 5, 'min_samples_leaf': 2, 'class_weight': None}. Best is trial 49 with value: 0.9396135265700484.
2025-02-02 17:07:56,908 - INFO - Trial 686 finished with value: 0.8818181818181818 and parameters: {'max_depth': 4, 'min_samples_split': 5, 'min_samples_leaf': 2, 'class_weight': None}. Best is trial 49 with value: 0.9396135265700484.
2025-02-02 17:07:56,947 - INFO - Trial 687 finished with value: 0.7912280701754386 and parameters: {'max_depth': 15, 'min_samples_split': 5, 'min_samples_leaf': 2, 'class_weight': None}. Best is trial 49 with value: 0.9396135265700484.
2025-02-02 17:07:56,979 - INFO - Trial 688 finished with value: 0.8188405797101449 and parameters: {'max_depth': 19, 'min_samples_split': 3, 'min_samples_leaf': 2, 'class_weight': None}. Best is trial 49 with value: 0.9396135265700484.
2025-02-02 17:07:57,012 - INFO - Trial 689 finished with value: 0.9396135265700484 and parameters: {'max_depth': 3, 'min_samples_split': 7, 'min_samples_leaf': 2, 'class_weight': None}. Best is trial 49 with value: 0.9396135265700484.
2025-02-02 17:07:57,048 - INFO - Trial 690 finished with value: 0.8188405797101449 and parameters: {'max_depth': 3, 'min_samples_split': 2, 'min_samples_leaf': 2, 'class_weight': None}. Best is trial 49 with value: 0.9396135265700484.
2025-02-02 17:07:57,090 - INFO - Trial 691 finished with value: 0.7912280701754386 and parameters: {'max_depth': 15, 'min_samples_split': 5, 'min_samples_leaf': 2, 'class_weight': None}. Best is trial 49 with value: 0.9396135265700484.
2025-02-02 17:07:57,134 - INFO - Trial 692 finished with value: 0.8188405797101449 and parameters: {'max_depth': 17, 'min_samples_split': 5, 'min_samples_leaf': 2, 'class_weight': None}. Best is trial 49 with value: 0.9396135265700484.
2025-02-02 17:07:57,174 - INFO - Trial 693 finished with value: 0.7912280701754386 and parameters: {'max_depth': 16, 'min_samples_split': 2, 'min_samples_leaf': 2, 'class_weight': None}. Best is trial 49 with value: 0.9396135265700484.
2025-02-02 17:07:57,208 - INFO - Trial 694 finished with value: 0.7912280701754386 and parameters: {'max_depth': 4, 'min_samples_split': 5, 'min_samples_leaf': 2, 'class_weight': None}. Best is trial 49 with value: 0.9396135265700484.
2025-02-02 17:07:57,243 - INFO - Trial 695 finished with value: 0.9396135265700484 and parameters: {'max_depth': 3, 'min_samples_split': 4, 'min_samples_leaf': 2, 'class_weight': None}. Best is trial 49 with value: 0.9396135265700484.
2025-02-02 17:07:57,284 - INFO - Trial 696 finished with value: 0.9105263157894736 and parameters: {'max_depth': 16, 'min_samples_split': 5, 'min_samples_leaf': 2, 'class_weight': None}. Best is trial 49 with value: 0.9396135265700484.
2025-02-02 17:07:57,315 - INFO - Trial 697 finished with value: 0.8188405797101449 and parameters: {'max_depth': 3, 'min_samples_split': 5, 'min_samples_leaf': 2, 'class_weight': None}. Best is trial 49 with value: 0.9396135265700484.
2025-02-02 17:07:57,345 - INFO - Trial 698 finished with value: 0.8188405797101449 and parameters: {'max_depth': 4, 'min_samples_split': 3, 'min_samples_leaf': 2, 'class_weight': None}. Best is trial 49 with value: 0.9396135265700484.
2025-02-02 17:07:57,375 - INFO - Trial 699 finished with value: 0.8818181818181818 and parameters: {'max_depth': 15, 'min_samples_split': 6, 'min_samples_leaf': 2, 'class_weight': 'balanced'}. Best is trial 49 with value: 0.9396135265700484.
2025-02-02 17:07:57,407 - INFO - Trial 700 finished with value: 0.9375 and parameters: {'max_depth': 17, 'min_samples_split': 5, 'min_samples_leaf': 4, 'class_weight': None}. Best is trial 49 with value: 0.9396135265700484.
2025-02-02 17:07:57,436 - INFO - Trial 701 finished with value: 0.8188405797101449 and parameters: {'max_depth': 14, 'min_samples_split': 2, 'min_samples_leaf': 2, 'class_weight': None}. Best is trial 49 with value: 0.9396135265700484.
2025-02-02 17:07:57,465 - INFO - Trial 702 finished with value: 0.8818181818181818 and parameters: {'max_depth': 16, 'min_samples_split': 5, 'min_samples_leaf': 2, 'class_weight': None}. Best is trial 49 with value: 0.9396135265700484.
2025-02-02 17:07:57,500 - INFO - Trial 703 finished with value: 0.9396135265700484 and parameters: {'max_depth': 3, 'min_samples_split': 5, 'min_samples_leaf': 2, 'class_weight': None}. Best is trial 49 with value: 0.9396135265700484.
2025-02-02 17:07:57,533 - INFO - Trial 704 finished with value: 0.9396135265700484 and parameters: {'max_depth': 3, 'min_samples_split': 2, 'min_samples_leaf': 2, 'class_weight': None}. Best is trial 49 with value: 0.9396135265700484.
2025-02-02 17:07:57,574 - INFO - Trial 705 finished with value: 0.9105263157894736 and parameters: {'max_depth': 15, 'min_samples_split': 5, 'min_samples_leaf': 2, 'class_weight': None}. Best is trial 49 with value: 0.9396135265700484.
2025-02-02 17:07:57,625 - INFO - Trial 706 finished with value: 0.8818181818181818 and parameters: {'max_depth': 16, 'min_samples_split': 3, 'min_samples_leaf': 2, 'class_weight': None}. Best is trial 49 with value: 0.9396135265700484.
2025-02-02 17:07:57,668 - INFO - Trial 707 finished with value: 0.7912280701754386 and parameters: {'max_depth': 4, 'min_samples_split': 5, 'min_samples_leaf': 2, 'class_weight': None}. Best is trial 49 with value: 0.9396135265700484.
2025-02-02 17:07:57,711 - INFO - Trial 708 finished with value: 0.8188405797101449 and parameters: {'max_depth': 3, 'min_samples_split': 4, 'min_samples_leaf': 2, 'class_weight': None}. Best is trial 49 with value: 0.9396135265700484.
2025-02-02 17:07:57,753 - INFO - Trial 709 finished with value: 0.8818181818181818 and parameters: {'max_depth': 15, 'min_samples_split': 6, 'min_samples_leaf': 2, 'class_weight': None}. Best is trial 49 with value: 0.9396135265700484.
2025-02-02 17:07:57,796 - INFO - Trial 710 finished with value: 0.8188405797101449 and parameters: {'max_depth': 18, 'min_samples_split': 5, 'min_samples_leaf': 2, 'class_weight': None}. Best is trial 49 with value: 0.9396135265700484.
2025-02-02 17:07:57,831 - INFO - Trial 711 finished with value: 0.8188405797101449 and parameters: {'max_depth': 9, 'min_samples_split': 2, 'min_samples_leaf': 2, 'class_weight': None}. Best is trial 49 with value: 0.9396135265700484.
2025-02-02 17:07:57,862 - INFO - Trial 712 finished with value: 0.8818181818181818 and parameters: {'max_depth': 17, 'min_samples_split': 5, 'min_samples_leaf': 2, 'class_weight': None}. Best is trial 49 with value: 0.9396135265700484.
2025-02-02 17:07:57,896 - INFO - Trial 713 finished with value: 0.8188405797101449 and parameters: {'max_depth': 3, 'min_samples_split': 3, 'min_samples_leaf': 2, 'class_weight': None}. Best is trial 49 with value: 0.9396135265700484.
2025-02-02 17:07:57,933 - INFO - Trial 714 finished with value: 0.8818181818181818 and parameters: {'max_depth': 16, 'min_samples_split': 5, 'min_samples_leaf': 2, 'class_weight': None}. Best is trial 49 with value: 0.9396135265700484.
2025-02-02 17:07:57,965 - INFO - Trial 715 finished with value: 0.8188405797101449 and parameters: {'max_depth': 13, 'min_samples_split': 2, 'min_samples_leaf': 2, 'class_weight': 'balanced'}. Best is trial 49 with value: 0.9396135265700484.
2025-02-02 17:07:57,994 - INFO - Trial 716 finished with value: 0.9105263157894736 and parameters: {'max_depth': 15, 'min_samples_split': 7, 'min_samples_leaf': 2, 'class_weight': None}. Best is trial 49 with value: 0.9396135265700484.
2025-02-02 17:07:58,024 - INFO - Trial 717 finished with value: 0.9080100125156445 and parameters: {'max_depth': 4, 'min_samples_split': 5, 'min_samples_leaf': 1, 'class_weight': None}. Best is trial 49 with value: 0.9396135265700484.
2025-02-02 17:07:58,053 - INFO - Trial 718 finished with value: 0.8188405797101449 and parameters: {'max_depth': 11, 'min_samples_split': 5, 'min_samples_leaf': 2, 'class_weight': None}. Best is trial 49 with value: 0.9396135265700484.
2025-02-02 17:07:58,083 - INFO - Trial 719 finished with value: 0.8188405797101449 and parameters: {'max_depth': 3, 'min_samples_split': 5, 'min_samples_leaf': 2, 'class_weight': None}. Best is trial 49 with value: 0.9396135265700484.
2025-02-02 17:07:58,115 - INFO - Trial 720 finished with value: 0.7912280701754386 and parameters: {'max_depth': 16, 'min_samples_split': 2, 'min_samples_leaf': 2, 'class_weight': None}. Best is trial 49 with value: 0.9396135265700484.
2025-02-02 17:07:58,151 - INFO - Trial 721 finished with value: 0.9396135265700484 and parameters: {'max_depth': 3, 'min_samples_split': 4, 'min_samples_leaf': 2, 'class_weight': None}. Best is trial 49 with value: 0.9396135265700484.
2025-02-02 17:07:58,184 - INFO - Trial 722 finished with value: 0.9080100125156445 and parameters: {'max_depth': 14, 'min_samples_split': 5, 'min_samples_leaf': 3, 'class_weight': None}. Best is trial 49 with value: 0.9396135265700484.
2025-02-02 17:07:58,215 - INFO - Trial 723 finished with value: 0.8818181818181818 and parameters: {'max_depth': 17, 'min_samples_split': 6, 'min_samples_leaf': 2, 'class_weight': None}. Best is trial 49 with value: 0.9396135265700484.
2025-02-02 17:07:58,250 - INFO - Trial 724 finished with value: 0.9396135265700484 and parameters: {'max_depth': 15, 'min_samples_split': 3, 'min_samples_leaf': 2, 'class_weight': None}. Best is trial 49 with value: 0.9396135265700484.
2025-02-02 17:07:58,285 - INFO - Trial 725 finished with value: 0.8188405797101449 and parameters: {'max_depth': 16, 'min_samples_split': 2, 'min_samples_leaf': 2, 'class_weight': None}. Best is trial 49 with value: 0.9396135265700484.
2025-02-02 17:07:58,314 - INFO - Trial 726 finished with value: 0.9396135265700484 and parameters: {'max_depth': 5, 'min_samples_split': 5, 'min_samples_leaf': 2, 'class_weight': None}. Best is trial 49 with value: 0.9396135265700484.
2025-02-02 17:07:58,343 - INFO - Trial 727 finished with value: 0.9396135265700484 and parameters: {'max_depth': 3, 'min_samples_split': 5, 'min_samples_leaf': 2, 'class_weight': None}. Best is trial 49 with value: 0.9396135265700484.
2025-02-02 17:07:58,375 - INFO - Trial 728 finished with value: 0.8818181818181818 and parameters: {'max_depth': 4, 'min_samples_split': 4, 'min_samples_leaf': 2, 'class_weight': None}. Best is trial 49 with value: 0.9396135265700484.
2025-02-02 17:07:58,411 - INFO - Trial 729 finished with value: 0.8188405797101449 and parameters: {'max_depth': 3, 'min_samples_split': 5, 'min_samples_leaf': 2, 'class_weight': None}. Best is trial 49 with value: 0.9396135265700484.
2025-02-02 17:07:58,454 - INFO - Trial 730 finished with value: 0.8188405797101449 and parameters: {'max_depth': 17, 'min_samples_split': 5, 'min_samples_leaf': 2, 'class_weight': None}. Best is trial 49 with value: 0.9396135265700484.
2025-02-02 17:07:58,489 - INFO - Trial 731 finished with value: 0.8818181818181818 and parameters: {'max_depth': 16, 'min_samples_split': 2, 'min_samples_leaf': 2, 'class_weight': None}. Best is trial 49 with value: 0.9396135265700484.
2025-02-02 17:07:58,526 - INFO - Trial 732 finished with value: 0.7912280701754386 and parameters: {'max_depth': 14, 'min_samples_split': 5, 'min_samples_leaf': 2, 'class_weight': None}. Best is trial 49 with value: 0.9396135265700484.
2025-02-02 17:07:58,561 - INFO - Trial 733 finished with value: 0.8818181818181818 and parameters: {'max_depth': 15, 'min_samples_split': 3, 'min_samples_leaf': 2, 'class_weight': None}. Best is trial 49 with value: 0.9396135265700484.
2025-02-02 17:07:58,605 - INFO - Trial 734 finished with value: 0.8818181818181818 and parameters: {'max_depth': 3, 'min_samples_split': 5, 'min_samples_leaf': 2, 'class_weight': 'balanced'}. Best is trial 49 with value: 0.9396135265700484.
2025-02-02 17:07:58,645 - INFO - Trial 735 finished with value: 0.8188405797101449 and parameters: {'max_depth': 4, 'min_samples_split': 6, 'min_samples_leaf': 2, 'class_weight': None}. Best is trial 49 with value: 0.9396135265700484.
2025-02-02 17:07:58,677 - INFO - Trial 736 finished with value: 0.9105263157894736 and parameters: {'max_depth': 12, 'min_samples_split': 2, 'min_samples_leaf': 2, 'class_weight': None}. Best is trial 49 with value: 0.9396135265700484.
2025-02-02 17:07:58,708 - INFO - Trial 737 finished with value: 0.7912280701754386 and parameters: {'max_depth': 18, 'min_samples_split': 5, 'min_samples_leaf': 2, 'class_weight': None}. Best is trial 49 with value: 0.9396135265700484.
2025-02-02 17:07:58,742 - INFO - Trial 738 finished with value: 0.9396135265700484 and parameters: {'max_depth': 3, 'min_samples_split': 5, 'min_samples_leaf': 2, 'class_weight': None}. Best is trial 49 with value: 0.9396135265700484.
2025-02-02 17:07:58,775 - INFO - Trial 739 finished with value: 0.8188405797101449 and parameters: {'max_depth': 15, 'min_samples_split': 4, 'min_samples_leaf': 2, 'class_weight': None}. Best is trial 49 with value: 0.9396135265700484.
2025-02-02 17:07:58,809 - INFO - Trial 740 finished with value: 0.9396135265700484 and parameters: {'max_depth': 16, 'min_samples_split': 5, 'min_samples_leaf': 2, 'class_weight': None}. Best is trial 49 with value: 0.9396135265700484.
2025-02-02 17:07:58,846 - INFO - Trial 741 finished with value: 0.8188405797101449 and parameters: {'max_depth': 17, 'min_samples_split': 2, 'min_samples_leaf': 2, 'class_weight': None}. Best is trial 49 with value: 0.9396135265700484.
2025-02-02 17:07:58,882 - INFO - Trial 742 finished with value: 0.9396135265700484 and parameters: {'max_depth': 3, 'min_samples_split': 3, 'min_samples_leaf': 2, 'class_weight': None}. Best is trial 49 with value: 0.9396135265700484.
2025-02-02 17:07:58,918 - INFO - Trial 743 finished with value: 0.9396135265700484 and parameters: {'max_depth': 16, 'min_samples_split': 5, 'min_samples_leaf': 2, 'class_weight': None}. Best is trial 49 with value: 0.9396135265700484.
2025-02-02 17:07:58,952 - INFO - Trial 744 finished with value: 0.8188405797101449 and parameters: {'max_depth': 4, 'min_samples_split': 2, 'min_samples_leaf': 2, 'class_weight': None}. Best is trial 49 with value: 0.9396135265700484.
2025-02-02 17:07:58,990 - INFO - Trial 745 finished with value: 0.8188405797101449 and parameters: {'max_depth': 14, 'min_samples_split': 5, 'min_samples_leaf': 2, 'class_weight': None}. Best is trial 49 with value: 0.9396135265700484.
2025-02-02 17:07:59,028 - INFO - Trial 746 finished with value: 0.8188405797101449 and parameters: {'max_depth': 3, 'min_samples_split': 4, 'min_samples_leaf': 2, 'class_weight': None}. Best is trial 49 with value: 0.9396135265700484.
2025-02-02 17:07:59,072 - INFO - Trial 747 finished with value: 0.8818181818181818 and parameters: {'max_depth': 19, 'min_samples_split': 5, 'min_samples_leaf': 2, 'class_weight': None}. Best is trial 49 with value: 0.9396135265700484.
2025-02-02 17:07:59,121 - INFO - Trial 748 finished with value: 0.9105263157894736 and parameters: {'max_depth': 8, 'min_samples_split': 5, 'min_samples_leaf': 2, 'class_weight': None}. Best is trial 49 with value: 0.9396135265700484.
2025-02-02 17:07:59,162 - INFO - Trial 749 finished with value: 0.7912280701754386 and parameters: {'max_depth': 15, 'min_samples_split': 5, 'min_samples_leaf': 2, 'class_weight': None}. Best is trial 49 with value: 0.9396135265700484.
2025-02-02 17:07:59,198 - INFO - Trial 750 finished with value: 0.9105263157894736 and parameters: {'max_depth': 16, 'min_samples_split': 2, 'min_samples_leaf': 2, 'class_weight': None}. Best is trial 49 with value: 0.9396135265700484.
2025-02-02 17:07:59,235 - INFO - Trial 751 finished with value: 0.8188405797101449 and parameters: {'max_depth': 6, 'min_samples_split': 6, 'min_samples_leaf': 2, 'class_weight': None}. Best is trial 49 with value: 0.9396135265700484.
2025-02-02 17:07:59,273 - INFO - Trial 752 finished with value: 0.8818181818181818 and parameters: {'max_depth': 13, 'min_samples_split': 5, 'min_samples_leaf': 2, 'class_weight': None}. Best is trial 49 with value: 0.9396135265700484.
2025-02-02 17:07:59,318 - INFO - Trial 753 finished with value: 0.8188405797101449 and parameters: {'max_depth': 3, 'min_samples_split': 3, 'min_samples_leaf': 2, 'class_weight': 'balanced'}. Best is trial 49 with value: 0.9396135265700484.
2025-02-02 17:07:59,351 - INFO - Trial 754 finished with value: 0.8188405797101449 and parameters: {'max_depth': 4, 'min_samples_split': 5, 'min_samples_leaf': 2, 'class_weight': None}. Best is trial 49 with value: 0.9396135265700484.
2025-02-02 17:07:59,383 - INFO - Trial 755 finished with value: 0.9105263157894736 and parameters: {'max_depth': 17, 'min_samples_split': 5, 'min_samples_leaf': 2, 'class_weight': None}. Best is trial 49 with value: 0.9396135265700484.
2025-02-02 17:07:59,418 - INFO - Trial 756 finished with value: 0.8188405797101449 and parameters: {'max_depth': 3, 'min_samples_split': 2, 'min_samples_leaf': 2, 'class_weight': None}. Best is trial 49 with value: 0.9396135265700484.
2025-02-02 17:07:59,456 - INFO - Trial 757 finished with value: 0.7912280701754386 and parameters: {'max_depth': 16, 'min_samples_split': 5, 'min_samples_leaf': 2, 'class_weight': None}. Best is trial 49 with value: 0.9396135265700484.
2025-02-02 17:07:59,494 - INFO - Trial 758 finished with value: 0.9396135265700484 and parameters: {'max_depth': 15, 'min_samples_split': 4, 'min_samples_leaf': 2, 'class_weight': None}. Best is trial 49 with value: 0.9396135265700484.
2025-02-02 17:07:59,530 - INFO - Trial 759 finished with value: 0.8188405797101449 and parameters: {'max_depth': 3, 'min_samples_split': 3, 'min_samples_leaf': 2, 'class_weight': None}. Best is trial 49 with value: 0.9396135265700484.
2025-02-02 17:07:59,565 - INFO - Trial 760 finished with value: 0.9396135265700484 and parameters: {'max_depth': 4, 'min_samples_split': 5, 'min_samples_leaf': 2, 'class_weight': None}. Best is trial 49 with value: 0.9396135265700484.
2025-02-02 17:07:59,599 - INFO - Trial 761 finished with value: 0.9105263157894736 and parameters: {'max_depth': 15, 'min_samples_split': 2, 'min_samples_leaf': 2, 'class_weight': None}. Best is trial 49 with value: 0.9396135265700484.
2025-02-02 17:07:59,634 - INFO - Trial 762 finished with value: 0.9105263157894736 and parameters: {'max_depth': 17, 'min_samples_split': 5, 'min_samples_leaf': 2, 'class_weight': None}. Best is trial 49 with value: 0.9396135265700484.
2025-02-02 17:07:59,667 - INFO - Trial 763 finished with value: 0.9396135265700484 and parameters: {'max_depth': 3, 'min_samples_split': 6, 'min_samples_leaf': 2, 'class_weight': None}. Best is trial 49 with value: 0.9396135265700484.
2025-02-02 17:07:59,706 - INFO - Trial 764 finished with value: 0.8188405797101449 and parameters: {'max_depth': 16, 'min_samples_split': 5, 'min_samples_leaf': 2, 'class_weight': None}. Best is trial 49 with value: 0.9396135265700484.
2025-02-02 17:07:59,742 - INFO - Trial 765 finished with value: 0.9396135265700484 and parameters: {'max_depth': 3, 'min_samples_split': 4, 'min_samples_leaf': 2, 'class_weight': None}. Best is trial 49 with value: 0.9396135265700484.
2025-02-02 17:07:59,774 - INFO - Trial 766 finished with value: 0.8188405797101449 and parameters: {'max_depth': 15, 'min_samples_split': 2, 'min_samples_leaf': 2, 'class_weight': None}. Best is trial 49 with value: 0.9396135265700484.
2025-02-02 17:07:59,806 - INFO - Trial 767 finished with value: 0.7912280701754386 and parameters: {'max_depth': 16, 'min_samples_split': 5, 'min_samples_leaf': 2, 'class_weight': None}. Best is trial 49 with value: 0.9396135265700484.
2025-02-02 17:07:59,839 - INFO - Trial 768 finished with value: 0.8188405797101449 and parameters: {'max_depth': 14, 'min_samples_split': 5, 'min_samples_leaf': 2, 'class_weight': None}. Best is trial 49 with value: 0.9396135265700484.
2025-02-02 17:07:59,875 - INFO - Trial 769 finished with value: 0.8818181818181818 and parameters: {'max_depth': 4, 'min_samples_split': 2, 'min_samples_leaf': 2, 'class_weight': None}. Best is trial 49 with value: 0.9396135265700484.
2025-02-02 17:07:59,911 - INFO - Trial 770 finished with value: 0.9396135265700484 and parameters: {'max_depth': 3, 'min_samples_split': 3, 'min_samples_leaf': 2, 'class_weight': None}. Best is trial 49 with value: 0.9396135265700484.
2025-02-02 17:07:59,950 - INFO - Trial 771 finished with value: 0.8818181818181818 and parameters: {'max_depth': 16, 'min_samples_split': 5, 'min_samples_leaf': 2, 'class_weight': None}. Best is trial 49 with value: 0.9396135265700484.
2025-02-02 17:07:59,983 - INFO - Trial 772 finished with value: 0.8188405797101449 and parameters: {'max_depth': 3, 'min_samples_split': 5, 'min_samples_leaf': 2, 'class_weight': 'balanced'}. Best is trial 49 with value: 0.9396135265700484.
2025-02-02 17:08:00,018 - INFO - Trial 773 finished with value: 0.7912280701754386 and parameters: {'max_depth': 17, 'min_samples_split': 5, 'min_samples_leaf': 2, 'class_weight': None}. Best is trial 49 with value: 0.9396135265700484.
