2025-02-02 17:08:49,992 - INFO - Trial 574 finished with value: 0.7853566958698374 and parameters: {'n_estimators': 191, 'max_depth': 13, 'learning_rate': 0.15571338614723707, 'subsample': 0.9743575244551835}. Best is trial 84 with value: 0.9080100125156445.
2025-02-02 17:08:50,104 - INFO - Trial 575 finished with value: 0.846683354192741 and parameters: {'n_estimators': 96, 'max_depth': 15, 'learning_rate': 0.183486955095249, 'subsample': 0.695285165799117}. Best is trial 84 with value: 0.9080100125156445.
2025-02-02 17:08:50,210 - INFO - Trial 576 finished with value: 0.8125 and parameters: {'n_estimators': 101, 'max_depth': 12, 'learning_rate': 0.18840164857280794, 'subsample': 0.7577528614069691}. Best is trial 84 with value: 0.9080100125156445.
2025-02-02 17:08:50,303 - INFO - Trial 577 finished with value: 0.8125 and parameters: {'n_estimators': 86, 'max_depth': 8, 'learning_rate': 0.17269421898756518, 'subsample': 0.7412428043071279}. Best is trial 84 with value: 0.9080100125156445.
2025-02-02 17:08:50,395 - INFO - Trial 578 finished with value: 0.7853566958698374 and parameters: {'n_estimators': 71, 'max_depth': 10, 'learning_rate': 0.16232706678020836, 'subsample': 0.7096871392575823}. Best is trial 84 with value: 0.9080100125156445.
2025-02-02 17:08:50,490 - INFO - Trial 579 finished with value: 0.8125 and parameters: {'n_estimators': 80, 'max_depth': 11, 'learning_rate': 0.16906387737335044, 'subsample': 0.7253778735310134}. Best is trial 84 with value: 0.9080100125156445.
2025-02-02 17:08:50,599 - INFO - Trial 580 finished with value: 0.875 and parameters: {'n_estimators': 92, 'max_depth': 13, 'learning_rate': 0.18212142333238457, 'subsample': 0.7483073157686088}. Best is trial 84 with value: 0.9080100125156445.
2025-02-02 17:08:50,704 - INFO - Trial 581 finished with value: 0.8125 and parameters: {'n_estimators': 76, 'max_depth': 6, 'learning_rate': 0.1758520536924216, 'subsample': 0.7702813852523418}. Best is trial 84 with value: 0.9080100125156445.
2025-02-02 17:08:50,806 - INFO - Trial 582 finished with value: 0.846683354192741 and parameters: {'n_estimators': 87, 'max_depth': 16, 'learning_rate': 0.19436430405293922, 'subsample': 0.7335514820214276}. Best is trial 84 with value: 0.9080100125156445.
2025-02-02 17:08:50,925 - INFO - Trial 583 finished with value: 0.846683354192741 and parameters: {'n_estimators': 152, 'max_depth': 14, 'learning_rate': 0.18560820369851724, 'subsample': 0.6683820767707024}. Best is trial 84 with value: 0.9080100125156445.
2025-02-02 17:08:51,032 - INFO - Trial 584 finished with value: 0.846683354192741 and parameters: {'n_estimators': 83, 'max_depth': 9, 'learning_rate': 0.1661665375581774, 'subsample': 0.7238905470141618}. Best is trial 84 with value: 0.9080100125156445.
2025-02-02 17:08:51,138 - INFO - Trial 585 finished with value: 0.8401360544217686 and parameters: {'n_estimators': 97, 'max_depth': 15, 'learning_rate': 0.17914729060685644, 'subsample': 0.7524962561244749}. Best is trial 84 with value: 0.9080100125156445.
2025-02-02 17:08:51,241 - INFO - Trial 586 finished with value: 0.7853566958698374 and parameters: {'n_estimators': 90, 'max_depth': 12, 'learning_rate': 0.15918914504348863, 'subsample': 0.7164892878337924}. Best is trial 84 with value: 0.9080100125156445.
2025-02-02 17:08:51,336 - INFO - Trial 587 finished with value: 0.875 and parameters: {'n_estimators': 80, 'max_depth': 8, 'learning_rate': 0.18892549864189978, 'subsample': 0.7396438242852234}. Best is trial 84 with value: 0.9080100125156445.
2025-02-02 17:08:51,477 - INFO - Trial 588 finished with value: 0.846683354192741 and parameters: {'n_estimators': 216, 'max_depth': 11, 'learning_rate': 0.1733091343236769, 'subsample': 0.7634961432369372}. Best is trial 84 with value: 0.9080100125156445.
2025-02-02 17:08:51,588 - INFO - Trial 589 finished with value: 0.8188405797101449 and parameters: {'n_estimators': 101, 'max_depth': 15, 'learning_rate': 0.19227040148757152, 'subsample': 0.5343408850390114}. Best is trial 84 with value: 0.9080100125156445.
2025-02-02 17:08:51,694 - INFO - Trial 590 finished with value: 0.875 and parameters: {'n_estimators': 94, 'max_depth': 13, 'learning_rate': 0.18419485198277355, 'subsample': 0.732121677566703}. Best is trial 84 with value: 0.9080100125156445.
2025-02-02 17:08:51,801 - INFO - Trial 591 finished with value: 0.8125 and parameters: {'n_estimators': 88, 'max_depth': 10, 'learning_rate': 0.17629885749035487, 'subsample': 0.6391803921994564}. Best is trial 84 with value: 0.9080100125156445.
2025-02-02 17:08:51,940 - INFO - Trial 592 finished with value: 0.8125 and parameters: {'n_estimators': 223, 'max_depth': 12, 'learning_rate': 0.16728039546564502, 'subsample': 0.7051107379001585}. Best is trial 84 with value: 0.9080100125156445.
2025-02-02 17:08:52,056 - INFO - Trial 593 finished with value: 0.846683354192741 and parameters: {'n_estimators': 135, 'max_depth': 9, 'learning_rate': 0.17111810191280363, 'subsample': 0.7532416225871945}. Best is trial 84 with value: 0.9080100125156445.
2025-02-02 17:08:52,165 - INFO - Trial 594 finished with value: 0.8792270531400965 and parameters: {'n_estimators': 76, 'max_depth': 8, 'learning_rate': 0.181078945558896, 'subsample': 0.7404436329592737}. Best is trial 84 with value: 0.9080100125156445.
2025-02-02 17:08:52,265 - INFO - Trial 595 finished with value: 0.7853566958698374 and parameters: {'n_estimators': 72, 'max_depth': 8, 'learning_rate': 0.14083077012593206, 'subsample': 0.745436011981574}. Best is trial 84 with value: 0.9080100125156445.
2025-02-02 17:08:52,362 - INFO - Trial 596 finished with value: 0.8125 and parameters: {'n_estimators': 66, 'max_depth': 7, 'learning_rate': 0.18797205528023747, 'subsample': 0.7370356738136451}. Best is trial 84 with value: 0.9080100125156445.
2025-02-02 17:08:52,464 - INFO - Trial 597 finished with value: 0.7853566958698374 and parameters: {'n_estimators': 78, 'max_depth': 8, 'learning_rate': 0.14733257826679502, 'subsample': 0.7239058876323358}. Best is trial 84 with value: 0.9080100125156445.
2025-02-02 17:08:52,563 - INFO - Trial 598 finished with value: 0.8125 and parameters: {'n_estimators': 59, 'max_depth': 8, 'learning_rate': 0.19569298772213786, 'subsample': 0.7462066979364207}. Best is trial 84 with value: 0.9080100125156445.
2025-02-02 17:08:52,668 - INFO - Trial 599 finished with value: 0.846683354192741 and parameters: {'n_estimators': 75, 'max_depth': 7, 'learning_rate': 0.18164760986465572, 'subsample': 0.759665635612115}. Best is trial 84 with value: 0.9080100125156445.
2025-02-02 17:08:52,762 - INFO - Trial 600 finished with value: 0.8188405797101449 and parameters: {'n_estimators': 70, 'max_depth': 8, 'learning_rate': 0.16299624442388752, 'subsample': 0.7312475585181561}. Best is trial 84 with value: 0.9080100125156445.
2025-02-02 17:08:52,868 - INFO - Trial 601 finished with value: 0.7853566958698374 and parameters: {'n_estimators': 83, 'max_depth': 8, 'learning_rate': 0.1191322053989973, 'subsample': 0.7139074112338559}. Best is trial 84 with value: 0.9080100125156445.
2025-02-02 17:08:52,976 - INFO - Trial 602 finished with value: 0.875 and parameters: {'n_estimators': 78, 'max_depth': 9, 'learning_rate': 0.1859321041992059, 'subsample': 0.7385544755416924}. Best is trial 84 with value: 0.9080100125156445.
2025-02-02 17:08:53,059 - INFO - Trial 603 finished with value: 0.8401360544217686 and parameters: {'n_estimators': 84, 'max_depth': 8, 'learning_rate': 0.19084870770582382, 'subsample': 0.7231877931038964}. Best is trial 84 with value: 0.9080100125156445.
2025-02-02 17:08:53,164 - INFO - Trial 604 finished with value: 0.8508771929824562 and parameters: {'n_estimators': 64, 'max_depth': 9, 'learning_rate': 0.1801918603961549, 'subsample': 0.7490464532627666}. Best is trial 84 with value: 0.9080100125156445.
2025-02-02 17:08:53,337 - INFO - Trial 605 finished with value: 0.8125 and parameters: {'n_estimators': 300, 'max_depth': 14, 'learning_rate': 0.18380787095179268, 'subsample': 0.7677652051417273}. Best is trial 84 with value: 0.9080100125156445.
2025-02-02 17:08:53,442 - INFO - Trial 606 finished with value: 0.8401360544217686 and parameters: {'n_estimators': 76, 'max_depth': 15, 'learning_rate': 0.17579454508049466, 'subsample': 0.7303368597161101}. Best is trial 84 with value: 0.9080100125156445.
2025-02-02 17:08:53,536 - INFO - Trial 607 finished with value: 0.8188405797101449 and parameters: {'n_estimators': 70, 'max_depth': 7, 'learning_rate': 0.16978059364313225, 'subsample': 0.6957031721553953}. Best is trial 84 with value: 0.9080100125156445.
2025-02-02 17:08:53,635 - INFO - Trial 608 finished with value: 0.8125 and parameters: {'n_estimators': 88, 'max_depth': 10, 'learning_rate': 0.19448970078879046, 'subsample': 0.7389106373542946}. Best is trial 84 with value: 0.9080100125156445.
2025-02-02 17:08:53,739 - INFO - Trial 609 finished with value: 0.8401360544217686 and parameters: {'n_estimators': 96, 'max_depth': 16, 'learning_rate': 0.1896160780973912, 'subsample': 0.7163342602731122}. Best is trial 84 with value: 0.9080100125156445.
2025-02-02 17:08:53,837 - INFO - Trial 610 finished with value: 0.8188405797101449 and parameters: {'n_estimators': 82, 'max_depth': 9, 'learning_rate': 0.15837545277602522, 'subsample': 0.7564406331922523}. Best is trial 84 with value: 0.9080100125156445.
2025-02-02 17:08:53,938 - INFO - Trial 611 finished with value: 0.846683354192741 and parameters: {'n_estimators': 91, 'max_depth': 15, 'learning_rate': 0.16482911791294994, 'subsample': 0.7432594021013781}. Best is trial 84 with value: 0.9080100125156445.
2025-02-02 17:08:54,035 - INFO - Trial 612 finished with value: 0.8401360544217686 and parameters: {'n_estimators': 81, 'max_depth': 8, 'learning_rate': 0.18022316857857817, 'subsample': 0.7289917580298426}. Best is trial 84 with value: 0.9080100125156445.
2025-02-02 17:08:54,139 - INFO - Trial 613 finished with value: 0.8125 and parameters: {'n_estimators': 105, 'max_depth': 14, 'learning_rate': 0.17366998712060497, 'subsample': 0.7072819331572525}. Best is trial 84 with value: 0.9080100125156445.
2025-02-02 17:08:54,242 - INFO - Trial 614 finished with value: 0.8401360544217686 and parameters: {'n_estimators': 86, 'max_depth': 11, 'learning_rate': 0.1864049790008516, 'subsample': 0.7201835246380668}. Best is trial 84 with value: 0.9080100125156445.
2025-02-02 17:08:54,338 - INFO - Trial 615 finished with value: 0.8188405797101449 and parameters: {'n_estimators': 74, 'max_depth': 15, 'learning_rate': 0.19720556064727313, 'subsample': 0.7507881216740494}. Best is trial 84 with value: 0.9080100125156445.
2025-02-02 17:08:54,446 - INFO - Trial 616 finished with value: 0.8125 and parameters: {'n_estimators': 100, 'max_depth': 8, 'learning_rate': 0.15111901029888514, 'subsample': 0.8685367209669871}. Best is trial 84 with value: 0.9080100125156445.
2025-02-02 17:08:54,549 - INFO - Trial 617 finished with value: 0.846683354192741 and parameters: {'n_estimators': 95, 'max_depth': 16, 'learning_rate': 0.17721622542515814, 'subsample': 0.7352035653249291}. Best is trial 84 with value: 0.9080100125156445.
2025-02-02 17:08:54,651 - INFO - Trial 618 finished with value: 0.8125 and parameters: {'n_estimators': 92, 'max_depth': 10, 'learning_rate': 0.1703935536766554, 'subsample': 0.7765650495326247}. Best is trial 84 with value: 0.9080100125156445.
2025-02-02 17:08:54,732 - INFO - Trial 619 finished with value: 0.8125 and parameters: {'n_estimators': 86, 'max_depth': 11, 'learning_rate': 0.1822080910454546, 'subsample': 0.7582350597987029}. Best is trial 84 with value: 0.9080100125156445.
2025-02-02 17:08:54,795 - INFO - Trial 620 finished with value: 0.875 and parameters: {'n_estimators': 80, 'max_depth': 9, 'learning_rate': 0.19111953413768584, 'subsample': 0.7294724013606205}. Best is trial 84 with value: 0.9080100125156445.
2025-02-02 17:08:54,856 - INFO - Trial 621 finished with value: 0.7853566958698374 and parameters: {'n_estimators': 75, 'max_depth': 7, 'learning_rate': 0.16055727835393654, 'subsample': 0.7848308268223044}. Best is trial 84 with value: 0.9080100125156445.
2025-02-02 17:08:54,920 - INFO - Trial 622 finished with value: 0.7853566958698374 and parameters: {'n_estimators': 68, 'max_depth': 15, 'learning_rate': 0.16658389908197827, 'subsample': 0.74319687392418}. Best is trial 84 with value: 0.9080100125156445.
2025-02-02 17:08:54,983 - INFO - Trial 623 finished with value: 0.875 and parameters: {'n_estimators': 90, 'max_depth': 14, 'learning_rate': 0.18520647129672652, 'subsample': 0.6807160066540505}. Best is trial 84 with value: 0.9080100125156445.
2025-02-02 17:08:55,047 - INFO - Trial 624 finished with value: 0.7853566958698374 and parameters: {'n_estimators': 98, 'max_depth': 11, 'learning_rate': 0.15514045253360295, 'subsample': 0.7210683747096871}. Best is trial 84 with value: 0.9080100125156445.
2025-02-02 17:08:55,109 - INFO - Trial 625 finished with value: 0.8125 and parameters: {'n_estimators': 82, 'max_depth': 8, 'learning_rate': 0.17367736805014028, 'subsample': 0.73805041800683}. Best is trial 84 with value: 0.9080100125156445.
2025-02-02 17:08:55,186 - INFO - Trial 626 finished with value: 0.8125 and parameters: {'n_estimators': 87, 'max_depth': 11, 'learning_rate': 0.17919111457127773, 'subsample': 0.7107009143656543}. Best is trial 84 with value: 0.9080100125156445.
2025-02-02 17:08:55,264 - INFO - Trial 627 finished with value: 0.846683354192741 and parameters: {'n_estimators': 105, 'max_depth': 10, 'learning_rate': 0.1697124760567508, 'subsample': 0.7654353222373539}. Best is trial 84 with value: 0.9080100125156445.
2025-02-02 17:08:55,340 - INFO - Trial 628 finished with value: 0.846683354192741 and parameters: {'n_estimators': 93, 'max_depth': 9, 'learning_rate': 0.1877720429478112, 'subsample': 0.7504416393477773}. Best is trial 84 with value: 0.9080100125156445.
2025-02-02 17:08:55,401 - INFO - Trial 629 finished with value: 0.875 and parameters: {'n_estimators': 78, 'max_depth': 15, 'learning_rate': 0.1930487660178238, 'subsample': 0.7301571509667054}. Best is trial 84 with value: 0.9080100125156445.
2025-02-02 17:08:55,464 - INFO - Trial 630 finished with value: 0.8125 and parameters: {'n_estimators': 84, 'max_depth': 10, 'learning_rate': 0.16401677971491824, 'subsample': 0.7001398102709375}. Best is trial 84 with value: 0.9080100125156445.
2025-02-02 17:08:55,525 - INFO - Trial 631 finished with value: 0.8125 and parameters: {'n_estimators': 72, 'max_depth': 15, 'learning_rate': 0.17825497743215138, 'subsample': 0.7421833730136718}. Best is trial 84 with value: 0.9080100125156445.
2025-02-02 17:08:55,588 - INFO - Trial 632 finished with value: 0.846683354192741 and parameters: {'n_estimators': 91, 'max_depth': 14, 'learning_rate': 0.1828936126544541, 'subsample': 0.7177777668341345}. Best is trial 84 with value: 0.9080100125156445.
2025-02-02 17:08:55,652 - INFO - Trial 633 finished with value: 0.8125 and parameters: {'n_estimators': 100, 'max_depth': 9, 'learning_rate': 0.19994841831783217, 'subsample': 0.9101615736202773}. Best is trial 84 with value: 0.9080100125156445.
2025-02-02 17:08:55,714 - INFO - Trial 634 finished with value: 0.846683354192741 and parameters: {'n_estimators': 87, 'max_depth': 12, 'learning_rate': 0.17365789355077002, 'subsample': 0.7526549646883738}. Best is trial 84 with value: 0.9080100125156445.
2025-02-02 17:08:55,780 - INFO - Trial 635 finished with value: 0.846683354192741 and parameters: {'n_estimators': 96, 'max_depth': 16, 'learning_rate': 0.188955804829111, 'subsample': 0.7296294639770283}. Best is trial 84 with value: 0.9080100125156445.
2025-02-02 17:08:55,849 - INFO - Trial 636 finished with value: 0.846683354192741 and parameters: {'n_estimators': 126, 'max_depth': 8, 'learning_rate': 0.16867041228615506, 'subsample': 0.7408240643012494}. Best is trial 84 with value: 0.9080100125156445.
2025-02-02 17:08:55,913 - INFO - Trial 637 finished with value: 0.8401360544217686 and parameters: {'n_estimators': 79, 'max_depth': 11, 'learning_rate': 0.18450390649955636, 'subsample': 0.7229751965807321}. Best is trial 84 with value: 0.9080100125156445.
2025-02-02 17:08:55,976 - INFO - Trial 638 finished with value: 0.8125 and parameters: {'n_estimators': 84, 'max_depth': 17, 'learning_rate': 0.1767258921131977, 'subsample': 0.7653266969597777}. Best is trial 84 with value: 0.9080100125156445.
2025-02-02 17:08:56,038 - INFO - Trial 639 finished with value: 0.8188405797101449 and parameters: {'n_estimators': 89, 'max_depth': 13, 'learning_rate': 0.1645438335014659, 'subsample': 0.7348437962744248}. Best is trial 84 with value: 0.9080100125156445.
2025-02-02 17:08:56,097 - INFO - Trial 640 finished with value: 0.7853566958698374 and parameters: {'n_estimators': 77, 'max_depth': 7, 'learning_rate': 0.1951320640075599, 'subsample': 0.7090445744118354}. Best is trial 84 with value: 0.9080100125156445.
2025-02-02 17:08:56,159 - INFO - Trial 641 finished with value: 0.7853566958698374 and parameters: {'n_estimators': 68, 'max_depth': 8, 'learning_rate': 0.17318066196893384, 'subsample': 0.7470178468914687}. Best is trial 84 with value: 0.9080100125156445.
2025-02-02 17:08:56,226 - INFO - Trial 642 finished with value: 0.875 and parameters: {'n_estimators': 109, 'max_depth': 11, 'learning_rate': 0.19118310022726015, 'subsample': 0.6906049677755888}. Best is trial 84 with value: 0.9080100125156445.
2025-02-02 17:08:56,291 - INFO - Trial 643 finished with value: 0.7853566958698374 and parameters: {'n_estimators': 94, 'max_depth': 12, 'learning_rate': 0.18149240725244264, 'subsample': 0.7578024809964033}. Best is trial 84 with value: 0.9080100125156445.
2025-02-02 17:08:56,385 - INFO - Trial 644 finished with value: 0.8125 and parameters: {'n_estimators': 287, 'max_depth': 15, 'learning_rate': 0.18678448923591434, 'subsample': 0.724107954366749}. Best is trial 84 with value: 0.9080100125156445.
2025-02-02 17:08:56,448 - INFO - Trial 645 finished with value: 0.846683354192741 and parameters: {'n_estimators': 82, 'max_depth': 9, 'learning_rate': 0.15996784391948257, 'subsample': 0.7355972065648793}. Best is trial 84 with value: 0.9080100125156445.
2025-02-02 17:08:56,524 - INFO - Trial 646 finished with value: 0.875 and parameters: {'n_estimators': 170, 'max_depth': 14, 'learning_rate': 0.17813826325808288, 'subsample': 0.7473440466108785}. Best is trial 84 with value: 0.9080100125156445.
2025-02-02 17:08:56,588 - INFO - Trial 647 finished with value: 0.8125 and parameters: {'n_estimators': 102, 'max_depth': 13, 'learning_rate': 0.16791481828350177, 'subsample': 0.7129003424896342}. Best is trial 84 with value: 0.9080100125156445.
2025-02-02 17:08:56,649 - INFO - Trial 648 finished with value: 0.875 and parameters: {'n_estimators': 73, 'max_depth': 10, 'learning_rate': 0.17211187851301404, 'subsample': 0.7284992809797444}. Best is trial 84 with value: 0.9080100125156445.
2025-02-02 17:08:56,713 - INFO - Trial 649 finished with value: 0.8125 and parameters: {'n_estimators': 89, 'max_depth': 16, 'learning_rate': 0.18082644850043286, 'subsample': 0.7741974429734049}. Best is trial 84 with value: 0.9080100125156445.
2025-02-02 17:08:56,781 - INFO - Trial 650 finished with value: 0.7853566958698374 and parameters: {'n_estimators': 96, 'max_depth': 11, 'learning_rate': 0.07520451995759041, 'subsample': 0.7379449452894283}. Best is trial 84 with value: 0.9080100125156445.
2025-02-02 17:08:56,880 - INFO - Trial 651 finished with value: 0.875 and parameters: {'n_estimators': 279, 'max_depth': 12, 'learning_rate': 0.19206683161745683, 'subsample': 0.7183334974109981}. Best is trial 84 with value: 0.9080100125156445.
2025-02-02 17:08:56,942 - INFO - Trial 652 finished with value: 0.846683354192741 and parameters: {'n_estimators': 85, 'max_depth': 15, 'learning_rate': 0.19661769354699202, 'subsample': 0.7573414430869615}. Best is trial 84 with value: 0.9080100125156445.
2025-02-02 17:08:57,006 - INFO - Trial 653 finished with value: 0.846683354192741 and parameters: {'n_estimators': 92, 'max_depth': 8, 'learning_rate': 0.17533085057759012, 'subsample': 0.6753300046430374}. Best is trial 84 with value: 0.9080100125156445.
2025-02-02 17:08:57,077 - INFO - Trial 654 finished with value: 0.846683354192741 and parameters: {'n_estimators': 140, 'max_depth': 11, 'learning_rate': 0.18480373353819868, 'subsample': 0.7033315630403888}. Best is trial 84 with value: 0.9080100125156445.
2025-02-02 17:08:57,171 - INFO - Trial 655 finished with value: 0.846683354192741 and parameters: {'n_estimators': 260, 'max_depth': 14, 'learning_rate': 0.15577114983125726, 'subsample': 0.7460677634050572}. Best is trial 84 with value: 0.9080100125156445.
2025-02-02 17:08:57,234 - INFO - Trial 656 finished with value: 0.846683354192741 and parameters: {'n_estimators': 80, 'max_depth': 12, 'learning_rate': 0.1641152888430288, 'subsample': 0.7283605377286033}. Best is trial 84 with value: 0.9080100125156445.
2025-02-02 17:08:57,298 - INFO - Trial 657 finished with value: 0.8125 and parameters: {'n_estimators': 99, 'max_depth': 15, 'learning_rate': 0.16977694922943828, 'subsample': 0.7389411686782843}. Best is trial 84 with value: 0.9080100125156445.
2025-02-02 17:08:57,359 - INFO - Trial 658 finished with value: 0.846683354192741 and parameters: {'n_estimators': 74, 'max_depth': 9, 'learning_rate': 0.18861379830338976, 'subsample': 0.7527379576130865}. Best is trial 84 with value: 0.9080100125156445.
2025-02-02 17:08:57,418 - INFO - Trial 659 finished with value: 0.7853566958698374 and parameters: {'n_estimators': 61, 'max_depth': 12, 'learning_rate': 0.17643809801727364, 'subsample': 0.7180879423238835}. Best is trial 84 with value: 0.9080100125156445.
2025-02-02 17:08:57,481 - INFO - Trial 660 finished with value: 0.8188405797101449 and parameters: {'n_estimators': 87, 'max_depth': 10, 'learning_rate': 0.18209986427447128, 'subsample': 0.7343438816686294}. Best is trial 84 with value: 0.9080100125156445.
