2024-12-10 14:14:37,864 - INFO - Trial 63 finished with value: 1.0 and parameters: {'n_estimators': 82, 'max_depth': 6, 'learning_rate': 0.20185897438455386, 'subsample': 0.6312974937167072, 'colsample_bytree': 0.704145844177765, 'scale_pos_weight': 0.9096630805973122}. Best is trial 4 with value: 1.0.
2024-12-10 14:14:37,941 - INFO - Trial 64 finished with value: 0.99013357619915 and parameters: {'n_estimators': 72, 'max_depth': 8, 'learning_rate': 0.011415285601412995, 'subsample': 0.7100983434403845, 'colsample_bytree': 0.727181005486121, 'scale_pos_weight': 1.1844714884597103}. Best is trial 4 with value: 1.0.
2024-12-10 14:14:38,024 - INFO - Trial 65 finished with value: 0.9946251129177958 and parameters: {'n_estimators': 58, 'max_depth': 13, 'learning_rate': 0.11565165346161069, 'subsample': 0.8110588845396904, 'colsample_bytree': 0.8127789294059755, 'scale_pos_weight': 1.0614529309363552}. Best is trial 4 with value: 1.0.
2024-12-10 14:14:38,116 - INFO - Trial 66 finished with value: 0.9946251129177958 and parameters: {'n_estimators': 88, 'max_depth': 8, 'learning_rate': 0.22901714782402596, 'subsample': 0.9960576717266186, 'colsample_bytree': 0.6015597399345974, 'scale_pos_weight': 1.4521888555750095}. Best is trial 4 with value: 1.0.
2024-12-10 14:14:38,285 - INFO - Trial 67 finished with value: 0.9946251129177958 and parameters: {'n_estimators': 286, 'max_depth': 9, 'learning_rate': 0.15095904660569742, 'subsample': 0.9420848454621513, 'colsample_bytree': 0.7396013212151606, 'scale_pos_weight': 1.2730628230306342}. Best is trial 4 with value: 1.0.
2024-12-10 14:14:38,426 - INFO - Trial 68 finished with value: 0.9946251129177958 and parameters: {'n_estimators': 213, 'max_depth': 14, 'learning_rate': 0.05634216778728139, 'subsample': 0.9138319494003421, 'colsample_bytree': 0.7981722977504212, 'scale_pos_weight': 1.3472291787257034}. Best is trial 4 with value: 1.0.
2024-12-10 14:14:38,511 - INFO - Trial 69 finished with value: 1.0 and parameters: {'n_estimators': 76, 'max_depth': 16, 'learning_rate': 0.04235121700840316, 'subsample': 0.6745577672445597, 'colsample_bytree': 0.6568015403982501, 'scale_pos_weight': 1.646812852934975}. Best is trial 4 with value: 1.0.
2024-12-10 14:14:38,594 - INFO - Trial 70 finished with value: 0.9946251129177958 and parameters: {'n_estimators': 96, 'max_depth': 5, 'learning_rate': 0.0891445289138896, 'subsample': 0.5461819806394349, 'colsample_bytree': 0.7052852452126052, 'scale_pos_weight': 1.1691804462628848}. Best is trial 4 with value: 1.0.
2024-12-10 14:14:38,767 - INFO - Trial 71 finished with value: 1.0 and parameters: {'n_estimators': 240, 'max_depth': 10, 'learning_rate': 0.028115755299418933, 'subsample': 0.8347751746671939, 'colsample_bytree': 0.7706478565437742, 'scale_pos_weight': 1.7088942454117504}. Best is trial 4 with value: 1.0.
2024-12-10 14:14:38,886 - INFO - Trial 72 finished with value: 0.9946251129177958 and parameters: {'n_estimators': 173, 'max_depth': 10, 'learning_rate': 0.06696549025495216, 'subsample': 0.7283802991140355, 'colsample_bytree': 0.7597549603447463, 'scale_pos_weight': 1.8113493186386043}. Best is trial 4 with value: 1.0.
2024-12-10 14:14:39,017 - INFO - Trial 73 finished with value: 1.0 and parameters: {'n_estimators': 158, 'max_depth': 11, 'learning_rate': 0.02181865881107263, 'subsample': 0.9649593838168791, 'colsample_bytree': 0.722087464324821, 'scale_pos_weight': 1.5842474192271607}. Best is trial 4 with value: 1.0.
2024-12-10 14:14:39,101 - INFO - Trial 74 finished with value: 1.0 and parameters: {'n_estimators': 66, 'max_depth': 8, 'learning_rate': 0.03829504338499554, 'subsample': 0.8620585859521406, 'colsample_bytree': 0.6804399831070007, 'scale_pos_weight': 1.5287335988988768}. Best is trial 4 with value: 1.0.
2024-12-10 14:14:39,223 - INFO - Trial 75 finished with value: 1.0 and parameters: {'n_estimators': 141, 'max_depth': 9, 'learning_rate': 0.016517568549178165, 'subsample': 0.5058204738381097, 'colsample_bytree': 0.7799433692889517, 'scale_pos_weight': 1.7506529996372249}. Best is trial 4 with value: 1.0.
2024-12-10 14:14:39,292 - INFO - Trial 76 finished with value: 1.0 and parameters: {'n_estimators': 56, 'max_depth': 7, 'learning_rate': 0.2187933675305171, 'subsample': 0.9009521626440983, 'colsample_bytree': 0.7629877126388759, 'scale_pos_weight': 1.0016090630832308}. Best is trial 4 with value: 1.0.
2024-12-10 14:14:39,419 - INFO - Trial 77 finished with value: 1.0 and parameters: {'n_estimators': 105, 'max_depth': 13, 'learning_rate': 0.04401131487647622, 'subsample': 0.7834679425317093, 'colsample_bytree': 0.8283385549645851, 'scale_pos_weight': 1.2890420060917052}. Best is trial 4 with value: 1.0.
2024-12-10 14:14:39,528 - INFO - Trial 78 finished with value: 0.9946251129177958 and parameters: {'n_estimators': 121, 'max_depth': 12, 'learning_rate': 0.19012129351772927, 'subsample': 0.9825564682337613, 'colsample_bytree': 0.7504825947746737, 'scale_pos_weight': 1.7190196658894095}. Best is trial 4 with value: 1.0.
2024-12-10 14:14:39,603 - INFO - Trial 79 finished with value: 1.0 and parameters: {'n_estimators': 66, 'max_depth': 9, 'learning_rate': 0.2758196730973954, 'subsample': 0.9448688096292591, 'colsample_bytree': 0.7330321786427693, 'scale_pos_weight': 0.8319476066643898}. Best is trial 4 with value: 1.0.
2024-12-10 14:14:39,744 - INFO - Trial 80 finished with value: 1.0 and parameters: {'n_estimators': 184, 'max_depth': 11, 'learning_rate': 0.0318854399899568, 'subsample': 0.9222257395791764, 'colsample_bytree': 0.6928560189594422, 'scale_pos_weight': 1.9416383619022368}. Best is trial 4 with value: 1.0.
2024-12-10 14:14:39,834 - INFO - Trial 81 finished with value: 1.0 and parameters: {'n_estimators': 71, 'max_depth': 14, 'learning_rate': 0.010338660942043092, 'subsample': 0.9820581172664687, 'colsample_bytree': 0.7906443717970861, 'scale_pos_weight': 1.2503607431256802}. Best is trial 4 with value: 1.0.
2024-12-10 14:14:39,912 - INFO - Trial 82 finished with value: 1.0 and parameters: {'n_estimators': 51, 'max_depth': 16, 'learning_rate': 0.025642581861128905, 'subsample': 0.9953689966575402, 'colsample_bytree': 0.8135857724105711, 'scale_pos_weight': 1.0826622601949842}. Best is trial 4 with value: 1.0.
2024-12-10 14:14:40,009 - INFO - Trial 83 finished with value: 1.0 and parameters: {'n_estimators': 78, 'max_depth': 15, 'learning_rate': 0.018087399148374143, 'subsample': 0.9573633589070578, 'colsample_bytree': 0.7980929342672037, 'scale_pos_weight': 1.4136293038020804}. Best is trial 4 with value: 1.0.
2024-12-10 14:14:40,084 - INFO - Trial 84 finished with value: 0.9946251129177958 and parameters: {'n_estimators': 61, 'max_depth': 13, 'learning_rate': 0.16790027589510675, 'subsample': 0.9996217444012763, 'colsample_bytree': 0.7465815927913805, 'scale_pos_weight': 1.2026928553039038}. Best is trial 4 with value: 1.0.
2024-12-10 14:14:40,170 - INFO - Trial 85 finished with value: 1.0 and parameters: {'n_estimators': 85, 'max_depth': 14, 'learning_rate': 0.06096655654561835, 'subsample': 0.8818515487674042, 'colsample_bytree': 0.8422922095592327, 'scale_pos_weight': 0.5074405337902304}. Best is trial 4 with value: 1.0.
2024-12-10 14:14:40,299 - INFO - Trial 86 finished with value: 1.0 and parameters: {'n_estimators': 260, 'max_depth': 10, 'learning_rate': 0.2997081128224206, 'subsample': 0.575527406114871, 'colsample_bytree': 0.7675397052393046, 'scale_pos_weight': 1.6456928056317472}. Best is trial 4 with value: 1.0.
2024-12-10 14:14:40,396 - INFO - Trial 87 finished with value: 1.0 and parameters: {'n_estimators': 94, 'max_depth': 12, 'learning_rate': 0.052709744200199825, 'subsample': 0.6046205486808653, 'colsample_bytree': 0.7823750043454921, 'scale_pos_weight': 1.3218640309212186}. Best is trial 4 with value: 1.0.
2024-12-10 14:14:40,498 - INFO - Trial 88 finished with value: 1.0 and parameters: {'n_estimators': 108, 'max_depth': 14, 'learning_rate': 0.03661667041969184, 'subsample': 0.9667068438839757, 'colsample_bytree': 0.7196289240473505, 'scale_pos_weight': 1.1400810631428262}. Best is trial 4 with value: 1.0.
2024-12-10 14:14:40,611 - INFO - Trial 89 finished with value: 0.9946251129177958 and parameters: {'n_estimators': 165, 'max_depth': 15, 'learning_rate': 0.13138890033364334, 'subsample': 0.9383408734769385, 'colsample_bytree': 0.8834904728245367, 'scale_pos_weight': 1.2380063166360389}. Best is trial 4 with value: 1.0.
2024-12-10 14:14:40,700 - INFO - Trial 90 finished with value: 1.0 and parameters: {'n_estimators': 56, 'max_depth': 10, 'learning_rate': 0.026613076005078708, 'subsample': 0.7436526042256884, 'colsample_bytree': 0.6242620097735871, 'scale_pos_weight': 1.851018013065933}. Best is trial 4 with value: 1.0.
2024-12-10 14:14:40,790 - INFO - Trial 91 finished with value: 1.0 and parameters: {'n_estimators': 53, 'max_depth': 13, 'learning_rate': 0.047838264688220014, 'subsample': 0.9267121678194239, 'colsample_bytree': 0.801286585762259, 'scale_pos_weight': 1.392972173973029}. Best is trial 4 with value: 1.0.
2024-12-10 14:14:40,882 - INFO - Trial 92 finished with value: 1.0 and parameters: {'n_estimators': 63, 'max_depth': 17, 'learning_rate': 0.01680331867358176, 'subsample': 0.8989887854111902, 'colsample_bytree': 0.7876835377641012, 'scale_pos_weight': 1.4570147484396434}. Best is trial 4 with value: 1.0.
2024-12-10 14:14:40,966 - INFO - Trial 93 finished with value: 0.9946251129177958 and parameters: {'n_estimators': 69, 'max_depth': 15, 'learning_rate': 0.09833419656457505, 'subsample': 0.973468994951759, 'colsample_bytree': 0.8579597585463282, 'scale_pos_weight': 1.3507260004898058}. Best is trial 4 with value: 1.0.
2024-12-10 14:14:41,061 - INFO - Trial 94 finished with value: 1.0 and parameters: {'n_estimators': 77, 'max_depth': 13, 'learning_rate': 0.03311206483547824, 'subsample': 0.9875557067949676, 'colsample_bytree': 0.8260535597062623, 'scale_pos_weight': 1.4868524515556847}. Best is trial 4 with value: 1.0.
2024-12-10 14:14:41,199 - INFO - Trial 95 finished with value: 0.9946251129177958 and parameters: {'n_estimators': 226, 'max_depth': 14, 'learning_rate': 0.07263652646807973, 'subsample': 0.9514842832141193, 'colsample_bytree': 0.7516902911534629, 'scale_pos_weight': 1.6184254632666155}. Best is trial 4 with value: 1.0.
2024-12-10 14:14:41,276 - INFO - Trial 96 finished with value: 1.0 and parameters: {'n_estimators': 60, 'max_depth': 11, 'learning_rate': 0.04322999496579366, 'subsample': 0.7055912848532632, 'colsample_bytree': 0.7302522368911533, 'scale_pos_weight': 1.558594207179251}. Best is trial 4 with value: 1.0.
2024-12-10 14:14:41,349 - INFO - Trial 97 finished with value: 0.99013357619915 and parameters: {'n_estimators': 51, 'max_depth': 12, 'learning_rate': 0.013714549765428394, 'subsample': 0.6163446373689873, 'colsample_bytree': 0.7051351651334259, 'scale_pos_weight': 1.2658169412929527}. Best is trial 4 with value: 1.0.
2024-12-10 14:14:41,430 - INFO - Trial 98 finished with value: 1.0 and parameters: {'n_estimators': 71, 'max_depth': 9, 'learning_rate': 0.08351659550314076, 'subsample': 0.6556354923616791, 'colsample_bytree': 0.8056336021909812, 'scale_pos_weight': 1.3710851471068497}. Best is trial 4 with value: 1.0.
2024-12-10 14:14:41,514 - INFO - Trial 99 finished with value: 1.0 and parameters: {'n_estimators': 63, 'max_depth': 7, 'learning_rate': 0.02242975592413827, 'subsample': 0.8149703818394245, 'colsample_bytree': 0.7774383288778092, 'scale_pos_weight': 1.7789024898278027}. Best is trial 4 with value: 1.0.
2024-12-10 14:36:13,407 - INFO - A new study created in memory with name: no-name-c2acbf75-95e9-431a-8796-c3a5d44d7f68
2024-12-10 14:36:13,747 - INFO - Trial 0 finished with value: 1.0 and parameters: {'n_estimators': 108, 'max_depth': 19, 'min_samples_split': 9, 'min_samples_leaf': 4, 'class_weight': None}. Best is trial 0 with value: 1.0.
2024-12-10 14:36:14,024 - INFO - Trial 1 finished with value: 1.0 and parameters: {'n_estimators': 122, 'max_depth': 10, 'min_samples_split': 9, 'min_samples_leaf': 3, 'class_weight': None}. Best is trial 0 with value: 1.0.
2024-12-10 14:36:14,306 - INFO - Trial 2 finished with value: 0.99013357619915 and parameters: {'n_estimators': 157, 'max_depth': 4, 'min_samples_split': 6, 'min_samples_leaf': 1, 'class_weight': 'balanced'}. Best is trial 0 with value: 1.0.
2024-12-10 14:36:14,674 - INFO - Trial 3 finished with value: 0.99013357619915 and parameters: {'n_estimators': 194, 'max_depth': 4, 'min_samples_split': 2, 'min_samples_leaf': 3, 'class_weight': None}. Best is trial 0 with value: 1.0.
2024-12-10 14:36:15,041 - INFO - Trial 4 finished with value: 1.0 and parameters: {'n_estimators': 194, 'max_depth': 13, 'min_samples_split': 7, 'min_samples_leaf': 3, 'class_weight': None}. Best is trial 0 with value: 1.0.
2024-12-10 14:36:15,400 - INFO - Trial 5 finished with value: 0.99013357619915 and parameters: {'n_estimators': 209, 'max_depth': 4, 'min_samples_split': 4, 'min_samples_leaf': 3, 'class_weight': None}. Best is trial 0 with value: 1.0.
2024-12-10 14:36:15,522 - INFO - Trial 6 finished with value: 1.0 and parameters: {'n_estimators': 60, 'max_depth': 19, 'min_samples_split': 7, 'min_samples_leaf': 4, 'class_weight': None}. Best is trial 0 with value: 1.0.
2024-12-10 14:36:15,829 - INFO - Trial 7 finished with value: 0.99013357619915 and parameters: {'n_estimators': 180, 'max_depth': 4, 'min_samples_split': 10, 'min_samples_leaf': 2, 'class_weight': 'balanced'}. Best is trial 0 with value: 1.0.
2024-12-10 14:36:16,025 - INFO - Trial 8 finished with value: 1.0 and parameters: {'n_estimators': 100, 'max_depth': 16, 'min_samples_split': 3, 'min_samples_leaf': 4, 'class_weight': None}. Best is trial 0 with value: 1.0.
2024-12-10 14:36:16,568 - INFO - Trial 9 finished with value: 1.0 and parameters: {'n_estimators': 284, 'max_depth': 13, 'min_samples_split': 8, 'min_samples_leaf': 2, 'class_weight': None}. Best is trial 0 with value: 1.0.
2024-12-10 14:36:16,694 - INFO - Trial 10 finished with value: 1.0 and parameters: {'n_estimators': 55, 'max_depth': 20, 'min_samples_split': 5, 'min_samples_leaf': 4, 'class_weight': 'balanced'}. Best is trial 0 with value: 1.0.
2024-12-10 14:36:16,953 - INFO - Trial 11 finished with value: 0.9949377571191965 and parameters: {'n_estimators': 122, 'max_depth': 9, 'min_samples_split': 10, 'min_samples_leaf': 4, 'class_weight': None}. Best is trial 0 with value: 1.0.
2024-12-10 14:36:17,206 - INFO - Trial 12 finished with value: 0.99013357619915 and parameters: {'n_estimators': 126, 'max_depth': 9, 'min_samples_split': 9, 'min_samples_leaf': 3, 'class_weight': None}. Best is trial 0 with value: 1.0.
2024-12-10 14:36:17,412 - INFO - Trial 13 finished with value: 0.9949377571191965 and parameters: {'n_estimators': 96, 'max_depth': 10, 'min_samples_split': 8, 'min_samples_leaf': 2, 'class_weight': None}. Best is trial 0 with value: 1.0.
2024-12-10 14:36:17,713 - INFO - Trial 14 finished with value: 0.9949377571191965 and parameters: {'n_estimators': 151, 'max_depth': 16, 'min_samples_split': 9, 'min_samples_leaf': 4, 'class_weight': 'balanced'}. Best is trial 0 with value: 1.0.
2024-12-10 14:36:18,168 - INFO - Trial 15 finished with value: 1.0 and parameters: {'n_estimators': 241, 'max_depth': 16, 'min_samples_split': 9, 'min_samples_leaf': 3, 'class_weight': None}. Best is trial 0 with value: 1.0.
2024-12-10 14:36:18,352 - INFO - Trial 16 finished with value: 0.99013357619915 and parameters: {'n_estimators': 88, 'max_depth': 7, 'min_samples_split': 7, 'min_samples_leaf': 1, 'class_weight': None}. Best is trial 0 with value: 1.0.
2024-12-10 14:36:18,615 - INFO - Trial 17 finished with value: 1.0 and parameters: {'n_estimators': 133, 'max_depth': 12, 'min_samples_split': 10, 'min_samples_leaf': 4, 'class_weight': None}. Best is trial 0 with value: 1.0.
2024-12-10 14:36:18,801 - INFO - Trial 18 finished with value: 0.99013357619915 and parameters: {'n_estimators': 86, 'max_depth': 7, 'min_samples_split': 8, 'min_samples_leaf': 3, 'class_weight': 'balanced'}. Best is trial 0 with value: 1.0.
2024-12-10 14:36:19,109 - INFO - Trial 19 finished with value: 1.0 and parameters: {'n_estimators': 155, 'max_depth': 18, 'min_samples_split': 6, 'min_samples_leaf': 2, 'class_weight': None}. Best is trial 0 with value: 1.0.
2024-12-10 14:36:19,337 - INFO - Trial 20 finished with value: 1.0 and parameters: {'n_estimators': 112, 'max_depth': 14, 'min_samples_split': 5, 'min_samples_leaf': 4, 'class_weight': None}. Best is trial 0 with value: 1.0.
2024-12-10 14:36:19,797 - INFO - Trial 21 finished with value: 1.0 and parameters: {'n_estimators': 232, 'max_depth': 11, 'min_samples_split': 7, 'min_samples_leaf': 3, 'class_weight': None}. Best is trial 0 with value: 1.0.
2024-12-10 14:36:20,224 - INFO - Trial 22 finished with value: 1.0 and parameters: {'n_estimators': 219, 'max_depth': 14, 'min_samples_split': 9, 'min_samples_leaf': 3, 'class_weight': None}. Best is trial 0 with value: 1.0.
2024-12-10 14:36:20,564 - INFO - Trial 23 finished with value: 0.99013357619915 and parameters: {'n_estimators': 177, 'max_depth': 7, 'min_samples_split': 8, 'min_samples_leaf': 3, 'class_weight': None}. Best is trial 0 with value: 1.0.
2024-12-10 14:36:21,086 - INFO - Trial 24 finished with value: 1.0 and parameters: {'n_estimators': 267, 'max_depth': 18, 'min_samples_split': 7, 'min_samples_leaf': 2, 'class_weight': None}. Best is trial 0 with value: 1.0.
2024-12-10 14:36:21,367 - INFO - Trial 25 finished with value: 1.0 and parameters: {'n_estimators': 138, 'max_depth': 15, 'min_samples_split': 9, 'min_samples_leaf': 3, 'class_weight': None}. Best is trial 0 with value: 1.0.
2024-12-10 14:36:21,745 - INFO - Trial 26 finished with value: 1.0 and parameters: {'n_estimators': 200, 'max_depth': 11, 'min_samples_split': 10, 'min_samples_leaf': 4, 'class_weight': 'balanced'}. Best is trial 0 with value: 1.0.
2024-12-10 14:36:21,919 - INFO - Trial 27 finished with value: 0.99013357619915 and parameters: {'n_estimators': 79, 'max_depth': 9, 'min_samples_split': 8, 'min_samples_leaf': 3, 'class_weight': None}. Best is trial 0 with value: 1.0.
2024-12-10 14:36:22,231 - INFO - Trial 28 finished with value: 0.99013357619915 and parameters: {'n_estimators': 164, 'max_depth': 6, 'min_samples_split': 5, 'min_samples_leaf': 2, 'class_weight': None}. Best is trial 0 with value: 1.0.
2024-12-10 14:36:22,537 - INFO - Trial 29 finished with value: 0.9946251129177958 and parameters: {'n_estimators': 145, 'max_depth': 12, 'min_samples_split': 6, 'min_samples_leaf': 1, 'class_weight': 'balanced'}. Best is trial 0 with value: 1.0.
2024-12-10 14:36:22,773 - INFO - Trial 30 finished with value: 1.0 and parameters: {'n_estimators': 112, 'max_depth': 18, 'min_samples_split': 7, 'min_samples_leaf': 4, 'class_weight': None}. Best is trial 0 with value: 1.0.
2024-12-10 14:36:22,933 - INFO - Trial 31 finished with value: 0.99013357619915 and parameters: {'n_estimators': 64, 'max_depth': 20, 'min_samples_split': 7, 'min_samples_leaf': 4, 'class_weight': None}. Best is trial 0 with value: 1.0.
2024-12-10 14:36:23,097 - INFO - Trial 32 finished with value: 0.9949377571191965 and parameters: {'n_estimators': 74, 'max_depth': 19, 'min_samples_split': 8, 'min_samples_leaf': 4, 'class_weight': None}. Best is trial 0 with value: 1.0.
2024-12-10 14:36:23,244 - INFO - Trial 33 finished with value: 0.9949377571191965 and parameters: {'n_estimators': 65, 'max_depth': 17, 'min_samples_split': 6, 'min_samples_leaf': 3, 'class_weight': None}. Best is trial 0 with value: 1.0.
2024-12-10 14:36:23,621 - INFO - Trial 34 finished with value: 1.0 and parameters: {'n_estimators': 189, 'max_depth': 20, 'min_samples_split': 2, 'min_samples_leaf': 4, 'class_weight': None}. Best is trial 0 with value: 1.0.
2024-12-10 14:36:23,958 - INFO - Trial 35 finished with value: 1.0 and parameters: {'n_estimators': 169, 'max_depth': 17, 'min_samples_split': 4, 'min_samples_leaf': 3, 'class_weight': None}. Best is trial 0 with value: 1.0.
2024-12-10 14:36:24,177 - INFO - Trial 36 finished with value: 1.0 and parameters: {'n_estimators': 105, 'max_depth': 14, 'min_samples_split': 9, 'min_samples_leaf': 4, 'class_weight': None}. Best is trial 0 with value: 1.0.
2024-12-10 14:36:24,297 - INFO - Trial 37 finished with value: 0.99013357619915 and parameters: {'n_estimators': 50, 'max_depth': 3, 'min_samples_split': 10, 'min_samples_leaf': 4, 'class_weight': 'balanced'}. Best is trial 0 with value: 1.0.
2024-12-10 14:36:24,704 - INFO - Trial 38 finished with value: 1.0 and parameters: {'n_estimators': 205, 'max_depth': 19, 'min_samples_split': 7, 'min_samples_leaf': 2, 'class_weight': None}. Best is trial 0 with value: 1.0.
2024-12-10 14:36:24,967 - INFO - Trial 39 finished with value: 1.0 and parameters: {'n_estimators': 117, 'max_depth': 13, 'min_samples_split': 4, 'min_samples_leaf': 3, 'class_weight': None}. Best is trial 0 with value: 1.0.
2024-12-10 14:36:25,324 - INFO - Trial 40 finished with value: 1.0 and parameters: {'n_estimators': 184, 'max_depth': 10, 'min_samples_split': 8, 'min_samples_leaf': 3, 'class_weight': None}. Best is trial 0 with value: 1.0.
2024-12-10 14:36:25,528 - INFO - Trial 41 finished with value: 1.0 and parameters: {'n_estimators': 97, 'max_depth': 15, 'min_samples_split': 2, 'min_samples_leaf': 4, 'class_weight': None}. Best is trial 0 with value: 1.0.
2024-12-10 14:36:25,740 - INFO - Trial 42 finished with value: 1.0 and parameters: {'n_estimators': 99, 'max_depth': 16, 'min_samples_split': 5, 'min_samples_leaf': 4, 'class_weight': None}. Best is trial 0 with value: 1.0.
2024-12-10 14:36:25,904 - INFO - Trial 43 finished with value: 0.9949377571191965 and parameters: {'n_estimators': 67, 'max_depth': 19, 'min_samples_split': 4, 'min_samples_leaf': 4, 'class_weight': None}. Best is trial 0 with value: 1.0.
