2025-02-02 17:05:26,624 - INFO - Trial 444 finished with value: 0.8227272727272728 and parameters: {'n_estimators': 203, 'max_depth': 12, 'min_samples_split': 7, 'min_samples_leaf': 2, 'class_weight': 'balanced'}. Best is trial 0 with value: 0.8508771929824562.
2025-02-02 17:05:26,748 - INFO - Trial 445 finished with value: 0.8188405797101449 and parameters: {'n_estimators': 50, 'max_depth': 13, 'min_samples_split': 5, 'min_samples_leaf': 1, 'class_weight': 'balanced'}. Best is trial 0 with value: 0.8508771929824562.
2025-02-02 17:05:26,888 - INFO - Trial 446 finished with value: 0.8188405797101449 and parameters: {'n_estimators': 61, 'max_depth': 20, 'min_samples_split': 7, 'min_samples_leaf': 4, 'class_weight': 'balanced'}. Best is trial 0 with value: 0.8508771929824562.
2025-02-02 17:05:27,168 - INFO - Trial 447 finished with value: 0.8508771929824562 and parameters: {'n_estimators': 161, 'max_depth': 16, 'min_samples_split': 4, 'min_samples_leaf': 3, 'class_weight': 'balanced'}. Best is trial 0 with value: 0.8508771929824562.
2025-02-02 17:05:27,425 - INFO - Trial 448 finished with value: 0.8188405797101449 and parameters: {'n_estimators': 144, 'max_depth': 19, 'min_samples_split': 6, 'min_samples_leaf': 1, 'class_weight': None}. Best is trial 0 with value: 0.8508771929824562.
2025-02-02 17:05:27,654 - INFO - Trial 449 finished with value: 0.8508771929824562 and parameters: {'n_estimators': 119, 'max_depth': 15, 'min_samples_split': 7, 'min_samples_leaf': 2, 'class_weight': 'balanced'}. Best is trial 0 with value: 0.8508771929824562.
2025-02-02 17:05:27,962 - INFO - Trial 450 finished with value: 0.8508771929824562 and parameters: {'n_estimators': 176, 'max_depth': 14, 'min_samples_split': 6, 'min_samples_leaf': 1, 'class_weight': 'balanced'}. Best is trial 0 with value: 0.8508771929824562.
2025-02-02 17:05:28,181 - INFO - Trial 451 finished with value: 0.8508771929824562 and parameters: {'n_estimators': 106, 'max_depth': 17, 'min_samples_split': 8, 'min_samples_leaf': 1, 'class_weight': 'balanced'}. Best is trial 0 with value: 0.8508771929824562.
2025-02-02 17:05:28,541 - INFO - Trial 452 finished with value: 0.8508771929824562 and parameters: {'n_estimators': 209, 'max_depth': 18, 'min_samples_split': 5, 'min_samples_leaf': 1, 'class_weight': 'balanced'}. Best is trial 0 with value: 0.8508771929824562.
2025-02-02 17:05:28,870 - INFO - Trial 453 finished with value: 0.8508771929824562 and parameters: {'n_estimators': 192, 'max_depth': 13, 'min_samples_split': 7, 'min_samples_leaf': 2, 'class_weight': 'balanced'}. Best is trial 0 with value: 0.8508771929824562.
2025-02-02 17:05:29,246 - INFO - Trial 454 finished with value: 0.8508771929824562 and parameters: {'n_estimators': 218, 'max_depth': 11, 'min_samples_split': 7, 'min_samples_leaf': 1, 'class_weight': 'balanced'}. Best is trial 0 with value: 0.8508771929824562.
2025-02-02 17:05:29,516 - INFO - Trial 455 finished with value: 0.8508771929824562 and parameters: {'n_estimators': 151, 'max_depth': 15, 'min_samples_split': 6, 'min_samples_leaf': 2, 'class_weight': 'balanced'}. Best is trial 0 with value: 0.8508771929824562.
2025-02-02 17:05:29,760 - INFO - Trial 456 finished with value: 0.8508771929824562 and parameters: {'n_estimators': 132, 'max_depth': 19, 'min_samples_split': 8, 'min_samples_leaf': 1, 'class_weight': 'balanced'}. Best is trial 0 with value: 0.8508771929824562.
2025-02-02 17:05:30,035 - INFO - Trial 457 finished with value: 0.8508771929824562 and parameters: {'n_estimators': 148, 'max_depth': 12, 'min_samples_split': 4, 'min_samples_leaf': 1, 'class_weight': 'balanced'}. Best is trial 0 with value: 0.8508771929824562.
2025-02-02 17:05:30,303 - INFO - Trial 458 finished with value: 0.8508771929824562 and parameters: {'n_estimators': 141, 'max_depth': 18, 'min_samples_split': 7, 'min_samples_leaf': 3, 'class_weight': 'balanced'}. Best is trial 0 with value: 0.8508771929824562.
2025-02-02 17:05:30,456 - INFO - Trial 459 finished with value: 0.8188405797101449 and parameters: {'n_estimators': 69, 'max_depth': 20, 'min_samples_split': 6, 'min_samples_leaf': 2, 'class_weight': None}. Best is trial 0 with value: 0.8508771929824562.
2025-02-02 17:05:30,738 - INFO - Trial 460 finished with value: 0.8508771929824562 and parameters: {'n_estimators': 157, 'max_depth': 17, 'min_samples_split': 7, 'min_samples_leaf': 1, 'class_weight': 'balanced'}. Best is trial 0 with value: 0.8508771929824562.
2025-02-02 17:05:31,040 - INFO - Trial 461 finished with value: 0.8227272727272728 and parameters: {'n_estimators': 170, 'max_depth': 14, 'min_samples_split': 9, 'min_samples_leaf': 1, 'class_weight': 'balanced'}. Best is trial 0 with value: 0.8508771929824562.
2025-02-02 17:05:31,427 - INFO - Trial 462 finished with value: 0.8508771929824562 and parameters: {'n_estimators': 196, 'max_depth': 16, 'min_samples_split': 6, 'min_samples_leaf': 1, 'class_weight': 'balanced'}. Best is trial 0 with value: 0.8508771929824562.
2025-02-02 17:05:31,737 - INFO - Trial 463 finished with value: 0.8188405797101449 and parameters: {'n_estimators': 181, 'max_depth': 13, 'min_samples_split': 5, 'min_samples_leaf': 2, 'class_weight': 'balanced'}. Best is trial 0 with value: 0.8508771929824562.
2025-02-02 17:05:32,049 - INFO - Trial 464 finished with value: 0.8508771929824562 and parameters: {'n_estimators': 114, 'max_depth': 19, 'min_samples_split': 2, 'min_samples_leaf': 1, 'class_weight': 'balanced'}. Best is trial 0 with value: 0.8508771929824562.
2025-02-02 17:05:32,242 - INFO - Trial 465 finished with value: 0.8227272727272728 and parameters: {'n_estimators': 89, 'max_depth': 18, 'min_samples_split': 7, 'min_samples_leaf': 4, 'class_weight': 'balanced'}. Best is trial 0 with value: 0.8508771929824562.
2025-02-02 17:05:32,529 - INFO - Trial 466 finished with value: 0.8227272727272728 and parameters: {'n_estimators': 165, 'max_depth': 20, 'min_samples_split': 8, 'min_samples_leaf': 3, 'class_weight': 'balanced'}. Best is trial 0 with value: 0.8508771929824562.
2025-02-02 17:05:32,890 - INFO - Trial 467 finished with value: 0.8188405797101449 and parameters: {'n_estimators': 206, 'max_depth': 19, 'min_samples_split': 7, 'min_samples_leaf': 2, 'class_weight': 'balanced'}. Best is trial 0 with value: 0.8508771929824562.
2025-02-02 17:05:33,158 - INFO - Trial 468 finished with value: 0.8188405797101449 and parameters: {'n_estimators': 134, 'max_depth': 12, 'min_samples_split': 3, 'min_samples_leaf': 1, 'class_weight': 'balanced'}. Best is trial 0 with value: 0.8508771929824562.
2025-02-02 17:05:33,415 - INFO - Trial 469 finished with value: 0.8508771929824562 and parameters: {'n_estimators': 141, 'max_depth': 11, 'min_samples_split': 5, 'min_samples_leaf': 1, 'class_weight': 'balanced'}. Best is trial 0 with value: 0.8508771929824562.
2025-02-02 17:05:33,757 - INFO - Trial 470 finished with value: 0.8188405797101449 and parameters: {'n_estimators': 187, 'max_depth': 15, 'min_samples_split': 6, 'min_samples_leaf': 1, 'class_weight': None}. Best is trial 0 with value: 0.8508771929824562.
2025-02-02 17:05:33,911 - INFO - Trial 471 finished with value: 0.8227272727272728 and parameters: {'n_estimators': 57, 'max_depth': 18, 'min_samples_split': 7, 'min_samples_leaf': 2, 'class_weight': 'balanced'}. Best is trial 0 with value: 0.8508771929824562.
2025-02-02 17:05:34,144 - INFO - Trial 472 finished with value: 0.7945736434108528 and parameters: {'n_estimators': 126, 'max_depth': 14, 'min_samples_split': 8, 'min_samples_leaf': 3, 'class_weight': 'balanced'}. Best is trial 0 with value: 0.8508771929824562.
2025-02-02 17:05:34,506 - INFO - Trial 473 finished with value: 0.8227272727272728 and parameters: {'n_estimators': 211, 'max_depth': 17, 'min_samples_split': 6, 'min_samples_leaf': 2, 'class_weight': 'balanced'}. Best is trial 0 with value: 0.8508771929824562.
2025-02-02 17:05:34,846 - INFO - Trial 474 finished with value: 0.8227272727272728 and parameters: {'n_estimators': 200, 'max_depth': 13, 'min_samples_split': 9, 'min_samples_leaf': 1, 'class_weight': 'balanced'}. Best is trial 0 with value: 0.8508771929824562.
2025-02-02 17:05:35,045 - INFO - Trial 475 finished with value: 0.8508771929824562 and parameters: {'n_estimators': 97, 'max_depth': 20, 'min_samples_split': 7, 'min_samples_leaf': 1, 'class_weight': 'balanced'}. Best is trial 0 with value: 0.8508771929824562.
2025-02-02 17:05:35,424 - INFO - Trial 476 finished with value: 0.8508771929824562 and parameters: {'n_estimators': 227, 'max_depth': 15, 'min_samples_split': 5, 'min_samples_leaf': 1, 'class_weight': 'balanced'}. Best is trial 0 with value: 0.8508771929824562.
2025-02-02 17:05:35,702 - INFO - Trial 477 finished with value: 0.8227272727272728 and parameters: {'n_estimators': 157, 'max_depth': 18, 'min_samples_split': 7, 'min_samples_leaf': 2, 'class_weight': 'balanced'}. Best is trial 0 with value: 0.8508771929824562.
2025-02-02 17:05:36,005 - INFO - Trial 478 finished with value: 0.8508771929824562 and parameters: {'n_estimators': 173, 'max_depth': 14, 'min_samples_split': 7, 'min_samples_leaf': 1, 'class_weight': 'balanced'}. Best is trial 0 with value: 0.8508771929824562.
2025-02-02 17:05:36,290 - INFO - Trial 479 finished with value: 0.8508771929824562 and parameters: {'n_estimators': 149, 'max_depth': 17, 'min_samples_split': 6, 'min_samples_leaf': 3, 'class_weight': 'balanced'}. Best is trial 0 with value: 0.8508771929824562.
2025-02-02 17:05:36,552 - INFO - Trial 480 finished with value: 0.8508771929824562 and parameters: {'n_estimators': 104, 'max_depth': 16, 'min_samples_split': 4, 'min_samples_leaf': 1, 'class_weight': 'balanced'}. Best is trial 0 with value: 0.8508771929824562.
2025-02-02 17:05:36,909 - INFO - Trial 481 finished with value: 0.8508771929824562 and parameters: {'n_estimators': 220, 'max_depth': 13, 'min_samples_split': 6, 'min_samples_leaf': 2, 'class_weight': 'balanced'}. Best is trial 0 with value: 0.8508771929824562.
2025-02-02 17:05:37,018 - INFO - Trial 482 finished with value: 0.8188405797101449 and parameters: {'n_estimators': 77, 'max_depth': 12, 'min_samples_split': 5, 'min_samples_leaf': 1, 'class_weight': None}. Best is trial 0 with value: 0.8508771929824562.
2025-02-02 17:05:37,308 - INFO - Trial 483 finished with value: 0.8227272727272728 and parameters: {'n_estimators': 288, 'max_depth': 20, 'min_samples_split': 8, 'min_samples_leaf': 4, 'class_weight': 'balanced'}. Best is trial 0 with value: 0.8508771929824562.
2025-02-02 17:05:37,452 - INFO - Trial 484 finished with value: 0.8227272727272728 and parameters: {'n_estimators': 119, 'max_depth': 10, 'min_samples_split': 7, 'min_samples_leaf': 1, 'class_weight': 'balanced'}. Best is trial 0 with value: 0.8508771929824562.
2025-02-02 17:05:37,649 - INFO - Trial 485 finished with value: 0.8508771929824562 and parameters: {'n_estimators': 146, 'max_depth': 19, 'min_samples_split': 7, 'min_samples_leaf': 2, 'class_weight': 'balanced'}. Best is trial 0 with value: 0.8508771929824562.
2025-02-02 17:05:37,976 - INFO - Trial 486 finished with value: 0.8188405797101449 and parameters: {'n_estimators': 246, 'max_depth': 19, 'min_samples_split': 6, 'min_samples_leaf': 1, 'class_weight': 'balanced'}. Best is trial 0 with value: 0.8508771929824562.
2025-02-02 17:05:38,179 - INFO - Trial 487 finished with value: 0.8508771929824562 and parameters: {'n_estimators': 163, 'max_depth': 18, 'min_samples_split': 8, 'min_samples_leaf': 1, 'class_weight': 'balanced'}. Best is trial 0 with value: 0.8508771929824562.
2025-02-02 17:05:38,393 - INFO - Trial 488 finished with value: 0.8227272727272728 and parameters: {'n_estimators': 138, 'max_depth': 15, 'min_samples_split': 6, 'min_samples_leaf': 3, 'class_weight': 'balanced'}. Best is trial 0 with value: 0.8508771929824562.
2025-02-02 17:05:38,639 - INFO - Trial 489 finished with value: 0.8508771929824562 and parameters: {'n_estimators': 183, 'max_depth': 11, 'min_samples_split': 5, 'min_samples_leaf': 2, 'class_weight': 'balanced'}. Best is trial 0 with value: 0.8508771929824562.
2025-02-02 17:05:38,820 - INFO - Trial 490 finished with value: 0.8508771929824562 and parameters: {'n_estimators': 110, 'max_depth': 16, 'min_samples_split': 7, 'min_samples_leaf': 1, 'class_weight': 'balanced'}. Best is trial 0 with value: 0.8508771929824562.
2025-02-02 17:05:39,015 - INFO - Trial 491 finished with value: 0.8188405797101449 and parameters: {'n_estimators': 153, 'max_depth': 14, 'min_samples_split': 7, 'min_samples_leaf': 1, 'class_weight': 'balanced'}. Best is trial 0 with value: 0.8508771929824562.
2025-02-02 17:05:39,138 - INFO - Trial 492 finished with value: 0.8508771929824562 and parameters: {'n_estimators': 85, 'max_depth': 20, 'min_samples_split': 7, 'min_samples_leaf': 1, 'class_weight': 'balanced'}. Best is trial 0 with value: 0.8508771929824562.
2025-02-02 17:05:39,358 - INFO - Trial 493 finished with value: 0.75 and parameters: {'n_estimators': 192, 'max_depth': 12, 'min_samples_split': 7, 'min_samples_leaf': 2, 'class_weight': None}. Best is trial 0 with value: 0.8508771929824562.
2025-02-02 17:05:39,594 - INFO - Trial 494 finished with value: 0.8188405797101449 and parameters: {'n_estimators': 214, 'max_depth': 18, 'min_samples_split': 4, 'min_samples_leaf': 1, 'class_weight': 'balanced'}. Best is trial 0 with value: 0.8508771929824562.
2025-02-02 17:05:39,846 - INFO - Trial 495 finished with value: 0.8227272727272728 and parameters: {'n_estimators': 202, 'max_depth': 17, 'min_samples_split': 6, 'min_samples_leaf': 3, 'class_weight': 'balanced'}. Best is trial 0 with value: 0.8508771929824562.
2025-02-02 17:05:40,049 - INFO - Trial 496 finished with value: 0.8508771929824562 and parameters: {'n_estimators': 170, 'max_depth': 13, 'min_samples_split': 5, 'min_samples_leaf': 2, 'class_weight': 'balanced'}. Best is trial 0 with value: 0.8508771929824562.
2025-02-02 17:05:40,263 - INFO - Trial 497 finished with value: 0.8508771929824562 and parameters: {'n_estimators': 176, 'max_depth': 19, 'min_samples_split': 8, 'min_samples_leaf': 1, 'class_weight': 'balanced'}. Best is trial 0 with value: 0.8508771929824562.
2025-02-02 17:05:40,447 - INFO - Trial 498 finished with value: 0.8508771929824562 and parameters: {'n_estimators': 127, 'max_depth': 14, 'min_samples_split': 6, 'min_samples_leaf': 1, 'class_weight': 'balanced'}. Best is trial 0 with value: 0.8508771929824562.
2025-02-02 17:05:40,619 - INFO - Trial 499 finished with value: 0.8508771929824562 and parameters: {'n_estimators': 131, 'max_depth': 7, 'min_samples_split': 7, 'min_samples_leaf': 2, 'class_weight': 'balanced'}. Best is trial 0 with value: 0.8508771929824562.
2025-02-02 17:05:40,803 - INFO - Trial 500 finished with value: 0.7662337662337663 and parameters: {'n_estimators': 158, 'max_depth': 15, 'min_samples_split': 10, 'min_samples_leaf': 1, 'class_weight': 'balanced'}. Best is trial 0 with value: 0.8508771929824562.
2025-02-02 17:05:40,976 - INFO - Trial 501 finished with value: 0.7662337662337663 and parameters: {'n_estimators': 142, 'max_depth': 18, 'min_samples_split': 3, 'min_samples_leaf': 4, 'class_weight': 'balanced'}. Best is trial 0 with value: 0.8508771929824562.
2025-02-02 17:05:41,078 - INFO - Trial 502 finished with value: 0.8188405797101449 and parameters: {'n_estimators': 65, 'max_depth': 17, 'min_samples_split': 5, 'min_samples_leaf': 1, 'class_weight': 'balanced'}. Best is trial 0 with value: 0.8508771929824562.
2025-02-02 17:05:41,306 - INFO - Trial 503 finished with value: 0.8227272727272728 and parameters: {'n_estimators': 196, 'max_depth': 12, 'min_samples_split': 7, 'min_samples_leaf': 2, 'class_weight': 'balanced'}. Best is trial 0 with value: 0.8508771929824562.
2025-02-02 17:05:41,586 - INFO - Trial 504 finished with value: 0.8188405797101449 and parameters: {'n_estimators': 207, 'max_depth': 19, 'min_samples_split': 7, 'min_samples_leaf': 1, 'class_weight': None}. Best is trial 0 with value: 0.8508771929824562.
2025-02-02 17:05:41,805 - INFO - Trial 505 finished with value: 0.8508771929824562 and parameters: {'n_estimators': 185, 'max_depth': 16, 'min_samples_split': 6, 'min_samples_leaf': 1, 'class_weight': 'balanced'}. Best is trial 0 with value: 0.8508771929824562.
2025-02-02 17:05:41,987 - INFO - Trial 506 finished with value: 0.8227272727272728 and parameters: {'n_estimators': 147, 'max_depth': 20, 'min_samples_split': 8, 'min_samples_leaf': 3, 'class_weight': 'balanced'}. Best is trial 0 with value: 0.8508771929824562.
2025-02-02 17:05:42,151 - INFO - Trial 507 finished with value: 0.8508771929824562 and parameters: {'n_estimators': 136, 'max_depth': 13, 'min_samples_split': 6, 'min_samples_leaf': 2, 'class_weight': 'balanced'}. Best is trial 0 with value: 0.8508771929824562.
2025-02-02 17:05:42,339 - INFO - Trial 508 finished with value: 0.8508771929824562 and parameters: {'n_estimators': 153, 'max_depth': 18, 'min_samples_split': 7, 'min_samples_leaf': 1, 'class_weight': 'balanced'}. Best is trial 0 with value: 0.8508771929824562.
2025-02-02 17:05:42,546 - INFO - Trial 509 finished with value: 0.8188405797101449 and parameters: {'n_estimators': 166, 'max_depth': 14, 'min_samples_split': 5, 'min_samples_leaf': 1, 'class_weight': 'balanced'}. Best is trial 0 with value: 0.8508771929824562.
2025-02-02 17:05:42,779 - INFO - Trial 510 finished with value: 0.8227272727272728 and parameters: {'n_estimators': 179, 'max_depth': 20, 'min_samples_split': 7, 'min_samples_leaf': 2, 'class_weight': 'balanced'}. Best is trial 0 with value: 0.8508771929824562.
2025-02-02 17:05:42,951 - INFO - Trial 511 finished with value: 0.8508771929824562 and parameters: {'n_estimators': 73, 'max_depth': 15, 'min_samples_split': 4, 'min_samples_leaf': 1, 'class_weight': 'balanced'}. Best is trial 0 with value: 0.8508771929824562.
2025-02-02 17:05:43,261 - INFO - Trial 512 finished with value: 0.7945736434108528 and parameters: {'n_estimators': 161, 'max_depth': 18, 'min_samples_split': 8, 'min_samples_leaf': 3, 'class_weight': 'balanced'}. Best is trial 0 with value: 0.8508771929824562.
2025-02-02 17:05:43,491 - INFO - Trial 513 finished with value: 0.8508771929824562 and parameters: {'n_estimators': 117, 'max_depth': 17, 'min_samples_split': 6, 'min_samples_leaf': 1, 'class_weight': 'balanced'}. Best is trial 0 with value: 0.8508771929824562.
2025-02-02 17:05:43,737 - INFO - Trial 514 finished with value: 0.8227272727272728 and parameters: {'n_estimators': 101, 'max_depth': 19, 'min_samples_split': 7, 'min_samples_leaf': 2, 'class_weight': 'balanced'}. Best is trial 0 with value: 0.8508771929824562.
2025-02-02 17:05:44,097 - INFO - Trial 515 finished with value: 0.8508771929824562 and parameters: {'n_estimators': 189, 'max_depth': 12, 'min_samples_split': 7, 'min_samples_leaf': 1, 'class_weight': 'balanced'}. Best is trial 0 with value: 0.8508771929824562.
2025-02-02 17:05:44,511 - INFO - Trial 516 finished with value: 0.846683354192741 and parameters: {'n_estimators': 213, 'max_depth': 6, 'min_samples_split': 2, 'min_samples_leaf': 1, 'class_weight': None}. Best is trial 0 with value: 0.8508771929824562.
2025-02-02 17:05:44,710 - INFO - Trial 517 finished with value: 0.8508771929824562 and parameters: {'n_estimators': 55, 'max_depth': 11, 'min_samples_split': 6, 'min_samples_leaf': 1, 'class_weight': 'balanced'}. Best is trial 0 with value: 0.8508771929824562.
2025-02-02 17:05:44,947 - INFO - Trial 518 finished with value: 0.8188405797101449 and parameters: {'n_estimators': 124, 'max_depth': 14, 'min_samples_split': 8, 'min_samples_leaf': 2, 'class_weight': 'balanced'}. Best is trial 0 with value: 0.8508771929824562.
2025-02-02 17:05:45,370 - INFO - Trial 519 finished with value: 0.8508771929824562 and parameters: {'n_estimators': 222, 'max_depth': 15, 'min_samples_split': 5, 'min_samples_leaf': 3, 'class_weight': 'balanced'}. Best is trial 0 with value: 0.8508771929824562.
2025-02-02 17:05:45,622 - INFO - Trial 520 finished with value: 0.7945736434108528 and parameters: {'n_estimators': 109, 'max_depth': 18, 'min_samples_split': 7, 'min_samples_leaf': 1, 'class_weight': 'balanced'}. Best is trial 0 with value: 0.8508771929824562.
2025-02-02 17:05:45,851 - INFO - Trial 521 finished with value: 0.8508771929824562 and parameters: {'n_estimators': 95, 'max_depth': 16, 'min_samples_split': 5, 'min_samples_leaf': 2, 'class_weight': 'balanced'}. Best is trial 0 with value: 0.8508771929824562.
2025-02-02 17:05:46,236 - INFO - Trial 522 finished with value: 0.8508771929824562 and parameters: {'n_estimators': 144, 'max_depth': 18, 'min_samples_split': 6, 'min_samples_leaf': 1, 'class_weight': 'balanced'}. Best is trial 0 with value: 0.8508771929824562.
2025-02-02 17:05:46,675 - INFO - Trial 523 finished with value: 0.8188405797101449 and parameters: {'n_estimators': 201, 'max_depth': 13, 'min_samples_split': 7, 'min_samples_leaf': 2, 'class_weight': 'balanced'}. Best is trial 0 with value: 0.8508771929824562.
2025-02-02 17:05:47,092 - INFO - Trial 524 finished with value: 0.8508771929824562 and parameters: {'n_estimators': 171, 'max_depth': 17, 'min_samples_split': 3, 'min_samples_leaf': 4, 'class_weight': 'balanced'}. Best is trial 0 with value: 0.8508771929824562.
2025-02-02 17:05:47,357 - INFO - Trial 525 finished with value: 0.7945736434108528 and parameters: {'n_estimators': 136, 'max_depth': 19, 'min_samples_split': 7, 'min_samples_leaf': 1, 'class_weight': 'balanced'}. Best is trial 0 with value: 0.8508771929824562.
2025-02-02 17:05:47,638 - INFO - Trial 526 finished with value: 0.8508771929824562 and parameters: {'n_estimators': 151, 'max_depth': 12, 'min_samples_split': 6, 'min_samples_leaf': 1, 'class_weight': 'balanced'}. Best is trial 0 with value: 0.8508771929824562.
2025-02-02 17:05:47,812 - INFO - Trial 527 finished with value: 0.75 and parameters: {'n_estimators': 79, 'max_depth': 20, 'min_samples_split': 8, 'min_samples_leaf': 1, 'class_weight': None}. Best is trial 0 with value: 0.8508771929824562.
