2025-02-02 15:37:09,847 - INFO - Trial 12 finished with value: 0.7662337662337663 and parameters: {'n_estimators': 220, 'max_depth': 15, 'min_samples_split': 7, 'min_samples_leaf': 4, 'class_weight': 'balanced'}. Best is trial 2 with value: 0.8508771929824562.
2025-02-02 15:37:09,980 - INFO - Trial 13 finished with value: 0.8227272727272728 and parameters: {'n_estimators': 164, 'max_depth': 11, 'min_samples_split': 8, 'min_samples_leaf': 2, 'class_weight': 'balanced'}. Best is trial 2 with value: 0.8508771929824562.
2025-02-02 15:37:10,065 - INFO - Trial 14 finished with value: 0.8508771929824562 and parameters: {'n_estimators': 105, 'max_depth': 15, 'min_samples_split': 6, 'min_samples_leaf': 2, 'class_weight': 'balanced'}. Best is trial 2 with value: 0.8508771929824562.
2025-02-02 15:37:10,270 - INFO - Trial 15 finished with value: 0.7662337662337663 and parameters: {'n_estimators': 281, 'max_depth': 13, 'min_samples_split': 6, 'min_samples_leaf': 4, 'class_weight': 'balanced'}. Best is trial 2 with value: 0.8508771929824562.
2025-02-02 15:37:10,409 - INFO - Trial 16 finished with value: 0.8188405797101449 and parameters: {'n_estimators': 180, 'max_depth': 17, 'min_samples_split': 4, 'min_samples_leaf': 2, 'class_weight': 'balanced'}. Best is trial 2 with value: 0.8508771929824562.
2025-02-02 15:37:10,601 - INFO - Trial 17 finished with value: 0.8227272727272728 and parameters: {'n_estimators': 260, 'max_depth': 9, 'min_samples_split': 8, 'min_samples_leaf': 4, 'class_weight': 'balanced'}. Best is trial 2 with value: 0.8508771929824562.
2025-02-02 15:37:10,762 - INFO - Trial 18 finished with value: 0.8188405797101449 and parameters: {'n_estimators': 213, 'max_depth': 20, 'min_samples_split': 4, 'min_samples_leaf': 2, 'class_weight': None}. Best is trial 2 with value: 0.8508771929824562.
2025-02-02 15:37:10,839 - INFO - Trial 19 finished with value: 0.7662337662337663 and parameters: {'n_estimators': 94, 'max_depth': 13, 'min_samples_split': 8, 'min_samples_leaf': 4, 'class_weight': 'balanced'}. Best is trial 2 with value: 0.8508771929824562.
2025-02-02 15:37:10,970 - INFO - Trial 20 finished with value: 0.8227272727272728 and parameters: {'n_estimators': 160, 'max_depth': 17, 'min_samples_split': 6, 'min_samples_leaf': 3, 'class_weight': 'balanced'}. Best is trial 2 with value: 0.8508771929824562.
2025-02-02 15:37:11,145 - INFO - Trial 21 finished with value: 0.8508771929824562 and parameters: {'n_estimators': 236, 'max_depth': 13, 'min_samples_split': 2, 'min_samples_leaf': 3, 'class_weight': 'balanced'}. Best is trial 2 with value: 0.8508771929824562.
2025-02-02 15:37:11,293 - INFO - Trial 22 finished with value: 0.8508771929824562 and parameters: {'n_estimators': 195, 'max_depth': 14, 'min_samples_split': 3, 'min_samples_leaf': 3, 'class_weight': 'balanced'}. Best is trial 2 with value: 0.8508771929824562.
2025-02-02 15:37:11,488 - INFO - Trial 23 finished with value: 0.8508771929824562 and parameters: {'n_estimators': 264, 'max_depth': 11, 'min_samples_split': 3, 'min_samples_leaf': 3, 'class_weight': 'balanced'}. Best is trial 2 with value: 0.8508771929824562.
2025-02-02 15:37:11,662 - INFO - Trial 24 finished with value: 0.8188405797101449 and parameters: {'n_estimators': 233, 'max_depth': 10, 'min_samples_split': 3, 'min_samples_leaf': 2, 'class_weight': 'balanced'}. Best is trial 2 with value: 0.8508771929824562.
2025-02-02 15:37:11,769 - INFO - Trial 25 finished with value: 0.8188405797101449 and parameters: {'n_estimators': 137, 'max_depth': 16, 'min_samples_split': 6, 'min_samples_leaf': 3, 'class_weight': 'balanced'}. Best is trial 2 with value: 0.8508771929824562.
2025-02-02 15:37:11,901 - INFO - Trial 26 finished with value: 0.75 and parameters: {'n_estimators': 175, 'max_depth': 12, 'min_samples_split': 10, 'min_samples_leaf': 4, 'class_weight': None}. Best is trial 2 with value: 0.8508771929824562.
2025-02-02 15:37:12,090 - INFO - Trial 27 finished with value: 0.8508771929824562 and parameters: {'n_estimators': 253, 'max_depth': 18, 'min_samples_split': 5, 'min_samples_leaf': 3, 'class_weight': 'balanced'}. Best is trial 2 with value: 0.8508771929824562.
2025-02-02 15:37:12,297 - INFO - Trial 28 finished with value: 0.8508771929824562 and parameters: {'n_estimators': 276, 'max_depth': 14, 'min_samples_split': 9, 'min_samples_leaf': 2, 'class_weight': 'balanced'}. Best is trial 2 with value: 0.8508771929824562.
2025-02-02 15:37:12,522 - INFO - Trial 29 finished with value: 0.8188405797101449 and parameters: {'n_estimators': 298, 'max_depth': 15, 'min_samples_split': 4, 'min_samples_leaf': 3, 'class_weight': None}. Best is trial 2 with value: 0.8508771929824562.
2025-02-02 15:37:12,689 - INFO - Trial 30 finished with value: 0.7662337662337663 and parameters: {'n_estimators': 225, 'max_depth': 9, 'min_samples_split': 9, 'min_samples_leaf': 4, 'class_weight': 'balanced'}. Best is trial 2 with value: 0.8508771929824562.
2025-02-02 15:37:12,835 - INFO - Trial 31 finished with value: 0.7945736434108528 and parameters: {'n_estimators': 193, 'max_depth': 12, 'min_samples_split': 7, 'min_samples_leaf': 2, 'class_weight': 'balanced'}. Best is trial 2 with value: 0.8508771929824562.
2025-02-02 15:37:12,980 - INFO - Trial 32 finished with value: 0.8508771929824562 and parameters: {'n_estimators': 189, 'max_depth': 10, 'min_samples_split': 7, 'min_samples_leaf': 1, 'class_weight': 'balanced'}. Best is trial 2 with value: 0.8508771929824562.
2025-02-02 15:37:13,146 - INFO - Trial 33 finished with value: 0.8188405797101449 and parameters: {'n_estimators': 204, 'max_depth': 7, 'min_samples_split': 6, 'min_samples_leaf': 2, 'class_weight': 'balanced'}. Best is trial 2 with value: 0.8508771929824562.
2025-02-02 15:37:13,261 - INFO - Trial 34 finished with value: 0.8227272727272728 and parameters: {'n_estimators': 145, 'max_depth': 16, 'min_samples_split': 5, 'min_samples_leaf': 3, 'class_weight': 'balanced'}. Best is trial 2 with value: 0.8508771929824562.
2025-02-02 15:37:13,392 - INFO - Trial 35 finished with value: 0.7853566958698374 and parameters: {'n_estimators': 167, 'max_depth': 4, 'min_samples_split': 8, 'min_samples_leaf': 1, 'class_weight': None}. Best is trial 2 with value: 0.8508771929824562.
2025-02-02 15:37:13,571 - INFO - Trial 36 finished with value: 0.8508771929824562 and parameters: {'n_estimators': 240, 'max_depth': 10, 'min_samples_split': 7, 'min_samples_leaf': 3, 'class_weight': 'balanced'}. Best is trial 2 with value: 0.8508771929824562.
2025-02-02 15:37:13,730 - INFO - Trial 37 finished with value: 0.8508771929824562 and parameters: {'n_estimators': 209, 'max_depth': 19, 'min_samples_split': 5, 'min_samples_leaf': 3, 'class_weight': 'balanced'}. Best is trial 2 with value: 0.8508771929824562.
2025-02-02 15:37:13,829 - INFO - Trial 38 finished with value: 0.8188405797101449 and parameters: {'n_estimators': 120, 'max_depth': 14, 'min_samples_split': 2, 'min_samples_leaf': 2, 'class_weight': None}. Best is trial 2 with value: 0.8508771929824562.
2025-02-02 15:37:13,993 - INFO - Trial 39 finished with value: 0.7912280701754386 and parameters: {'n_estimators': 219, 'max_depth': 12, 'min_samples_split': 7, 'min_samples_leaf': 3, 'class_weight': 'balanced'}. Best is trial 2 with value: 0.8508771929824562.
2025-02-02 15:37:14,115 - INFO - Trial 40 finished with value: 0.8508771929824562 and parameters: {'n_estimators': 154, 'max_depth': 7, 'min_samples_split': 5, 'min_samples_leaf': 3, 'class_weight': 'balanced'}. Best is trial 2 with value: 0.8508771929824562.
2025-02-02 15:37:14,173 - INFO - Trial 41 finished with value: 0.8508771929824562 and parameters: {'n_estimators': 61, 'max_depth': 15, 'min_samples_split': 6, 'min_samples_leaf': 2, 'class_weight': 'balanced'}. Best is trial 2 with value: 0.8508771929824562.
2025-02-02 15:37:14,258 - INFO - Trial 42 finished with value: 0.8188405797101449 and parameters: {'n_estimators': 101, 'max_depth': 16, 'min_samples_split': 6, 'min_samples_leaf': 2, 'class_weight': 'balanced'}. Best is trial 2 with value: 0.8508771929824562.
2025-02-02 15:37:14,358 - INFO - Trial 43 finished with value: 0.8508771929824562 and parameters: {'n_estimators': 117, 'max_depth': 13, 'min_samples_split': 6, 'min_samples_leaf': 1, 'class_weight': 'balanced'}. Best is trial 2 with value: 0.8508771929824562.
2025-02-02 15:37:14,419 - INFO - Trial 44 finished with value: 0.8508771929824562 and parameters: {'n_estimators': 51, 'max_depth': 17, 'min_samples_split': 7, 'min_samples_leaf': 2, 'class_weight': 'balanced'}. Best is trial 2 with value: 0.8508771929824562.
2025-02-02 15:37:14,565 - INFO - Trial 45 finished with value: 0.8188405797101449 and parameters: {'n_estimators': 180, 'max_depth': 15, 'min_samples_split': 5, 'min_samples_leaf': 2, 'class_weight': 'balanced'}. Best is trial 2 with value: 0.8508771929824562.
2025-02-02 15:37:14,637 - INFO - Trial 46 finished with value: 0.8508771929824562 and parameters: {'n_estimators': 82, 'max_depth': 11, 'min_samples_split': 8, 'min_samples_leaf': 3, 'class_weight': 'balanced'}. Best is trial 2 with value: 0.8508771929824562.
2025-02-02 15:37:14,824 - INFO - Trial 47 finished with value: 0.8188405797101449 and parameters: {'n_estimators': 251, 'max_depth': 14, 'min_samples_split': 4, 'min_samples_leaf': 2, 'class_weight': 'balanced'}. Best is trial 2 with value: 0.8508771929824562.
2025-02-02 15:37:14,996 - INFO - Trial 48 finished with value: 0.7853566958698374 and parameters: {'n_estimators': 230, 'max_depth': 19, 'min_samples_split': 7, 'min_samples_leaf': 3, 'class_weight': None}. Best is trial 2 with value: 0.8508771929824562.
2025-02-02 15:37:15,150 - INFO - Trial 49 finished with value: 0.8508771929824562 and parameters: {'n_estimators': 199, 'max_depth': 13, 'min_samples_split': 6, 'min_samples_leaf': 2, 'class_weight': 'balanced'}. Best is trial 2 with value: 0.8508771929824562.
2025-02-02 15:37:15,295 - INFO - Trial 50 finished with value: 0.7853566958698374 and parameters: {'n_estimators': 185, 'max_depth': 17, 'min_samples_split': 5, 'min_samples_leaf': 1, 'class_weight': 'balanced'}. Best is trial 2 with value: 0.8508771929824562.
2025-02-02 15:37:15,495 - INFO - Trial 51 finished with value: 0.8508771929824562 and parameters: {'n_estimators': 271, 'max_depth': 13, 'min_samples_split': 2, 'min_samples_leaf': 3, 'class_weight': 'balanced'}. Best is trial 2 with value: 0.8508771929824562.
2025-02-02 15:37:15,675 - INFO - Trial 52 finished with value: 0.8508771929824562 and parameters: {'n_estimators': 240, 'max_depth': 12, 'min_samples_split': 2, 'min_samples_leaf': 3, 'class_weight': 'balanced'}. Best is trial 2 with value: 0.8508771929824562.
2025-02-02 15:37:15,888 - INFO - Trial 53 finished with value: 0.8188405797101449 and parameters: {'n_estimators': 288, 'max_depth': 11, 'min_samples_split': 2, 'min_samples_leaf': 3, 'class_weight': 'balanced'}. Best is trial 2 with value: 0.8508771929824562.
2025-02-02 15:37:16,055 - INFO - Trial 54 finished with value: 0.8508771929824562 and parameters: {'n_estimators': 220, 'max_depth': 15, 'min_samples_split': 3, 'min_samples_leaf': 3, 'class_weight': 'balanced'}. Best is trial 2 with value: 0.8508771929824562.
2025-02-02 15:37:16,161 - INFO - Trial 55 finished with value: 0.7945736434108528 and parameters: {'n_estimators': 131, 'max_depth': 14, 'min_samples_split': 3, 'min_samples_leaf': 4, 'class_weight': 'balanced'}. Best is trial 2 with value: 0.8508771929824562.
2025-02-02 15:37:16,295 - INFO - Trial 56 finished with value: 0.8188405797101449 and parameters: {'n_estimators': 171, 'max_depth': 9, 'min_samples_split': 4, 'min_samples_leaf': 3, 'class_weight': 'balanced'}. Best is trial 2 with value: 0.8508771929824562.
2025-02-02 15:37:16,458 - INFO - Trial 57 finished with value: 0.8508771929824562 and parameters: {'n_estimators': 212, 'max_depth': 13, 'min_samples_split': 2, 'min_samples_leaf': 3, 'class_weight': 'balanced'}. Best is trial 2 with value: 0.8508771929824562.
2025-02-02 15:37:16,635 - INFO - Trial 58 finished with value: 0.8508771929824562 and parameters: {'n_estimators': 232, 'max_depth': 16, 'min_samples_split': 6, 'min_samples_leaf': 2, 'class_weight': 'balanced'}. Best is trial 2 with value: 0.8508771929824562.
2025-02-02 15:37:16,826 - INFO - Trial 59 finished with value: 0.75 and parameters: {'n_estimators': 253, 'max_depth': 12, 'min_samples_split': 3, 'min_samples_leaf': 4, 'class_weight': None}. Best is trial 2 with value: 0.8508771929824562.
2025-02-02 15:37:16,920 - INFO - Trial 60 finished with value: 0.8508771929824562 and parameters: {'n_estimators': 111, 'max_depth': 18, 'min_samples_split': 8, 'min_samples_leaf': 3, 'class_weight': 'balanced'}. Best is trial 2 with value: 0.8508771929824562.
2025-02-02 15:37:17,077 - INFO - Trial 61 finished with value: 0.8508771929824562 and parameters: {'n_estimators': 204, 'max_depth': 14, 'min_samples_split': 3, 'min_samples_leaf': 3, 'class_weight': 'balanced'}. Best is trial 2 with value: 0.8508771929824562.
2025-02-02 15:37:17,230 - INFO - Trial 62 finished with value: 0.8227272727272728 and parameters: {'n_estimators': 195, 'max_depth': 13, 'min_samples_split': 3, 'min_samples_leaf': 3, 'class_weight': 'balanced'}. Best is trial 2 with value: 0.8508771929824562.
2025-02-02 15:37:17,410 - INFO - Trial 63 finished with value: 0.8188405797101449 and parameters: {'n_estimators': 241, 'max_depth': 14, 'min_samples_split': 2, 'min_samples_leaf': 3, 'class_weight': 'balanced'}. Best is trial 2 with value: 0.8508771929824562.
2025-02-02 15:37:17,537 - INFO - Trial 64 finished with value: 0.8508771929824562 and parameters: {'n_estimators': 161, 'max_depth': 16, 'min_samples_split': 4, 'min_samples_leaf': 3, 'class_weight': 'balanced'}. Best is trial 2 with value: 0.8508771929824562.
2025-02-02 15:37:17,734 - INFO - Trial 65 finished with value: 0.8508771929824562 and parameters: {'n_estimators': 263, 'max_depth': 11, 'min_samples_split': 7, 'min_samples_leaf': 2, 'class_weight': 'balanced'}. Best is trial 2 with value: 0.8508771929824562.
2025-02-02 15:37:17,901 - INFO - Trial 66 finished with value: 0.8508771929824562 and parameters: {'n_estimators': 221, 'max_depth': 15, 'min_samples_split': 3, 'min_samples_leaf': 3, 'class_weight': 'balanced'}. Best is trial 2 with value: 0.8508771929824562.
2025-02-02 15:37:18,042 - INFO - Trial 67 finished with value: 0.8508771929824562 and parameters: {'n_estimators': 182, 'max_depth': 10, 'min_samples_split': 6, 'min_samples_leaf': 3, 'class_weight': 'balanced'}. Best is trial 2 with value: 0.8508771929824562.
2025-02-02 15:37:18,156 - INFO - Trial 68 finished with value: 0.75 and parameters: {'n_estimators': 140, 'max_depth': 12, 'min_samples_split': 9, 'min_samples_leaf': 2, 'class_weight': None}. Best is trial 2 with value: 0.8508771929824562.
2025-02-02 15:37:18,308 - INFO - Trial 69 finished with value: 0.7662337662337663 and parameters: {'n_estimators': 200, 'max_depth': 15, 'min_samples_split': 5, 'min_samples_leaf': 4, 'class_weight': 'balanced'}. Best is trial 2 with value: 0.8508771929824562.
2025-02-02 15:37:18,457 - INFO - Trial 70 finished with value: 0.8188405797101449 and parameters: {'n_estimators': 192, 'max_depth': 13, 'min_samples_split': 4, 'min_samples_leaf': 3, 'class_weight': 'balanced'}. Best is trial 2 with value: 0.8508771929824562.
2025-02-02 15:37:18,658 - INFO - Trial 71 finished with value: 0.8508771929824562 and parameters: {'n_estimators': 266, 'max_depth': 11, 'min_samples_split': 3, 'min_samples_leaf': 3, 'class_weight': 'balanced'}. Best is trial 2 with value: 0.8508771929824562.
2025-02-02 15:37:18,870 - INFO - Trial 72 finished with value: 0.8508771929824562 and parameters: {'n_estimators': 287, 'max_depth': 8, 'min_samples_split': 3, 'min_samples_leaf': 3, 'class_weight': 'balanced'}. Best is trial 2 with value: 0.8508771929824562.
2025-02-02 15:37:18,991 - INFO - Trial 73 finished with value: 0.8508771929824562 and parameters: {'n_estimators': 152, 'max_depth': 12, 'min_samples_split': 6, 'min_samples_leaf': 3, 'class_weight': 'balanced'}. Best is trial 2 with value: 0.8508771929824562.
2025-02-02 15:37:19,176 - INFO - Trial 74 finished with value: 0.8508771929824562 and parameters: {'n_estimators': 246, 'max_depth': 10, 'min_samples_split': 2, 'min_samples_leaf': 3, 'class_weight': 'balanced'}. Best is trial 2 with value: 0.8508771929824562.
2025-02-02 15:37:19,350 - INFO - Trial 75 finished with value: 0.8188405797101449 and parameters: {'n_estimators': 228, 'max_depth': 14, 'min_samples_split': 4, 'min_samples_leaf': 2, 'class_weight': 'balanced'}. Best is trial 2 with value: 0.8508771929824562.
2025-02-02 15:37:19,513 - INFO - Trial 76 finished with value: 0.8508771929824562 and parameters: {'n_estimators': 214, 'max_depth': 11, 'min_samples_split': 3, 'min_samples_leaf': 3, 'class_weight': 'balanced'}. Best is trial 2 with value: 0.8508771929824562.
2025-02-02 15:37:19,586 - INFO - Trial 77 finished with value: 0.8227272727272728 and parameters: {'n_estimators': 76, 'max_depth': 13, 'min_samples_split': 10, 'min_samples_leaf': 3, 'class_weight': 'balanced'}. Best is trial 2 with value: 0.8508771929824562.
2025-02-02 15:37:19,787 - INFO - Trial 78 finished with value: 0.8508771929824562 and parameters: {'n_estimators': 259, 'max_depth': 16, 'min_samples_split': 7, 'min_samples_leaf': 2, 'class_weight': 'balanced'}. Best is trial 2 with value: 0.8508771929824562.
2025-02-02 15:37:19,967 - INFO - Trial 79 finished with value: 0.7853566958698374 and parameters: {'n_estimators': 237, 'max_depth': 18, 'min_samples_split': 2, 'min_samples_leaf': 3, 'class_weight': None}. Best is trial 2 with value: 0.8508771929824562.
2025-02-02 15:37:20,072 - INFO - Trial 80 finished with value: 0.8508771929824562 and parameters: {'n_estimators': 130, 'max_depth': 12, 'min_samples_split': 6, 'min_samples_leaf': 3, 'class_weight': 'balanced'}. Best is trial 2 with value: 0.8508771929824562.
2025-02-02 15:37:20,261 - INFO - Trial 81 finished with value: 0.8508771929824562 and parameters: {'n_estimators': 250, 'max_depth': 18, 'min_samples_split': 5, 'min_samples_leaf': 3, 'class_weight': 'balanced'}. Best is trial 2 with value: 0.8508771929824562.
2025-02-02 15:37:20,469 - INFO - Trial 82 finished with value: 0.8508771929824562 and parameters: {'n_estimators': 276, 'max_depth': 19, 'min_samples_split': 5, 'min_samples_leaf': 3, 'class_weight': 'balanced'}. Best is trial 2 with value: 0.8508771929824562.
2025-02-02 15:37:20,662 - INFO - Trial 83 finished with value: 0.8508771929824562 and parameters: {'n_estimators': 253, 'max_depth': 20, 'min_samples_split': 7, 'min_samples_leaf': 3, 'class_weight': 'balanced'}. Best is trial 2 with value: 0.8508771929824562.
2025-02-02 15:37:20,800 - INFO - Trial 84 finished with value: 0.8508771929824562 and parameters: {'n_estimators': 175, 'max_depth': 17, 'min_samples_split': 6, 'min_samples_leaf': 3, 'class_weight': 'balanced'}. Best is trial 2 with value: 0.8508771929824562.
2025-02-02 15:37:20,973 - INFO - Trial 85 finished with value: 0.8188405797101449 and parameters: {'n_estimators': 224, 'max_depth': 19, 'min_samples_split': 4, 'min_samples_leaf': 2, 'class_weight': 'balanced'}. Best is trial 2 with value: 0.8508771929824562.
2025-02-02 15:37:21,152 - INFO - Trial 86 finished with value: 0.8508771929824562 and parameters: {'n_estimators': 235, 'max_depth': 17, 'min_samples_split': 5, 'min_samples_leaf': 3, 'class_weight': 'balanced'}. Best is trial 2 with value: 0.8508771929824562.
2025-02-02 15:37:21,346 - INFO - Trial 87 finished with value: 0.8508771929824562 and parameters: {'n_estimators': 258, 'max_depth': 14, 'min_samples_split': 7, 'min_samples_leaf': 3, 'class_weight': 'balanced'}. Best is trial 2 with value: 0.8508771929824562.
2025-02-02 15:37:21,507 - INFO - Trial 88 finished with value: 0.8508771929824562 and parameters: {'n_estimators': 207, 'max_depth': 15, 'min_samples_split': 6, 'min_samples_leaf': 3, 'class_weight': 'balanced'}. Best is trial 2 with value: 0.8508771929824562.
2025-02-02 15:37:21,694 - INFO - Trial 89 finished with value: 0.8227272727272728 and parameters: {'n_estimators': 246, 'max_depth': 5, 'min_samples_split': 3, 'min_samples_leaf': 2, 'class_weight': 'balanced'}. Best is trial 2 with value: 0.8508771929824562.
2025-02-02 15:37:21,858 - INFO - Trial 90 finished with value: 0.8188405797101449 and parameters: {'n_estimators': 216, 'max_depth': 13, 'min_samples_split': 2, 'min_samples_leaf': 3, 'class_weight': 'balanced'}. Best is trial 2 with value: 0.8508771929824562.
2025-02-02 15:37:22,062 - INFO - Trial 91 finished with value: 0.7662337662337663 and parameters: {'n_estimators': 270, 'max_depth': 14, 'min_samples_split': 9, 'min_samples_leaf': 2, 'class_weight': 'balanced'}. Best is trial 2 with value: 0.8508771929824562.
2025-02-02 15:37:22,272 - INFO - Trial 92 finished with value: 0.7945736434108528 and parameters: {'n_estimators': 278, 'max_depth': 14, 'min_samples_split': 10, 'min_samples_leaf': 2, 'class_weight': 'balanced'}. Best is trial 2 with value: 0.8508771929824562.
2025-02-02 15:37:22,486 - INFO - Trial 93 finished with value: 0.7945736434108528 and parameters: {'n_estimators': 287, 'max_depth': 11, 'min_samples_split': 9, 'min_samples_leaf': 2, 'class_weight': 'balanced'}. Best is trial 2 with value: 0.8508771929824562.
2025-02-02 15:37:22,709 - INFO - Trial 94 finished with value: 0.8188405797101449 and parameters: {'n_estimators': 298, 'max_depth': 12, 'min_samples_split': 8, 'min_samples_leaf': 2, 'class_weight': 'balanced'}. Best is trial 2 with value: 0.8508771929824562.
2025-02-02 15:37:22,913 - INFO - Trial 95 finished with value: 0.8188405797101449 and parameters: {'n_estimators': 271, 'max_depth': 13, 'min_samples_split': 6, 'min_samples_leaf': 3, 'class_weight': None}. Best is trial 2 with value: 0.8508771929824562.
