2025-02-02 13:46:37,415 - INFO - Trial 93 finished with value: 0.7853566958698374 and parameters: {'max_depth': 15, 'min_samples_split': 2, 'min_samples_leaf': 3, 'class_weight': 'balanced'}. Best is trial 2 with value: 0.7853566958698374.
2025-02-02 13:46:37,448 - INFO - Trial 94 finished with value: 0.7584541062801933 and parameters: {'max_depth': 17, 'min_samples_split': 3, 'min_samples_leaf': 3, 'class_weight': 'balanced'}. Best is trial 2 with value: 0.7853566958698374.
2025-02-02 13:46:37,480 - INFO - Trial 95 finished with value: 0.7853566958698374 and parameters: {'max_depth': 16, 'min_samples_split': 2, 'min_samples_leaf': 3, 'class_weight': 'balanced'}. Best is trial 2 with value: 0.7853566958698374.
2025-02-02 13:46:37,514 - INFO - Trial 96 finished with value: 0.7584541062801933 and parameters: {'max_depth': 11, 'min_samples_split': 5, 'min_samples_leaf': 3, 'class_weight': 'balanced'}. Best is trial 2 with value: 0.7853566958698374.
2025-02-02 13:46:37,547 - INFO - Trial 97 finished with value: 0.7853566958698374 and parameters: {'max_depth': 18, 'min_samples_split': 2, 'min_samples_leaf': 3, 'class_weight': 'balanced'}. Best is trial 2 with value: 0.7853566958698374.
2025-02-02 13:46:37,580 - INFO - Trial 98 finished with value: 0.7853566958698374 and parameters: {'max_depth': 10, 'min_samples_split': 3, 'min_samples_leaf': 3, 'class_weight': 'balanced'}. Best is trial 2 with value: 0.7853566958698374.
2025-02-02 13:46:37,612 - INFO - Trial 99 finished with value: 0.7584541062801933 and parameters: {'max_depth': 13, 'min_samples_split': 5, 'min_samples_leaf': 3, 'class_weight': None}. Best is trial 2 with value: 0.7853566958698374.
2025-02-02 13:46:37,844 - INFO - A new study created in memory with name: no-name-d1d8bd25-60ae-4008-9095-0b734ec18552
2025-02-02 13:46:38,081 - INFO - Trial 0 finished with value: 0.8188405797101449 and parameters: {'n_estimators': 238, 'max_depth': 15, 'learning_rate': 0.04873917055487652, 'subsample': 0.9635774042600052, 'colsample_bytree': 0.71453339035558, 'scale_pos_weight': 1.2673902068370317}. Best is trial 0 with value: 0.8188405797101449.
2025-02-02 13:46:38,134 - INFO - Trial 1 finished with value: 0.8508771929824562 and parameters: {'n_estimators': 55, 'max_depth': 20, 'learning_rate': 0.09773521418394798, 'subsample': 0.648567873438425, 'colsample_bytree': 0.6359841083254676, 'scale_pos_weight': 1.6079051940854852}. Best is trial 1 with value: 0.8508771929824562.
2025-02-02 13:46:38,230 - INFO - Trial 2 finished with value: 0.8508771929824562 and parameters: {'n_estimators': 247, 'max_depth': 4, 'learning_rate': 0.12381852164909403, 'subsample': 0.826034910285699, 'colsample_bytree': 0.5274237755571238, 'scale_pos_weight': 0.7878331049970579}. Best is trial 1 with value: 0.8508771929824562.
2025-02-02 13:46:38,322 - INFO - Trial 3 finished with value: 0.8188405797101449 and parameters: {'n_estimators': 258, 'max_depth': 20, 'learning_rate': 0.20034817149010226, 'subsample': 0.8677669828872736, 'colsample_bytree': 0.5465445681283334, 'scale_pos_weight': 1.3650078889737993}. Best is trial 1 with value: 0.8508771929824562.
2025-02-02 13:46:38,410 - INFO - Trial 4 finished with value: 0.8188405797101449 and parameters: {'n_estimators': 265, 'max_depth': 14, 'learning_rate': 0.2780770984923035, 'subsample': 0.9229533522120006, 'colsample_bytree': 0.5146902081339559, 'scale_pos_weight': 0.674797088411784}. Best is trial 1 with value: 0.8508771929824562.
2025-02-02 13:46:38,475 - INFO - Trial 5 finished with value: 0.8188405797101449 and parameters: {'n_estimators': 179, 'max_depth': 19, 'learning_rate': 0.28927526887492594, 'subsample': 0.8699337116883569, 'colsample_bytree': 0.9121585413113087, 'scale_pos_weight': 0.8278773175486414}. Best is trial 1 with value: 0.8508771929824562.
2025-02-02 13:46:38,568 - INFO - Trial 6 finished with value: 0.8188405797101449 and parameters: {'n_estimators': 223, 'max_depth': 13, 'learning_rate': 0.051157943868550125, 'subsample': 0.8773300958119907, 'colsample_bytree': 0.5305160824777098, 'scale_pos_weight': 1.1103412446073555}. Best is trial 1 with value: 0.8508771929824562.
2025-02-02 13:46:38,630 - INFO - Trial 7 finished with value: 0.8508771929824562 and parameters: {'n_estimators': 149, 'max_depth': 5, 'learning_rate': 0.03574464054694051, 'subsample': 0.5627724561088883, 'colsample_bytree': 0.8308515715222173, 'scale_pos_weight': 0.7545539169564519}. Best is trial 1 with value: 0.8508771929824562.
2025-02-02 13:46:38,678 - INFO - Trial 8 finished with value: 0.8188405797101449 and parameters: {'n_estimators': 83, 'max_depth': 9, 'learning_rate': 0.07808425896562353, 'subsample': 0.7902599415177459, 'colsample_bytree': 0.8456227244628763, 'scale_pos_weight': 0.7494897658757267}. Best is trial 1 with value: 0.8508771929824562.
2025-02-02 13:46:38,737 - INFO - Trial 9 finished with value: 0.8188405797101449 and parameters: {'n_estimators': 149, 'max_depth': 10, 'learning_rate': 0.2045106307798318, 'subsample': 0.914538930573635, 'colsample_bytree': 0.9596156535546696, 'scale_pos_weight': 1.1522613405054978}. Best is trial 1 with value: 0.8508771929824562.
2025-02-02 13:46:38,797 - INFO - Trial 10 finished with value: 0.8508771929824562 and parameters: {'n_estimators': 69, 'max_depth': 17, 'learning_rate': 0.12757561822334498, 'subsample': 0.6481879591880109, 'colsample_bytree': 0.664642759506005, 'scale_pos_weight': 1.8846278405115713}. Best is trial 1 with value: 0.8508771929824562.
2025-02-02 13:46:38,919 - INFO - Trial 11 finished with value: 0.8188405797101449 and parameters: {'n_estimators': 293, 'max_depth': 3, 'learning_rate': 0.1203519498680391, 'subsample': 0.6809026886596279, 'colsample_bytree': 0.6265370585671843, 'scale_pos_weight': 1.7457298319433066}. Best is trial 1 with value: 0.8508771929824562.
2025-02-02 13:46:38,982 - INFO - Trial 12 finished with value: 0.8188405797101449 and parameters: {'n_estimators': 108, 'max_depth': 8, 'learning_rate': 0.16817521573481622, 'subsample': 0.7559031527515612, 'colsample_bytree': 0.6110731682693356, 'scale_pos_weight': 1.5442898494393562}. Best is trial 1 with value: 0.8508771929824562.
2025-02-02 13:46:39,068 - INFO - Trial 13 finished with value: 0.8508771929824562 and parameters: {'n_estimators': 195, 'max_depth': 6, 'learning_rate': 0.09661100568205637, 'subsample': 0.508295080808068, 'colsample_bytree': 0.7331551417443434, 'scale_pos_weight': 1.5613062001501445}. Best is trial 1 with value: 0.8508771929824562.
2025-02-02 13:46:39,142 - INFO - Trial 14 finished with value: 0.7662337662337663 and parameters: {'n_estimators': 118, 'max_depth': 11, 'learning_rate': 0.010933358848426125, 'subsample': 0.6555235394787126, 'colsample_bytree': 0.5903722481815572, 'scale_pos_weight': 0.5197070309337294}. Best is trial 1 with value: 0.8508771929824562.
2025-02-02 13:46:39,228 - INFO - Trial 15 finished with value: 0.8188405797101449 and parameters: {'n_estimators': 203, 'max_depth': 16, 'learning_rate': 0.16482097816805985, 'subsample': 0.8093172080762122, 'colsample_bytree': 0.6736322975201884, 'scale_pos_weight': 0.970209376462708}. Best is trial 1 with value: 0.8508771929824562.
2025-02-02 13:46:39,287 - INFO - Trial 16 finished with value: 0.8508771929824562 and parameters: {'n_estimators': 51, 'max_depth': 7, 'learning_rate': 0.12819873392528683, 'subsample': 0.7095592680374074, 'colsample_bytree': 0.788184149468792, 'scale_pos_weight': 1.9624445535727286}. Best is trial 1 with value: 0.8508771929824562.
2025-02-02 13:46:39,404 - INFO - Trial 17 finished with value: 0.8792270531400965 and parameters: {'n_estimators': 296, 'max_depth': 3, 'learning_rate': 0.0913534744894145, 'subsample': 0.6059263210515272, 'colsample_bytree': 0.5712391797144625, 'scale_pos_weight': 1.4675635159869784}. Best is trial 17 with value: 0.8792270531400965.
2025-02-02 13:46:39,515 - INFO - Trial 18 finished with value: 0.8508771929824562 and parameters: {'n_estimators': 293, 'max_depth': 18, 'learning_rate': 0.08329352778488258, 'subsample': 0.58578329934287, 'colsample_bytree': 0.5902164034272148, 'scale_pos_weight': 1.5118160680733828}. Best is trial 17 with value: 0.8792270531400965.
2025-02-02 13:46:39,592 - INFO - Trial 19 finished with value: 0.8508771929824562 and parameters: {'n_estimators': 149, 'max_depth': 12, 'learning_rate': 0.23180024539450517, 'subsample': 0.5870838831417173, 'colsample_bytree': 0.6794809495425387, 'scale_pos_weight': 1.657668970031791}. Best is trial 17 with value: 0.8792270531400965.
2025-02-02 13:46:39,657 - INFO - Trial 20 finished with value: 0.8188405797101449 and parameters: {'n_estimators': 117, 'max_depth': 20, 'learning_rate': 0.06624306344162041, 'subsample': 0.5149058981627207, 'colsample_bytree': 0.7713855459684895, 'scale_pos_weight': 1.3829661953147985}. Best is trial 17 with value: 0.8792270531400965.
2025-02-02 13:46:39,756 - INFO - Trial 21 finished with value: 0.846683354192741 and parameters: {'n_estimators': 266, 'max_depth': 4, 'learning_rate': 0.10784264709784665, 'subsample': 0.6181038171431293, 'colsample_bytree': 0.5608074850259641, 'scale_pos_weight': 1.770712327608702}. Best is trial 17 with value: 0.8792270531400965.
2025-02-02 13:46:39,862 - INFO - Trial 22 finished with value: 0.8508771929824562 and parameters: {'n_estimators': 298, 'max_depth': 3, 'learning_rate': 0.14656056997347952, 'subsample': 0.7347436531239181, 'colsample_bytree': 0.5125174867830257, 'scale_pos_weight': 1.402803994994909}. Best is trial 17 with value: 0.8792270531400965.
2025-02-02 13:46:39,964 - INFO - Trial 23 finished with value: 0.8188405797101449 and parameters: {'n_estimators': 243, 'max_depth': 5, 'learning_rate': 0.09699828921120096, 'subsample': 0.8250627220360452, 'colsample_bytree': 0.6364251603950035, 'scale_pos_weight': 1.003684761709597}. Best is trial 17 with value: 0.8792270531400965.
2025-02-02 13:46:40,063 - INFO - Trial 24 finished with value: 0.8188405797101449 and parameters: {'n_estimators': 276, 'max_depth': 7, 'learning_rate': 0.14612097106471747, 'subsample': 0.6928810778422662, 'colsample_bytree': 0.5703360411818761, 'scale_pos_weight': 1.2396391870422492}. Best is trial 17 with value: 0.8792270531400965.
2025-02-02 13:46:40,158 - INFO - Trial 25 finished with value: 0.8508771929824562 and parameters: {'n_estimators': 223, 'max_depth': 3, 'learning_rate': 0.18546816218282594, 'subsample': 0.7605495851660966, 'colsample_bytree': 0.6337158390979427, 'scale_pos_weight': 1.6704233346125068}. Best is trial 17 with value: 0.8792270531400965.
2025-02-02 13:46:40,258 - INFO - Trial 26 finished with value: 0.8508771929824562 and parameters: {'n_estimators': 279, 'max_depth': 5, 'learning_rate': 0.11250475496959789, 'subsample': 0.632020430910165, 'colsample_bytree': 0.5010563584144573, 'scale_pos_weight': 0.5511383199519924}. Best is trial 17 with value: 0.8792270531400965.
2025-02-02 13:46:40,365 - INFO - Trial 27 finished with value: 0.8508771929824562 and parameters: {'n_estimators': 250, 'max_depth': 8, 'learning_rate': 0.02350180768801058, 'subsample': 0.5480836388505056, 'colsample_bytree': 0.5594054973220334, 'scale_pos_weight': 0.9235588970955156}. Best is trial 17 with value: 0.8792270531400965.
2025-02-02 13:46:40,458 - INFO - Trial 28 finished with value: 0.8188405797101449 and parameters: {'n_estimators': 216, 'max_depth': 10, 'learning_rate': 0.06521040404375719, 'subsample': 0.6047032562114163, 'colsample_bytree': 0.7105358269019704, 'scale_pos_weight': 1.4858829574154107}. Best is trial 17 with value: 0.8792270531400965.
2025-02-02 13:46:40,562 - INFO - Trial 29 finished with value: 0.8188405797101449 and parameters: {'n_estimators': 240, 'max_depth': 15, 'learning_rate': 0.05218256123442298, 'subsample': 0.9640131713777833, 'colsample_bytree': 0.6993526495014758, 'scale_pos_weight': 1.2565825542810545}. Best is trial 17 with value: 0.8792270531400965.
2025-02-02 13:46:40,658 - INFO - Trial 30 finished with value: 0.8508771929824562 and parameters: {'n_estimators': 181, 'max_depth': 4, 'learning_rate': 0.13876322544380973, 'subsample': 0.7227967115521091, 'colsample_bytree': 0.5830419021157657, 'scale_pos_weight': 1.0697550591192089}. Best is trial 17 with value: 0.8792270531400965.
2025-02-02 13:46:40,752 - INFO - Trial 31 finished with value: 0.8508771929824562 and parameters: {'n_estimators': 146, 'max_depth': 5, 'learning_rate': 0.03699133683538348, 'subsample': 0.5519614603972189, 'colsample_bytree': 0.7506738688951299, 'scale_pos_weight': 0.8106638768986467}. Best is trial 17 with value: 0.8792270531400965.
2025-02-02 13:46:40,825 - INFO - Trial 32 finished with value: 0.8508771929824562 and parameters: {'n_estimators': 99, 'max_depth': 6, 'learning_rate': 0.08661141428020347, 'subsample': 0.5527413751505776, 'colsample_bytree': 0.9325146275622689, 'scale_pos_weight': 0.6138541258086396}. Best is trial 17 with value: 0.8792270531400965.
2025-02-02 13:46:40,903 - INFO - Trial 33 finished with value: 0.8508771929824562 and parameters: {'n_estimators': 136, 'max_depth': 4, 'learning_rate': 0.030920802315499638, 'subsample': 0.6669743945217889, 'colsample_bytree': 0.8302285449429151, 'scale_pos_weight': 0.694923270614221}. Best is trial 17 with value: 0.8792270531400965.
2025-02-02 13:46:40,960 - INFO - Trial 34 finished with value: 0.8508771929824562 and parameters: {'n_estimators': 52, 'max_depth': 7, 'learning_rate': 0.06350796693930158, 'subsample': 0.569244895935512, 'colsample_bytree': 0.8732062624679676, 'scale_pos_weight': 0.8792114435752656}. Best is trial 17 with value: 0.8792270531400965.
2025-02-02 13:46:41,040 - INFO - Trial 35 finished with value: 0.7853566958698374 and parameters: {'n_estimators': 169, 'max_depth': 14, 'learning_rate': 0.1048641767202149, 'subsample': 0.8387386720535849, 'colsample_bytree': 0.5341656262214232, 'scale_pos_weight': 1.6370733879574495}. Best is trial 17 with value: 0.8792270531400965.
2025-02-02 13:46:41,141 - INFO - Trial 36 finished with value: 0.8188405797101449 and parameters: {'n_estimators': 258, 'max_depth': 6, 'learning_rate': 0.04253988440127013, 'subsample': 0.7817990194424594, 'colsample_bytree': 0.7933747563742944, 'scale_pos_weight': 1.178516388670837}. Best is trial 17 with value: 0.8792270531400965.
2025-02-02 13:46:41,196 - INFO - Trial 37 finished with value: 0.8188405797101449 and parameters: {'n_estimators': 73, 'max_depth': 19, 'learning_rate': 0.2520127929340492, 'subsample': 0.9029713609975577, 'colsample_bytree': 0.89025862004428, 'scale_pos_weight': 1.3520973071370483}. Best is trial 17 with value: 0.8792270531400965.
2025-02-02 13:46:41,282 - INFO - Trial 38 finished with value: 0.8508771929824562 and parameters: {'n_estimators': 169, 'max_depth': 4, 'learning_rate': 0.07627657395328091, 'subsample': 0.5260915720201244, 'colsample_bytree': 0.8336383344386151, 'scale_pos_weight': 0.7413861128859875}. Best is trial 17 with value: 0.8792270531400965.
2025-02-02 13:46:41,353 - INFO - Trial 39 finished with value: 0.8508771929824562 and parameters: {'n_estimators': 87, 'max_depth': 9, 'learning_rate': 0.014320533745354025, 'subsample': 0.6243086865106322, 'colsample_bytree': 0.5379738768544226, 'scale_pos_weight': 1.7859800627915516}. Best is trial 17 with value: 0.8792270531400965.
2025-02-02 13:46:41,444 - INFO - Trial 40 finished with value: 0.8188405797101449 and parameters: {'n_estimators': 228, 'max_depth': 12, 'learning_rate': 0.1833546458863341, 'subsample': 0.8558907826896667, 'colsample_bytree': 0.6093091961811812, 'scale_pos_weight': 1.4461080140379892}. Best is trial 17 with value: 0.8792270531400965.
2025-02-02 13:46:41,501 - INFO - Trial 41 finished with value: 0.8508771929824562 and parameters: {'n_estimators': 62, 'max_depth': 18, 'learning_rate': 0.13484850593710299, 'subsample': 0.6500796757702526, 'colsample_bytree': 0.6631417897568268, 'scale_pos_weight': 1.5955059989647054}. Best is trial 17 with value: 0.8792270531400965.
2025-02-02 13:46:41,564 - INFO - Trial 42 finished with value: 0.8508771929824562 and parameters: {'n_estimators': 65, 'max_depth': 17, 'learning_rate': 0.11370683653926487, 'subsample': 0.5942405013977181, 'colsample_bytree': 0.64651511656799, 'scale_pos_weight': 1.9285709156869468}. Best is trial 17 with value: 0.8792270531400965.
2025-02-02 13:46:41,631 - INFO - Trial 43 finished with value: 0.8508771929824562 and parameters: {'n_estimators': 86, 'max_depth': 18, 'learning_rate': 0.12436673987419866, 'subsample': 0.6923225355969668, 'colsample_bytree': 0.6091159386648545, 'scale_pos_weight': 1.84624405596467}. Best is trial 17 with value: 0.8792270531400965.
2025-02-02 13:46:41,696 - INFO - Trial 44 finished with value: 0.8508771929824562 and parameters: {'n_estimators': 101, 'max_depth': 20, 'learning_rate': 0.15560270605440135, 'subsample': 0.6466368096324095, 'colsample_bytree': 0.689279546994581, 'scale_pos_weight': 1.8494378527037387}. Best is trial 17 with value: 0.8792270531400965.
2025-02-02 13:46:41,784 - INFO - Trial 45 finished with value: 0.8508771929824562 and parameters: {'n_estimators': 200, 'max_depth': 16, 'learning_rate': 0.08803367184513514, 'subsample': 0.6738224771780523, 'colsample_bytree': 0.9917299500917212, 'scale_pos_weight': 1.699813426828968}. Best is trial 17 with value: 0.8792270531400965.
2025-02-02 13:46:41,861 - INFO - Trial 46 finished with value: 0.8508771929824562 and parameters: {'n_estimators': 124, 'max_depth': 19, 'learning_rate': 0.054913022252484164, 'subsample': 0.6149439951220673, 'colsample_bytree': 0.655436628970229, 'scale_pos_weight': 1.3169518431863965}. Best is trial 17 with value: 0.8792270531400965.
2025-02-02 13:46:41,924 - INFO - Trial 47 finished with value: 0.8188405797101449 and parameters: {'n_estimators': 76, 'max_depth': 14, 'learning_rate': 0.09935913783454632, 'subsample': 0.9328801904159483, 'colsample_bytree': 0.7265486069690071, 'scale_pos_weight': 1.986786303280745}. Best is trial 17 with value: 0.8792270531400965.
2025-02-02 13:46:42,022 - INFO - Trial 48 finished with value: 0.8508771929824562 and parameters: {'n_estimators': 279, 'max_depth': 3, 'learning_rate': 0.17174024247399594, 'subsample': 0.5767270925459077, 'colsample_bytree': 0.5238033993824924, 'scale_pos_weight': 0.629989161551036}. Best is trial 17 with value: 0.8792270531400965.
2025-02-02 13:46:42,080 - INFO - Trial 49 finished with value: 0.8508771929824562 and parameters: {'n_estimators': 62, 'max_depth': 17, 'learning_rate': 0.12538847681843487, 'subsample': 0.7761453242770442, 'colsample_bytree': 0.5500447506992663, 'scale_pos_weight': 0.8094018646365838}. Best is trial 17 with value: 0.8792270531400965.
2025-02-02 13:46:42,146 - INFO - Trial 50 finished with value: 0.8508771929824562 and parameters: {'n_estimators': 95, 'max_depth': 20, 'learning_rate': 0.2108402582607121, 'subsample': 0.5348453827213188, 'colsample_bytree': 0.6167662504837352, 'scale_pos_weight': 1.0774672614378977}. Best is trial 17 with value: 0.8792270531400965.
2025-02-02 13:46:42,233 - INFO - Trial 51 finished with value: 0.8188405797101449 and parameters: {'n_estimators': 193, 'max_depth': 6, 'learning_rate': 0.0945041286496467, 'subsample': 0.5015091119381276, 'colsample_bytree': 0.7309054122510922, 'scale_pos_weight': 1.5568690409363448}. Best is trial 17 with value: 0.8792270531400965.
2025-02-02 13:46:42,327 - INFO - Trial 52 finished with value: 0.8188405797101449 and parameters: {'n_estimators': 207, 'max_depth': 3, 'learning_rate': 0.08018426221374589, 'subsample': 0.5690997721156096, 'colsample_bytree': 0.7616768955481418, 'scale_pos_weight': 1.4446237757883404}. Best is trial 17 with value: 0.8792270531400965.
2025-02-02 13:46:42,403 - INFO - Trial 53 finished with value: 0.8188405797101449 and parameters: {'n_estimators': 157, 'max_depth': 5, 'learning_rate': 0.07412345788311217, 'subsample': 0.5210762321239306, 'colsample_bytree': 0.8008852778596535, 'scale_pos_weight': 1.6022508017205102}. Best is trial 17 with value: 0.8792270531400965.
2025-02-02 13:46:42,488 - INFO - Trial 54 finished with value: 0.8188405797101449 and parameters: {'n_estimators': 187, 'max_depth': 4, 'learning_rate': 0.11478952603333617, 'subsample': 0.6323042241300887, 'colsample_bytree': 0.5783120311932431, 'scale_pos_weight': 1.7448695468082778}. Best is trial 17 with value: 0.8792270531400965.
2025-02-02 13:46:42,587 - INFO - Trial 55 finished with value: 0.846683354192741 and parameters: {'n_estimators': 287, 'max_depth': 8, 'learning_rate': 0.15078319971930465, 'subsample': 0.8059480380806107, 'colsample_bytree': 0.6770782424077801, 'scale_pos_weight': 1.886788136552262}. Best is trial 17 with value: 0.8792270531400965.
2025-02-02 13:46:42,686 - INFO - Trial 56 finished with value: 0.8792270531400965 and parameters: {'n_estimators': 266, 'max_depth': 6, 'learning_rate': 0.1384515156707198, 'subsample': 0.5026406437911889, 'colsample_bytree': 0.5958948133996774, 'scale_pos_weight': 1.505400250863351}. Best is trial 17 with value: 0.8792270531400965.
2025-02-02 13:46:42,783 - INFO - Trial 57 finished with value: 0.8792270531400965 and parameters: {'n_estimators': 266, 'max_depth': 5, 'learning_rate': 0.13868954113011758, 'subsample': 0.6044433701489837, 'colsample_bytree': 0.5966159473098024, 'scale_pos_weight': 1.5114970173261895}. Best is trial 17 with value: 0.8792270531400965.
2025-02-02 13:46:42,891 - INFO - Trial 58 finished with value: 0.8508771929824562 and parameters: {'n_estimators': 268, 'max_depth': 5, 'learning_rate': 0.1601110259461789, 'subsample': 0.6008669124364767, 'colsample_bytree': 0.5991188493467332, 'scale_pos_weight': 1.5092660098946067}. Best is trial 17 with value: 0.8792270531400965.
2025-02-02 13:46:42,982 - INFO - Trial 59 finished with value: 0.846683354192741 and parameters: {'n_estimators': 251, 'max_depth': 4, 'learning_rate': 0.1369138174616522, 'subsample': 0.5395040287071681, 'colsample_bytree': 0.5662785200124786, 'scale_pos_weight': 1.433589387276737}. Best is trial 17 with value: 0.8792270531400965.
