2025-02-02 17:08:10,887 - INFO - Trial 51 finished with value: 0.846683354192741 and parameters: {'n_estimators': 96, 'max_depth': 11, 'learning_rate': 0.19873089680548267, 'subsample': 0.7111473406032364}. Best is trial 25 with value: 0.875.
2025-02-02 17:08:10,925 - INFO - Trial 52 finished with value: 0.8125 and parameters: {'n_estimators': 74, 'max_depth': 15, 'learning_rate': 0.16099846419436709, 'subsample': 0.6680309265327349}. Best is trial 25 with value: 0.875.
2025-02-02 17:08:10,980 - INFO - Trial 53 finished with value: 0.846683354192741 and parameters: {'n_estimators': 177, 'max_depth': 13, 'learning_rate': 0.18206830497767057, 'subsample': 0.690171039607177}. Best is trial 25 with value: 0.875.
2025-02-02 17:08:11,023 - INFO - Trial 54 finished with value: 0.875 and parameters: {'n_estimators': 86, 'max_depth': 10, 'learning_rate': 0.15682607895970196, 'subsample': 0.735074153148117}. Best is trial 25 with value: 0.875.
2025-02-02 17:08:11,064 - INFO - Trial 55 finished with value: 0.8125 and parameters: {'n_estimators': 87, 'max_depth': 10, 'learning_rate': 0.15509729429313873, 'subsample': 0.8060254993703931}. Best is trial 25 with value: 0.875.
2025-02-02 17:08:11,101 - INFO - Trial 56 finished with value: 0.8125 and parameters: {'n_estimators': 61, 'max_depth': 12, 'learning_rate': 0.19143130851683485, 'subsample': 0.7261394756812637}. Best is trial 25 with value: 0.875.
2025-02-02 17:08:11,146 - INFO - Trial 57 finished with value: 0.8188405797101449 and parameters: {'n_estimators': 101, 'max_depth': 16, 'learning_rate': 0.12774186418567618, 'subsample': 0.7453193290517098}. Best is trial 25 with value: 0.875.
2025-02-02 17:08:11,187 - INFO - Trial 58 finished with value: 0.7853566958698374 and parameters: {'n_estimators': 74, 'max_depth': 11, 'learning_rate': 0.09201162512505871, 'subsample': 0.7703963900533399}. Best is trial 25 with value: 0.875.
2025-02-02 17:08:11,250 - INFO - Trial 59 finished with value: 0.846683354192741 and parameters: {'n_estimators': 227, 'max_depth': 9, 'learning_rate': 0.17799866830857666, 'subsample': 0.658043900078131}. Best is trial 25 with value: 0.875.
2025-02-02 17:08:11,295 - INFO - Trial 60 finished with value: 0.846683354192741 and parameters: {'n_estimators': 108, 'max_depth': 13, 'learning_rate': 0.164555361224946, 'subsample': 0.7350676968908184}. Best is trial 25 with value: 0.875.
2025-02-02 17:08:11,334 - INFO - Trial 61 finished with value: 0.8508771929824562 and parameters: {'n_estimators': 82, 'max_depth': 9, 'learning_rate': 0.18467832996652858, 'subsample': 0.6980389880148045}. Best is trial 25 with value: 0.875.
2025-02-02 17:08:11,374 - INFO - Trial 62 finished with value: 0.7853566958698374 and parameters: {'n_estimators': 85, 'max_depth': 10, 'learning_rate': 0.1856589581402608, 'subsample': 0.7102060361067101}. Best is trial 25 with value: 0.875.
2025-02-02 17:08:11,415 - INFO - Trial 63 finished with value: 0.8125 and parameters: {'n_estimators': 77, 'max_depth': 9, 'learning_rate': 0.19513184746526666, 'subsample': 0.6898880197144819}. Best is trial 25 with value: 0.875.
2025-02-02 17:08:11,453 - INFO - Trial 64 finished with value: 0.7853566958698374 and parameters: {'n_estimators': 64, 'max_depth': 11, 'learning_rate': 0.17417982941943663, 'subsample': 0.6683851092667303}. Best is trial 25 with value: 0.875.
2025-02-02 17:08:11,490 - INFO - Trial 65 finished with value: 0.8125 and parameters: {'n_estimators': 55, 'max_depth': 12, 'learning_rate': 0.18231822176657103, 'subsample': 0.7650525280271009}. Best is trial 25 with value: 0.875.
2025-02-02 17:08:11,552 - INFO - Trial 66 finished with value: 0.8125 and parameters: {'n_estimators': 204, 'max_depth': 17, 'learning_rate': 0.15536660605907432, 'subsample': 0.7934395300476198}. Best is trial 25 with value: 0.875.
2025-02-02 17:08:11,603 - INFO - Trial 67 finished with value: 0.8125 and parameters: {'n_estimators': 123, 'max_depth': 7, 'learning_rate': 0.18848262588859976, 'subsample': 0.9956296509146136}. Best is trial 25 with value: 0.875.
2025-02-02 17:08:11,654 - INFO - Trial 68 finished with value: 0.7853566958698374 and parameters: {'n_estimators': 113, 'max_depth': 9, 'learning_rate': 0.14086351877987863, 'subsample': 0.7192881946594049}. Best is trial 25 with value: 0.875.
2025-02-02 17:08:11,702 - INFO - Trial 69 finished with value: 0.846683354192741 and parameters: {'n_estimators': 99, 'max_depth': 15, 'learning_rate': 0.1998954352929765, 'subsample': 0.6900796465282328}. Best is trial 25 with value: 0.875.
2025-02-02 17:08:11,745 - INFO - Trial 70 finished with value: 0.846683354192741 and parameters: {'n_estimators': 91, 'max_depth': 8, 'learning_rate': 0.1688619730004181, 'subsample': 0.699843728851749}. Best is trial 25 with value: 0.875.
2025-02-02 17:08:11,824 - INFO - Trial 71 finished with value: 0.875 and parameters: {'n_estimators': 254, 'max_depth': 10, 'learning_rate': 0.1778863351223366, 'subsample': 0.6476505766564395}. Best is trial 25 with value: 0.875.
2025-02-02 17:08:11,892 - INFO - Trial 72 finished with value: 0.846683354192741 and parameters: {'n_estimators': 249, 'max_depth': 10, 'learning_rate': 0.19378847144883257, 'subsample': 0.6531988552652382}. Best is trial 25 with value: 0.875.
2025-02-02 17:08:11,962 - INFO - Trial 73 finished with value: 0.846683354192741 and parameters: {'n_estimators': 262, 'max_depth': 9, 'learning_rate': 0.17780446043522474, 'subsample': 0.6734998145896826}. Best is trial 25 with value: 0.875.
2025-02-02 17:08:12,004 - INFO - Trial 74 finished with value: 0.8125 and parameters: {'n_estimators': 82, 'max_depth': 10, 'learning_rate': 0.18477526998307833, 'subsample': 0.6280299404725718}. Best is trial 25 with value: 0.875.
2025-02-02 17:08:12,044 - INFO - Trial 75 finished with value: 0.8188405797101449 and parameters: {'n_estimators': 73, 'max_depth': 11, 'learning_rate': 0.17945275631081872, 'subsample': 0.7391968423512487}. Best is trial 25 with value: 0.875.
2025-02-02 17:08:12,080 - INFO - Trial 76 finished with value: 0.8188405797101449 and parameters: {'n_estimators': 52, 'max_depth': 12, 'learning_rate': 0.16895792646793842, 'subsample': 0.6445251717727879}. Best is trial 25 with value: 0.875.
2025-02-02 17:08:12,134 - INFO - Trial 77 finished with value: 0.846683354192741 and parameters: {'n_estimators': 142, 'max_depth': 14, 'learning_rate': 0.189025252195006, 'subsample': 0.7126761950888505}. Best is trial 25 with value: 0.875.
2025-02-02 17:08:12,181 - INFO - Trial 78 finished with value: 0.875 and parameters: {'n_estimators': 106, 'max_depth': 8, 'learning_rate': 0.17435849258802422, 'subsample': 0.7535237287193707}. Best is trial 25 with value: 0.875.
2025-02-02 17:08:12,258 - INFO - Trial 79 finished with value: 0.846683354192741 and parameters: {'n_estimators': 287, 'max_depth': 8, 'learning_rate': 0.1578707692472008, 'subsample': 0.755703138198939}. Best is trial 25 with value: 0.875.
2025-02-02 17:08:12,308 - INFO - Trial 80 finished with value: 0.8125 and parameters: {'n_estimators': 106, 'max_depth': 7, 'learning_rate': 0.17271192674857652, 'subsample': 0.7817989498638643}. Best is trial 25 with value: 0.875.
2025-02-02 17:08:12,353 - INFO - Trial 81 finished with value: 0.846683354192741 and parameters: {'n_estimators': 87, 'max_depth': 8, 'learning_rate': 0.16205336331485307, 'subsample': 0.6779334797977323}. Best is trial 25 with value: 0.875.
2025-02-02 17:08:12,394 - INFO - Trial 82 finished with value: 0.8125 and parameters: {'n_estimators': 65, 'max_depth': 10, 'learning_rate': 0.1948508704009564, 'subsample': 0.6997457421462565}. Best is trial 25 with value: 0.875.
2025-02-02 17:08:12,443 - INFO - Trial 83 finished with value: 0.8125 and parameters: {'n_estimators': 100, 'max_depth': 6, 'learning_rate': 0.18153722445237608, 'subsample': 0.5964904407100913}. Best is trial 25 with value: 0.875.
2025-02-02 17:08:12,488 - INFO - Trial 84 finished with value: 0.9080100125156445 and parameters: {'n_estimators': 91, 'max_depth': 11, 'learning_rate': 0.16525642492798553, 'subsample': 0.7330716477823548}. Best is trial 84 with value: 0.9080100125156445.
2025-02-02 17:08:12,538 - INFO - Trial 85 finished with value: 0.7853566958698374 and parameters: {'n_estimators': 126, 'max_depth': 11, 'learning_rate': 0.1477579673287705, 'subsample': 0.736289116098564}. Best is trial 84 with value: 0.9080100125156445.
2025-02-02 17:08:12,581 - INFO - Trial 86 finished with value: 0.8125 and parameters: {'n_estimators': 93, 'max_depth': 15, 'learning_rate': 0.16470591058784187, 'subsample': 0.7238814067078654}. Best is trial 84 with value: 0.9080100125156445.
2025-02-02 17:08:12,633 - INFO - Trial 87 finished with value: 0.7853566958698374 and parameters: {'n_estimators': 114, 'max_depth': 17, 'learning_rate': 0.1343194096450087, 'subsample': 0.7530870617456726}. Best is trial 84 with value: 0.9080100125156445.
2025-02-02 17:08:12,673 - INFO - Trial 88 finished with value: 0.75 and parameters: {'n_estimators': 72, 'max_depth': 12, 'learning_rate': 0.07048893163866046, 'subsample': 0.5069233373497032}. Best is trial 84 with value: 0.9080100125156445.
2025-02-02 17:08:12,717 - INFO - Trial 89 finished with value: 0.8125 and parameters: {'n_estimators': 88, 'max_depth': 14, 'learning_rate': 0.1761283630412992, 'subsample': 0.7767297186332178}. Best is trial 84 with value: 0.9080100125156445.
2025-02-02 17:08:12,764 - INFO - Trial 90 finished with value: 0.7853566958698374 and parameters: {'n_estimators': 121, 'max_depth': 13, 'learning_rate': 0.17111481206562645, 'subsample': 0.9671473594028742}. Best is trial 84 with value: 0.9080100125156445.
2025-02-02 17:08:12,842 - INFO - Trial 91 finished with value: 0.846683354192741 and parameters: {'n_estimators': 299, 'max_depth': 9, 'learning_rate': 0.1866265288511811, 'subsample': 0.6600626509311326}. Best is trial 84 with value: 0.9080100125156445.
2025-02-02 17:08:12,884 - INFO - Trial 92 finished with value: 0.7853566958698374 and parameters: {'n_estimators': 83, 'max_depth': 10, 'learning_rate': 0.190733702360971, 'subsample': 0.7111096295782273}. Best is trial 84 with value: 0.9080100125156445.
2025-02-02 17:08:12,926 - INFO - Trial 93 finished with value: 0.7853566958698374 and parameters: {'n_estimators': 77, 'max_depth': 11, 'learning_rate': 0.1514951859594654, 'subsample': 0.6848157054637074}. Best is trial 84 with value: 0.9080100125156445.
2025-02-02 17:08:12,971 - INFO - Trial 94 finished with value: 0.8125 and parameters: {'n_estimators': 98, 'max_depth': 18, 'learning_rate': 0.17562886417522677, 'subsample': 0.8499736079432124}. Best is trial 84 with value: 0.9080100125156445.
2025-02-02 17:08:13,016 - INFO - Trial 95 finished with value: 0.9080100125156445 and parameters: {'n_estimators': 105, 'max_depth': 8, 'learning_rate': 0.16580341794872103, 'subsample': 0.7322872340081679}. Best is trial 84 with value: 0.9080100125156445.
2025-02-02 17:08:13,061 - INFO - Trial 96 finished with value: 0.7853566958698374 and parameters: {'n_estimators': 95, 'max_depth': 8, 'learning_rate': 0.15707827050304102, 'subsample': 0.7341313360664203}. Best is trial 84 with value: 0.9080100125156445.
2025-02-02 17:08:13,110 - INFO - Trial 97 finished with value: 0.8125 and parameters: {'n_estimators': 105, 'max_depth': 16, 'learning_rate': 0.1645370390605203, 'subsample': 0.8033775052514542}. Best is trial 84 with value: 0.9080100125156445.
2025-02-02 17:08:13,164 - INFO - Trial 98 finished with value: 0.846683354192741 and parameters: {'n_estimators': 135, 'max_depth': 10, 'learning_rate': 0.1670513553662353, 'subsample': 0.7477540936369739}. Best is trial 84 with value: 0.9080100125156445.
2025-02-02 17:08:13,217 - INFO - Trial 99 finished with value: 0.846683354192741 and parameters: {'n_estimators': 148, 'max_depth': 20, 'learning_rate': 0.18021244655641147, 'subsample': 0.7198167324055231}. Best is trial 84 with value: 0.9080100125156445.
2025-02-02 17:08:13,274 - INFO - Trial 100 finished with value: 0.8125 and parameters: {'n_estimators': 109, 'max_depth': 6, 'learning_rate': 0.1965005304145921, 'subsample': 0.7679619722573838}. Best is trial 84 with value: 0.9080100125156445.
2025-02-02 17:08:13,321 - INFO - Trial 101 finished with value: 0.846683354192741 and parameters: {'n_estimators': 79, 'max_depth': 7, 'learning_rate': 0.18270656773077834, 'subsample': 0.6955902195601603}. Best is trial 84 with value: 0.9080100125156445.
2025-02-02 17:08:13,369 - INFO - Trial 102 finished with value: 0.7853566958698374 and parameters: {'n_estimators': 70, 'max_depth': 9, 'learning_rate': 0.14488066163862176, 'subsample': 0.7063392147006786}. Best is trial 84 with value: 0.9080100125156445.
2025-02-02 17:08:13,422 - INFO - Trial 103 finished with value: 0.8792270531400965 and parameters: {'n_estimators': 91, 'max_depth': 9, 'learning_rate': 0.17174536174924585, 'subsample': 0.7329212212371865}. Best is trial 84 with value: 0.9080100125156445.
2025-02-02 17:08:13,469 - INFO - Trial 104 finished with value: 0.8401360544217686 and parameters: {'n_estimators': 91, 'max_depth': 8, 'learning_rate': 0.17166536966684884, 'subsample': 0.760632072762948}. Best is trial 84 with value: 0.9080100125156445.
2025-02-02 17:08:13,515 - INFO - Trial 105 finished with value: 0.7853566958698374 and parameters: {'n_estimators': 101, 'max_depth': 11, 'learning_rate': 0.16086025628876172, 'subsample': 0.7420333747638973}. Best is trial 84 with value: 0.9080100125156445.
2025-02-02 17:08:13,572 - INFO - Trial 106 finished with value: 0.8125 and parameters: {'n_estimators': 172, 'max_depth': 10, 'learning_rate': 0.15476269744370752, 'subsample': 0.7183147224456048}. Best is trial 84 with value: 0.9080100125156445.
2025-02-02 17:08:13,622 - INFO - Trial 107 finished with value: 0.846683354192741 and parameters: {'n_estimators': 118, 'max_depth': 7, 'learning_rate': 0.17584162155880617, 'subsample': 0.6263958151955396}. Best is trial 84 with value: 0.9080100125156445.
2025-02-02 17:08:13,684 - INFO - Trial 108 finished with value: 0.846683354192741 and parameters: {'n_estimators': 195, 'max_depth': 9, 'learning_rate': 0.11660031955944886, 'subsample': 0.6824920150384605}. Best is trial 84 with value: 0.9080100125156445.
2025-02-02 17:08:13,727 - INFO - Trial 109 finished with value: 0.875 and parameters: {'n_estimators': 88, 'max_depth': 12, 'learning_rate': 0.19249150107417592, 'subsample': 0.7286915094430138}. Best is trial 84 with value: 0.9080100125156445.
2025-02-02 17:08:13,782 - INFO - Trial 110 finished with value: 0.846683354192741 and parameters: {'n_estimators': 162, 'max_depth': 8, 'learning_rate': 0.16965084561544966, 'subsample': 0.6698542708231988}. Best is trial 84 with value: 0.9080100125156445.
2025-02-02 17:08:13,826 - INFO - Trial 111 finished with value: 0.875 and parameters: {'n_estimators': 89, 'max_depth': 12, 'learning_rate': 0.19185091459027542, 'subsample': 0.7347150428258172}. Best is trial 84 with value: 0.9080100125156445.
2025-02-02 17:08:13,876 - INFO - Trial 112 finished with value: 0.875 and parameters: {'n_estimators': 85, 'max_depth': 13, 'learning_rate': 0.18917080412402645, 'subsample': 0.7314257429938036}. Best is trial 84 with value: 0.9080100125156445.
2025-02-02 17:08:13,926 - INFO - Trial 113 finished with value: 0.846683354192741 and parameters: {'n_estimators': 97, 'max_depth': 11, 'learning_rate': 0.19686230754129777, 'subsample': 0.7496291292655812}. Best is trial 84 with value: 0.9080100125156445.
2025-02-02 17:08:14,000 - INFO - Trial 114 finished with value: 0.875 and parameters: {'n_estimators': 216, 'max_depth': 12, 'learning_rate': 0.1786466938484145, 'subsample': 0.644215451682687}. Best is trial 84 with value: 0.9080100125156445.
2025-02-02 17:08:14,044 - INFO - Trial 115 finished with value: 0.7853566958698374 and parameters: {'n_estimators': 63, 'max_depth': 9, 'learning_rate': 0.18513823039215374, 'subsample': 0.7170193133048203}. Best is trial 84 with value: 0.9080100125156445.
2025-02-02 17:08:14,087 - INFO - Trial 116 finished with value: 0.8401360544217686 and parameters: {'n_estimators': 78, 'max_depth': 10, 'learning_rate': 0.16410676733183935, 'subsample': 0.7608500918405018}. Best is trial 84 with value: 0.9080100125156445.
2025-02-02 17:08:14,139 - INFO - Trial 117 finished with value: 0.875 and parameters: {'n_estimators': 114, 'max_depth': 14, 'learning_rate': 0.19352264255755378, 'subsample': 0.7280449480001717}. Best is trial 84 with value: 0.9080100125156445.
2025-02-02 17:08:14,185 - INFO - Trial 118 finished with value: 0.846683354192741 and parameters: {'n_estimators': 103, 'max_depth': 13, 'learning_rate': 0.18755819527398157, 'subsample': 0.6949520096594967}. Best is trial 84 with value: 0.9080100125156445.
2025-02-02 17:08:14,239 - INFO - Trial 119 finished with value: 0.75 and parameters: {'n_estimators': 109, 'max_depth': 11, 'learning_rate': 0.03376525806887114, 'subsample': 0.7092947173793156}. Best is trial 84 with value: 0.9080100125156445.
2025-02-02 17:08:14,285 - INFO - Trial 120 finished with value: 0.7853566958698374 and parameters: {'n_estimators': 93, 'max_depth': 12, 'learning_rate': 0.17304682964737067, 'subsample': 0.8862550698864073}. Best is trial 84 with value: 0.9080100125156445.
2025-02-02 17:08:14,330 - INFO - Trial 121 finished with value: 0.846683354192741 and parameters: {'n_estimators': 87, 'max_depth': 12, 'learning_rate': 0.18255240686725854, 'subsample': 0.7420218115204986}. Best is trial 84 with value: 0.9080100125156445.
2025-02-02 17:08:14,376 - INFO - Trial 122 finished with value: 0.875 and parameters: {'n_estimators': 88, 'max_depth': 13, 'learning_rate': 0.19263791915228354, 'subsample': 0.7324646547458029}. Best is trial 84 with value: 0.9080100125156445.
2025-02-02 17:08:14,424 - INFO - Trial 123 finished with value: 0.8125 and parameters: {'n_estimators': 81, 'max_depth': 15, 'learning_rate': 0.1898877329607287, 'subsample': 0.7950006128030725}. Best is trial 84 with value: 0.9080100125156445.
2025-02-02 17:08:14,467 - INFO - Trial 124 finished with value: 0.7853566958698374 and parameters: {'n_estimators': 69, 'max_depth': 16, 'learning_rate': 0.19994515893302672, 'subsample': 0.7707748648131593}. Best is trial 84 with value: 0.9080100125156445.
2025-02-02 17:08:14,516 - INFO - Trial 125 finished with value: 0.8401360544217686 and parameters: {'n_estimators': 74, 'max_depth': 11, 'learning_rate': 0.17922223300915166, 'subsample': 0.7245800276462604}. Best is trial 84 with value: 0.9080100125156445.
2025-02-02 17:08:14,567 - INFO - Trial 126 finished with value: 0.8125 and parameters: {'n_estimators': 97, 'max_depth': 12, 'learning_rate': 0.16715358157787522, 'subsample': 0.7500190625945962}. Best is trial 84 with value: 0.9080100125156445.
2025-02-02 17:08:14,617 - INFO - Trial 127 finished with value: 0.8125 and parameters: {'n_estimators': 90, 'max_depth': 9, 'learning_rate': 0.15907160968080722, 'subsample': 0.657933102160341}. Best is trial 84 with value: 0.9080100125156445.
2025-02-02 17:08:14,665 - INFO - Trial 128 finished with value: 0.846683354192741 and parameters: {'n_estimators': 103, 'max_depth': 10, 'learning_rate': 0.18587265849580528, 'subsample': 0.6765877209800026}. Best is trial 84 with value: 0.9080100125156445.
2025-02-02 17:08:14,739 - INFO - Trial 129 finished with value: 0.846683354192741 and parameters: {'n_estimators': 245, 'max_depth': 12, 'learning_rate': 0.09942297414751904, 'subsample': 0.7381047769842783}. Best is trial 84 with value: 0.9080100125156445.
2025-02-02 17:08:14,784 - INFO - Trial 130 finished with value: 0.7853566958698374 and parameters: {'n_estimators': 83, 'max_depth': 11, 'learning_rate': 0.17632061701676302, 'subsample': 0.7039309288461895}. Best is trial 84 with value: 0.9080100125156445.
2025-02-02 17:08:14,830 - INFO - Trial 131 finished with value: 0.875 and parameters: {'n_estimators': 86, 'max_depth': 13, 'learning_rate': 0.19113583347122753, 'subsample': 0.729142895974341}. Best is trial 84 with value: 0.9080100125156445.
2025-02-02 17:08:14,874 - INFO - Trial 132 finished with value: 0.7853566958698374 and parameters: {'n_estimators': 77, 'max_depth': 13, 'learning_rate': 0.1962221571732452, 'subsample': 0.7588132672648552}. Best is trial 84 with value: 0.9080100125156445.
2025-02-02 17:08:14,921 - INFO - Trial 133 finished with value: 0.8401360544217686 and parameters: {'n_estimators': 95, 'max_depth': 14, 'learning_rate': 0.18947131855636432, 'subsample': 0.7175286104486771}. Best is trial 84 with value: 0.9080100125156445.
2025-02-02 17:08:14,966 - INFO - Trial 134 finished with value: 0.8188405797101449 and parameters: {'n_estimators': 91, 'max_depth': 12, 'learning_rate': 0.18304614239415043, 'subsample': 0.7323446363718396}. Best is trial 84 with value: 0.9080100125156445.
2025-02-02 17:08:15,013 - INFO - Trial 135 finished with value: 0.875 and parameters: {'n_estimators': 86, 'max_depth': 10, 'learning_rate': 0.19260096410033747, 'subsample': 0.7458737284639593}. Best is trial 84 with value: 0.9080100125156445.
2025-02-02 17:08:15,058 - INFO - Trial 136 finished with value: 0.8188405797101449 and parameters: {'n_estimators': 81, 'max_depth': 15, 'learning_rate': 0.18720780073965257, 'subsample': 0.6876933750596084}. Best is trial 84 with value: 0.9080100125156445.
2025-02-02 17:08:15,122 - INFO - Trial 137 finished with value: 0.846683354192741 and parameters: {'n_estimators': 208, 'max_depth': 8, 'learning_rate': 0.17285346220364448, 'subsample': 0.7019762775128865}. Best is trial 84 with value: 0.9080100125156445.
2025-02-02 17:08:15,173 - INFO - Trial 138 finished with value: 0.846683354192741 and parameters: {'n_estimators': 108, 'max_depth': 11, 'learning_rate': 0.18022024955212104, 'subsample': 0.6664463200813643}. Best is trial 84 with value: 0.9080100125156445.
