2025-02-02 15:12:07,132 - INFO - Trial 58 finished with value: 0.846683354192741 and parameters: {'n_estimators': 172, 'max_depth': 15, 'learning_rate': 0.1941428417002334, 'subsample': 0.5260166724182999}. Best is trial 50 with value: 0.8792270531400965.
2025-02-02 15:12:07,190 - INFO - Trial 59 finished with value: 0.8508771929824562 and parameters: {'n_estimators': 184, 'max_depth': 6, 'learning_rate': 0.13319464392469987, 'subsample': 0.6499890006163541}. Best is trial 50 with value: 0.8792270531400965.
2025-02-02 15:12:07,244 - INFO - Trial 60 finished with value: 0.8188405797101449 and parameters: {'n_estimators': 162, 'max_depth': 19, 'learning_rate': 0.17534741715991792, 'subsample': 0.5716578421630277}. Best is trial 50 with value: 0.8792270531400965.
2025-02-02 15:12:07,304 - INFO - Trial 61 finished with value: 0.8508771929824562 and parameters: {'n_estimators': 193, 'max_depth': 9, 'learning_rate': 0.11997249447667761, 'subsample': 0.7101280825404026}. Best is trial 50 with value: 0.8792270531400965.
2025-02-02 15:12:07,371 - INFO - Trial 62 finished with value: 0.8188405797101449 and parameters: {'n_estimators': 236, 'max_depth': 9, 'learning_rate': 0.10125962857491885, 'subsample': 0.6937617909094677}. Best is trial 50 with value: 0.8792270531400965.
2025-02-02 15:12:07,454 - INFO - Trial 63 finished with value: 0.8508771929824562 and parameters: {'n_estimators': 207, 'max_depth': 10, 'learning_rate': 0.194693848577759, 'subsample': 0.6836872238269577}. Best is trial 50 with value: 0.8792270531400965.
2025-02-02 15:12:07,514 - INFO - Trial 64 finished with value: 0.8188405797101449 and parameters: {'n_estimators': 109, 'max_depth': 7, 'learning_rate': 0.15664852753380495, 'subsample': 0.9914665403770484}. Best is trial 50 with value: 0.8792270531400965.
2025-02-02 15:12:07,572 - INFO - Trial 65 finished with value: 0.8188405797101449 and parameters: {'n_estimators': 134, 'max_depth': 8, 'learning_rate': 0.16737266642903242, 'subsample': 0.6752324776979713}. Best is trial 50 with value: 0.8792270531400965.
2025-02-02 15:12:07,633 - INFO - Trial 66 finished with value: 0.8188405797101449 and parameters: {'n_estimators': 193, 'max_depth': 14, 'learning_rate': 0.14548807735030048, 'subsample': 0.7413930842811097}. Best is trial 50 with value: 0.8792270531400965.
2025-02-02 15:12:07,691 - INFO - Trial 67 finished with value: 0.8188405797101449 and parameters: {'n_estimators': 185, 'max_depth': 11, 'learning_rate': 0.18514997024105864, 'subsample': 0.7706213474596252}. Best is trial 50 with value: 0.8792270531400965.
2025-02-02 15:12:07,741 - INFO - Trial 68 finished with value: 0.8508771929824562 and parameters: {'n_estimators': 85, 'max_depth': 10, 'learning_rate': 0.18475569664581262, 'subsample': 0.65150276523518}. Best is trial 50 with value: 0.8792270531400965.
2025-02-02 15:12:07,805 - INFO - Trial 69 finished with value: 0.846683354192741 and parameters: {'n_estimators': 217, 'max_depth': 16, 'learning_rate': 0.17707915671414104, 'subsample': 0.5480528355376844}. Best is trial 50 with value: 0.8792270531400965.
2025-02-02 15:12:07,871 - INFO - Trial 70 finished with value: 0.846683354192741 and parameters: {'n_estimators': 254, 'max_depth': 4, 'learning_rate': 0.1999726333670673, 'subsample': 0.5172510694259418}. Best is trial 50 with value: 0.8792270531400965.
2025-02-02 15:12:07,925 - INFO - Trial 71 finished with value: 0.8508771929824562 and parameters: {'n_estimators': 159, 'max_depth': 13, 'learning_rate': 0.18052598511405177, 'subsample': 0.6640063119357192}. Best is trial 50 with value: 0.8792270531400965.
2025-02-02 15:12:07,986 - INFO - Trial 72 finished with value: 0.8188405797101449 and parameters: {'n_estimators': 164, 'max_depth': 12, 'learning_rate': 0.08563762429780497, 'subsample': 0.7355052550684116}. Best is trial 50 with value: 0.8792270531400965.
2025-02-02 15:12:08,051 - INFO - Trial 73 finished with value: 0.8188405797101449 and parameters: {'n_estimators': 177, 'max_depth': 12, 'learning_rate': 0.19279680903047614, 'subsample': 0.7026323991231802}. Best is trial 50 with value: 0.8792270531400965.
2025-02-02 15:12:08,107 - INFO - Trial 74 finished with value: 0.8188405797101449 and parameters: {'n_estimators': 168, 'max_depth': 11, 'learning_rate': 0.18006405145403453, 'subsample': 0.6136920357583585}. Best is trial 50 with value: 0.8792270531400965.
2025-02-02 15:12:08,164 - INFO - Trial 75 finished with value: 0.8188405797101449 and parameters: {'n_estimators': 145, 'max_depth': 8, 'learning_rate': 0.16980518584390664, 'subsample': 0.5941614513470651}. Best is trial 50 with value: 0.8792270531400965.
2025-02-02 15:12:08,226 - INFO - Trial 76 finished with value: 0.8188405797101449 and parameters: {'n_estimators': 202, 'max_depth': 12, 'learning_rate': 0.1873583789600415, 'subsample': 0.819385052441278}. Best is trial 50 with value: 0.8792270531400965.
2025-02-02 15:12:08,282 - INFO - Trial 77 finished with value: 0.8188405797101449 and parameters: {'n_estimators': 153, 'max_depth': 9, 'learning_rate': 0.11243457838084696, 'subsample': 0.6357877081232368}. Best is trial 50 with value: 0.8792270531400965.
2025-02-02 15:12:08,355 - INFO - Trial 78 finished with value: 0.846683354192741 and parameters: {'n_estimators': 286, 'max_depth': 15, 'learning_rate': 0.1950386680646874, 'subsample': 0.6838365565426472}. Best is trial 50 with value: 0.8792270531400965.
2025-02-02 15:12:08,413 - INFO - Trial 79 finished with value: 0.8188405797101449 and parameters: {'n_estimators': 178, 'max_depth': 14, 'learning_rate': 0.16242959184527983, 'subsample': 0.6565841339675988}. Best is trial 50 with value: 0.8792270531400965.
2025-02-02 15:12:08,466 - INFO - Trial 80 finished with value: 0.846683354192741 and parameters: {'n_estimators': 137, 'max_depth': 13, 'learning_rate': 0.1765226002301045, 'subsample': 0.5549828186552767}. Best is trial 50 with value: 0.8792270531400965.
2025-02-02 15:12:08,539 - INFO - Trial 81 finished with value: 0.8188405797101449 and parameters: {'n_estimators': 286, 'max_depth': 11, 'learning_rate': 0.16729795385001664, 'subsample': 0.7306768892453931}. Best is trial 50 with value: 0.8792270531400965.
2025-02-02 15:12:08,581 - INFO - Trial 82 finished with value: 0.8508771929824562 and parameters: {'n_estimators': 60, 'max_depth': 10, 'learning_rate': 0.18818076481126486, 'subsample': 0.7076508089917692}. Best is trial 50 with value: 0.8792270531400965.
2025-02-02 15:12:08,658 - INFO - Trial 83 finished with value: 0.8188405797101449 and parameters: {'n_estimators': 299, 'max_depth': 11, 'learning_rate': 0.14808108334517672, 'subsample': 0.7178580731384631}. Best is trial 50 with value: 0.8792270531400965.
2025-02-02 15:12:08,733 - INFO - Trial 84 finished with value: 0.8188405797101449 and parameters: {'n_estimators': 275, 'max_depth': 12, 'learning_rate': 0.1348582702073189, 'subsample': 0.7665880735990973}. Best is trial 50 with value: 0.8792270531400965.
2025-02-02 15:12:08,808 - INFO - Trial 85 finished with value: 0.8188405797101449 and parameters: {'n_estimators': 295, 'max_depth': 10, 'learning_rate': 0.17269421998663345, 'subsample': 0.6768524066112871}. Best is trial 50 with value: 0.8792270531400965.
2025-02-02 15:12:08,887 - INFO - Trial 86 finished with value: 0.8508771929824562 and parameters: {'n_estimators': 264, 'max_depth': 9, 'learning_rate': 0.01227522049837916, 'subsample': 0.5004785913222051}. Best is trial 50 with value: 0.8792270531400965.
2025-02-02 15:12:08,944 - INFO - Trial 87 finished with value: 0.846683354192741 and parameters: {'n_estimators': 169, 'max_depth': 11, 'learning_rate': 0.15599869046227693, 'subsample': 0.532139403167963}. Best is trial 50 with value: 0.8792270531400965.
2025-02-02 15:12:09,003 - INFO - Trial 88 finished with value: 0.8508771929824562 and parameters: {'n_estimators': 187, 'max_depth': 8, 'learning_rate': 0.18228938316106508, 'subsample': 0.6975069719392684}. Best is trial 50 with value: 0.8792270531400965.
2025-02-02 15:12:09,051 - INFO - Trial 89 finished with value: 0.8188405797101449 and parameters: {'n_estimators': 94, 'max_depth': 6, 'learning_rate': 0.19157002496074235, 'subsample': 0.6221741828514312}. Best is trial 50 with value: 0.8792270531400965.
2025-02-02 15:12:09,100 - INFO - Trial 90 finished with value: 0.8508771929824562 and parameters: {'n_estimators': 114, 'max_depth': 13, 'learning_rate': 0.16599126422339774, 'subsample': 0.5875555068448546}. Best is trial 50 with value: 0.8792270531400965.
2025-02-02 15:12:09,154 - INFO - Trial 91 finished with value: 0.8188405797101449 and parameters: {'n_estimators': 128, 'max_depth': 19, 'learning_rate': 0.1283806472606003, 'subsample': 0.6682627311101326}. Best is trial 50 with value: 0.8792270531400965.
2025-02-02 15:12:09,215 - INFO - Trial 92 finished with value: 0.8188405797101449 and parameters: {'n_estimators': 124, 'max_depth': 18, 'learning_rate': 0.14372774886630366, 'subsample': 0.6418774510164862}. Best is trial 50 with value: 0.8792270531400965.
2025-02-02 15:12:09,279 - INFO - Trial 93 finished with value: 0.8508771929824562 and parameters: {'n_estimators': 152, 'max_depth': 20, 'learning_rate': 0.14887845297236044, 'subsample': 0.7157069362903582}. Best is trial 50 with value: 0.8792270531400965.
2025-02-02 15:12:09,338 - INFO - Trial 94 finished with value: 0.8188405797101449 and parameters: {'n_estimators': 141, 'max_depth': 20, 'learning_rate': 0.19535213310895938, 'subsample': 0.757008283782164}. Best is trial 50 with value: 0.8792270531400965.
2025-02-02 15:12:09,385 - INFO - Trial 95 finished with value: 0.8508771929824562 and parameters: {'n_estimators': 76, 'max_depth': 10, 'learning_rate': 0.13762106232681623, 'subsample': 0.6875038691005438}. Best is trial 50 with value: 0.8792270531400965.
2025-02-02 15:12:09,436 - INFO - Trial 96 finished with value: 0.8508771929824562 and parameters: {'n_estimators': 99, 'max_depth': 17, 'learning_rate': 0.17851144070789846, 'subsample': 0.6706167672856053}. Best is trial 50 with value: 0.8792270531400965.
2025-02-02 15:12:09,490 - INFO - Trial 97 finished with value: 0.8188405797101449 and parameters: {'n_estimators': 146, 'max_depth': 9, 'learning_rate': 0.15835267209628176, 'subsample': 0.7278959751870974}. Best is trial 50 with value: 0.8792270531400965.
2025-02-02 15:12:09,556 - INFO - Trial 98 finished with value: 0.8188405797101449 and parameters: {'n_estimators': 232, 'max_depth': 12, 'learning_rate': 0.18568230428781177, 'subsample': 0.6055221056080922}. Best is trial 50 with value: 0.8792270531400965.
2025-02-02 15:12:09,622 - INFO - Trial 99 finished with value: 0.8188405797101449 and parameters: {'n_estimators': 222, 'max_depth': 16, 'learning_rate': 0.17208903773423492, 'subsample': 0.6306894914621773}. Best is trial 50 with value: 0.8792270531400965.
2025-02-02 15:33:09,601 - INFO - A new study created in memory with name: no-name-4b2fe989-11df-4321-885c-a50c2b8dcf65
2025-02-02 15:33:09,826 - INFO - Trial 0 finished with value: 0.7662337662337663 and parameters: {'n_estimators': 298, 'max_depth': 15, 'min_samples_split': 5, 'min_samples_leaf': 4, 'class_weight': 'balanced'}. Best is trial 0 with value: 0.7662337662337663.
2025-02-02 15:33:09,960 - INFO - Trial 1 finished with value: 0.8188405797101449 and parameters: {'n_estimators': 183, 'max_depth': 7, 'min_samples_split': 7, 'min_samples_leaf': 1, 'class_weight': None}. Best is trial 1 with value: 0.8188405797101449.
2025-02-02 15:33:10,149 - INFO - Trial 2 finished with value: 0.75 and parameters: {'n_estimators': 266, 'max_depth': 18, 'min_samples_split': 8, 'min_samples_leaf': 3, 'class_weight': None}. Best is trial 1 with value: 0.8188405797101449.
2025-02-02 15:33:10,297 - INFO - Trial 3 finished with value: 0.8227272727272728 and parameters: {'n_estimators': 208, 'max_depth': 12, 'min_samples_split': 5, 'min_samples_leaf': 4, 'class_weight': 'balanced'}. Best is trial 3 with value: 0.8227272727272728.
2025-02-02 15:33:10,494 - INFO - Trial 4 finished with value: 0.75 and parameters: {'n_estimators': 258, 'max_depth': 6, 'min_samples_split': 6, 'min_samples_leaf': 4, 'class_weight': None}. Best is trial 3 with value: 0.8227272727272728.
2025-02-02 15:33:10,569 - INFO - Trial 5 finished with value: 0.7853566958698374 and parameters: {'n_estimators': 104, 'max_depth': 12, 'min_samples_split': 5, 'min_samples_leaf': 2, 'class_weight': None}. Best is trial 3 with value: 0.8227272727272728.
2025-02-02 15:33:10,622 - INFO - Trial 6 finished with value: 0.75 and parameters: {'n_estimators': 72, 'max_depth': 6, 'min_samples_split': 8, 'min_samples_leaf': 3, 'class_weight': None}. Best is trial 3 with value: 0.8227272727272728.
2025-02-02 15:33:10,848 - INFO - Trial 7 finished with value: 0.75 and parameters: {'n_estimators': 292, 'max_depth': 7, 'min_samples_split': 5, 'min_samples_leaf': 3, 'class_weight': None}. Best is trial 3 with value: 0.8227272727272728.
2025-02-02 15:33:10,937 - INFO - Trial 8 finished with value: 0.8227272727272728 and parameters: {'n_estimators': 124, 'max_depth': 11, 'min_samples_split': 7, 'min_samples_leaf': 3, 'class_weight': 'balanced'}. Best is trial 3 with value: 0.8227272727272728.
2025-02-02 15:33:11,122 - INFO - Trial 9 finished with value: 0.8188405797101449 and parameters: {'n_estimators': 243, 'max_depth': 11, 'min_samples_split': 4, 'min_samples_leaf': 2, 'class_weight': None}. Best is trial 3 with value: 0.8227272727272728.
2025-02-02 15:33:11,267 - INFO - Trial 10 finished with value: 0.8227272727272728 and parameters: {'n_estimators': 193, 'max_depth': 19, 'min_samples_split': 2, 'min_samples_leaf': 4, 'class_weight': 'balanced'}. Best is trial 3 with value: 0.8227272727272728.
2025-02-02 15:33:11,371 - INFO - Trial 11 finished with value: 0.7662337662337663 and parameters: {'n_estimators': 127, 'max_depth': 11, 'min_samples_split': 10, 'min_samples_leaf': 4, 'class_weight': 'balanced'}. Best is trial 3 with value: 0.8227272727272728.
2025-02-02 15:33:11,486 - INFO - Trial 12 finished with value: 0.8227272727272728 and parameters: {'n_estimators': 145, 'max_depth': 14, 'min_samples_split': 3, 'min_samples_leaf': 3, 'class_weight': 'balanced'}. Best is trial 3 with value: 0.8227272727272728.
2025-02-02 15:33:11,640 - INFO - Trial 13 finished with value: 0.7662337662337663 and parameters: {'n_estimators': 207, 'max_depth': 9, 'min_samples_split': 9, 'min_samples_leaf': 2, 'class_weight': 'balanced'}. Best is trial 3 with value: 0.8227272727272728.
2025-02-02 15:33:11,752 - INFO - Trial 14 finished with value: 0.7662337662337663 and parameters: {'n_estimators': 146, 'max_depth': 15, 'min_samples_split': 7, 'min_samples_leaf': 4, 'class_weight': 'balanced'}. Best is trial 3 with value: 0.8227272727272728.
2025-02-02 15:33:11,928 - INFO - Trial 15 finished with value: 0.7662337662337663 and parameters: {'n_estimators': 227, 'max_depth': 3, 'min_samples_split': 6, 'min_samples_leaf': 3, 'class_weight': 'balanced'}. Best is trial 3 with value: 0.8227272727272728.
2025-02-02 15:33:11,989 - INFO - Trial 16 finished with value: 0.8188405797101449 and parameters: {'n_estimators': 70, 'max_depth': 13, 'min_samples_split': 4, 'min_samples_leaf': 1, 'class_weight': 'balanced'}. Best is trial 3 with value: 0.8227272727272728.
2025-02-02 15:33:12,117 - INFO - Trial 17 finished with value: 0.8188405797101449 and parameters: {'n_estimators': 170, 'max_depth': 9, 'min_samples_split': 7, 'min_samples_leaf': 4, 'class_weight': 'balanced'}. Best is trial 3 with value: 0.8227272727272728.
2025-02-02 15:33:12,204 - INFO - Trial 18 finished with value: 0.7912280701754386 and parameters: {'n_estimators': 107, 'max_depth': 17, 'min_samples_split': 10, 'min_samples_leaf': 3, 'class_weight': 'balanced'}. Best is trial 3 with value: 0.8227272727272728.
2025-02-02 15:33:12,369 - INFO - Trial 19 finished with value: 0.8508771929824562 and parameters: {'n_estimators': 216, 'max_depth': 10, 'min_samples_split': 4, 'min_samples_leaf': 2, 'class_weight': 'balanced'}. Best is trial 19 with value: 0.8508771929824562.
2025-02-02 15:33:12,541 - INFO - Trial 20 finished with value: 0.8508771929824562 and parameters: {'n_estimators': 227, 'max_depth': 9, 'min_samples_split': 2, 'min_samples_leaf': 2, 'class_weight': 'balanced'}. Best is trial 19 with value: 0.8508771929824562.
2025-02-02 15:33:12,701 - INFO - Trial 21 finished with value: 0.8188405797101449 and parameters: {'n_estimators': 212, 'max_depth': 9, 'min_samples_split': 2, 'min_samples_leaf': 2, 'class_weight': 'balanced'}. Best is trial 19 with value: 0.8508771929824562.
2025-02-02 15:33:12,876 - INFO - Trial 22 finished with value: 0.8188405797101449 and parameters: {'n_estimators': 230, 'max_depth': 10, 'min_samples_split': 3, 'min_samples_leaf': 1, 'class_weight': 'balanced'}. Best is trial 19 with value: 0.8508771929824562.
2025-02-02 15:33:13,071 - INFO - Trial 23 finished with value: 0.8188405797101449 and parameters: {'n_estimators': 263, 'max_depth': 4, 'min_samples_split': 3, 'min_samples_leaf': 2, 'class_weight': 'balanced'}. Best is trial 19 with value: 0.8508771929824562.
2025-02-02 15:33:13,203 - INFO - Trial 24 finished with value: 0.7853566958698374 and parameters: {'n_estimators': 170, 'max_depth': 8, 'min_samples_split': 4, 'min_samples_leaf': 2, 'class_weight': 'balanced'}. Best is trial 19 with value: 0.8508771929824562.
2025-02-02 15:33:13,359 - INFO - Trial 25 finished with value: 0.8188405797101449 and parameters: {'n_estimators': 204, 'max_depth': 13, 'min_samples_split': 3, 'min_samples_leaf': 1, 'class_weight': 'balanced'}. Best is trial 19 with value: 0.8508771929824562.
2025-02-02 15:33:13,530 - INFO - Trial 26 finished with value: 0.8508771929824562 and parameters: {'n_estimators': 228, 'max_depth': 16, 'min_samples_split': 2, 'min_samples_leaf': 2, 'class_weight': 'balanced'}. Best is trial 19 with value: 0.8508771929824562.
2025-02-02 15:33:13,711 - INFO - Trial 27 finished with value: 0.8508771929824562 and parameters: {'n_estimators': 240, 'max_depth': 17, 'min_samples_split': 2, 'min_samples_leaf': 2, 'class_weight': 'balanced'}. Best is trial 19 with value: 0.8508771929824562.
2025-02-02 15:33:13,917 - INFO - Trial 28 finished with value: 0.8508771929824562 and parameters: {'n_estimators': 279, 'max_depth': 16, 'min_samples_split': 2, 'min_samples_leaf': 2, 'class_weight': 'balanced'}. Best is trial 19 with value: 0.8508771929824562.
2025-02-02 15:33:14,094 - INFO - Trial 29 finished with value: 0.8508771929824562 and parameters: {'n_estimators': 225, 'max_depth': 14, 'min_samples_split': 4, 'min_samples_leaf': 1, 'class_weight': 'balanced'}. Best is trial 19 with value: 0.8508771929824562.
2025-02-02 15:33:14,278 - INFO - Trial 30 finished with value: 0.8508771929824562 and parameters: {'n_estimators': 247, 'max_depth': 19, 'min_samples_split': 3, 'min_samples_leaf': 2, 'class_weight': 'balanced'}. Best is trial 19 with value: 0.8508771929824562.
2025-02-02 15:33:14,465 - INFO - Trial 31 finished with value: 0.8188405797101449 and parameters: {'n_estimators': 247, 'max_depth': 17, 'min_samples_split': 2, 'min_samples_leaf': 2, 'class_weight': 'balanced'}. Best is trial 19 with value: 0.8508771929824562.
2025-02-02 15:33:14,610 - INFO - Trial 32 finished with value: 0.8188405797101449 and parameters: {'n_estimators': 191, 'max_depth': 16, 'min_samples_split': 2, 'min_samples_leaf': 2, 'class_weight': 'balanced'}. Best is trial 19 with value: 0.8508771929824562.
2025-02-02 15:33:14,781 - INFO - Trial 33 finished with value: 0.8188405797101449 and parameters: {'n_estimators': 228, 'max_depth': 18, 'min_samples_split': 2, 'min_samples_leaf': 2, 'class_weight': 'balanced'}. Best is trial 19 with value: 0.8508771929824562.
2025-02-02 15:33:14,992 - INFO - Trial 34 finished with value: 0.8188405797101449 and parameters: {'n_estimators': 281, 'max_depth': 20, 'min_samples_split': 3, 'min_samples_leaf': 1, 'class_weight': 'balanced'}. Best is trial 19 with value: 0.8508771929824562.
2025-02-02 15:33:15,171 - INFO - Trial 35 finished with value: 0.8508771929824562 and parameters: {'n_estimators': 237, 'max_depth': 10, 'min_samples_split': 4, 'min_samples_leaf': 2, 'class_weight': 'balanced'}. Best is trial 19 with value: 0.8508771929824562.
2025-02-02 15:33:15,336 - INFO - Trial 36 finished with value: 0.7853566958698374 and parameters: {'n_estimators': 217, 'max_depth': 15, 'min_samples_split': 2, 'min_samples_leaf': 2, 'class_weight': None}. Best is trial 19 with value: 0.8508771929824562.
2025-02-02 15:33:15,482 - INFO - Trial 37 finished with value: 0.8508771929824562 and parameters: {'n_estimators': 184, 'max_depth': 7, 'min_samples_split': 3, 'min_samples_leaf': 1, 'class_weight': 'balanced'}. Best is trial 19 with value: 0.8508771929824562.
2025-02-02 15:33:15,693 - INFO - Trial 38 finished with value: 0.8188405797101449 and parameters: {'n_estimators': 271, 'max_depth': 5, 'min_samples_split': 5, 'min_samples_leaf': 2, 'class_weight': None}. Best is trial 19 with value: 0.8508771929824562.
2025-02-02 15:33:15,889 - INFO - Trial 39 finished with value: 0.7945736434108528 and parameters: {'n_estimators': 261, 'max_depth': 13, 'min_samples_split': 2, 'min_samples_leaf': 3, 'class_weight': 'balanced'}. Best is trial 19 with value: 0.8508771929824562.
2025-02-02 15:33:16,113 - INFO - Trial 40 finished with value: 0.7853566958698374 and parameters: {'n_estimators': 298, 'max_depth': 8, 'min_samples_split': 4, 'min_samples_leaf': 2, 'class_weight': None}. Best is trial 19 with value: 0.8508771929824562.
2025-02-02 15:33:16,326 - INFO - Trial 41 finished with value: 0.8188405797101449 and parameters: {'n_estimators': 284, 'max_depth': 16, 'min_samples_split': 2, 'min_samples_leaf': 2, 'class_weight': 'balanced'}. Best is trial 19 with value: 0.8508771929824562.
