2025-02-02 17:08:31,471 - INFO - Trial 400 finished with value: 0.875 and parameters: {'n_estimators': 89, 'max_depth': 11, 'learning_rate': 0.18799507954231934, 'subsample': 0.7206335242150376}. Best is trial 84 with value: 0.9080100125156445.
2025-02-02 17:08:31,564 - INFO - Trial 401 finished with value: 0.8188405797101449 and parameters: {'n_estimators': 103, 'max_depth': 15, 'learning_rate': 0.16981302839380474, 'subsample': 0.6933421861579384}. Best is trial 84 with value: 0.9080100125156445.
2025-02-02 17:08:31,647 - INFO - Trial 402 finished with value: 0.8188405797101449 and parameters: {'n_estimators': 64, 'max_depth': 14, 'learning_rate': 0.1822152655574626, 'subsample': 0.7323210668245531}. Best is trial 84 with value: 0.9080100125156445.
2025-02-02 17:08:31,732 - INFO - Trial 403 finished with value: 0.846683354192741 and parameters: {'n_estimators': 84, 'max_depth': 16, 'learning_rate': 0.1767353387605402, 'subsample': 0.7511979525937725}. Best is trial 84 with value: 0.9080100125156445.
2025-02-02 17:08:31,824 - INFO - Trial 404 finished with value: 0.8401360544217686 and parameters: {'n_estimators': 91, 'max_depth': 12, 'learning_rate': 0.19297124481166122, 'subsample': 0.7376069447794389}. Best is trial 84 with value: 0.9080100125156445.
2025-02-02 17:08:31,929 - INFO - Trial 405 finished with value: 0.846683354192741 and parameters: {'n_estimators': 97, 'max_depth': 13, 'learning_rate': 0.16551827091472945, 'subsample': 0.7080969279604958}. Best is trial 84 with value: 0.9080100125156445.
2025-02-02 17:08:32,013 - INFO - Trial 406 finished with value: 0.7853566958698374 and parameters: {'n_estimators': 69, 'max_depth': 10, 'learning_rate': 0.18570421025794698, 'subsample': 0.7225203679879224}. Best is trial 84 with value: 0.9080100125156445.
2025-02-02 17:08:32,099 - INFO - Trial 407 finished with value: 0.8125 and parameters: {'n_estimators': 80, 'max_depth': 12, 'learning_rate': 0.1969199311075347, 'subsample': 0.7696201344541669}. Best is trial 84 with value: 0.9080100125156445.
2025-02-02 17:08:32,182 - INFO - Trial 408 finished with value: 0.8188405797101449 and parameters: {'n_estimators': 75, 'max_depth': 11, 'learning_rate': 0.19979965735978852, 'subsample': 0.7418223383815022}. Best is trial 84 with value: 0.9080100125156445.
2025-02-02 17:08:32,269 - INFO - Trial 409 finished with value: 0.875 and parameters: {'n_estimators': 86, 'max_depth': 9, 'learning_rate': 0.19062310389471376, 'subsample': 0.7563953888882684}. Best is trial 84 with value: 0.9080100125156445.
2025-02-02 17:08:32,357 - INFO - Trial 410 finished with value: 0.8792270531400965 and parameters: {'n_estimators': 91, 'max_depth': 15, 'learning_rate': 0.17153789376161252, 'subsample': 0.7302853070606206}. Best is trial 84 with value: 0.9080100125156445.
2025-02-02 17:08:32,449 - INFO - Trial 411 finished with value: 0.846683354192741 and parameters: {'n_estimators': 104, 'max_depth': 15, 'learning_rate': 0.17007651716789154, 'subsample': 0.7274693426900624}. Best is trial 84 with value: 0.9080100125156445.
2025-02-02 17:08:32,541 - INFO - Trial 412 finished with value: 0.8401360544217686 and parameters: {'n_estimators': 93, 'max_depth': 15, 'learning_rate': 0.1739745840341472, 'subsample': 0.7148665336353043}. Best is trial 84 with value: 0.9080100125156445.
2025-02-02 17:08:32,634 - INFO - Trial 413 finished with value: 0.8125 and parameters: {'n_estimators': 109, 'max_depth': 16, 'learning_rate': 0.16359222723051273, 'subsample': 0.6983151223706989}. Best is trial 84 with value: 0.9080100125156445.
2025-02-02 17:08:32,754 - INFO - Trial 414 finished with value: 0.8792270531400965 and parameters: {'n_estimators': 221, 'max_depth': 15, 'learning_rate': 0.1679675461764924, 'subsample': 0.7332708280277903}. Best is trial 84 with value: 0.9080100125156445.
2025-02-02 17:08:32,875 - INFO - Trial 415 finished with value: 0.846683354192741 and parameters: {'n_estimators': 219, 'max_depth': 15, 'learning_rate': 0.16690162493999347, 'subsample': 0.7311368717626877}. Best is trial 84 with value: 0.9080100125156445.
2025-02-02 17:08:32,970 - INFO - Trial 416 finished with value: 0.8125 and parameters: {'n_estimators': 114, 'max_depth': 15, 'learning_rate': 0.16038907983125583, 'subsample': 0.7183499997822346}. Best is trial 84 with value: 0.9080100125156445.
2025-02-02 17:08:33,063 - INFO - Trial 417 finished with value: 0.8401360544217686 and parameters: {'n_estimators': 102, 'max_depth': 16, 'learning_rate': 0.16934338720991768, 'subsample': 0.7369516662898086}. Best is trial 84 with value: 0.9080100125156445.
2025-02-02 17:08:33,154 - INFO - Trial 418 finished with value: 0.8401360544217686 and parameters: {'n_estimators': 96, 'max_depth': 17, 'learning_rate': 0.1730994250696818, 'subsample': 0.7472759149693263}. Best is trial 84 with value: 0.9080100125156445.
2025-02-02 17:08:33,277 - INFO - Trial 419 finished with value: 0.8125 and parameters: {'n_estimators': 229, 'max_depth': 15, 'learning_rate': 0.16775827187889208, 'subsample': 0.7096499796185897}. Best is trial 84 with value: 0.9080100125156445.
2025-02-02 17:08:33,369 - INFO - Trial 420 finished with value: 0.846683354192741 and parameters: {'n_estimators': 90, 'max_depth': 15, 'learning_rate': 0.1628744428354306, 'subsample': 0.7293501584241179}. Best is trial 84 with value: 0.9080100125156445.
2025-02-02 17:08:33,495 - INFO - Trial 421 finished with value: 0.846683354192741 and parameters: {'n_estimators': 239, 'max_depth': 15, 'learning_rate': 0.1768058493577061, 'subsample': 0.739216942212106}. Best is trial 84 with value: 0.9080100125156445.
2025-02-02 17:08:33,617 - INFO - Trial 422 finished with value: 0.8125 and parameters: {'n_estimators': 208, 'max_depth': 16, 'learning_rate': 0.17413711683331418, 'subsample': 0.7249453764384444}. Best is trial 84 with value: 0.9080100125156445.
2025-02-02 17:08:33,707 - INFO - Trial 423 finished with value: 0.846683354192741 and parameters: {'n_estimators': 98, 'max_depth': 14, 'learning_rate': 0.1704668685700064, 'subsample': 0.6728025827742407}. Best is trial 84 with value: 0.9080100125156445.
2025-02-02 17:08:33,835 - INFO - Trial 424 finished with value: 0.846683354192741 and parameters: {'n_estimators': 247, 'max_depth': 15, 'learning_rate': 0.17802858872370433, 'subsample': 0.7490878419152943}. Best is trial 84 with value: 0.9080100125156445.
2025-02-02 17:08:33,942 - INFO - Trial 425 finished with value: 0.846683354192741 and parameters: {'n_estimators': 164, 'max_depth': 14, 'learning_rate': 0.13795881893524775, 'subsample': 0.6880870624001357}. Best is trial 84 with value: 0.9080100125156445.
2025-02-02 17:08:34,050 - INFO - Trial 426 finished with value: 0.846683354192741 and parameters: {'n_estimators': 155, 'max_depth': 15, 'learning_rate': 0.15871371144054638, 'subsample': 0.7610120606436395}. Best is trial 84 with value: 0.9080100125156445.
2025-02-02 17:08:34,138 - INFO - Trial 427 finished with value: 0.7853566958698374 and parameters: {'n_estimators': 53, 'max_depth': 8, 'learning_rate': 0.16506309436841324, 'subsample': 0.7350685109490377}. Best is trial 84 with value: 0.9080100125156445.
2025-02-02 17:08:34,259 - INFO - Trial 428 finished with value: 0.846683354192741 and parameters: {'n_estimators': 125, 'max_depth': 7, 'learning_rate': 0.17144236414941222, 'subsample': 0.7183608985310299}. Best is trial 84 with value: 0.9080100125156445.
2025-02-02 17:08:34,374 - INFO - Trial 429 finished with value: 0.8125 and parameters: {'n_estimators': 134, 'max_depth': 16, 'learning_rate': 0.17972324711295262, 'subsample': 0.7793289824618316}. Best is trial 84 with value: 0.9080100125156445.
2025-02-02 17:08:34,469 - INFO - Trial 430 finished with value: 0.8125 and parameters: {'n_estimators': 80, 'max_depth': 14, 'learning_rate': 0.17555567814675205, 'subsample': 0.7463153259839955}. Best is trial 84 with value: 0.9080100125156445.
2025-02-02 17:08:34,620 - INFO - Trial 431 finished with value: 0.8125 and parameters: {'n_estimators': 285, 'max_depth': 15, 'learning_rate': 0.14440740191666693, 'subsample': 0.7024057410601454}. Best is trial 84 with value: 0.9080100125156445.
2025-02-02 17:08:34,749 - INFO - Trial 432 finished with value: 0.8125 and parameters: {'n_estimators': 223, 'max_depth': 6, 'learning_rate': 0.16731574614608835, 'subsample': 0.7297487129307815}. Best is trial 84 with value: 0.9080100125156445.
2025-02-02 17:08:34,839 - INFO - Trial 433 finished with value: 0.875 and parameters: {'n_estimators': 90, 'max_depth': 8, 'learning_rate': 0.18114053695506252, 'subsample': 0.756025943757719}. Best is trial 84 with value: 0.9080100125156445.
2025-02-02 17:08:34,923 - INFO - Trial 434 finished with value: 0.8125 and parameters: {'n_estimators': 70, 'max_depth': 12, 'learning_rate': 0.15452921608833384, 'subsample': 0.7194096064794608}. Best is trial 84 with value: 0.9080100125156445.
2025-02-02 17:08:35,013 - INFO - Trial 435 finished with value: 0.846683354192741 and parameters: {'n_estimators': 84, 'max_depth': 15, 'learning_rate': 0.17292867786738222, 'subsample': 0.7410432932454466}. Best is trial 84 with value: 0.9080100125156445.
2025-02-02 17:08:35,112 - INFO - Trial 436 finished with value: 0.9080100125156445 and parameters: {'n_estimators': 95, 'max_depth': 11, 'learning_rate': 0.16413937565426925, 'subsample': 0.7311727038016371}. Best is trial 84 with value: 0.9080100125156445.
2025-02-02 17:08:35,207 - INFO - Trial 437 finished with value: 0.8125 and parameters: {'n_estimators': 99, 'max_depth': 11, 'learning_rate': 0.1609003147247073, 'subsample': 0.710551431510292}. Best is trial 84 with value: 0.9080100125156445.
2025-02-02 17:08:35,305 - INFO - Trial 438 finished with value: 0.846683354192741 and parameters: {'n_estimators': 107, 'max_depth': 11, 'learning_rate': 0.1662717734196737, 'subsample': 0.7261354217035665}. Best is trial 84 with value: 0.9080100125156445.
2025-02-02 17:08:35,398 - INFO - Trial 439 finished with value: 0.875 and parameters: {'n_estimators': 95, 'max_depth': 11, 'learning_rate': 0.1604863314299671, 'subsample': 0.6584431642380861}. Best is trial 84 with value: 0.9080100125156445.
2025-02-02 17:08:35,500 - INFO - Trial 440 finished with value: 0.8125 and parameters: {'n_estimators': 105, 'max_depth': 11, 'learning_rate': 0.16553705957147366, 'subsample': 0.738546263271936}. Best is trial 84 with value: 0.9080100125156445.
2025-02-02 17:08:35,598 - INFO - Trial 441 finished with value: 0.8188405797101449 and parameters: {'n_estimators': 100, 'max_depth': 11, 'learning_rate': 0.1632806695072307, 'subsample': 0.7512419683619513}. Best is trial 84 with value: 0.9080100125156445.
2025-02-02 17:08:35,691 - INFO - Trial 442 finished with value: 0.8125 and parameters: {'n_estimators': 93, 'max_depth': 12, 'learning_rate': 0.17039279826551038, 'subsample': 0.7198405223449705}. Best is trial 84 with value: 0.9080100125156445.
2025-02-02 17:08:35,808 - INFO - Trial 443 finished with value: 0.8125 and parameters: {'n_estimators': 191, 'max_depth': 12, 'learning_rate': 0.15303844234451405, 'subsample': 0.7620768058766286}. Best is trial 84 with value: 0.9080100125156445.
2025-02-02 17:08:35,897 - INFO - Trial 444 finished with value: 0.7853566958698374 and parameters: {'n_estimators': 89, 'max_depth': 8, 'learning_rate': 0.15696040765541883, 'subsample': 0.5049607335988802}. Best is trial 84 with value: 0.9080100125156445.
2025-02-02 17:08:36,037 - INFO - Trial 445 finished with value: 0.846683354192741 and parameters: {'n_estimators': 293, 'max_depth': 9, 'learning_rate': 0.16923089018295986, 'subsample': 0.7347448565732821}. Best is trial 84 with value: 0.9080100125156445.
2025-02-02 17:08:36,156 - INFO - Trial 446 finished with value: 0.846683354192741 and parameters: {'n_estimators': 200, 'max_depth': 16, 'learning_rate': 0.17461177277338272, 'subsample': 0.683511221608328}. Best is trial 84 with value: 0.9080100125156445.
2025-02-02 17:08:36,246 - INFO - Trial 447 finished with value: 0.8188405797101449 and parameters: {'n_estimators': 74, 'max_depth': 11, 'learning_rate': 0.17841137334281632, 'subsample': 0.6691709876017907}. Best is trial 84 with value: 0.9080100125156445.
2025-02-02 17:08:36,343 - INFO - Trial 448 finished with value: 0.8125 and parameters: {'n_estimators': 96, 'max_depth': 15, 'learning_rate': 0.16522395563406417, 'subsample': 0.7035050269982182}. Best is trial 84 with value: 0.9080100125156445.
2025-02-02 17:08:36,480 - INFO - Trial 449 finished with value: 0.846683354192741 and parameters: {'n_estimators': 235, 'max_depth': 15, 'learning_rate': 0.17220353747492712, 'subsample': 0.7457005275106476}. Best is trial 84 with value: 0.9080100125156445.
2025-02-02 17:08:36,576 - INFO - Trial 450 finished with value: 0.8401360544217686 and parameters: {'n_estimators': 85, 'max_depth': 12, 'learning_rate': 0.17700392685306268, 'subsample': 0.7285386995513192}. Best is trial 84 with value: 0.9080100125156445.
2025-02-02 17:08:36,706 - INFO - Trial 451 finished with value: 0.7853566958698374 and parameters: {'n_estimators': 212, 'max_depth': 14, 'learning_rate': 0.06934570365293385, 'subsample': 0.753294671831039}. Best is trial 84 with value: 0.9080100125156445.
2025-02-02 17:08:36,794 - INFO - Trial 452 finished with value: 0.7853566958698374 and parameters: {'n_estimators': 61, 'max_depth': 10, 'learning_rate': 0.1821095010845793, 'subsample': 0.7707442711117972}. Best is trial 84 with value: 0.9080100125156445.
2025-02-02 17:08:36,883 - INFO - Trial 453 finished with value: 0.8125 and parameters: {'n_estimators': 79, 'max_depth': 11, 'learning_rate': 0.1689541736036439, 'subsample': 0.7133036177396839}. Best is trial 84 with value: 0.9080100125156445.
2025-02-02 17:08:36,978 - INFO - Trial 454 finished with value: 0.8188405797101449 and parameters: {'n_estimators': 92, 'max_depth': 9, 'learning_rate': 0.18296829750474305, 'subsample': 0.738707736749018}. Best is trial 84 with value: 0.9080100125156445.
2025-02-02 17:08:37,077 - INFO - Trial 455 finished with value: 0.846683354192741 and parameters: {'n_estimators': 110, 'max_depth': 12, 'learning_rate': 0.16355311990177018, 'subsample': 0.7236800069817941}. Best is trial 84 with value: 0.9080100125156445.
2025-02-02 17:08:37,179 - INFO - Trial 456 finished with value: 0.846683354192741 and parameters: {'n_estimators': 100, 'max_depth': 16, 'learning_rate': 0.17583688168076222, 'subsample': 0.7438094268423691}. Best is trial 84 with value: 0.9080100125156445.
2025-02-02 17:08:37,276 - INFO - Trial 457 finished with value: 0.846683354192741 and parameters: {'n_estimators': 87, 'max_depth': 8, 'learning_rate': 0.1590394136507393, 'subsample': 0.7318102960094375}. Best is trial 84 with value: 0.9080100125156445.
2025-02-02 17:08:37,368 - INFO - Trial 458 finished with value: 0.8401360544217686 and parameters: {'n_estimators': 81, 'max_depth': 15, 'learning_rate': 0.17151273470399434, 'subsample': 0.7158649737340174}. Best is trial 84 with value: 0.9080100125156445.
2025-02-02 17:08:37,481 - INFO - Trial 459 finished with value: 0.846683354192741 and parameters: {'n_estimators': 140, 'max_depth': 12, 'learning_rate': 0.1666076617820396, 'subsample': 0.6976505670368393}. Best is trial 84 with value: 0.9080100125156445.
2025-02-02 17:08:37,583 - INFO - Trial 460 finished with value: 0.8125 and parameters: {'n_estimators': 95, 'max_depth': 11, 'learning_rate': 0.17945507216873885, 'subsample': 0.7588125246500135}. Best is trial 84 with value: 0.9080100125156445.
2025-02-02 17:08:37,678 - INFO - Trial 461 finished with value: 0.8125 and parameters: {'n_estimators': 75, 'max_depth': 10, 'learning_rate': 0.1846097353278729, 'subsample': 0.7338650631556146}. Best is trial 84 with value: 0.9080100125156445.
2025-02-02 17:08:37,773 - INFO - Trial 462 finished with value: 0.8125 and parameters: {'n_estimators': 104, 'max_depth': 15, 'learning_rate': 0.17308356120132196, 'subsample': 0.6195622706596787}. Best is trial 84 with value: 0.9080100125156445.
2025-02-02 17:08:37,863 - INFO - Trial 463 finished with value: 0.8125 and parameters: {'n_estimators': 86, 'max_depth': 14, 'learning_rate': 0.16222211641528936, 'subsample': 0.8118873587857236}. Best is trial 84 with value: 0.9080100125156445.
2025-02-02 17:08:37,959 - INFO - Trial 464 finished with value: 0.875 and parameters: {'n_estimators': 91, 'max_depth': 12, 'learning_rate': 0.1866674233551992, 'subsample': 0.7477435571862796}. Best is trial 84 with value: 0.9080100125156445.
2025-02-02 17:08:38,055 - INFO - Trial 465 finished with value: 0.8125 and parameters: {'n_estimators': 82, 'max_depth': 8, 'learning_rate': 0.1485486470170619, 'subsample': 0.7223092321897819}. Best is trial 84 with value: 0.9080100125156445.
2025-02-02 17:08:38,144 - INFO - Trial 466 finished with value: 0.8125 and parameters: {'n_estimators': 67, 'max_depth': 17, 'learning_rate': 0.1785422189125482, 'subsample': 0.7680832829722678}. Best is trial 84 with value: 0.9080100125156445.
2025-02-02 17:08:38,238 - INFO - Trial 467 finished with value: 0.8401360544217686 and parameters: {'n_estimators': 98, 'max_depth': 5, 'learning_rate': 0.15714397473830768, 'subsample': 0.6528030699445643}. Best is trial 84 with value: 0.9080100125156445.
2025-02-02 17:08:38,373 - INFO - Trial 468 finished with value: 0.846683354192741 and parameters: {'n_estimators': 244, 'max_depth': 7, 'learning_rate': 0.16884601264304236, 'subsample': 0.7416240850061708}. Best is trial 84 with value: 0.9080100125156445.
2025-02-02 17:08:38,473 - INFO - Trial 469 finished with value: 0.7853566958698374 and parameters: {'n_estimators': 117, 'max_depth': 11, 'learning_rate': 0.17508603130418154, 'subsample': 0.7083594021370341}. Best is trial 84 with value: 0.9080100125156445.
2025-02-02 17:08:38,567 - INFO - Trial 470 finished with value: 0.8188405797101449 and parameters: {'n_estimators': 89, 'max_depth': 19, 'learning_rate': 0.11290157249700555, 'subsample': 0.7297907816709408}. Best is trial 84 with value: 0.9080100125156445.
2025-02-02 17:08:38,653 - INFO - Trial 471 finished with value: 0.8125 and parameters: {'n_estimators': 76, 'max_depth': 15, 'learning_rate': 0.18263079272485014, 'subsample': 0.6347364724910315}. Best is trial 84 with value: 0.9080100125156445.
2025-02-02 17:08:38,745 - INFO - Trial 472 finished with value: 0.8125 and parameters: {'n_estimators': 93, 'max_depth': 8, 'learning_rate': 0.1676282315961015, 'subsample': 0.7539991219120298}. Best is trial 84 with value: 0.9080100125156445.
2025-02-02 17:08:38,840 - INFO - Trial 473 finished with value: 0.8401360544217686 and parameters: {'n_estimators': 106, 'max_depth': 14, 'learning_rate': 0.18785915266448616, 'subsample': 0.7387862749503138}. Best is trial 84 with value: 0.9080100125156445.
2025-02-02 17:08:38,942 - INFO - Trial 474 finished with value: 0.8125 and parameters: {'n_estimators': 84, 'max_depth': 11, 'learning_rate': 0.17156261505483864, 'subsample': 0.6673759125702766}. Best is trial 84 with value: 0.9080100125156445.
2025-02-02 17:08:39,050 - INFO - Trial 475 finished with value: 0.8125 and parameters: {'n_estimators': 101, 'max_depth': 16, 'learning_rate': 0.17945234154687767, 'subsample': 0.7209426131543417}. Best is trial 84 with value: 0.9080100125156445.
2025-02-02 17:08:39,129 - INFO - Trial 476 finished with value: 0.8401360544217686 and parameters: {'n_estimators': 81, 'max_depth': 12, 'learning_rate': 0.18425991031189784, 'subsample': 0.7490056413341583}. Best is trial 84 with value: 0.9080100125156445.
2025-02-02 17:08:39,220 - INFO - Trial 477 finished with value: 0.875 and parameters: {'n_estimators': 88, 'max_depth': 9, 'learning_rate': 0.17536885028023252, 'subsample': 0.7317199612419241}. Best is trial 84 with value: 0.9080100125156445.
2025-02-02 17:08:39,312 - INFO - Trial 478 finished with value: 0.846683354192741 and parameters: {'n_estimators': 95, 'max_depth': 10, 'learning_rate': 0.18929712191974749, 'subsample': 0.6908424692310425}. Best is trial 84 with value: 0.9080100125156445.
2025-02-02 17:08:39,401 - INFO - Trial 479 finished with value: 0.875 and parameters: {'n_estimators': 73, 'max_depth': 12, 'learning_rate': 0.16180557362638545, 'subsample': 0.7629514254102275}. Best is trial 84 with value: 0.9080100125156445.
2025-02-02 17:08:39,514 - INFO - Trial 480 finished with value: 0.8125 and parameters: {'n_estimators': 90, 'max_depth': 15, 'learning_rate': 0.180279520144203, 'subsample': 0.7259022923415087}. Best is trial 84 with value: 0.9080100125156445.
2025-02-02 17:08:39,620 - INFO - Trial 481 finished with value: 0.7853566958698374 and parameters: {'n_estimators': 79, 'max_depth': 11, 'learning_rate': 0.16473841233346828, 'subsample': 0.7785466776290316}. Best is trial 84 with value: 0.9080100125156445.
2025-02-02 17:08:39,717 - INFO - Trial 482 finished with value: 0.7853566958698374 and parameters: {'n_estimators': 86, 'max_depth': 9, 'learning_rate': 0.17205772450883455, 'subsample': 0.7082869871532038}. Best is trial 84 with value: 0.9080100125156445.
2025-02-02 17:08:39,810 - INFO - Trial 483 finished with value: 0.8401360544217686 and parameters: {'n_estimators': 98, 'max_depth': 7, 'learning_rate': 0.18556081735782412, 'subsample': 0.7415482148554441}. Best is trial 84 with value: 0.9080100125156445.
2025-02-02 17:08:39,911 - INFO - Trial 484 finished with value: 0.846683354192741 and parameters: {'n_estimators': 111, 'max_depth': 14, 'learning_rate': 0.17709902155490542, 'subsample': 0.7512859118420453}. Best is trial 84 with value: 0.9080100125156445.
2025-02-02 17:08:40,004 - INFO - Trial 485 finished with value: 0.8125 and parameters: {'n_estimators': 92, 'max_depth': 15, 'learning_rate': 0.16848538858768902, 'subsample': 0.7141913101794837}. Best is trial 84 with value: 0.9080100125156445.
2025-02-02 17:08:40,091 - INFO - Trial 486 finished with value: 0.8401360544217686 and parameters: {'n_estimators': 77, 'max_depth': 12, 'learning_rate': 0.19437394688548662, 'subsample': 0.7318651238181042}. Best is trial 84 with value: 0.9080100125156445.
