2025-02-02 17:08:06,699 - INFO - Trial 960 finished with value: 0.8188405797101449 and parameters: {'max_depth': 3, 'min_samples_split': 6, 'min_samples_leaf': 2, 'class_weight': None}. Best is trial 49 with value: 0.9396135265700484.
2025-02-02 17:08:06,734 - INFO - Trial 961 finished with value: 0.8246753246753247 and parameters: {'max_depth': 16, 'min_samples_split': 4, 'min_samples_leaf': 2, 'class_weight': 'balanced'}. Best is trial 49 with value: 0.9396135265700484.
2025-02-02 17:08:06,768 - INFO - Trial 962 finished with value: 0.8818181818181818 and parameters: {'max_depth': 4, 'min_samples_split': 5, 'min_samples_leaf': 2, 'class_weight': None}. Best is trial 49 with value: 0.9396135265700484.
2025-02-02 17:08:06,804 - INFO - Trial 963 finished with value: 0.8818181818181818 and parameters: {'max_depth': 17, 'min_samples_split': 2, 'min_samples_leaf': 2, 'class_weight': None}. Best is trial 49 with value: 0.9396135265700484.
2025-02-02 17:08:06,839 - INFO - Trial 964 finished with value: 0.8188405797101449 and parameters: {'max_depth': 3, 'min_samples_split': 5, 'min_samples_leaf': 2, 'class_weight': None}. Best is trial 49 with value: 0.9396135265700484.
2025-02-02 17:08:06,874 - INFO - Trial 965 finished with value: 0.8818181818181818 and parameters: {'max_depth': 16, 'min_samples_split': 3, 'min_samples_leaf': 2, 'class_weight': None}. Best is trial 49 with value: 0.9396135265700484.
2025-02-02 17:08:06,908 - INFO - Trial 966 finished with value: 0.7853566958698374 and parameters: {'max_depth': 18, 'min_samples_split': 5, 'min_samples_leaf': 1, 'class_weight': None}. Best is trial 49 with value: 0.9396135265700484.
2025-02-02 17:08:06,942 - INFO - Trial 967 finished with value: 0.8818181818181818 and parameters: {'max_depth': 15, 'min_samples_split': 5, 'min_samples_leaf': 2, 'class_weight': None}. Best is trial 49 with value: 0.9396135265700484.
2025-02-02 17:08:06,977 - INFO - Trial 968 finished with value: 0.9396135265700484 and parameters: {'max_depth': 3, 'min_samples_split': 2, 'min_samples_leaf': 2, 'class_weight': None}. Best is trial 49 with value: 0.9396135265700484.
2025-02-02 17:08:07,013 - INFO - Trial 969 finished with value: 0.8188405797101449 and parameters: {'max_depth': 11, 'min_samples_split': 4, 'min_samples_leaf': 2, 'class_weight': None}. Best is trial 49 with value: 0.9396135265700484.
2025-02-02 17:08:07,047 - INFO - Trial 970 finished with value: 0.9080100125156445 and parameters: {'max_depth': 4, 'min_samples_split': 5, 'min_samples_leaf': 3, 'class_weight': None}. Best is trial 49 with value: 0.9396135265700484.
2025-02-02 17:08:07,082 - INFO - Trial 971 finished with value: 0.9396135265700484 and parameters: {'max_depth': 3, 'min_samples_split': 5, 'min_samples_leaf': 2, 'class_weight': None}. Best is trial 49 with value: 0.9396135265700484.
2025-02-02 17:08:07,120 - INFO - Trial 972 finished with value: 0.8818181818181818 and parameters: {'max_depth': 17, 'min_samples_split': 2, 'min_samples_leaf': 2, 'class_weight': None}. Best is trial 49 with value: 0.9396135265700484.
2025-02-02 17:08:07,161 - INFO - Trial 973 finished with value: 0.9105263157894736 and parameters: {'max_depth': 5, 'min_samples_split': 7, 'min_samples_leaf': 2, 'class_weight': None}. Best is trial 49 with value: 0.9396135265700484.
2025-02-02 17:08:07,196 - INFO - Trial 974 finished with value: 0.8188405797101449 and parameters: {'max_depth': 15, 'min_samples_split': 5, 'min_samples_leaf': 2, 'class_weight': None}. Best is trial 49 with value: 0.9396135265700484.
2025-02-02 17:08:07,229 - INFO - Trial 975 finished with value: 0.7912280701754386 and parameters: {'max_depth': 16, 'min_samples_split': 4, 'min_samples_leaf': 2, 'class_weight': None}. Best is trial 49 with value: 0.9396135265700484.
2025-02-02 17:08:07,265 - INFO - Trial 976 finished with value: 0.8188405797101449 and parameters: {'max_depth': 3, 'min_samples_split': 5, 'min_samples_leaf': 2, 'class_weight': None}. Best is trial 49 with value: 0.9396135265700484.
2025-02-02 17:08:07,300 - INFO - Trial 977 finished with value: 0.9105263157894736 and parameters: {'max_depth': 14, 'min_samples_split': 3, 'min_samples_leaf': 2, 'class_weight': None}. Best is trial 49 with value: 0.9396135265700484.
2025-02-02 17:08:07,335 - INFO - Trial 978 finished with value: 0.8188405797101449 and parameters: {'max_depth': 16, 'min_samples_split': 2, 'min_samples_leaf': 2, 'class_weight': None}. Best is trial 49 with value: 0.9396135265700484.
2025-02-02 17:08:07,373 - INFO - Trial 979 finished with value: 0.7912280701754386 and parameters: {'max_depth': 4, 'min_samples_split': 10, 'min_samples_leaf': 2, 'class_weight': None}. Best is trial 49 with value: 0.9396135265700484.
2025-02-02 17:08:07,409 - INFO - Trial 980 finished with value: 0.7912280701754386 and parameters: {'max_depth': 15, 'min_samples_split': 6, 'min_samples_leaf': 2, 'class_weight': 'balanced'}. Best is trial 49 with value: 0.9396135265700484.
2025-02-02 17:08:07,444 - INFO - Trial 981 finished with value: 0.8188405797101449 and parameters: {'max_depth': 3, 'min_samples_split': 5, 'min_samples_leaf': 2, 'class_weight': None}. Best is trial 49 with value: 0.9396135265700484.
2025-02-02 17:08:07,480 - INFO - Trial 982 finished with value: 0.8188405797101449 and parameters: {'max_depth': 3, 'min_samples_split': 5, 'min_samples_leaf': 2, 'class_weight': None}. Best is trial 49 with value: 0.9396135265700484.
2025-02-02 17:08:07,515 - INFO - Trial 983 finished with value: 0.8818181818181818 and parameters: {'max_depth': 16, 'min_samples_split': 3, 'min_samples_leaf': 2, 'class_weight': None}. Best is trial 49 with value: 0.9396135265700484.
2025-02-02 17:08:07,553 - INFO - Trial 984 finished with value: 0.8188405797101449 and parameters: {'max_depth': 15, 'min_samples_split': 5, 'min_samples_leaf': 2, 'class_weight': None}. Best is trial 49 with value: 0.9396135265700484.
2025-02-02 17:08:07,589 - INFO - Trial 985 finished with value: 0.8188405797101449 and parameters: {'max_depth': 9, 'min_samples_split': 5, 'min_samples_leaf': 2, 'class_weight': None}. Best is trial 49 with value: 0.9396135265700484.
2025-02-02 17:08:07,629 - INFO - Trial 986 finished with value: 0.8818181818181818 and parameters: {'max_depth': 17, 'min_samples_split': 2, 'min_samples_leaf': 2, 'class_weight': None}. Best is trial 49 with value: 0.9396135265700484.
2025-02-02 17:08:07,667 - INFO - Trial 987 finished with value: 0.9105263157894736 and parameters: {'max_depth': 4, 'min_samples_split': 5, 'min_samples_leaf': 2, 'class_weight': None}. Best is trial 49 with value: 0.9396135265700484.
2025-02-02 17:08:07,708 - INFO - Trial 988 finished with value: 0.8818181818181818 and parameters: {'max_depth': 14, 'min_samples_split': 5, 'min_samples_leaf': 2, 'class_weight': None}. Best is trial 49 with value: 0.9396135265700484.
2025-02-02 17:08:07,752 - INFO - Trial 989 finished with value: 0.8188405797101449 and parameters: {'max_depth': 13, 'min_samples_split': 2, 'min_samples_leaf': 2, 'class_weight': None}. Best is trial 49 with value: 0.9396135265700484.
2025-02-02 17:08:07,793 - INFO - Trial 990 finished with value: 0.9396135265700484 and parameters: {'max_depth': 3, 'min_samples_split': 4, 'min_samples_leaf': 2, 'class_weight': None}. Best is trial 49 with value: 0.9396135265700484.
2025-02-02 17:08:07,834 - INFO - Trial 991 finished with value: 0.8188405797101449 and parameters: {'max_depth': 16, 'min_samples_split': 5, 'min_samples_leaf': 2, 'class_weight': None}. Best is trial 49 with value: 0.9396135265700484.
2025-02-02 17:08:07,875 - INFO - Trial 992 finished with value: 0.8188405797101449 and parameters: {'max_depth': 15, 'min_samples_split': 5, 'min_samples_leaf': 2, 'class_weight': None}. Best is trial 49 with value: 0.9396135265700484.
2025-02-02 17:08:07,912 - INFO - Trial 993 finished with value: 0.9396135265700484 and parameters: {'max_depth': 3, 'min_samples_split': 6, 'min_samples_leaf': 2, 'class_weight': None}. Best is trial 49 with value: 0.9396135265700484.
2025-02-02 17:08:07,949 - INFO - Trial 994 finished with value: 0.8188405797101449 and parameters: {'max_depth': 3, 'min_samples_split': 2, 'min_samples_leaf': 2, 'class_weight': None}. Best is trial 49 with value: 0.9396135265700484.
2025-02-02 17:08:07,986 - INFO - Trial 995 finished with value: 0.8818181818181818 and parameters: {'max_depth': 16, 'min_samples_split': 3, 'min_samples_leaf': 2, 'class_weight': None}. Best is trial 49 with value: 0.9396135265700484.
2025-02-02 17:08:08,034 - INFO - Trial 996 finished with value: 0.8188405797101449 and parameters: {'max_depth': 4, 'min_samples_split': 5, 'min_samples_leaf': 2, 'class_weight': None}. Best is trial 49 with value: 0.9396135265700484.
2025-02-02 17:08:08,090 - INFO - Trial 997 finished with value: 0.8188405797101449 and parameters: {'max_depth': 17, 'min_samples_split': 5, 'min_samples_leaf': 2, 'class_weight': None}. Best is trial 49 with value: 0.9396135265700484.
2025-02-02 17:08:08,143 - INFO - Trial 998 finished with value: 0.8188405797101449 and parameters: {'max_depth': 15, 'min_samples_split': 5, 'min_samples_leaf': 4, 'class_weight': 'balanced'}. Best is trial 49 with value: 0.9396135265700484.
2025-02-02 17:08:08,197 - INFO - Trial 999 finished with value: 0.9105263157894736 and parameters: {'max_depth': 16, 'min_samples_split': 4, 'min_samples_leaf': 2, 'class_weight': None}. Best is trial 49 with value: 0.9396135265700484.
2025-02-02 17:08:08,466 - INFO - A new study created in memory with name: no-name-1ebd91c5-39e3-41a0-a194-de4b5818c99d
2025-02-02 17:08:08,526 - INFO - Trial 0 finished with value: 0.8188405797101449 and parameters: {'n_estimators': 76, 'max_depth': 3, 'learning_rate': 0.19848547508237763, 'subsample': 0.712047981422063}. Best is trial 0 with value: 0.8188405797101449.
2025-02-02 17:08:08,550 - INFO - Trial 1 finished with value: 0.7853566958698374 and parameters: {'n_estimators': 55, 'max_depth': 6, 'learning_rate': 0.13442336567297206, 'subsample': 0.7034410055927196}. Best is trial 0 with value: 0.8188405797101449.
2025-02-02 17:08:08,600 - INFO - Trial 2 finished with value: 0.8125 and parameters: {'n_estimators': 157, 'max_depth': 13, 'learning_rate': 0.13726579629134292, 'subsample': 0.6594779361802479}. Best is trial 0 with value: 0.8188405797101449.
2025-02-02 17:08:08,663 - INFO - Trial 3 finished with value: 0.8125 and parameters: {'n_estimators': 214, 'max_depth': 17, 'learning_rate': 0.13461312673796927, 'subsample': 0.8391997178207922}. Best is trial 0 with value: 0.8188405797101449.
2025-02-02 17:08:08,694 - INFO - Trial 4 finished with value: 0.7853566958698374 and parameters: {'n_estimators': 78, 'max_depth': 9, 'learning_rate': 0.02927125880733894, 'subsample': 0.9057944901361513}. Best is trial 0 with value: 0.8188405797101449.
2025-02-02 17:08:08,741 - INFO - Trial 5 finished with value: 0.8125 and parameters: {'n_estimators': 171, 'max_depth': 14, 'learning_rate': 0.1320833200070075, 'subsample': 0.8241828974770655}. Best is trial 0 with value: 0.8188405797101449.
2025-02-02 17:08:08,797 - INFO - Trial 6 finished with value: 0.8125 and parameters: {'n_estimators': 216, 'max_depth': 13, 'learning_rate': 0.06207032257545509, 'subsample': 0.5248407551157729}. Best is trial 0 with value: 0.8188405797101449.
2025-02-02 17:08:08,826 - INFO - Trial 7 finished with value: 0.8125 and parameters: {'n_estimators': 103, 'max_depth': 18, 'learning_rate': 0.19685673801806927, 'subsample': 0.7240989940758968}. Best is trial 0 with value: 0.8188405797101449.
2025-02-02 17:08:08,877 - INFO - Trial 8 finished with value: 0.7853566958698374 and parameters: {'n_estimators': 190, 'max_depth': 12, 'learning_rate': 0.11988870984922986, 'subsample': 0.9314314568616582}. Best is trial 0 with value: 0.8188405797101449.
2025-02-02 17:08:08,904 - INFO - Trial 9 finished with value: 0.7853566958698374 and parameters: {'n_estimators': 103, 'max_depth': 3, 'learning_rate': 0.10136506083044461, 'subsample': 0.9938083245451188}. Best is trial 0 with value: 0.8188405797101449.
2025-02-02 17:08:08,972 - INFO - Trial 10 finished with value: 0.8125 and parameters: {'n_estimators': 281, 'max_depth': 3, 'learning_rate': 0.19918280685972914, 'subsample': 0.6039826326937313}. Best is trial 0 with value: 0.8188405797101449.
2025-02-02 17:08:09,016 - INFO - Trial 11 finished with value: 0.846683354192741 and parameters: {'n_estimators': 135, 'max_depth': 9, 'learning_rate': 0.1691445383216901, 'subsample': 0.6442783992915304}. Best is trial 11 with value: 0.846683354192741.
2025-02-02 17:08:09,061 - INFO - Trial 12 finished with value: 0.846683354192741 and parameters: {'n_estimators': 129, 'max_depth': 7, 'learning_rate': 0.1727909493277581, 'subsample': 0.6085592081206942}. Best is trial 11 with value: 0.846683354192741.
2025-02-02 17:08:09,104 - INFO - Trial 13 finished with value: 0.8125 and parameters: {'n_estimators': 132, 'max_depth': 9, 'learning_rate': 0.1599607319855406, 'subsample': 0.565400242037293}. Best is trial 11 with value: 0.846683354192741.
2025-02-02 17:08:09,155 - INFO - Trial 14 finished with value: 0.846683354192741 and parameters: {'n_estimators': 137, 'max_depth': 8, 'learning_rate': 0.17181418546942795, 'subsample': 0.6138355675201552}. Best is trial 11 with value: 0.846683354192741.
2025-02-02 17:08:09,225 - INFO - Trial 15 finished with value: 0.8125 and parameters: {'n_estimators': 271, 'max_depth': 6, 'learning_rate': 0.08733578915652018, 'subsample': 0.5197160170878703}. Best is trial 11 with value: 0.846683354192741.
2025-02-02 17:08:09,269 - INFO - Trial 16 finished with value: 0.8125 and parameters: {'n_estimators': 125, 'max_depth': 6, 'learning_rate': 0.16775893314390988, 'subsample': 0.7834636173821359}. Best is trial 11 with value: 0.846683354192741.
2025-02-02 17:08:09,328 - INFO - Trial 17 finished with value: 0.8125 and parameters: {'n_estimators': 198, 'max_depth': 10, 'learning_rate': 0.15933491847110404, 'subsample': 0.6510127325015675}. Best is trial 11 with value: 0.846683354192741.
2025-02-02 17:08:09,379 - INFO - Trial 18 finished with value: 0.8125 and parameters: {'n_estimators': 155, 'max_depth': 20, 'learning_rate': 0.071280670530796, 'subsample': 0.6494659339225894}. Best is trial 11 with value: 0.846683354192741.
2025-02-02 17:08:09,420 - INFO - Trial 19 finished with value: 0.8125 and parameters: {'n_estimators': 105, 'max_depth': 7, 'learning_rate': 0.178349610779403, 'subsample': 0.5761364904847671}. Best is trial 11 with value: 0.846683354192741.
2025-02-02 17:08:09,495 - INFO - Trial 20 finished with value: 0.75 and parameters: {'n_estimators': 237, 'max_depth': 11, 'learning_rate': 0.010168538593450918, 'subsample': 0.7520609620807628}. Best is trial 11 with value: 0.846683354192741.
2025-02-02 17:08:09,545 - INFO - Trial 21 finished with value: 0.846683354192741 and parameters: {'n_estimators': 137, 'max_depth': 8, 'learning_rate': 0.17623695494199396, 'subsample': 0.612740755205195}. Best is trial 11 with value: 0.846683354192741.
2025-02-02 17:08:09,597 - INFO - Trial 22 finished with value: 0.846683354192741 and parameters: {'n_estimators': 140, 'max_depth': 5, 'learning_rate': 0.15022428739716875, 'subsample': 0.6628980168644742}. Best is trial 11 with value: 0.846683354192741.
2025-02-02 17:08:09,676 - INFO - Trial 23 finished with value: 0.846683354192741 and parameters: {'n_estimators': 167, 'max_depth': 8, 'learning_rate': 0.18243814604014577, 'subsample': 0.5617439077034648}. Best is trial 11 with value: 0.846683354192741.
2025-02-02 17:08:09,727 - INFO - Trial 24 finished with value: 0.8125 and parameters: {'n_estimators': 104, 'max_depth': 10, 'learning_rate': 0.1524170863943125, 'subsample': 0.6191145967693635}. Best is trial 11 with value: 0.846683354192741.
2025-02-02 17:08:09,766 - INFO - Trial 25 finished with value: 0.875 and parameters: {'n_estimators': 83, 'max_depth': 15, 'learning_rate': 0.1853768245314986, 'subsample': 0.6715844946174876}. Best is trial 25 with value: 0.875.
2025-02-02 17:08:09,803 - INFO - Trial 26 finished with value: 0.875 and parameters: {'n_estimators': 76, 'max_depth': 15, 'learning_rate': 0.18479238554386407, 'subsample': 0.6973202206182201}. Best is trial 25 with value: 0.875.
2025-02-02 17:08:09,839 - INFO - Trial 27 finished with value: 0.8188405797101449 and parameters: {'n_estimators': 58, 'max_depth': 17, 'learning_rate': 0.18583733692845997, 'subsample': 0.7735380047343562}. Best is trial 25 with value: 0.875.
2025-02-02 17:08:09,878 - INFO - Trial 28 finished with value: 0.8125 and parameters: {'n_estimators': 80, 'max_depth': 15, 'learning_rate': 0.14789328600011206, 'subsample': 0.6868270711515266}. Best is trial 25 with value: 0.875.
2025-02-02 17:08:09,919 - INFO - Trial 29 finished with value: 0.8401360544217686 and parameters: {'n_estimators': 86, 'max_depth': 15, 'learning_rate': 0.19090156527019514, 'subsample': 0.7265847416058963}. Best is trial 25 with value: 0.875.
2025-02-02 17:08:09,954 - INFO - Trial 30 finished with value: 0.7853566958698374 and parameters: {'n_estimators': 51, 'max_depth': 16, 'learning_rate': 0.1197913991891112, 'subsample': 0.6832621473802126}. Best is trial 25 with value: 0.875.
2025-02-02 17:08:09,998 - INFO - Trial 31 finished with value: 0.8125 and parameters: {'n_estimators': 115, 'max_depth': 19, 'learning_rate': 0.1679137052223657, 'subsample': 0.6343124404759763}. Best is trial 25 with value: 0.875.
2025-02-02 17:08:10,035 - INFO - Trial 32 finished with value: 0.8188405797101449 and parameters: {'n_estimators': 69, 'max_depth': 12, 'learning_rate': 0.188395290541002, 'subsample': 0.702896637042316}. Best is trial 25 with value: 0.875.
2025-02-02 17:08:10,076 - INFO - Trial 33 finished with value: 0.846683354192741 and parameters: {'n_estimators': 92, 'max_depth': 14, 'learning_rate': 0.1660774763888753, 'subsample': 0.5842770198534282}. Best is trial 25 with value: 0.875.
2025-02-02 17:08:10,113 - INFO - Trial 34 finished with value: 0.846683354192741 and parameters: {'n_estimators': 68, 'max_depth': 11, 'learning_rate': 0.17949810945268943, 'subsample': 0.6759150994524153}. Best is trial 25 with value: 0.875.
2025-02-02 17:08:10,169 - INFO - Trial 35 finished with value: 0.8125 and parameters: {'n_estimators': 154, 'max_depth': 5, 'learning_rate': 0.1478931060885048, 'subsample': 0.7436055048858031}. Best is trial 25 with value: 0.875.
2025-02-02 17:08:10,215 - INFO - Trial 36 finished with value: 0.8125 and parameters: {'n_estimators': 118, 'max_depth': 16, 'learning_rate': 0.12760406255283913, 'subsample': 0.8193842547744953}. Best is trial 25 with value: 0.875.
2025-02-02 17:08:10,258 - INFO - Trial 37 finished with value: 0.7853566958698374 and parameters: {'n_estimators': 95, 'max_depth': 14, 'learning_rate': 0.19954180726247642, 'subsample': 0.5454800361824385}. Best is trial 25 with value: 0.875.
2025-02-02 17:08:10,308 - INFO - Trial 38 finished with value: 0.8125 and parameters: {'n_estimators': 148, 'max_depth': 13, 'learning_rate': 0.14393914840930377, 'subsample': 0.7021335916640165}. Best is trial 25 with value: 0.875.
2025-02-02 17:08:10,354 - INFO - Trial 39 finished with value: 0.8125 and parameters: {'n_estimators': 119, 'max_depth': 10, 'learning_rate': 0.13867302124722974, 'subsample': 0.6377901307764808}. Best is trial 25 with value: 0.875.
2025-02-02 17:08:10,411 - INFO - Trial 40 finished with value: 0.7853566958698374 and parameters: {'n_estimators': 184, 'max_depth': 18, 'learning_rate': 0.10898915565615108, 'subsample': 0.7876227315641295}. Best is trial 25 with value: 0.875.
2025-02-02 17:08:10,464 - INFO - Trial 41 finished with value: 0.8125 and parameters: {'n_estimators': 162, 'max_depth': 8, 'learning_rate': 0.172060725377358, 'subsample': 0.6127623650553592}. Best is trial 25 with value: 0.875.
2025-02-02 17:08:10,500 - INFO - Trial 42 finished with value: 0.846683354192741 and parameters: {'n_estimators': 68, 'max_depth': 7, 'learning_rate': 0.16133600294293488, 'subsample': 0.5910427893602065}. Best is trial 25 with value: 0.875.
2025-02-02 17:08:10,548 - INFO - Trial 43 finished with value: 0.8125 and parameters: {'n_estimators': 130, 'max_depth': 9, 'learning_rate': 0.1911580751560537, 'subsample': 0.5473240632006724}. Best is trial 25 with value: 0.875.
2025-02-02 17:08:10,593 - INFO - Trial 44 finished with value: 0.846683354192741 and parameters: {'n_estimators': 110, 'max_depth': 4, 'learning_rate': 0.17413247116185365, 'subsample': 0.6339970763667291}. Best is trial 25 with value: 0.875.
2025-02-02 17:08:10,648 - INFO - Trial 45 finished with value: 0.875 and parameters: {'n_estimators': 141, 'max_depth': 9, 'learning_rate': 0.15638960982369138, 'subsample': 0.663469533137622}. Best is trial 25 with value: 0.875.
2025-02-02 17:08:10,689 - INFO - Trial 46 finished with value: 0.875 and parameters: {'n_estimators': 90, 'max_depth': 12, 'learning_rate': 0.19112967599824168, 'subsample': 0.7300909953408372}. Best is trial 25 with value: 0.875.
2025-02-02 17:08:10,730 - INFO - Trial 47 finished with value: 0.875 and parameters: {'n_estimators': 93, 'max_depth': 12, 'learning_rate': 0.19311079360764563, 'subsample': 0.7241309879866104}. Best is trial 25 with value: 0.875.
2025-02-02 17:08:10,771 - INFO - Trial 48 finished with value: 0.8125 and parameters: {'n_estimators': 93, 'max_depth': 12, 'learning_rate': 0.19374003374588775, 'subsample': 0.8568378705266747}. Best is trial 25 with value: 0.875.
2025-02-02 17:08:10,810 - INFO - Trial 49 finished with value: 0.8125 and parameters: {'n_estimators': 81, 'max_depth': 13, 'learning_rate': 0.1851772731833367, 'subsample': 0.7262339260105714}. Best is trial 25 with value: 0.875.
2025-02-02 17:08:10,847 - INFO - Trial 50 finished with value: 0.75 and parameters: {'n_estimators': 59, 'max_depth': 14, 'learning_rate': 0.0423148624911394, 'subsample': 0.7584918924938749}. Best is trial 25 with value: 0.875.
