2025-02-02 16:56:47,894 - INFO - Trial 39 finished with value: 0.8125 and parameters: {'n_estimators': 287, 'max_depth': 8, 'learning_rate': 0.08821467712821957, 'subsample': 0.5049295370783615}. Best is trial 10 with value: 0.846683354192741.
2025-02-02 16:56:47,980 - INFO - Trial 40 finished with value: 0.7853566958698374 and parameters: {'n_estimators': 155, 'max_depth': 6, 'learning_rate': 0.14929504192047596, 'subsample': 0.7384667662540811}. Best is trial 10 with value: 0.846683354192741.
2025-02-02 16:56:48,093 - INFO - Trial 41 finished with value: 0.846683354192741 and parameters: {'n_estimators': 265, 'max_depth': 13, 'learning_rate': 0.16834196069137417, 'subsample': 0.6745871678152043}. Best is trial 10 with value: 0.846683354192741.
2025-02-02 16:56:48,162 - INFO - Trial 42 finished with value: 0.846683354192741 and parameters: {'n_estimators': 82, 'max_depth': 15, 'learning_rate': 0.17198851624964073, 'subsample': 0.6090429203645811}. Best is trial 10 with value: 0.846683354192741.
2025-02-02 16:56:48,313 - INFO - Trial 43 finished with value: 0.8125 and parameters: {'n_estimators': 272, 'max_depth': 13, 'learning_rate': 0.0693706734600211, 'subsample': 0.7101601430409307}. Best is trial 10 with value: 0.846683354192741.
2025-02-02 16:56:48,442 - INFO - Trial 44 finished with value: 0.846683354192741 and parameters: {'n_estimators': 242, 'max_depth': 11, 'learning_rate': 0.11688359113529524, 'subsample': 0.6466100086369178}. Best is trial 10 with value: 0.846683354192741.
2025-02-02 16:56:48,575 - INFO - Trial 45 finished with value: 0.846683354192741 and parameters: {'n_estimators': 300, 'max_depth': 10, 'learning_rate': 0.18941359481343864, 'subsample': 0.5689496658838206}. Best is trial 10 with value: 0.846683354192741.
2025-02-02 16:56:48,679 - INFO - Trial 46 finished with value: 0.846683354192741 and parameters: {'n_estimators': 218, 'max_depth': 12, 'learning_rate': 0.18108159427396914, 'subsample': 0.695498348897411}. Best is trial 10 with value: 0.846683354192741.
2025-02-02 16:56:48,806 - INFO - Trial 47 finished with value: 0.8125 and parameters: {'n_estimators': 287, 'max_depth': 16, 'learning_rate': 0.04360047916072012, 'subsample': 0.5794443417882971}. Best is trial 10 with value: 0.846683354192741.
2025-02-02 16:56:48,897 - INFO - Trial 48 finished with value: 0.8125 and parameters: {'n_estimators': 185, 'max_depth': 9, 'learning_rate': 0.1958533370109032, 'subsample': 0.7615162116062651}. Best is trial 10 with value: 0.846683354192741.
2025-02-02 16:56:49,013 - INFO - Trial 49 finished with value: 0.8125 and parameters: {'n_estimators': 258, 'max_depth': 4, 'learning_rate': 0.16025666340361133, 'subsample': 0.6201339464365095}. Best is trial 10 with value: 0.846683354192741.
2025-02-02 16:56:49,140 - INFO - Trial 50 finished with value: 0.846683354192741 and parameters: {'n_estimators': 273, 'max_depth': 3, 'learning_rate': 0.14248873852558788, 'subsample': 0.6707969812326664}. Best is trial 10 with value: 0.846683354192741.
2025-02-02 16:56:49,272 - INFO - Trial 51 finished with value: 0.846683354192741 and parameters: {'n_estimators': 282, 'max_depth': 10, 'learning_rate': 0.19465688137961604, 'subsample': 0.5769396259903237}. Best is trial 10 with value: 0.846683354192741.
2025-02-02 16:56:49,387 - INFO - Trial 52 finished with value: 0.8792270531400965 and parameters: {'n_estimators': 244, 'max_depth': 13, 'learning_rate': 0.1999535168667791, 'subsample': 0.5432197654477667}. Best is trial 52 with value: 0.8792270531400965.
2025-02-02 16:56:49,494 - INFO - Trial 53 finished with value: 0.846683354192741 and parameters: {'n_estimators': 245, 'max_depth': 14, 'learning_rate': 0.18177343730998996, 'subsample': 0.5343801009991712}. Best is trial 52 with value: 0.8792270531400965.
2025-02-02 16:56:49,604 - INFO - Trial 54 finished with value: 0.846683354192741 and parameters: {'n_estimators': 266, 'max_depth': 19, 'learning_rate': 0.16935196121227, 'subsample': 0.6449950719230833}. Best is trial 52 with value: 0.8792270531400965.
2025-02-02 16:56:49,718 - INFO - Trial 55 finished with value: 0.8125 and parameters: {'n_estimators': 290, 'max_depth': 13, 'learning_rate': 0.19954255251161981, 'subsample': 0.5977731955855166}. Best is trial 52 with value: 0.8792270531400965.
2025-02-02 16:56:49,846 - INFO - Trial 56 finished with value: 0.846683354192741 and parameters: {'n_estimators': 254, 'max_depth': 12, 'learning_rate': 0.18744351282006064, 'subsample': 0.5356137426195344}. Best is trial 52 with value: 0.8792270531400965.
2025-02-02 16:56:49,983 - INFO - Trial 57 finished with value: 0.8125 and parameters: {'n_estimators': 275, 'max_depth': 15, 'learning_rate': 0.17828224785776672, 'subsample': 0.9382343678612055}. Best is trial 52 with value: 0.8792270531400965.
2025-02-02 16:56:50,103 - INFO - Trial 58 finished with value: 0.846683354192741 and parameters: {'n_estimators': 292, 'max_depth': 11, 'learning_rate': 0.1921536791388118, 'subsample': 0.7310312671786505}. Best is trial 52 with value: 0.8792270531400965.
2025-02-02 16:56:50,229 - INFO - Trial 59 finished with value: 0.846683354192741 and parameters: {'n_estimators': 300, 'max_depth': 17, 'learning_rate': 0.1673084533489453, 'subsample': 0.6870113162896708}. Best is trial 52 with value: 0.8792270531400965.
2025-02-02 16:56:50,409 - INFO - Trial 60 finished with value: 0.846683354192741 and parameters: {'n_estimators': 220, 'max_depth': 7, 'learning_rate': 0.19993266987066632, 'subsample': 0.6632402265390167}. Best is trial 52 with value: 0.8792270531400965.
2025-02-02 16:56:50,539 - INFO - Trial 61 finished with value: 0.846683354192741 and parameters: {'n_estimators': 281, 'max_depth': 9, 'learning_rate': 0.18551478348094497, 'subsample': 0.6175286708457941}. Best is trial 52 with value: 0.8792270531400965.
2025-02-02 16:56:50,650 - INFO - Trial 62 finished with value: 0.846683354192741 and parameters: {'n_estimators': 238, 'max_depth': 13, 'learning_rate': 0.1933825704165476, 'subsample': 0.5653266838517041}. Best is trial 52 with value: 0.8792270531400965.
2025-02-02 16:56:50,767 - INFO - Trial 63 finished with value: 0.846683354192741 and parameters: {'n_estimators': 272, 'max_depth': 5, 'learning_rate': 0.15702576854581066, 'subsample': 0.5914312099422923}. Best is trial 52 with value: 0.8792270531400965.
2025-02-02 16:56:50,892 - INFO - Trial 64 finished with value: 0.846683354192741 and parameters: {'n_estimators': 262, 'max_depth': 12, 'learning_rate': 0.17677643041257904, 'subsample': 0.6386651430908101}. Best is trial 52 with value: 0.8792270531400965.
2025-02-02 16:56:51,006 - INFO - Trial 65 finished with value: 0.8792270531400965 and parameters: {'n_estimators': 249, 'max_depth': 4, 'learning_rate': 0.18518474374207594, 'subsample': 0.5241799600813545}. Best is trial 52 with value: 0.8792270531400965.
2025-02-02 16:56:51,116 - INFO - Trial 66 finished with value: 0.846683354192741 and parameters: {'n_estimators': 251, 'max_depth': 4, 'learning_rate': 0.1649479943261174, 'subsample': 0.5017318898808271}. Best is trial 52 with value: 0.8792270531400965.
2025-02-02 16:56:51,244 - INFO - Trial 67 finished with value: 0.846683354192741 and parameters: {'n_estimators': 294, 'max_depth': 3, 'learning_rate': 0.18238180950050706, 'subsample': 0.5212948962414568}. Best is trial 52 with value: 0.8792270531400965.
2025-02-02 16:56:51,354 - INFO - Trial 68 finished with value: 0.8125 and parameters: {'n_estimators': 235, 'max_depth': 6, 'learning_rate': 0.17375953042208092, 'subsample': 0.544884437130241}. Best is trial 52 with value: 0.8792270531400965.
2025-02-02 16:56:51,467 - INFO - Trial 69 finished with value: 0.846683354192741 and parameters: {'n_estimators': 248, 'max_depth': 5, 'learning_rate': 0.15234728867504785, 'subsample': 0.6146650830554606}. Best is trial 52 with value: 0.8792270531400965.
2025-02-02 16:56:51,580 - INFO - Trial 70 finished with value: 0.846683354192741 and parameters: {'n_estimators': 268, 'max_depth': 4, 'learning_rate': 0.19315484030786614, 'subsample': 0.6330884506992537}. Best is trial 52 with value: 0.8792270531400965.
2025-02-02 16:56:51,695 - INFO - Trial 71 finished with value: 0.8125 and parameters: {'n_estimators': 283, 'max_depth': 3, 'learning_rate': 0.1863425058012622, 'subsample': 0.5844242067385704}. Best is trial 52 with value: 0.8792270531400965.
2025-02-02 16:56:51,814 - INFO - Trial 72 finished with value: 0.846683354192741 and parameters: {'n_estimators': 277, 'max_depth': 4, 'learning_rate': 0.195727384243423, 'subsample': 0.5284768072547293}. Best is trial 52 with value: 0.8792270531400965.
2025-02-02 16:56:51,923 - INFO - Trial 73 finished with value: 0.846683354192741 and parameters: {'n_estimators': 258, 'max_depth': 10, 'learning_rate': 0.18832874099872002, 'subsample': 0.5605015218485023}. Best is trial 52 with value: 0.8792270531400965.
2025-02-02 16:56:52,038 - INFO - Trial 74 finished with value: 0.846683354192741 and parameters: {'n_estimators': 279, 'max_depth': 14, 'learning_rate': 0.17967897101930025, 'subsample': 0.6044827771485786}. Best is trial 52 with value: 0.8792270531400965.
2025-02-02 16:56:52,160 - INFO - Trial 75 finished with value: 0.846683354192741 and parameters: {'n_estimators': 294, 'max_depth': 5, 'learning_rate': 0.19922219758479334, 'subsample': 0.6553234917423411}. Best is trial 52 with value: 0.8792270531400965.
2025-02-02 16:56:52,231 - INFO - Trial 76 finished with value: 0.8188405797101449 and parameters: {'n_estimators': 105, 'max_depth': 11, 'learning_rate': 0.18311500183404741, 'subsample': 0.5436403825443772}. Best is trial 52 with value: 0.8792270531400965.
2025-02-02 16:56:52,349 - INFO - Trial 77 finished with value: 0.846683354192741 and parameters: {'n_estimators': 289, 'max_depth': 8, 'learning_rate': 0.1732235805523608, 'subsample': 0.5700407306978935}. Best is trial 52 with value: 0.8792270531400965.
2025-02-02 16:56:52,459 - INFO - Trial 78 finished with value: 0.846683354192741 and parameters: {'n_estimators': 265, 'max_depth': 9, 'learning_rate': 0.1896971792697401, 'subsample': 0.5129748710363997}. Best is trial 52 with value: 0.8792270531400965.
2025-02-02 16:56:52,562 - INFO - Trial 79 finished with value: 0.846683354192741 and parameters: {'n_estimators': 222, 'max_depth': 7, 'learning_rate': 0.10903756678996032, 'subsample': 0.6784934092097061}. Best is trial 52 with value: 0.8792270531400965.
2025-02-02 16:56:52,669 - INFO - Trial 80 finished with value: 0.846683354192741 and parameters: {'n_estimators': 256, 'max_depth': 6, 'learning_rate': 0.16377308557538917, 'subsample': 0.592098256778742}. Best is trial 52 with value: 0.8792270531400965.
2025-02-02 16:56:52,781 - INFO - Trial 81 finished with value: 0.846683354192741 and parameters: {'n_estimators': 270, 'max_depth': 3, 'learning_rate': 0.17329845756446066, 'subsample': 0.6291463528870372}. Best is trial 52 with value: 0.8792270531400965.
2025-02-02 16:56:52,883 - INFO - Trial 82 finished with value: 0.846683354192741 and parameters: {'n_estimators': 229, 'max_depth': 3, 'learning_rate': 0.1942087053036949, 'subsample': 0.8138664259942697}. Best is trial 52 with value: 0.8792270531400965.
2025-02-02 16:56:52,979 - INFO - Trial 83 finished with value: 0.846683354192741 and parameters: {'n_estimators': 186, 'max_depth': 4, 'learning_rate': 0.18276850445155118, 'subsample': 0.8012114133676569}. Best is trial 52 with value: 0.8792270531400965.
2025-02-02 16:56:53,087 - INFO - Trial 84 finished with value: 0.8125 and parameters: {'n_estimators': 248, 'max_depth': 4, 'learning_rate': 0.17818623883572654, 'subsample': 0.8620675853629023}. Best is trial 52 with value: 0.8792270531400965.
2025-02-02 16:56:53,194 - INFO - Trial 85 finished with value: 0.875 and parameters: {'n_estimators': 235, 'max_depth': 15, 'learning_rate': 0.16903993859416894, 'subsample': 0.6595180512252207}. Best is trial 52 with value: 0.8792270531400965.
2025-02-02 16:56:53,309 - INFO - Trial 86 finished with value: 0.846683354192741 and parameters: {'n_estimators': 278, 'max_depth': 15, 'learning_rate': 0.1696951967469442, 'subsample': 0.6950026648787142}. Best is trial 52 with value: 0.8792270531400965.
2025-02-02 16:56:53,427 - INFO - Trial 87 finished with value: 0.846683354192741 and parameters: {'n_estimators': 285, 'max_depth': 16, 'learning_rate': 0.1893843527975219, 'subsample': 0.6595543524415827}. Best is trial 52 with value: 0.8792270531400965.
2025-02-02 16:56:53,533 - INFO - Trial 88 finished with value: 0.875 and parameters: {'n_estimators': 237, 'max_depth': 14, 'learning_rate': 0.14319962219976756, 'subsample': 0.6475811283851777}. Best is trial 52 with value: 0.8792270531400965.
2025-02-02 16:56:53,635 - INFO - Trial 89 finished with value: 0.846683354192741 and parameters: {'n_estimators': 212, 'max_depth': 15, 'learning_rate': 0.13146928255315068, 'subsample': 0.6501147825657883}. Best is trial 52 with value: 0.8792270531400965.
2025-02-02 16:56:53,741 - INFO - Trial 90 finished with value: 0.8125 and parameters: {'n_estimators': 236, 'max_depth': 14, 'learning_rate': 0.15563792396123494, 'subsample': 0.7009376554629749}. Best is trial 52 with value: 0.8792270531400965.
2025-02-02 16:56:53,848 - INFO - Trial 91 finished with value: 0.8125 and parameters: {'n_estimators': 243, 'max_depth': 12, 'learning_rate': 0.14507840152152485, 'subsample': 0.6392171806511746}. Best is trial 52 with value: 0.8792270531400965.
2025-02-02 16:56:53,963 - INFO - Trial 92 finished with value: 0.846683354192741 and parameters: {'n_estimators': 261, 'max_depth': 13, 'learning_rate': 0.12314816444842214, 'subsample': 0.7184669948899026}. Best is trial 52 with value: 0.8792270531400965.
2025-02-02 16:56:54,072 - INFO - Trial 93 finished with value: 0.846683354192741 and parameters: {'n_estimators': 254, 'max_depth': 14, 'learning_rate': 0.1968343917997188, 'subsample': 0.6749651145283342}. Best is trial 52 with value: 0.8792270531400965.
2025-02-02 16:56:54,198 - INFO - Trial 94 finished with value: 0.846683354192741 and parameters: {'n_estimators': 296, 'max_depth': 16, 'learning_rate': 0.1845804075396686, 'subsample': 0.6080807488179427}. Best is trial 52 with value: 0.8792270531400965.
2025-02-02 16:56:54,258 - INFO - Trial 95 finished with value: 0.7761904761904762 and parameters: {'n_estimators': 52, 'max_depth': 13, 'learning_rate': 0.16668389986021864, 'subsample': 0.6226504814146224}. Best is trial 52 with value: 0.8792270531400965.
2025-02-02 16:56:54,376 - INFO - Trial 96 finished with value: 0.875 and parameters: {'n_estimators': 290, 'max_depth': 11, 'learning_rate': 0.1781786946891238, 'subsample': 0.6465667992886375}. Best is trial 52 with value: 0.8792270531400965.
2025-02-02 16:56:54,495 - INFO - Trial 97 finished with value: 0.875 and parameters: {'n_estimators': 288, 'max_depth': 12, 'learning_rate': 0.15911000403973125, 'subsample': 0.6619704650790106}. Best is trial 52 with value: 0.8792270531400965.
2025-02-02 16:56:54,617 - INFO - Trial 98 finished with value: 0.846683354192741 and parameters: {'n_estimators': 288, 'max_depth': 11, 'learning_rate': 0.15749713144593344, 'subsample': 0.6688817644030625}. Best is trial 52 with value: 0.8792270531400965.
2025-02-02 16:56:54,718 - INFO - Trial 99 finished with value: 0.8125 and parameters: {'n_estimators': 212, 'max_depth': 12, 'learning_rate': 0.1396740896883074, 'subsample': 0.6434310455122849}. Best is trial 52 with value: 0.8792270531400965.
2025-02-02 17:03:39,286 - INFO - A new study created in memory with name: no-name-ad100556-afc2-42b7-b31c-1de7d6692bf0
2025-02-02 17:03:39,368 - INFO - Trial 0 finished with value: 0.8508771929824562 and parameters: {'n_estimators': 75, 'max_depth': 18, 'min_samples_split': 7, 'min_samples_leaf': 1, 'class_weight': 'balanced'}. Best is trial 0 with value: 0.8508771929824562.
2025-02-02 17:03:39,481 - INFO - Trial 1 finished with value: 0.8508771929824562 and parameters: {'n_estimators': 120, 'max_depth': 14, 'min_samples_split': 7, 'min_samples_leaf': 2, 'class_weight': 'balanced'}. Best is trial 0 with value: 0.8508771929824562.
2025-02-02 17:03:39,608 - INFO - Trial 2 finished with value: 0.8508771929824562 and parameters: {'n_estimators': 134, 'max_depth': 15, 'min_samples_split': 4, 'min_samples_leaf': 4, 'class_weight': 'balanced'}. Best is trial 0 with value: 0.8508771929824562.
2025-02-02 17:03:39,813 - INFO - Trial 3 finished with value: 0.8508771929824562 and parameters: {'n_estimators': 210, 'max_depth': 12, 'min_samples_split': 6, 'min_samples_leaf': 1, 'class_weight': 'balanced'}. Best is trial 0 with value: 0.8508771929824562.
2025-02-02 17:03:39,901 - INFO - Trial 4 finished with value: 0.7945736434108528 and parameters: {'n_estimators': 92, 'max_depth': 20, 'min_samples_split': 9, 'min_samples_leaf': 4, 'class_weight': 'balanced'}. Best is trial 0 with value: 0.8508771929824562.
2025-02-02 17:03:40,018 - INFO - Trial 5 finished with value: 0.7662337662337663 and parameters: {'n_estimators': 128, 'max_depth': 13, 'min_samples_split': 9, 'min_samples_leaf': 3, 'class_weight': 'balanced'}. Best is trial 0 with value: 0.8508771929824562.
2025-02-02 17:03:40,255 - INFO - Trial 6 finished with value: 0.7662337662337663 and parameters: {'n_estimators': 254, 'max_depth': 9, 'min_samples_split': 10, 'min_samples_leaf': 1, 'class_weight': 'balanced'}. Best is trial 0 with value: 0.8508771929824562.
2025-02-02 17:03:40,317 - INFO - Trial 7 finished with value: 0.7853566958698374 and parameters: {'n_estimators': 62, 'max_depth': 11, 'min_samples_split': 3, 'min_samples_leaf': 3, 'class_weight': None}. Best is trial 0 with value: 0.8508771929824562.
2025-02-02 17:03:40,600 - INFO - Trial 8 finished with value: 0.7122448979591838 and parameters: {'n_estimators': 228, 'max_depth': 17, 'min_samples_split': 8, 'min_samples_leaf': 4, 'class_weight': None}. Best is trial 0 with value: 0.8508771929824562.
2025-02-02 17:03:40,833 - INFO - Trial 9 finished with value: 0.7853566958698374 and parameters: {'n_estimators': 251, 'max_depth': 16, 'min_samples_split': 5, 'min_samples_leaf': 3, 'class_weight': None}. Best is trial 0 with value: 0.8508771929824562.
2025-02-02 17:03:41,151 - INFO - Trial 10 finished with value: 0.7853566958698374 and parameters: {'n_estimators': 297, 'max_depth': 4, 'min_samples_split': 2, 'min_samples_leaf': 2, 'class_weight': None}. Best is trial 0 with value: 0.8508771929824562.
2025-02-02 17:03:41,346 - INFO - Trial 11 finished with value: 0.8508771929824562 and parameters: {'n_estimators': 150, 'max_depth': 20, 'min_samples_split': 7, 'min_samples_leaf': 2, 'class_weight': 'balanced'}. Best is trial 0 with value: 0.8508771929824562.
2025-02-02 17:03:41,434 - INFO - Trial 12 finished with value: 0.8188405797101449 and parameters: {'n_estimators': 59, 'max_depth': 7, 'min_samples_split': 7, 'min_samples_leaf': 1, 'class_weight': 'balanced'}. Best is trial 0 with value: 0.8508771929824562.
2025-02-02 17:03:41,551 - INFO - Trial 13 finished with value: 0.8188405797101449 and parameters: {'n_estimators': 93, 'max_depth': 18, 'min_samples_split': 6, 'min_samples_leaf': 2, 'class_weight': 'balanced'}. Best is trial 0 with value: 0.8508771929824562.
2025-02-02 17:03:41,741 - INFO - Trial 14 finished with value: 0.8508771929824562 and parameters: {'n_estimators': 176, 'max_depth': 15, 'min_samples_split': 7, 'min_samples_leaf': 1, 'class_weight': 'balanced'}. Best is trial 0 with value: 0.8508771929824562.
2025-02-02 17:03:41,852 - INFO - Trial 15 finished with value: 0.8227272727272728 and parameters: {'n_estimators': 99, 'max_depth': 14, 'min_samples_split': 5, 'min_samples_leaf': 2, 'class_weight': 'balanced'}. Best is trial 0 with value: 0.8508771929824562.
2025-02-02 17:03:42,039 - INFO - Trial 16 finished with value: 0.8508771929824562 and parameters: {'n_estimators': 162, 'max_depth': 18, 'min_samples_split': 8, 'min_samples_leaf': 1, 'class_weight': 'balanced'}. Best is trial 0 with value: 0.8508771929824562.
2025-02-02 17:03:42,169 - INFO - Trial 17 finished with value: 0.8508771929824562 and parameters: {'n_estimators': 116, 'max_depth': 10, 'min_samples_split': 5, 'min_samples_leaf': 2, 'class_weight': 'balanced'}. Best is trial 0 with value: 0.8508771929824562.
2025-02-02 17:03:42,231 - INFO - Trial 18 finished with value: 0.7122448979591838 and parameters: {'n_estimators': 51, 'max_depth': 8, 'min_samples_split': 8, 'min_samples_leaf': 1, 'class_weight': None}. Best is trial 0 with value: 0.8508771929824562.
2025-02-02 17:03:42,414 - INFO - Trial 19 finished with value: 0.7662337662337663 and parameters: {'n_estimators': 186, 'max_depth': 3, 'min_samples_split': 10, 'min_samples_leaf': 2, 'class_weight': 'balanced'}. Best is trial 0 with value: 0.8508771929824562.
2025-02-02 17:03:42,503 - INFO - Trial 20 finished with value: 0.8188405797101449 and parameters: {'n_estimators': 80, 'max_depth': 18, 'min_samples_split': 6, 'min_samples_leaf': 3, 'class_weight': 'balanced'}. Best is trial 0 with value: 0.8508771929824562.
2025-02-02 17:03:42,642 - INFO - Trial 21 finished with value: 0.7662337662337663 and parameters: {'n_estimators': 136, 'max_depth': 15, 'min_samples_split': 4, 'min_samples_leaf': 4, 'class_weight': 'balanced'}. Best is trial 0 with value: 0.8508771929824562.
2025-02-02 17:03:42,773 - INFO - Trial 22 finished with value: 0.8508771929824562 and parameters: {'n_estimators': 118, 'max_depth': 13, 'min_samples_split': 4, 'min_samples_leaf': 3, 'class_weight': 'balanced'}. Best is trial 0 with value: 0.8508771929824562.
2025-02-02 17:03:42,924 - INFO - Trial 23 finished with value: 0.7945736434108528 and parameters: {'n_estimators': 151, 'max_depth': 16, 'min_samples_split': 2, 'min_samples_leaf': 4, 'class_weight': 'balanced'}. Best is trial 0 with value: 0.8508771929824562.
