2025-02-02 15:12:02,919 - INFO - Trial 71 finished with value: 0.7584541062801933 and parameters: {'max_depth': 13, 'min_samples_split': 3, 'min_samples_leaf': 3, 'class_weight': None}. Best is trial 23 with value: 0.7853566958698374.
2025-02-02 15:12:02,945 - INFO - Trial 72 finished with value: 0.7584541062801933 and parameters: {'max_depth': 13, 'min_samples_split': 4, 'min_samples_leaf': 3, 'class_weight': None}. Best is trial 23 with value: 0.7853566958698374.
2025-02-02 15:12:02,973 - INFO - Trial 73 finished with value: 0.7584541062801933 and parameters: {'max_depth': 16, 'min_samples_split': 3, 'min_samples_leaf': 3, 'class_weight': None}. Best is trial 23 with value: 0.7853566958698374.
2025-02-02 15:12:02,998 - INFO - Trial 74 finished with value: 0.7584541062801933 and parameters: {'max_depth': 14, 'min_samples_split': 5, 'min_samples_leaf': 3, 'class_weight': None}. Best is trial 23 with value: 0.7853566958698374.
2025-02-02 15:12:03,021 - INFO - Trial 75 finished with value: 0.7584541062801933 and parameters: {'max_depth': 15, 'min_samples_split': 2, 'min_samples_leaf': 3, 'class_weight': None}. Best is trial 23 with value: 0.7853566958698374.
2025-02-02 15:12:03,047 - INFO - Trial 76 finished with value: 0.7584541062801933 and parameters: {'max_depth': 11, 'min_samples_split': 4, 'min_samples_leaf': 3, 'class_weight': None}. Best is trial 23 with value: 0.7853566958698374.
2025-02-02 15:12:03,071 - INFO - Trial 77 finished with value: 0.7584541062801933 and parameters: {'max_depth': 10, 'min_samples_split': 3, 'min_samples_leaf': 3, 'class_weight': None}. Best is trial 23 with value: 0.7853566958698374.
2025-02-02 15:12:03,096 - INFO - Trial 78 finished with value: 0.7853566958698374 and parameters: {'max_depth': 9, 'min_samples_split': 3, 'min_samples_leaf': 3, 'class_weight': 'balanced'}. Best is trial 23 with value: 0.7853566958698374.
2025-02-02 15:12:03,121 - INFO - Trial 79 finished with value: 0.7853566958698374 and parameters: {'max_depth': 12, 'min_samples_split': 5, 'min_samples_leaf': 3, 'class_weight': None}. Best is trial 23 with value: 0.7853566958698374.
2025-02-02 15:12:03,146 - INFO - Trial 80 finished with value: 0.7853566958698374 and parameters: {'max_depth': 14, 'min_samples_split': 2, 'min_samples_leaf': 3, 'class_weight': None}. Best is trial 23 with value: 0.7853566958698374.
2025-02-02 15:12:03,170 - INFO - Trial 81 finished with value: 0.7853566958698374 and parameters: {'max_depth': 14, 'min_samples_split': 2, 'min_samples_leaf': 3, 'class_weight': None}. Best is trial 23 with value: 0.7853566958698374.
2025-02-02 15:12:03,194 - INFO - Trial 82 finished with value: 0.7584541062801933 and parameters: {'max_depth': 15, 'min_samples_split': 2, 'min_samples_leaf': 3, 'class_weight': None}. Best is trial 23 with value: 0.7853566958698374.
2025-02-02 15:12:03,218 - INFO - Trial 83 finished with value: 0.7853566958698374 and parameters: {'max_depth': 13, 'min_samples_split': 2, 'min_samples_leaf': 3, 'class_weight': None}. Best is trial 23 with value: 0.7853566958698374.
2025-02-02 15:12:03,244 - INFO - Trial 84 finished with value: 0.7853566958698374 and parameters: {'max_depth': 15, 'min_samples_split': 4, 'min_samples_leaf': 3, 'class_weight': None}. Best is trial 23 with value: 0.7853566958698374.
2025-02-02 15:12:03,268 - INFO - Trial 85 finished with value: 0.7584541062801933 and parameters: {'max_depth': 13, 'min_samples_split': 6, 'min_samples_leaf': 3, 'class_weight': 'balanced'}. Best is trial 23 with value: 0.7853566958698374.
2025-02-02 15:12:03,293 - INFO - Trial 86 finished with value: 0.7584541062801933 and parameters: {'max_depth': 14, 'min_samples_split': 3, 'min_samples_leaf': 3, 'class_weight': None}. Best is trial 23 with value: 0.7853566958698374.
2025-02-02 15:12:03,318 - INFO - Trial 87 finished with value: 0.7584541062801933 and parameters: {'max_depth': 16, 'min_samples_split': 2, 'min_samples_leaf': 3, 'class_weight': 'balanced'}. Best is trial 23 with value: 0.7853566958698374.
2025-02-02 15:12:03,343 - INFO - Trial 88 finished with value: 0.7584541062801933 and parameters: {'max_depth': 14, 'min_samples_split': 3, 'min_samples_leaf': 3, 'class_weight': None}. Best is trial 23 with value: 0.7853566958698374.
2025-02-02 15:12:03,368 - INFO - Trial 89 finished with value: 0.7584541062801933 and parameters: {'max_depth': 12, 'min_samples_split': 3, 'min_samples_leaf': 4, 'class_weight': None}. Best is trial 23 with value: 0.7853566958698374.
2025-02-02 15:12:03,394 - INFO - Trial 90 finished with value: 0.7853566958698374 and parameters: {'max_depth': 8, 'min_samples_split': 2, 'min_samples_leaf': 3, 'class_weight': 'balanced'}. Best is trial 23 with value: 0.7853566958698374.
2025-02-02 15:12:03,418 - INFO - Trial 91 finished with value: 0.7584541062801933 and parameters: {'max_depth': 12, 'min_samples_split': 4, 'min_samples_leaf': 3, 'class_weight': None}. Best is trial 23 with value: 0.7853566958698374.
2025-02-02 15:12:03,442 - INFO - Trial 92 finished with value: 0.7584541062801933 and parameters: {'max_depth': 13, 'min_samples_split': 6, 'min_samples_leaf': 3, 'class_weight': None}. Best is trial 23 with value: 0.7853566958698374.
2025-02-02 15:12:03,466 - INFO - Trial 93 finished with value: 0.7853566958698374 and parameters: {'max_depth': 11, 'min_samples_split': 4, 'min_samples_leaf': 3, 'class_weight': None}. Best is trial 23 with value: 0.7853566958698374.
2025-02-02 15:12:03,491 - INFO - Trial 94 finished with value: 0.7584541062801933 and parameters: {'max_depth': 15, 'min_samples_split': 3, 'min_samples_leaf': 3, 'class_weight': None}. Best is trial 23 with value: 0.7853566958698374.
2025-02-02 15:12:03,514 - INFO - Trial 95 finished with value: 0.75 and parameters: {'max_depth': 14, 'min_samples_split': 3, 'min_samples_leaf': 1, 'class_weight': None}. Best is trial 23 with value: 0.7853566958698374.
2025-02-02 15:12:03,539 - INFO - Trial 96 finished with value: 0.7853566958698374 and parameters: {'max_depth': 12, 'min_samples_split': 4, 'min_samples_leaf': 3, 'class_weight': None}. Best is trial 23 with value: 0.7853566958698374.
2025-02-02 15:12:03,563 - INFO - Trial 97 finished with value: 0.7853566958698374 and parameters: {'max_depth': 13, 'min_samples_split': 2, 'min_samples_leaf': 3, 'class_weight': None}. Best is trial 23 with value: 0.7853566958698374.
2025-02-02 15:12:03,589 - INFO - Trial 98 finished with value: 0.7584541062801933 and parameters: {'max_depth': 16, 'min_samples_split': 7, 'min_samples_leaf': 3, 'class_weight': 'balanced'}. Best is trial 23 with value: 0.7853566958698374.
2025-02-02 15:12:03,615 - INFO - Trial 99 finished with value: 0.7584541062801933 and parameters: {'max_depth': 15, 'min_samples_split': 6, 'min_samples_leaf': 3, 'class_weight': None}. Best is trial 23 with value: 0.7853566958698374.
2025-02-02 15:12:03,845 - INFO - A new study created in memory with name: no-name-9fb9c6a7-e315-40e7-95bf-f6d3e6ae5cc9
2025-02-02 15:12:03,913 - INFO - Trial 0 finished with value: 0.8188405797101449 and parameters: {'n_estimators': 130, 'max_depth': 5, 'learning_rate': 0.022828716574309835, 'subsample': 0.6518887887329055}. Best is trial 0 with value: 0.8188405797101449.
2025-02-02 15:12:03,975 - INFO - Trial 1 finished with value: 0.8188405797101449 and parameters: {'n_estimators': 185, 'max_depth': 10, 'learning_rate': 0.02294714975179033, 'subsample': 0.8152833223711533}. Best is trial 0 with value: 0.8188405797101449.
2025-02-02 15:12:04,016 - INFO - Trial 2 finished with value: 0.8188405797101449 and parameters: {'n_estimators': 81, 'max_depth': 8, 'learning_rate': 0.17358235824340307, 'subsample': 0.9267414595800756}. Best is trial 0 with value: 0.8188405797101449.
2025-02-02 15:12:04,068 - INFO - Trial 3 finished with value: 0.846683354192741 and parameters: {'n_estimators': 186, 'max_depth': 10, 'learning_rate': 0.19521293174703516, 'subsample': 0.5941850090364793}. Best is trial 3 with value: 0.846683354192741.
2025-02-02 15:12:04,099 - INFO - Trial 4 finished with value: 0.8508771929824562 and parameters: {'n_estimators': 53, 'max_depth': 12, 'learning_rate': 0.17912343835266634, 'subsample': 0.5826764091546895}. Best is trial 4 with value: 0.8508771929824562.
2025-02-02 15:12:04,178 - INFO - Trial 5 finished with value: 0.8188405797101449 and parameters: {'n_estimators': 277, 'max_depth': 19, 'learning_rate': 0.040255136910849317, 'subsample': 0.584600074253516}. Best is trial 4 with value: 0.8508771929824562.
2025-02-02 15:12:04,244 - INFO - Trial 6 finished with value: 0.8188405797101449 and parameters: {'n_estimators': 246, 'max_depth': 5, 'learning_rate': 0.026715724551540615, 'subsample': 0.972446869645637}. Best is trial 4 with value: 0.8508771929824562.
2025-02-02 15:12:04,301 - INFO - Trial 7 finished with value: 0.8188405797101449 and parameters: {'n_estimators': 180, 'max_depth': 18, 'learning_rate': 0.014946515870908762, 'subsample': 0.9461572653912478}. Best is trial 4 with value: 0.8508771929824562.
2025-02-02 15:12:04,331 - INFO - Trial 8 finished with value: 0.8188405797101449 and parameters: {'n_estimators': 69, 'max_depth': 20, 'learning_rate': 0.1649890629574255, 'subsample': 0.7472966751183794}. Best is trial 4 with value: 0.8508771929824562.
2025-02-02 15:12:04,398 - INFO - Trial 9 finished with value: 0.8188405797101449 and parameters: {'n_estimators': 295, 'max_depth': 10, 'learning_rate': 0.07001365219714592, 'subsample': 0.6637405044064164}. Best is trial 4 with value: 0.8508771929824562.
2025-02-02 15:12:04,443 - INFO - Trial 10 finished with value: 0.8188405797101449 and parameters: {'n_estimators': 119, 'max_depth': 15, 'learning_rate': 0.12697473336100573, 'subsample': 0.5033978089539558}. Best is trial 4 with value: 0.8508771929824562.
2025-02-02 15:12:04,504 - INFO - Trial 11 finished with value: 0.8508771929824562 and parameters: {'n_estimators': 222, 'max_depth': 15, 'learning_rate': 0.19744247557310868, 'subsample': 0.5053478248104399}. Best is trial 4 with value: 0.8508771929824562.
2025-02-02 15:12:04,566 - INFO - Trial 12 finished with value: 0.8188405797101449 and parameters: {'n_estimators': 228, 'max_depth': 14, 'learning_rate': 0.12460977205905618, 'subsample': 0.5131541616823274}. Best is trial 4 with value: 0.8508771929824562.
2025-02-02 15:12:04,614 - INFO - Trial 13 finished with value: 0.8188405797101449 and parameters: {'n_estimators': 130, 'max_depth': 14, 'learning_rate': 0.1965892477349809, 'subsample': 0.5771771481026666}. Best is trial 4 with value: 0.8508771929824562.
2025-02-02 15:12:04,677 - INFO - Trial 14 finished with value: 0.8188405797101449 and parameters: {'n_estimators': 241, 'max_depth': 16, 'learning_rate': 0.16007441567483485, 'subsample': 0.7230158289745295}. Best is trial 4 with value: 0.8508771929824562.
2025-02-02 15:12:04,715 - INFO - Trial 15 finished with value: 0.8188405797101449 and parameters: {'n_estimators': 53, 'max_depth': 12, 'learning_rate': 0.1417668207408049, 'subsample': 0.8427973848449178}. Best is trial 4 with value: 0.8508771929824562.
2025-02-02 15:12:04,775 - INFO - Trial 16 finished with value: 0.8188405797101449 and parameters: {'n_estimators': 211, 'max_depth': 17, 'learning_rate': 0.09382872942024349, 'subsample': 0.6525383529841499}. Best is trial 4 with value: 0.8508771929824562.
2025-02-02 15:12:04,829 - INFO - Trial 17 finished with value: 0.846683354192741 and parameters: {'n_estimators': 156, 'max_depth': 13, 'learning_rate': 0.18168972354173862, 'subsample': 0.5454572613167108}. Best is trial 4 with value: 0.8508771929824562.
2025-02-02 15:12:04,874 - INFO - Trial 18 finished with value: 0.8188405797101449 and parameters: {'n_estimators': 107, 'max_depth': 8, 'learning_rate': 0.15145335524525683, 'subsample': 0.6200477545090903}. Best is trial 4 with value: 0.8508771929824562.
2025-02-02 15:12:04,941 - INFO - Trial 19 finished with value: 0.8188405797101449 and parameters: {'n_estimators': 265, 'max_depth': 7, 'learning_rate': 0.09514975369846204, 'subsample': 0.688393221597382}. Best is trial 4 with value: 0.8508771929824562.
2025-02-02 15:12:05,002 - INFO - Trial 20 finished with value: 0.846683354192741 and parameters: {'n_estimators': 211, 'max_depth': 3, 'learning_rate': 0.18562487711082157, 'subsample': 0.5417586039985968}. Best is trial 4 with value: 0.8508771929824562.
2025-02-02 15:12:05,053 - INFO - Trial 21 finished with value: 0.8188405797101449 and parameters: {'n_estimators': 159, 'max_depth': 11, 'learning_rate': 0.19759003605035663, 'subsample': 0.6019855461911683}. Best is trial 4 with value: 0.8508771929824562.
2025-02-02 15:12:05,111 - INFO - Trial 22 finished with value: 0.846683354192741 and parameters: {'n_estimators': 204, 'max_depth': 12, 'learning_rate': 0.1985231437846163, 'subsample': 0.5625499538057173}. Best is trial 4 with value: 0.8508771929824562.
2025-02-02 15:12:05,166 - INFO - Trial 23 finished with value: 0.8188405797101449 and parameters: {'n_estimators': 162, 'max_depth': 10, 'learning_rate': 0.17635601740895548, 'subsample': 0.6177841450614678}. Best is trial 4 with value: 0.8508771929824562.
2025-02-02 15:12:05,225 - INFO - Trial 24 finished with value: 0.8188405797101449 and parameters: {'n_estimators': 195, 'max_depth': 16, 'learning_rate': 0.139008353451652, 'subsample': 0.7960476837683025}. Best is trial 4 with value: 0.8508771929824562.
2025-02-02 15:12:05,286 - INFO - Trial 25 finished with value: 0.8188405797101449 and parameters: {'n_estimators': 225, 'max_depth': 13, 'learning_rate': 0.16409813112509872, 'subsample': 0.5286342665173799}. Best is trial 4 with value: 0.8508771929824562.
2025-02-02 15:12:05,336 - INFO - Trial 26 finished with value: 0.8508771929824562 and parameters: {'n_estimators': 141, 'max_depth': 9, 'learning_rate': 0.18529130182381043, 'subsample': 0.7085505739695002}. Best is trial 4 with value: 0.8508771929824562.
2025-02-02 15:12:05,385 - INFO - Trial 27 finished with value: 0.8188405797101449 and parameters: {'n_estimators': 90, 'max_depth': 7, 'learning_rate': 0.15228393558552758, 'subsample': 0.6997405159386083}. Best is trial 4 with value: 0.8508771929824562.
2025-02-02 15:12:05,423 - INFO - Trial 28 finished with value: 0.7853566958698374 and parameters: {'n_estimators': 51, 'max_depth': 15, 'learning_rate': 0.07007427307217326, 'subsample': 0.8748723374529713}. Best is trial 4 with value: 0.8508771929824562.
2025-02-02 15:12:05,474 - INFO - Trial 29 finished with value: 0.8188405797101449 and parameters: {'n_estimators': 139, 'max_depth': 8, 'learning_rate': 0.11500700745372634, 'subsample': 0.7837761233569973}. Best is trial 4 with value: 0.8508771929824562.
2025-02-02 15:12:05,518 - INFO - Trial 30 finished with value: 0.8188405797101449 and parameters: {'n_estimators': 107, 'max_depth': 5, 'learning_rate': 0.182424121177093, 'subsample': 0.627931118471959}. Best is trial 4 with value: 0.8508771929824562.
2025-02-02 15:12:05,570 - INFO - Trial 31 finished with value: 0.8508771929824562 and parameters: {'n_estimators': 147, 'max_depth': 11, 'learning_rate': 0.189073276587185, 'subsample': 0.5685245474671815}. Best is trial 4 with value: 0.8508771929824562.
2025-02-02 15:12:05,621 - INFO - Trial 32 finished with value: 0.8188405797101449 and parameters: {'n_estimators': 143, 'max_depth': 11, 'learning_rate': 0.1713456007909489, 'subsample': 0.5541951724342771}. Best is trial 4 with value: 0.8508771929824562.
2025-02-02 15:12:05,679 - INFO - Trial 33 finished with value: 0.8508771929824562 and parameters: {'n_estimators': 171, 'max_depth': 9, 'learning_rate': 0.18413800956131457, 'subsample': 0.661836018165978}. Best is trial 4 with value: 0.8508771929824562.
2025-02-02 15:12:05,723 - INFO - Trial 34 finished with value: 0.8188405797101449 and parameters: {'n_estimators': 75, 'max_depth': 13, 'learning_rate': 0.18848887201011547, 'subsample': 0.5074979159266239}. Best is trial 4 with value: 0.8508771929824562.
2025-02-02 15:12:05,768 - INFO - Trial 35 finished with value: 0.8188405797101449 and parameters: {'n_estimators': 97, 'max_depth': 9, 'learning_rate': 0.17222507774818496, 'subsample': 0.5812523349788922}. Best is trial 4 with value: 0.8508771929824562.
2025-02-02 15:12:05,817 - INFO - Trial 36 finished with value: 0.8188405797101449 and parameters: {'n_estimators': 121, 'max_depth': 11, 'learning_rate': 0.1543821740692499, 'subsample': 0.759011978042597}. Best is trial 4 with value: 0.8508771929824562.
2025-02-02 15:12:05,882 - INFO - Trial 37 finished with value: 0.846683354192741 and parameters: {'n_estimators': 258, 'max_depth': 6, 'learning_rate': 0.1899330168839132, 'subsample': 0.5335644967686959}. Best is trial 4 with value: 0.8508771929824562.
2025-02-02 15:12:05,940 - INFO - Trial 38 finished with value: 0.8508771929824562 and parameters: {'n_estimators': 189, 'max_depth': 9, 'learning_rate': 0.13840657232049275, 'subsample': 0.6855819263253086}. Best is trial 4 with value: 0.8508771929824562.
2025-02-02 15:12:05,991 - INFO - Trial 39 finished with value: 0.8188405797101449 and parameters: {'n_estimators': 144, 'max_depth': 14, 'learning_rate': 0.16985802353565296, 'subsample': 0.6357119595685994}. Best is trial 4 with value: 0.8508771929824562.
2025-02-02 15:12:06,046 - INFO - Trial 40 finished with value: 0.8188405797101449 and parameters: {'n_estimators': 180, 'max_depth': 18, 'learning_rate': 0.19896664890736201, 'subsample': 0.8836968382830228}. Best is trial 4 with value: 0.8508771929824562.
2025-02-02 15:12:06,101 - INFO - Trial 41 finished with value: 0.8508771929824562 and parameters: {'n_estimators': 170, 'max_depth': 12, 'learning_rate': 0.1798676023373809, 'subsample': 0.6657221689782207}. Best is trial 4 with value: 0.8508771929824562.
2025-02-02 15:12:06,154 - INFO - Trial 42 finished with value: 0.8188405797101449 and parameters: {'n_estimators': 154, 'max_depth': 9, 'learning_rate': 0.18699096171628485, 'subsample': 0.5972027913010668}. Best is trial 4 with value: 0.8508771929824562.
2025-02-02 15:12:06,208 - INFO - Trial 43 finished with value: 0.8188405797101449 and parameters: {'n_estimators': 171, 'max_depth': 10, 'learning_rate': 0.1600206298767687, 'subsample': 0.7216995794336876}. Best is trial 4 with value: 0.8508771929824562.
2025-02-02 15:12:06,258 - INFO - Trial 44 finished with value: 0.8188405797101449 and parameters: {'n_estimators': 130, 'max_depth': 9, 'learning_rate': 0.17755228363317116, 'subsample': 0.6404720083891182}. Best is trial 4 with value: 0.8508771929824562.
2025-02-02 15:12:06,319 - INFO - Trial 45 finished with value: 0.846683354192741 and parameters: {'n_estimators': 228, 'max_depth': 7, 'learning_rate': 0.19087103094802557, 'subsample': 0.5679213486100751}. Best is trial 4 with value: 0.8508771929824562.
2025-02-02 15:12:06,391 - INFO - Trial 46 finished with value: 0.8508771929824562 and parameters: {'n_estimators': 298, 'max_depth': 11, 'learning_rate': 0.16631048240922214, 'subsample': 0.7214479659202163}. Best is trial 4 with value: 0.8508771929824562.
2025-02-02 15:12:06,454 - INFO - Trial 47 finished with value: 0.8188405797101449 and parameters: {'n_estimators': 197, 'max_depth': 10, 'learning_rate': 0.03793920764119027, 'subsample': 0.6020980559258288}. Best is trial 4 with value: 0.8508771929824562.
2025-02-02 15:12:06,503 - INFO - Trial 48 finished with value: 0.8508771929824562 and parameters: {'n_estimators': 122, 'max_depth': 20, 'learning_rate': 0.1457250987731667, 'subsample': 0.6705486616872821}. Best is trial 4 with value: 0.8508771929824562.
2025-02-02 15:12:06,566 - INFO - Trial 49 finished with value: 0.846683354192741 and parameters: {'n_estimators': 240, 'max_depth': 8, 'learning_rate': 0.18939819008405911, 'subsample': 0.5225320417705638}. Best is trial 4 with value: 0.8508771929824562.
2025-02-02 15:12:06,638 - INFO - Trial 50 finished with value: 0.8792270531400965 and parameters: {'n_estimators': 275, 'max_depth': 15, 'learning_rate': 0.19999948063318967, 'subsample': 0.5028112058261529}. Best is trial 50 with value: 0.8792270531400965.
2025-02-02 15:12:06,708 - INFO - Trial 51 finished with value: 0.846683354192741 and parameters: {'n_estimators': 286, 'max_depth': 15, 'learning_rate': 0.1999154496567251, 'subsample': 0.5096500033102245}. Best is trial 50 with value: 0.8792270531400965.
2025-02-02 15:12:06,782 - INFO - Trial 52 finished with value: 0.846683354192741 and parameters: {'n_estimators': 270, 'max_depth': 16, 'learning_rate': 0.18047390061176583, 'subsample': 0.556735254727502}. Best is trial 50 with value: 0.8792270531400965.
2025-02-02 15:12:06,822 - INFO - Trial 53 finished with value: 0.8188405797101449 and parameters: {'n_estimators': 62, 'max_depth': 17, 'learning_rate': 0.19191186518838577, 'subsample': 0.5007363941358153}. Best is trial 50 with value: 0.8792270531400965.
2025-02-02 15:12:06,883 - INFO - Trial 54 finished with value: 0.8188405797101449 and parameters: {'n_estimators': 218, 'max_depth': 13, 'learning_rate': 0.17377034793491974, 'subsample': 0.5809250133715146}. Best is trial 50 with value: 0.8792270531400965.
2025-02-02 15:12:06,950 - INFO - Trial 55 finished with value: 0.846683354192741 and parameters: {'n_estimators': 250, 'max_depth': 14, 'learning_rate': 0.18320679638666157, 'subsample': 0.5394517849071254}. Best is trial 50 with value: 0.8792270531400965.
2025-02-02 15:12:07,002 - INFO - Trial 56 finished with value: 0.8188405797101449 and parameters: {'n_estimators': 149, 'max_depth': 12, 'learning_rate': 0.16168896032562893, 'subsample': 0.746827710329879}. Best is trial 50 with value: 0.8792270531400965.
2025-02-02 15:12:07,076 - INFO - Trial 57 finished with value: 0.8188405797101449 and parameters: {'n_estimators': 277, 'max_depth': 17, 'learning_rate': 0.062080374274916306, 'subsample': 0.6137050317035243}. Best is trial 50 with value: 0.8792270531400965.
