2024-12-10 14:37:02,912 - INFO - Trial 92 finished with value: 1.0 and parameters: {'n_estimators': 168, 'max_depth': 16, 'learning_rate': 0.05556727462780035, 'subsample': 0.9178659060109371, 'colsample_bytree': 0.8648146714267757, 'scale_pos_weight': 1.2666385889947158}. Best is trial 0 with value: 1.0.
2024-12-10 14:37:03,019 - INFO - Trial 93 finished with value: 1.0 and parameters: {'n_estimators': 105, 'max_depth': 11, 'learning_rate': 0.03227942346179778, 'subsample': 0.859028146201033, 'colsample_bytree': 0.8342290759382982, 'scale_pos_weight': 1.1681242521542738}. Best is trial 0 with value: 1.0.
2024-12-10 14:37:03,113 - INFO - Trial 94 finished with value: 1.0 and parameters: {'n_estimators': 121, 'max_depth': 18, 'learning_rate': 0.18784427427089256, 'subsample': 0.8965308294795842, 'colsample_bytree': 0.8938172611917831, 'scale_pos_weight': 1.0173720365304768}. Best is trial 0 with value: 1.0.
2024-12-10 14:37:03,212 - INFO - Trial 95 finished with value: 1.0 and parameters: {'n_estimators': 78, 'max_depth': 15, 'learning_rate': 0.07708952495732195, 'subsample': 0.8106369699590654, 'colsample_bytree': 0.8557724971283852, 'scale_pos_weight': 1.067950096815761}. Best is trial 0 with value: 1.0.
2024-12-10 14:37:03,332 - INFO - Trial 96 finished with value: 1.0 and parameters: {'n_estimators': 98, 'max_depth': 13, 'learning_rate': 0.02111470807440534, 'subsample': 0.876162596951194, 'colsample_bytree': 0.9188725437966392, 'scale_pos_weight': 1.1523154686039727}. Best is trial 0 with value: 1.0.
2024-12-10 14:37:03,435 - INFO - Trial 97 finished with value: 0.9946251129177958 and parameters: {'n_estimators': 95, 'max_depth': 14, 'learning_rate': 0.05982677943819473, 'subsample': 0.9748225714552091, 'colsample_bytree': 0.8145928149336299, 'scale_pos_weight': 1.2292838523247949}. Best is trial 0 with value: 1.0.
2024-12-10 14:37:03,510 - INFO - Trial 98 finished with value: 1.0 and parameters: {'n_estimators': 67, 'max_depth': 8, 'learning_rate': 0.22479241501503447, 'subsample': 0.5734611695832569, 'colsample_bytree': 0.798673027526388, 'scale_pos_weight': 0.6435735867131361}. Best is trial 0 with value: 1.0.
2024-12-10 14:37:03,631 - INFO - Trial 99 finished with value: 0.9946251129177958 and parameters: {'n_estimators': 155, 'max_depth': 17, 'learning_rate': 0.06848147811831289, 'subsample': 0.6371742635337865, 'colsample_bytree': 0.6757341502809286, 'scale_pos_weight': 0.9015076903401481}. Best is trial 0 with value: 1.0.
2024-12-10 14:40:06,066 - INFO - A new study created in memory with name: no-name-e5698646-5dba-4ee3-9ee7-99b525345382
2024-12-10 14:40:06,334 - INFO - Trial 0 finished with value: 0.99013357619915 and parameters: {'n_estimators': 93, 'max_depth': 5, 'min_samples_split': 3, 'min_samples_leaf': 1, 'class_weight': 'balanced'}. Best is trial 0 with value: 0.99013357619915.
2024-12-10 14:40:06,446 - INFO - Trial 1 finished with value: 1.0 and parameters: {'n_estimators': 54, 'max_depth': 17, 'min_samples_split': 10, 'min_samples_leaf': 4, 'class_weight': None}. Best is trial 1 with value: 1.0.
2024-12-10 14:40:06,596 - INFO - Trial 2 finished with value: 0.99013357619915 and parameters: {'n_estimators': 77, 'max_depth': 4, 'min_samples_split': 6, 'min_samples_leaf': 2, 'class_weight': None}. Best is trial 1 with value: 1.0.
2024-12-10 14:40:06,959 - INFO - Trial 3 finished with value: 1.0 and parameters: {'n_estimators': 191, 'max_depth': 18, 'min_samples_split': 9, 'min_samples_leaf': 4, 'class_weight': 'balanced'}. Best is trial 1 with value: 1.0.
2024-12-10 14:40:07,230 - INFO - Trial 4 finished with value: 1.0 and parameters: {'n_estimators': 136, 'max_depth': 19, 'min_samples_split': 8, 'min_samples_leaf': 3, 'class_weight': None}. Best is trial 1 with value: 1.0.
2024-12-10 14:40:07,543 - INFO - Trial 5 finished with value: 0.99013357619915 and parameters: {'n_estimators': 150, 'max_depth': 9, 'min_samples_split': 5, 'min_samples_leaf': 1, 'class_weight': None}. Best is trial 1 with value: 1.0.
2024-12-10 14:40:07,954 - INFO - Trial 6 finished with value: 1.0 and parameters: {'n_estimators': 212, 'max_depth': 13, 'min_samples_split': 7, 'min_samples_leaf': 1, 'class_weight': 'balanced'}. Best is trial 1 with value: 1.0.
2024-12-10 14:40:08,161 - INFO - Trial 7 finished with value: 1.0 and parameters: {'n_estimators': 108, 'max_depth': 20, 'min_samples_split': 10, 'min_samples_leaf': 4, 'class_weight': None}. Best is trial 1 with value: 1.0.
2024-12-10 14:40:08,294 - INFO - Trial 8 finished with value: 0.99013357619915 and parameters: {'n_estimators': 66, 'max_depth': 8, 'min_samples_split': 4, 'min_samples_leaf': 1, 'class_weight': 'balanced'}. Best is trial 1 with value: 1.0.
2024-12-10 14:40:08,529 - INFO - Trial 9 finished with value: 0.99013357619915 and parameters: {'n_estimators': 130, 'max_depth': 5, 'min_samples_split': 5, 'min_samples_leaf': 1, 'class_weight': 'balanced'}. Best is trial 1 with value: 1.0.
2024-12-10 14:40:09,083 - INFO - Trial 10 finished with value: 1.0 and parameters: {'n_estimators': 284, 'max_depth': 15, 'min_samples_split': 2, 'min_samples_leaf': 3, 'class_weight': None}. Best is trial 1 with value: 1.0.
2024-12-10 14:40:09,480 - INFO - Trial 11 finished with value: 1.0 and parameters: {'n_estimators': 199, 'max_depth': 16, 'min_samples_split': 10, 'min_samples_leaf': 4, 'class_weight': 'balanced'}. Best is trial 1 with value: 1.0.
2024-12-10 14:40:09,961 - INFO - Trial 12 finished with value: 1.0 and parameters: {'n_estimators': 240, 'max_depth': 17, 'min_samples_split': 9, 'min_samples_leaf': 4, 'class_weight': None}. Best is trial 1 with value: 1.0.
2024-12-10 14:40:10,297 - INFO - Trial 13 finished with value: 1.0 and parameters: {'n_estimators': 173, 'max_depth': 13, 'min_samples_split': 8, 'min_samples_leaf': 3, 'class_weight': 'balanced'}. Best is trial 1 with value: 1.0.
2024-12-10 14:40:10,416 - INFO - Trial 14 finished with value: 0.9949377571191965 and parameters: {'n_estimators': 52, 'max_depth': 18, 'min_samples_split': 9, 'min_samples_leaf': 4, 'class_weight': None}. Best is trial 1 with value: 1.0.
2024-12-10 14:40:10,894 - INFO - Trial 15 finished with value: 1.0 and parameters: {'n_estimators': 248, 'max_depth': 14, 'min_samples_split': 10, 'min_samples_leaf': 2, 'class_weight': 'balanced'}. Best is trial 1 with value: 1.0.
2024-12-10 14:40:11,248 - INFO - Trial 16 finished with value: 1.0 and parameters: {'n_estimators': 185, 'max_depth': 10, 'min_samples_split': 8, 'min_samples_leaf': 3, 'class_weight': 'balanced'}. Best is trial 1 with value: 1.0.
2024-12-10 14:40:11,688 - INFO - Trial 17 finished with value: 0.9949377571191965 and parameters: {'n_estimators': 227, 'max_depth': 20, 'min_samples_split': 9, 'min_samples_leaf': 4, 'class_weight': None}. Best is trial 1 with value: 1.0.
2024-12-10 14:40:12,020 - INFO - Trial 18 finished with value: 0.9949377571191965 and parameters: {'n_estimators': 166, 'max_depth': 17, 'min_samples_split': 7, 'min_samples_leaf': 4, 'class_weight': None}. Best is trial 1 with value: 1.0.
2024-12-10 14:40:12,537 - INFO - Trial 19 finished with value: 1.0 and parameters: {'n_estimators': 270, 'max_depth': 11, 'min_samples_split': 7, 'min_samples_leaf': 2, 'class_weight': 'balanced'}. Best is trial 1 with value: 1.0.
2024-12-10 14:40:12,767 - INFO - Trial 20 finished with value: 1.0 and parameters: {'n_estimators': 111, 'max_depth': 15, 'min_samples_split': 9, 'min_samples_leaf': 3, 'class_weight': None}. Best is trial 1 with value: 1.0.
2024-12-10 14:40:13,048 - INFO - Trial 21 finished with value: 1.0 and parameters: {'n_estimators': 140, 'max_depth': 19, 'min_samples_split': 8, 'min_samples_leaf': 3, 'class_weight': None}. Best is trial 1 with value: 1.0.
2024-12-10 14:40:13,289 - INFO - Trial 22 finished with value: 1.0 and parameters: {'n_estimators': 119, 'max_depth': 18, 'min_samples_split': 10, 'min_samples_leaf': 4, 'class_weight': None}. Best is trial 1 with value: 1.0.
2024-12-10 14:40:13,607 - INFO - Trial 23 finished with value: 1.0 and parameters: {'n_estimators': 157, 'max_depth': 20, 'min_samples_split': 8, 'min_samples_leaf': 3, 'class_weight': None}. Best is trial 1 with value: 1.0.
2024-12-10 14:40:13,800 - INFO - Trial 24 finished with value: 1.0 and parameters: {'n_estimators': 89, 'max_depth': 18, 'min_samples_split': 9, 'min_samples_leaf': 4, 'class_weight': None}. Best is trial 1 with value: 1.0.
2024-12-10 14:40:14,178 - INFO - Trial 25 finished with value: 1.0 and parameters: {'n_estimators': 193, 'max_depth': 16, 'min_samples_split': 6, 'min_samples_leaf': 3, 'class_weight': None}. Best is trial 1 with value: 1.0.
2024-12-10 14:40:14,585 - INFO - Trial 26 finished with value: 1.0 and parameters: {'n_estimators': 213, 'max_depth': 19, 'min_samples_split': 10, 'min_samples_leaf': 4, 'class_weight': 'balanced'}. Best is trial 1 with value: 1.0.
2024-12-10 14:40:14,718 - INFO - Trial 27 finished with value: 1.0 and parameters: {'n_estimators': 57, 'max_depth': 13, 'min_samples_split': 8, 'min_samples_leaf': 2, 'class_weight': None}. Best is trial 1 with value: 1.0.
2024-12-10 14:40:15,294 - INFO - Trial 28 finished with value: 1.0 and parameters: {'n_estimators': 300, 'max_depth': 16, 'min_samples_split': 9, 'min_samples_leaf': 3, 'class_weight': 'balanced'}. Best is trial 1 with value: 1.0.
2024-12-10 14:40:15,578 - INFO - Trial 29 finished with value: 0.9949377571191965 and parameters: {'n_estimators': 136, 'max_depth': 17, 'min_samples_split': 7, 'min_samples_leaf': 4, 'class_weight': 'balanced'}. Best is trial 1 with value: 1.0.
2024-12-10 14:40:15,755 - INFO - Trial 30 finished with value: 1.0 and parameters: {'n_estimators': 82, 'max_depth': 19, 'min_samples_split': 6, 'min_samples_leaf': 4, 'class_weight': None}. Best is trial 1 with value: 1.0.
2024-12-10 14:40:16,170 - INFO - Trial 31 finished with value: 1.0 and parameters: {'n_estimators': 212, 'max_depth': 13, 'min_samples_split': 7, 'min_samples_leaf': 2, 'class_weight': 'balanced'}. Best is trial 1 with value: 1.0.
2024-12-10 14:40:16,583 - INFO - Trial 32 finished with value: 1.0 and parameters: {'n_estimators': 209, 'max_depth': 12, 'min_samples_split': 8, 'min_samples_leaf': 1, 'class_weight': 'balanced'}. Best is trial 1 with value: 1.0.
2024-12-10 14:40:16,939 - INFO - Trial 33 finished with value: 1.0 and parameters: {'n_estimators': 180, 'max_depth': 15, 'min_samples_split': 7, 'min_samples_leaf': 2, 'class_weight': 'balanced'}. Best is trial 1 with value: 1.0.
2024-12-10 14:40:17,374 - INFO - Trial 34 finished with value: 0.99013357619915 and parameters: {'n_estimators': 230, 'max_depth': 8, 'min_samples_split': 6, 'min_samples_leaf': 1, 'class_weight': 'balanced'}. Best is trial 1 with value: 1.0.
2024-12-10 14:40:17,859 - INFO - Trial 35 finished with value: 0.99013357619915 and parameters: {'n_estimators': 255, 'max_depth': 6, 'min_samples_split': 5, 'min_samples_leaf': 3, 'class_weight': 'balanced'}. Best is trial 1 with value: 1.0.
2024-12-10 14:40:18,116 - INFO - Trial 36 finished with value: 1.0 and parameters: {'n_estimators': 99, 'max_depth': 14, 'min_samples_split': 9, 'min_samples_leaf': 1, 'class_weight': None}. Best is trial 1 with value: 1.0.
2024-12-10 14:40:18,465 - INFO - Trial 37 finished with value: 1.0 and parameters: {'n_estimators': 156, 'max_depth': 20, 'min_samples_split': 10, 'min_samples_leaf': 4, 'class_weight': 'balanced'}. Best is trial 1 with value: 1.0.
2024-12-10 14:40:18,628 - INFO - Trial 38 finished with value: 1.0 and parameters: {'n_estimators': 65, 'max_depth': 18, 'min_samples_split': 4, 'min_samples_leaf': 3, 'class_weight': None}. Best is trial 1 with value: 1.0.
2024-12-10 14:40:18,925 - INFO - Trial 39 finished with value: 0.9946251129177958 and parameters: {'n_estimators': 127, 'max_depth': 11, 'min_samples_split': 8, 'min_samples_leaf': 1, 'class_weight': 'balanced'}. Best is trial 1 with value: 1.0.
2024-12-10 14:40:19,304 - INFO - Trial 40 finished with value: 0.9949377571191965 and parameters: {'n_estimators': 196, 'max_depth': 16, 'min_samples_split': 10, 'min_samples_leaf': 4, 'class_weight': None}. Best is trial 1 with value: 1.0.
2024-12-10 14:40:19,527 - INFO - Trial 41 finished with value: 0.9949377571191965 and parameters: {'n_estimators': 106, 'max_depth': 19, 'min_samples_split': 10, 'min_samples_leaf': 4, 'class_weight': None}. Best is trial 1 with value: 1.0.
2024-12-10 14:40:19,825 - INFO - Trial 42 finished with value: 1.0 and parameters: {'n_estimators': 145, 'max_depth': 20, 'min_samples_split': 9, 'min_samples_leaf': 4, 'class_weight': None}. Best is trial 1 with value: 1.0.
2024-12-10 14:40:20,001 - INFO - Trial 43 finished with value: 0.9949377571191965 and parameters: {'n_estimators': 80, 'max_depth': 17, 'min_samples_split': 10, 'min_samples_leaf': 4, 'class_weight': None}. Best is trial 1 with value: 1.0.
2024-12-10 14:40:20,320 - INFO - Trial 44 finished with value: 1.0 and parameters: {'n_estimators': 163, 'max_depth': 18, 'min_samples_split': 2, 'min_samples_leaf': 4, 'class_weight': None}. Best is trial 1 with value: 1.0.
2024-12-10 14:40:20,464 - INFO - Trial 45 finished with value: 0.99013357619915 and parameters: {'n_estimators': 71, 'max_depth': 3, 'min_samples_split': 9, 'min_samples_leaf': 3, 'class_weight': 'balanced'}. Best is trial 1 with value: 1.0.
2024-12-10 14:40:20,806 - INFO - Trial 46 finished with value: 1.0 and parameters: {'n_estimators': 172, 'max_depth': 19, 'min_samples_split': 8, 'min_samples_leaf': 4, 'class_weight': None}. Best is trial 1 with value: 1.0.
2024-12-10 14:40:21,069 - INFO - Trial 47 finished with value: 1.0 and parameters: {'n_estimators': 124, 'max_depth': 17, 'min_samples_split': 10, 'min_samples_leaf': 2, 'class_weight': None}. Best is trial 1 with value: 1.0.
2024-12-10 14:40:21,440 - INFO - Trial 48 finished with value: 1.0 and parameters: {'n_estimators': 184, 'max_depth': 14, 'min_samples_split': 9, 'min_samples_leaf': 3, 'class_weight': 'balanced'}. Best is trial 1 with value: 1.0.
2024-12-10 14:40:21,648 - INFO - Trial 49 finished with value: 0.99013357619915 and parameters: {'n_estimators': 100, 'max_depth': 9, 'min_samples_split': 7, 'min_samples_leaf': 4, 'class_weight': None}. Best is trial 1 with value: 1.0.
2024-12-10 14:40:21,893 - INFO - Trial 50 finished with value: 0.9949377571191965 and parameters: {'n_estimators': 117, 'max_depth': 20, 'min_samples_split': 3, 'min_samples_leaf': 4, 'class_weight': 'balanced'}. Best is trial 1 with value: 1.0.
2024-12-10 14:40:22,439 - INFO - Trial 51 finished with value: 1.0 and parameters: {'n_estimators': 285, 'max_depth': 15, 'min_samples_split': 3, 'min_samples_leaf': 3, 'class_weight': None}. Best is trial 1 with value: 1.0.
2024-12-10 14:40:22,888 - INFO - Trial 52 finished with value: 1.0 and parameters: {'n_estimators': 227, 'max_depth': 16, 'min_samples_split': 2, 'min_samples_leaf': 3, 'class_weight': None}. Best is trial 1 with value: 1.0.
2024-12-10 14:40:23,361 - INFO - Trial 53 finished with value: 1.0 and parameters: {'n_estimators': 247, 'max_depth': 15, 'min_samples_split': 5, 'min_samples_leaf': 3, 'class_weight': None}. Best is trial 1 with value: 1.0.
2024-12-10 14:40:23,568 - INFO - Trial 54 finished with value: 1.0 and parameters: {'n_estimators': 88, 'max_depth': 12, 'min_samples_split': 4, 'min_samples_leaf': 2, 'class_weight': None}. Best is trial 1 with value: 1.0.
2024-12-10 14:40:24,072 - INFO - Trial 55 finished with value: 1.0 and parameters: {'n_estimators': 260, 'max_depth': 18, 'min_samples_split': 9, 'min_samples_leaf': 3, 'class_weight': None}. Best is trial 1 with value: 1.0.
2024-12-10 14:40:24,362 - INFO - Trial 56 finished with value: 1.0 and parameters: {'n_estimators': 144, 'max_depth': 17, 'min_samples_split': 8, 'min_samples_leaf': 4, 'class_weight': None}. Best is trial 1 with value: 1.0.
2024-12-10 14:40:24,488 - INFO - Trial 57 finished with value: 0.9949377571191965 and parameters: {'n_estimators': 52, 'max_depth': 14, 'min_samples_split': 10, 'min_samples_leaf': 3, 'class_weight': None}. Best is trial 1 with value: 1.0.
2024-12-10 14:40:25,028 - INFO - Trial 58 finished with value: 1.0 and parameters: {'n_estimators': 279, 'max_depth': 18, 'min_samples_split': 7, 'min_samples_leaf': 2, 'class_weight': 'balanced'}. Best is trial 1 with value: 1.0.
2024-12-10 14:40:25,299 - INFO - Trial 59 finished with value: 1.0 and parameters: {'n_estimators': 135, 'max_depth': 19, 'min_samples_split': 9, 'min_samples_leaf': 4, 'class_weight': None}. Best is trial 1 with value: 1.0.
2024-12-10 14:40:25,610 - INFO - Trial 60 finished with value: 1.0 and parameters: {'n_estimators': 153, 'max_depth': 16, 'min_samples_split': 8, 'min_samples_leaf': 3, 'class_weight': 'balanced'}. Best is trial 1 with value: 1.0.
2024-12-10 14:40:26,011 - INFO - Trial 61 finished with value: 1.0 and parameters: {'n_estimators': 205, 'max_depth': 17, 'min_samples_split': 10, 'min_samples_leaf': 4, 'class_weight': 'balanced'}. Best is trial 1 with value: 1.0.
2024-12-10 14:40:26,395 - INFO - Trial 62 finished with value: 0.9949377571191965 and parameters: {'n_estimators': 197, 'max_depth': 15, 'min_samples_split': 10, 'min_samples_leaf': 4, 'class_weight': 'balanced'}. Best is trial 1 with value: 1.0.
2024-12-10 14:40:26,824 - INFO - Trial 63 finished with value: 1.0 and parameters: {'n_estimators': 220, 'max_depth': 19, 'min_samples_split': 9, 'min_samples_leaf': 4, 'class_weight': 'balanced'}. Best is trial 1 with value: 1.0.
2024-12-10 14:40:27,167 - INFO - Trial 64 finished with value: 0.9949377571191965 and parameters: {'n_estimators': 172, 'max_depth': 16, 'min_samples_split': 9, 'min_samples_leaf': 4, 'class_weight': 'balanced'}. Best is trial 1 with value: 1.0.
2024-12-10 14:40:27,541 - INFO - Trial 65 finished with value: 0.9949377571191965 and parameters: {'n_estimators': 194, 'max_depth': 18, 'min_samples_split': 10, 'min_samples_leaf': 4, 'class_weight': 'balanced'}. Best is trial 1 with value: 1.0.
2024-12-10 14:40:28,109 - INFO - Trial 66 finished with value: 1.0 and parameters: {'n_estimators': 299, 'max_depth': 13, 'min_samples_split': 10, 'min_samples_leaf': 4, 'class_weight': None}. Best is trial 1 with value: 1.0.
2024-12-10 14:40:28,511 - INFO - Trial 67 finished with value: 1.0 and parameters: {'n_estimators': 202, 'max_depth': 20, 'min_samples_split': 6, 'min_samples_leaf': 1, 'class_weight': 'balanced'}. Best is trial 1 with value: 1.0.
2024-12-10 14:40:28,883 - INFO - Trial 68 finished with value: 1.0 and parameters: {'n_estimators': 187, 'max_depth': 15, 'min_samples_split': 8, 'min_samples_leaf': 2, 'class_weight': None}. Best is trial 1 with value: 1.0.
2024-12-10 14:40:29,306 - INFO - Trial 69 finished with value: 0.9949377571191965 and parameters: {'n_estimators': 218, 'max_depth': 13, 'min_samples_split': 7, 'min_samples_leaf': 4, 'class_weight': 'balanced'}. Best is trial 1 with value: 1.0.
2024-12-10 14:40:29,757 - INFO - Trial 70 finished with value: 1.0 and parameters: {'n_estimators': 233, 'max_depth': 14, 'min_samples_split': 9, 'min_samples_leaf': 3, 'class_weight': None}. Best is trial 1 with value: 1.0.
2024-12-10 14:40:30,224 - INFO - Trial 71 finished with value: 0.9949377571191965 and parameters: {'n_estimators': 241, 'max_depth': 17, 'min_samples_split': 10, 'min_samples_leaf': 4, 'class_weight': None}. Best is trial 1 with value: 1.0.
2024-12-10 14:40:30,725 - INFO - Trial 72 finished with value: 1.0 and parameters: {'n_estimators': 262, 'max_depth': 16, 'min_samples_split': 9, 'min_samples_leaf': 4, 'class_weight': None}. Best is trial 1 with value: 1.0.
2024-12-10 14:40:31,187 - INFO - Trial 73 finished with value: 1.0 and parameters: {'n_estimators': 238, 'max_depth': 18, 'min_samples_split': 8, 'min_samples_leaf': 4, 'class_weight': None}. Best is trial 1 with value: 1.0.
2024-12-10 14:40:31,514 - INFO - Trial 74 finished with value: 1.0 and parameters: {'n_estimators': 163, 'max_depth': 17, 'min_samples_split': 10, 'min_samples_leaf': 4, 'class_weight': None}. Best is trial 1 with value: 1.0.
2024-12-10 14:40:31,943 - INFO - Trial 75 finished with value: 1.0 and parameters: {'n_estimators': 218, 'max_depth': 19, 'min_samples_split': 9, 'min_samples_leaf': 4, 'class_weight': None}. Best is trial 1 with value: 1.0.
2024-12-10 14:40:32,094 - INFO - Trial 76 finished with value: 1.0 and parameters: {'n_estimators': 65, 'max_depth': 20, 'min_samples_split': 6, 'min_samples_leaf': 4, 'class_weight': 'balanced'}. Best is trial 1 with value: 1.0.
2024-12-10 14:40:32,471 - INFO - Trial 77 finished with value: 1.0 and parameters: {'n_estimators': 185, 'max_depth': 19, 'min_samples_split': 7, 'min_samples_leaf': 4, 'class_weight': None}. Best is trial 1 with value: 1.0.
2024-12-10 14:40:33,027 - INFO - Trial 78 finished with value: 0.99013357619915 and parameters: {'n_estimators': 271, 'max_depth': 6, 'min_samples_split': 10, 'min_samples_leaf': 1, 'class_weight': 'balanced'}. Best is trial 1 with value: 1.0.
2024-12-10 14:40:33,398 - INFO - Trial 79 finished with value: 1.0 and parameters: {'n_estimators': 177, 'max_depth': 12, 'min_samples_split': 9, 'min_samples_leaf': 3, 'class_weight': None}. Best is trial 1 with value: 1.0.
2024-12-10 14:40:33,643 - INFO - Trial 80 finished with value: 1.0 and parameters: {'n_estimators': 112, 'max_depth': 11, 'min_samples_split': 8, 'min_samples_leaf': 4, 'class_weight': None}. Best is trial 1 with value: 1.0.
2024-12-10 14:40:34,079 - INFO - Trial 81 finished with value: 1.0 and parameters: {'n_estimators': 202, 'max_depth': 15, 'min_samples_split': 7, 'min_samples_leaf': 3, 'class_weight': 'balanced'}. Best is trial 1 with value: 1.0.
2024-12-10 14:40:34,467 - INFO - Trial 82 finished with value: 1.0 and parameters: {'n_estimators': 189, 'max_depth': 13, 'min_samples_split': 8, 'min_samples_leaf': 3, 'class_weight': 'balanced'}. Best is trial 1 with value: 1.0.
