2024-11-26 15:58:29,328 - INFO - Trial 41 finished with value: 1.0 and parameters: {'max_depth': 11, 'min_samples_split': 10, 'min_samples_leaf': 1, 'class_weight': None}. Best is trial 5 with value: 1.0.
2024-11-26 15:58:29,357 - INFO - Trial 42 finished with value: 0.9895833333333334 and parameters: {'max_depth': 12, 'min_samples_split': 10, 'min_samples_leaf': 1, 'class_weight': None}. Best is trial 5 with value: 1.0.
2024-11-26 15:58:29,392 - INFO - Trial 43 finished with value: 1.0 and parameters: {'max_depth': 13, 'min_samples_split': 9, 'min_samples_leaf': 1, 'class_weight': None}. Best is trial 5 with value: 1.0.
2024-11-26 15:58:29,425 - INFO - Trial 44 finished with value: 0.9895833333333334 and parameters: {'max_depth': 14, 'min_samples_split': 10, 'min_samples_leaf': 1, 'class_weight': None}. Best is trial 5 with value: 1.0.
2024-11-26 15:58:29,456 - INFO - Trial 45 finished with value: 0.9946251129177958 and parameters: {'max_depth': 9, 'min_samples_split': 8, 'min_samples_leaf': 2, 'class_weight': None}. Best is trial 5 with value: 1.0.
2024-11-26 15:58:29,492 - INFO - Trial 46 finished with value: 1.0 and parameters: {'max_depth': 12, 'min_samples_split': 9, 'min_samples_leaf': 1, 'class_weight': None}. Best is trial 5 with value: 1.0.
2024-11-26 15:58:29,525 - INFO - Trial 47 finished with value: 0.9838753387533877 and parameters: {'max_depth': 15, 'min_samples_split': 4, 'min_samples_leaf': 1, 'class_weight': None}. Best is trial 5 with value: 1.0.
2024-11-26 15:58:29,557 - INFO - Trial 48 finished with value: 0.9895833333333334 and parameters: {'max_depth': 19, 'min_samples_split': 9, 'min_samples_leaf': 2, 'class_weight': None}. Best is trial 5 with value: 1.0.
2024-11-26 15:58:29,591 - INFO - Trial 49 finished with value: 0.9895833333333334 and parameters: {'max_depth': 9, 'min_samples_split': 3, 'min_samples_leaf': 1, 'class_weight': None}. Best is trial 5 with value: 1.0.
2024-11-26 15:58:29,623 - INFO - Trial 50 finished with value: 0.9946251129177958 and parameters: {'max_depth': 16, 'min_samples_split': 10, 'min_samples_leaf': 1, 'class_weight': None}. Best is trial 5 with value: 1.0.
2024-11-26 15:58:29,651 - INFO - Trial 51 finished with value: 0.9946251129177958 and parameters: {'max_depth': 11, 'min_samples_split': 10, 'min_samples_leaf': 1, 'class_weight': None}. Best is trial 5 with value: 1.0.
2024-11-26 15:58:29,683 - INFO - Trial 52 finished with value: 0.9946251129177958 and parameters: {'max_depth': 11, 'min_samples_split': 10, 'min_samples_leaf': 1, 'class_weight': None}. Best is trial 5 with value: 1.0.
2024-11-26 15:58:29,720 - INFO - Trial 53 finished with value: 0.9949377571191965 and parameters: {'max_depth': 10, 'min_samples_split': 10, 'min_samples_leaf': 1, 'class_weight': None}. Best is trial 5 with value: 1.0.
2024-11-26 15:58:29,750 - INFO - Trial 54 finished with value: 0.99013357619915 and parameters: {'max_depth': 8, 'min_samples_split': 9, 'min_samples_leaf': 1, 'class_weight': None}. Best is trial 5 with value: 1.0.
2024-11-26 15:58:29,785 - INFO - Trial 55 finished with value: 0.9946251129177958 and parameters: {'max_depth': 13, 'min_samples_split': 8, 'min_samples_leaf': 2, 'class_weight': None}. Best is trial 5 with value: 1.0.
2024-11-26 15:58:29,821 - INFO - Trial 56 finished with value: 1.0 and parameters: {'max_depth': 15, 'min_samples_split': 4, 'min_samples_leaf': 1, 'class_weight': None}. Best is trial 5 with value: 1.0.
2024-11-26 15:58:29,852 - INFO - Trial 57 finished with value: 0.9895833333333334 and parameters: {'max_depth': 11, 'min_samples_split': 7, 'min_samples_leaf': 1, 'class_weight': None}. Best is trial 5 with value: 1.0.
2024-11-26 15:58:29,883 - INFO - Trial 58 finished with value: 0.9946251129177958 and parameters: {'max_depth': 12, 'min_samples_split': 6, 'min_samples_leaf': 2, 'class_weight': None}. Best is trial 5 with value: 1.0.
2024-11-26 15:58:29,915 - INFO - Trial 59 finished with value: 0.9895833333333334 and parameters: {'max_depth': 17, 'min_samples_split': 3, 'min_samples_leaf': 4, 'class_weight': None}. Best is trial 5 with value: 1.0.
2024-11-26 15:58:29,947 - INFO - Trial 60 finished with value: 0.9946251129177958 and parameters: {'max_depth': 14, 'min_samples_split': 10, 'min_samples_leaf': 1, 'class_weight': None}. Best is trial 5 with value: 1.0.
2024-11-26 15:58:29,979 - INFO - Trial 61 finished with value: 0.9838753387533877 and parameters: {'max_depth': 13, 'min_samples_split': 9, 'min_samples_leaf': 1, 'class_weight': None}. Best is trial 5 with value: 1.0.
2024-11-26 15:58:30,013 - INFO - Trial 62 finished with value: 0.9949377571191965 and parameters: {'max_depth': 13, 'min_samples_split': 9, 'min_samples_leaf': 1, 'class_weight': None}. Best is trial 5 with value: 1.0.
2024-11-26 15:58:30,044 - INFO - Trial 63 finished with value: 0.9949377571191965 and parameters: {'max_depth': 10, 'min_samples_split': 10, 'min_samples_leaf': 1, 'class_weight': None}. Best is trial 5 with value: 1.0.
2024-11-26 15:58:30,079 - INFO - Trial 64 finished with value: 0.9949377571191965 and parameters: {'max_depth': 19, 'min_samples_split': 2, 'min_samples_leaf': 1, 'class_weight': None}. Best is trial 5 with value: 1.0.
2024-11-26 15:58:30,111 - INFO - Trial 65 finished with value: 0.9946251129177958 and parameters: {'max_depth': 14, 'min_samples_split': 9, 'min_samples_leaf': 1, 'class_weight': None}. Best is trial 5 with value: 1.0.
2024-11-26 15:58:30,142 - INFO - Trial 66 finished with value: 1.0 and parameters: {'max_depth': 16, 'min_samples_split': 9, 'min_samples_leaf': 1, 'class_weight': None}. Best is trial 5 with value: 1.0.
2024-11-26 15:58:30,174 - INFO - Trial 67 finished with value: 1.0 and parameters: {'max_depth': 12, 'min_samples_split': 4, 'min_samples_leaf': 1, 'class_weight': None}. Best is trial 5 with value: 1.0.
2024-11-26 15:58:30,207 - INFO - Trial 68 finished with value: 0.9946251129177958 and parameters: {'max_depth': 13, 'min_samples_split': 5, 'min_samples_leaf': 2, 'class_weight': None}. Best is trial 5 with value: 1.0.
2024-11-26 15:58:30,238 - INFO - Trial 69 finished with value: 0.9949377571191965 and parameters: {'max_depth': 15, 'min_samples_split': 8, 'min_samples_leaf': 1, 'class_weight': None}. Best is trial 5 with value: 1.0.
2024-11-26 15:58:30,268 - INFO - Trial 70 finished with value: 1.0 and parameters: {'max_depth': 10, 'min_samples_split': 3, 'min_samples_leaf': 1, 'class_weight': None}. Best is trial 5 with value: 1.0.
2024-11-26 15:58:30,302 - INFO - Trial 71 finished with value: 0.9888674388674389 and parameters: {'max_depth': 12, 'min_samples_split': 9, 'min_samples_leaf': 1, 'class_weight': None}. Best is trial 5 with value: 1.0.
2024-11-26 15:58:30,331 - INFO - Trial 72 finished with value: 0.9946251129177958 and parameters: {'max_depth': 11, 'min_samples_split': 10, 'min_samples_leaf': 1, 'class_weight': None}. Best is trial 5 with value: 1.0.
2024-11-26 15:58:30,358 - INFO - Trial 73 finished with value: 0.9888674388674389 and parameters: {'max_depth': 11, 'min_samples_split': 8, 'min_samples_leaf': 1, 'class_weight': None}. Best is trial 5 with value: 1.0.
2024-11-26 15:58:30,385 - INFO - Trial 74 finished with value: 0.9946251129177958 and parameters: {'max_depth': 12, 'min_samples_split': 9, 'min_samples_leaf': 1, 'class_weight': None}. Best is trial 5 with value: 1.0.
2024-11-26 15:58:30,412 - INFO - Trial 75 finished with value: 1.0 and parameters: {'max_depth': 14, 'min_samples_split': 10, 'min_samples_leaf': 1, 'class_weight': None}. Best is trial 5 with value: 1.0.
2024-11-26 15:58:30,438 - INFO - Trial 76 finished with value: 0.9946251129177958 and parameters: {'max_depth': 18, 'min_samples_split': 9, 'min_samples_leaf': 1, 'class_weight': None}. Best is trial 5 with value: 1.0.
2024-11-26 15:58:30,466 - INFO - Trial 77 finished with value: 0.9949377571191965 and parameters: {'max_depth': 12, 'min_samples_split': 7, 'min_samples_leaf': 1, 'class_weight': None}. Best is trial 5 with value: 1.0.
2024-11-26 15:58:30,492 - INFO - Trial 78 finished with value: 0.9946251129177958 and parameters: {'max_depth': 13, 'min_samples_split': 8, 'min_samples_leaf': 1, 'class_weight': None}. Best is trial 5 with value: 1.0.
2024-11-26 15:58:30,522 - INFO - Trial 79 finished with value: 0.9895833333333334 and parameters: {'max_depth': 17, 'min_samples_split': 9, 'min_samples_leaf': 4, 'class_weight': 'balanced'}. Best is trial 5 with value: 1.0.
2024-11-26 15:58:30,549 - INFO - Trial 80 finished with value: 0.9838753387533877 and parameters: {'max_depth': 9, 'min_samples_split': 3, 'min_samples_leaf': 1, 'class_weight': None}. Best is trial 5 with value: 1.0.
2024-11-26 15:58:30,576 - INFO - Trial 81 finished with value: 0.9895833333333334 and parameters: {'max_depth': 16, 'min_samples_split': 4, 'min_samples_leaf': 1, 'class_weight': None}. Best is trial 5 with value: 1.0.
2024-11-26 15:58:30,602 - INFO - Trial 82 finished with value: 0.9949377571191965 and parameters: {'max_depth': 15, 'min_samples_split': 4, 'min_samples_leaf': 1, 'class_weight': None}. Best is trial 5 with value: 1.0.
2024-11-26 15:58:30,629 - INFO - Trial 83 finished with value: 0.9946251129177958 and parameters: {'max_depth': 15, 'min_samples_split': 5, 'min_samples_leaf': 1, 'class_weight': None}. Best is trial 5 with value: 1.0.
2024-11-26 15:58:30,656 - INFO - Trial 84 finished with value: 0.9895833333333334 and parameters: {'max_depth': 14, 'min_samples_split': 6, 'min_samples_leaf': 1, 'class_weight': None}. Best is trial 5 with value: 1.0.
2024-11-26 15:58:30,683 - INFO - Trial 85 finished with value: 0.9895833333333334 and parameters: {'max_depth': 13, 'min_samples_split': 3, 'min_samples_leaf': 1, 'class_weight': None}. Best is trial 5 with value: 1.0.
2024-11-26 15:58:30,709 - INFO - Trial 86 finished with value: 0.9949377571191965 and parameters: {'max_depth': 17, 'min_samples_split': 4, 'min_samples_leaf': 1, 'class_weight': None}. Best is trial 5 with value: 1.0.
2024-11-26 15:58:30,736 - INFO - Trial 87 finished with value: 0.9949377571191965 and parameters: {'max_depth': 15, 'min_samples_split': 2, 'min_samples_leaf': 1, 'class_weight': None}. Best is trial 5 with value: 1.0.
2024-11-26 15:58:30,763 - INFO - Trial 88 finished with value: 0.9895833333333334 and parameters: {'max_depth': 16, 'min_samples_split': 10, 'min_samples_leaf': 2, 'class_weight': None}. Best is trial 5 with value: 1.0.
2024-11-26 15:58:30,791 - INFO - Trial 89 finished with value: 0.9888674388674389 and parameters: {'max_depth': 11, 'min_samples_split': 4, 'min_samples_leaf': 1, 'class_weight': 'balanced'}. Best is trial 5 with value: 1.0.
2024-11-26 15:58:30,818 - INFO - Trial 90 finished with value: 1.0 and parameters: {'max_depth': 18, 'min_samples_split': 3, 'min_samples_leaf': 1, 'class_weight': None}. Best is trial 5 with value: 1.0.
2024-11-26 15:58:30,845 - INFO - Trial 91 finished with value: 0.9838753387533877 and parameters: {'max_depth': 16, 'min_samples_split': 9, 'min_samples_leaf': 1, 'class_weight': None}. Best is trial 5 with value: 1.0.
2024-11-26 15:58:30,871 - INFO - Trial 92 finished with value: 0.9802671523982999 and parameters: {'max_depth': 3, 'min_samples_split': 9, 'min_samples_leaf': 1, 'class_weight': None}. Best is trial 5 with value: 1.0.
2024-11-26 15:58:30,899 - INFO - Trial 93 finished with value: 0.9949377571191965 and parameters: {'max_depth': 17, 'min_samples_split': 10, 'min_samples_leaf': 1, 'class_weight': None}. Best is trial 5 with value: 1.0.
2024-11-26 15:58:30,926 - INFO - Trial 94 finished with value: 1.0 and parameters: {'max_depth': 14, 'min_samples_split': 8, 'min_samples_leaf': 1, 'class_weight': None}. Best is trial 5 with value: 1.0.
2024-11-26 15:58:30,954 - INFO - Trial 95 finished with value: 0.9895833333333334 and parameters: {'max_depth': 16, 'min_samples_split': 9, 'min_samples_leaf': 1, 'class_weight': None}. Best is trial 5 with value: 1.0.
2024-11-26 15:58:30,980 - INFO - Trial 96 finished with value: 0.9949377571191965 and parameters: {'max_depth': 13, 'min_samples_split': 9, 'min_samples_leaf': 1, 'class_weight': None}. Best is trial 5 with value: 1.0.
2024-11-26 15:58:31,013 - INFO - Trial 97 finished with value: 1.0 and parameters: {'max_depth': 12, 'min_samples_split': 10, 'min_samples_leaf': 1, 'class_weight': None}. Best is trial 5 with value: 1.0.
2024-11-26 15:58:31,040 - INFO - Trial 98 finished with value: 1.0 and parameters: {'max_depth': 15, 'min_samples_split': 5, 'min_samples_leaf': 1, 'class_weight': None}. Best is trial 5 with value: 1.0.
2024-11-26 15:58:31,068 - INFO - Trial 99 finished with value: 1.0 and parameters: {'max_depth': 16, 'min_samples_split': 7, 'min_samples_leaf': 1, 'class_weight': None}. Best is trial 5 with value: 1.0.
2024-11-26 15:58:31,307 - INFO - A new study created in memory with name: no-name-05c66cba-d73a-455c-ad5a-64d100741a57
2024-11-26 15:58:33,147 - INFO - Trial 0 finished with value: 1.0 and parameters: {'n_estimators': 51, 'max_depth': 15, 'learning_rate': 0.07436076949148027, 'subsample': 0.8299886614738805, 'colsample_bytree': 0.5125056799774419, 'scale_pos_weight': 1.3418305012487277}. Best is trial 0 with value: 1.0.
2024-11-26 15:58:33,204 - INFO - Trial 1 finished with value: 0.9946251129177958 and parameters: {'n_estimators': 136, 'max_depth': 8, 'learning_rate': 0.16919094945208768, 'subsample': 0.505850601846912, 'colsample_bytree': 0.8581784148053322, 'scale_pos_weight': 0.8605325587742633}. Best is trial 0 with value: 1.0.
2024-11-26 15:58:33,243 - INFO - Trial 2 finished with value: 0.9946251129177958 and parameters: {'n_estimators': 66, 'max_depth': 17, 'learning_rate': 0.29548928781820094, 'subsample': 0.9809365020795553, 'colsample_bytree': 0.8475687797337104, 'scale_pos_weight': 1.6373296564820237}. Best is trial 0 with value: 1.0.
2024-11-26 15:58:33,324 - INFO - Trial 3 finished with value: 0.9946251129177958 and parameters: {'n_estimators': 211, 'max_depth': 14, 'learning_rate': 0.22263680634562294, 'subsample': 0.7938393477392389, 'colsample_bytree': 0.8546057729652337, 'scale_pos_weight': 1.3983765559835437}. Best is trial 0 with value: 1.0.
2024-11-26 15:58:33,449 - INFO - Trial 4 finished with value: 1.0 and parameters: {'n_estimators': 297, 'max_depth': 9, 'learning_rate': 0.04118422782726308, 'subsample': 0.9011717354778979, 'colsample_bytree': 0.8467833056441303, 'scale_pos_weight': 0.5527878418742407}. Best is trial 0 with value: 1.0.
2024-11-26 15:58:33,541 - INFO - Trial 5 finished with value: 0.9946251129177958 and parameters: {'n_estimators': 188, 'max_depth': 19, 'learning_rate': 0.07192599585270948, 'subsample': 0.9372663569672688, 'colsample_bytree': 0.6768036590838081, 'scale_pos_weight': 1.9580590398362852}. Best is trial 0 with value: 1.0.
2024-11-26 15:58:33,634 - INFO - Trial 6 finished with value: 0.9946251129177958 and parameters: {'n_estimators': 282, 'max_depth': 13, 'learning_rate': 0.21003697145494787, 'subsample': 0.524408434362178, 'colsample_bytree': 0.9019424038849265, 'scale_pos_weight': 1.9150109519103582}. Best is trial 0 with value: 1.0.
2024-11-26 15:58:33,710 - INFO - Trial 7 finished with value: 1.0 and parameters: {'n_estimators': 213, 'max_depth': 8, 'learning_rate': 0.22618131240521439, 'subsample': 0.6153740284220497, 'colsample_bytree': 0.8670095227725447, 'scale_pos_weight': 1.2548663006353438}. Best is trial 0 with value: 1.0.
2024-11-26 15:58:33,784 - INFO - Trial 8 finished with value: 1.0 and parameters: {'n_estimators': 160, 'max_depth': 18, 'learning_rate': 0.03222498448919583, 'subsample': 0.7788225303861618, 'colsample_bytree': 0.5047359418545925, 'scale_pos_weight': 0.5110256679816505}. Best is trial 0 with value: 1.0.
2024-11-26 15:58:33,848 - INFO - Trial 9 finished with value: 0.9946251129177958 and parameters: {'n_estimators': 130, 'max_depth': 8, 'learning_rate': 0.08757331554258489, 'subsample': 0.694211618767772, 'colsample_bytree': 0.8628480042566704, 'scale_pos_weight': 1.172285919565196}. Best is trial 0 with value: 1.0.
2024-11-26 15:58:33,900 - INFO - Trial 10 finished with value: 1.0 and parameters: {'n_estimators': 73, 'max_depth': 3, 'learning_rate': 0.11951867249216805, 'subsample': 0.8529354954748576, 'colsample_bytree': 0.5037525066171884, 'scale_pos_weight': 0.915996022134162}. Best is trial 0 with value: 1.0.
2024-11-26 15:58:34,039 - INFO - Trial 11 finished with value: 1.0 and parameters: {'n_estimators': 300, 'max_depth': 11, 'learning_rate': 0.014084607004575311, 'subsample': 0.8776326770009943, 'colsample_bytree': 0.67908808935459, 'scale_pos_weight': 0.5196772565691132}. Best is trial 0 with value: 1.0.
2024-11-26 15:58:34,155 - INFO - Trial 12 finished with value: 0.9946251129177958 and parameters: {'n_estimators': 260, 'max_depth': 15, 'learning_rate': 0.05712971558845309, 'subsample': 0.8812810312898816, 'colsample_bytree': 0.760428809715749, 'scale_pos_weight': 0.9057257942562614}. Best is trial 0 with value: 1.0.
2024-11-26 15:58:34,261 - INFO - Trial 13 finished with value: 1.0 and parameters: {'n_estimators': 246, 'max_depth': 11, 'learning_rate': 0.12558993754005573, 'subsample': 0.7161085502393224, 'colsample_bytree': 0.9721114275914053, 'scale_pos_weight': 1.579725942338432}. Best is trial 0 with value: 1.0.
2024-11-26 15:58:34,325 - INFO - Trial 14 finished with value: 1.0 and parameters: {'n_estimators': 110, 'max_depth': 4, 'learning_rate': 0.09439155099112556, 'subsample': 0.987533958156967, 'colsample_bytree': 0.5921125435620546, 'scale_pos_weight': 1.1650568321773704}. Best is trial 0 with value: 1.0.
2024-11-26 15:58:34,391 - INFO - Trial 15 finished with value: 1.0 and parameters: {'n_estimators': 94, 'max_depth': 6, 'learning_rate': 0.03945508314179904, 'subsample': 0.8171752242285862, 'colsample_bytree': 0.756562141983966, 'scale_pos_weight': 0.7087616848281828}. Best is trial 0 with value: 1.0.
2024-11-26 15:58:34,508 - INFO - Trial 16 finished with value: 0.9946251129177958 and parameters: {'n_estimators': 235, 'max_depth': 11, 'learning_rate': 0.15687650419030422, 'subsample': 0.9128455046542588, 'colsample_bytree': 0.6794524567687314, 'scale_pos_weight': 1.3845421503302944}. Best is trial 0 with value: 1.0.
2024-11-26 15:58:34,572 - INFO - Trial 17 finished with value: 0.9949377571191965 and parameters: {'n_estimators': 51, 'max_depth': 16, 'learning_rate': 0.01136461339656615, 'subsample': 0.6662700363878574, 'colsample_bytree': 0.596420419460137, 'scale_pos_weight': 1.6360506329082805}. Best is trial 0 with value: 1.0.
2024-11-26 15:58:34,668 - INFO - Trial 18 finished with value: 1.0 and parameters: {'n_estimators': 173, 'max_depth': 20, 'learning_rate': 0.1181607330740369, 'subsample': 0.8304033976149955, 'colsample_bytree': 0.9578257162214313, 'scale_pos_weight': 1.0249970403124216}. Best is trial 0 with value: 1.0.
2024-11-26 15:58:34,760 - INFO - Trial 19 finished with value: 1.0 and parameters: {'n_estimators': 148, 'max_depth': 13, 'learning_rate': 0.05453223873178734, 'subsample': 0.7443994715416099, 'colsample_bytree': 0.8035658548775397, 'scale_pos_weight': 0.702427654609198}. Best is trial 0 with value: 1.0.
2024-11-26 15:58:34,855 - INFO - Trial 20 finished with value: 0.9946251129177958 and parameters: {'n_estimators': 197, 'max_depth': 9, 'learning_rate': 0.18211868522893396, 'subsample': 0.9328834207184906, 'colsample_bytree': 0.5574188942961664, 'scale_pos_weight': 1.7827745046173566}. Best is trial 0 with value: 1.0.
2024-11-26 15:58:34,955 - INFO - Trial 21 finished with value: 1.0 and parameters: {'n_estimators': 222, 'max_depth': 6, 'learning_rate': 0.2578717928232823, 'subsample': 0.6121789407745767, 'colsample_bytree': 0.9197791512812044, 'scale_pos_weight': 1.3544183285430917}. Best is trial 0 with value: 1.0.
2024-11-26 15:58:35,059 - INFO - Trial 22 finished with value: 0.9946251129177958 and parameters: {'n_estimators': 277, 'max_depth': 9, 'learning_rate': 0.2580200121039553, 'subsample': 0.5913572638999536, 'colsample_bytree': 0.7879717772178653, 'scale_pos_weight': 1.2746978948061982}. Best is trial 0 with value: 1.0.
2024-11-26 15:58:35,165 - INFO - Trial 23 finished with value: 0.9946251129177958 and parameters: {'n_estimators': 256, 'max_depth': 6, 'learning_rate': 0.1956578883045819, 'subsample': 0.6378216593393407, 'colsample_bytree': 0.7110922260623654, 'scale_pos_weight': 1.5058345652237646}. Best is trial 0 with value: 1.0.
2024-11-26 15:58:35,230 - INFO - Trial 24 finished with value: 1.0 and parameters: {'n_estimators': 113, 'max_depth': 9, 'learning_rate': 0.23823653807533865, 'subsample': 0.5654962805705153, 'colsample_bytree': 0.8126795607725849, 'scale_pos_weight': 1.09784403111431}. Best is trial 0 with value: 1.0.
2024-11-26 15:58:35,346 - INFO - Trial 25 finished with value: 0.9946251129177958 and parameters: {'n_estimators': 299, 'max_depth': 13, 'learning_rate': 0.14057174338146622, 'subsample': 0.7708217270278189, 'colsample_bytree': 0.9119529443110936, 'scale_pos_weight': 1.2453238780802147}. Best is trial 0 with value: 1.0.
2024-11-26 15:58:35,442 - INFO - Trial 26 finished with value: 0.9946251129177958 and parameters: {'n_estimators': 214, 'max_depth': 10, 'learning_rate': 0.09474418112048646, 'subsample': 0.8605198871855432, 'colsample_bytree': 0.7246310221748218, 'scale_pos_weight': 1.0178334887740803}. Best is trial 0 with value: 1.0.
2024-11-26 15:58:35,522 - INFO - Trial 27 finished with value: 0.9946251129177958 and parameters: {'n_estimators': 177, 'max_depth': 7, 'learning_rate': 0.2948555962997247, 'subsample': 0.7389756151244655, 'colsample_bytree': 0.9421967889227181, 'scale_pos_weight': 1.4798849886663585}. Best is trial 0 with value: 1.0.
2024-11-26 15:58:35,653 - INFO - Trial 28 finished with value: 0.9946251129177958 and parameters: {'n_estimators': 275, 'max_depth': 15, 'learning_rate': 0.04303916183871856, 'subsample': 0.9053238150769748, 'colsample_bytree': 0.6374547625915299, 'scale_pos_weight': 1.7873584422025968}. Best is trial 0 with value: 1.0.
