2025-02-02 16:11:29,176 - INFO - Trial 32 finished with value: 0.7662337662337663 and parameters: {'n_estimators': 180, 'max_depth': 15, 'min_samples_split': 2, 'min_samples_leaf': 4, 'class_weight': 'balanced'}. Best is trial 3 with value: 0.8508771929824562.
2025-02-02 16:11:29,426 - INFO - Trial 33 finished with value: 0.8508771929824562 and parameters: {'n_estimators': 255, 'max_depth': 18, 'min_samples_split': 3, 'min_samples_leaf': 3, 'class_weight': 'balanced'}. Best is trial 3 with value: 0.8508771929824562.
2025-02-02 16:11:29,694 - INFO - Trial 34 finished with value: 0.7853566958698374 and parameters: {'n_estimators': 276, 'max_depth': 16, 'min_samples_split': 3, 'min_samples_leaf': 3, 'class_weight': None}. Best is trial 3 with value: 0.8508771929824562.
2025-02-02 16:11:29,815 - INFO - Trial 35 finished with value: 0.8188405797101449 and parameters: {'n_estimators': 107, 'max_depth': 19, 'min_samples_split': 2, 'min_samples_leaf': 2, 'class_weight': 'balanced'}. Best is trial 3 with value: 0.8508771929824562.
2025-02-02 16:11:30,011 - INFO - Trial 36 finished with value: 0.8188405797101449 and parameters: {'n_estimators': 194, 'max_depth': 10, 'min_samples_split': 4, 'min_samples_leaf': 4, 'class_weight': None}. Best is trial 3 with value: 0.8508771929824562.
2025-02-02 16:11:30,245 - INFO - Trial 37 finished with value: 0.8188405797101449 and parameters: {'n_estimators': 234, 'max_depth': 14, 'min_samples_split': 3, 'min_samples_leaf': 1, 'class_weight': 'balanced'}. Best is trial 3 with value: 0.8508771929824562.
2025-02-02 16:11:30,495 - INFO - Trial 38 finished with value: 0.7122448979591838 and parameters: {'n_estimators': 252, 'max_depth': 13, 'min_samples_split': 6, 'min_samples_leaf': 4, 'class_weight': None}. Best is trial 3 with value: 0.8508771929824562.
2025-02-02 16:11:30,772 - INFO - Trial 39 finished with value: 0.8508771929824562 and parameters: {'n_estimators': 284, 'max_depth': 17, 'min_samples_split': 4, 'min_samples_leaf': 3, 'class_weight': 'balanced'}. Best is trial 3 with value: 0.8508771929824562.
2025-02-02 16:11:31,067 - INFO - Trial 40 finished with value: 0.8188405797101449 and parameters: {'n_estimators': 300, 'max_depth': 10, 'min_samples_split': 3, 'min_samples_leaf': 2, 'class_weight': 'balanced'}. Best is trial 3 with value: 0.8508771929824562.
2025-02-02 16:11:31,302 - INFO - Trial 41 finished with value: 0.7662337662337663 and parameters: {'n_estimators': 206, 'max_depth': 3, 'min_samples_split': 5, 'min_samples_leaf': 1, 'class_weight': 'balanced'}. Best is trial 3 with value: 0.8508771929824562.
2025-02-02 16:11:31,536 - INFO - Trial 42 finished with value: 0.8508771929824562 and parameters: {'n_estimators': 221, 'max_depth': 4, 'min_samples_split': 5, 'min_samples_leaf': 1, 'class_weight': 'balanced'}. Best is trial 3 with value: 0.8508771929824562.
2025-02-02 16:11:31,750 - INFO - Trial 43 finished with value: 0.8508771929824562 and parameters: {'n_estimators': 203, 'max_depth': 5, 'min_samples_split': 5, 'min_samples_leaf': 1, 'class_weight': 'balanced'}. Best is trial 3 with value: 0.8508771929824562.
2025-02-02 16:11:31,941 - INFO - Trial 44 finished with value: 0.8188405797101449 and parameters: {'n_estimators': 165, 'max_depth': 8, 'min_samples_split': 4, 'min_samples_leaf': 1, 'class_weight': 'balanced'}. Best is trial 3 with value: 0.8508771929824562.
2025-02-02 16:11:32,130 - INFO - Trial 45 finished with value: 0.7662337662337663 and parameters: {'n_estimators': 193, 'max_depth': 3, 'min_samples_split': 6, 'min_samples_leaf': 1, 'class_weight': 'balanced'}. Best is trial 3 with value: 0.8508771929824562.
2025-02-02 16:11:32,367 - INFO - Trial 46 finished with value: 0.8188405797101449 and parameters: {'n_estimators': 229, 'max_depth': 15, 'min_samples_split': 4, 'min_samples_leaf': 1, 'class_weight': None}. Best is trial 3 with value: 0.8508771929824562.
2025-02-02 16:11:32,525 - INFO - Trial 47 finished with value: 0.8508771929824562 and parameters: {'n_estimators': 149, 'max_depth': 11, 'min_samples_split': 2, 'min_samples_leaf': 2, 'class_weight': 'balanced'}. Best is trial 3 with value: 0.8508771929824562.
2025-02-02 16:11:32,740 - INFO - Trial 48 finished with value: 0.8508771929824562 and parameters: {'n_estimators': 211, 'max_depth': 20, 'min_samples_split': 7, 'min_samples_leaf': 1, 'class_weight': 'balanced'}. Best is trial 3 with value: 0.8508771929824562.
2025-02-02 16:11:32,988 - INFO - Trial 49 finished with value: 0.8508771929824562 and parameters: {'n_estimators': 242, 'max_depth': 8, 'min_samples_split': 3, 'min_samples_leaf': 2, 'class_weight': 'balanced'}. Best is trial 3 with value: 0.8508771929824562.
2025-02-02 16:11:33,179 - INFO - Trial 50 finished with value: 0.8508771929824562 and parameters: {'n_estimators': 184, 'max_depth': 12, 'min_samples_split': 5, 'min_samples_leaf': 3, 'class_weight': 'balanced'}. Best is trial 3 with value: 0.8508771929824562.
2025-02-02 16:11:33,440 - INFO - Trial 51 finished with value: 0.7662337662337663 and parameters: {'n_estimators': 262, 'max_depth': 12, 'min_samples_split': 10, 'min_samples_leaf': 1, 'class_weight': 'balanced'}. Best is trial 3 with value: 0.8508771929824562.
2025-02-02 16:11:33,722 - INFO - Trial 52 finished with value: 0.7945736434108528 and parameters: {'n_estimators': 290, 'max_depth': 13, 'min_samples_split': 9, 'min_samples_leaf': 1, 'class_weight': 'balanced'}. Best is trial 3 with value: 0.8508771929824562.
2025-02-02 16:11:33,870 - INFO - Trial 53 finished with value: 0.7662337662337663 and parameters: {'n_estimators': 137, 'max_depth': 9, 'min_samples_split': 10, 'min_samples_leaf': 1, 'class_weight': 'balanced'}. Best is trial 3 with value: 0.8508771929824562.
2025-02-02 16:11:34,122 - INFO - Trial 54 finished with value: 0.8227272727272728 and parameters: {'n_estimators': 251, 'max_depth': 16, 'min_samples_split': 8, 'min_samples_leaf': 1, 'class_weight': 'balanced'}. Best is trial 3 with value: 0.8508771929824562.
2025-02-02 16:11:34,220 - INFO - Trial 55 finished with value: 0.8227272727272728 and parameters: {'n_estimators': 84, 'max_depth': 19, 'min_samples_split': 10, 'min_samples_leaf': 1, 'class_weight': 'balanced'}. Best is trial 3 with value: 0.8508771929824562.
2025-02-02 16:11:34,289 - INFO - Trial 56 finished with value: 0.7945736434108528 and parameters: {'n_estimators': 53, 'max_depth': 11, 'min_samples_split': 9, 'min_samples_leaf': 1, 'class_weight': 'balanced'}. Best is trial 3 with value: 0.8508771929824562.
2025-02-02 16:11:34,510 - INFO - Trial 57 finished with value: 0.8227272727272728 and parameters: {'n_estimators': 224, 'max_depth': 14, 'min_samples_split': 10, 'min_samples_leaf': 2, 'class_weight': 'balanced'}. Best is trial 3 with value: 0.8508771929824562.
2025-02-02 16:11:34,790 - INFO - Trial 58 finished with value: 0.8508771929824562 and parameters: {'n_estimators': 274, 'max_depth': 17, 'min_samples_split': 2, 'min_samples_leaf': 1, 'class_weight': 'balanced'}. Best is trial 3 with value: 0.8508771929824562.
2025-02-02 16:11:35,082 - INFO - Trial 59 finished with value: 0.8188405797101449 and parameters: {'n_estimators': 300, 'max_depth': 7, 'min_samples_split': 3, 'min_samples_leaf': 3, 'class_weight': None}. Best is trial 3 with value: 0.8508771929824562.
2025-02-02 16:11:35,326 - INFO - Trial 60 finished with value: 0.8188405797101449 and parameters: {'n_estimators': 239, 'max_depth': 5, 'min_samples_split': 4, 'min_samples_leaf': 2, 'class_weight': 'balanced'}. Best is trial 3 with value: 0.8508771929824562.
2025-02-02 16:11:35,455 - INFO - Trial 61 finished with value: 0.8508771929824562 and parameters: {'n_estimators': 118, 'max_depth': 13, 'min_samples_split': 6, 'min_samples_leaf': 1, 'class_weight': 'balanced'}. Best is trial 3 with value: 0.8508771929824562.
2025-02-02 16:11:35,627 - INFO - Trial 62 finished with value: 0.8188405797101449 and parameters: {'n_estimators': 162, 'max_depth': 12, 'min_samples_split': 5, 'min_samples_leaf': 1, 'class_weight': 'balanced'}. Best is trial 3 with value: 0.8508771929824562.
2025-02-02 16:11:35,809 - INFO - Trial 63 finished with value: 0.8188405797101449 and parameters: {'n_estimators': 158, 'max_depth': 14, 'min_samples_split': 5, 'min_samples_leaf': 1, 'class_weight': 'balanced'}. Best is trial 3 with value: 0.8508771929824562.
2025-02-02 16:11:35,951 - INFO - Trial 64 finished with value: 0.8508771929824562 and parameters: {'n_estimators': 135, 'max_depth': 15, 'min_samples_split': 4, 'min_samples_leaf': 1, 'class_weight': 'balanced'}. Best is trial 3 with value: 0.8508771929824562.
2025-02-02 16:11:36,138 - INFO - Trial 65 finished with value: 0.8508771929824562 and parameters: {'n_estimators': 176, 'max_depth': 10, 'min_samples_split': 6, 'min_samples_leaf': 1, 'class_weight': 'balanced'}. Best is trial 3 with value: 0.8508771929824562.
2025-02-02 16:11:36,352 - INFO - Trial 66 finished with value: 0.8508771929824562 and parameters: {'n_estimators': 212, 'max_depth': 13, 'min_samples_split': 8, 'min_samples_leaf': 2, 'class_weight': 'balanced'}. Best is trial 3 with value: 0.8508771929824562.
2025-02-02 16:11:36,572 - INFO - Trial 67 finished with value: 0.8792270531400965 and parameters: {'n_estimators': 186, 'max_depth': 11, 'min_samples_split': 2, 'min_samples_leaf': 1, 'class_weight': 'balanced'}. Best is trial 67 with value: 0.8792270531400965.
2025-02-02 16:11:36,768 - INFO - Trial 68 finished with value: 0.8508771929824562 and parameters: {'n_estimators': 186, 'max_depth': 9, 'min_samples_split': 2, 'min_samples_leaf': 3, 'class_weight': 'balanced'}. Best is trial 67 with value: 0.8792270531400965.
2025-02-02 16:11:37,043 - INFO - Trial 69 finished with value: 0.7853566958698374 and parameters: {'n_estimators': 263, 'max_depth': 11, 'min_samples_split': 2, 'min_samples_leaf': 1, 'class_weight': None}. Best is trial 67 with value: 0.8792270531400965.
2025-02-02 16:11:37,250 - INFO - Trial 70 finished with value: 0.8508771929824562 and parameters: {'n_estimators': 199, 'max_depth': 17, 'min_samples_split': 3, 'min_samples_leaf': 2, 'class_weight': 'balanced'}. Best is trial 67 with value: 0.8792270531400965.
2025-02-02 16:11:37,434 - INFO - Trial 71 finished with value: 0.8508771929824562 and parameters: {'n_estimators': 168, 'max_depth': 14, 'min_samples_split': 2, 'min_samples_leaf': 1, 'class_weight': 'balanced'}. Best is trial 67 with value: 0.8792270531400965.
2025-02-02 16:11:37,600 - INFO - Trial 72 finished with value: 0.8508771929824562 and parameters: {'n_estimators': 155, 'max_depth': 12, 'min_samples_split': 3, 'min_samples_leaf': 1, 'class_weight': 'balanced'}. Best is trial 67 with value: 0.8792270531400965.
2025-02-02 16:11:37,839 - INFO - Trial 73 finished with value: 0.8508771929824562 and parameters: {'n_estimators': 232, 'max_depth': 13, 'min_samples_split': 4, 'min_samples_leaf': 1, 'class_weight': 'balanced'}. Best is trial 67 with value: 0.8792270531400965.
2025-02-02 16:11:37,993 - INFO - Trial 74 finished with value: 0.8188405797101449 and parameters: {'n_estimators': 143, 'max_depth': 11, 'min_samples_split': 3, 'min_samples_leaf': 1, 'class_weight': 'balanced'}. Best is trial 67 with value: 0.8792270531400965.
2025-02-02 16:11:38,182 - INFO - Trial 75 finished with value: 0.8188405797101449 and parameters: {'n_estimators': 173, 'max_depth': 15, 'min_samples_split': 5, 'min_samples_leaf': 1, 'class_weight': 'balanced'}. Best is trial 67 with value: 0.8792270531400965.
2025-02-02 16:11:38,405 - INFO - Trial 76 finished with value: 0.8508771929824562 and parameters: {'n_estimators': 217, 'max_depth': 8, 'min_samples_split': 2, 'min_samples_leaf': 1, 'class_weight': 'balanced'}. Best is trial 67 with value: 0.8792270531400965.
2025-02-02 16:11:38,662 - INFO - Trial 77 finished with value: 0.8508771929824562 and parameters: {'n_estimators': 246, 'max_depth': 10, 'min_samples_split': 4, 'min_samples_leaf': 1, 'class_weight': 'balanced'}. Best is trial 67 with value: 0.8792270531400965.
2025-02-02 16:11:38,868 - INFO - Trial 78 finished with value: 0.8227272727272728 and parameters: {'n_estimators': 209, 'max_depth': 6, 'min_samples_split': 3, 'min_samples_leaf': 4, 'class_weight': 'balanced'}. Best is trial 67 with value: 0.8792270531400965.
2025-02-02 16:11:39,091 - INFO - Trial 79 finished with value: 0.8508771929824562 and parameters: {'n_estimators': 221, 'max_depth': 16, 'min_samples_split': 2, 'min_samples_leaf': 3, 'class_weight': 'balanced'}. Best is trial 67 with value: 0.8792270531400965.
2025-02-02 16:11:39,293 - INFO - Trial 80 finished with value: 0.7853566958698374 and parameters: {'n_estimators': 190, 'max_depth': 12, 'min_samples_split': 6, 'min_samples_leaf': 2, 'class_weight': None}. Best is trial 67 with value: 0.8792270531400965.
2025-02-02 16:11:39,576 - INFO - Trial 81 finished with value: 0.7662337662337663 and parameters: {'n_estimators': 280, 'max_depth': 4, 'min_samples_split': 10, 'min_samples_leaf': 1, 'class_weight': 'balanced'}. Best is trial 67 with value: 0.8792270531400965.
2025-02-02 16:11:39,840 - INFO - Trial 82 finished with value: 0.8508771929824562 and parameters: {'n_estimators': 261, 'max_depth': 7, 'min_samples_split': 8, 'min_samples_leaf': 1, 'class_weight': 'balanced'}. Best is trial 67 with value: 0.8792270531400965.
2025-02-02 16:11:40,111 - INFO - Trial 83 finished with value: 0.7662337662337663 and parameters: {'n_estimators': 272, 'max_depth': 9, 'min_samples_split': 9, 'min_samples_leaf': 1, 'class_weight': 'balanced'}. Best is trial 67 with value: 0.8792270531400965.
2025-02-02 16:11:40,367 - INFO - Trial 84 finished with value: 0.7945736434108528 and parameters: {'n_estimators': 247, 'max_depth': 7, 'min_samples_split': 9, 'min_samples_leaf': 1, 'class_weight': 'balanced'}. Best is trial 67 with value: 0.8792270531400965.
2025-02-02 16:11:40,607 - INFO - Trial 85 finished with value: 0.8508771929824562 and parameters: {'n_estimators': 237, 'max_depth': 19, 'min_samples_split': 7, 'min_samples_leaf': 1, 'class_weight': 'balanced'}. Best is trial 67 with value: 0.8792270531400965.
2025-02-02 16:11:40,896 - INFO - Trial 86 finished with value: 0.7945736434108528 and parameters: {'n_estimators': 290, 'max_depth': 5, 'min_samples_split': 8, 'min_samples_leaf': 1, 'class_weight': 'balanced'}. Best is trial 67 with value: 0.8792270531400965.
2025-02-02 16:11:41,148 - INFO - Trial 87 finished with value: 0.7662337662337663 and parameters: {'n_estimators': 256, 'max_depth': 9, 'min_samples_split': 9, 'min_samples_leaf': 1, 'class_weight': 'balanced'}. Best is trial 67 with value: 0.8792270531400965.
2025-02-02 16:11:41,287 - INFO - Trial 88 finished with value: 0.8227272727272728 and parameters: {'n_estimators': 124, 'max_depth': 10, 'min_samples_split': 10, 'min_samples_leaf': 1, 'class_weight': 'balanced'}. Best is trial 67 with value: 0.8792270531400965.
2025-02-02 16:11:41,522 - INFO - Trial 89 finished with value: 0.8508771929824562 and parameters: {'n_estimators': 228, 'max_depth': 8, 'min_samples_split': 5, 'min_samples_leaf': 1, 'class_weight': 'balanced'}. Best is trial 67 with value: 0.8792270531400965.
2025-02-02 16:11:41,660 - INFO - Trial 90 finished with value: 0.7662337662337663 and parameters: {'n_estimators': 100, 'max_depth': 14, 'min_samples_split': 8, 'min_samples_leaf': 3, 'class_weight': 'balanced'}. Best is trial 67 with value: 0.8792270531400965.
2025-02-02 16:11:41,877 - INFO - Trial 91 finished with value: 0.8508771929824562 and parameters: {'n_estimators': 199, 'max_depth': 18, 'min_samples_split': 7, 'min_samples_leaf': 2, 'class_weight': 'balanced'}. Best is trial 67 with value: 0.8792270531400965.
2025-02-02 16:11:42,107 - INFO - Trial 92 finished with value: 0.8227272727272728 and parameters: {'n_estimators': 225, 'max_depth': 16, 'min_samples_split': 8, 'min_samples_leaf': 2, 'class_weight': 'balanced'}. Best is trial 67 with value: 0.8792270531400965.
2025-02-02 16:11:42,229 - INFO - Trial 93 finished with value: 0.7662337662337663 and parameters: {'n_estimators': 109, 'max_depth': 15, 'min_samples_split': 9, 'min_samples_leaf': 2, 'class_weight': 'balanced'}. Best is trial 67 with value: 0.8792270531400965.
2025-02-02 16:11:42,469 - INFO - Trial 94 finished with value: 0.7945736434108528 and parameters: {'n_estimators': 235, 'max_depth': 13, 'min_samples_split': 9, 'min_samples_leaf': 3, 'class_weight': 'balanced'}. Best is trial 67 with value: 0.8792270531400965.
2025-02-02 16:11:42,692 - INFO - Trial 95 finished with value: 0.8508771929824562 and parameters: {'n_estimators': 217, 'max_depth': 14, 'min_samples_split': 4, 'min_samples_leaf': 1, 'class_weight': 'balanced'}. Best is trial 67 with value: 0.8792270531400965.
2025-02-02 16:11:42,901 - INFO - Trial 96 finished with value: 0.8188405797101449 and parameters: {'n_estimators': 204, 'max_depth': 20, 'min_samples_split': 3, 'min_samples_leaf': 1, 'class_weight': None}. Best is trial 67 with value: 0.8792270531400965.
2025-02-02 16:11:43,170 - INFO - Trial 97 finished with value: 0.8508771929824562 and parameters: {'n_estimators': 266, 'max_depth': 11, 'min_samples_split': 7, 'min_samples_leaf': 2, 'class_weight': 'balanced'}. Best is trial 67 with value: 0.8792270531400965.
2025-02-02 16:11:43,422 - INFO - Trial 98 finished with value: 0.8508771929824562 and parameters: {'n_estimators': 241, 'max_depth': 6, 'min_samples_split': 5, 'min_samples_leaf': 1, 'class_weight': 'balanced'}. Best is trial 67 with value: 0.8792270531400965.
2025-02-02 16:11:43,617 - INFO - Trial 99 finished with value: 0.7945736434108528 and parameters: {'n_estimators': 179, 'max_depth': 12, 'min_samples_split': 10, 'min_samples_leaf': 1, 'class_weight': 'balanced'}. Best is trial 67 with value: 0.8792270531400965.
2025-02-02 16:12:38,602 - INFO - A new study created in memory with name: no-name-b7da809d-52a5-4f4c-abd9-5364b7998194
2025-02-02 16:12:38,834 - INFO - Trial 0 finished with value: 0.7122448979591838 and parameters: {'n_estimators': 245, 'max_depth': 3, 'min_samples_split': 7, 'min_samples_leaf': 3, 'class_weight': None}. Best is trial 0 with value: 0.7122448979591838.
2025-02-02 16:12:38,942 - INFO - Trial 1 finished with value: 0.8508771929824562 and parameters: {'n_estimators': 111, 'max_depth': 17, 'min_samples_split': 5, 'min_samples_leaf': 2, 'class_weight': 'balanced'}. Best is trial 1 with value: 0.8508771929824562.
2025-02-02 16:12:39,133 - INFO - Trial 2 finished with value: 0.8188405797101449 and parameters: {'n_estimators': 197, 'max_depth': 11, 'min_samples_split': 4, 'min_samples_leaf': 1, 'class_weight': None}. Best is trial 1 with value: 0.8508771929824562.
2025-02-02 16:12:39,261 - INFO - Trial 3 finished with value: 0.75 and parameters: {'n_estimators': 119, 'max_depth': 9, 'min_samples_split': 10, 'min_samples_leaf': 1, 'class_weight': None}. Best is trial 1 with value: 0.8508771929824562.
2025-02-02 16:12:39,342 - INFO - Trial 4 finished with value: 0.8188405797101449 and parameters: {'n_estimators': 81, 'max_depth': 15, 'min_samples_split': 4, 'min_samples_leaf': 3, 'class_weight': 'balanced'}. Best is trial 1 with value: 0.8508771929824562.
2025-02-02 16:12:39,609 - INFO - Trial 5 finished with value: 0.8508771929824562 and parameters: {'n_estimators': 285, 'max_depth': 11, 'min_samples_split': 8, 'min_samples_leaf': 4, 'class_weight': 'balanced'}. Best is trial 1 with value: 0.8508771929824562.
2025-02-02 16:12:39,835 - INFO - Trial 6 finished with value: 0.7853566958698374 and parameters: {'n_estimators': 201, 'max_depth': 14, 'min_samples_split': 6, 'min_samples_leaf': 2, 'class_weight': None}. Best is trial 1 with value: 0.8508771929824562.
2025-02-02 16:12:39,928 - INFO - Trial 7 finished with value: 0.75 and parameters: {'n_estimators': 91, 'max_depth': 9, 'min_samples_split': 4, 'min_samples_leaf': 2, 'class_weight': None}. Best is trial 1 with value: 0.8508771929824562.
2025-02-02 16:12:40,059 - INFO - Trial 8 finished with value: 0.75 and parameters: {'n_estimators': 138, 'max_depth': 12, 'min_samples_split': 4, 'min_samples_leaf': 4, 'class_weight': None}. Best is trial 1 with value: 0.8508771929824562.
2025-02-02 16:12:40,315 - INFO - Trial 9 finished with value: 0.7853566958698374 and parameters: {'n_estimators': 270, 'max_depth': 5, 'min_samples_split': 9, 'min_samples_leaf': 3, 'class_weight': None}. Best is trial 1 with value: 0.8508771929824562.
2025-02-02 16:12:40,406 - INFO - Trial 10 finished with value: 0.7912280701754386 and parameters: {'n_estimators': 54, 'max_depth': 20, 'min_samples_split': 2, 'min_samples_leaf': 2, 'class_weight': 'balanced'}. Best is trial 1 with value: 0.8508771929824562.
2025-02-02 16:12:40,577 - INFO - Trial 11 finished with value: 0.7945736434108528 and parameters: {'n_estimators': 155, 'max_depth': 16, 'min_samples_split': 7, 'min_samples_leaf': 4, 'class_weight': 'balanced'}. Best is trial 1 with value: 0.8508771929824562.
2025-02-02 16:12:40,865 - INFO - Trial 12 finished with value: 0.7945736434108528 and parameters: {'n_estimators': 279, 'max_depth': 19, 'min_samples_split': 8, 'min_samples_leaf': 4, 'class_weight': 'balanced'}. Best is trial 1 with value: 0.8508771929824562.
2025-02-02 16:12:41,091 - INFO - Trial 13 finished with value: 0.8188405797101449 and parameters: {'n_estimators': 227, 'max_depth': 17, 'min_samples_split': 6, 'min_samples_leaf': 2, 'class_weight': 'balanced'}. Best is trial 1 with value: 0.8508771929824562.
2025-02-02 16:12:41,385 - INFO - Trial 14 finished with value: 0.8227272727272728 and parameters: {'n_estimators': 299, 'max_depth': 8, 'min_samples_split': 8, 'min_samples_leaf': 3, 'class_weight': 'balanced'}. Best is trial 1 with value: 0.8508771929824562.
2025-02-02 16:12:41,567 - INFO - Trial 15 finished with value: 0.8508771929824562 and parameters: {'n_estimators': 174, 'max_depth': 13, 'min_samples_split': 5, 'min_samples_leaf': 1, 'class_weight': 'balanced'}. Best is trial 1 with value: 0.8508771929824562.
