2025-02-02 17:06:56,861 - INFO - Trial 778 finished with value: 0.8188405797101449 and parameters: {'n_estimators': 132, 'max_depth': 15, 'min_samples_split': 7, 'min_samples_leaf': 1, 'class_weight': 'balanced'}. Best is trial 584 with value: 0.8792270531400965.
2025-02-02 17:06:57,079 - INFO - Trial 779 finished with value: 0.8188405797101449 and parameters: {'n_estimators': 187, 'max_depth': 13, 'min_samples_split': 6, 'min_samples_leaf': 2, 'class_weight': 'balanced'}. Best is trial 584 with value: 0.8792270531400965.
2025-02-02 17:06:57,309 - INFO - Trial 780 finished with value: 0.8508771929824562 and parameters: {'n_estimators': 194, 'max_depth': 19, 'min_samples_split': 7, 'min_samples_leaf': 3, 'class_weight': 'balanced'}. Best is trial 584 with value: 0.8792270531400965.
2025-02-02 17:06:57,507 - INFO - Trial 781 finished with value: 0.8188405797101449 and parameters: {'n_estimators': 163, 'max_depth': 14, 'min_samples_split': 5, 'min_samples_leaf': 1, 'class_weight': 'balanced'}. Best is trial 584 with value: 0.8792270531400965.
2025-02-02 17:06:57,646 - INFO - Trial 782 finished with value: 0.8188405797101449 and parameters: {'n_estimators': 101, 'max_depth': 18, 'min_samples_split': 6, 'min_samples_leaf': 1, 'class_weight': 'balanced'}. Best is trial 584 with value: 0.8792270531400965.
2025-02-02 17:06:57,742 - INFO - Trial 783 finished with value: 0.8508771929824562 and parameters: {'n_estimators': 50, 'max_depth': 15, 'min_samples_split': 3, 'min_samples_leaf': 2, 'class_weight': 'balanced'}. Best is trial 584 with value: 0.8792270531400965.
2025-02-02 17:06:57,856 - INFO - Trial 784 finished with value: 0.8508771929824562 and parameters: {'n_estimators': 73, 'max_depth': 20, 'min_samples_split': 7, 'min_samples_leaf': 1, 'class_weight': 'balanced'}. Best is trial 584 with value: 0.8792270531400965.
2025-02-02 17:06:58,030 - INFO - Trial 785 finished with value: 0.8508771929824562 and parameters: {'n_estimators': 143, 'max_depth': 12, 'min_samples_split': 4, 'min_samples_leaf': 1, 'class_weight': 'balanced'}. Best is trial 584 with value: 0.8792270531400965.
2025-02-02 17:06:58,222 - INFO - Trial 786 finished with value: 0.8188405797101449 and parameters: {'n_estimators': 153, 'max_depth': 17, 'min_samples_split': 5, 'min_samples_leaf': 2, 'class_weight': 'balanced'}. Best is trial 584 with value: 0.8792270531400965.
2025-02-02 17:06:58,434 - INFO - Trial 787 finished with value: 0.8508771929824562 and parameters: {'n_estimators': 174, 'max_depth': 11, 'min_samples_split': 6, 'min_samples_leaf': 4, 'class_weight': 'balanced'}. Best is trial 584 with value: 0.8792270531400965.
2025-02-02 17:06:58,662 - INFO - Trial 788 finished with value: 0.8188405797101449 and parameters: {'n_estimators': 200, 'max_depth': 14, 'min_samples_split': 7, 'min_samples_leaf': 1, 'class_weight': None}. Best is trial 584 with value: 0.8792270531400965.
2025-02-02 17:06:58,928 - INFO - Trial 789 finished with value: 0.8508771929824562 and parameters: {'n_estimators': 216, 'max_depth': 18, 'min_samples_split': 6, 'min_samples_leaf': 3, 'class_weight': 'balanced'}. Best is trial 584 with value: 0.8792270531400965.
2025-02-02 17:06:59,124 - INFO - Trial 790 finished with value: 0.8508771929824562 and parameters: {'n_estimators': 158, 'max_depth': 19, 'min_samples_split': 7, 'min_samples_leaf': 1, 'class_weight': 'balanced'}. Best is trial 584 with value: 0.8792270531400965.
2025-02-02 17:06:59,275 - INFO - Trial 791 finished with value: 0.8508771929824562 and parameters: {'n_estimators': 117, 'max_depth': 18, 'min_samples_split': 7, 'min_samples_leaf': 2, 'class_weight': 'balanced'}. Best is trial 584 with value: 0.8792270531400965.
2025-02-02 17:06:59,453 - INFO - Trial 792 finished with value: 0.8508771929824562 and parameters: {'n_estimators': 134, 'max_depth': 13, 'min_samples_split': 6, 'min_samples_leaf': 1, 'class_weight': 'balanced'}. Best is trial 584 with value: 0.8792270531400965.
2025-02-02 17:06:59,632 - INFO - Trial 793 finished with value: 0.8188405797101449 and parameters: {'n_estimators': 146, 'max_depth': 17, 'min_samples_split': 5, 'min_samples_leaf': 2, 'class_weight': 'balanced'}. Best is trial 584 with value: 0.8792270531400965.
2025-02-02 17:06:59,779 - INFO - Trial 794 finished with value: 0.846683354192741 and parameters: {'n_estimators': 109, 'max_depth': 12, 'min_samples_split': 3, 'min_samples_leaf': 1, 'class_weight': 'balanced'}. Best is trial 584 with value: 0.8792270531400965.
2025-02-02 17:06:59,998 - INFO - Trial 795 finished with value: 0.8508771929824562 and parameters: {'n_estimators': 179, 'max_depth': 19, 'min_samples_split': 7, 'min_samples_leaf': 1, 'class_weight': 'balanced'}. Best is trial 584 with value: 0.8792270531400965.
2025-02-02 17:07:00,124 - INFO - Trial 796 finished with value: 0.8508771929824562 and parameters: {'n_estimators': 59, 'max_depth': 16, 'min_samples_split': 6, 'min_samples_leaf': 2, 'class_weight': 'balanced'}. Best is trial 584 with value: 0.8792270531400965.
2025-02-02 17:07:00,334 - INFO - Trial 797 finished with value: 0.8188405797101449 and parameters: {'n_estimators': 165, 'max_depth': 14, 'min_samples_split': 5, 'min_samples_leaf': 3, 'class_weight': 'balanced'}. Best is trial 584 with value: 0.8792270531400965.
2025-02-02 17:07:00,550 - INFO - Trial 798 finished with value: 0.8508771929824562 and parameters: {'n_estimators': 168, 'max_depth': 20, 'min_samples_split': 7, 'min_samples_leaf': 1, 'class_weight': 'balanced'}. Best is trial 584 with value: 0.8792270531400965.
2025-02-02 17:07:00,754 - INFO - Trial 799 finished with value: 0.8508771929824562 and parameters: {'n_estimators': 151, 'max_depth': 15, 'min_samples_split': 4, 'min_samples_leaf': 1, 'class_weight': 'balanced'}. Best is trial 584 with value: 0.8792270531400965.
2025-02-02 17:07:00,884 - INFO - Trial 800 finished with value: 0.7853566958698374 and parameters: {'n_estimators': 90, 'max_depth': 3, 'min_samples_split': 6, 'min_samples_leaf': 2, 'class_weight': None}. Best is trial 584 with value: 0.8792270531400965.
2025-02-02 17:07:01,051 - INFO - Trial 801 finished with value: 0.8508771929824562 and parameters: {'n_estimators': 128, 'max_depth': 13, 'min_samples_split': 2, 'min_samples_leaf': 1, 'class_weight': 'balanced'}. Best is trial 584 with value: 0.8792270531400965.
2025-02-02 17:07:01,161 - INFO - Trial 802 finished with value: 0.7853566958698374 and parameters: {'n_estimators': 68, 'max_depth': 17, 'min_samples_split': 7, 'min_samples_leaf': 1, 'class_weight': 'balanced'}. Best is trial 584 with value: 0.8792270531400965.
2025-02-02 17:07:01,401 - INFO - Trial 803 finished with value: 0.8508771929824562 and parameters: {'n_estimators': 206, 'max_depth': 18, 'min_samples_split': 7, 'min_samples_leaf': 3, 'class_weight': 'balanced'}. Best is trial 584 with value: 0.8792270531400965.
2025-02-02 17:07:01,657 - INFO - Trial 804 finished with value: 0.8508771929824562 and parameters: {'n_estimators': 220, 'max_depth': 16, 'min_samples_split': 6, 'min_samples_leaf': 2, 'class_weight': 'balanced'}. Best is trial 584 with value: 0.8792270531400965.
2025-02-02 17:07:01,778 - INFO - Trial 805 finished with value: 0.7853566958698374 and parameters: {'n_estimators': 79, 'max_depth': 14, 'min_samples_split': 5, 'min_samples_leaf': 1, 'class_weight': 'balanced'}. Best is trial 584 with value: 0.8792270531400965.
2025-02-02 17:07:01,954 - INFO - Trial 806 finished with value: 0.7662337662337663 and parameters: {'n_estimators': 139, 'max_depth': 12, 'min_samples_split': 7, 'min_samples_leaf': 4, 'class_weight': 'balanced'}. Best is trial 584 with value: 0.8792270531400965.
2025-02-02 17:07:02,119 - INFO - Trial 807 finished with value: 0.8188405797101449 and parameters: {'n_estimators': 121, 'max_depth': 20, 'min_samples_split': 6, 'min_samples_leaf': 1, 'class_weight': 'balanced'}. Best is trial 584 with value: 0.8792270531400965.
2025-02-02 17:07:02,342 - INFO - Trial 808 finished with value: 0.8508771929824562 and parameters: {'n_estimators': 188, 'max_depth': 13, 'min_samples_split': 7, 'min_samples_leaf': 2, 'class_weight': 'balanced'}. Best is trial 584 with value: 0.8792270531400965.
2025-02-02 17:07:02,555 - INFO - Trial 809 finished with value: 0.8508771929824562 and parameters: {'n_estimators': 172, 'max_depth': 15, 'min_samples_split': 6, 'min_samples_leaf': 1, 'class_weight': 'balanced'}. Best is trial 584 with value: 0.8792270531400965.
2025-02-02 17:07:02,793 - INFO - Trial 810 finished with value: 0.8508771929824562 and parameters: {'n_estimators': 211, 'max_depth': 11, 'min_samples_split': 5, 'min_samples_leaf': 1, 'class_weight': 'balanced'}. Best is trial 584 with value: 0.8792270531400965.
2025-02-02 17:07:03,023 - INFO - Trial 811 finished with value: 0.75 and parameters: {'n_estimators': 201, 'max_depth': 18, 'min_samples_split': 8, 'min_samples_leaf': 3, 'class_weight': None}. Best is trial 584 with value: 0.8792270531400965.
2025-02-02 17:07:03,216 - INFO - Trial 812 finished with value: 0.8508771929824562 and parameters: {'n_estimators': 158, 'max_depth': 19, 'min_samples_split': 7, 'min_samples_leaf': 1, 'class_weight': 'balanced'}. Best is trial 584 with value: 0.8792270531400965.
2025-02-02 17:07:03,314 - INFO - Trial 813 finished with value: 0.8508771929824562 and parameters: {'n_estimators': 54, 'max_depth': 16, 'min_samples_split': 4, 'min_samples_leaf': 2, 'class_weight': 'balanced'}. Best is trial 584 with value: 0.8792270531400965.
2025-02-02 17:07:03,417 - INFO - Trial 814 finished with value: 0.7945736434108528 and parameters: {'n_estimators': 62, 'max_depth': 20, 'min_samples_split': 9, 'min_samples_leaf': 1, 'class_weight': 'balanced'}. Best is trial 584 with value: 0.8792270531400965.
2025-02-02 17:07:03,643 - INFO - Trial 815 finished with value: 0.8508771929824562 and parameters: {'n_estimators': 183, 'max_depth': 12, 'min_samples_split': 7, 'min_samples_leaf': 2, 'class_weight': 'balanced'}. Best is trial 584 with value: 0.8792270531400965.
2025-02-02 17:07:03,931 - INFO - Trial 816 finished with value: 0.7912280701754386 and parameters: {'n_estimators': 244, 'max_depth': 14, 'min_samples_split': 8, 'min_samples_leaf': 1, 'class_weight': 'balanced'}. Best is trial 584 with value: 0.8792270531400965.
2025-02-02 17:07:04,095 - INFO - Trial 817 finished with value: 0.8508771929824562 and parameters: {'n_estimators': 113, 'max_depth': 17, 'min_samples_split': 5, 'min_samples_leaf': 1, 'class_weight': 'balanced'}. Best is trial 584 with value: 0.8792270531400965.
2025-02-02 17:07:04,287 - INFO - Trial 818 finished with value: 0.8508771929824562 and parameters: {'n_estimators': 147, 'max_depth': 13, 'min_samples_split': 6, 'min_samples_leaf': 2, 'class_weight': 'balanced'}. Best is trial 584 with value: 0.8792270531400965.
2025-02-02 17:07:04,417 - INFO - Trial 819 finished with value: 0.8508771929824562 and parameters: {'n_estimators': 85, 'max_depth': 18, 'min_samples_split': 7, 'min_samples_leaf': 1, 'class_weight': 'balanced'}. Best is trial 584 with value: 0.8792270531400965.
2025-02-02 17:07:04,633 - INFO - Trial 820 finished with value: 0.8508771929824562 and parameters: {'n_estimators': 177, 'max_depth': 19, 'min_samples_split': 6, 'min_samples_leaf': 3, 'class_weight': 'balanced'}. Best is trial 584 with value: 0.8792270531400965.
2025-02-02 17:07:04,807 - INFO - Trial 821 finished with value: 0.7853566958698374 and parameters: {'n_estimators': 137, 'max_depth': 15, 'min_samples_split': 3, 'min_samples_leaf': 1, 'class_weight': 'balanced'}. Best is trial 584 with value: 0.8792270531400965.
2025-02-02 17:07:05,029 - INFO - Trial 822 finished with value: 0.7853566958698374 and parameters: {'n_estimators': 195, 'max_depth': 12, 'min_samples_split': 6, 'min_samples_leaf': 2, 'class_weight': None}. Best is trial 584 with value: 0.8792270531400965.
2025-02-02 17:07:05,207 - INFO - Trial 823 finished with value: 0.8188405797101449 and parameters: {'n_estimators': 125, 'max_depth': 18, 'min_samples_split': 2, 'min_samples_leaf': 1, 'class_weight': 'balanced'}. Best is trial 584 with value: 0.8792270531400965.
2025-02-02 17:07:05,424 - INFO - Trial 824 finished with value: 0.8508771929824562 and parameters: {'n_estimators': 154, 'max_depth': 14, 'min_samples_split': 7, 'min_samples_leaf': 1, 'class_weight': 'balanced'}. Best is trial 584 with value: 0.8792270531400965.
2025-02-02 17:07:05,573 - INFO - Trial 825 finished with value: 0.8188405797101449 and parameters: {'n_estimators': 102, 'max_depth': 15, 'min_samples_split': 5, 'min_samples_leaf': 2, 'class_weight': 'balanced'}. Best is trial 584 with value: 0.8792270531400965.
2025-02-02 17:07:05,691 - INFO - Trial 826 finished with value: 0.7945736434108528 and parameters: {'n_estimators': 75, 'max_depth': 20, 'min_samples_split': 7, 'min_samples_leaf': 4, 'class_weight': 'balanced'}. Best is trial 584 with value: 0.8792270531400965.
2025-02-02 17:07:05,869 - INFO - Trial 827 finished with value: 0.7853566958698374 and parameters: {'n_estimators': 140, 'max_depth': 17, 'min_samples_split': 4, 'min_samples_leaf': 1, 'class_weight': 'balanced'}. Best is trial 584 with value: 0.8792270531400965.
2025-02-02 17:07:06,067 - INFO - Trial 828 finished with value: 0.8508771929824562 and parameters: {'n_estimators': 163, 'max_depth': 6, 'min_samples_split': 6, 'min_samples_leaf': 1, 'class_weight': 'balanced'}. Best is trial 584 with value: 0.8792270531400965.
2025-02-02 17:07:06,311 - INFO - Trial 829 finished with value: 0.8508771929824562 and parameters: {'n_estimators': 214, 'max_depth': 13, 'min_samples_split': 7, 'min_samples_leaf': 2, 'class_weight': 'balanced'}. Best is trial 584 with value: 0.8792270531400965.
2025-02-02 17:07:06,542 - INFO - Trial 830 finished with value: 0.8508771929824562 and parameters: {'n_estimators': 190, 'max_depth': 18, 'min_samples_split': 5, 'min_samples_leaf': 1, 'class_weight': 'balanced'}. Best is trial 584 with value: 0.8792270531400965.
2025-02-02 17:07:06,782 - INFO - Trial 831 finished with value: 0.8508771929824562 and parameters: {'n_estimators': 206, 'max_depth': 19, 'min_samples_split': 3, 'min_samples_leaf': 3, 'class_weight': 'balanced'}. Best is trial 584 with value: 0.8792270531400965.
2025-02-02 17:07:06,886 - INFO - Trial 832 finished with value: 0.8227272727272728 and parameters: {'n_estimators': 50, 'max_depth': 11, 'min_samples_split': 8, 'min_samples_leaf': 1, 'class_weight': 'balanced'}. Best is trial 584 with value: 0.8792270531400965.
2025-02-02 17:07:07,086 - INFO - Trial 833 finished with value: 0.7853566958698374 and parameters: {'n_estimators': 150, 'max_depth': 10, 'min_samples_split': 6, 'min_samples_leaf': 2, 'class_weight': None}. Best is trial 584 with value: 0.8792270531400965.
2025-02-02 17:07:07,274 - INFO - Trial 834 finished with value: 0.8508771929824562 and parameters: {'n_estimators': 145, 'max_depth': 12, 'min_samples_split': 7, 'min_samples_leaf': 1, 'class_weight': 'balanced'}. Best is trial 584 with value: 0.8792270531400965.
2025-02-02 17:07:07,555 - INFO - Trial 835 finished with value: 0.7945736434108528 and parameters: {'n_estimators': 225, 'max_depth': 20, 'min_samples_split': 6, 'min_samples_leaf': 3, 'class_weight': 'balanced'}. Best is trial 584 with value: 0.8792270531400965.
2025-02-02 17:07:07,754 - INFO - Trial 836 finished with value: 0.8508771929824562 and parameters: {'n_estimators': 169, 'max_depth': 16, 'min_samples_split': 7, 'min_samples_leaf': 1, 'class_weight': 'balanced'}. Best is trial 584 with value: 0.8792270531400965.
2025-02-02 17:07:07,874 - INFO - Trial 837 finished with value: 0.8508771929824562 and parameters: {'n_estimators': 70, 'max_depth': 15, 'min_samples_split': 7, 'min_samples_leaf': 2, 'class_weight': 'balanced'}. Best is trial 584 with value: 0.8792270531400965.
2025-02-02 17:07:08,063 - INFO - Trial 838 finished with value: 0.8508771929824562 and parameters: {'n_estimators': 133, 'max_depth': 12, 'min_samples_split': 6, 'min_samples_leaf': 1, 'class_weight': 'balanced'}. Best is trial 584 with value: 0.8792270531400965.
2025-02-02 17:07:08,236 - INFO - Trial 839 finished with value: 0.8508771929824562 and parameters: {'n_estimators': 117, 'max_depth': 14, 'min_samples_split': 5, 'min_samples_leaf': 1, 'class_weight': 'balanced'}. Best is trial 584 with value: 0.8792270531400965.
2025-02-02 17:07:08,393 - INFO - Trial 840 finished with value: 0.8508771929824562 and parameters: {'n_estimators': 96, 'max_depth': 17, 'min_samples_split': 4, 'min_samples_leaf': 2, 'class_weight': 'balanced'}. Best is trial 584 with value: 0.8792270531400965.
2025-02-02 17:07:08,629 - INFO - Trial 841 finished with value: 0.8508771929824562 and parameters: {'n_estimators': 196, 'max_depth': 13, 'min_samples_split': 7, 'min_samples_leaf': 1, 'class_weight': 'balanced'}. Best is trial 584 with value: 0.8792270531400965.
2025-02-02 17:07:08,821 - INFO - Trial 842 finished with value: 0.8227272727272728 and parameters: {'n_estimators': 155, 'max_depth': 18, 'min_samples_split': 6, 'min_samples_leaf': 4, 'class_weight': 'balanced'}. Best is trial 584 with value: 0.8792270531400965.
2025-02-02 17:07:08,969 - INFO - Trial 843 finished with value: 0.8508771929824562 and parameters: {'n_estimators': 108, 'max_depth': 19, 'min_samples_split': 8, 'min_samples_leaf': 2, 'class_weight': 'balanced'}. Best is trial 584 with value: 0.8792270531400965.
2025-02-02 17:07:09,070 - INFO - Trial 844 finished with value: 0.8508771929824562 and parameters: {'n_estimators': 56, 'max_depth': 14, 'min_samples_split': 5, 'min_samples_leaf': 1, 'class_weight': 'balanced'}. Best is trial 584 with value: 0.8792270531400965.
2025-02-02 17:07:09,236 - INFO - Trial 845 finished with value: 0.7853566958698374 and parameters: {'n_estimators': 130, 'max_depth': 17, 'min_samples_split': 7, 'min_samples_leaf': 1, 'class_weight': None}. Best is trial 584 with value: 0.8792270531400965.
2025-02-02 17:07:09,452 - INFO - Trial 846 finished with value: 0.8508771929824562 and parameters: {'n_estimators': 181, 'max_depth': 12, 'min_samples_split': 6, 'min_samples_leaf': 3, 'class_weight': 'balanced'}. Best is trial 584 with value: 0.8792270531400965.
2025-02-02 17:07:09,563 - INFO - Trial 847 finished with value: 0.8227272727272728 and parameters: {'n_estimators': 63, 'max_depth': 16, 'min_samples_split': 6, 'min_samples_leaf': 1, 'class_weight': 'balanced'}. Best is trial 584 with value: 0.8792270531400965.
2025-02-02 17:07:09,765 - INFO - Trial 848 finished with value: 0.8188405797101449 and parameters: {'n_estimators': 160, 'max_depth': 19, 'min_samples_split': 5, 'min_samples_leaf': 2, 'class_weight': 'balanced'}. Best is trial 584 with value: 0.8792270531400965.
2025-02-02 17:07:10,037 - INFO - Trial 849 finished with value: 0.8125 and parameters: {'n_estimators': 219, 'max_depth': 13, 'min_samples_split': 2, 'min_samples_leaf': 1, 'class_weight': 'balanced'}. Best is trial 584 with value: 0.8792270531400965.
2025-02-02 17:07:10,252 - INFO - Trial 850 finished with value: 0.8508771929824562 and parameters: {'n_estimators': 175, 'max_depth': 11, 'min_samples_split': 7, 'min_samples_leaf': 2, 'class_weight': 'balanced'}. Best is trial 584 with value: 0.8792270531400965.
2025-02-02 17:07:10,514 - INFO - Trial 851 finished with value: 0.8508771929824562 and parameters: {'n_estimators': 209, 'max_depth': 18, 'min_samples_split': 7, 'min_samples_leaf': 1, 'class_weight': 'balanced'}. Best is trial 584 with value: 0.8792270531400965.
2025-02-02 17:07:10,716 - INFO - Trial 852 finished with value: 0.8188405797101449 and parameters: {'n_estimators': 142, 'max_depth': 20, 'min_samples_split': 7, 'min_samples_leaf': 1, 'class_weight': 'balanced'}. Best is trial 584 with value: 0.8792270531400965.
2025-02-02 17:07:10,876 - INFO - Trial 853 finished with value: 0.7662337662337663 and parameters: {'n_estimators': 122, 'max_depth': 15, 'min_samples_split': 8, 'min_samples_leaf': 3, 'class_weight': 'balanced'}. Best is trial 584 with value: 0.8792270531400965.
2025-02-02 17:07:11,003 - INFO - Trial 854 finished with value: 0.8188405797101449 and parameters: {'n_estimators': 80, 'max_depth': 18, 'min_samples_split': 3, 'min_samples_leaf': 1, 'class_weight': 'balanced'}. Best is trial 584 with value: 0.8792270531400965.
2025-02-02 17:07:11,207 - INFO - Trial 855 finished with value: 0.8188405797101449 and parameters: {'n_estimators': 166, 'max_depth': 14, 'min_samples_split': 6, 'min_samples_leaf': 2, 'class_weight': 'balanced'}. Best is trial 584 with value: 0.8792270531400965.
2025-02-02 17:07:11,443 - INFO - Trial 856 finished with value: 0.8188405797101449 and parameters: {'n_estimators': 203, 'max_depth': 20, 'min_samples_split': 7, 'min_samples_leaf': 1, 'class_weight': None}. Best is trial 584 with value: 0.8792270531400965.
2025-02-02 17:07:11,641 - INFO - Trial 857 finished with value: 0.8508771929824562 and parameters: {'n_estimators': 151, 'max_depth': 19, 'min_samples_split': 4, 'min_samples_leaf': 1, 'class_weight': 'balanced'}. Best is trial 584 with value: 0.8792270531400965.
2025-02-02 17:07:11,775 - INFO - Trial 858 finished with value: 0.8188405797101449 and parameters: {'n_estimators': 89, 'max_depth': 8, 'min_samples_split': 5, 'min_samples_leaf': 2, 'class_weight': 'balanced'}. Best is trial 584 with value: 0.8792270531400965.
2025-02-02 17:07:12,043 - INFO - Trial 859 finished with value: 0.8188405797101449 and parameters: {'n_estimators': 236, 'max_depth': 17, 'min_samples_split': 6, 'min_samples_leaf': 1, 'class_weight': 'balanced'}. Best is trial 584 with value: 0.8792270531400965.
2025-02-02 17:07:12,263 - INFO - Trial 860 finished with value: 0.8508771929824562 and parameters: {'n_estimators': 183, 'max_depth': 16, 'min_samples_split': 5, 'min_samples_leaf': 2, 'class_weight': 'balanced'}. Best is trial 584 with value: 0.8792270531400965.
