2024-12-10 14:14:28,792 - INFO - Trial 91 finished with value: 0.9946251129177958 and parameters: {'max_depth': 15, 'min_samples_split': 7, 'min_samples_leaf': 1, 'class_weight': None}. Best is trial 1 with value: 1.0.
2024-12-10 14:14:28,826 - INFO - Trial 92 finished with value: 0.9895833333333334 and parameters: {'max_depth': 15, 'min_samples_split': 7, 'min_samples_leaf': 1, 'class_weight': None}. Best is trial 1 with value: 1.0.
2024-12-10 14:14:28,862 - INFO - Trial 93 finished with value: 0.9946251129177958 and parameters: {'max_depth': 17, 'min_samples_split': 6, 'min_samples_leaf': 1, 'class_weight': None}. Best is trial 1 with value: 1.0.
2024-12-10 14:14:28,896 - INFO - Trial 94 finished with value: 1.0 and parameters: {'max_depth': 14, 'min_samples_split': 7, 'min_samples_leaf': 1, 'class_weight': None}. Best is trial 1 with value: 1.0.
2024-12-10 14:14:28,930 - INFO - Trial 95 finished with value: 0.9949377571191965 and parameters: {'max_depth': 16, 'min_samples_split': 6, 'min_samples_leaf': 1, 'class_weight': None}. Best is trial 1 with value: 1.0.
2024-12-10 14:14:28,965 - INFO - Trial 96 finished with value: 0.9888674388674389 and parameters: {'max_depth': 18, 'min_samples_split': 8, 'min_samples_leaf': 1, 'class_weight': None}. Best is trial 1 with value: 1.0.
2024-12-10 14:14:29,002 - INFO - Trial 97 finished with value: 0.9946251129177958 and parameters: {'max_depth': 14, 'min_samples_split': 5, 'min_samples_leaf': 1, 'class_weight': None}. Best is trial 1 with value: 1.0.
2024-12-10 14:14:29,039 - INFO - Trial 98 finished with value: 0.9895833333333334 and parameters: {'max_depth': 17, 'min_samples_split': 7, 'min_samples_leaf': 1, 'class_weight': None}. Best is trial 1 with value: 1.0.
2024-12-10 14:14:29,076 - INFO - Trial 99 finished with value: 0.9888674388674389 and parameters: {'max_depth': 16, 'min_samples_split': 8, 'min_samples_leaf': 1, 'class_weight': None}. Best is trial 1 with value: 1.0.
2024-12-10 14:14:29,300 - INFO - A new study created in memory with name: no-name-d98cc4f4-6510-481d-8d3c-2e533a4a6a70
2024-12-10 14:14:31,404 - INFO - Trial 0 finished with value: 0.9946251129177958 and parameters: {'n_estimators': 202, 'max_depth': 5, 'learning_rate': 0.12045096607518006, 'subsample': 0.6674249807741095, 'colsample_bytree': 0.7067550044307385, 'scale_pos_weight': 1.8171803460571194}. Best is trial 0 with value: 0.9946251129177958.
2024-12-10 14:14:31,587 - INFO - Trial 1 finished with value: 0.9946251129177958 and parameters: {'n_estimators': 251, 'max_depth': 19, 'learning_rate': 0.14476168885163915, 'subsample': 0.5083971247385515, 'colsample_bytree': 0.9161865795749815, 'scale_pos_weight': 0.8093753739894055}. Best is trial 0 with value: 0.9946251129177958.
2024-12-10 14:14:31,730 - INFO - Trial 2 finished with value: 0.9946251129177958 and parameters: {'n_estimators': 228, 'max_depth': 9, 'learning_rate': 0.1700304913619208, 'subsample': 0.5994336096087444, 'colsample_bytree': 0.8705935949369965, 'scale_pos_weight': 1.8786196164574964}. Best is trial 0 with value: 0.9946251129177958.
2024-12-10 14:14:31,839 - INFO - Trial 3 finished with value: 0.9946251129177958 and parameters: {'n_estimators': 143, 'max_depth': 8, 'learning_rate': 0.08163619366530306, 'subsample': 0.5837382518728352, 'colsample_bytree': 0.6664241939336932, 'scale_pos_weight': 1.5430774729984345}. Best is trial 0 with value: 0.9946251129177958.
2024-12-10 14:14:31,902 - INFO - Trial 4 finished with value: 1.0 and parameters: {'n_estimators': 53, 'max_depth': 9, 'learning_rate': 0.17182225106373922, 'subsample': 0.6440536534789243, 'colsample_bytree': 0.7259483764431405, 'scale_pos_weight': 1.654134246066905}. Best is trial 4 with value: 1.0.
2024-12-10 14:14:32,033 - INFO - Trial 5 finished with value: 0.9946251129177958 and parameters: {'n_estimators': 207, 'max_depth': 18, 'learning_rate': 0.18892982953154863, 'subsample': 0.6557365724755113, 'colsample_bytree': 0.5287859743352212, 'scale_pos_weight': 0.5680377957395248}. Best is trial 4 with value: 1.0.
2024-12-10 14:14:32,087 - INFO - Trial 6 finished with value: 0.9946251129177958 and parameters: {'n_estimators': 61, 'max_depth': 4, 'learning_rate': 0.2868536616614303, 'subsample': 0.6048423575528947, 'colsample_bytree': 0.9381668905468417, 'scale_pos_weight': 1.9948027239419037}. Best is trial 4 with value: 1.0.
2024-12-10 14:14:32,198 - INFO - Trial 7 finished with value: 0.9946251129177958 and parameters: {'n_estimators': 187, 'max_depth': 5, 'learning_rate': 0.08536385153753033, 'subsample': 0.8625688136056715, 'colsample_bytree': 0.5308760437958142, 'scale_pos_weight': 1.9750964217593765}. Best is trial 4 with value: 1.0.
2024-12-10 14:14:32,282 - INFO - Trial 8 finished with value: 0.9946251129177958 and parameters: {'n_estimators': 132, 'max_depth': 5, 'learning_rate': 0.16337492429634645, 'subsample': 0.7476497206148605, 'colsample_bytree': 0.6432191298292529, 'scale_pos_weight': 0.8347648510175212}. Best is trial 4 with value: 1.0.
2024-12-10 14:14:32,370 - INFO - Trial 9 finished with value: 0.9946251129177958 and parameters: {'n_estimators': 194, 'max_depth': 3, 'learning_rate': 0.19781388637484565, 'subsample': 0.7170848129477594, 'colsample_bytree': 0.7975275033403113, 'scale_pos_weight': 1.798362172131646}. Best is trial 4 with value: 1.0.
2024-12-10 14:14:32,445 - INFO - Trial 10 finished with value: 1.0 and parameters: {'n_estimators': 56, 'max_depth': 14, 'learning_rate': 0.012731690371990845, 'subsample': 0.9709587804298137, 'colsample_bytree': 0.7803092027127101, 'scale_pos_weight': 1.3608592972387803}. Best is trial 4 with value: 1.0.
2024-12-10 14:14:32,526 - INFO - Trial 11 finished with value: 1.0 and parameters: {'n_estimators': 62, 'max_depth': 14, 'learning_rate': 0.019766235875658206, 'subsample': 0.9730324639718966, 'colsample_bytree': 0.7899262423721964, 'scale_pos_weight': 1.2854055063903236}. Best is trial 4 with value: 1.0.
2024-12-10 14:14:32,603 - INFO - Trial 12 finished with value: 0.9946251129177958 and parameters: {'n_estimators': 97, 'max_depth': 14, 'learning_rate': 0.2471330232683969, 'subsample': 0.8451023908835489, 'colsample_bytree': 0.8287311045874302, 'scale_pos_weight': 1.414251520175863}. Best is trial 4 with value: 1.0.
2024-12-10 14:14:32,841 - INFO - Trial 13 finished with value: 1.0 and parameters: {'n_estimators': 300, 'max_depth': 12, 'learning_rate': 0.015175791617095785, 'subsample': 0.9938844557581675, 'colsample_bytree': 0.7289022272042202, 'scale_pos_weight': 1.5940654672650458}. Best is trial 4 with value: 1.0.
2024-12-10 14:14:32,917 - INFO - Trial 14 finished with value: 0.9946251129177958 and parameters: {'n_estimators': 101, 'max_depth': 16, 'learning_rate': 0.221374958889318, 'subsample': 0.8576147699728655, 'colsample_bytree': 0.6123362637851795, 'scale_pos_weight': 1.1021296573312853}. Best is trial 4 with value: 1.0.
2024-12-10 14:14:33,003 - INFO - Trial 15 finished with value: 1.0 and parameters: {'n_estimators': 93, 'max_depth': 9, 'learning_rate': 0.07880760404162836, 'subsample': 0.9106936373429343, 'colsample_bytree': 0.7515547627917601, 'scale_pos_weight': 1.1448350631581556}. Best is trial 4 with value: 1.0.
2024-12-10 14:14:33,111 - INFO - Trial 16 finished with value: 0.9946251129177958 and parameters: {'n_estimators': 149, 'max_depth': 11, 'learning_rate': 0.11166932893910816, 'subsample': 0.7935410135827621, 'colsample_bytree': 0.8569127595617058, 'scale_pos_weight': 1.6313397294567296}. Best is trial 4 with value: 1.0.
2024-12-10 14:14:33,175 - INFO - Trial 17 finished with value: 1.0 and parameters: {'n_estimators': 53, 'max_depth': 12, 'learning_rate': 0.04987815551223887, 'subsample': 0.5349479748198837, 'colsample_bytree': 0.5870340458238326, 'scale_pos_weight': 1.4063091957447948}. Best is trial 4 with value: 1.0.
2024-12-10 14:14:33,250 - INFO - Trial 18 finished with value: 1.0 and parameters: {'n_estimators': 84, 'max_depth': 7, 'learning_rate': 0.24545031137368645, 'subsample': 0.6846437209307863, 'colsample_bytree': 0.6861496037849005, 'scale_pos_weight': 1.0761942048228748}. Best is trial 4 with value: 1.0.
2024-12-10 14:14:33,345 - INFO - Trial 19 finished with value: 0.9946251129177958 and parameters: {'n_estimators': 122, 'max_depth': 16, 'learning_rate': 0.14266291686220506, 'subsample': 0.9279089816762571, 'colsample_bytree': 0.9763851566697701, 'scale_pos_weight': 1.3332292104002996}. Best is trial 4 with value: 1.0.
2024-12-10 14:14:33,462 - INFO - Trial 20 finished with value: 1.0 and parameters: {'n_estimators': 159, 'max_depth': 10, 'learning_rate': 0.041178361504809635, 'subsample': 0.7848809101997875, 'colsample_bytree': 0.764846354407624, 'scale_pos_weight': 1.721155438081434}. Best is trial 4 with value: 1.0.
2024-12-10 14:14:33,549 - INFO - Trial 21 finished with value: 1.0 and parameters: {'n_estimators': 70, 'max_depth': 14, 'learning_rate': 0.010194904060590293, 'subsample': 0.9979776249218701, 'colsample_bytree': 0.7944204035149011, 'scale_pos_weight': 1.2613500290277038}. Best is trial 4 with value: 1.0.
2024-12-10 14:14:33,621 - INFO - Trial 22 finished with value: 1.0 and parameters: {'n_estimators': 50, 'max_depth': 14, 'learning_rate': 0.03998925641986384, 'subsample': 0.9352257934742909, 'colsample_bytree': 0.7892898255666206, 'scale_pos_weight': 1.4517542702794717}. Best is trial 4 with value: 1.0.
2024-12-10 14:14:33,727 - INFO - Trial 23 finished with value: 0.9946251129177958 and parameters: {'n_estimators': 111, 'max_depth': 16, 'learning_rate': 0.06759002806103695, 'subsample': 0.9716646345543768, 'colsample_bytree': 0.8397313953596729, 'scale_pos_weight': 1.2205792232002597}. Best is trial 4 with value: 1.0.
2024-12-10 14:14:33,805 - INFO - Trial 24 finished with value: 0.9946251129177958 and parameters: {'n_estimators': 77, 'max_depth': 13, 'learning_rate': 0.11115479352607388, 'subsample': 0.9085389315361526, 'colsample_bytree': 0.7226531769598392, 'scale_pos_weight': 0.8959742013957427}. Best is trial 4 with value: 1.0.
2024-12-10 14:14:33,891 - INFO - Trial 25 finished with value: 1.0 and parameters: {'n_estimators': 77, 'max_depth': 17, 'learning_rate': 0.02923381820040504, 'subsample': 0.9544119635765084, 'colsample_bytree': 0.7587757370412102, 'scale_pos_weight': 1.5350417636924993}. Best is trial 4 with value: 1.0.
2024-12-10 14:14:33,993 - INFO - Trial 26 finished with value: 1.0 and parameters: {'n_estimators': 112, 'max_depth': 20, 'learning_rate': 0.0645215701683435, 'subsample': 0.8123815044487473, 'colsample_bytree': 0.9123751632024955, 'scale_pos_weight': 1.6741129082280575}. Best is trial 4 with value: 1.0.
2024-12-10 14:14:34,070 - INFO - Trial 27 finished with value: 1.0 and parameters: {'n_estimators': 67, 'max_depth': 11, 'learning_rate': 0.09933825122665643, 'subsample': 0.8901383067842163, 'colsample_bytree': 0.8127627212649817, 'scale_pos_weight': 0.9481914013704904}. Best is trial 4 with value: 1.0.
2024-12-10 14:14:34,180 - INFO - Trial 28 finished with value: 0.9946251129177958 and parameters: {'n_estimators': 169, 'max_depth': 15, 'learning_rate': 0.12622525135406226, 'subsample': 0.958789288176854, 'colsample_bytree': 0.8751571764825268, 'scale_pos_weight': 1.2826137655847996}. Best is trial 4 with value: 1.0.
2024-12-10 14:14:34,244 - INFO - Trial 29 finished with value: 0.9946251129177958 and parameters: {'n_estimators': 50, 'max_depth': 6, 'learning_rate': 0.1900654070367416, 'subsample': 0.6484160524984361, 'colsample_bytree': 0.6612096417742057, 'scale_pos_weight': 1.4903411350980498}. Best is trial 4 with value: 1.0.
2024-12-10 14:14:34,315 - INFO - Trial 30 finished with value: 0.9946251129177958 and parameters: {'n_estimators': 81, 'max_depth': 13, 'learning_rate': 0.2988832615181369, 'subsample': 0.6898435151402866, 'colsample_bytree': 0.7121195078624972, 'scale_pos_weight': 1.7672460064320663}. Best is trial 4 with value: 1.0.
2024-12-10 14:14:34,573 - INFO - Trial 31 finished with value: 1.0 and parameters: {'n_estimators': 298, 'max_depth': 12, 'learning_rate': 0.01398418579940138, 'subsample': 0.9914969175083262, 'colsample_bytree': 0.7396002275256639, 'scale_pos_weight': 1.596869560790256}. Best is trial 4 with value: 1.0.
2024-12-10 14:14:34,758 - INFO - Trial 32 finished with value: 1.0 and parameters: {'n_estimators': 296, 'max_depth': 10, 'learning_rate': 0.025496538324158102, 'subsample': 0.9971174762456427, 'colsample_bytree': 0.6960546067559761, 'scale_pos_weight': 1.3824192294119826}. Best is trial 4 with value: 1.0.
2024-12-10 14:14:34,920 - INFO - Trial 33 finished with value: 0.9946251129177958 and parameters: {'n_estimators': 270, 'max_depth': 13, 'learning_rate': 0.05199196978311501, 'subsample': 0.8865146639077557, 'colsample_bytree': 0.7793995770242226, 'scale_pos_weight': 1.9006326631340158}. Best is trial 4 with value: 1.0.
2024-12-10 14:14:35,080 - INFO - Trial 34 finished with value: 1.0 and parameters: {'n_estimators': 237, 'max_depth': 8, 'learning_rate': 0.026111231469545228, 'subsample': 0.9472795091062824, 'colsample_bytree': 0.7367312342214525, 'scale_pos_weight': 1.566592924176435}. Best is trial 4 with value: 1.0.
2024-12-10 14:14:35,202 - INFO - Trial 35 finished with value: 0.9946251129177958 and parameters: {'n_estimators': 220, 'max_depth': 10, 'learning_rate': 0.14526602428535898, 'subsample': 0.6253179917913727, 'colsample_bytree': 0.6213630971438544, 'scale_pos_weight': 1.6719567788431153}. Best is trial 4 with value: 1.0.
2024-12-10 14:14:35,331 - INFO - Trial 36 finished with value: 0.9946251129177958 and parameters: {'n_estimators': 268, 'max_depth': 15, 'learning_rate': 0.1768418870039161, 'subsample': 0.5625539671529396, 'colsample_bytree': 0.6947433176142858, 'scale_pos_weight': 0.6612037898045815}. Best is trial 4 with value: 1.0.
2024-12-10 14:14:35,413 - INFO - Trial 37 finished with value: 1.0 and parameters: {'n_estimators': 60, 'max_depth': 18, 'learning_rate': 0.010549167060852929, 'subsample': 0.9734109254023959, 'colsample_bytree': 0.8877533653162774, 'scale_pos_weight': 1.1835285901292383}. Best is trial 4 with value: 1.0.
2024-12-10 14:14:35,520 - INFO - Trial 38 finished with value: 0.9946251129177958 and parameters: {'n_estimators': 179, 'max_depth': 8, 'learning_rate': 0.2102558776135769, 'subsample': 0.5086292710275533, 'colsample_bytree': 0.8236386070577686, 'scale_pos_weight': 1.8807702885324464}. Best is trial 4 with value: 1.0.
2024-12-10 14:14:35,646 - INFO - Trial 39 finished with value: 0.9946251129177958 and parameters: {'n_estimators': 205, 'max_depth': 12, 'learning_rate': 0.06161205009992221, 'subsample': 0.7512626159273922, 'colsample_bytree': 0.5686873701404476, 'scale_pos_weight': 1.3277103354623}. Best is trial 4 with value: 1.0.
2024-12-10 14:14:35,785 - INFO - Trial 40 finished with value: 0.9946251129177958 and parameters: {'n_estimators': 249, 'max_depth': 9, 'learning_rate': 0.09067920617844204, 'subsample': 0.9144037111761848, 'colsample_bytree': 0.6670558804334109, 'scale_pos_weight': 1.0248113662333724}. Best is trial 4 with value: 1.0.
2024-12-10 14:14:35,885 - INFO - Trial 41 finished with value: 1.0 and parameters: {'n_estimators': 93, 'max_depth': 9, 'learning_rate': 0.032779890512488176, 'subsample': 0.9721532474418937, 'colsample_bytree': 0.7524759739368254, 'scale_pos_weight': 1.1718139278119617}. Best is trial 4 with value: 1.0.
2024-12-10 14:14:35,974 - INFO - Trial 42 finished with value: 1.0 and parameters: {'n_estimators': 90, 'max_depth': 7, 'learning_rate': 0.05030069801526574, 'subsample': 0.9064686263278521, 'colsample_bytree': 0.7277779492108577, 'scale_pos_weight': 1.511082494679532}. Best is trial 4 with value: 1.0.
2024-12-10 14:14:36,051 - INFO - Trial 43 finished with value: 1.0 and parameters: {'n_estimators': 68, 'max_depth': 11, 'learning_rate': 0.07784437143840225, 'subsample': 0.8752054062811763, 'colsample_bytree': 0.7726382580732007, 'scale_pos_weight': 1.1290468992678997}. Best is trial 4 with value: 1.0.
2024-12-10 14:14:36,159 - INFO - Trial 44 finished with value: 1.0 and parameters: {'n_estimators': 135, 'max_depth': 10, 'learning_rate': 0.1594470287618995, 'subsample': 0.9348294006931104, 'colsample_bytree': 0.8103908065257243, 'scale_pos_weight': 1.3297202063840956}. Best is trial 4 with value: 1.0.
2024-12-10 14:14:36,269 - INFO - Trial 45 finished with value: 1.0 and parameters: {'n_estimators': 102, 'max_depth': 13, 'learning_rate': 0.020470378516034907, 'subsample': 0.9798132321660901, 'colsample_bytree': 0.8549253805144473, 'scale_pos_weight': 1.4537402482853714}. Best is trial 4 with value: 1.0.
2024-12-10 14:14:36,340 - INFO - Trial 46 finished with value: 0.9946251129177958 and parameters: {'n_estimators': 65, 'max_depth': 15, 'learning_rate': 0.13383031552844693, 'subsample': 0.8369759006900348, 'colsample_bytree': 0.6762893204823986, 'scale_pos_weight': 0.9831253269140214}. Best is trial 4 with value: 1.0.
2024-12-10 14:14:36,419 - INFO - Trial 47 finished with value: 0.99013357619915 and parameters: {'n_estimators': 60, 'max_depth': 7, 'learning_rate': 0.03980267024887018, 'subsample': 0.7273371673173779, 'colsample_bytree': 0.715029419745755, 'scale_pos_weight': 0.7558933339680635}. Best is trial 4 with value: 1.0.
2024-12-10 14:14:36,532 - INFO - Trial 48 finished with value: 0.9946251129177958 and parameters: {'n_estimators': 113, 'max_depth': 9, 'learning_rate': 0.07655724620739765, 'subsample': 0.9535755186981082, 'colsample_bytree': 0.6464829265062338, 'scale_pos_weight': 1.6159986834781435}. Best is trial 4 with value: 1.0.
2024-12-10 14:14:36,607 - INFO - Trial 49 finished with value: 0.9946251129177958 and parameters: {'n_estimators': 82, 'max_depth': 11, 'learning_rate': 0.17532239905111494, 'subsample': 0.5789107874205089, 'colsample_bytree': 0.743942522387002, 'scale_pos_weight': 1.04938519557371}. Best is trial 4 with value: 1.0.
2024-12-10 14:14:36,675 - INFO - Trial 50 finished with value: 0.9946251129177958 and parameters: {'n_estimators': 57, 'max_depth': 14, 'learning_rate': 0.23627043978693862, 'subsample': 0.9285106337410461, 'colsample_bytree': 0.7977941315730842, 'scale_pos_weight': 1.388662750846457}. Best is trial 4 with value: 1.0.
2024-12-10 14:14:36,744 - INFO - Trial 51 finished with value: 1.0 and parameters: {'n_estimators': 50, 'max_depth': 12, 'learning_rate': 0.05755682226965381, 'subsample': 0.5260135083853685, 'colsample_bytree': 0.5704556295427451, 'scale_pos_weight': 1.245177939996058}. Best is trial 4 with value: 1.0.
2024-12-10 14:14:36,829 - INFO - Trial 52 finished with value: 1.0 and parameters: {'n_estimators': 73, 'max_depth': 12, 'learning_rate': 0.04583967272354726, 'subsample': 0.545677959235459, 'colsample_bytree': 0.5150428139742806, 'scale_pos_weight': 1.4252479989883138}. Best is trial 4 with value: 1.0.
2024-12-10 14:14:36,928 - INFO - Trial 53 finished with value: 1.0 and parameters: {'n_estimators': 90, 'max_depth': 13, 'learning_rate': 0.035882047267464995, 'subsample': 0.5942979315179447, 'colsample_bytree': 0.5485436074170448, 'scale_pos_weight': 1.7449531589943763}. Best is trial 4 with value: 1.0.
2024-12-10 14:14:37,009 - INFO - Trial 54 finished with value: 1.0 and parameters: {'n_estimators': 59, 'max_depth': 14, 'learning_rate': 0.02339500585995337, 'subsample': 0.6173696529151773, 'colsample_bytree': 0.5887209333781191, 'scale_pos_weight': 1.8206456254597831}. Best is trial 4 with value: 1.0.
2024-12-10 14:14:37,090 - INFO - Trial 55 finished with value: 1.0 and parameters: {'n_estimators': 75, 'max_depth': 10, 'learning_rate': 0.0722740709457037, 'subsample': 0.6916595280330842, 'colsample_bytree': 0.7697980905280738, 'scale_pos_weight': 1.305791565231087}. Best is trial 4 with value: 1.0.
2024-12-10 14:14:37,190 - INFO - Trial 56 finished with value: 0.9946251129177958 and parameters: {'n_estimators': 124, 'max_depth': 17, 'learning_rate': 0.1005266199279124, 'subsample': 0.6455978062112585, 'colsample_bytree': 0.8415364217866553, 'scale_pos_weight': 1.373661053603765}. Best is trial 4 with value: 1.0.
2024-12-10 14:14:37,272 - INFO - Trial 57 finished with value: 0.9946251129177958 and parameters: {'n_estimators': 102, 'max_depth': 6, 'learning_rate': 0.26872135619278276, 'subsample': 0.7803692219283653, 'colsample_bytree': 0.6353561093272212, 'scale_pos_weight': 1.4910810043310163}. Best is trial 4 with value: 1.0.
2024-12-10 14:14:37,403 - INFO - Trial 58 finished with value: 1.0 and parameters: {'n_estimators': 156, 'max_depth': 15, 'learning_rate': 0.04964654574371795, 'subsample': 0.9836916126454835, 'colsample_bytree': 0.950665690520445, 'scale_pos_weight': 1.6806052566570502}. Best is trial 4 with value: 1.0.
2024-12-10 14:14:37,485 - INFO - Trial 59 finished with value: 0.99013357619915 and parameters: {'n_estimators': 52, 'max_depth': 11, 'learning_rate': 0.018030321001263352, 'subsample': 0.6664389914568704, 'colsample_bytree': 0.7563164680938166, 'scale_pos_weight': 1.2246116289760953}. Best is trial 4 with value: 1.0.
2024-12-10 14:14:37,642 - INFO - Trial 60 finished with value: 0.9946251129177958 and parameters: {'n_estimators': 194, 'max_depth': 12, 'learning_rate': 0.03190951897345301, 'subsample': 0.9619886558104246, 'colsample_bytree': 0.5010833752728276, 'scale_pos_weight': 1.5660143740309231}. Best is trial 4 with value: 1.0.
2024-12-10 14:14:37,717 - INFO - Trial 61 finished with value: 0.9946251129177958 and parameters: {'n_estimators': 84, 'max_depth': 4, 'learning_rate': 0.24544623473925223, 'subsample': 0.6910079412384573, 'colsample_bytree': 0.6858363945070322, 'scale_pos_weight': 1.1019221285007363}. Best is trial 4 with value: 1.0.
2024-12-10 14:14:37,787 - INFO - Trial 62 finished with value: 0.9946251129177958 and parameters: {'n_estimators': 66, 'max_depth': 7, 'learning_rate': 0.26450180192947625, 'subsample': 0.7620153445900774, 'colsample_bytree': 0.7851769181999566, 'scale_pos_weight': 1.1243288711211508}. Best is trial 4 with value: 1.0.
