2024-12-10 14:53:39,438 - INFO - Trial 71 finished with value: 0.9949377571191965 and parameters: {'max_depth': 11, 'min_samples_split': 3, 'min_samples_leaf': 1, 'class_weight': 'balanced'}. Best is trial 10 with value: 1.0.
2024-12-10 14:53:39,475 - INFO - Trial 72 finished with value: 0.9895833333333334 and parameters: {'max_depth': 9, 'min_samples_split': 3, 'min_samples_leaf': 1, 'class_weight': 'balanced'}. Best is trial 10 with value: 1.0.
2024-12-10 14:53:39,513 - INFO - Trial 73 finished with value: 0.99013357619915 and parameters: {'max_depth': 8, 'min_samples_split': 2, 'min_samples_leaf': 1, 'class_weight': 'balanced'}. Best is trial 10 with value: 1.0.
2024-12-10 14:53:39,550 - INFO - Trial 74 finished with value: 1.0 and parameters: {'max_depth': 12, 'min_samples_split': 4, 'min_samples_leaf': 1, 'class_weight': 'balanced'}. Best is trial 10 with value: 1.0.
2024-12-10 14:53:39,588 - INFO - Trial 75 finished with value: 0.9895833333333334 and parameters: {'max_depth': 14, 'min_samples_split': 5, 'min_samples_leaf': 1, 'class_weight': 'balanced'}. Best is trial 10 with value: 1.0.
2024-12-10 14:53:39,624 - INFO - Trial 76 finished with value: 1.0 and parameters: {'max_depth': 13, 'min_samples_split': 4, 'min_samples_leaf': 1, 'class_weight': 'balanced'}. Best is trial 10 with value: 1.0.
2024-12-10 14:53:39,659 - INFO - Trial 77 finished with value: 0.9949377571191965 and parameters: {'max_depth': 16, 'min_samples_split': 4, 'min_samples_leaf': 1, 'class_weight': 'balanced'}. Best is trial 10 with value: 1.0.
2024-12-10 14:53:39,698 - INFO - Trial 78 finished with value: 0.9895833333333334 and parameters: {'max_depth': 12, 'min_samples_split': 4, 'min_samples_leaf': 1, 'class_weight': 'balanced'}. Best is trial 10 with value: 1.0.
2024-12-10 14:53:39,733 - INFO - Trial 79 finished with value: 0.9946251129177958 and parameters: {'max_depth': 13, 'min_samples_split': 4, 'min_samples_leaf': 1, 'class_weight': 'balanced'}. Best is trial 10 with value: 1.0.
2024-12-10 14:53:39,787 - INFO - Trial 80 finished with value: 0.9946251129177958 and parameters: {'max_depth': 10, 'min_samples_split': 5, 'min_samples_leaf': 1, 'class_weight': 'balanced'}. Best is trial 10 with value: 1.0.
2024-12-10 14:53:39,823 - INFO - Trial 81 finished with value: 0.9949377571191965 and parameters: {'max_depth': 13, 'min_samples_split': 5, 'min_samples_leaf': 1, 'class_weight': 'balanced'}. Best is trial 10 with value: 1.0.
2024-12-10 14:53:39,856 - INFO - Trial 82 finished with value: 0.9838753387533877 and parameters: {'max_depth': 14, 'min_samples_split': 4, 'min_samples_leaf': 1, 'class_weight': None}. Best is trial 10 with value: 1.0.
2024-12-10 14:53:39,894 - INFO - Trial 83 finished with value: 0.9895833333333334 and parameters: {'max_depth': 11, 'min_samples_split': 3, 'min_samples_leaf': 1, 'class_weight': None}. Best is trial 10 with value: 1.0.
2024-12-10 14:53:39,934 - INFO - Trial 84 finished with value: 0.9895833333333334 and parameters: {'max_depth': 12, 'min_samples_split': 8, 'min_samples_leaf': 1, 'class_weight': 'balanced'}. Best is trial 10 with value: 1.0.
2024-12-10 14:53:39,971 - INFO - Trial 85 finished with value: 0.9895833333333334 and parameters: {'max_depth': 13, 'min_samples_split': 4, 'min_samples_leaf': 1, 'class_weight': None}. Best is trial 10 with value: 1.0.
2024-12-10 14:53:40,005 - INFO - Trial 86 finished with value: 0.9949377571191965 and parameters: {'max_depth': 11, 'min_samples_split': 6, 'min_samples_leaf': 1, 'class_weight': None}. Best is trial 10 with value: 1.0.
2024-12-10 14:53:40,042 - INFO - Trial 87 finished with value: 0.9946251129177958 and parameters: {'max_depth': 15, 'min_samples_split': 4, 'min_samples_leaf': 1, 'class_weight': 'balanced'}. Best is trial 10 with value: 1.0.
2024-12-10 14:53:40,077 - INFO - Trial 88 finished with value: 0.9895833333333334 and parameters: {'max_depth': 9, 'min_samples_split': 5, 'min_samples_leaf': 1, 'class_weight': None}. Best is trial 10 with value: 1.0.
2024-12-10 14:53:40,111 - INFO - Trial 89 finished with value: 0.9895833333333334 and parameters: {'max_depth': 14, 'min_samples_split': 8, 'min_samples_leaf': 1, 'class_weight': None}. Best is trial 10 with value: 1.0.
2024-12-10 14:53:40,149 - INFO - Trial 90 finished with value: 0.9946251129177958 and parameters: {'max_depth': 12, 'min_samples_split': 3, 'min_samples_leaf': 2, 'class_weight': 'balanced'}. Best is trial 10 with value: 1.0.
2024-12-10 14:53:40,188 - INFO - Trial 91 finished with value: 0.9946251129177958 and parameters: {'max_depth': 10, 'min_samples_split': 2, 'min_samples_leaf': 1, 'class_weight': 'balanced'}. Best is trial 10 with value: 1.0.
2024-12-10 14:53:40,227 - INFO - Trial 92 finished with value: 0.9949377571191965 and parameters: {'max_depth': 13, 'min_samples_split': 3, 'min_samples_leaf': 1, 'class_weight': 'balanced'}. Best is trial 10 with value: 1.0.
2024-12-10 14:53:40,262 - INFO - Trial 93 finished with value: 0.9949377571191965 and parameters: {'max_depth': 12, 'min_samples_split': 3, 'min_samples_leaf': 1, 'class_weight': 'balanced'}. Best is trial 10 with value: 1.0.
2024-12-10 14:53:40,301 - INFO - Trial 94 finished with value: 0.9946251129177958 and parameters: {'max_depth': 11, 'min_samples_split': 4, 'min_samples_leaf': 3, 'class_weight': 'balanced'}. Best is trial 10 with value: 1.0.
2024-12-10 14:53:40,336 - INFO - Trial 95 finished with value: 0.9895833333333334 and parameters: {'max_depth': 14, 'min_samples_split': 6, 'min_samples_leaf': 1, 'class_weight': None}. Best is trial 10 with value: 1.0.
2024-12-10 14:53:40,371 - INFO - Trial 96 finished with value: 0.9946251129177958 and parameters: {'max_depth': 13, 'min_samples_split': 7, 'min_samples_leaf': 1, 'class_weight': None}. Best is trial 10 with value: 1.0.
2024-12-10 14:53:40,409 - INFO - Trial 97 finished with value: 0.9838753387533877 and parameters: {'max_depth': 10, 'min_samples_split': 5, 'min_samples_leaf': 1, 'class_weight': 'balanced'}. Best is trial 10 with value: 1.0.
2024-12-10 14:53:40,481 - INFO - Trial 98 finished with value: 0.9895833333333334 and parameters: {'max_depth': 11, 'min_samples_split': 8, 'min_samples_leaf': 4, 'class_weight': None}. Best is trial 10 with value: 1.0.
2024-12-10 14:53:40,519 - INFO - Trial 99 finished with value: 0.9895833333333334 and parameters: {'max_depth': 12, 'min_samples_split': 9, 'min_samples_leaf': 1, 'class_weight': None}. Best is trial 10 with value: 1.0.
2024-12-10 14:53:40,727 - INFO - A new study created in memory with name: no-name-287260be-ecf5-483f-abd8-07469b6d0b01
2024-12-10 14:53:42,683 - INFO - Trial 0 finished with value: 0.9946251129177958 and parameters: {'n_estimators': 145, 'max_depth': 18, 'learning_rate': 0.07265507852806864, 'subsample': 0.7437573907576643, 'colsample_bytree': 0.6606815407646468, 'scale_pos_weight': 1.619172209278974}. Best is trial 0 with value: 0.9946251129177958.
2024-12-10 14:53:42,737 - INFO - Trial 1 finished with value: 1.0 and parameters: {'n_estimators': 54, 'max_depth': 17, 'learning_rate': 0.1829225924082449, 'subsample': 0.5341958517393988, 'colsample_bytree': 0.65130551895793, 'scale_pos_weight': 1.0086979229977955}. Best is trial 1 with value: 1.0.
2024-12-10 14:53:42,865 - INFO - Trial 2 finished with value: 0.9946251129177958 and parameters: {'n_estimators': 223, 'max_depth': 12, 'learning_rate': 0.14375027587406924, 'subsample': 0.6134555383957687, 'colsample_bytree': 0.7860513706864798, 'scale_pos_weight': 1.8753936689074198}. Best is trial 1 with value: 1.0.
2024-12-10 14:53:42,975 - INFO - Trial 3 finished with value: 0.9946251129177958 and parameters: {'n_estimators': 251, 'max_depth': 11, 'learning_rate': 0.1633078709293528, 'subsample': 0.6193101260676092, 'colsample_bytree': 0.546992094467721, 'scale_pos_weight': 0.948373238492562}. Best is trial 1 with value: 1.0.
2024-12-10 14:53:43,078 - INFO - Trial 4 finished with value: 1.0 and parameters: {'n_estimators': 233, 'max_depth': 13, 'learning_rate': 0.18116178618505346, 'subsample': 0.59070454576581, 'colsample_bytree': 0.8527711558789048, 'scale_pos_weight': 0.5735028238974427}. Best is trial 1 with value: 1.0.
2024-12-10 14:53:43,134 - INFO - Trial 5 finished with value: 0.99013357619915 and parameters: {'n_estimators': 69, 'max_depth': 17, 'learning_rate': 0.027104967920095327, 'subsample': 0.9860877939914274, 'colsample_bytree': 0.5020351211001177, 'scale_pos_weight': 0.8314931519498658}. Best is trial 1 with value: 1.0.
2024-12-10 14:53:43,229 - INFO - Trial 6 finished with value: 1.0 and parameters: {'n_estimators': 153, 'max_depth': 6, 'learning_rate': 0.050667691374681426, 'subsample': 0.7061823841725074, 'colsample_bytree': 0.5917916292420032, 'scale_pos_weight': 0.8362568076054386}. Best is trial 1 with value: 1.0.
2024-12-10 14:53:43,392 - INFO - Trial 7 finished with value: 0.9946251129177958 and parameters: {'n_estimators': 254, 'max_depth': 10, 'learning_rate': 0.04179716885187261, 'subsample': 0.5893322389442524, 'colsample_bytree': 0.540167682297733, 'scale_pos_weight': 1.7552302397380692}. Best is trial 1 with value: 1.0.
2024-12-10 14:53:43,491 - INFO - Trial 8 finished with value: 0.9946251129177958 and parameters: {'n_estimators': 215, 'max_depth': 6, 'learning_rate': 0.12053303759637138, 'subsample': 0.5407327256206149, 'colsample_bytree': 0.6853162375221159, 'scale_pos_weight': 0.7701881383125908}. Best is trial 1 with value: 1.0.
2024-12-10 14:53:43,535 - INFO - Trial 9 finished with value: 1.0 and parameters: {'n_estimators': 51, 'max_depth': 4, 'learning_rate': 0.08082060558558718, 'subsample': 0.7832378828538823, 'colsample_bytree': 0.7855201418624611, 'scale_pos_weight': 1.6230648958696579}. Best is trial 1 with value: 1.0.
2024-12-10 14:53:43,615 - INFO - Trial 10 finished with value: 1.0 and parameters: {'n_estimators': 105, 'max_depth': 20, 'learning_rate': 0.2901973593487269, 'subsample': 0.8795727903779555, 'colsample_bytree': 0.9947604763217288, 'scale_pos_weight': 1.2538861326123918}. Best is trial 1 with value: 1.0.
2024-12-10 14:53:43,718 - INFO - Trial 11 finished with value: 0.9946251129177958 and parameters: {'n_estimators': 183, 'max_depth': 15, 'learning_rate': 0.21775800113621355, 'subsample': 0.5091705120055203, 'colsample_bytree': 0.8975358882863793, 'scale_pos_weight': 0.5415370561584681}. Best is trial 1 with value: 1.0.
2024-12-10 14:53:43,862 - INFO - Trial 12 finished with value: 0.9946251129177958 and parameters: {'n_estimators': 295, 'max_depth': 14, 'learning_rate': 0.20682232649705712, 'subsample': 0.6531720445213225, 'colsample_bytree': 0.8577490897233429, 'scale_pos_weight': 1.1930432399829405}. Best is trial 1 with value: 1.0.
2024-12-10 14:53:43,945 - INFO - Trial 13 finished with value: 0.9946251129177958 and parameters: {'n_estimators': 120, 'max_depth': 15, 'learning_rate': 0.2136094802937411, 'subsample': 0.5118265743807229, 'colsample_bytree': 0.6948599650746359, 'scale_pos_weight': 0.5641797743890119}. Best is trial 1 with value: 1.0.
2024-12-10 14:53:44,053 - INFO - Trial 14 finished with value: 0.9946251129177958 and parameters: {'n_estimators': 198, 'max_depth': 9, 'learning_rate': 0.2635172686474058, 'subsample': 0.6719782829097044, 'colsample_bytree': 0.8872870629225249, 'scale_pos_weight': 1.1585655590181185}. Best is trial 1 with value: 1.0.
2024-12-10 14:53:44,195 - INFO - Trial 15 finished with value: 0.9946251129177958 and parameters: {'n_estimators': 288, 'max_depth': 20, 'learning_rate': 0.17225293383305967, 'subsample': 0.5766414558303343, 'colsample_bytree': 0.9846755321792315, 'scale_pos_weight': 1.3930655954453}. Best is trial 1 with value: 1.0.
2024-12-10 14:53:44,285 - INFO - Trial 16 finished with value: 0.9946251129177958 and parameters: {'n_estimators': 93, 'max_depth': 13, 'learning_rate': 0.11122144553520986, 'subsample': 0.8103334163145364, 'colsample_bytree': 0.738179517633783, 'scale_pos_weight': 1.0129869483256477}. Best is trial 1 with value: 1.0.
2024-12-10 14:53:44,384 - INFO - Trial 17 finished with value: 0.9946251129177958 and parameters: {'n_estimators': 164, 'max_depth': 16, 'learning_rate': 0.23916112503131481, 'subsample': 0.551739267801104, 'colsample_bytree': 0.8382716861597537, 'scale_pos_weight': 0.6994096987666558}. Best is trial 1 with value: 1.0.
2024-12-10 14:53:44,510 - INFO - Trial 18 finished with value: 0.9946251129177958 and parameters: {'n_estimators': 253, 'max_depth': 18, 'learning_rate': 0.18374753398386834, 'subsample': 0.6763965344535338, 'colsample_bytree': 0.6209875598286454, 'scale_pos_weight': 1.0167768915494924}. Best is trial 1 with value: 1.0.
2024-12-10 14:53:44,609 - INFO - Trial 19 finished with value: 0.9946251129177958 and parameters: {'n_estimators': 132, 'max_depth': 8, 'learning_rate': 0.13143276171980492, 'subsample': 0.8725803146416913, 'colsample_bytree': 0.9261123432592263, 'scale_pos_weight': 1.4199191891892842}. Best is trial 1 with value: 1.0.
2024-12-10 14:53:44,724 - INFO - Trial 20 finished with value: 0.9946251129177958 and parameters: {'n_estimators': 227, 'max_depth': 13, 'learning_rate': 0.24672425832535805, 'subsample': 0.6275137686363675, 'colsample_bytree': 0.7358710015055827, 'scale_pos_weight': 0.6229879130416551}. Best is trial 1 with value: 1.0.
2024-12-10 14:53:44,820 - INFO - Trial 21 finished with value: 0.9946251129177958 and parameters: {'n_estimators': 163, 'max_depth': 6, 'learning_rate': 0.1867900008512847, 'subsample': 0.700260060704395, 'colsample_bytree': 0.6264658381926268, 'scale_pos_weight': 0.8597659499843662}. Best is trial 1 with value: 1.0.
2024-12-10 14:53:44,894 - INFO - Trial 22 finished with value: 1.0 and parameters: {'n_estimators': 86, 'max_depth': 3, 'learning_rate': 0.08766491465747925, 'subsample': 0.7291255617616512, 'colsample_bytree': 0.5846222354835273, 'scale_pos_weight': 0.6934495860559466}. Best is trial 1 with value: 1.0.
2024-12-10 14:53:45,026 - INFO - Trial 23 finished with value: 0.99013357619915 and parameters: {'n_estimators': 191, 'max_depth': 7, 'learning_rate': 0.011551124897113726, 'subsample': 0.5596226834560479, 'colsample_bytree': 0.6129773469980436, 'scale_pos_weight': 0.9083658547138237}. Best is trial 1 with value: 1.0.
2024-12-10 14:53:45,120 - INFO - Trial 24 finished with value: 0.9946251129177958 and parameters: {'n_estimators': 146, 'max_depth': 11, 'learning_rate': 0.14442019040184872, 'subsample': 0.503122270923309, 'colsample_bytree': 0.7887900894307355, 'scale_pos_weight': 1.0473147772080824}. Best is trial 1 with value: 1.0.
2024-12-10 14:53:45,265 - INFO - Trial 25 finished with value: 1.0 and parameters: {'n_estimators': 271, 'max_depth': 9, 'learning_rate': 0.050731227778487584, 'subsample': 0.8153749279159801, 'colsample_bytree': 0.6635529743756069, 'scale_pos_weight': 0.5055641306352405}. Best is trial 1 with value: 1.0.
2024-12-10 14:53:45,329 - INFO - Trial 26 finished with value: 0.9946251129177958 and parameters: {'n_estimators': 57, 'max_depth': 5, 'learning_rate': 0.20131838339900648, 'subsample': 0.6998629291528518, 'colsample_bytree': 0.5595165389122448, 'scale_pos_weight': 0.7465310615728429}. Best is trial 1 with value: 1.0.
2024-12-10 14:53:45,448 - INFO - Trial 27 finished with value: 0.9946251129177958 and parameters: {'n_estimators': 203, 'max_depth': 18, 'learning_rate': 0.10106257734230169, 'subsample': 0.6095164458779289, 'colsample_bytree': 0.7061391330461206, 'scale_pos_weight': 1.098887211287291}. Best is trial 1 with value: 1.0.
2024-12-10 14:53:45,522 - INFO - Trial 28 finished with value: 0.9946251129177958 and parameters: {'n_estimators': 77, 'max_depth': 13, 'learning_rate': 0.15686576411771472, 'subsample': 0.634460121830183, 'colsample_bytree': 0.5079016984868631, 'scale_pos_weight': 1.325721647997588}. Best is trial 1 with value: 1.0.
2024-12-10 14:53:45,628 - INFO - Trial 29 finished with value: 1.0 and parameters: {'n_estimators': 141, 'max_depth': 17, 'learning_rate': 0.06201975883021689, 'subsample': 0.740278992389537, 'colsample_bytree': 0.6513046637737602, 'scale_pos_weight': 0.6337174707755893}. Best is trial 1 with value: 1.0.
2024-12-10 14:53:45,712 - INFO - Trial 30 finished with value: 0.9946251129177958 and parameters: {'n_estimators': 111, 'max_depth': 15, 'learning_rate': 0.17724801085976888, 'subsample': 0.5370379827436654, 'colsample_bytree': 0.8268643161499051, 'scale_pos_weight': 0.8143284924297916}. Best is trial 1 with value: 1.0.
2024-12-10 14:53:45,783 - INFO - Trial 31 finished with value: 0.9949377571191965 and parameters: {'n_estimators': 51, 'max_depth': 3, 'learning_rate': 0.0844669893808643, 'subsample': 0.7839500629847305, 'colsample_bytree': 0.7796932097181137, 'scale_pos_weight': 1.5607557880165868}. Best is trial 1 with value: 1.0.
2024-12-10 14:53:45,861 - INFO - Trial 32 finished with value: 1.0 and parameters: {'n_estimators': 73, 'max_depth': 4, 'learning_rate': 0.08031164861308995, 'subsample': 0.7660012621871336, 'colsample_bytree': 0.796090391896, 'scale_pos_weight': 1.889208298325351}. Best is trial 1 with value: 1.0.
2024-12-10 14:53:45,945 - INFO - Trial 33 finished with value: 0.9946251129177958 and parameters: {'n_estimators': 99, 'max_depth': 4, 'learning_rate': 0.137857985917275, 'subsample': 0.8873756001933704, 'colsample_bytree': 0.7643067815272497, 'scale_pos_weight': 1.6315502626300267}. Best is trial 1 with value: 1.0.
2024-12-10 14:53:46,111 - INFO - Trial 34 finished with value: 1.0 and parameters: {'n_estimators': 233, 'max_depth': 7, 'learning_rate': 0.0297111927749244, 'subsample': 0.8358169460965713, 'colsample_bytree': 0.8161710049998238, 'scale_pos_weight': 1.965052528403629}. Best is trial 1 with value: 1.0.
2024-12-10 14:53:46,183 - INFO - Trial 35 finished with value: 1.0 and parameters: {'n_estimators': 60, 'max_depth': 12, 'learning_rate': 0.06783423460275541, 'subsample': 0.947931245565037, 'colsample_bytree': 0.589187940622027, 'scale_pos_weight': 0.9402666878296888}. Best is trial 1 with value: 1.0.
2024-12-10 14:53:46,314 - INFO - Trial 36 finished with value: 0.9946251129177958 and parameters: {'n_estimators': 240, 'max_depth': 5, 'learning_rate': 0.10198659041105815, 'subsample': 0.5939537595690219, 'colsample_bytree': 0.7212898598589339, 'scale_pos_weight': 1.7115457952944975}. Best is trial 1 with value: 1.0.
2024-12-10 14:53:46,439 - INFO - Trial 37 finished with value: 0.9946251129177958 and parameters: {'n_estimators': 214, 'max_depth': 10, 'learning_rate': 0.15551423131279168, 'subsample': 0.7733282121420783, 'colsample_bytree': 0.8652453273563876, 'scale_pos_weight': 1.506088723326607}. Best is trial 1 with value: 1.0.
2024-12-10 14:53:46,565 - INFO - Trial 38 finished with value: 1.0 and parameters: {'n_estimators': 171, 'max_depth': 7, 'learning_rate': 0.053418936431848044, 'subsample': 0.7124196031395337, 'colsample_bytree': 0.936081036961903, 'scale_pos_weight': 0.8795687229466407}. Best is trial 1 with value: 1.0.
2024-12-10 14:53:46,718 - INFO - Trial 39 finished with value: 1.0 and parameters: {'n_estimators': 268, 'max_depth': 19, 'learning_rate': 0.03475098452727315, 'subsample': 0.6545110494753597, 'colsample_bytree': 0.6611612285625631, 'scale_pos_weight': 0.7860628570710195}. Best is trial 1 with value: 1.0.
2024-12-10 14:53:46,794 - INFO - Trial 40 finished with value: 0.9946251129177958 and parameters: {'n_estimators': 69, 'max_depth': 10, 'learning_rate': 0.12473611654916432, 'subsample': 0.5720721138476638, 'colsample_bytree': 0.5624568319116768, 'scale_pos_weight': 1.267522075265163}. Best is trial 1 with value: 1.0.
2024-12-10 14:53:46,880 - INFO - Trial 41 finished with value: 1.0 and parameters: {'n_estimators': 114, 'max_depth': 20, 'learning_rate': 0.2656996256585693, 'subsample': 0.9391306963917402, 'colsample_bytree': 0.9936836177015818, 'scale_pos_weight': 1.1162597254304774}. Best is trial 1 with value: 1.0.
2024-12-10 14:53:46,959 - INFO - Trial 42 finished with value: 1.0 and parameters: {'n_estimators': 98, 'max_depth': 19, 'learning_rate': 0.285066854559915, 'subsample': 0.8580701054495268, 'colsample_bytree': 0.9592123756424455, 'scale_pos_weight': 1.2033399144355685}. Best is trial 1 with value: 1.0.
2024-12-10 14:53:47,038 - INFO - Trial 43 finished with value: 0.9946251129177958 and parameters: {'n_estimators': 82, 'max_depth': 16, 'learning_rate': 0.22587748909625877, 'subsample': 0.930490983311928, 'colsample_bytree': 0.9207813968800762, 'scale_pos_weight': 1.2798521658715534}. Best is trial 1 with value: 1.0.
2024-12-10 14:53:47,134 - INFO - Trial 44 finished with value: 0.9946251129177958 and parameters: {'n_estimators': 130, 'max_depth': 17, 'learning_rate': 0.19503683071166225, 'subsample': 0.9101480164188662, 'colsample_bytree': 0.8914739634485546, 'scale_pos_weight': 1.7731060518544284}. Best is trial 1 with value: 1.0.
2024-12-10 14:53:47,238 - INFO - Trial 45 finished with value: 0.9946251129177958 and parameters: {'n_estimators': 153, 'max_depth': 19, 'learning_rate': 0.28046427300813354, 'subsample': 0.5253043840223249, 'colsample_bytree': 0.5247487646445872, 'scale_pos_weight': 1.3860886844721922}. Best is trial 1 with value: 1.0.
2024-12-10 14:53:47,308 - INFO - Trial 46 finished with value: 1.0 and parameters: {'n_estimators': 61, 'max_depth': 14, 'learning_rate': 0.22295005098614754, 'subsample': 0.8405499141046063, 'colsample_bytree': 0.8588898852859441, 'scale_pos_weight': 0.583378831244219}. Best is trial 1 with value: 1.0.
2024-12-10 14:53:47,411 - INFO - Trial 47 finished with value: 0.99013357619915 and parameters: {'n_estimators': 109, 'max_depth': 20, 'learning_rate': 0.013087722057553763, 'subsample': 0.6744021427712027, 'colsample_bytree': 0.7591168866068052, 'scale_pos_weight': 0.9651600294995922}. Best is trial 1 with value: 1.0.
