2024-12-10 15:32:08,958 - INFO - Trial 70 finished with value: 1.0 and parameters: {'n_estimators': 206, 'max_depth': 17, 'min_samples_split': 4, 'min_samples_leaf': 1, 'class_weight': 'balanced'}. Best is trial 1 with value: 1.0.
2024-12-10 15:32:09,449 - INFO - Trial 71 finished with value: 0.9946251129177958 and parameters: {'n_estimators': 237, 'max_depth': 20, 'min_samples_split': 6, 'min_samples_leaf': 1, 'class_weight': 'balanced'}. Best is trial 1 with value: 1.0.
2024-12-10 15:32:09,956 - INFO - Trial 72 finished with value: 1.0 and parameters: {'n_estimators': 247, 'max_depth': 10, 'min_samples_split': 3, 'min_samples_leaf': 1, 'class_weight': 'balanced'}. Best is trial 1 with value: 1.0.
2024-12-10 15:32:10,517 - INFO - Trial 73 finished with value: 1.0 and parameters: {'n_estimators': 278, 'max_depth': 18, 'min_samples_split': 3, 'min_samples_leaf': 1, 'class_weight': 'balanced'}. Best is trial 1 with value: 1.0.
2024-12-10 15:32:10,910 - INFO - Trial 74 finished with value: 0.9946251129177958 and parameters: {'n_estimators': 176, 'max_depth': 19, 'min_samples_split': 4, 'min_samples_leaf': 1, 'class_weight': 'balanced'}. Best is trial 1 with value: 1.0.
2024-12-10 15:32:11,366 - INFO - Trial 75 finished with value: 1.0 and parameters: {'n_estimators': 222, 'max_depth': 20, 'min_samples_split': 2, 'min_samples_leaf': 4, 'class_weight': 'balanced'}. Best is trial 1 with value: 1.0.
2024-12-10 15:32:11,906 - INFO - Trial 76 finished with value: 1.0 and parameters: {'n_estimators': 265, 'max_depth': 19, 'min_samples_split': 2, 'min_samples_leaf': 1, 'class_weight': None}. Best is trial 1 with value: 1.0.
2024-12-10 15:32:12,375 - INFO - Trial 77 finished with value: 1.0 and parameters: {'n_estimators': 231, 'max_depth': 17, 'min_samples_split': 3, 'min_samples_leaf': 2, 'class_weight': 'balanced'}. Best is trial 1 with value: 1.0.
2024-12-10 15:32:12,855 - INFO - Trial 78 finished with value: 1.0 and parameters: {'n_estimators': 211, 'max_depth': 16, 'min_samples_split': 5, 'min_samples_leaf': 3, 'class_weight': None}. Best is trial 1 with value: 1.0.
2024-12-10 15:32:13,196 - INFO - Trial 79 finished with value: 0.99013357619915 and parameters: {'n_estimators': 194, 'max_depth': 3, 'min_samples_split': 6, 'min_samples_leaf': 4, 'class_weight': 'balanced'}. Best is trial 1 with value: 1.0.
2024-12-10 15:32:13,606 - INFO - Trial 80 finished with value: 1.0 and parameters: {'n_estimators': 185, 'max_depth': 14, 'min_samples_split': 4, 'min_samples_leaf': 2, 'class_weight': None}. Best is trial 1 with value: 1.0.
2024-12-10 15:32:14,053 - INFO - Trial 81 finished with value: 1.0 and parameters: {'n_estimators': 222, 'max_depth': 13, 'min_samples_split': 5, 'min_samples_leaf': 2, 'class_weight': None}. Best is trial 1 with value: 1.0.
2024-12-10 15:32:14,570 - INFO - Trial 82 finished with value: 1.0 and parameters: {'n_estimators': 252, 'max_depth': 12, 'min_samples_split': 5, 'min_samples_leaf': 2, 'class_weight': None}. Best is trial 1 with value: 1.0.
2024-12-10 15:32:14,955 - INFO - Trial 83 finished with value: 1.0 and parameters: {'n_estimators': 170, 'max_depth': 15, 'min_samples_split': 4, 'min_samples_leaf': 2, 'class_weight': None}. Best is trial 1 with value: 1.0.
2024-12-10 15:32:15,440 - INFO - Trial 84 finished with value: 1.0 and parameters: {'n_estimators': 228, 'max_depth': 12, 'min_samples_split': 5, 'min_samples_leaf': 2, 'class_weight': None}. Best is trial 1 with value: 1.0.
2024-12-10 15:32:15,845 - INFO - Trial 85 finished with value: 1.0 and parameters: {'n_estimators': 200, 'max_depth': 11, 'min_samples_split': 7, 'min_samples_leaf': 3, 'class_weight': None}. Best is trial 1 with value: 1.0.
2024-12-10 15:32:16,364 - INFO - Trial 86 finished with value: 1.0 and parameters: {'n_estimators': 254, 'max_depth': 14, 'min_samples_split': 6, 'min_samples_leaf': 1, 'class_weight': 'balanced'}. Best is trial 1 with value: 1.0.
2024-12-10 15:32:16,826 - INFO - Trial 87 finished with value: 0.99013357619915 and parameters: {'n_estimators': 241, 'max_depth': 4, 'min_samples_split': 6, 'min_samples_leaf': 2, 'class_weight': None}. Best is trial 1 with value: 1.0.
2024-12-10 15:32:17,380 - INFO - Trial 88 finished with value: 1.0 and parameters: {'n_estimators': 278, 'max_depth': 13, 'min_samples_split': 10, 'min_samples_leaf': 4, 'class_weight': 'balanced'}. Best is trial 1 with value: 1.0.
2024-12-10 15:32:17,765 - INFO - Trial 89 finished with value: 1.0 and parameters: {'n_estimators': 179, 'max_depth': 15, 'min_samples_split': 4, 'min_samples_leaf': 2, 'class_weight': None}. Best is trial 1 with value: 1.0.
2024-12-10 15:32:17,927 - INFO - Trial 90 finished with value: 1.0 and parameters: {'n_estimators': 70, 'max_depth': 14, 'min_samples_split': 9, 'min_samples_leaf': 3, 'class_weight': 'balanced'}. Best is trial 1 with value: 1.0.
2024-12-10 15:32:18,402 - INFO - Trial 91 finished with value: 0.9946251129177958 and parameters: {'n_estimators': 226, 'max_depth': 16, 'min_samples_split': 8, 'min_samples_leaf': 1, 'class_weight': 'balanced'}. Best is trial 1 with value: 1.0.
2024-12-10 15:32:18,859 - INFO - Trial 92 finished with value: 0.9946251129177958 and parameters: {'n_estimators': 216, 'max_depth': 17, 'min_samples_split': 7, 'min_samples_leaf': 1, 'class_weight': 'balanced'}. Best is trial 1 with value: 1.0.
2024-12-10 15:32:19,285 - INFO - Trial 93 finished with value: 1.0 and parameters: {'n_estimators': 207, 'max_depth': 18, 'min_samples_split': 8, 'min_samples_leaf': 1, 'class_weight': 'balanced'}. Best is trial 1 with value: 1.0.
2024-12-10 15:32:19,625 - INFO - Trial 94 finished with value: 1.0 and parameters: {'n_estimators': 109, 'max_depth': 19, 'min_samples_split': 9, 'min_samples_leaf': 1, 'class_weight': 'balanced'}. Best is trial 1 with value: 1.0.
2024-12-10 15:32:20,010 - INFO - Trial 95 finished with value: 0.99013357619915 and parameters: {'n_estimators': 191, 'max_depth': 9, 'min_samples_split': 8, 'min_samples_leaf': 1, 'class_weight': 'balanced'}. Best is trial 1 with value: 1.0.
2024-12-10 15:32:20,460 - INFO - Trial 96 finished with value: 1.0 and parameters: {'n_estimators': 145, 'max_depth': 18, 'min_samples_split': 3, 'min_samples_leaf': 2, 'class_weight': None}. Best is trial 1 with value: 1.0.
2024-12-10 15:32:20,825 - INFO - Trial 97 finished with value: 1.0 and parameters: {'n_estimators': 159, 'max_depth': 15, 'min_samples_split': 10, 'min_samples_leaf': 1, 'class_weight': 'balanced'}. Best is trial 1 with value: 1.0.
2024-12-10 15:32:21,430 - INFO - Trial 98 finished with value: 1.0 and parameters: {'n_estimators': 292, 'max_depth': 20, 'min_samples_split': 8, 'min_samples_leaf': 4, 'class_weight': None}. Best is trial 1 with value: 1.0.
2024-12-10 15:32:21,920 - INFO - Trial 99 finished with value: 1.0 and parameters: {'n_estimators': 241, 'max_depth': 16, 'min_samples_split': 5, 'min_samples_leaf': 3, 'class_weight': 'balanced'}. Best is trial 1 with value: 1.0.
2024-12-10 15:32:22,642 - INFO - A new study created in memory with name: no-name-ed6ce2ca-bd72-49bd-8fff-ec9b77961ba8
2024-12-10 15:32:22,665 - INFO - Trial 0 finished with value: 0.9895833333333334 and parameters: {'max_depth': 13, 'min_samples_split': 8, 'min_samples_leaf': 4, 'class_weight': None}. Best is trial 0 with value: 0.9895833333333334.
2024-12-10 15:32:22,688 - INFO - Trial 1 finished with value: 0.9895833333333334 and parameters: {'max_depth': 13, 'min_samples_split': 8, 'min_samples_leaf': 4, 'class_weight': None}. Best is trial 0 with value: 0.9895833333333334.
2024-12-10 15:32:22,717 - INFO - Trial 2 finished with value: 0.9888674388674389 and parameters: {'max_depth': 18, 'min_samples_split': 2, 'min_samples_leaf': 2, 'class_weight': 'balanced'}. Best is trial 0 with value: 0.9895833333333334.
2024-12-10 15:32:22,739 - INFO - Trial 3 finished with value: 0.99013357619915 and parameters: {'max_depth': 4, 'min_samples_split': 7, 'min_samples_leaf': 2, 'class_weight': 'balanced'}. Best is trial 3 with value: 0.99013357619915.
2024-12-10 15:32:22,765 - INFO - Trial 4 finished with value: 0.9895833333333334 and parameters: {'max_depth': 8, 'min_samples_split': 3, 'min_samples_leaf': 4, 'class_weight': 'balanced'}. Best is trial 3 with value: 0.99013357619915.
2024-12-10 15:32:22,790 - INFO - Trial 5 finished with value: 0.9895833333333334 and parameters: {'max_depth': 7, 'min_samples_split': 10, 'min_samples_leaf': 2, 'class_weight': 'balanced'}. Best is trial 3 with value: 0.99013357619915.
2024-12-10 15:32:22,815 - INFO - Trial 6 finished with value: 0.9895833333333334 and parameters: {'max_depth': 20, 'min_samples_split': 2, 'min_samples_leaf': 4, 'class_weight': None}. Best is trial 3 with value: 0.99013357619915.
2024-12-10 15:32:22,837 - INFO - Trial 7 finished with value: 0.9895833333333334 and parameters: {'max_depth': 10, 'min_samples_split': 4, 'min_samples_leaf': 2, 'class_weight': None}. Best is trial 3 with value: 0.99013357619915.
2024-12-10 15:32:22,859 - INFO - Trial 8 finished with value: 0.9895833333333334 and parameters: {'max_depth': 8, 'min_samples_split': 5, 'min_samples_leaf': 4, 'class_weight': 'balanced'}. Best is trial 3 with value: 0.99013357619915.
2024-12-10 15:32:22,886 - INFO - Trial 9 finished with value: 0.9838753387533877 and parameters: {'max_depth': 20, 'min_samples_split': 10, 'min_samples_leaf': 1, 'class_weight': 'balanced'}. Best is trial 3 with value: 0.99013357619915.
2024-12-10 15:32:22,915 - INFO - Trial 10 finished with value: 0.9802671523982999 and parameters: {'max_depth': 3, 'min_samples_split': 7, 'min_samples_leaf': 1, 'class_weight': 'balanced'}. Best is trial 3 with value: 0.99013357619915.
2024-12-10 15:32:22,948 - INFO - Trial 11 finished with value: 0.9946251129177958 and parameters: {'max_depth': 14, 'min_samples_split': 8, 'min_samples_leaf': 3, 'class_weight': None}. Best is trial 11 with value: 0.9946251129177958.
2024-12-10 15:32:22,981 - INFO - Trial 12 finished with value: 0.9895833333333334 and parameters: {'max_depth': 16, 'min_samples_split': 6, 'min_samples_leaf': 3, 'class_weight': None}. Best is trial 11 with value: 0.9946251129177958.
2024-12-10 15:32:23,011 - INFO - Trial 13 finished with value: 0.9802671523982999 and parameters: {'max_depth': 3, 'min_samples_split': 8, 'min_samples_leaf': 3, 'class_weight': None}. Best is trial 11 with value: 0.9946251129177958.
2024-12-10 15:32:23,046 - INFO - Trial 14 finished with value: 0.9946251129177958 and parameters: {'max_depth': 15, 'min_samples_split': 6, 'min_samples_leaf': 3, 'class_weight': 'balanced'}. Best is trial 11 with value: 0.9946251129177958.
2024-12-10 15:32:23,081 - INFO - Trial 15 finished with value: 0.9946251129177958 and parameters: {'max_depth': 16, 'min_samples_split': 5, 'min_samples_leaf': 3, 'class_weight': None}. Best is trial 11 with value: 0.9946251129177958.
2024-12-10 15:32:23,117 - INFO - Trial 16 finished with value: 0.9946251129177958 and parameters: {'max_depth': 15, 'min_samples_split': 9, 'min_samples_leaf': 3, 'class_weight': 'balanced'}. Best is trial 11 with value: 0.9946251129177958.
2024-12-10 15:32:23,151 - INFO - Trial 17 finished with value: 0.9946251129177958 and parameters: {'max_depth': 11, 'min_samples_split': 6, 'min_samples_leaf': 3, 'class_weight': None}. Best is trial 11 with value: 0.9946251129177958.
2024-12-10 15:32:23,188 - INFO - Trial 18 finished with value: 0.9946251129177958 and parameters: {'max_depth': 14, 'min_samples_split': 7, 'min_samples_leaf': 3, 'class_weight': 'balanced'}. Best is trial 11 with value: 0.9946251129177958.
2024-12-10 15:32:23,222 - INFO - Trial 19 finished with value: 0.9946251129177958 and parameters: {'max_depth': 18, 'min_samples_split': 5, 'min_samples_leaf': 2, 'class_weight': None}. Best is trial 11 with value: 0.9946251129177958.
2024-12-10 15:32:23,257 - INFO - Trial 20 finished with value: 0.9946251129177958 and parameters: {'max_depth': 12, 'min_samples_split': 9, 'min_samples_leaf': 3, 'class_weight': None}. Best is trial 11 with value: 0.9946251129177958.
2024-12-10 15:32:23,291 - INFO - Trial 21 finished with value: 0.9946251129177958 and parameters: {'max_depth': 17, 'min_samples_split': 5, 'min_samples_leaf': 3, 'class_weight': None}. Best is trial 11 with value: 0.9946251129177958.
2024-12-10 15:32:23,324 - INFO - Trial 22 finished with value: 0.9946251129177958 and parameters: {'max_depth': 15, 'min_samples_split': 4, 'min_samples_leaf': 3, 'class_weight': None}. Best is trial 11 with value: 0.9946251129177958.
2024-12-10 15:32:23,359 - INFO - Trial 23 finished with value: 0.9946251129177958 and parameters: {'max_depth': 16, 'min_samples_split': 6, 'min_samples_leaf': 3, 'class_weight': None}. Best is trial 11 with value: 0.9946251129177958.
2024-12-10 15:32:23,393 - INFO - Trial 24 finished with value: 0.9895833333333334 and parameters: {'max_depth': 18, 'min_samples_split': 5, 'min_samples_leaf': 2, 'class_weight': None}. Best is trial 11 with value: 0.9946251129177958.
2024-12-10 15:32:23,425 - INFO - Trial 25 finished with value: 0.9946251129177958 and parameters: {'max_depth': 14, 'min_samples_split': 4, 'min_samples_leaf': 3, 'class_weight': None}. Best is trial 11 with value: 0.9946251129177958.
2024-12-10 15:32:23,460 - INFO - Trial 26 finished with value: 0.9895833333333334 and parameters: {'max_depth': 10, 'min_samples_split': 7, 'min_samples_leaf': 4, 'class_weight': 'balanced'}. Best is trial 11 with value: 0.9946251129177958.
2024-12-10 15:32:23,495 - INFO - Trial 27 finished with value: 0.9946251129177958 and parameters: {'max_depth': 16, 'min_samples_split': 9, 'min_samples_leaf': 3, 'class_weight': None}. Best is trial 11 with value: 0.9946251129177958.
2024-12-10 15:32:23,532 - INFO - Trial 28 finished with value: 0.9946251129177958 and parameters: {'max_depth': 12, 'min_samples_split': 6, 'min_samples_leaf': 2, 'class_weight': 'balanced'}. Best is trial 11 with value: 0.9946251129177958.
2024-12-10 15:32:23,567 - INFO - Trial 29 finished with value: 0.9895833333333334 and parameters: {'max_depth': 14, 'min_samples_split': 8, 'min_samples_leaf': 4, 'class_weight': None}. Best is trial 11 with value: 0.9946251129177958.
2024-12-10 15:32:23,600 - INFO - Trial 30 finished with value: 0.9895833333333334 and parameters: {'max_depth': 19, 'min_samples_split': 7, 'min_samples_leaf': 4, 'class_weight': None}. Best is trial 11 with value: 0.9946251129177958.
2024-12-10 15:32:23,635 - INFO - Trial 31 finished with value: 0.9946251129177958 and parameters: {'max_depth': 15, 'min_samples_split': 9, 'min_samples_leaf': 3, 'class_weight': 'balanced'}. Best is trial 11 with value: 0.9946251129177958.
2024-12-10 15:32:23,673 - INFO - Trial 32 finished with value: 0.9895833333333334 and parameters: {'max_depth': 13, 'min_samples_split': 9, 'min_samples_leaf': 3, 'class_weight': 'balanced'}. Best is trial 11 with value: 0.9946251129177958.
2024-12-10 15:32:23,707 - INFO - Trial 33 finished with value: 0.9946251129177958 and parameters: {'max_depth': 17, 'min_samples_split': 8, 'min_samples_leaf': 3, 'class_weight': 'balanced'}. Best is trial 11 with value: 0.9946251129177958.
2024-12-10 15:32:23,742 - INFO - Trial 34 finished with value: 0.9946251129177958 and parameters: {'max_depth': 13, 'min_samples_split': 10, 'min_samples_leaf': 3, 'class_weight': 'balanced'}. Best is trial 11 with value: 0.9946251129177958.
2024-12-10 15:32:23,779 - INFO - Trial 35 finished with value: 0.9946251129177958 and parameters: {'max_depth': 15, 'min_samples_split': 6, 'min_samples_leaf': 2, 'class_weight': 'balanced'}. Best is trial 11 with value: 0.9946251129177958.
2024-12-10 15:32:23,816 - INFO - Trial 36 finished with value: 0.9895833333333334 and parameters: {'max_depth': 17, 'min_samples_split': 8, 'min_samples_leaf': 4, 'class_weight': 'balanced'}. Best is trial 11 with value: 0.9946251129177958.
2024-12-10 15:32:23,853 - INFO - Trial 37 finished with value: 0.9946251129177958 and parameters: {'max_depth': 14, 'min_samples_split': 3, 'min_samples_leaf': 3, 'class_weight': 'balanced'}. Best is trial 11 with value: 0.9946251129177958.
2024-12-10 15:32:23,887 - INFO - Trial 38 finished with value: 0.9946251129177958 and parameters: {'max_depth': 11, 'min_samples_split': 9, 'min_samples_leaf': 2, 'class_weight': None}. Best is trial 11 with value: 0.9946251129177958.
2024-12-10 15:32:23,922 - INFO - Trial 39 finished with value: 0.9895833333333334 and parameters: {'max_depth': 15, 'min_samples_split': 10, 'min_samples_leaf': 4, 'class_weight': 'balanced'}. Best is trial 11 with value: 0.9946251129177958.
2024-12-10 15:32:23,958 - INFO - Trial 40 finished with value: 0.9946251129177958 and parameters: {'max_depth': 19, 'min_samples_split': 4, 'min_samples_leaf': 3, 'class_weight': 'balanced'}. Best is trial 11 with value: 0.9946251129177958.
2024-12-10 15:32:23,998 - INFO - Trial 41 finished with value: 0.9946251129177958 and parameters: {'max_depth': 11, 'min_samples_split': 6, 'min_samples_leaf': 3, 'class_weight': None}. Best is trial 11 with value: 0.9946251129177958.
2024-12-10 15:32:24,031 - INFO - Trial 42 finished with value: 0.9946251129177958 and parameters: {'max_depth': 9, 'min_samples_split': 5, 'min_samples_leaf': 3, 'class_weight': None}. Best is trial 11 with value: 0.9946251129177958.
2024-12-10 15:32:24,065 - INFO - Trial 43 finished with value: 0.99013357619915 and parameters: {'max_depth': 5, 'min_samples_split': 7, 'min_samples_leaf': 3, 'class_weight': None}. Best is trial 11 with value: 0.9946251129177958.
2024-12-10 15:32:24,099 - INFO - Trial 44 finished with value: 0.9946251129177958 and parameters: {'max_depth': 13, 'min_samples_split': 6, 'min_samples_leaf': 3, 'class_weight': None}. Best is trial 11 with value: 0.9946251129177958.
2024-12-10 15:32:24,134 - INFO - Trial 45 finished with value: 0.9888674388674389 and parameters: {'max_depth': 12, 'min_samples_split': 7, 'min_samples_leaf': 2, 'class_weight': None}. Best is trial 11 with value: 0.9946251129177958.
2024-12-10 15:32:24,169 - INFO - Trial 46 finished with value: 0.9946251129177958 and parameters: {'max_depth': 10, 'min_samples_split': 5, 'min_samples_leaf': 3, 'class_weight': None}. Best is trial 11 with value: 0.9946251129177958.
2024-12-10 15:32:24,206 - INFO - Trial 47 finished with value: 0.9895833333333334 and parameters: {'max_depth': 16, 'min_samples_split': 3, 'min_samples_leaf': 4, 'class_weight': 'balanced'}. Best is trial 11 with value: 0.9946251129177958.
2024-12-10 15:32:24,242 - INFO - Trial 48 finished with value: 0.9895833333333334 and parameters: {'max_depth': 7, 'min_samples_split': 6, 'min_samples_leaf': 3, 'class_weight': None}. Best is trial 11 with value: 0.9946251129177958.
2024-12-10 15:32:24,278 - INFO - Trial 49 finished with value: 0.9949377571191965 and parameters: {'max_depth': 14, 'min_samples_split': 8, 'min_samples_leaf': 1, 'class_weight': None}. Best is trial 49 with value: 0.9949377571191965.
2024-12-10 15:32:24,315 - INFO - Trial 50 finished with value: 0.9895833333333334 and parameters: {'max_depth': 14, 'min_samples_split': 8, 'min_samples_leaf': 1, 'class_weight': 'balanced'}. Best is trial 49 with value: 0.9949377571191965.
2024-12-10 15:32:24,349 - INFO - Trial 51 finished with value: 0.9946251129177958 and parameters: {'max_depth': 15, 'min_samples_split': 8, 'min_samples_leaf': 1, 'class_weight': None}. Best is trial 49 with value: 0.9949377571191965.
2024-12-10 15:32:24,388 - INFO - Trial 52 finished with value: 0.9949377571191965 and parameters: {'max_depth': 13, 'min_samples_split': 7, 'min_samples_leaf': 1, 'class_weight': None}. Best is trial 49 with value: 0.9949377571191965.
2024-12-10 15:32:24,422 - INFO - Trial 53 finished with value: 1.0 and parameters: {'max_depth': 13, 'min_samples_split': 8, 'min_samples_leaf': 1, 'class_weight': None}. Best is trial 53 with value: 1.0.
2024-12-10 15:32:24,459 - INFO - Trial 54 finished with value: 0.9838753387533877 and parameters: {'max_depth': 13, 'min_samples_split': 7, 'min_samples_leaf': 1, 'class_weight': None}. Best is trial 53 with value: 1.0.
2024-12-10 15:32:24,498 - INFO - Trial 55 finished with value: 0.9895833333333334 and parameters: {'max_depth': 12, 'min_samples_split': 8, 'min_samples_leaf': 1, 'class_weight': None}. Best is trial 53 with value: 1.0.
2024-12-10 15:32:24,533 - INFO - Trial 56 finished with value: 1.0 and parameters: {'max_depth': 14, 'min_samples_split': 7, 'min_samples_leaf': 1, 'class_weight': None}. Best is trial 53 with value: 1.0.
2024-12-10 15:32:24,573 - INFO - Trial 57 finished with value: 1.0 and parameters: {'max_depth': 14, 'min_samples_split': 7, 'min_samples_leaf': 1, 'class_weight': None}. Best is trial 53 with value: 1.0.
2024-12-10 15:32:24,608 - INFO - Trial 58 finished with value: 1.0 and parameters: {'max_depth': 14, 'min_samples_split': 7, 'min_samples_leaf': 1, 'class_weight': None}. Best is trial 53 with value: 1.0.
2024-12-10 15:32:24,643 - INFO - Trial 59 finished with value: 0.9949377571191965 and parameters: {'max_depth': 13, 'min_samples_split': 7, 'min_samples_leaf': 1, 'class_weight': None}. Best is trial 53 with value: 1.0.
2024-12-10 15:32:24,679 - INFO - Trial 60 finished with value: 1.0 and parameters: {'max_depth': 14, 'min_samples_split': 7, 'min_samples_leaf': 1, 'class_weight': None}. Best is trial 53 with value: 1.0.
2024-12-10 15:32:24,714 - INFO - Trial 61 finished with value: 1.0 and parameters: {'max_depth': 14, 'min_samples_split': 7, 'min_samples_leaf': 1, 'class_weight': None}. Best is trial 53 with value: 1.0.
2024-12-10 15:32:24,749 - INFO - Trial 62 finished with value: 0.9838753387533877 and parameters: {'max_depth': 14, 'min_samples_split': 7, 'min_samples_leaf': 1, 'class_weight': None}. Best is trial 53 with value: 1.0.
2024-12-10 15:32:24,786 - INFO - Trial 63 finished with value: 0.9895833333333334 and parameters: {'max_depth': 12, 'min_samples_split': 8, 'min_samples_leaf': 1, 'class_weight': None}. Best is trial 53 with value: 1.0.
