2024-12-10 14:47:26,752 - INFO - Trial 26 finished with value: 0.9895833333333334 and parameters: {'max_depth': 12, 'min_samples_split': 5, 'min_samples_leaf': 4, 'class_weight': None}. Best is trial 2 with value: 0.9946251129177958.
2024-12-10 14:47:26,805 - INFO - Trial 27 finished with value: 0.9888674388674389 and parameters: {'max_depth': 16, 'min_samples_split': 4, 'min_samples_leaf': 2, 'class_weight': None}. Best is trial 2 with value: 0.9946251129177958.
2024-12-10 14:47:26,861 - INFO - Trial 28 finished with value: 0.9946251129177958 and parameters: {'max_depth': 19, 'min_samples_split': 2, 'min_samples_leaf': 1, 'class_weight': 'balanced'}. Best is trial 2 with value: 0.9946251129177958.
2024-12-10 14:47:26,915 - INFO - Trial 29 finished with value: 0.9888674388674389 and parameters: {'max_depth': 14, 'min_samples_split': 6, 'min_samples_leaf': 1, 'class_weight': 'balanced'}. Best is trial 2 with value: 0.9946251129177958.
2024-12-10 14:47:26,965 - INFO - Trial 30 finished with value: 0.9946251129177958 and parameters: {'max_depth': 14, 'min_samples_split': 3, 'min_samples_leaf': 3, 'class_weight': None}. Best is trial 2 with value: 0.9946251129177958.
2024-12-10 14:47:27,014 - INFO - Trial 31 finished with value: 0.9946251129177958 and parameters: {'max_depth': 18, 'min_samples_split': 6, 'min_samples_leaf': 2, 'class_weight': None}. Best is trial 2 with value: 0.9946251129177958.
2024-12-10 14:47:27,064 - INFO - Trial 32 finished with value: 0.9895833333333334 and parameters: {'max_depth': 17, 'min_samples_split': 7, 'min_samples_leaf': 2, 'class_weight': None}. Best is trial 2 with value: 0.9946251129177958.
2024-12-10 14:47:27,114 - INFO - Trial 33 finished with value: 0.9888674388674389 and parameters: {'max_depth': 15, 'min_samples_split': 5, 'min_samples_leaf': 2, 'class_weight': None}. Best is trial 2 with value: 0.9946251129177958.
2024-12-10 14:47:27,163 - INFO - Trial 34 finished with value: 0.9946251129177958 and parameters: {'max_depth': 17, 'min_samples_split': 6, 'min_samples_leaf': 3, 'class_weight': None}. Best is trial 2 with value: 0.9946251129177958.
2024-12-10 14:47:27,211 - INFO - Trial 35 finished with value: 0.9946251129177958 and parameters: {'max_depth': 19, 'min_samples_split': 9, 'min_samples_leaf': 2, 'class_weight': None}. Best is trial 2 with value: 0.9946251129177958.
2024-12-10 14:47:27,263 - INFO - Trial 36 finished with value: 0.9895833333333334 and parameters: {'max_depth': 9, 'min_samples_split': 7, 'min_samples_leaf': 3, 'class_weight': None}. Best is trial 2 with value: 0.9946251129177958.
2024-12-10 14:47:27,314 - INFO - Trial 37 finished with value: 0.9838753387533877 and parameters: {'max_depth': 13, 'min_samples_split': 3, 'min_samples_leaf': 2, 'class_weight': 'balanced'}. Best is trial 2 with value: 0.9946251129177958.
2024-12-10 14:47:27,364 - INFO - Trial 38 finished with value: 0.99013357619915 and parameters: {'max_depth': 5, 'min_samples_split': 2, 'min_samples_leaf': 3, 'class_weight': None}. Best is trial 2 with value: 0.9946251129177958.
2024-12-10 14:47:27,417 - INFO - Trial 39 finished with value: 0.9895833333333334 and parameters: {'max_depth': 17, 'min_samples_split': 8, 'min_samples_leaf': 1, 'class_weight': 'balanced'}. Best is trial 2 with value: 0.9946251129177958.
2024-12-10 14:47:27,467 - INFO - Trial 40 finished with value: 0.9888674388674389 and parameters: {'max_depth': 19, 'min_samples_split': 4, 'min_samples_leaf': 2, 'class_weight': None}. Best is trial 2 with value: 0.9946251129177958.
2024-12-10 14:47:27,521 - INFO - Trial 41 finished with value: 0.9949377571191965 and parameters: {'max_depth': 10, 'min_samples_split': 6, 'min_samples_leaf': 1, 'class_weight': 'balanced'}. Best is trial 41 with value: 0.9949377571191965.
2024-12-10 14:47:27,579 - INFO - Trial 42 finished with value: 0.9895833333333334 and parameters: {'max_depth': 10, 'min_samples_split': 5, 'min_samples_leaf': 1, 'class_weight': 'balanced'}. Best is trial 41 with value: 0.9949377571191965.
2024-12-10 14:47:27,635 - INFO - Trial 43 finished with value: 0.9838753387533877 and parameters: {'max_depth': 11, 'min_samples_split': 7, 'min_samples_leaf': 1, 'class_weight': 'balanced'}. Best is trial 41 with value: 0.9949377571191965.
2024-12-10 14:47:27,687 - INFO - Trial 44 finished with value: 0.9895833333333334 and parameters: {'max_depth': 8, 'min_samples_split': 6, 'min_samples_leaf': 3, 'class_weight': 'balanced'}. Best is trial 41 with value: 0.9949377571191965.
2024-12-10 14:47:27,744 - INFO - Trial 45 finished with value: 0.9838753387533877 and parameters: {'max_depth': 9, 'min_samples_split': 5, 'min_samples_leaf': 1, 'class_weight': 'balanced'}. Best is trial 41 with value: 0.9949377571191965.
2024-12-10 14:47:27,798 - INFO - Trial 46 finished with value: 0.9838753387533877 and parameters: {'max_depth': 7, 'min_samples_split': 7, 'min_samples_leaf': 2, 'class_weight': 'balanced'}. Best is trial 41 with value: 0.9949377571191965.
2024-12-10 14:47:27,851 - INFO - Trial 47 finished with value: 0.9895833333333334 and parameters: {'max_depth': 12, 'min_samples_split': 6, 'min_samples_leaf': 4, 'class_weight': 'balanced'}. Best is trial 41 with value: 0.9949377571191965.
2024-12-10 14:47:27,904 - INFO - Trial 48 finished with value: 0.9895833333333334 and parameters: {'max_depth': 13, 'min_samples_split': 9, 'min_samples_leaf': 3, 'class_weight': None}. Best is trial 41 with value: 0.9949377571191965.
2024-12-10 14:47:27,959 - INFO - Trial 49 finished with value: 0.9949377571191965 and parameters: {'max_depth': 11, 'min_samples_split': 4, 'min_samples_leaf': 1, 'class_weight': 'balanced'}. Best is trial 41 with value: 0.9949377571191965.
2024-12-10 14:47:28,016 - INFO - Trial 50 finished with value: 0.9946251129177958 and parameters: {'max_depth': 11, 'min_samples_split': 4, 'min_samples_leaf': 1, 'class_weight': 'balanced'}. Best is trial 41 with value: 0.9949377571191965.
2024-12-10 14:47:28,075 - INFO - Trial 51 finished with value: 0.9895833333333334 and parameters: {'max_depth': 9, 'min_samples_split': 4, 'min_samples_leaf': 1, 'class_weight': 'balanced'}. Best is trial 41 with value: 0.9949377571191965.
2024-12-10 14:47:28,133 - INFO - Trial 52 finished with value: 0.9946251129177958 and parameters: {'max_depth': 11, 'min_samples_split': 5, 'min_samples_leaf': 1, 'class_weight': 'balanced'}. Best is trial 41 with value: 0.9949377571191965.
2024-12-10 14:47:28,190 - INFO - Trial 53 finished with value: 0.9949377571191965 and parameters: {'max_depth': 13, 'min_samples_split': 3, 'min_samples_leaf': 1, 'class_weight': 'balanced'}. Best is trial 41 with value: 0.9949377571191965.
2024-12-10 14:47:28,244 - INFO - Trial 54 finished with value: 1.0 and parameters: {'max_depth': 10, 'min_samples_split': 3, 'min_samples_leaf': 1, 'class_weight': 'balanced'}. Best is trial 54 with value: 1.0.
2024-12-10 14:47:28,303 - INFO - Trial 55 finished with value: 0.9895833333333334 and parameters: {'max_depth': 10, 'min_samples_split': 2, 'min_samples_leaf': 1, 'class_weight': 'balanced'}. Best is trial 54 with value: 1.0.
2024-12-10 14:47:28,359 - INFO - Trial 56 finished with value: 0.99013357619915 and parameters: {'max_depth': 8, 'min_samples_split': 3, 'min_samples_leaf': 1, 'class_weight': 'balanced'}. Best is trial 54 with value: 1.0.
2024-12-10 14:47:28,410 - INFO - Trial 57 finished with value: 0.9895833333333334 and parameters: {'max_depth': 12, 'min_samples_split': 3, 'min_samples_leaf': 1, 'class_weight': 'balanced'}. Best is trial 54 with value: 1.0.
2024-12-10 14:47:28,469 - INFO - Trial 58 finished with value: 0.9949377571191965 and parameters: {'max_depth': 15, 'min_samples_split': 3, 'min_samples_leaf': 1, 'class_weight': 'balanced'}. Best is trial 54 with value: 1.0.
2024-12-10 14:47:28,528 - INFO - Trial 59 finished with value: 0.9949377571191965 and parameters: {'max_depth': 15, 'min_samples_split': 2, 'min_samples_leaf': 1, 'class_weight': 'balanced'}. Best is trial 54 with value: 1.0.
2024-12-10 14:47:28,581 - INFO - Trial 60 finished with value: 0.9895833333333334 and parameters: {'max_depth': 15, 'min_samples_split': 2, 'min_samples_leaf': 1, 'class_weight': 'balanced'}. Best is trial 54 with value: 1.0.
2024-12-10 14:47:28,638 - INFO - Trial 61 finished with value: 1.0 and parameters: {'max_depth': 13, 'min_samples_split': 3, 'min_samples_leaf': 1, 'class_weight': 'balanced'}. Best is trial 54 with value: 1.0.
2024-12-10 14:47:28,700 - INFO - Trial 62 finished with value: 1.0 and parameters: {'max_depth': 13, 'min_samples_split': 2, 'min_samples_leaf': 1, 'class_weight': 'balanced'}. Best is trial 54 with value: 1.0.
2024-12-10 14:47:28,776 - INFO - Trial 63 finished with value: 0.9949377571191965 and parameters: {'max_depth': 13, 'min_samples_split': 3, 'min_samples_leaf': 1, 'class_weight': 'balanced'}. Best is trial 54 with value: 1.0.
2024-12-10 14:47:28,847 - INFO - Trial 64 finished with value: 1.0 and parameters: {'max_depth': 13, 'min_samples_split': 3, 'min_samples_leaf': 1, 'class_weight': 'balanced'}. Best is trial 54 with value: 1.0.
2024-12-10 14:47:28,909 - INFO - Trial 65 finished with value: 0.9888674388674389 and parameters: {'max_depth': 13, 'min_samples_split': 3, 'min_samples_leaf': 1, 'class_weight': 'balanced'}. Best is trial 54 with value: 1.0.
2024-12-10 14:47:28,966 - INFO - Trial 66 finished with value: 0.9888674388674389 and parameters: {'max_depth': 12, 'min_samples_split': 2, 'min_samples_leaf': 1, 'class_weight': 'balanced'}. Best is trial 54 with value: 1.0.
2024-12-10 14:47:29,021 - INFO - Trial 67 finished with value: 0.9946251129177958 and parameters: {'max_depth': 13, 'min_samples_split': 4, 'min_samples_leaf': 1, 'class_weight': 'balanced'}. Best is trial 54 with value: 1.0.
2024-12-10 14:47:29,079 - INFO - Trial 68 finished with value: 1.0 and parameters: {'max_depth': 14, 'min_samples_split': 2, 'min_samples_leaf': 1, 'class_weight': 'balanced'}. Best is trial 54 with value: 1.0.
2024-12-10 14:47:29,132 - INFO - Trial 69 finished with value: 0.9895833333333334 and parameters: {'max_depth': 14, 'min_samples_split': 2, 'min_samples_leaf': 1, 'class_weight': 'balanced'}. Best is trial 54 with value: 1.0.
2024-12-10 14:47:29,189 - INFO - Trial 70 finished with value: 0.9838753387533877 and parameters: {'max_depth': 10, 'min_samples_split': 2, 'min_samples_leaf': 1, 'class_weight': 'balanced'}. Best is trial 54 with value: 1.0.
2024-12-10 14:47:29,246 - INFO - Trial 71 finished with value: 0.9949377571191965 and parameters: {'max_depth': 14, 'min_samples_split': 3, 'min_samples_leaf': 1, 'class_weight': 'balanced'}. Best is trial 54 with value: 1.0.
2024-12-10 14:47:29,308 - INFO - Trial 72 finished with value: 0.9895833333333334 and parameters: {'max_depth': 12, 'min_samples_split': 3, 'min_samples_leaf': 1, 'class_weight': 'balanced'}. Best is trial 54 with value: 1.0.
2024-12-10 14:47:29,367 - INFO - Trial 73 finished with value: 0.9895833333333334 and parameters: {'max_depth': 11, 'min_samples_split': 3, 'min_samples_leaf': 1, 'class_weight': 'balanced'}. Best is trial 54 with value: 1.0.
2024-12-10 14:47:29,424 - INFO - Trial 74 finished with value: 0.9946251129177958 and parameters: {'max_depth': 14, 'min_samples_split': 2, 'min_samples_leaf': 1, 'class_weight': 'balanced'}. Best is trial 54 with value: 1.0.
2024-12-10 14:47:29,481 - INFO - Trial 75 finished with value: 0.9895833333333334 and parameters: {'max_depth': 13, 'min_samples_split': 4, 'min_samples_leaf': 1, 'class_weight': 'balanced'}. Best is trial 54 with value: 1.0.
2024-12-10 14:47:29,542 - INFO - Trial 76 finished with value: 1.0 and parameters: {'max_depth': 10, 'min_samples_split': 2, 'min_samples_leaf': 1, 'class_weight': 'balanced'}. Best is trial 54 with value: 1.0.
2024-12-10 14:47:29,602 - INFO - Trial 77 finished with value: 0.9946251129177958 and parameters: {'max_depth': 10, 'min_samples_split': 2, 'min_samples_leaf': 1, 'class_weight': 'balanced'}. Best is trial 54 with value: 1.0.
2024-12-10 14:47:29,656 - INFO - Trial 78 finished with value: 0.9838753387533877 and parameters: {'max_depth': 9, 'min_samples_split': 2, 'min_samples_leaf': 1, 'class_weight': 'balanced'}. Best is trial 54 with value: 1.0.
2024-12-10 14:47:29,715 - INFO - Trial 79 finished with value: 0.9895833333333334 and parameters: {'max_depth': 11, 'min_samples_split': 2, 'min_samples_leaf': 1, 'class_weight': 'balanced'}. Best is trial 54 with value: 1.0.
2024-12-10 14:47:29,768 - INFO - Trial 80 finished with value: 0.9946251129177958 and parameters: {'max_depth': 12, 'min_samples_split': 3, 'min_samples_leaf': 1, 'class_weight': 'balanced'}. Best is trial 54 with value: 1.0.
2024-12-10 14:47:29,823 - INFO - Trial 81 finished with value: 0.9895833333333334 and parameters: {'max_depth': 11, 'min_samples_split': 3, 'min_samples_leaf': 1, 'class_weight': 'balanced'}. Best is trial 54 with value: 1.0.
2024-12-10 14:47:29,877 - INFO - Trial 82 finished with value: 0.9895833333333334 and parameters: {'max_depth': 10, 'min_samples_split': 4, 'min_samples_leaf': 1, 'class_weight': 'balanced'}. Best is trial 54 with value: 1.0.
2024-12-10 14:47:29,932 - INFO - Trial 83 finished with value: 0.9895833333333334 and parameters: {'max_depth': 14, 'min_samples_split': 3, 'min_samples_leaf': 1, 'class_weight': 'balanced'}. Best is trial 54 with value: 1.0.
2024-12-10 14:47:29,987 - INFO - Trial 84 finished with value: 0.9949377571191965 and parameters: {'max_depth': 12, 'min_samples_split': 2, 'min_samples_leaf': 1, 'class_weight': 'balanced'}. Best is trial 54 with value: 1.0.
2024-12-10 14:47:30,043 - INFO - Trial 85 finished with value: 0.9838753387533877 and parameters: {'max_depth': 13, 'min_samples_split': 3, 'min_samples_leaf': 1, 'class_weight': 'balanced'}. Best is trial 54 with value: 1.0.
2024-12-10 14:47:30,100 - INFO - Trial 86 finished with value: 0.9949377571191965 and parameters: {'max_depth': 9, 'min_samples_split': 2, 'min_samples_leaf': 1, 'class_weight': 'balanced'}. Best is trial 54 with value: 1.0.
2024-12-10 14:47:30,157 - INFO - Trial 87 finished with value: 0.9848132713575893 and parameters: {'max_depth': 8, 'min_samples_split': 3, 'min_samples_leaf': 1, 'class_weight': 'balanced'}. Best is trial 54 with value: 1.0.
2024-12-10 14:47:30,214 - INFO - Trial 88 finished with value: 0.9949377571191965 and parameters: {'max_depth': 11, 'min_samples_split': 4, 'min_samples_leaf': 1, 'class_weight': 'balanced'}. Best is trial 54 with value: 1.0.
2024-12-10 14:47:30,276 - INFO - Trial 89 finished with value: 0.9888674388674389 and parameters: {'max_depth': 12, 'min_samples_split': 2, 'min_samples_leaf': 1, 'class_weight': 'balanced'}. Best is trial 54 with value: 1.0.
2024-12-10 14:47:30,339 - INFO - Trial 90 finished with value: 0.9946251129177958 and parameters: {'max_depth': 13, 'min_samples_split': 2, 'min_samples_leaf': 1, 'class_weight': 'balanced'}. Best is trial 54 with value: 1.0.
2024-12-10 14:47:30,396 - INFO - Trial 91 finished with value: 0.9895833333333334 and parameters: {'max_depth': 15, 'min_samples_split': 3, 'min_samples_leaf': 1, 'class_weight': 'balanced'}. Best is trial 54 with value: 1.0.
2024-12-10 14:47:30,454 - INFO - Trial 92 finished with value: 0.9946251129177958 and parameters: {'max_depth': 16, 'min_samples_split': 4, 'min_samples_leaf': 1, 'class_weight': 'balanced'}. Best is trial 54 with value: 1.0.
2024-12-10 14:47:30,512 - INFO - Trial 93 finished with value: 0.9946251129177958 and parameters: {'max_depth': 15, 'min_samples_split': 3, 'min_samples_leaf': 1, 'class_weight': 'balanced'}. Best is trial 54 with value: 1.0.
2024-12-10 14:47:30,570 - INFO - Trial 94 finished with value: 1.0 and parameters: {'max_depth': 14, 'min_samples_split': 3, 'min_samples_leaf': 1, 'class_weight': 'balanced'}. Best is trial 54 with value: 1.0.
2024-12-10 14:47:30,625 - INFO - Trial 95 finished with value: 0.9946251129177958 and parameters: {'max_depth': 14, 'min_samples_split': 2, 'min_samples_leaf': 1, 'class_weight': 'balanced'}. Best is trial 54 with value: 1.0.
2024-12-10 14:47:30,682 - INFO - Trial 96 finished with value: 0.9838753387533877 and parameters: {'max_depth': 13, 'min_samples_split': 3, 'min_samples_leaf': 1, 'class_weight': 'balanced'}. Best is trial 54 with value: 1.0.
2024-12-10 14:47:30,736 - INFO - Trial 97 finished with value: 0.9895833333333334 and parameters: {'max_depth': 14, 'min_samples_split': 4, 'min_samples_leaf': 1, 'class_weight': 'balanced'}. Best is trial 54 with value: 1.0.
2024-12-10 14:47:30,796 - INFO - Trial 98 finished with value: 1.0 and parameters: {'max_depth': 10, 'min_samples_split': 3, 'min_samples_leaf': 1, 'class_weight': 'balanced'}. Best is trial 54 with value: 1.0.
2024-12-10 14:47:30,861 - INFO - Trial 99 finished with value: 0.9895833333333334 and parameters: {'max_depth': 9, 'min_samples_split': 3, 'min_samples_leaf': 1, 'class_weight': 'balanced'}. Best is trial 54 with value: 1.0.
2024-12-10 14:47:31,186 - INFO - A new study created in memory with name: no-name-ff19ca6e-8de0-47d3-a551-f6649da46f01
2024-12-10 14:47:33,235 - INFO - Trial 0 finished with value: 0.9946251129177958 and parameters: {'n_estimators': 181, 'max_depth': 6, 'learning_rate': 0.27142728582100306, 'subsample': 0.7935562008655936, 'colsample_bytree': 0.5615033401717585, 'scale_pos_weight': 1.7000456673105253}. Best is trial 0 with value: 0.9946251129177958.
2024-12-10 14:47:33,411 - INFO - Trial 1 finished with value: 0.9946251129177958 and parameters: {'n_estimators': 189, 'max_depth': 5, 'learning_rate': 0.2595071292418619, 'subsample': 0.5261122190227681, 'colsample_bytree': 0.956118792205942, 'scale_pos_weight': 0.9557130087196275}. Best is trial 0 with value: 0.9946251129177958.
2024-12-10 14:47:33,630 - INFO - Trial 2 finished with value: 1.0 and parameters: {'n_estimators': 298, 'max_depth': 20, 'learning_rate': 0.13534276173238727, 'subsample': 0.9287799887796058, 'colsample_bytree': 0.8918706261861378, 'scale_pos_weight': 0.9578273946662874}. Best is trial 2 with value: 1.0.
2024-12-10 14:47:33,813 - INFO - Trial 3 finished with value: 0.9946251129177958 and parameters: {'n_estimators': 268, 'max_depth': 4, 'learning_rate': 0.09514558536256011, 'subsample': 0.5062715314128527, 'colsample_bytree': 0.654780935054077, 'scale_pos_weight': 0.8520726584165266}. Best is trial 2 with value: 1.0.
2024-12-10 14:47:33,994 - INFO - Trial 4 finished with value: 0.9946251129177958 and parameters: {'n_estimators': 265, 'max_depth': 19, 'learning_rate': 0.13385739737058755, 'subsample': 0.5232661604037769, 'colsample_bytree': 0.7939307348898127, 'scale_pos_weight': 0.9851661155576036}. Best is trial 2 with value: 1.0.
2024-12-10 14:47:34,066 - INFO - Trial 5 finished with value: 0.9946251129177958 and parameters: {'n_estimators': 51, 'max_depth': 16, 'learning_rate': 0.20466518795971794, 'subsample': 0.6918594373255391, 'colsample_bytree': 0.849609351820565, 'scale_pos_weight': 1.486353138057173}. Best is trial 2 with value: 1.0.
2024-12-10 14:47:34,230 - INFO - Trial 6 finished with value: 1.0 and parameters: {'n_estimators': 205, 'max_depth': 5, 'learning_rate': 0.07314353676290779, 'subsample': 0.9255233641774383, 'colsample_bytree': 0.5094055080497879, 'scale_pos_weight': 0.7007792097580076}. Best is trial 2 with value: 1.0.
2024-12-10 14:47:34,337 - INFO - Trial 7 finished with value: 0.9946251129177958 and parameters: {'n_estimators': 118, 'max_depth': 16, 'learning_rate': 0.20905129285079416, 'subsample': 0.9396660838490178, 'colsample_bytree': 0.8124282610685725, 'scale_pos_weight': 1.5747194417272523}. Best is trial 2 with value: 1.0.
2024-12-10 14:47:34,529 - INFO - Trial 8 finished with value: 0.9946251129177958 and parameters: {'n_estimators': 264, 'max_depth': 16, 'learning_rate': 0.08398466722982031, 'subsample': 0.9178939189214557, 'colsample_bytree': 0.5391780827256127, 'scale_pos_weight': 1.0457824106789577}. Best is trial 2 with value: 1.0.
2024-12-10 14:47:34,700 - INFO - Trial 9 finished with value: 0.9946251129177958 and parameters: {'n_estimators': 194, 'max_depth': 14, 'learning_rate': 0.06267705964616721, 'subsample': 0.721844795922421, 'colsample_bytree': 0.8382603236612511, 'scale_pos_weight': 0.8585946487978011}. Best is trial 2 with value: 1.0.
2024-12-10 14:47:34,876 - INFO - Trial 10 finished with value: 0.9848132713575893 and parameters: {'n_estimators': 122, 'max_depth': 10, 'learning_rate': 0.012549088974925154, 'subsample': 0.8212635814641187, 'colsample_bytree': 0.9970406737823153, 'scale_pos_weight': 0.5008819118128465}. Best is trial 2 with value: 1.0.
2024-12-10 14:47:35,095 - INFO - Trial 11 finished with value: 0.9946251129177958 and parameters: {'n_estimators': 300, 'max_depth': 9, 'learning_rate': 0.15049088469789199, 'subsample': 0.9850499313768204, 'colsample_bytree': 0.7055192714102552, 'scale_pos_weight': 0.5208244105456186}. Best is trial 2 with value: 1.0.
2024-12-10 14:47:35,357 - INFO - Trial 12 finished with value: 1.0 and parameters: {'n_estimators': 221, 'max_depth': 20, 'learning_rate': 0.01806139299449816, 'subsample': 0.8598095863021603, 'colsample_bytree': 0.9172416539978224, 'scale_pos_weight': 0.6942231605047232}. Best is trial 2 with value: 1.0.
2024-12-10 14:47:35,593 - INFO - Trial 13 finished with value: 0.9946251129177958 and parameters: {'n_estimators': 141, 'max_depth': 7, 'learning_rate': 0.11617830422138985, 'subsample': 0.9947744679086981, 'colsample_bytree': 0.638583190527972, 'scale_pos_weight': 1.283667635992015}. Best is trial 2 with value: 1.0.
2024-12-10 14:47:35,821 - INFO - Trial 14 finished with value: 0.9946251129177958 and parameters: {'n_estimators': 235, 'max_depth': 12, 'learning_rate': 0.17901341617914004, 'subsample': 0.888257021920424, 'colsample_bytree': 0.5025029773219916, 'scale_pos_weight': 1.9407465535424555}. Best is trial 2 with value: 1.0.
