2024-12-10 14:53:47,478 - INFO - Trial 48 finished with value: 1.0 and parameters: {'n_estimators': 50, 'max_depth': 16, 'learning_rate': 0.25445852234607735, 'subsample': 0.796207268122798, 'colsample_bytree': 0.8030256820080169, 'scale_pos_weight': 0.6912794823827941}. Best is trial 1 with value: 1.0.
2024-12-10 14:53:47,574 - INFO - Trial 49 finished with value: 0.9946251129177958 and parameters: {'n_estimators': 126, 'max_depth': 12, 'learning_rate': 0.23392269119410264, 'subsample': 0.9941089680873619, 'colsample_bytree': 0.9644680831429326, 'scale_pos_weight': 1.4675212427833042}. Best is trial 1 with value: 1.0.
2024-12-10 14:53:47,695 - INFO - Trial 50 finished with value: 0.9946251129177958 and parameters: {'n_estimators': 182, 'max_depth': 4, 'learning_rate': 0.1682302164540421, 'subsample': 0.5993468412282545, 'colsample_bytree': 0.5939808084833219, 'scale_pos_weight': 0.975198064693539}. Best is trial 1 with value: 1.0.
2024-12-10 14:53:47,777 - INFO - Trial 51 finished with value: 1.0 and parameters: {'n_estimators': 87, 'max_depth': 3, 'learning_rate': 0.0916987513721769, 'subsample': 0.7356615801860417, 'colsample_bytree': 0.5792867429348854, 'scale_pos_weight': 0.7140210707359639}. Best is trial 1 with value: 1.0.
2024-12-10 14:53:47,847 - INFO - Trial 52 finished with value: 0.99013357619915 and parameters: {'n_estimators': 64, 'max_depth': 5, 'learning_rate': 0.04468376439283319, 'subsample': 0.7505654609761306, 'colsample_bytree': 0.6418198084406549, 'scale_pos_weight': 0.6045465131344351}. Best is trial 1 with value: 1.0.
2024-12-10 14:53:47,930 - INFO - Trial 53 finished with value: 1.0 and parameters: {'n_estimators': 92, 'max_depth': 6, 'learning_rate': 0.10451878906496634, 'subsample': 0.7193215546052063, 'colsample_bytree': 0.6943009750714566, 'scale_pos_weight': 0.5064595543319341}. Best is trial 1 with value: 1.0.
2024-12-10 14:53:48,003 - INFO - Trial 54 finished with value: 1.0 and parameters: {'n_estimators': 74, 'max_depth': 4, 'learning_rate': 0.11518906286066101, 'subsample': 0.6470288276865599, 'colsample_bytree': 0.6080272470275825, 'scale_pos_weight': 0.6814783718254603}. Best is trial 1 with value: 1.0.
2024-12-10 14:53:48,087 - INFO - Trial 55 finished with value: 0.9946251129177958 and parameters: {'n_estimators': 105, 'max_depth': 3, 'learning_rate': 0.07315481460633061, 'subsample': 0.6889385959485985, 'colsample_bytree': 0.6796235993876593, 'scale_pos_weight': 0.82496572635074}. Best is trial 1 with value: 1.0.
2024-12-10 14:53:48,163 - INFO - Trial 56 finished with value: 0.9946251129177958 and parameters: {'n_estimators': 84, 'max_depth': 8, 'learning_rate': 0.20565745737186375, 'subsample': 0.5783734514994396, 'colsample_bytree': 0.5589805143595509, 'scale_pos_weight': 0.7413552882596337}. Best is trial 1 with value: 1.0.
2024-12-10 14:53:48,253 - INFO - Trial 57 finished with value: 0.9946251129177958 and parameters: {'n_estimators': 118, 'max_depth': 17, 'learning_rate': 0.14358276180034632, 'subsample': 0.8211808945659793, 'colsample_bytree': 0.5270321476649515, 'scale_pos_weight': 0.6419391953247632}. Best is trial 1 with value: 1.0.
2024-12-10 14:53:48,364 - INFO - Trial 58 finished with value: 0.9946251129177958 and parameters: {'n_estimators': 159, 'max_depth': 14, 'learning_rate': 0.18386380450532502, 'subsample': 0.5335761650977903, 'colsample_bytree': 0.6327646728367153, 'scale_pos_weight': 0.8843684345712423}. Best is trial 1 with value: 1.0.
2024-12-10 14:53:48,443 - INFO - Trial 59 finished with value: 1.0 and parameters: {'n_estimators': 68, 'max_depth': 6, 'learning_rate': 0.0895855499505027, 'subsample': 0.5567473014742221, 'colsample_bytree': 0.838608041418174, 'scale_pos_weight': 1.0522610344955645}. Best is trial 1 with value: 1.0.
2024-12-10 14:53:48,589 - INFO - Trial 60 finished with value: 0.9946251129177958 and parameters: {'n_estimators': 203, 'max_depth': 3, 'learning_rate': 0.057216125659443694, 'subsample': 0.7539013906026167, 'colsample_bytree': 0.7144080414785512, 'scale_pos_weight': 0.5558737428823018}. Best is trial 1 with value: 1.0.
2024-12-10 14:53:48,753 - INFO - Trial 61 finished with value: 1.0 and parameters: {'n_estimators': 280, 'max_depth': 11, 'learning_rate': 0.04170997664136749, 'subsample': 0.8087707981894895, 'colsample_bytree': 0.6647936372530012, 'scale_pos_weight': 0.6554457698760517}. Best is trial 1 with value: 1.0.
2024-12-10 14:53:48,901 - INFO - Trial 62 finished with value: 1.0 and parameters: {'n_estimators': 299, 'max_depth': 9, 'learning_rate': 0.29448513608883653, 'subsample': 0.8803872583521669, 'colsample_bytree': 0.7391398677049202, 'scale_pos_weight': 0.5005815035428687}. Best is trial 1 with value: 1.0.
2024-12-10 14:53:49,061 - INFO - Trial 63 finished with value: 1.0 and parameters: {'n_estimators': 258, 'max_depth': 8, 'learning_rate': 0.022994565890509147, 'subsample': 0.7861623314346304, 'colsample_bytree': 0.6141748387564034, 'scale_pos_weight': 0.7659334234662502}. Best is trial 1 with value: 1.0.
2024-12-10 14:53:49,208 - INFO - Trial 64 finished with value: 0.9946251129177958 and parameters: {'n_estimators': 275, 'max_depth': 5, 'learning_rate': 0.04941732789948815, 'subsample': 0.7267772939486649, 'colsample_bytree': 0.5765460044141502, 'scale_pos_weight': 0.5470459514331476}. Best is trial 1 with value: 1.0.
2024-12-10 14:53:49,364 - INFO - Trial 65 finished with value: 0.9946251129177958 and parameters: {'n_estimators': 288, 'max_depth': 9, 'learning_rate': 0.06549753768701294, 'subsample': 0.8425684815467261, 'colsample_bytree': 0.6656744643473013, 'scale_pos_weight': 0.8211230261661296}. Best is trial 1 with value: 1.0.
2024-12-10 14:53:49,508 - INFO - Trial 66 finished with value: 1.0 and parameters: {'n_estimators': 248, 'max_depth': 18, 'learning_rate': 0.07963148752825988, 'subsample': 0.8641823197112798, 'colsample_bytree': 0.871894028768777, 'scale_pos_weight': 0.5977508584113472}. Best is trial 1 with value: 1.0.
2024-12-10 14:53:49,578 - INFO - Trial 67 finished with value: 0.99013357619915 and parameters: {'n_estimators': 56, 'max_depth': 4, 'learning_rate': 0.03580048107225113, 'subsample': 0.9007346625806931, 'colsample_bytree': 0.5399120959996331, 'scale_pos_weight': 1.190429725138596}. Best is trial 1 with value: 1.0.
2024-12-10 14:53:49,692 - INFO - Trial 68 finished with value: 0.9946251129177958 and parameters: {'n_estimators': 146, 'max_depth': 14, 'learning_rate': 0.09553403052385809, 'subsample': 0.9672301834187914, 'colsample_bytree': 0.7745536582849338, 'scale_pos_weight': 1.5787692407625944}. Best is trial 1 with value: 1.0.
2024-12-10 14:53:49,828 - INFO - Trial 69 finished with value: 0.9946251129177958 and parameters: {'n_estimators': 224, 'max_depth': 7, 'learning_rate': 0.07224215877003241, 'subsample': 0.8170291734095003, 'colsample_bytree': 0.6432370499103875, 'scale_pos_weight': 1.8179109834389828}. Best is trial 1 with value: 1.0.
2024-12-10 14:53:49,948 - INFO - Trial 70 finished with value: 1.0 and parameters: {'n_estimators': 214, 'max_depth': 5, 'learning_rate': 0.19671941378939503, 'subsample': 0.7632060330700192, 'colsample_bytree': 0.9032252618345412, 'scale_pos_weight': 0.920518699112812}. Best is trial 1 with value: 1.0.
2024-12-10 14:53:50,052 - INFO - Trial 71 finished with value: 1.0 and parameters: {'n_estimators': 138, 'max_depth': 15, 'learning_rate': 0.059933084403982345, 'subsample': 0.7411372768249351, 'colsample_bytree': 0.6793777639690868, 'scale_pos_weight': 0.722832660603967}. Best is trial 1 with value: 1.0.
2024-12-10 14:53:50,165 - INFO - Trial 72 finished with value: 0.9946251129177958 and parameters: {'n_estimators': 167, 'max_depth': 19, 'learning_rate': 0.06352361629734735, 'subsample': 0.7070749006205976, 'colsample_bytree': 0.6028377510045273, 'scale_pos_weight': 0.6430708612310062}. Best is trial 1 with value: 1.0.
2024-12-10 14:53:50,301 - INFO - Trial 73 finished with value: 1.0 and parameters: {'n_estimators': 177, 'max_depth': 17, 'learning_rate': 0.024485574906753776, 'subsample': 0.7791080681627918, 'colsample_bytree': 0.624990228088477, 'scale_pos_weight': 1.6932367964332502}. Best is trial 1 with value: 1.0.
2024-12-10 14:53:50,423 - INFO - Trial 74 finished with value: 1.0 and parameters: {'n_estimators': 140, 'max_depth': 18, 'learning_rate': 0.07939143315598525, 'subsample': 0.7964157518575674, 'colsample_bytree': 0.6499702352038467, 'scale_pos_weight': 0.778227730156278}. Best is trial 1 with value: 1.0.
2024-12-10 14:53:50,531 - INFO - Trial 75 finished with value: 0.9946251129177958 and parameters: {'n_estimators': 157, 'max_depth': 13, 'learning_rate': 0.1638542884058139, 'subsample': 0.5180314512436377, 'colsample_bytree': 0.7235778544422506, 'scale_pos_weight': 0.5524385005367193}. Best is trial 1 with value: 1.0.
2024-12-10 14:53:50,611 - INFO - Trial 76 finished with value: 1.0 and parameters: {'n_estimators': 79, 'max_depth': 15, 'learning_rate': 0.12617548926335398, 'subsample': 0.6861333266403982, 'colsample_bytree': 0.698274787784498, 'scale_pos_weight': 1.3189452575219167}. Best is trial 1 with value: 1.0.
2024-12-10 14:53:50,705 - INFO - Trial 77 finished with value: 0.9946251129177958 and parameters: {'n_estimators': 124, 'max_depth': 12, 'learning_rate': 0.1762040849551691, 'subsample': 0.6621378085411115, 'colsample_bytree': 0.8458410973128911, 'scale_pos_weight': 0.6735335496485478}. Best is trial 1 with value: 1.0.
2024-12-10 14:53:50,829 - INFO - Trial 78 finished with value: 1.0 and parameters: {'n_estimators': 102, 'max_depth': 20, 'learning_rate': 0.04986807854901924, 'subsample': 0.7651121482650751, 'colsample_bytree': 0.7496720557659108, 'scale_pos_weight': 1.1021911387364942}. Best is trial 1 with value: 1.0.
2024-12-10 14:53:50,919 - INFO - Trial 79 finished with value: 0.9946251129177958 and parameters: {'n_estimators': 94, 'max_depth': 11, 'learning_rate': 0.10743245763754602, 'subsample': 0.6145535106181435, 'colsample_bytree': 0.8047392377633946, 'scale_pos_weight': 0.8553523749945287}. Best is trial 1 with value: 1.0.
2024-12-10 14:53:51,051 - INFO - Trial 80 finished with value: 1.0 and parameters: {'n_estimators': 193, 'max_depth': 6, 'learning_rate': 0.03581568127256449, 'subsample': 0.8274515168807911, 'colsample_bytree': 0.5893653331743347, 'scale_pos_weight': 0.6083174990224393}. Best is trial 1 with value: 1.0.
2024-12-10 14:53:51,137 - INFO - Trial 81 finished with value: 1.0 and parameters: {'n_estimators': 68, 'max_depth': 4, 'learning_rate': 0.08303045327695358, 'subsample': 0.7346150955155881, 'colsample_bytree': 0.8093784287945938, 'scale_pos_weight': 1.881465826458677}. Best is trial 1 with value: 1.0.
2024-12-10 14:53:51,212 - INFO - Trial 82 finished with value: 0.9949377571191965 and parameters: {'n_estimators': 56, 'max_depth': 3, 'learning_rate': 0.07454428348672278, 'subsample': 0.8025992892735363, 'colsample_bytree': 0.7906562067676095, 'scale_pos_weight': 1.9484101323429954}. Best is trial 1 with value: 1.0.
2024-12-10 14:53:51,296 - INFO - Trial 83 finished with value: 1.0 and parameters: {'n_estimators': 76, 'max_depth': 16, 'learning_rate': 0.21371171073844694, 'subsample': 0.7204888776402322, 'colsample_bytree': 0.9752512955600978, 'scale_pos_weight': 1.6481527837700152}. Best is trial 1 with value: 1.0.
2024-12-10 14:53:51,388 - INFO - Trial 84 finished with value: 1.0 and parameters: {'n_estimators': 90, 'max_depth': 4, 'learning_rate': 0.09801041172388071, 'subsample': 0.761109815551591, 'colsample_bytree': 0.8295379038554954, 'scale_pos_weight': 1.9929633070958008}. Best is trial 1 with value: 1.0.
2024-12-10 14:53:51,455 - INFO - Trial 85 finished with value: 0.9949377571191965 and parameters: {'n_estimators': 50, 'max_depth': 5, 'learning_rate': 0.05702884796722546, 'subsample': 0.8496253817703926, 'colsample_bytree': 0.7707790780561701, 'scale_pos_weight': 1.9060544566374567}. Best is trial 1 with value: 1.0.
2024-12-10 14:53:51,530 - INFO - Trial 86 finished with value: 1.0 and parameters: {'n_estimators': 72, 'max_depth': 3, 'learning_rate': 0.19090155284357269, 'subsample': 0.7740025404248695, 'colsample_bytree': 0.9464296789425586, 'scale_pos_weight': 0.9990767787688515}. Best is trial 1 with value: 1.0.
2024-12-10 14:53:51,614 - INFO - Trial 87 finished with value: 0.9946251129177958 and parameters: {'n_estimators': 65, 'max_depth': 10, 'learning_rate': 0.08760199666378084, 'subsample': 0.7478527124173406, 'colsample_bytree': 0.7913678457036598, 'scale_pos_weight': 1.5016241249583635}. Best is trial 1 with value: 1.0.
2024-12-10 14:53:51,754 - INFO - Trial 88 finished with value: 0.9946251129177958 and parameters: {'n_estimators': 263, 'max_depth': 6, 'learning_rate': 0.11352712694679837, 'subsample': 0.7901418897010806, 'colsample_bytree': 0.749655159811851, 'scale_pos_weight': 1.7837539010322423}. Best is trial 1 with value: 1.0.
2024-12-10 14:53:51,903 - INFO - Trial 89 finished with value: 1.0 and parameters: {'n_estimators': 240, 'max_depth': 8, 'learning_rate': 0.04192918607694183, 'subsample': 0.5484289112970857, 'colsample_bytree': 0.6007565057130877, 'scale_pos_weight': 0.5765186918628273}. Best is trial 1 with value: 1.0.
2024-12-10 14:53:52,010 - INFO - Trial 90 finished with value: 0.9946251129177958 and parameters: {'n_estimators': 152, 'max_depth': 17, 'learning_rate': 0.06896663463973604, 'subsample': 0.6401277949651121, 'colsample_bytree': 0.5715706547075002, 'scale_pos_weight': 0.5307578505454134}. Best is trial 1 with value: 1.0.
2024-12-10 14:53:52,345 - INFO - Trial 91 finished with value: 1.0 and parameters: {'n_estimators': 235, 'max_depth': 7, 'learning_rate': 0.016250924842284548, 'subsample': 0.870351819938484, 'colsample_bytree': 0.8097582915249948, 'scale_pos_weight': 1.9811960279392125}. Best is trial 1 with value: 1.0.
2024-12-10 14:53:52,432 - INFO - Trial 92 finished with value: 1.0 and parameters: {'n_estimators': 58, 'max_depth': 7, 'learning_rate': 0.028553184336293343, 'subsample': 0.8314336353368392, 'colsample_bytree': 0.8289066942579998, 'scale_pos_weight': 1.8345761322965797}. Best is trial 1 with value: 1.0.
2024-12-10 14:53:52,533 - INFO - Trial 93 finished with value: 1.0 and parameters: {'n_estimators': 84, 'max_depth': 9, 'learning_rate': 0.05087437694485671, 'subsample': 0.8530783140377042, 'colsample_bytree': 0.8164814882468898, 'scale_pos_weight': 1.9153511291517824}. Best is trial 1 with value: 1.0.
2024-12-10 14:53:52,667 - INFO - Trial 94 finished with value: 1.0 and parameters: {'n_estimators': 234, 'max_depth': 4, 'learning_rate': 0.15219870431702331, 'subsample': 0.6952965377116618, 'colsample_bytree': 0.8744798586646884, 'scale_pos_weight': 1.95497140699278}. Best is trial 1 with value: 1.0.
2024-12-10 14:53:52,812 - INFO - Trial 95 finished with value: 1.0 and parameters: {'n_estimators': 208, 'max_depth': 5, 'learning_rate': 0.029518617340543746, 'subsample': 0.8935629509453141, 'colsample_bytree': 0.7836972618810047, 'scale_pos_weight': 0.6247910963759499}. Best is trial 1 with value: 1.0.
2024-12-10 14:53:52,937 - INFO - Trial 96 finished with value: 0.9946251129177958 and parameters: {'n_estimators': 248, 'max_depth': 6, 'learning_rate': 0.270037831729882, 'subsample': 0.9126738817310381, 'colsample_bytree': 0.8495506763317888, 'scale_pos_weight': 1.0518139064050873}. Best is trial 1 with value: 1.0.
2024-12-10 14:53:53,049 - INFO - Trial 97 finished with value: 1.0 and parameters: {'n_estimators': 62, 'max_depth': 10, 'learning_rate': 0.019666027321337893, 'subsample': 0.812607875199099, 'colsample_bytree': 0.6358860508279418, 'scale_pos_weight': 1.7117040553308132}. Best is trial 1 with value: 1.0.
2024-12-10 14:53:53,154 - INFO - Trial 98 finished with value: 0.9946251129177958 and parameters: {'n_estimators': 114, 'max_depth': 8, 'learning_rate': 0.24473001955258172, 'subsample': 0.5709147774193385, 'colsample_bytree': 0.6518155066743873, 'scale_pos_weight': 1.3976079241652783}. Best is trial 1 with value: 1.0.
2024-12-10 14:53:53,324 - INFO - Trial 99 finished with value: 1.0 and parameters: {'n_estimators': 181, 'max_depth': 20, 'learning_rate': 0.04527744660332894, 'subsample': 0.8334114544681857, 'colsample_bytree': 0.9083671838966373, 'scale_pos_weight': 1.8575685523543493}. Best is trial 1 with value: 1.0.
2024-12-10 15:08:52,000 - INFO - A new study created in memory with name: no-name-56c8e1d2-ac36-44e1-9dbf-97d659818b44
2024-12-10 15:08:52,223 - INFO - Trial 0 finished with value: 1.0 and parameters: {'n_estimators': 69, 'max_depth': 20, 'min_samples_split': 10, 'min_samples_leaf': 2, 'class_weight': None}. Best is trial 0 with value: 1.0.
2024-12-10 15:08:52,639 - INFO - Trial 1 finished with value: 0.99013357619915 and parameters: {'n_estimators': 222, 'max_depth': 6, 'min_samples_split': 7, 'min_samples_leaf': 1, 'class_weight': None}. Best is trial 0 with value: 1.0.
2024-12-10 15:08:53,065 - INFO - Trial 2 finished with value: 0.9949377571191965 and parameters: {'n_estimators': 211, 'max_depth': 10, 'min_samples_split': 8, 'min_samples_leaf': 3, 'class_weight': None}. Best is trial 0 with value: 1.0.
2024-12-10 15:08:53,595 - INFO - Trial 3 finished with value: 1.0 and parameters: {'n_estimators': 258, 'max_depth': 13, 'min_samples_split': 8, 'min_samples_leaf': 2, 'class_weight': 'balanced'}. Best is trial 0 with value: 1.0.
2024-12-10 15:08:53,780 - INFO - Trial 4 finished with value: 0.99013357619915 and parameters: {'n_estimators': 104, 'max_depth': 3, 'min_samples_split': 4, 'min_samples_leaf': 4, 'class_weight': None}. Best is trial 0 with value: 1.0.
2024-12-10 15:08:53,909 - INFO - Trial 5 finished with value: 0.9949377571191965 and parameters: {'n_estimators': 62, 'max_depth': 18, 'min_samples_split': 8, 'min_samples_leaf': 3, 'class_weight': None}. Best is trial 0 with value: 1.0.
2024-12-10 15:08:54,376 - INFO - Trial 6 finished with value: 0.99013357619915 and parameters: {'n_estimators': 242, 'max_depth': 9, 'min_samples_split': 10, 'min_samples_leaf': 2, 'class_weight': 'balanced'}. Best is trial 0 with value: 1.0.
2024-12-10 15:08:54,656 - INFO - Trial 7 finished with value: 1.0 and parameters: {'n_estimators': 106, 'max_depth': 17, 'min_samples_split': 6, 'min_samples_leaf': 3, 'class_weight': None}. Best is trial 0 with value: 1.0.
2024-12-10 15:08:54,907 - INFO - Trial 8 finished with value: 1.0 and parameters: {'n_estimators': 128, 'max_depth': 20, 'min_samples_split': 8, 'min_samples_leaf': 3, 'class_weight': 'balanced'}. Best is trial 0 with value: 1.0.
2024-12-10 15:08:55,066 - INFO - Trial 9 finished with value: 0.9946251129177958 and parameters: {'n_estimators': 74, 'max_depth': 14, 'min_samples_split': 4, 'min_samples_leaf': 1, 'class_weight': 'balanced'}. Best is trial 0 with value: 1.0.
2024-12-10 15:08:55,410 - INFO - Trial 10 finished with value: 1.0 and parameters: {'n_estimators': 163, 'max_depth': 16, 'min_samples_split': 2, 'min_samples_leaf': 4, 'class_weight': None}. Best is trial 0 with value: 1.0.
2024-12-10 15:08:56,011 - INFO - Trial 11 finished with value: 1.0 and parameters: {'n_estimators': 291, 'max_depth': 12, 'min_samples_split': 10, 'min_samples_leaf': 2, 'class_weight': 'balanced'}. Best is trial 0 with value: 1.0.
2024-12-10 15:08:56,626 - INFO - Trial 12 finished with value: 1.0 and parameters: {'n_estimators': 298, 'max_depth': 20, 'min_samples_split': 10, 'min_samples_leaf': 2, 'class_weight': 'balanced'}. Best is trial 0 with value: 1.0.
2024-12-10 15:08:57,009 - INFO - Trial 13 finished with value: 1.0 and parameters: {'n_estimators': 177, 'max_depth': 14, 'min_samples_split': 9, 'min_samples_leaf': 1, 'class_weight': 'balanced'}. Best is trial 0 with value: 1.0.
2024-12-10 15:08:57,533 - INFO - Trial 14 finished with value: 0.99013357619915 and parameters: {'n_estimators': 254, 'max_depth': 8, 'min_samples_split': 6, 'min_samples_leaf': 2, 'class_weight': None}. Best is trial 0 with value: 1.0.
2024-12-10 15:08:57,901 - INFO - Trial 15 finished with value: 1.0 and parameters: {'n_estimators': 168, 'max_depth': 13, 'min_samples_split': 9, 'min_samples_leaf': 2, 'class_weight': 'balanced'}. Best is trial 0 with value: 1.0.
2024-12-10 15:08:58,195 - INFO - Trial 16 finished with value: 0.9946251129177958 and parameters: {'n_estimators': 135, 'max_depth': 16, 'min_samples_split': 7, 'min_samples_leaf': 1, 'class_weight': None}. Best is trial 0 with value: 1.0.
2024-12-10 15:08:58,694 - INFO - Trial 17 finished with value: 0.99013357619915 and parameters: {'n_estimators': 266, 'max_depth': 6, 'min_samples_split': 9, 'min_samples_leaf': 2, 'class_weight': 'balanced'}. Best is trial 0 with value: 1.0.
2024-12-10 15:08:59,097 - INFO - Trial 18 finished with value: 1.0 and parameters: {'n_estimators': 205, 'max_depth': 18, 'min_samples_split': 5, 'min_samples_leaf': 3, 'class_weight': None}. Best is trial 0 with value: 1.0.
2024-12-10 15:08:59,300 - INFO - Trial 19 finished with value: 0.9946251129177958 and parameters: {'n_estimators': 89, 'max_depth': 11, 'min_samples_split': 7, 'min_samples_leaf': 1, 'class_weight': 'balanced'}. Best is trial 0 with value: 1.0.
2024-12-10 15:08:59,596 - INFO - Trial 20 finished with value: 1.0 and parameters: {'n_estimators': 140, 'max_depth': 15, 'min_samples_split': 9, 'min_samples_leaf': 2, 'class_weight': 'balanced'}. Best is trial 0 with value: 1.0.
2024-12-10 15:08:59,722 - INFO - Trial 21 finished with value: 1.0 and parameters: {'n_estimators': 51, 'max_depth': 18, 'min_samples_split': 6, 'min_samples_leaf': 3, 'class_weight': None}. Best is trial 0 with value: 1.0.
2024-12-10 15:08:59,942 - INFO - Trial 22 finished with value: 0.9949377571191965 and parameters: {'n_estimators': 105, 'max_depth': 17, 'min_samples_split': 5, 'min_samples_leaf': 4, 'class_weight': None}. Best is trial 0 with value: 1.0.
2024-12-10 15:09:00,147 - INFO - Trial 23 finished with value: 1.0 and parameters: {'n_estimators': 84, 'max_depth': 20, 'min_samples_split': 7, 'min_samples_leaf': 3, 'class_weight': None}. Best is trial 0 with value: 1.0.
