2025-02-02 17:06:11,011 - INFO - Trial 612 finished with value: 0.8188405797101449 and parameters: {'n_estimators': 151, 'max_depth': 18, 'min_samples_split': 6, 'min_samples_leaf': 2, 'class_weight': 'balanced'}. Best is trial 584 with value: 0.8792270531400965.
2025-02-02 17:06:11,285 - INFO - Trial 613 finished with value: 0.8508771929824562 and parameters: {'n_estimators': 132, 'max_depth': 13, 'min_samples_split': 7, 'min_samples_leaf': 1, 'class_weight': 'balanced'}. Best is trial 584 with value: 0.8792270531400965.
2025-02-02 17:06:11,680 - INFO - Trial 614 finished with value: 0.7662337662337663 and parameters: {'n_estimators': 226, 'max_depth': 15, 'min_samples_split': 10, 'min_samples_leaf': 1, 'class_weight': 'balanced'}. Best is trial 584 with value: 0.8792270531400965.
2025-02-02 17:06:11,953 - INFO - Trial 615 finished with value: 0.8508771929824562 and parameters: {'n_estimators': 143, 'max_depth': 16, 'min_samples_split': 8, 'min_samples_leaf': 2, 'class_weight': 'balanced'}. Best is trial 584 with value: 0.8792270531400965.
2025-02-02 17:06:12,253 - INFO - Trial 616 finished with value: 0.8508771929824562 and parameters: {'n_estimators': 162, 'max_depth': 14, 'min_samples_split': 6, 'min_samples_leaf': 1, 'class_weight': 'balanced'}. Best is trial 584 with value: 0.8792270531400965.
2025-02-02 17:06:12,525 - INFO - Trial 617 finished with value: 0.8508771929824562 and parameters: {'n_estimators': 137, 'max_depth': 18, 'min_samples_split': 7, 'min_samples_leaf': 1, 'class_weight': 'balanced'}. Best is trial 584 with value: 0.8792270531400965.
2025-02-02 17:06:12,771 - INFO - Trial 618 finished with value: 0.7853566958698374 and parameters: {'n_estimators': 118, 'max_depth': 12, 'min_samples_split': 6, 'min_samples_leaf': 3, 'class_weight': 'balanced'}. Best is trial 584 with value: 0.8792270531400965.
2025-02-02 17:06:13,010 - INFO - Trial 619 finished with value: 0.8188405797101449 and parameters: {'n_estimators': 105, 'max_depth': 17, 'min_samples_split': 8, 'min_samples_leaf': 1, 'class_weight': None}. Best is trial 584 with value: 0.8792270531400965.
2025-02-02 17:06:13,355 - INFO - Trial 620 finished with value: 0.8508771929824562 and parameters: {'n_estimators': 167, 'max_depth': 20, 'min_samples_split': 6, 'min_samples_leaf': 2, 'class_weight': 'balanced'}. Best is trial 584 with value: 0.8792270531400965.
2025-02-02 17:06:13,687 - INFO - Trial 621 finished with value: 0.8508771929824562 and parameters: {'n_estimators': 178, 'max_depth': 12, 'min_samples_split': 5, 'min_samples_leaf': 1, 'class_weight': 'balanced'}. Best is trial 584 with value: 0.8792270531400965.
2025-02-02 17:06:14,077 - INFO - Trial 622 finished with value: 0.8508771929824562 and parameters: {'n_estimators': 216, 'max_depth': 15, 'min_samples_split': 7, 'min_samples_leaf': 2, 'class_weight': 'balanced'}. Best is trial 584 with value: 0.8792270531400965.
2025-02-02 17:06:14,369 - INFO - Trial 623 finished with value: 0.8508771929824562 and parameters: {'n_estimators': 153, 'max_depth': 19, 'min_samples_split': 4, 'min_samples_leaf': 1, 'class_weight': 'balanced'}. Best is trial 584 with value: 0.8792270531400965.
2025-02-02 17:06:14,676 - INFO - Trial 624 finished with value: 0.8508771929824562 and parameters: {'n_estimators': 139, 'max_depth': 14, 'min_samples_split': 7, 'min_samples_leaf': 1, 'class_weight': 'balanced'}. Best is trial 584 with value: 0.8792270531400965.
2025-02-02 17:06:14,968 - INFO - Trial 625 finished with value: 0.8508771929824562 and parameters: {'n_estimators': 157, 'max_depth': 18, 'min_samples_split': 8, 'min_samples_leaf': 4, 'class_weight': 'balanced'}. Best is trial 584 with value: 0.8792270531400965.
2025-02-02 17:06:15,136 - INFO - Trial 626 finished with value: 0.7912280701754386 and parameters: {'n_estimators': 71, 'max_depth': 11, 'min_samples_split': 7, 'min_samples_leaf': 2, 'class_weight': 'balanced'}. Best is trial 584 with value: 0.8792270531400965.
2025-02-02 17:06:15,387 - INFO - Trial 627 finished with value: 0.8508771929824562 and parameters: {'n_estimators': 124, 'max_depth': 13, 'min_samples_split': 6, 'min_samples_leaf': 1, 'class_weight': 'balanced'}. Best is trial 584 with value: 0.8792270531400965.
2025-02-02 17:06:15,653 - INFO - Trial 628 finished with value: 0.7945736434108528 and parameters: {'n_estimators': 102, 'max_depth': 17, 'min_samples_split': 9, 'min_samples_leaf': 1, 'class_weight': 'balanced'}. Best is trial 584 with value: 0.8792270531400965.
2025-02-02 17:06:16,198 - INFO - Trial 629 finished with value: 0.8188405797101449 and parameters: {'n_estimators': 259, 'max_depth': 16, 'min_samples_split': 2, 'min_samples_leaf': 3, 'class_weight': None}. Best is trial 584 with value: 0.8792270531400965.
2025-02-02 17:06:16,575 - INFO - Trial 630 finished with value: 0.8508771929824562 and parameters: {'n_estimators': 182, 'max_depth': 20, 'min_samples_split': 7, 'min_samples_leaf': 1, 'class_weight': 'balanced'}. Best is trial 584 with value: 0.8792270531400965.
2025-02-02 17:06:16,850 - INFO - Trial 631 finished with value: 0.8188405797101449 and parameters: {'n_estimators': 127, 'max_depth': 15, 'min_samples_split': 5, 'min_samples_leaf': 2, 'class_weight': 'balanced'}. Best is trial 584 with value: 0.8792270531400965.
2025-02-02 17:06:17,159 - INFO - Trial 632 finished with value: 0.8508771929824562 and parameters: {'n_estimators': 149, 'max_depth': 14, 'min_samples_split': 6, 'min_samples_leaf': 2, 'class_weight': 'balanced'}. Best is trial 584 with value: 0.8792270531400965.
2025-02-02 17:06:17,365 - INFO - Trial 633 finished with value: 0.8508771929824562 and parameters: {'n_estimators': 77, 'max_depth': 9, 'min_samples_split': 7, 'min_samples_leaf': 1, 'class_weight': 'balanced'}. Best is trial 584 with value: 0.8792270531400965.
2025-02-02 17:06:17,613 - INFO - Trial 634 finished with value: 0.8227272727272728 and parameters: {'n_estimators': 96, 'max_depth': 18, 'min_samples_split': 6, 'min_samples_leaf': 3, 'class_weight': 'balanced'}. Best is trial 584 with value: 0.8792270531400965.
2025-02-02 17:06:18,026 - INFO - Trial 635 finished with value: 0.8508771929824562 and parameters: {'n_estimators': 211, 'max_depth': 17, 'min_samples_split': 5, 'min_samples_leaf': 1, 'class_weight': 'balanced'}. Best is trial 584 with value: 0.8792270531400965.
2025-02-02 17:06:18,191 - INFO - Trial 636 finished with value: 0.8188405797101449 and parameters: {'n_estimators': 53, 'max_depth': 12, 'min_samples_split': 7, 'min_samples_leaf': 1, 'class_weight': 'balanced'}. Best is trial 584 with value: 0.8792270531400965.
2025-02-02 17:06:18,497 - INFO - Trial 637 finished with value: 0.8508771929824562 and parameters: {'n_estimators': 115, 'max_depth': 19, 'min_samples_split': 3, 'min_samples_leaf': 2, 'class_weight': 'balanced'}. Best is trial 584 with value: 0.8792270531400965.
2025-02-02 17:06:18,675 - INFO - Trial 638 finished with value: 0.7853566958698374 and parameters: {'n_estimators': 61, 'max_depth': 13, 'min_samples_split': 4, 'min_samples_leaf': 1, 'class_weight': 'balanced'}. Best is trial 584 with value: 0.8792270531400965.
2025-02-02 17:06:18,970 - INFO - Trial 639 finished with value: 0.8227272727272728 and parameters: {'n_estimators': 135, 'max_depth': 16, 'min_samples_split': 8, 'min_samples_leaf': 2, 'class_weight': 'balanced'}. Best is trial 584 with value: 0.8792270531400965.
2025-02-02 17:06:19,322 - INFO - Trial 640 finished with value: 0.8508771929824562 and parameters: {'n_estimators': 169, 'max_depth': 18, 'min_samples_split': 6, 'min_samples_leaf': 1, 'class_weight': 'balanced'}. Best is trial 584 with value: 0.8792270531400965.
2025-02-02 17:06:19,620 - INFO - Trial 641 finished with value: 0.8188405797101449 and parameters: {'n_estimators': 144, 'max_depth': 13, 'min_samples_split': 7, 'min_samples_leaf': 1, 'class_weight': None}. Best is trial 584 with value: 0.8792270531400965.
2025-02-02 17:06:19,953 - INFO - Trial 642 finished with value: 0.7945736434108528 and parameters: {'n_estimators': 174, 'max_depth': 14, 'min_samples_split': 7, 'min_samples_leaf': 4, 'class_weight': 'balanced'}. Best is trial 584 with value: 0.8792270531400965.
2025-02-02 17:06:20,281 - INFO - Trial 643 finished with value: 0.8508771929824562 and parameters: {'n_estimators': 163, 'max_depth': 15, 'min_samples_split': 6, 'min_samples_leaf': 3, 'class_weight': 'balanced'}. Best is trial 584 with value: 0.8792270531400965.
2025-02-02 17:06:20,607 - INFO - Trial 644 finished with value: 0.8188405797101449 and parameters: {'n_estimators': 153, 'max_depth': 18, 'min_samples_split': 5, 'min_samples_leaf': 1, 'class_weight': 'balanced'}. Best is trial 584 with value: 0.8792270531400965.
2025-02-02 17:06:20,788 - INFO - Trial 645 finished with value: 0.8508771929824562 and parameters: {'n_estimators': 82, 'max_depth': 12, 'min_samples_split': 8, 'min_samples_leaf': 1, 'class_weight': 'balanced'}. Best is trial 584 with value: 0.8792270531400965.
2025-02-02 17:06:21,193 - INFO - Trial 646 finished with value: 0.8508771929824562 and parameters: {'n_estimators': 218, 'max_depth': 20, 'min_samples_split': 6, 'min_samples_leaf': 2, 'class_weight': 'balanced'}. Best is trial 584 with value: 0.8792270531400965.
2025-02-02 17:06:21,492 - INFO - Trial 647 finished with value: 0.7662337662337663 and parameters: {'n_estimators': 130, 'max_depth': 11, 'min_samples_split': 7, 'min_samples_leaf': 1, 'class_weight': 'balanced'}. Best is trial 584 with value: 0.8792270531400965.
2025-02-02 17:06:21,740 - INFO - Trial 648 finished with value: 0.8188405797101449 and parameters: {'n_estimators': 109, 'max_depth': 20, 'min_samples_split': 6, 'min_samples_leaf': 2, 'class_weight': 'balanced'}. Best is trial 584 with value: 0.8792270531400965.
2025-02-02 17:06:22,144 - INFO - Trial 649 finished with value: 0.8508771929824562 and parameters: {'n_estimators': 206, 'max_depth': 14, 'min_samples_split': 5, 'min_samples_leaf': 1, 'class_weight': 'balanced'}. Best is trial 584 with value: 0.8792270531400965.
2025-02-02 17:06:22,465 - INFO - Trial 650 finished with value: 0.8508771929824562 and parameters: {'n_estimators': 158, 'max_depth': 10, 'min_samples_split': 8, 'min_samples_leaf': 1, 'class_weight': 'balanced'}. Best is trial 584 with value: 0.8792270531400965.
2025-02-02 17:06:22,781 - INFO - Trial 651 finished with value: 0.7662337662337663 and parameters: {'n_estimators': 148, 'max_depth': 19, 'min_samples_split': 7, 'min_samples_leaf': 3, 'class_weight': 'balanced'}. Best is trial 584 with value: 0.8792270531400965.
2025-02-02 17:06:23,140 - INFO - Trial 652 finished with value: 0.7853566958698374 and parameters: {'n_estimators': 180, 'max_depth': 13, 'min_samples_split': 7, 'min_samples_leaf': 2, 'class_weight': None}. Best is trial 584 with value: 0.8792270531400965.
2025-02-02 17:06:23,469 - INFO - Trial 653 finished with value: 0.8508771929824562 and parameters: {'n_estimators': 119, 'max_depth': 17, 'min_samples_split': 4, 'min_samples_leaf': 1, 'class_weight': 'balanced'}. Best is trial 584 with value: 0.8792270531400965.
2025-02-02 17:06:23,660 - INFO - Trial 654 finished with value: 0.8188405797101449 and parameters: {'n_estimators': 54, 'max_depth': 15, 'min_samples_split': 6, 'min_samples_leaf': 1, 'class_weight': 'balanced'}. Best is trial 584 with value: 0.8792270531400965.
2025-02-02 17:06:23,969 - INFO - Trial 655 finished with value: 0.8508771929824562 and parameters: {'n_estimators': 142, 'max_depth': 16, 'min_samples_split': 7, 'min_samples_leaf': 2, 'class_weight': 'balanced'}. Best is trial 584 with value: 0.8792270531400965.
2025-02-02 17:06:24,409 - INFO - Trial 656 finished with value: 0.8508771929824562 and parameters: {'n_estimators': 226, 'max_depth': 12, 'min_samples_split': 5, 'min_samples_leaf': 1, 'class_weight': 'balanced'}. Best is trial 584 with value: 0.8792270531400965.
2025-02-02 17:06:24,820 - INFO - Trial 657 finished with value: 0.8508771929824562 and parameters: {'n_estimators': 214, 'max_depth': 17, 'min_samples_split': 6, 'min_samples_leaf': 1, 'class_weight': 'balanced'}. Best is trial 584 with value: 0.8792270531400965.
2025-02-02 17:06:25,341 - INFO - Trial 658 finished with value: 0.8188405797101449 and parameters: {'n_estimators': 278, 'max_depth': 19, 'min_samples_split': 3, 'min_samples_leaf': 1, 'class_weight': 'balanced'}. Best is trial 584 with value: 0.8792270531400965.
2025-02-02 17:06:25,528 - INFO - Trial 659 finished with value: 0.8508771929824562 and parameters: {'n_estimators': 63, 'max_depth': 18, 'min_samples_split': 8, 'min_samples_leaf': 2, 'class_weight': 'balanced'}. Best is trial 584 with value: 0.8792270531400965.
2025-02-02 17:06:25,905 - INFO - Trial 660 finished with value: 0.8508771929824562 and parameters: {'n_estimators': 186, 'max_depth': 11, 'min_samples_split': 7, 'min_samples_leaf': 3, 'class_weight': 'balanced'}. Best is trial 584 with value: 0.8792270531400965.
2025-02-02 17:06:26,123 - INFO - Trial 661 finished with value: 0.8508771929824562 and parameters: {'n_estimators': 88, 'max_depth': 16, 'min_samples_split': 6, 'min_samples_leaf': 1, 'class_weight': 'balanced'}. Best is trial 584 with value: 0.8792270531400965.
2025-02-02 17:06:26,275 - INFO - Trial 662 finished with value: 0.7912280701754386 and parameters: {'n_estimators': 50, 'max_depth': 14, 'min_samples_split': 7, 'min_samples_leaf': 2, 'class_weight': 'balanced'}. Best is trial 584 with value: 0.8792270531400965.
2025-02-02 17:06:26,622 - INFO - Trial 663 finished with value: 0.75 and parameters: {'n_estimators': 171, 'max_depth': 4, 'min_samples_split': 5, 'min_samples_leaf': 1, 'class_weight': None}. Best is trial 584 with value: 0.8792270531400965.
2025-02-02 17:06:26,911 - INFO - Trial 664 finished with value: 0.8188405797101449 and parameters: {'n_estimators': 139, 'max_depth': 18, 'min_samples_split': 7, 'min_samples_leaf': 2, 'class_weight': 'balanced'}. Best is trial 584 with value: 0.8792270531400965.
2025-02-02 17:06:27,192 - INFO - Trial 665 finished with value: 0.8227272727272728 and parameters: {'n_estimators': 130, 'max_depth': 15, 'min_samples_split': 6, 'min_samples_leaf': 1, 'class_weight': 'balanced'}. Best is trial 584 with value: 0.8792270531400965.
2025-02-02 17:06:27,532 - INFO - Trial 666 finished with value: 0.8188405797101449 and parameters: {'n_estimators': 161, 'max_depth': 13, 'min_samples_split': 5, 'min_samples_leaf': 3, 'class_weight': 'balanced'}. Best is trial 584 with value: 0.8792270531400965.
2025-02-02 17:06:27,843 - INFO - Trial 667 finished with value: 0.7912280701754386 and parameters: {'n_estimators': 150, 'max_depth': 20, 'min_samples_split': 4, 'min_samples_leaf': 4, 'class_weight': 'balanced'}. Best is trial 584 with value: 0.8792270531400965.
2025-02-02 17:06:28,234 - INFO - Trial 668 finished with value: 0.8508771929824562 and parameters: {'n_estimators': 222, 'max_depth': 18, 'min_samples_split': 2, 'min_samples_leaf': 1, 'class_weight': 'balanced'}. Best is trial 584 with value: 0.8792270531400965.
2025-02-02 17:06:28,613 - INFO - Trial 669 finished with value: 0.8508771929824562 and parameters: {'n_estimators': 210, 'max_depth': 12, 'min_samples_split': 8, 'min_samples_leaf': 1, 'class_weight': 'balanced'}. Best is trial 584 with value: 0.8792270531400965.
2025-02-02 17:06:28,892 - INFO - Trial 670 finished with value: 0.8227272727272728 and parameters: {'n_estimators': 112, 'max_depth': 19, 'min_samples_split': 7, 'min_samples_leaf': 2, 'class_weight': 'balanced'}. Best is trial 584 with value: 0.8792270531400965.
2025-02-02 17:06:29,263 - INFO - Trial 671 finished with value: 0.8508771929824562 and parameters: {'n_estimators': 200, 'max_depth': 15, 'min_samples_split': 6, 'min_samples_leaf': 1, 'class_weight': 'balanced'}. Best is trial 584 with value: 0.8792270531400965.
2025-02-02 17:06:29,429 - INFO - Trial 672 finished with value: 0.8188405797101449 and parameters: {'n_estimators': 67, 'max_depth': 14, 'min_samples_split': 7, 'min_samples_leaf': 1, 'class_weight': 'balanced'}. Best is trial 584 with value: 0.8792270531400965.
2025-02-02 17:06:29,678 - INFO - Trial 673 finished with value: 0.8508771929824562 and parameters: {'n_estimators': 122, 'max_depth': 12, 'min_samples_split': 8, 'min_samples_leaf': 2, 'class_weight': 'balanced'}. Best is trial 584 with value: 0.8792270531400965.
2025-02-02 17:06:30,019 - INFO - Trial 674 finished with value: 0.8508771929824562 and parameters: {'n_estimators': 191, 'max_depth': 9, 'min_samples_split': 7, 'min_samples_leaf': 1, 'class_weight': 'balanced'}. Best is trial 584 with value: 0.8792270531400965.
2025-02-02 17:06:30,337 - INFO - Trial 675 finished with value: 0.8188405797101449 and parameters: {'n_estimators': 165, 'max_depth': 14, 'min_samples_split': 6, 'min_samples_leaf': 3, 'class_weight': None}. Best is trial 584 with value: 0.8792270531400965.
2025-02-02 17:06:30,630 - INFO - Trial 676 finished with value: 0.8508771929824562 and parameters: {'n_estimators': 155, 'max_depth': 18, 'min_samples_split': 5, 'min_samples_leaf': 1, 'class_weight': 'balanced'}. Best is trial 584 with value: 0.8792270531400965.
2025-02-02 17:06:30,888 - INFO - Trial 677 finished with value: 0.8188405797101449 and parameters: {'n_estimators': 134, 'max_depth': 17, 'min_samples_split': 6, 'min_samples_leaf': 2, 'class_weight': 'balanced'}. Best is trial 584 with value: 0.8792270531400965.
2025-02-02 17:06:31,170 - INFO - Trial 678 finished with value: 0.8508771929824562 and parameters: {'n_estimators': 145, 'max_depth': 20, 'min_samples_split': 9, 'min_samples_leaf': 1, 'class_weight': 'balanced'}. Best is trial 584 with value: 0.8792270531400965.
2025-02-02 17:06:31,503 - INFO - Trial 679 finished with value: 0.8508771929824562 and parameters: {'n_estimators': 176, 'max_depth': 13, 'min_samples_split': 7, 'min_samples_leaf': 1, 'class_weight': 'balanced'}. Best is trial 584 with value: 0.8792270531400965.
2025-02-02 17:06:31,729 - INFO - Trial 680 finished with value: 0.7945736434108528 and parameters: {'n_estimators': 108, 'max_depth': 19, 'min_samples_split': 7, 'min_samples_leaf': 2, 'class_weight': 'balanced'}. Best is trial 584 with value: 0.8792270531400965.
2025-02-02 17:06:32,109 - INFO - Trial 681 finished with value: 0.8508771929824562 and parameters: {'n_estimators': 203, 'max_depth': 11, 'min_samples_split': 6, 'min_samples_leaf': 1, 'class_weight': 'balanced'}. Best is trial 584 with value: 0.8792270531400965.
2025-02-02 17:06:32,439 - INFO - Trial 682 finished with value: 0.8188405797101449 and parameters: {'n_estimators': 180, 'max_depth': 17, 'min_samples_split': 7, 'min_samples_leaf': 3, 'class_weight': 'balanced'}. Best is trial 584 with value: 0.8792270531400965.
2025-02-02 17:06:32,656 - INFO - Trial 683 finished with value: 0.8508771929824562 and parameters: {'n_estimators': 95, 'max_depth': 12, 'min_samples_split': 8, 'min_samples_leaf': 1, 'class_weight': 'balanced'}. Best is trial 584 with value: 0.8792270531400965.
2025-02-02 17:06:32,911 - INFO - Trial 684 finished with value: 0.8508771929824562 and parameters: {'n_estimators': 101, 'max_depth': 15, 'min_samples_split': 5, 'min_samples_leaf': 2, 'class_weight': 'balanced'}. Best is trial 584 with value: 0.8792270531400965.
2025-02-02 17:06:33,084 - INFO - Trial 685 finished with value: 0.8792270531400965 and parameters: {'n_estimators': 72, 'max_depth': 18, 'min_samples_split': 3, 'min_samples_leaf': 1, 'class_weight': 'balanced'}. Best is trial 584 with value: 0.8792270531400965.
2025-02-02 17:06:33,469 - INFO - Trial 686 finished with value: 0.8508771929824562 and parameters: {'n_estimators': 208, 'max_depth': 18, 'min_samples_split': 4, 'min_samples_leaf': 1, 'class_weight': 'balanced'}. Best is trial 584 with value: 0.8792270531400965.
2025-02-02 17:06:33,648 - INFO - Trial 687 finished with value: 0.75 and parameters: {'n_estimators': 71, 'max_depth': 5, 'min_samples_split': 2, 'min_samples_leaf': 1, 'class_weight': None}. Best is trial 584 with value: 0.8792270531400965.
2025-02-02 17:06:33,853 - INFO - Trial 688 finished with value: 0.8188405797101449 and parameters: {'n_estimators': 77, 'max_depth': 16, 'min_samples_split': 3, 'min_samples_leaf': 1, 'class_weight': 'balanced'}. Best is trial 584 with value: 0.8792270531400965.
2025-02-02 17:06:34,077 - INFO - Trial 689 finished with value: 0.8188405797101449 and parameters: {'n_estimators': 83, 'max_depth': 20, 'min_samples_split': 3, 'min_samples_leaf': 2, 'class_weight': 'balanced'}. Best is trial 584 with value: 0.8792270531400965.
2025-02-02 17:06:34,261 - INFO - Trial 690 finished with value: 0.8188405797101449 and parameters: {'n_estimators': 76, 'max_depth': 10, 'min_samples_split': 3, 'min_samples_leaf': 4, 'class_weight': 'balanced'}. Best is trial 584 with value: 0.8792270531400965.
2025-02-02 17:06:34,435 - INFO - Trial 691 finished with value: 0.8508771929824562 and parameters: {'n_estimators': 70, 'max_depth': 13, 'min_samples_split': 2, 'min_samples_leaf': 2, 'class_weight': 'balanced'}. Best is trial 584 with value: 0.8792270531400965.
2025-02-02 17:06:34,617 - INFO - Trial 692 finished with value: 0.8508771929824562 and parameters: {'n_estimators': 75, 'max_depth': 18, 'min_samples_split': 3, 'min_samples_leaf': 1, 'class_weight': 'balanced'}. Best is trial 584 with value: 0.8792270531400965.
2025-02-02 17:06:34,789 - INFO - Trial 693 finished with value: 0.8188405797101449 and parameters: {'n_estimators': 65, 'max_depth': 16, 'min_samples_split': 2, 'min_samples_leaf': 3, 'class_weight': 'balanced'}. Best is trial 584 with value: 0.8792270531400965.
2025-02-02 17:06:34,988 - INFO - Trial 694 finished with value: 0.75 and parameters: {'n_estimators': 81, 'max_depth': 19, 'min_samples_split': 2, 'min_samples_leaf': 1, 'class_weight': 'balanced'}. Best is trial 584 with value: 0.8792270531400965.
