2025-02-02 16:15:20,978 - INFO - Trial 81 finished with value: 0.8188405797101449 and parameters: {'max_depth': 13, 'min_samples_split': 8, 'min_samples_leaf': 4, 'class_weight': None}. Best is trial 0 with value: 0.9375.
2025-02-02 16:15:20,996 - INFO - Trial 82 finished with value: 0.8188405797101449 and parameters: {'max_depth': 12, 'min_samples_split': 9, 'min_samples_leaf': 4, 'class_weight': None}. Best is trial 0 with value: 0.9375.
2025-02-02 16:15:21,012 - INFO - Trial 83 finished with value: 0.8188405797101449 and parameters: {'max_depth': 19, 'min_samples_split': 8, 'min_samples_leaf': 4, 'class_weight': None}. Best is trial 0 with value: 0.9375.
2025-02-02 16:15:21,028 - INFO - Trial 84 finished with value: 0.8188405797101449 and parameters: {'max_depth': 11, 'min_samples_split': 7, 'min_samples_leaf': 4, 'class_weight': None}. Best is trial 0 with value: 0.9375.
2025-02-02 16:15:21,043 - INFO - Trial 85 finished with value: 0.8188405797101449 and parameters: {'max_depth': 12, 'min_samples_split': 8, 'min_samples_leaf': 4, 'class_weight': None}. Best is trial 0 with value: 0.9375.
2025-02-02 16:15:21,059 - INFO - Trial 86 finished with value: 0.9375 and parameters: {'max_depth': 10, 'min_samples_split': 8, 'min_samples_leaf': 4, 'class_weight': None}. Best is trial 0 with value: 0.9375.
2025-02-02 16:15:21,074 - INFO - Trial 87 finished with value: 0.8188405797101449 and parameters: {'max_depth': 13, 'min_samples_split': 7, 'min_samples_leaf': 3, 'class_weight': None}. Best is trial 0 with value: 0.9375.
2025-02-02 16:15:21,091 - INFO - Trial 88 finished with value: 0.8188405797101449 and parameters: {'max_depth': 20, 'min_samples_split': 9, 'min_samples_leaf': 4, 'class_weight': None}. Best is trial 0 with value: 0.9375.
2025-02-02 16:15:21,108 - INFO - Trial 89 finished with value: 0.8532668881506091 and parameters: {'max_depth': 14, 'min_samples_split': 7, 'min_samples_leaf': 4, 'class_weight': 'balanced'}. Best is trial 0 with value: 0.9375.
2025-02-02 16:15:21,124 - INFO - Trial 90 finished with value: 0.9375 and parameters: {'max_depth': 3, 'min_samples_split': 8, 'min_samples_leaf': 4, 'class_weight': None}. Best is trial 0 with value: 0.9375.
2025-02-02 16:15:21,140 - INFO - Trial 91 finished with value: 0.8188405797101449 and parameters: {'max_depth': 11, 'min_samples_split': 8, 'min_samples_leaf': 4, 'class_weight': None}. Best is trial 0 with value: 0.9375.
2025-02-02 16:15:21,156 - INFO - Trial 92 finished with value: 0.9080100125156445 and parameters: {'max_depth': 10, 'min_samples_split': 8, 'min_samples_leaf': 4, 'class_weight': None}. Best is trial 0 with value: 0.9375.
2025-02-02 16:15:21,172 - INFO - Trial 93 finished with value: 0.9375 and parameters: {'max_depth': 9, 'min_samples_split': 7, 'min_samples_leaf': 4, 'class_weight': None}. Best is trial 0 with value: 0.9375.
2025-02-02 16:15:21,188 - INFO - Trial 94 finished with value: 0.8188405797101449 and parameters: {'max_depth': 9, 'min_samples_split': 8, 'min_samples_leaf': 4, 'class_weight': None}. Best is trial 0 with value: 0.9375.
2025-02-02 16:15:21,204 - INFO - Trial 95 finished with value: 0.8188405797101449 and parameters: {'max_depth': 10, 'min_samples_split': 9, 'min_samples_leaf': 4, 'class_weight': None}. Best is trial 0 with value: 0.9375.
2025-02-02 16:15:21,219 - INFO - Trial 96 finished with value: 0.9080100125156445 and parameters: {'max_depth': 12, 'min_samples_split': 8, 'min_samples_leaf': 3, 'class_weight': None}. Best is trial 0 with value: 0.9375.
2025-02-02 16:15:21,235 - INFO - Trial 97 finished with value: 0.8188405797101449 and parameters: {'max_depth': 11, 'min_samples_split': 7, 'min_samples_leaf': 4, 'class_weight': None}. Best is trial 0 with value: 0.9375.
2025-02-02 16:15:21,251 - INFO - Trial 98 finished with value: 0.8188405797101449 and parameters: {'max_depth': 8, 'min_samples_split': 7, 'min_samples_leaf': 4, 'class_weight': None}. Best is trial 0 with value: 0.9375.
2025-02-02 16:15:21,268 - INFO - Trial 99 finished with value: 0.9080100125156445 and parameters: {'max_depth': 19, 'min_samples_split': 8, 'min_samples_leaf': 4, 'class_weight': None}. Best is trial 0 with value: 0.9375.
2025-02-02 16:15:21,324 - INFO - A new study created in memory with name: no-name-3fc4af36-1344-46a0-9211-5efb4738c17b
2025-02-02 16:15:22,246 - INFO - Trial 0 finished with value: 0.8125 and parameters: {'n_estimators': 272, 'max_depth': 20, 'learning_rate': 0.1371872101944795, 'subsample': 0.9046492956128609}. Best is trial 0 with value: 0.8125.
2025-02-02 16:15:22,308 - INFO - Trial 1 finished with value: 0.8125 and parameters: {'n_estimators': 217, 'max_depth': 15, 'learning_rate': 0.11348996255802113, 'subsample': 0.9872613778943065}. Best is trial 0 with value: 0.8125.
2025-02-02 16:15:22,341 - INFO - Trial 2 finished with value: 0.7853566958698374 and parameters: {'n_estimators': 80, 'max_depth': 17, 'learning_rate': 0.039908955611335804, 'subsample': 0.900647620945392}. Best is trial 0 with value: 0.8125.
2025-02-02 16:15:22,384 - INFO - Trial 3 finished with value: 0.846683354192741 and parameters: {'n_estimators': 153, 'max_depth': 7, 'learning_rate': 0.19065213862973954, 'subsample': 0.7013603064524869}. Best is trial 3 with value: 0.846683354192741.
2025-02-02 16:15:22,444 - INFO - Trial 4 finished with value: 0.8125 and parameters: {'n_estimators': 232, 'max_depth': 18, 'learning_rate': 0.1945614805931466, 'subsample': 0.9672594153127075}. Best is trial 3 with value: 0.846683354192741.
2025-02-02 16:15:22,523 - INFO - Trial 5 finished with value: 0.8125 and parameters: {'n_estimators': 284, 'max_depth': 14, 'learning_rate': 0.1797515357714344, 'subsample': 0.869541332439717}. Best is trial 3 with value: 0.846683354192741.
2025-02-02 16:15:22,550 - INFO - Trial 6 finished with value: 0.7122448979591838 and parameters: {'n_estimators': 63, 'max_depth': 5, 'learning_rate': 0.021520290484180256, 'subsample': 0.6644384661157533}. Best is trial 3 with value: 0.846683354192741.
2025-02-02 16:15:22,596 - INFO - Trial 7 finished with value: 0.7853566958698374 and parameters: {'n_estimators': 180, 'max_depth': 6, 'learning_rate': 0.09944965849097293, 'subsample': 0.7844447303209072}. Best is trial 3 with value: 0.846683354192741.
2025-02-02 16:15:22,665 - INFO - Trial 8 finished with value: 0.7853566958698374 and parameters: {'n_estimators': 275, 'max_depth': 12, 'learning_rate': 0.030272853752932156, 'subsample': 0.8820329557537442}. Best is trial 3 with value: 0.846683354192741.
2025-02-02 16:15:22,696 - INFO - Trial 9 finished with value: 0.7853566958698374 and parameters: {'n_estimators': 117, 'max_depth': 14, 'learning_rate': 0.0526469145591453, 'subsample': 0.8715106183361458}. Best is trial 3 with value: 0.846683354192741.
2025-02-02 16:15:22,745 - INFO - Trial 10 finished with value: 0.846683354192741 and parameters: {'n_estimators': 149, 'max_depth': 8, 'learning_rate': 0.1575515188906035, 'subsample': 0.525065915821947}. Best is trial 3 with value: 0.846683354192741.
2025-02-02 16:15:22,793 - INFO - Trial 11 finished with value: 0.7853566958698374 and parameters: {'n_estimators': 139, 'max_depth': 8, 'learning_rate': 0.1528001310879114, 'subsample': 0.5103156532483335}. Best is trial 3 with value: 0.846683354192741.
2025-02-02 16:15:22,843 - INFO - Trial 12 finished with value: 0.8125 and parameters: {'n_estimators': 128, 'max_depth': 9, 'learning_rate': 0.16712231646721537, 'subsample': 0.5582274432742054}. Best is trial 3 with value: 0.846683354192741.
2025-02-02 16:15:22,895 - INFO - Trial 13 finished with value: 0.846683354192741 and parameters: {'n_estimators': 172, 'max_depth': 3, 'learning_rate': 0.19505655914922998, 'subsample': 0.6404318935122808}. Best is trial 3 with value: 0.846683354192741.
2025-02-02 16:15:22,948 - INFO - Trial 14 finished with value: 0.7853566958698374 and parameters: {'n_estimators': 176, 'max_depth': 10, 'learning_rate': 0.12823263927576922, 'subsample': 0.7185763125432686}. Best is trial 3 with value: 0.846683354192741.
2025-02-02 16:15:22,991 - INFO - Trial 15 finished with value: 0.7853566958698374 and parameters: {'n_estimators': 107, 'max_depth': 7, 'learning_rate': 0.0870358400920353, 'subsample': 0.5998191228458188}. Best is trial 3 with value: 0.846683354192741.
2025-02-02 16:15:23,041 - INFO - Trial 16 finished with value: 0.8125 and parameters: {'n_estimators': 147, 'max_depth': 3, 'learning_rate': 0.1583004152946178, 'subsample': 0.7705241419360589}. Best is trial 3 with value: 0.846683354192741.
2025-02-02 16:15:23,102 - INFO - Trial 17 finished with value: 0.8125 and parameters: {'n_estimators': 211, 'max_depth': 11, 'learning_rate': 0.07034757621077528, 'subsample': 0.5020185859812}. Best is trial 3 with value: 0.846683354192741.
2025-02-02 16:15:23,144 - INFO - Trial 18 finished with value: 0.846683354192741 and parameters: {'n_estimators': 99, 'max_depth': 5, 'learning_rate': 0.1737426609100586, 'subsample': 0.7344053295913171}. Best is trial 3 with value: 0.846683354192741.
2025-02-02 16:15:23,218 - INFO - Trial 19 finished with value: 0.846683354192741 and parameters: {'n_estimators': 155, 'max_depth': 8, 'learning_rate': 0.1447008530778387, 'subsample': 0.6726429694117019}. Best is trial 3 with value: 0.846683354192741.
2025-02-02 16:15:23,282 - INFO - Trial 20 finished with value: 0.8125 and parameters: {'n_estimators': 193, 'max_depth': 12, 'learning_rate': 0.12204317931967541, 'subsample': 0.5706803780313265}. Best is trial 3 with value: 0.846683354192741.
2025-02-02 16:15:23,335 - INFO - Trial 21 finished with value: 0.846683354192741 and parameters: {'n_estimators': 159, 'max_depth': 3, 'learning_rate': 0.19888680772571415, 'subsample': 0.6282325638262922}. Best is trial 3 with value: 0.846683354192741.
2025-02-02 16:15:23,398 - INFO - Trial 22 finished with value: 0.846683354192741 and parameters: {'n_estimators': 196, 'max_depth': 5, 'learning_rate': 0.18501354140088075, 'subsample': 0.6870884780410698}. Best is trial 3 with value: 0.846683354192741.
2025-02-02 16:15:23,464 - INFO - Trial 23 finished with value: 0.8125 and parameters: {'n_estimators': 247, 'max_depth': 3, 'learning_rate': 0.16734955910902452, 'subsample': 0.634832879158174}. Best is trial 3 with value: 0.846683354192741.
2025-02-02 16:15:23,516 - INFO - Trial 24 finished with value: 0.846683354192741 and parameters: {'n_estimators': 165, 'max_depth': 7, 'learning_rate': 0.1871732436594564, 'subsample': 0.8055173293573843}. Best is trial 3 with value: 0.846683354192741.
2025-02-02 16:15:23,562 - INFO - Trial 25 finished with value: 0.7853566958698374 and parameters: {'n_estimators': 136, 'max_depth': 10, 'learning_rate': 0.1999454479168983, 'subsample': 0.5518557614770846}. Best is trial 3 with value: 0.846683354192741.
2025-02-02 16:15:23,601 - INFO - Trial 26 finished with value: 0.8125 and parameters: {'n_estimators': 85, 'max_depth': 4, 'learning_rate': 0.1574680433105552, 'subsample': 0.6024906319138749}. Best is trial 3 with value: 0.846683354192741.
2025-02-02 16:15:23,657 - INFO - Trial 27 finished with value: 0.7853566958698374 and parameters: {'n_estimators': 191, 'max_depth': 7, 'learning_rate': 0.17807015233678453, 'subsample': 0.7067993138683747}. Best is trial 3 with value: 0.846683354192741.
2025-02-02 16:15:23,701 - INFO - Trial 28 finished with value: 0.8125 and parameters: {'n_estimators': 123, 'max_depth': 6, 'learning_rate': 0.13248303214550466, 'subsample': 0.8139591957995997}. Best is trial 3 with value: 0.846683354192741.
2025-02-02 16:15:23,769 - INFO - Trial 29 finished with value: 0.846683354192741 and parameters: {'n_estimators': 259, 'max_depth': 9, 'learning_rate': 0.14211188685818393, 'subsample': 0.6407682898239714}. Best is trial 3 with value: 0.846683354192741.
2025-02-02 16:15:23,827 - INFO - Trial 30 finished with value: 0.8125 and parameters: {'n_estimators': 214, 'max_depth': 4, 'learning_rate': 0.16558563322956785, 'subsample': 0.5333530666342603}. Best is trial 3 with value: 0.846683354192741.
2025-02-02 16:15:23,869 - INFO - Trial 31 finished with value: 0.846683354192741 and parameters: {'n_estimators': 98, 'max_depth': 4, 'learning_rate': 0.17326942815148458, 'subsample': 0.7289858133804105}. Best is trial 3 with value: 0.846683354192741.
2025-02-02 16:15:23,912 - INFO - Trial 32 finished with value: 0.846683354192741 and parameters: {'n_estimators': 104, 'max_depth': 5, 'learning_rate': 0.19071744974780822, 'subsample': 0.7490022280148878}. Best is trial 3 with value: 0.846683354192741.
2025-02-02 16:15:23,947 - INFO - Trial 33 finished with value: 0.7853566958698374 and parameters: {'n_estimators': 63, 'max_depth': 6, 'learning_rate': 0.17938809370702458, 'subsample': 0.8304994405731363}. Best is trial 3 with value: 0.846683354192741.
2025-02-02 16:15:23,985 - INFO - Trial 34 finished with value: 0.7853566958698374 and parameters: {'n_estimators': 82, 'max_depth': 5, 'learning_rate': 0.14939945828699563, 'subsample': 0.7481624723135183}. Best is trial 3 with value: 0.846683354192741.
2025-02-02 16:15:24,038 - INFO - Trial 35 finished with value: 0.8125 and parameters: {'n_estimators': 167, 'max_depth': 8, 'learning_rate': 0.18760629876216575, 'subsample': 0.5882413017128726}. Best is trial 3 with value: 0.846683354192741.
2025-02-02 16:15:24,087 - INFO - Trial 36 finished with value: 0.846683354192741 and parameters: {'n_estimators': 142, 'max_depth': 19, 'learning_rate': 0.11591565150695199, 'subsample': 0.6931021075493239}. Best is trial 3 with value: 0.846683354192741.
2025-02-02 16:15:24,119 - INFO - Trial 37 finished with value: 0.7853566958698374 and parameters: {'n_estimators': 51, 'max_depth': 6, 'learning_rate': 0.17239958951820838, 'subsample': 0.6537794395451939}. Best is trial 3 with value: 0.846683354192741.
2025-02-02 16:15:24,178 - INFO - Trial 38 finished with value: 0.7853566958698374 and parameters: {'n_estimators': 182, 'max_depth': 4, 'learning_rate': 0.1023619914076663, 'subsample': 0.9682590460719002}. Best is trial 3 with value: 0.846683354192741.
2025-02-02 16:15:24,254 - INFO - Trial 39 finished with value: 0.846683354192741 and parameters: {'n_estimators': 298, 'max_depth': 9, 'learning_rate': 0.19191280941366687, 'subsample': 0.6166037593320742}. Best is trial 3 with value: 0.846683354192741.
2025-02-02 16:15:24,298 - INFO - Trial 40 finished with value: 0.8125 and parameters: {'n_estimators': 115, 'max_depth': 15, 'learning_rate': 0.1587389876370033, 'subsample': 0.7827391564650427}. Best is trial 3 with value: 0.846683354192741.
2025-02-02 16:15:24,349 - INFO - Trial 41 finished with value: 0.846683354192741 and parameters: {'n_estimators': 151, 'max_depth': 8, 'learning_rate': 0.14312427468915995, 'subsample': 0.6701530151511179}. Best is trial 3 with value: 0.846683354192741.
2025-02-02 16:15:24,395 - INFO - Trial 42 finished with value: 0.846683354192741 and parameters: {'n_estimators': 132, 'max_depth': 7, 'learning_rate': 0.14727197767109604, 'subsample': 0.67549485606911}. Best is trial 3 with value: 0.846683354192741.
2025-02-02 16:15:24,449 - INFO - Trial 43 finished with value: 0.846683354192741 and parameters: {'n_estimators': 157, 'max_depth': 11, 'learning_rate': 0.18064675572009553, 'subsample': 0.7330128290411009}. Best is trial 3 with value: 0.846683354192741.
2025-02-02 16:15:24,504 - INFO - Trial 44 finished with value: 0.8125 and parameters: {'n_estimators': 172, 'max_depth': 6, 'learning_rate': 0.135671666719942, 'subsample': 0.701349294383024}. Best is trial 3 with value: 0.846683354192741.
2025-02-02 16:15:24,574 - INFO - Trial 45 finished with value: 0.7853566958698374 and parameters: {'n_estimators': 203, 'max_depth': 8, 'learning_rate': 0.01118462974029194, 'subsample': 0.840488757156293}. Best is trial 3 with value: 0.846683354192741.
2025-02-02 16:15:24,630 - INFO - Trial 46 finished with value: 0.8125 and parameters: {'n_estimators': 184, 'max_depth': 10, 'learning_rate': 0.16968276897774312, 'subsample': 0.65480560415129}. Best is trial 3 with value: 0.846683354192741.
2025-02-02 16:15:24,673 - INFO - Trial 47 finished with value: 0.7853566958698374 and parameters: {'n_estimators': 94, 'max_depth': 5, 'learning_rate': 0.08884297172472036, 'subsample': 0.9312119788435094}. Best is trial 3 with value: 0.846683354192741.
2025-02-02 16:15:24,725 - INFO - Trial 48 finished with value: 0.846683354192741 and parameters: {'n_estimators': 152, 'max_depth': 13, 'learning_rate': 0.16298302938892312, 'subsample': 0.5281760072179978}. Best is trial 3 with value: 0.846683354192741.
2025-02-02 16:15:24,789 - INFO - Trial 49 finished with value: 0.846683354192741 and parameters: {'n_estimators': 235, 'max_depth': 3, 'learning_rate': 0.15190424386451917, 'subsample': 0.5784593460908278}. Best is trial 3 with value: 0.846683354192741.
2025-02-02 16:15:24,833 - INFO - Trial 50 finished with value: 0.8125 and parameters: {'n_estimators': 115, 'max_depth': 9, 'learning_rate': 0.19539076988472023, 'subsample': 0.7734233482100782}. Best is trial 3 with value: 0.846683354192741.
2025-02-02 16:15:24,885 - INFO - Trial 51 finished with value: 0.8125 and parameters: {'n_estimators': 160, 'max_depth': 3, 'learning_rate': 0.19937729284711897, 'subsample': 0.6218684694912038}. Best is trial 3 with value: 0.846683354192741.
2025-02-02 16:15:24,934 - INFO - Trial 52 finished with value: 0.846683354192741 and parameters: {'n_estimators': 144, 'max_depth': 4, 'learning_rate': 0.18197700461337224, 'subsample': 0.678396793918108}. Best is trial 3 with value: 0.846683354192741.
2025-02-02 16:15:24,989 - INFO - Trial 53 finished with value: 0.8125 and parameters: {'n_estimators': 173, 'max_depth': 3, 'learning_rate': 0.17420780579143028, 'subsample': 0.7165805262334584}. Best is trial 3 with value: 0.846683354192741.
2025-02-02 16:15:25,042 - INFO - Trial 54 finished with value: 0.8125 and parameters: {'n_estimators': 161, 'max_depth': 5, 'learning_rate': 0.19497564151174235, 'subsample': 0.6374761855915406}. Best is trial 3 with value: 0.846683354192741.
2025-02-02 16:15:25,103 - INFO - Trial 55 finished with value: 0.8125 and parameters: {'n_estimators': 123, 'max_depth': 7, 'learning_rate': 0.187943400402383, 'subsample': 0.6081318584359289}. Best is trial 3 with value: 0.846683354192741.
2025-02-02 16:15:25,180 - INFO - Trial 56 finished with value: 0.875 and parameters: {'n_estimators': 229, 'max_depth': 4, 'learning_rate': 0.1251263955036832, 'subsample': 0.6540717285129308}. Best is trial 56 with value: 0.875.
2025-02-02 16:15:25,257 - INFO - Trial 57 finished with value: 0.8188405797101449 and parameters: {'n_estimators': 227, 'max_depth': 6, 'learning_rate': 0.11058997768508938, 'subsample': 0.7571770020595997}. Best is trial 56 with value: 0.875.
2025-02-02 16:15:25,321 - INFO - Trial 58 finished with value: 0.875 and parameters: {'n_estimators': 223, 'max_depth': 16, 'learning_rate': 0.12852794782074972, 'subsample': 0.6575299403534453}. Best is trial 56 with value: 0.875.
2025-02-02 16:15:25,385 - INFO - Trial 59 finished with value: 0.8125 and parameters: {'n_estimators': 225, 'max_depth': 16, 'learning_rate': 0.13008493011711533, 'subsample': 0.5550666318322236}. Best is trial 56 with value: 0.875.
2025-02-02 16:15:25,461 - INFO - Trial 60 finished with value: 0.846683354192741 and parameters: {'n_estimators': 258, 'max_depth': 17, 'learning_rate': 0.08866926622744059, 'subsample': 0.6505936738459461}. Best is trial 56 with value: 0.875.
2025-02-02 16:15:25,522 - INFO - Trial 61 finished with value: 0.846683354192741 and parameters: {'n_estimators': 204, 'max_depth': 19, 'learning_rate': 0.14419365400216516, 'subsample': 0.6955980440874854}. Best is trial 56 with value: 0.875.
2025-02-02 16:15:25,590 - INFO - Trial 62 finished with value: 0.846683354192741 and parameters: {'n_estimators': 236, 'max_depth': 13, 'learning_rate': 0.12759940429826322, 'subsample': 0.7171471342838478}. Best is trial 56 with value: 0.875.
2025-02-02 16:15:25,648 - INFO - Trial 63 finished with value: 0.846683354192741 and parameters: {'n_estimators': 186, 'max_depth': 4, 'learning_rate': 0.11873186305279564, 'subsample': 0.6637760480411034}. Best is trial 56 with value: 0.875.
2025-02-02 16:15:25,718 - INFO - Trial 64 finished with value: 0.8125 and parameters: {'n_estimators': 246, 'max_depth': 5, 'learning_rate': 0.13871447180217855, 'subsample': 0.7409119223868614}. Best is trial 56 with value: 0.875.
2025-02-02 16:15:25,780 - INFO - Trial 65 finished with value: 0.846683354192741 and parameters: {'n_estimators': 209, 'max_depth': 7, 'learning_rate': 0.1092097327478529, 'subsample': 0.6894520644648257}. Best is trial 56 with value: 0.875.
2025-02-02 16:15:25,832 - INFO - Trial 66 finished with value: 0.8125 and parameters: {'n_estimators': 137, 'max_depth': 8, 'learning_rate': 0.1238287935430725, 'subsample': 0.5862449660862759}. Best is trial 56 with value: 0.875.
2025-02-02 16:15:25,896 - INFO - Trial 67 finished with value: 0.8125 and parameters: {'n_estimators': 220, 'max_depth': 11, 'learning_rate': 0.15887583879937012, 'subsample': 0.6320862847400328}. Best is trial 56 with value: 0.875.
2025-02-02 16:15:25,960 - INFO - Trial 68 finished with value: 0.7853566958698374 and parameters: {'n_estimators': 198, 'max_depth': 10, 'learning_rate': 0.04098178039498261, 'subsample': 0.7115650803565734}. Best is trial 56 with value: 0.875.
2025-02-02 16:15:26,060 - INFO - Trial 69 finished with value: 0.8125 and parameters: {'n_estimators': 273, 'max_depth': 4, 'learning_rate': 0.13685448260386499, 'subsample': 0.7629726289975779}. Best is trial 56 with value: 0.875.
2025-02-02 16:15:26,128 - INFO - Trial 70 finished with value: 0.8125 and parameters: {'n_estimators': 178, 'max_depth': 6, 'learning_rate': 0.0966812838050242, 'subsample': 0.5331219611829021}. Best is trial 56 with value: 0.875.
