2025-02-02 17:07:53,668 - INFO - Trial 588 finished with value: 0.8188405797101449 and parameters: {'max_depth': 3, 'min_samples_split': 2, 'min_samples_leaf': 2, 'class_weight': None}. Best is trial 49 with value: 0.9396135265700484.
2025-02-02 17:07:53,695 - INFO - Trial 589 finished with value: 0.8188405797101449 and parameters: {'max_depth': 16, 'min_samples_split': 5, 'min_samples_leaf': 2, 'class_weight': None}. Best is trial 49 with value: 0.9396135265700484.
2025-02-02 17:07:53,722 - INFO - Trial 590 finished with value: 0.8188405797101449 and parameters: {'max_depth': 15, 'min_samples_split': 6, 'min_samples_leaf': 2, 'class_weight': None}. Best is trial 49 with value: 0.9396135265700484.
2025-02-02 17:07:53,748 - INFO - Trial 591 finished with value: 0.8188405797101449 and parameters: {'max_depth': 15, 'min_samples_split': 3, 'min_samples_leaf': 2, 'class_weight': None}. Best is trial 49 with value: 0.9396135265700484.
2025-02-02 17:07:53,777 - INFO - Trial 592 finished with value: 0.9396135265700484 and parameters: {'max_depth': 3, 'min_samples_split': 5, 'min_samples_leaf': 2, 'class_weight': None}. Best is trial 49 with value: 0.9396135265700484.
2025-02-02 17:07:53,803 - INFO - Trial 593 finished with value: 0.9396135265700484 and parameters: {'max_depth': 3, 'min_samples_split': 5, 'min_samples_leaf': 2, 'class_weight': None}. Best is trial 49 with value: 0.9396135265700484.
2025-02-02 17:07:53,830 - INFO - Trial 594 finished with value: 0.8188405797101449 and parameters: {'max_depth': 16, 'min_samples_split': 2, 'min_samples_leaf': 2, 'class_weight': None}. Best is trial 49 with value: 0.9396135265700484.
2025-02-02 17:07:53,856 - INFO - Trial 595 finished with value: 0.8818181818181818 and parameters: {'max_depth': 4, 'min_samples_split': 5, 'min_samples_leaf': 2, 'class_weight': None}. Best is trial 49 with value: 0.9396135265700484.
2025-02-02 17:07:53,883 - INFO - Trial 596 finished with value: 0.8188405797101449 and parameters: {'max_depth': 14, 'min_samples_split': 5, 'min_samples_leaf': 2, 'class_weight': None}. Best is trial 49 with value: 0.9396135265700484.
2025-02-02 17:07:53,909 - INFO - Trial 597 finished with value: 0.8188405797101449 and parameters: {'max_depth': 13, 'min_samples_split': 4, 'min_samples_leaf': 2, 'class_weight': None}. Best is trial 49 with value: 0.9396135265700484.
2025-02-02 17:07:53,936 - INFO - Trial 598 finished with value: 0.9080100125156445 and parameters: {'max_depth': 8, 'min_samples_split': 5, 'min_samples_leaf': 1, 'class_weight': None}. Best is trial 49 with value: 0.9396135265700484.
2025-02-02 17:07:53,963 - INFO - Trial 599 finished with value: 0.8818181818181818 and parameters: {'max_depth': 18, 'min_samples_split': 2, 'min_samples_leaf': 2, 'class_weight': None}. Best is trial 49 with value: 0.9396135265700484.
2025-02-02 17:07:53,999 - INFO - Trial 600 finished with value: 0.8188405797101449 and parameters: {'max_depth': 3, 'min_samples_split': 5, 'min_samples_leaf': 2, 'class_weight': None}. Best is trial 49 with value: 0.9396135265700484.
2025-02-02 17:07:54,033 - INFO - Trial 601 finished with value: 0.9105263157894736 and parameters: {'max_depth': 4, 'min_samples_split': 6, 'min_samples_leaf': 2, 'class_weight': None}. Best is trial 49 with value: 0.9396135265700484.
2025-02-02 17:07:54,061 - INFO - Trial 602 finished with value: 0.8188405797101449 and parameters: {'max_depth': 17, 'min_samples_split': 5, 'min_samples_leaf': 2, 'class_weight': 'balanced'}. Best is trial 49 with value: 0.9396135265700484.
2025-02-02 17:07:54,088 - INFO - Trial 603 finished with value: 0.9105263157894736 and parameters: {'max_depth': 16, 'min_samples_split': 2, 'min_samples_leaf': 2, 'class_weight': None}. Best is trial 49 with value: 0.9396135265700484.
2025-02-02 17:07:54,118 - INFO - Trial 604 finished with value: 0.9396135265700484 and parameters: {'max_depth': 3, 'min_samples_split': 5, 'min_samples_leaf': 2, 'class_weight': None}. Best is trial 49 with value: 0.9396135265700484.
2025-02-02 17:07:54,148 - INFO - Trial 605 finished with value: 0.8188405797101449 and parameters: {'max_depth': 15, 'min_samples_split': 5, 'min_samples_leaf': 2, 'class_weight': None}. Best is trial 49 with value: 0.9396135265700484.
2025-02-02 17:07:54,183 - INFO - Trial 606 finished with value: 0.9105263157894736 and parameters: {'max_depth': 16, 'min_samples_split': 3, 'min_samples_leaf': 2, 'class_weight': None}. Best is trial 49 with value: 0.9396135265700484.
2025-02-02 17:07:54,220 - INFO - Trial 607 finished with value: 0.8188405797101449 and parameters: {'max_depth': 3, 'min_samples_split': 5, 'min_samples_leaf': 2, 'class_weight': None}. Best is trial 49 with value: 0.9396135265700484.
2025-02-02 17:07:54,257 - INFO - Trial 608 finished with value: 0.8188405797101449 and parameters: {'max_depth': 17, 'min_samples_split': 4, 'min_samples_leaf': 2, 'class_weight': None}. Best is trial 49 with value: 0.9396135265700484.
2025-02-02 17:07:54,297 - INFO - Trial 609 finished with value: 0.8188405797101449 and parameters: {'max_depth': 4, 'min_samples_split': 3, 'min_samples_leaf': 2, 'class_weight': None}. Best is trial 49 with value: 0.9396135265700484.
2025-02-02 17:07:54,336 - INFO - Trial 610 finished with value: 0.7912280701754386 and parameters: {'max_depth': 15, 'min_samples_split': 2, 'min_samples_leaf': 2, 'class_weight': None}. Best is trial 49 with value: 0.9396135265700484.
2025-02-02 17:07:54,371 - INFO - Trial 611 finished with value: 0.8188405797101449 and parameters: {'max_depth': 5, 'min_samples_split': 5, 'min_samples_leaf': 2, 'class_weight': None}. Best is trial 49 with value: 0.9396135265700484.
2025-02-02 17:07:54,409 - INFO - Trial 612 finished with value: 0.9396135265700484 and parameters: {'max_depth': 14, 'min_samples_split': 5, 'min_samples_leaf': 2, 'class_weight': None}. Best is trial 49 with value: 0.9396135265700484.
2025-02-02 17:07:54,449 - INFO - Trial 613 finished with value: 0.8188405797101449 and parameters: {'max_depth': 3, 'min_samples_split': 7, 'min_samples_leaf': 2, 'class_weight': None}. Best is trial 49 with value: 0.9396135265700484.
2025-02-02 17:07:54,492 - INFO - Trial 614 finished with value: 0.8818181818181818 and parameters: {'max_depth': 16, 'min_samples_split': 10, 'min_samples_leaf': 2, 'class_weight': None}. Best is trial 49 with value: 0.9396135265700484.
2025-02-02 17:07:54,541 - INFO - Trial 615 finished with value: 0.9080100125156445 and parameters: {'max_depth': 3, 'min_samples_split': 5, 'min_samples_leaf': 3, 'class_weight': None}. Best is trial 49 with value: 0.9396135265700484.
2025-02-02 17:07:54,589 - INFO - Trial 616 finished with value: 0.7912280701754386 and parameters: {'max_depth': 6, 'min_samples_split': 2, 'min_samples_leaf': 2, 'class_weight': None}. Best is trial 49 with value: 0.9396135265700484.
2025-02-02 17:07:54,639 - INFO - Trial 617 finished with value: 0.8188405797101449 and parameters: {'max_depth': 15, 'min_samples_split': 5, 'min_samples_leaf': 2, 'class_weight': None}. Best is trial 49 with value: 0.9396135265700484.
2025-02-02 17:07:54,690 - INFO - Trial 618 finished with value: 0.7912280701754386 and parameters: {'max_depth': 4, 'min_samples_split': 6, 'min_samples_leaf': 2, 'class_weight': None}. Best is trial 49 with value: 0.9396135265700484.
2025-02-02 17:07:54,766 - INFO - Trial 619 finished with value: 0.9396135265700484 and parameters: {'max_depth': 3, 'min_samples_split': 4, 'min_samples_leaf': 2, 'class_weight': None}. Best is trial 49 with value: 0.9396135265700484.
2025-02-02 17:07:54,804 - INFO - Trial 620 finished with value: 0.8188405797101449 and parameters: {'max_depth': 16, 'min_samples_split': 2, 'min_samples_leaf': 2, 'class_weight': None}. Best is trial 49 with value: 0.9396135265700484.
2025-02-02 17:07:54,837 - INFO - Trial 621 finished with value: 0.8818181818181818 and parameters: {'max_depth': 15, 'min_samples_split': 5, 'min_samples_leaf': 2, 'class_weight': None}. Best is trial 49 with value: 0.9396135265700484.
2025-02-02 17:07:54,871 - INFO - Trial 622 finished with value: 0.8188405797101449 and parameters: {'max_depth': 3, 'min_samples_split': 3, 'min_samples_leaf': 2, 'class_weight': 'balanced'}. Best is trial 49 with value: 0.9396135265700484.
2025-02-02 17:07:54,904 - INFO - Trial 623 finished with value: 0.8188405797101449 and parameters: {'max_depth': 17, 'min_samples_split': 5, 'min_samples_leaf': 2, 'class_weight': None}. Best is trial 49 with value: 0.9396135265700484.
2025-02-02 17:07:54,934 - INFO - Trial 624 finished with value: 0.9396135265700484 and parameters: {'max_depth': 14, 'min_samples_split': 5, 'min_samples_leaf': 2, 'class_weight': None}. Best is trial 49 with value: 0.9396135265700484.
2025-02-02 17:07:54,967 - INFO - Trial 625 finished with value: 0.7912280701754386 and parameters: {'max_depth': 16, 'min_samples_split': 5, 'min_samples_leaf': 2, 'class_weight': None}. Best is trial 49 with value: 0.9396135265700484.
2025-02-02 17:07:54,999 - INFO - Trial 626 finished with value: 0.9396135265700484 and parameters: {'max_depth': 3, 'min_samples_split': 2, 'min_samples_leaf': 2, 'class_weight': None}. Best is trial 49 with value: 0.9396135265700484.
2025-02-02 17:07:55,028 - INFO - Trial 627 finished with value: 0.8818181818181818 and parameters: {'max_depth': 4, 'min_samples_split': 6, 'min_samples_leaf': 2, 'class_weight': None}. Best is trial 49 with value: 0.9396135265700484.
2025-02-02 17:07:55,060 - INFO - Trial 628 finished with value: 0.8818181818181818 and parameters: {'max_depth': 15, 'min_samples_split': 5, 'min_samples_leaf': 2, 'class_weight': None}. Best is trial 49 with value: 0.9396135265700484.
2025-02-02 17:07:55,095 - INFO - Trial 629 finished with value: 0.9396135265700484 and parameters: {'max_depth': 3, 'min_samples_split': 3, 'min_samples_leaf': 2, 'class_weight': None}. Best is trial 49 with value: 0.9396135265700484.
2025-02-02 17:07:55,125 - INFO - Trial 630 finished with value: 0.8188405797101449 and parameters: {'max_depth': 16, 'min_samples_split': 4, 'min_samples_leaf': 2, 'class_weight': None}. Best is trial 49 with value: 0.9396135265700484.
2025-02-02 17:07:55,155 - INFO - Trial 631 finished with value: 0.8188405797101449 and parameters: {'max_depth': 16, 'min_samples_split': 5, 'min_samples_leaf': 2, 'class_weight': None}. Best is trial 49 with value: 0.9396135265700484.
2025-02-02 17:07:55,195 - INFO - Trial 632 finished with value: 0.8818181818181818 and parameters: {'max_depth': 18, 'min_samples_split': 2, 'min_samples_leaf': 2, 'class_weight': None}. Best is trial 49 with value: 0.9396135265700484.
2025-02-02 17:07:55,234 - INFO - Trial 633 finished with value: 0.8188405797101449 and parameters: {'max_depth': 17, 'min_samples_split': 5, 'min_samples_leaf': 2, 'class_weight': None}. Best is trial 49 with value: 0.9396135265700484.
2025-02-02 17:07:55,267 - INFO - Trial 634 finished with value: 0.9396135265700484 and parameters: {'max_depth': 3, 'min_samples_split': 5, 'min_samples_leaf': 2, 'class_weight': None}. Best is trial 49 with value: 0.9396135265700484.
2025-02-02 17:07:55,296 - INFO - Trial 635 finished with value: 0.9105263157894736 and parameters: {'max_depth': 4, 'min_samples_split': 5, 'min_samples_leaf': 2, 'class_weight': None}. Best is trial 49 with value: 0.9396135265700484.
2025-02-02 17:07:55,326 - INFO - Trial 636 finished with value: 0.7912280701754386 and parameters: {'max_depth': 13, 'min_samples_split': 2, 'min_samples_leaf': 2, 'class_weight': None}. Best is trial 49 with value: 0.9396135265700484.
2025-02-02 17:07:55,357 - INFO - Trial 637 finished with value: 0.9105263157894736 and parameters: {'max_depth': 12, 'min_samples_split': 5, 'min_samples_leaf': 2, 'class_weight': None}. Best is trial 49 with value: 0.9396135265700484.
2025-02-02 17:07:55,394 - INFO - Trial 638 finished with value: 0.9396135265700484 and parameters: {'max_depth': 3, 'min_samples_split': 4, 'min_samples_leaf': 2, 'class_weight': None}. Best is trial 49 with value: 0.9396135265700484.
2025-02-02 17:07:55,429 - INFO - Trial 639 finished with value: 0.8188405797101449 and parameters: {'max_depth': 15, 'min_samples_split': 5, 'min_samples_leaf': 2, 'class_weight': 'balanced'}. Best is trial 49 with value: 0.9396135265700484.
2025-02-02 17:07:55,458 - INFO - Trial 640 finished with value: 0.8188405797101449 and parameters: {'max_depth': 4, 'min_samples_split': 3, 'min_samples_leaf': 2, 'class_weight': None}. Best is trial 49 with value: 0.9396135265700484.
2025-02-02 17:07:55,486 - INFO - Trial 641 finished with value: 0.9396135265700484 and parameters: {'max_depth': 17, 'min_samples_split': 2, 'min_samples_leaf': 2, 'class_weight': None}. Best is trial 49 with value: 0.9396135265700484.
2025-02-02 17:07:55,516 - INFO - Trial 642 finished with value: 0.8188405797101449 and parameters: {'max_depth': 16, 'min_samples_split': 5, 'min_samples_leaf': 2, 'class_weight': None}. Best is trial 49 with value: 0.9396135265700484.
2025-02-02 17:07:55,543 - INFO - Trial 643 finished with value: 0.9105263157894736 and parameters: {'max_depth': 5, 'min_samples_split': 6, 'min_samples_leaf': 2, 'class_weight': None}. Best is trial 49 with value: 0.9396135265700484.
2025-02-02 17:07:55,571 - INFO - Trial 644 finished with value: 0.7912280701754386 and parameters: {'max_depth': 14, 'min_samples_split': 5, 'min_samples_leaf': 2, 'class_weight': None}. Best is trial 49 with value: 0.9396135265700484.
2025-02-02 17:07:55,605 - INFO - Trial 645 finished with value: 0.8401360544217686 and parameters: {'max_depth': 15, 'min_samples_split': 5, 'min_samples_leaf': 1, 'class_weight': None}. Best is trial 49 with value: 0.9396135265700484.
2025-02-02 17:07:55,642 - INFO - Trial 646 finished with value: 0.9396135265700484 and parameters: {'max_depth': 3, 'min_samples_split': 2, 'min_samples_leaf': 2, 'class_weight': None}. Best is trial 49 with value: 0.9396135265700484.
2025-02-02 17:07:55,681 - INFO - Trial 647 finished with value: 0.8188405797101449 and parameters: {'max_depth': 16, 'min_samples_split': 4, 'min_samples_leaf': 2, 'class_weight': None}. Best is trial 49 with value: 0.9396135265700484.
2025-02-02 17:07:55,712 - INFO - Trial 648 finished with value: 0.8188405797101449 and parameters: {'max_depth': 3, 'min_samples_split': 9, 'min_samples_leaf': 2, 'class_weight': None}. Best is trial 49 with value: 0.9396135265700484.
2025-02-02 17:07:55,741 - INFO - Trial 649 finished with value: 0.8818181818181818 and parameters: {'max_depth': 17, 'min_samples_split': 3, 'min_samples_leaf': 2, 'class_weight': None}. Best is trial 49 with value: 0.9396135265700484.
2025-02-02 17:07:55,771 - INFO - Trial 650 finished with value: 0.8188405797101449 and parameters: {'max_depth': 3, 'min_samples_split': 5, 'min_samples_leaf': 2, 'class_weight': None}. Best is trial 49 with value: 0.9396135265700484.
2025-02-02 17:07:55,800 - INFO - Trial 651 finished with value: 0.9396135265700484 and parameters: {'max_depth': 15, 'min_samples_split': 5, 'min_samples_leaf': 2, 'class_weight': None}. Best is trial 49 with value: 0.9396135265700484.
2025-02-02 17:07:55,836 - INFO - Trial 652 finished with value: 0.9396135265700484 and parameters: {'max_depth': 3, 'min_samples_split': 5, 'min_samples_leaf': 2, 'class_weight': None}. Best is trial 49 with value: 0.9396135265700484.
2025-02-02 17:07:55,863 - INFO - Trial 653 finished with value: 0.9105263157894736 and parameters: {'max_depth': 4, 'min_samples_split': 2, 'min_samples_leaf': 2, 'class_weight': None}. Best is trial 49 with value: 0.9396135265700484.
2025-02-02 17:07:55,891 - INFO - Trial 654 finished with value: 0.7912280701754386 and parameters: {'max_depth': 16, 'min_samples_split': 5, 'min_samples_leaf': 2, 'class_weight': None}. Best is trial 49 with value: 0.9396135265700484.
2025-02-02 17:07:55,919 - INFO - Trial 655 finished with value: 0.9105263157894736 and parameters: {'max_depth': 18, 'min_samples_split': 5, 'min_samples_leaf': 2, 'class_weight': None}. Best is trial 49 with value: 0.9396135265700484.
2025-02-02 17:07:55,951 - INFO - Trial 656 finished with value: 0.8818181818181818 and parameters: {'max_depth': 15, 'min_samples_split': 2, 'min_samples_leaf': 2, 'class_weight': None}. Best is trial 49 with value: 0.9396135265700484.
2025-02-02 17:07:55,980 - INFO - Trial 657 finished with value: 0.9396135265700484 and parameters: {'max_depth': 3, 'min_samples_split': 6, 'min_samples_leaf': 2, 'class_weight': None}. Best is trial 49 with value: 0.9396135265700484.
2025-02-02 17:07:56,011 - INFO - Trial 658 finished with value: 0.8246753246753247 and parameters: {'max_depth': 17, 'min_samples_split': 8, 'min_samples_leaf': 2, 'class_weight': 'balanced'}. Best is trial 49 with value: 0.9396135265700484.
2025-02-02 17:07:56,042 - INFO - Trial 659 finished with value: 0.8818181818181818 and parameters: {'max_depth': 16, 'min_samples_split': 3, 'min_samples_leaf': 2, 'class_weight': None}. Best is trial 49 with value: 0.9396135265700484.
2025-02-02 17:07:56,073 - INFO - Trial 660 finished with value: 0.9396135265700484 and parameters: {'max_depth': 4, 'min_samples_split': 5, 'min_samples_leaf': 2, 'class_weight': None}. Best is trial 49 with value: 0.9396135265700484.
2025-02-02 17:07:56,102 - INFO - Trial 661 finished with value: 0.8818181818181818 and parameters: {'max_depth': 7, 'min_samples_split': 4, 'min_samples_leaf': 2, 'class_weight': None}. Best is trial 49 with value: 0.9396135265700484.
2025-02-02 17:07:56,134 - INFO - Trial 662 finished with value: 0.8188405797101449 and parameters: {'max_depth': 3, 'min_samples_split': 5, 'min_samples_leaf': 2, 'class_weight': None}. Best is trial 49 with value: 0.9396135265700484.
2025-02-02 17:07:56,178 - INFO - Trial 663 finished with value: 0.8188405797101449 and parameters: {'max_depth': 10, 'min_samples_split': 2, 'min_samples_leaf': 2, 'class_weight': None}. Best is trial 49 with value: 0.9396135265700484.
2025-02-02 17:07:56,214 - INFO - Trial 664 finished with value: 0.8188405797101449 and parameters: {'max_depth': 14, 'min_samples_split': 5, 'min_samples_leaf': 2, 'class_weight': None}. Best is trial 49 with value: 0.9396135265700484.
2025-02-02 17:07:56,249 - INFO - Trial 665 finished with value: 0.8818181818181818 and parameters: {'max_depth': 16, 'min_samples_split': 5, 'min_samples_leaf': 2, 'class_weight': None}. Best is trial 49 with value: 0.9396135265700484.
2025-02-02 17:07:56,284 - INFO - Trial 666 finished with value: 0.9396135265700484 and parameters: {'max_depth': 15, 'min_samples_split': 5, 'min_samples_leaf': 2, 'class_weight': None}. Best is trial 49 with value: 0.9396135265700484.
2025-02-02 17:07:56,316 - INFO - Trial 667 finished with value: 0.9396135265700484 and parameters: {'max_depth': 3, 'min_samples_split': 2, 'min_samples_leaf': 2, 'class_weight': None}. Best is trial 49 with value: 0.9396135265700484.
2025-02-02 17:07:56,348 - INFO - Trial 668 finished with value: 0.7912280701754386 and parameters: {'max_depth': 16, 'min_samples_split': 3, 'min_samples_leaf': 2, 'class_weight': None}. Best is trial 49 with value: 0.9396135265700484.
2025-02-02 17:07:56,379 - INFO - Trial 669 finished with value: 0.8188405797101449 and parameters: {'max_depth': 4, 'min_samples_split': 4, 'min_samples_leaf': 3, 'class_weight': None}. Best is trial 49 with value: 0.9396135265700484.
2025-02-02 17:07:56,416 - INFO - Trial 670 finished with value: 0.8818181818181818 and parameters: {'max_depth': 17, 'min_samples_split': 5, 'min_samples_leaf': 2, 'class_weight': None}. Best is trial 49 with value: 0.9396135265700484.
2025-02-02 17:07:56,449 - INFO - Trial 671 finished with value: 0.9396135265700484 and parameters: {'max_depth': 3, 'min_samples_split': 5, 'min_samples_leaf': 2, 'class_weight': None}. Best is trial 49 with value: 0.9396135265700484.
2025-02-02 17:07:56,479 - INFO - Trial 672 finished with value: 0.7912280701754386 and parameters: {'max_depth': 15, 'min_samples_split': 6, 'min_samples_leaf': 2, 'class_weight': None}. Best is trial 49 with value: 0.9396135265700484.
2025-02-02 17:07:56,510 - INFO - Trial 673 finished with value: 0.9105263157894736 and parameters: {'max_depth': 14, 'min_samples_split': 5, 'min_samples_leaf': 2, 'class_weight': None}. Best is trial 49 with value: 0.9396135265700484.
2025-02-02 17:07:56,538 - INFO - Trial 674 finished with value: 0.8188405797101449 and parameters: {'max_depth': 15, 'min_samples_split': 2, 'min_samples_leaf': 2, 'class_weight': None}. Best is trial 49 with value: 0.9396135265700484.
2025-02-02 17:07:56,567 - INFO - Trial 675 finished with value: 0.8818181818181818 and parameters: {'max_depth': 13, 'min_samples_split': 5, 'min_samples_leaf': 2, 'class_weight': None}. Best is trial 49 with value: 0.9396135265700484.
2025-02-02 17:07:56,594 - INFO - Trial 676 finished with value: 0.8188405797101449 and parameters: {'max_depth': 3, 'min_samples_split': 4, 'min_samples_leaf': 2, 'class_weight': None}. Best is trial 49 with value: 0.9396135265700484.
2025-02-02 17:07:56,627 - INFO - Trial 677 finished with value: 0.8818181818181818 and parameters: {'max_depth': 16, 'min_samples_split': 3, 'min_samples_leaf': 2, 'class_weight': 'balanced'}. Best is trial 49 with value: 0.9396135265700484.
2025-02-02 17:07:56,660 - INFO - Trial 678 finished with value: 0.8188405797101449 and parameters: {'max_depth': 4, 'min_samples_split': 5, 'min_samples_leaf': 2, 'class_weight': None}. Best is trial 49 with value: 0.9396135265700484.
2025-02-02 17:07:56,692 - INFO - Trial 679 finished with value: 0.8188405797101449 and parameters: {'max_depth': 3, 'min_samples_split': 2, 'min_samples_leaf': 2, 'class_weight': None}. Best is trial 49 with value: 0.9396135265700484.
2025-02-02 17:07:56,722 - INFO - Trial 680 finished with value: 0.8188405797101449 and parameters: {'max_depth': 16, 'min_samples_split': 5, 'min_samples_leaf': 2, 'class_weight': None}. Best is trial 49 with value: 0.9396135265700484.
