2024-12-10 14:47:52,168 - INFO - Trial 85 finished with value: 1.0 and parameters: {'n_estimators': 266, 'max_depth': 16, 'learning_rate': 0.12017432980921898, 'subsample': 0.874200420319677, 'colsample_bytree': 0.8738475270152056, 'scale_pos_weight': 0.6448156850403715}. Best is trial 2 with value: 1.0.
2024-12-10 14:47:52,532 - INFO - Trial 86 finished with value: 1.0 and parameters: {'n_estimators': 253, 'max_depth': 4, 'learning_rate': 0.016599624431253242, 'subsample': 0.9299552417060257, 'colsample_bytree': 0.9622471252040219, 'scale_pos_weight': 0.7265023482894929}. Best is trial 2 with value: 1.0.
2024-12-10 14:47:52,720 - INFO - Trial 87 finished with value: 0.9946251129177958 and parameters: {'n_estimators': 189, 'max_depth': 20, 'learning_rate': 0.14791062016552858, 'subsample': 0.893722170671342, 'colsample_bytree': 0.9132148713677215, 'scale_pos_weight': 0.8423257990993361}. Best is trial 2 with value: 1.0.
2024-12-10 14:47:52,889 - INFO - Trial 88 finished with value: 1.0 and parameters: {'n_estimators': 72, 'max_depth': 10, 'learning_rate': 0.08872952440369528, 'subsample': 0.7342841649076811, 'colsample_bytree': 0.5838096398881456, 'scale_pos_weight': 1.0034877621553657}. Best is trial 2 with value: 1.0.
2024-12-10 14:47:53,058 - INFO - Trial 89 finished with value: 0.9946251129177958 and parameters: {'n_estimators': 91, 'max_depth': 12, 'learning_rate': 0.12868873045048845, 'subsample': 0.8156932100498349, 'colsample_bytree': 0.9008264574575455, 'scale_pos_weight': 0.9265292916655746}. Best is trial 2 with value: 1.0.
2024-12-10 14:47:53,272 - INFO - Trial 90 finished with value: 1.0 and parameters: {'n_estimators': 208, 'max_depth': 15, 'learning_rate': 0.17261269767222398, 'subsample': 0.9171095170965651, 'colsample_bytree': 0.8887426426514756, 'scale_pos_weight': 0.7889330072402686}. Best is trial 2 with value: 1.0.
2024-12-10 14:47:53,546 - INFO - Trial 91 finished with value: 1.0 and parameters: {'n_estimators': 239, 'max_depth': 20, 'learning_rate': 0.0279557577403871, 'subsample': 0.8230350998571185, 'colsample_bytree': 0.794459632266061, 'scale_pos_weight': 1.0839730372970866}. Best is trial 2 with value: 1.0.
2024-12-10 14:47:53,810 - INFO - Trial 92 finished with value: 1.0 and parameters: {'n_estimators': 223, 'max_depth': 20, 'learning_rate': 0.04406536131511035, 'subsample': 0.8625353324691436, 'colsample_bytree': 0.8504579108538058, 'scale_pos_weight': 1.1387946793736892}. Best is trial 2 with value: 1.0.
2024-12-10 14:47:54,185 - INFO - Trial 93 finished with value: 1.0 and parameters: {'n_estimators': 232, 'max_depth': 19, 'learning_rate': 0.039506865225350685, 'subsample': 0.8429823720117817, 'colsample_bytree': 0.8412496956447297, 'scale_pos_weight': 1.1386729620230989}. Best is trial 2 with value: 1.0.
2024-12-10 14:47:54,410 - INFO - Trial 94 finished with value: 1.0 and parameters: {'n_estimators': 250, 'max_depth': 18, 'learning_rate': 0.049744489775404216, 'subsample': 0.7854811217082383, 'colsample_bytree': 0.9354841797164266, 'scale_pos_weight': 1.2124390755026297}. Best is trial 2 with value: 1.0.
2024-12-10 14:47:54,632 - INFO - Trial 95 finished with value: 1.0 and parameters: {'n_estimators': 286, 'max_depth': 17, 'learning_rate': 0.07136178376080993, 'subsample': 0.9773339822689463, 'colsample_bytree': 0.8786381800359984, 'scale_pos_weight': 0.6152847749874795}. Best is trial 2 with value: 1.0.
2024-12-10 14:47:54,887 - INFO - Trial 96 finished with value: 1.0 and parameters: {'n_estimators': 241, 'max_depth': 19, 'learning_rate': 0.05809159102940672, 'subsample': 0.8829491969601531, 'colsample_bytree': 0.8090935101780519, 'scale_pos_weight': 0.560951896947081}. Best is trial 2 with value: 1.0.
2024-12-10 14:47:55,008 - INFO - Trial 97 finished with value: 1.0 and parameters: {'n_estimators': 141, 'max_depth': 20, 'learning_rate': 0.14561175621694128, 'subsample': 0.9505377687023208, 'colsample_bytree': 0.953486069224916, 'scale_pos_weight': 0.7463349925537578}. Best is trial 2 with value: 1.0.
2024-12-10 14:47:55,228 - INFO - Trial 98 finished with value: 1.0 and parameters: {'n_estimators': 258, 'max_depth': 19, 'learning_rate': 0.014110323457116498, 'subsample': 0.9036862644155267, 'colsample_bytree': 0.8627128260720665, 'scale_pos_weight': 0.7053624068751776}. Best is trial 2 with value: 1.0.
2024-12-10 14:47:55,382 - INFO - Trial 99 finished with value: 0.9946251129177958 and parameters: {'n_estimators': 215, 'max_depth': 8, 'learning_rate': 0.03301171821396336, 'subsample': 0.5343285210391832, 'colsample_bytree': 0.526096563539201, 'scale_pos_weight': 1.1609533225576556}. Best is trial 2 with value: 1.0.
2024-12-10 14:52:56,687 - INFO - A new study created in memory with name: no-name-a691893b-d3ff-43c0-bd24-b424f105944b
2024-12-10 14:52:57,148 - INFO - Trial 0 finished with value: 0.99013357619915 and parameters: {'n_estimators': 197, 'max_depth': 9, 'min_samples_split': 2, 'min_samples_leaf': 1, 'class_weight': None}. Best is trial 0 with value: 0.99013357619915.
2024-12-10 14:52:57,468 - INFO - Trial 1 finished with value: 0.9949377571191965 and parameters: {'n_estimators': 157, 'max_depth': 18, 'min_samples_split': 9, 'min_samples_leaf': 4, 'class_weight': 'balanced'}. Best is trial 1 with value: 0.9949377571191965.
2024-12-10 14:52:57,632 - INFO - Trial 2 finished with value: 0.99013357619915 and parameters: {'n_estimators': 77, 'max_depth': 5, 'min_samples_split': 2, 'min_samples_leaf': 2, 'class_weight': None}. Best is trial 1 with value: 0.9949377571191965.
2024-12-10 14:52:57,966 - INFO - Trial 3 finished with value: 0.99013357619915 and parameters: {'n_estimators': 169, 'max_depth': 4, 'min_samples_split': 9, 'min_samples_leaf': 2, 'class_weight': 'balanced'}. Best is trial 1 with value: 0.9949377571191965.
2024-12-10 14:52:58,413 - INFO - Trial 4 finished with value: 1.0 and parameters: {'n_estimators': 229, 'max_depth': 19, 'min_samples_split': 4, 'min_samples_leaf': 2, 'class_weight': 'balanced'}. Best is trial 4 with value: 1.0.
2024-12-10 14:52:58,938 - INFO - Trial 5 finished with value: 1.0 and parameters: {'n_estimators': 269, 'max_depth': 19, 'min_samples_split': 8, 'min_samples_leaf': 1, 'class_weight': None}. Best is trial 4 with value: 1.0.
2024-12-10 14:52:59,128 - INFO - Trial 6 finished with value: 1.0 and parameters: {'n_estimators': 95, 'max_depth': 12, 'min_samples_split': 7, 'min_samples_leaf': 1, 'class_weight': None}. Best is trial 4 with value: 1.0.
2024-12-10 14:52:59,346 - INFO - Trial 7 finished with value: 1.0 and parameters: {'n_estimators': 109, 'max_depth': 18, 'min_samples_split': 2, 'min_samples_leaf': 3, 'class_weight': None}. Best is trial 4 with value: 1.0.
2024-12-10 14:52:59,666 - INFO - Trial 8 finished with value: 0.99013357619915 and parameters: {'n_estimators': 179, 'max_depth': 3, 'min_samples_split': 7, 'min_samples_leaf': 4, 'class_weight': None}. Best is trial 4 with value: 1.0.
2024-12-10 14:52:59,789 - INFO - Trial 9 finished with value: 1.0 and parameters: {'n_estimators': 53, 'max_depth': 10, 'min_samples_split': 4, 'min_samples_leaf': 1, 'class_weight': 'balanced'}. Best is trial 4 with value: 1.0.
2024-12-10 14:53:00,364 - INFO - Trial 10 finished with value: 1.0 and parameters: {'n_estimators': 284, 'max_depth': 14, 'min_samples_split': 5, 'min_samples_leaf': 3, 'class_weight': 'balanced'}. Best is trial 4 with value: 1.0.
2024-12-10 14:53:00,894 - INFO - Trial 11 finished with value: 1.0 and parameters: {'n_estimators': 269, 'max_depth': 20, 'min_samples_split': 10, 'min_samples_leaf': 2, 'class_weight': 'balanced'}. Best is trial 4 with value: 1.0.
2024-12-10 14:53:01,381 - INFO - Trial 12 finished with value: 1.0 and parameters: {'n_estimators': 239, 'max_depth': 15, 'min_samples_split': 4, 'min_samples_leaf': 1, 'class_weight': 'balanced'}. Best is trial 4 with value: 1.0.
2024-12-10 14:53:01,843 - INFO - Trial 13 finished with value: 1.0 and parameters: {'n_estimators': 235, 'max_depth': 20, 'min_samples_split': 7, 'min_samples_leaf': 2, 'class_weight': None}. Best is trial 4 with value: 1.0.
2024-12-10 14:53:02,307 - INFO - Trial 14 finished with value: 1.0 and parameters: {'n_estimators': 233, 'max_depth': 16, 'min_samples_split': 6, 'min_samples_leaf': 3, 'class_weight': None}. Best is trial 4 with value: 1.0.
2024-12-10 14:53:02,891 - INFO - Trial 15 finished with value: 1.0 and parameters: {'n_estimators': 292, 'max_depth': 17, 'min_samples_split': 4, 'min_samples_leaf': 1, 'class_weight': 'balanced'}. Best is trial 4 with value: 1.0.
2024-12-10 14:53:03,325 - INFO - Trial 16 finished with value: 1.0 and parameters: {'n_estimators': 213, 'max_depth': 13, 'min_samples_split': 8, 'min_samples_leaf': 2, 'class_weight': 'balanced'}. Best is trial 4 with value: 1.0.
2024-12-10 14:53:03,821 - INFO - Trial 17 finished with value: 0.99013357619915 and parameters: {'n_estimators': 257, 'max_depth': 7, 'min_samples_split': 5, 'min_samples_leaf': 1, 'class_weight': None}. Best is trial 4 with value: 1.0.
2024-12-10 14:53:04,084 - INFO - Trial 18 finished with value: 1.0 and parameters: {'n_estimators': 126, 'max_depth': 20, 'min_samples_split': 3, 'min_samples_leaf': 2, 'class_weight': 'balanced'}. Best is trial 4 with value: 1.0.
2024-12-10 14:53:04,505 - INFO - Trial 19 finished with value: 1.0 and parameters: {'n_estimators': 211, 'max_depth': 18, 'min_samples_split': 6, 'min_samples_leaf': 3, 'class_weight': None}. Best is trial 4 with value: 1.0.
2024-12-10 14:53:05,018 - INFO - Trial 20 finished with value: 1.0 and parameters: {'n_estimators': 254, 'max_depth': 15, 'min_samples_split': 10, 'min_samples_leaf': 1, 'class_weight': None}. Best is trial 4 with value: 1.0.
2024-12-10 14:53:05,291 - INFO - Trial 21 finished with value: 0.9946251129177958 and parameters: {'n_estimators': 130, 'max_depth': 11, 'min_samples_split': 7, 'min_samples_leaf': 1, 'class_weight': None}. Best is trial 4 with value: 1.0.
2024-12-10 14:53:05,474 - INFO - Trial 22 finished with value: 0.9946251129177958 and parameters: {'n_estimators': 83, 'max_depth': 13, 'min_samples_split': 8, 'min_samples_leaf': 1, 'class_weight': None}. Best is trial 4 with value: 1.0.
2024-12-10 14:53:06,038 - INFO - Trial 23 finished with value: 0.99013357619915 and parameters: {'n_estimators': 296, 'max_depth': 8, 'min_samples_split': 8, 'min_samples_leaf': 2, 'class_weight': None}. Best is trial 4 with value: 1.0.
2024-12-10 14:53:06,576 - INFO - Trial 24 finished with value: 1.0 and parameters: {'n_estimators': 270, 'max_depth': 12, 'min_samples_split': 5, 'min_samples_leaf': 1, 'class_weight': None}. Best is trial 4 with value: 1.0.
2024-12-10 14:53:06,883 - INFO - Trial 25 finished with value: 1.0 and parameters: {'n_estimators': 149, 'max_depth': 17, 'min_samples_split': 9, 'min_samples_leaf': 2, 'class_weight': None}. Best is trial 4 with value: 1.0.
2024-12-10 14:53:07,275 - INFO - Trial 26 finished with value: 1.0 and parameters: {'n_estimators': 193, 'max_depth': 19, 'min_samples_split': 7, 'min_samples_leaf': 1, 'class_weight': 'balanced'}. Best is trial 4 with value: 1.0.
2024-12-10 14:53:07,854 - INFO - Trial 27 finished with value: 0.99013357619915 and parameters: {'n_estimators': 250, 'max_depth': 6, 'min_samples_split': 6, 'min_samples_leaf': 1, 'class_weight': None}. Best is trial 4 with value: 1.0.
2024-12-10 14:53:08,292 - INFO - Trial 28 finished with value: 1.0 and parameters: {'n_estimators': 219, 'max_depth': 16, 'min_samples_split': 3, 'min_samples_leaf': 2, 'class_weight': 'balanced'}. Best is trial 4 with value: 1.0.
2024-12-10 14:53:08,676 - INFO - Trial 29 finished with value: 0.99013357619915 and parameters: {'n_estimators': 188, 'max_depth': 9, 'min_samples_split': 8, 'min_samples_leaf': 1, 'class_weight': None}. Best is trial 4 with value: 1.0.
2024-12-10 14:53:08,804 - INFO - Trial 30 finished with value: 0.9949377571191965 and parameters: {'n_estimators': 50, 'max_depth': 14, 'min_samples_split': 6, 'min_samples_leaf': 3, 'class_weight': None}. Best is trial 4 with value: 1.0.
2024-12-10 14:53:09,032 - INFO - Trial 31 finished with value: 1.0 and parameters: {'n_estimators': 107, 'max_depth': 18, 'min_samples_split': 2, 'min_samples_leaf': 3, 'class_weight': None}. Best is trial 4 with value: 1.0.
2024-12-10 14:53:09,255 - INFO - Trial 32 finished with value: 1.0 and parameters: {'n_estimators': 104, 'max_depth': 19, 'min_samples_split': 3, 'min_samples_leaf': 4, 'class_weight': None}. Best is trial 4 with value: 1.0.
2024-12-10 14:53:09,443 - INFO - Trial 33 finished with value: 1.0 and parameters: {'n_estimators': 84, 'max_depth': 18, 'min_samples_split': 2, 'min_samples_leaf': 3, 'class_weight': None}. Best is trial 4 with value: 1.0.
2024-12-10 14:53:09,759 - INFO - Trial 34 finished with value: 1.0 and parameters: {'n_estimators': 152, 'max_depth': 19, 'min_samples_split': 3, 'min_samples_leaf': 4, 'class_weight': None}. Best is trial 4 with value: 1.0.
2024-12-10 14:53:09,917 - INFO - Trial 35 finished with value: 1.0 and parameters: {'n_estimators': 69, 'max_depth': 17, 'min_samples_split': 2, 'min_samples_leaf': 3, 'class_weight': None}. Best is trial 4 with value: 1.0.
2024-12-10 14:53:10,133 - INFO - Trial 36 finished with value: 1.0 and parameters: {'n_estimators': 100, 'max_depth': 16, 'min_samples_split': 9, 'min_samples_leaf': 2, 'class_weight': 'balanced'}. Best is trial 4 with value: 1.0.
2024-12-10 14:53:10,417 - INFO - Trial 37 finished with value: 1.0 and parameters: {'n_estimators': 134, 'max_depth': 19, 'min_samples_split': 4, 'min_samples_leaf': 3, 'class_weight': None}. Best is trial 4 with value: 1.0.
2024-12-10 14:53:10,766 - INFO - Trial 38 finished with value: 1.0 and parameters: {'n_estimators': 171, 'max_depth': 10, 'min_samples_split': 5, 'min_samples_leaf': 2, 'class_weight': 'balanced'}. Best is trial 4 with value: 1.0.
2024-12-10 14:53:10,997 - INFO - Trial 39 finished with value: 0.99013357619915 and parameters: {'n_estimators': 119, 'max_depth': 4, 'min_samples_split': 7, 'min_samples_leaf': 1, 'class_weight': None}. Best is trial 4 with value: 1.0.
2024-12-10 14:53:11,539 - INFO - Trial 40 finished with value: 1.0 and parameters: {'n_estimators': 279, 'max_depth': 20, 'min_samples_split': 3, 'min_samples_leaf': 4, 'class_weight': 'balanced'}. Best is trial 4 with value: 1.0.
2024-12-10 14:53:11,665 - INFO - Trial 41 finished with value: 1.0 and parameters: {'n_estimators': 50, 'max_depth': 10, 'min_samples_split': 4, 'min_samples_leaf': 1, 'class_weight': 'balanced'}. Best is trial 4 with value: 1.0.
2024-12-10 14:53:11,861 - INFO - Trial 42 finished with value: 1.0 and parameters: {'n_estimators': 70, 'max_depth': 12, 'min_samples_split': 4, 'min_samples_leaf': 1, 'class_weight': 'balanced'}. Best is trial 4 with value: 1.0.
2024-12-10 14:53:12,003 - INFO - Trial 43 finished with value: 0.99013357619915 and parameters: {'n_estimators': 62, 'max_depth': 8, 'min_samples_split': 7, 'min_samples_leaf': 1, 'class_weight': 'balanced'}. Best is trial 4 with value: 1.0.
2024-12-10 14:53:12,211 - INFO - Trial 44 finished with value: 1.0 and parameters: {'n_estimators': 94, 'max_depth': 11, 'min_samples_split': 5, 'min_samples_leaf': 2, 'class_weight': 'balanced'}. Best is trial 4 with value: 1.0.
2024-12-10 14:53:12,463 - INFO - Trial 45 finished with value: 0.9946251129177958 and parameters: {'n_estimators': 114, 'max_depth': 15, 'min_samples_split': 2, 'min_samples_leaf': 1, 'class_weight': 'balanced'}. Best is trial 4 with value: 1.0.
2024-12-10 14:53:12,657 - INFO - Trial 46 finished with value: 1.0 and parameters: {'n_estimators': 87, 'max_depth': 18, 'min_samples_split': 9, 'min_samples_leaf': 2, 'class_weight': 'balanced'}. Best is trial 4 with value: 1.0.
2024-12-10 14:53:12,948 - INFO - Trial 47 finished with value: 1.0 and parameters: {'n_estimators': 140, 'max_depth': 14, 'min_samples_split': 6, 'min_samples_leaf': 1, 'class_weight': None}. Best is trial 4 with value: 1.0.
2024-12-10 14:53:13,406 - INFO - Trial 48 finished with value: 1.0 and parameters: {'n_estimators': 230, 'max_depth': 20, 'min_samples_split': 8, 'min_samples_leaf': 3, 'class_weight': 'balanced'}. Best is trial 4 with value: 1.0.
2024-12-10 14:53:13,789 - INFO - Trial 49 finished with value: 0.9946251129177958 and parameters: {'n_estimators': 181, 'max_depth': 17, 'min_samples_split': 4, 'min_samples_leaf': 1, 'class_weight': None}. Best is trial 4 with value: 1.0.
2024-12-10 14:53:14,205 - INFO - Trial 50 finished with value: 1.0 and parameters: {'n_estimators': 208, 'max_depth': 10, 'min_samples_split': 5, 'min_samples_leaf': 2, 'class_weight': 'balanced'}. Best is trial 4 with value: 1.0.
2024-12-10 14:53:14,768 - INFO - Trial 51 finished with value: 1.0 and parameters: {'n_estimators': 284, 'max_depth': 14, 'min_samples_split': 5, 'min_samples_leaf': 3, 'class_weight': 'balanced'}. Best is trial 4 with value: 1.0.
2024-12-10 14:53:15,288 - INFO - Trial 52 finished with value: 1.0 and parameters: {'n_estimators': 261, 'max_depth': 13, 'min_samples_split': 4, 'min_samples_leaf': 3, 'class_weight': 'balanced'}. Best is trial 4 with value: 1.0.
2024-12-10 14:53:15,774 - INFO - Trial 53 finished with value: 1.0 and parameters: {'n_estimators': 242, 'max_depth': 11, 'min_samples_split': 6, 'min_samples_leaf': 3, 'class_weight': 'balanced'}. Best is trial 4 with value: 1.0.
2024-12-10 14:53:16,305 - INFO - Trial 54 finished with value: 1.0 and parameters: {'n_estimators': 269, 'max_depth': 12, 'min_samples_split': 3, 'min_samples_leaf': 3, 'class_weight': 'balanced'}. Best is trial 4 with value: 1.0.
2024-12-10 14:53:16,936 - INFO - Trial 55 finished with value: 0.9949377571191965 and parameters: {'n_estimators': 288, 'max_depth': 9, 'min_samples_split': 5, 'min_samples_leaf': 1, 'class_weight': None}. Best is trial 4 with value: 1.0.
2024-12-10 14:53:17,269 - INFO - Trial 56 finished with value: 1.0 and parameters: {'n_estimators': 161, 'max_depth': 13, 'min_samples_split': 6, 'min_samples_leaf': 2, 'class_weight': 'balanced'}. Best is trial 4 with value: 1.0.
2024-12-10 14:53:17,875 - INFO - Trial 57 finished with value: 1.0 and parameters: {'n_estimators': 296, 'max_depth': 16, 'min_samples_split': 8, 'min_samples_leaf': 1, 'class_weight': None}. Best is trial 4 with value: 1.0.
2024-12-10 14:53:18,408 - INFO - Trial 58 finished with value: 1.0 and parameters: {'n_estimators': 264, 'max_depth': 15, 'min_samples_split': 4, 'min_samples_leaf': 3, 'class_weight': None}. Best is trial 4 with value: 1.0.
2024-12-10 14:53:18,863 - INFO - Trial 59 finished with value: 1.0 and parameters: {'n_estimators': 225, 'max_depth': 19, 'min_samples_split': 7, 'min_samples_leaf': 4, 'class_weight': 'balanced'}. Best is trial 4 with value: 1.0.
2024-12-10 14:53:19,332 - INFO - Trial 60 finished with value: 0.99013357619915 and parameters: {'n_estimators': 246, 'max_depth': 7, 'min_samples_split': 3, 'min_samples_leaf': 1, 'class_weight': None}. Best is trial 4 with value: 1.0.
2024-12-10 14:53:19,877 - INFO - Trial 61 finished with value: 1.0 and parameters: {'n_estimators': 274, 'max_depth': 20, 'min_samples_split': 10, 'min_samples_leaf': 2, 'class_weight': 'balanced'}. Best is trial 4 with value: 1.0.
2024-12-10 14:53:20,430 - INFO - Trial 62 finished with value: 1.0 and parameters: {'n_estimators': 280, 'max_depth': 18, 'min_samples_split': 10, 'min_samples_leaf': 2, 'class_weight': 'balanced'}. Best is trial 4 with value: 1.0.
2024-12-10 14:53:20,940 - INFO - Trial 63 finished with value: 1.0 and parameters: {'n_estimators': 261, 'max_depth': 20, 'min_samples_split': 10, 'min_samples_leaf': 2, 'class_weight': 'balanced'}. Best is trial 4 with value: 1.0.
2024-12-10 14:53:21,515 - INFO - Trial 64 finished with value: 1.0 and parameters: {'n_estimators': 299, 'max_depth': 19, 'min_samples_split': 9, 'min_samples_leaf': 3, 'class_weight': 'balanced'}. Best is trial 4 with value: 1.0.
2024-12-10 14:53:22,018 - INFO - Trial 65 finished with value: 1.0 and parameters: {'n_estimators': 251, 'max_depth': 18, 'min_samples_split': 7, 'min_samples_leaf': 1, 'class_weight': None}. Best is trial 4 with value: 1.0.
2024-12-10 14:53:22,185 - INFO - Trial 66 finished with value: 1.0 and parameters: {'n_estimators': 68, 'max_depth': 17, 'min_samples_split': 9, 'min_samples_leaf': 2, 'class_weight': 'balanced'}. Best is trial 4 with value: 1.0.
2024-12-10 14:53:22,327 - INFO - Trial 67 finished with value: 1.0 and parameters: {'n_estimators': 58, 'max_depth': 19, 'min_samples_split': 5, 'min_samples_leaf': 3, 'class_weight': None}. Best is trial 4 with value: 1.0.
2024-12-10 14:53:22,542 - INFO - Trial 68 finished with value: 1.0 and parameters: {'n_estimators': 93, 'max_depth': 20, 'min_samples_split': 8, 'min_samples_leaf': 1, 'class_weight': 'balanced'}. Best is trial 4 with value: 1.0.
2024-12-10 14:53:23,195 - INFO - Trial 69 finished with value: 1.0 and parameters: {'n_estimators': 273, 'max_depth': 11, 'min_samples_split': 6, 'min_samples_leaf': 2, 'class_weight': None}. Best is trial 4 with value: 1.0.
2024-12-10 14:53:23,681 - INFO - Trial 70 finished with value: 1.0 and parameters: {'n_estimators': 237, 'max_depth': 17, 'min_samples_split': 4, 'min_samples_leaf': 1, 'class_weight': None}. Best is trial 4 with value: 1.0.
2024-12-10 14:53:24,100 - INFO - Trial 71 finished with value: 1.0 and parameters: {'n_estimators': 203, 'max_depth': 15, 'min_samples_split': 4, 'min_samples_leaf': 1, 'class_weight': 'balanced'}. Best is trial 4 with value: 1.0.
2024-12-10 14:53:24,554 - INFO - Trial 72 finished with value: 0.9946251129177958 and parameters: {'n_estimators': 221, 'max_depth': 16, 'min_samples_split': 5, 'min_samples_leaf': 1, 'class_weight': 'balanced'}. Best is trial 4 with value: 1.0.
2024-12-10 14:53:25,057 - INFO - Trial 73 finished with value: 1.0 and parameters: {'n_estimators': 256, 'max_depth': 12, 'min_samples_split': 2, 'min_samples_leaf': 1, 'class_weight': 'balanced'}. Best is trial 4 with value: 1.0.
