2025-02-02 17:05:48,157 - INFO - Trial 528 finished with value: 0.7945736434108528 and parameters: {'n_estimators': 194, 'max_depth': 14, 'min_samples_split': 9, 'min_samples_leaf': 2, 'class_weight': 'balanced'}. Best is trial 0 with value: 0.8508771929824562.
2025-02-02 17:05:48,529 - INFO - Trial 529 finished with value: 0.8508771929824562 and parameters: {'n_estimators': 206, 'max_depth': 20, 'min_samples_split': 4, 'min_samples_leaf': 1, 'class_weight': 'balanced'}. Best is trial 0 with value: 0.8508771929824562.
2025-02-02 17:05:48,825 - INFO - Trial 530 finished with value: 0.8508771929824562 and parameters: {'n_estimators': 157, 'max_depth': 15, 'min_samples_split': 6, 'min_samples_leaf': 3, 'class_weight': 'balanced'}. Best is trial 0 with value: 0.8508771929824562.
2025-02-02 17:05:49,281 - INFO - Trial 531 finished with value: 0.8508771929824562 and parameters: {'n_estimators': 268, 'max_depth': 9, 'min_samples_split': 5, 'min_samples_leaf': 1, 'class_weight': 'balanced'}. Best is trial 0 with value: 0.8508771929824562.
2025-02-02 17:05:49,598 - INFO - Trial 532 finished with value: 0.8508771929824562 and parameters: {'n_estimators': 178, 'max_depth': 16, 'min_samples_split': 7, 'min_samples_leaf': 2, 'class_weight': 'balanced'}. Best is trial 0 with value: 0.8508771929824562.
2025-02-02 17:05:49,855 - INFO - Trial 533 finished with value: 0.7945736434108528 and parameters: {'n_estimators': 131, 'max_depth': 13, 'min_samples_split': 7, 'min_samples_leaf': 1, 'class_weight': 'balanced'}. Best is trial 0 with value: 0.8508771929824562.
2025-02-02 17:05:50,151 - INFO - Trial 534 finished with value: 0.8508771929824562 and parameters: {'n_estimators': 165, 'max_depth': 19, 'min_samples_split': 5, 'min_samples_leaf': 2, 'class_weight': 'balanced'}. Best is trial 0 with value: 0.8508771929824562.
2025-02-02 17:05:50,540 - INFO - Trial 535 finished with value: 0.8508771929824562 and parameters: {'n_estimators': 217, 'max_depth': 18, 'min_samples_split': 7, 'min_samples_leaf': 1, 'class_weight': 'balanced'}. Best is trial 0 with value: 0.8508771929824562.
2025-02-02 17:05:50,803 - INFO - Trial 536 finished with value: 0.8188405797101449 and parameters: {'n_estimators': 117, 'max_depth': 17, 'min_samples_split': 6, 'min_samples_leaf': 1, 'class_weight': 'balanced'}. Best is trial 0 with value: 0.8508771929824562.
2025-02-02 17:05:51,064 - INFO - Trial 537 finished with value: 0.7912280701754386 and parameters: {'n_estimators': 142, 'max_depth': 10, 'min_samples_split': 8, 'min_samples_leaf': 3, 'class_weight': 'balanced'}. Best is trial 0 with value: 0.8508771929824562.
2025-02-02 17:05:51,394 - INFO - Trial 538 finished with value: 0.8188405797101449 and parameters: {'n_estimators': 185, 'max_depth': 14, 'min_samples_split': 7, 'min_samples_leaf': 1, 'class_weight': None}. Best is trial 0 with value: 0.8508771929824562.
2025-02-02 17:05:51,556 - INFO - Trial 539 finished with value: 0.8227272727272728 and parameters: {'n_estimators': 69, 'max_depth': 12, 'min_samples_split': 6, 'min_samples_leaf': 1, 'class_weight': 'balanced'}. Best is trial 0 with value: 0.8508771929824562.
2025-02-02 17:05:51,742 - INFO - Trial 540 finished with value: 0.8508771929824562 and parameters: {'n_estimators': 90, 'max_depth': 13, 'min_samples_split': 8, 'min_samples_leaf': 2, 'class_weight': 'balanced'}. Best is trial 0 with value: 0.8508771929824562.
2025-02-02 17:05:51,997 - INFO - Trial 541 finished with value: 0.8508771929824562 and parameters: {'n_estimators': 122, 'max_depth': 11, 'min_samples_split': 7, 'min_samples_leaf': 1, 'class_weight': 'balanced'}. Best is trial 0 with value: 0.8508771929824562.
2025-02-02 17:05:52,331 - INFO - Trial 542 finished with value: 0.8508771929824562 and parameters: {'n_estimators': 150, 'max_depth': 19, 'min_samples_split': 7, 'min_samples_leaf': 2, 'class_weight': 'balanced'}. Best is trial 0 with value: 0.8508771929824562.
2025-02-02 17:05:52,547 - INFO - Trial 543 finished with value: 0.7945736434108528 and parameters: {'n_estimators': 111, 'max_depth': 15, 'min_samples_split': 5, 'min_samples_leaf': 4, 'class_weight': 'balanced'}. Best is trial 0 with value: 0.8508771929824562.
2025-02-02 17:05:52,924 - INFO - Trial 544 finished with value: 0.8508771929824562 and parameters: {'n_estimators': 211, 'max_depth': 20, 'min_samples_split': 3, 'min_samples_leaf': 1, 'class_weight': 'balanced'}. Best is trial 0 with value: 0.8508771929824562.
2025-02-02 17:05:53,280 - INFO - Trial 545 finished with value: 0.8508771929824562 and parameters: {'n_estimators': 200, 'max_depth': 18, 'min_samples_split': 6, 'min_samples_leaf': 1, 'class_weight': 'balanced'}. Best is trial 0 with value: 0.8508771929824562.
2025-02-02 17:05:53,672 - INFO - Trial 546 finished with value: 0.8188405797101449 and parameters: {'n_estimators': 230, 'max_depth': 16, 'min_samples_split': 6, 'min_samples_leaf': 3, 'class_weight': 'balanced'}. Best is trial 0 with value: 0.8508771929824562.
2025-02-02 17:05:53,934 - INFO - Trial 547 finished with value: 0.8188405797101449 and parameters: {'n_estimators': 139, 'max_depth': 19, 'min_samples_split': 4, 'min_samples_leaf': 2, 'class_weight': 'balanced'}. Best is trial 0 with value: 0.8508771929824562.
2025-02-02 17:05:54,230 - INFO - Trial 548 finished with value: 0.8188405797101449 and parameters: {'n_estimators': 160, 'max_depth': 15, 'min_samples_split': 7, 'min_samples_leaf': 1, 'class_weight': 'balanced'}. Best is trial 0 with value: 0.8508771929824562.
2025-02-02 17:05:54,544 - INFO - Trial 549 finished with value: 0.7853566958698374 and parameters: {'n_estimators': 174, 'max_depth': 17, 'min_samples_split': 7, 'min_samples_leaf': 1, 'class_weight': None}. Best is trial 0 with value: 0.8508771929824562.
2025-02-02 17:05:54,689 - INFO - Trial 550 finished with value: 0.7912280701754386 and parameters: {'n_estimators': 60, 'max_depth': 14, 'min_samples_split': 7, 'min_samples_leaf': 2, 'class_weight': 'balanced'}. Best is trial 0 with value: 0.8508771929824562.
2025-02-02 17:05:55,023 - INFO - Trial 551 finished with value: 0.8508771929824562 and parameters: {'n_estimators': 189, 'max_depth': 18, 'min_samples_split': 5, 'min_samples_leaf': 1, 'class_weight': 'balanced'}. Best is trial 0 with value: 0.8508771929824562.
2025-02-02 17:05:55,292 - INFO - Trial 552 finished with value: 0.8188405797101449 and parameters: {'n_estimators': 146, 'max_depth': 12, 'min_samples_split': 4, 'min_samples_leaf': 2, 'class_weight': 'balanced'}. Best is trial 0 with value: 0.8508771929824562.
2025-02-02 17:05:55,576 - INFO - Trial 553 finished with value: 0.8508771929824562 and parameters: {'n_estimators': 156, 'max_depth': 20, 'min_samples_split': 8, 'min_samples_leaf': 1, 'class_weight': 'balanced'}. Best is trial 0 with value: 0.8508771929824562.
2025-02-02 17:05:55,872 - INFO - Trial 554 finished with value: 0.8188405797101449 and parameters: {'n_estimators': 168, 'max_depth': 17, 'min_samples_split': 2, 'min_samples_leaf': 3, 'class_weight': 'balanced'}. Best is trial 0 with value: 0.8508771929824562.
2025-02-02 17:05:56,090 - INFO - Trial 555 finished with value: 0.8508771929824562 and parameters: {'n_estimators': 106, 'max_depth': 14, 'min_samples_split': 7, 'min_samples_leaf': 1, 'class_weight': 'balanced'}. Best is trial 0 with value: 0.8508771929824562.
2025-02-02 17:05:56,332 - INFO - Trial 556 finished with value: 0.8188405797101449 and parameters: {'n_estimators': 129, 'max_depth': 13, 'min_samples_split': 6, 'min_samples_leaf': 2, 'class_weight': 'balanced'}. Best is trial 0 with value: 0.8508771929824562.
2025-02-02 17:05:56,692 - INFO - Trial 557 finished with value: 0.8508771929824562 and parameters: {'n_estimators': 206, 'max_depth': 16, 'min_samples_split': 8, 'min_samples_leaf': 1, 'class_weight': 'balanced'}. Best is trial 0 with value: 0.8508771929824562.
2025-02-02 17:05:56,880 - INFO - Trial 558 finished with value: 0.8508771929824562 and parameters: {'n_estimators': 84, 'max_depth': 19, 'min_samples_split': 5, 'min_samples_leaf': 1, 'class_weight': 'balanced'}. Best is trial 0 with value: 0.8508771929824562.
2025-02-02 17:05:57,227 - INFO - Trial 559 finished with value: 0.8508771929824562 and parameters: {'n_estimators': 196, 'max_depth': 18, 'min_samples_split': 7, 'min_samples_leaf': 3, 'class_weight': 'balanced'}. Best is trial 0 with value: 0.8508771929824562.
2025-02-02 17:05:57,606 - INFO - Trial 560 finished with value: 0.7662337662337663 and parameters: {'n_estimators': 181, 'max_depth': 3, 'min_samples_split': 6, 'min_samples_leaf': 2, 'class_weight': 'balanced'}. Best is trial 0 with value: 0.8508771929824562.
2025-02-02 17:05:57,860 - INFO - Trial 561 finished with value: 0.7853566958698374 and parameters: {'n_estimators': 134, 'max_depth': 13, 'min_samples_split': 7, 'min_samples_leaf': 1, 'class_weight': None}. Best is trial 0 with value: 0.8508771929824562.
2025-02-02 17:05:58,173 - INFO - Trial 562 finished with value: 0.8188405797101449 and parameters: {'n_estimators': 147, 'max_depth': 15, 'min_samples_split': 6, 'min_samples_leaf': 1, 'class_weight': 'balanced'}. Best is trial 0 with value: 0.8508771929824562.
2025-02-02 17:05:58,595 - INFO - Trial 563 finished with value: 0.8508771929824562 and parameters: {'n_estimators': 222, 'max_depth': 11, 'min_samples_split': 5, 'min_samples_leaf': 1, 'class_weight': 'balanced'}. Best is trial 0 with value: 0.8508771929824562.
2025-02-02 17:05:58,905 - INFO - Trial 564 finished with value: 0.8188405797101449 and parameters: {'n_estimators': 154, 'max_depth': 12, 'min_samples_split': 8, 'min_samples_leaf': 2, 'class_weight': 'balanced'}. Best is trial 0 with value: 0.8508771929824562.
2025-02-02 17:05:59,129 - INFO - Trial 565 finished with value: 0.8508771929824562 and parameters: {'n_estimators': 114, 'max_depth': 14, 'min_samples_split': 7, 'min_samples_leaf': 1, 'class_weight': 'balanced'}. Best is trial 0 with value: 0.8508771929824562.
2025-02-02 17:05:59,372 - INFO - Trial 566 finished with value: 0.8188405797101449 and parameters: {'n_estimators': 122, 'max_depth': 20, 'min_samples_split': 6, 'min_samples_leaf': 1, 'class_weight': 'balanced'}. Best is trial 0 with value: 0.8508771929824562.
2025-02-02 17:05:59,746 - INFO - Trial 567 finished with value: 0.8508771929824562 and parameters: {'n_estimators': 215, 'max_depth': 19, 'min_samples_split': 7, 'min_samples_leaf': 3, 'class_weight': 'balanced'}. Best is trial 0 with value: 0.8508771929824562.
2025-02-02 17:06:00,052 - INFO - Trial 568 finished with value: 0.8508771929824562 and parameters: {'n_estimators': 163, 'max_depth': 18, 'min_samples_split': 6, 'min_samples_leaf': 2, 'class_weight': 'balanced'}. Best is trial 0 with value: 0.8508771929824562.
2025-02-02 17:06:00,317 - INFO - Trial 569 finished with value: 0.8188405797101449 and parameters: {'n_estimators': 140, 'max_depth': 19, 'min_samples_split': 5, 'min_samples_leaf': 1, 'class_weight': 'balanced'}. Best is trial 0 with value: 0.8508771929824562.
2025-02-02 17:06:00,531 - INFO - Trial 570 finished with value: 0.7945736434108528 and parameters: {'n_estimators': 99, 'max_depth': 17, 'min_samples_split': 7, 'min_samples_leaf': 4, 'class_weight': 'balanced'}. Best is trial 0 with value: 0.8508771929824562.
2025-02-02 17:06:00,898 - INFO - Trial 571 finished with value: 0.8508771929824562 and parameters: {'n_estimators': 203, 'max_depth': 18, 'min_samples_split': 7, 'min_samples_leaf': 2, 'class_weight': 'balanced'}. Best is trial 0 with value: 0.8508771929824562.
2025-02-02 17:06:01,180 - INFO - Trial 572 finished with value: 0.7853566958698374 and parameters: {'n_estimators': 145, 'max_depth': 17, 'min_samples_split': 4, 'min_samples_leaf': 1, 'class_weight': None}. Best is trial 0 with value: 0.8508771929824562.
2025-02-02 17:06:01,484 - INFO - Trial 573 finished with value: 0.8508771929824562 and parameters: {'n_estimators': 153, 'max_depth': 15, 'min_samples_split': 3, 'min_samples_leaf': 1, 'class_weight': 'balanced'}. Best is trial 0 with value: 0.8508771929824562.
2025-02-02 17:06:01,819 - INFO - Trial 574 finished with value: 0.8508771929824562 and parameters: {'n_estimators': 176, 'max_depth': 16, 'min_samples_split': 6, 'min_samples_leaf': 1, 'class_weight': 'balanced'}. Best is trial 0 with value: 0.8508771929824562.
2025-02-02 17:06:02,175 - INFO - Trial 575 finished with value: 0.8188405797101449 and parameters: {'n_estimators': 195, 'max_depth': 20, 'min_samples_split': 8, 'min_samples_leaf': 2, 'class_weight': 'balanced'}. Best is trial 0 with value: 0.8508771929824562.
2025-02-02 17:06:02,579 - INFO - Trial 576 finished with value: 0.8508771929824562 and parameters: {'n_estimators': 189, 'max_depth': 13, 'min_samples_split': 9, 'min_samples_leaf': 1, 'class_weight': 'balanced'}. Best is trial 0 with value: 0.8508771929824562.
2025-02-02 17:06:02,992 - INFO - Trial 577 finished with value: 0.8508771929824562 and parameters: {'n_estimators': 210, 'max_depth': 14, 'min_samples_split': 7, 'min_samples_leaf': 2, 'class_weight': 'balanced'}. Best is trial 0 with value: 0.8508771929824562.
2025-02-02 17:06:03,403 - INFO - Trial 578 finished with value: 0.8508771929824562 and parameters: {'n_estimators': 238, 'max_depth': 18, 'min_samples_split': 5, 'min_samples_leaf': 1, 'class_weight': 'balanced'}. Best is trial 0 with value: 0.8508771929824562.
2025-02-02 17:06:03,643 - INFO - Trial 579 finished with value: 0.8227272727272728 and parameters: {'n_estimators': 127, 'max_depth': 12, 'min_samples_split': 7, 'min_samples_leaf': 4, 'class_weight': 'balanced'}. Best is trial 0 with value: 0.8508771929824562.
2025-02-02 17:06:03,950 - INFO - Trial 580 finished with value: 0.8508771929824562 and parameters: {'n_estimators': 171, 'max_depth': 10, 'min_samples_split': 6, 'min_samples_leaf': 3, 'class_weight': 'balanced'}. Best is trial 0 with value: 0.8508771929824562.
2025-02-02 17:06:04,296 - INFO - Trial 581 finished with value: 0.8508771929824562 and parameters: {'n_estimators': 184, 'max_depth': 20, 'min_samples_split': 8, 'min_samples_leaf': 1, 'class_weight': 'balanced'}. Best is trial 0 with value: 0.8508771929824562.
2025-02-02 17:06:04,516 - INFO - Trial 582 finished with value: 0.8227272727272728 and parameters: {'n_estimators': 93, 'max_depth': 13, 'min_samples_split': 9, 'min_samples_leaf': 2, 'class_weight': 'balanced'}. Best is trial 0 with value: 0.8508771929824562.
2025-02-02 17:06:04,688 - INFO - Trial 583 finished with value: 0.8188405797101449 and parameters: {'n_estimators': 74, 'max_depth': 15, 'min_samples_split': 7, 'min_samples_leaf': 1, 'class_weight': None}. Best is trial 0 with value: 0.8508771929824562.
2025-02-02 17:06:04,832 - INFO - Trial 584 finished with value: 0.8792270531400965 and parameters: {'n_estimators': 53, 'max_depth': 12, 'min_samples_split': 6, 'min_samples_leaf': 1, 'class_weight': 'balanced'}. Best is trial 584 with value: 0.8792270531400965.
2025-02-02 17:06:04,999 - INFO - Trial 585 finished with value: 0.8508771929824562 and parameters: {'n_estimators': 62, 'max_depth': 12, 'min_samples_split': 6, 'min_samples_leaf': 1, 'class_weight': 'balanced'}. Best is trial 584 with value: 0.8792270531400965.
2025-02-02 17:06:05,255 - INFO - Trial 586 finished with value: 0.7853566958698374 and parameters: {'n_estimators': 57, 'max_depth': 12, 'min_samples_split': 6, 'min_samples_leaf': 1, 'class_weight': 'balanced'}. Best is trial 584 with value: 0.8792270531400965.
2025-02-02 17:06:05,407 - INFO - Trial 587 finished with value: 0.7912280701754386 and parameters: {'n_estimators': 58, 'max_depth': 12, 'min_samples_split': 6, 'min_samples_leaf': 3, 'class_weight': 'balanced'}. Best is trial 584 with value: 0.8792270531400965.
2025-02-02 17:06:05,577 - INFO - Trial 588 finished with value: 0.8508771929824562 and parameters: {'n_estimators': 56, 'max_depth': 11, 'min_samples_split': 6, 'min_samples_leaf': 2, 'class_weight': 'balanced'}. Best is trial 584 with value: 0.8792270531400965.
2025-02-02 17:06:05,715 - INFO - Trial 589 finished with value: 0.8188405797101449 and parameters: {'n_estimators': 50, 'max_depth': 12, 'min_samples_split': 6, 'min_samples_leaf': 1, 'class_weight': 'balanced'}. Best is trial 584 with value: 0.8792270531400965.
2025-02-02 17:06:05,873 - INFO - Trial 590 finished with value: 0.8227272727272728 and parameters: {'n_estimators': 63, 'max_depth': 12, 'min_samples_split': 6, 'min_samples_leaf': 1, 'class_weight': 'balanced'}. Best is trial 584 with value: 0.8792270531400965.
2025-02-02 17:06:06,040 - INFO - Trial 591 finished with value: 0.8188405797101449 and parameters: {'n_estimators': 68, 'max_depth': 11, 'min_samples_split': 6, 'min_samples_leaf': 2, 'class_weight': 'balanced'}. Best is trial 584 with value: 0.8792270531400965.
2025-02-02 17:06:06,195 - INFO - Trial 592 finished with value: 0.8508771929824562 and parameters: {'n_estimators': 60, 'max_depth': 13, 'min_samples_split': 6, 'min_samples_leaf': 3, 'class_weight': 'balanced'}. Best is trial 584 with value: 0.8792270531400965.
2025-02-02 17:06:06,334 - INFO - Trial 593 finished with value: 0.8188405797101449 and parameters: {'n_estimators': 53, 'max_depth': 12, 'min_samples_split': 5, 'min_samples_leaf': 1, 'class_weight': 'balanced'}. Best is trial 584 with value: 0.8792270531400965.
2025-02-02 17:06:06,485 - INFO - Trial 594 finished with value: 0.8188405797101449 and parameters: {'n_estimators': 56, 'max_depth': 13, 'min_samples_split': 6, 'min_samples_leaf': 2, 'class_weight': 'balanced'}. Best is trial 584 with value: 0.8792270531400965.
2025-02-02 17:06:06,625 - INFO - Trial 595 finished with value: 0.8508771929824562 and parameters: {'n_estimators': 53, 'max_depth': 11, 'min_samples_split': 6, 'min_samples_leaf': 1, 'class_weight': 'balanced'}. Best is trial 584 with value: 0.8792270531400965.
2025-02-02 17:06:06,757 - INFO - Trial 596 finished with value: 0.7853566958698374 and parameters: {'n_estimators': 50, 'max_depth': 14, 'min_samples_split': 5, 'min_samples_leaf': 1, 'class_weight': None}. Best is trial 584 with value: 0.8792270531400965.
2025-02-02 17:06:06,893 - INFO - Trial 597 finished with value: 0.7912280701754386 and parameters: {'n_estimators': 50, 'max_depth': 12, 'min_samples_split': 6, 'min_samples_leaf': 1, 'class_weight': 'balanced'}. Best is trial 584 with value: 0.8792270531400965.
2025-02-02 17:06:07,169 - INFO - Trial 598 finished with value: 0.8508771929824562 and parameters: {'n_estimators': 135, 'max_depth': 16, 'min_samples_split': 5, 'min_samples_leaf': 2, 'class_weight': 'balanced'}. Best is trial 584 with value: 0.8792270531400965.
2025-02-02 17:06:07,470 - INFO - Trial 599 finished with value: 0.7853566958698374 and parameters: {'n_estimators': 160, 'max_depth': 15, 'min_samples_split': 4, 'min_samples_leaf': 1, 'class_weight': 'balanced'}. Best is trial 584 with value: 0.8792270531400965.
2025-02-02 17:06:07,651 - INFO - Trial 600 finished with value: 0.8508771929824562 and parameters: {'n_estimators': 80, 'max_depth': 16, 'min_samples_split': 6, 'min_samples_leaf': 2, 'class_weight': 'balanced'}. Best is trial 584 with value: 0.8792270531400965.
2025-02-02 17:06:07,853 - INFO - Trial 601 finished with value: 0.7662337662337663 and parameters: {'n_estimators': 66, 'max_depth': 13, 'min_samples_split': 8, 'min_samples_leaf': 3, 'class_weight': 'balanced'}. Best is trial 584 with value: 0.8792270531400965.
2025-02-02 17:06:08,134 - INFO - Trial 602 finished with value: 0.8508771929824562 and parameters: {'n_estimators': 141, 'max_depth': 14, 'min_samples_split': 6, 'min_samples_leaf': 1, 'class_weight': 'balanced'}. Best is trial 584 with value: 0.8792270531400965.
2025-02-02 17:06:08,425 - INFO - Trial 603 finished with value: 0.8508771929824562 and parameters: {'n_estimators': 149, 'max_depth': 12, 'min_samples_split': 5, 'min_samples_leaf': 1, 'class_weight': 'balanced'}. Best is trial 584 with value: 0.8792270531400965.
2025-02-02 17:06:08,617 - INFO - Trial 604 finished with value: 0.8188405797101449 and parameters: {'n_estimators': 87, 'max_depth': 17, 'min_samples_split': 2, 'min_samples_leaf': 1, 'class_weight': 'balanced'}. Best is trial 584 with value: 0.8792270531400965.
2025-02-02 17:06:09,029 - INFO - Trial 605 finished with value: 0.7945736434108528 and parameters: {'n_estimators': 219, 'max_depth': 8, 'min_samples_split': 8, 'min_samples_leaf': 2, 'class_weight': 'balanced'}. Best is trial 584 with value: 0.8792270531400965.
2025-02-02 17:06:09,342 - INFO - Trial 606 finished with value: 0.8508771929824562 and parameters: {'n_estimators': 157, 'max_depth': 12, 'min_samples_split': 4, 'min_samples_leaf': 1, 'class_weight': 'balanced'}. Best is trial 584 with value: 0.8792270531400965.
2025-02-02 17:06:09,581 - INFO - Trial 607 finished with value: 0.7853566958698374 and parameters: {'n_estimators': 121, 'max_depth': 14, 'min_samples_split': 6, 'min_samples_leaf': 1, 'class_weight': None}. Best is trial 584 with value: 0.8792270531400965.
2025-02-02 17:06:09,800 - INFO - Trial 608 finished with value: 0.8227272727272728 and parameters: {'n_estimators': 112, 'max_depth': 15, 'min_samples_split': 3, 'min_samples_leaf': 4, 'class_weight': 'balanced'}. Best is trial 584 with value: 0.8792270531400965.
2025-02-02 17:06:10,126 - INFO - Trial 609 finished with value: 0.8508771929824562 and parameters: {'n_estimators': 174, 'max_depth': 11, 'min_samples_split': 6, 'min_samples_leaf': 2, 'class_weight': 'balanced'}. Best is trial 584 with value: 0.8792270531400965.
2025-02-02 17:06:10,437 - INFO - Trial 610 finished with value: 0.8227272727272728 and parameters: {'n_estimators': 167, 'max_depth': 13, 'min_samples_split': 5, 'min_samples_leaf': 3, 'class_weight': 'balanced'}. Best is trial 584 with value: 0.8792270531400965.
2025-02-02 17:06:10,725 - INFO - Trial 611 finished with value: 0.8188405797101449 and parameters: {'n_estimators': 146, 'max_depth': 17, 'min_samples_split': 5, 'min_samples_leaf': 1, 'class_weight': 'balanced'}. Best is trial 584 with value: 0.8792270531400965.
