2025-02-02 17:07:41,656 - INFO - Trial 123 finished with value: 0.7912280701754386 and parameters: {'max_depth': 15, 'min_samples_split': 6, 'min_samples_leaf': 2, 'class_weight': None}. Best is trial 49 with value: 0.9396135265700484.
2025-02-02 17:07:41,677 - INFO - Trial 124 finished with value: 0.9105263157894736 and parameters: {'max_depth': 16, 'min_samples_split': 5, 'min_samples_leaf': 2, 'class_weight': None}. Best is trial 49 with value: 0.9396135265700484.
2025-02-02 17:07:41,700 - INFO - Trial 125 finished with value: 0.8818181818181818 and parameters: {'max_depth': 4, 'min_samples_split': 5, 'min_samples_leaf': 2, 'class_weight': None}. Best is trial 49 with value: 0.9396135265700484.
2025-02-02 17:07:41,725 - INFO - Trial 126 finished with value: 0.9105263157894736 and parameters: {'max_depth': 15, 'min_samples_split': 3, 'min_samples_leaf': 2, 'class_weight': None}. Best is trial 49 with value: 0.9396135265700484.
2025-02-02 17:07:41,750 - INFO - Trial 127 finished with value: 0.8818181818181818 and parameters: {'max_depth': 16, 'min_samples_split': 6, 'min_samples_leaf': 2, 'class_weight': None}. Best is trial 49 with value: 0.9396135265700484.
2025-02-02 17:07:41,774 - INFO - Trial 128 finished with value: 0.8818181818181818 and parameters: {'max_depth': 8, 'min_samples_split': 2, 'min_samples_leaf': 2, 'class_weight': None}. Best is trial 49 with value: 0.9396135265700484.
2025-02-02 17:07:41,794 - INFO - Trial 129 finished with value: 0.8188405797101449 and parameters: {'max_depth': 17, 'min_samples_split': 5, 'min_samples_leaf': 2, 'class_weight': None}. Best is trial 49 with value: 0.9396135265700484.
2025-02-02 17:07:41,815 - INFO - Trial 130 finished with value: 0.8818181818181818 and parameters: {'max_depth': 15, 'min_samples_split': 7, 'min_samples_leaf': 2, 'class_weight': None}. Best is trial 49 with value: 0.9396135265700484.
2025-02-02 17:07:41,835 - INFO - Trial 131 finished with value: 0.9105263157894736 and parameters: {'max_depth': 13, 'min_samples_split': 5, 'min_samples_leaf': 2, 'class_weight': None}. Best is trial 49 with value: 0.9396135265700484.
2025-02-02 17:07:41,864 - INFO - Trial 132 finished with value: 0.9105263157894736 and parameters: {'max_depth': 14, 'min_samples_split': 5, 'min_samples_leaf': 2, 'class_weight': None}. Best is trial 49 with value: 0.9396135265700484.
2025-02-02 17:07:41,887 - INFO - Trial 133 finished with value: 0.9105263157894736 and parameters: {'max_depth': 15, 'min_samples_split': 5, 'min_samples_leaf': 2, 'class_weight': None}. Best is trial 49 with value: 0.9396135265700484.
2025-02-02 17:07:41,914 - INFO - Trial 134 finished with value: 0.9105263157894736 and parameters: {'max_depth': 16, 'min_samples_split': 5, 'min_samples_leaf': 2, 'class_weight': None}. Best is trial 49 with value: 0.9396135265700484.
2025-02-02 17:07:41,935 - INFO - Trial 135 finished with value: 0.8818181818181818 and parameters: {'max_depth': 14, 'min_samples_split': 5, 'min_samples_leaf': 2, 'class_weight': None}. Best is trial 49 with value: 0.9396135265700484.
2025-02-02 17:07:41,954 - INFO - Trial 136 finished with value: 0.8818181818181818 and parameters: {'max_depth': 15, 'min_samples_split': 6, 'min_samples_leaf': 2, 'class_weight': None}. Best is trial 49 with value: 0.9396135265700484.
2025-02-02 17:07:41,974 - INFO - Trial 137 finished with value: 0.8188405797101449 and parameters: {'max_depth': 13, 'min_samples_split': 3, 'min_samples_leaf': 2, 'class_weight': 'balanced'}. Best is trial 49 with value: 0.9396135265700484.
2025-02-02 17:07:41,997 - INFO - Trial 138 finished with value: 0.8188405797101449 and parameters: {'max_depth': 18, 'min_samples_split': 4, 'min_samples_leaf': 2, 'class_weight': None}. Best is trial 49 with value: 0.9396135265700484.
2025-02-02 17:07:42,019 - INFO - Trial 139 finished with value: 0.8188405797101449 and parameters: {'max_depth': 16, 'min_samples_split': 8, 'min_samples_leaf': 2, 'class_weight': None}. Best is trial 49 with value: 0.9396135265700484.
2025-02-02 17:07:42,041 - INFO - Trial 140 finished with value: 0.8818181818181818 and parameters: {'max_depth': 14, 'min_samples_split': 5, 'min_samples_leaf': 2, 'class_weight': None}. Best is trial 49 with value: 0.9396135265700484.
2025-02-02 17:07:42,066 - INFO - Trial 141 finished with value: 0.9105263157894736 and parameters: {'max_depth': 15, 'min_samples_split': 5, 'min_samples_leaf': 2, 'class_weight': None}. Best is trial 49 with value: 0.9396135265700484.
2025-02-02 17:07:42,092 - INFO - Trial 142 finished with value: 0.8818181818181818 and parameters: {'max_depth': 15, 'min_samples_split': 5, 'min_samples_leaf': 2, 'class_weight': None}. Best is trial 49 with value: 0.9396135265700484.
2025-02-02 17:07:42,111 - INFO - Trial 143 finished with value: 0.8188405797101449 and parameters: {'max_depth': 16, 'min_samples_split': 5, 'min_samples_leaf': 2, 'class_weight': None}. Best is trial 49 with value: 0.9396135265700484.
2025-02-02 17:07:42,129 - INFO - Trial 144 finished with value: 0.8188405797101449 and parameters: {'max_depth': 14, 'min_samples_split': 5, 'min_samples_leaf': 2, 'class_weight': None}. Best is trial 49 with value: 0.9396135265700484.
2025-02-02 17:07:42,149 - INFO - Trial 145 finished with value: 0.8188405797101449 and parameters: {'max_depth': 15, 'min_samples_split': 5, 'min_samples_leaf': 2, 'class_weight': None}. Best is trial 49 with value: 0.9396135265700484.
2025-02-02 17:07:42,167 - INFO - Trial 146 finished with value: 0.8188405797101449 and parameters: {'max_depth': 17, 'min_samples_split': 4, 'min_samples_leaf': 2, 'class_weight': None}. Best is trial 49 with value: 0.9396135265700484.
2025-02-02 17:07:42,185 - INFO - Trial 147 finished with value: 0.7912280701754386 and parameters: {'max_depth': 16, 'min_samples_split': 6, 'min_samples_leaf': 2, 'class_weight': None}. Best is trial 49 with value: 0.9396135265700484.
2025-02-02 17:07:42,204 - INFO - Trial 148 finished with value: 0.7912280701754386 and parameters: {'max_depth': 14, 'min_samples_split': 3, 'min_samples_leaf': 2, 'class_weight': None}. Best is trial 49 with value: 0.9396135265700484.
2025-02-02 17:07:42,223 - INFO - Trial 149 finished with value: 0.8188405797101449 and parameters: {'max_depth': 13, 'min_samples_split': 5, 'min_samples_leaf': 2, 'class_weight': None}. Best is trial 49 with value: 0.9396135265700484.
2025-02-02 17:07:42,242 - INFO - Trial 150 finished with value: 0.8188405797101449 and parameters: {'max_depth': 15, 'min_samples_split': 5, 'min_samples_leaf': 2, 'class_weight': None}. Best is trial 49 with value: 0.9396135265700484.
2025-02-02 17:07:42,261 - INFO - Trial 151 finished with value: 0.7912280701754386 and parameters: {'max_depth': 14, 'min_samples_split': 4, 'min_samples_leaf': 2, 'class_weight': None}. Best is trial 49 with value: 0.9396135265700484.
2025-02-02 17:07:42,279 - INFO - Trial 152 finished with value: 0.8818181818181818 and parameters: {'max_depth': 15, 'min_samples_split': 3, 'min_samples_leaf': 2, 'class_weight': None}. Best is trial 49 with value: 0.9396135265700484.
2025-02-02 17:07:42,298 - INFO - Trial 153 finished with value: 0.8246753246753247 and parameters: {'max_depth': 14, 'min_samples_split': 9, 'min_samples_leaf': 2, 'class_weight': None}. Best is trial 49 with value: 0.9396135265700484.
2025-02-02 17:07:42,315 - INFO - Trial 154 finished with value: 0.9396135265700484 and parameters: {'max_depth': 16, 'min_samples_split': 4, 'min_samples_leaf': 2, 'class_weight': None}. Best is trial 49 with value: 0.9396135265700484.
2025-02-02 17:07:42,335 - INFO - Trial 155 finished with value: 0.8188405797101449 and parameters: {'max_depth': 17, 'min_samples_split': 4, 'min_samples_leaf': 2, 'class_weight': None}. Best is trial 49 with value: 0.9396135265700484.
2025-02-02 17:07:42,354 - INFO - Trial 156 finished with value: 0.8818181818181818 and parameters: {'max_depth': 16, 'min_samples_split': 3, 'min_samples_leaf': 2, 'class_weight': None}. Best is trial 49 with value: 0.9396135265700484.
2025-02-02 17:07:42,372 - INFO - Trial 157 finished with value: 0.8188405797101449 and parameters: {'max_depth': 16, 'min_samples_split': 5, 'min_samples_leaf': 2, 'class_weight': None}. Best is trial 49 with value: 0.9396135265700484.
2025-02-02 17:07:42,392 - INFO - Trial 158 finished with value: 0.8188405797101449 and parameters: {'max_depth': 10, 'min_samples_split': 4, 'min_samples_leaf': 2, 'class_weight': None}. Best is trial 49 with value: 0.9396135265700484.
2025-02-02 17:07:42,412 - INFO - Trial 159 finished with value: 0.7912280701754386 and parameters: {'max_depth': 17, 'min_samples_split': 5, 'min_samples_leaf': 2, 'class_weight': 'balanced'}. Best is trial 49 with value: 0.9396135265700484.
2025-02-02 17:07:42,430 - INFO - Trial 160 finished with value: 0.8188405797101449 and parameters: {'max_depth': 6, 'min_samples_split': 5, 'min_samples_leaf': 2, 'class_weight': None}. Best is trial 49 with value: 0.9396135265700484.
2025-02-02 17:07:42,449 - INFO - Trial 161 finished with value: 0.9105263157894736 and parameters: {'max_depth': 15, 'min_samples_split': 3, 'min_samples_leaf': 2, 'class_weight': None}. Best is trial 49 with value: 0.9396135265700484.
2025-02-02 17:07:42,469 - INFO - Trial 162 finished with value: 0.8188405797101449 and parameters: {'max_depth': 15, 'min_samples_split': 4, 'min_samples_leaf': 2, 'class_weight': None}. Best is trial 49 with value: 0.9396135265700484.
2025-02-02 17:07:42,489 - INFO - Trial 163 finished with value: 0.8188405797101449 and parameters: {'max_depth': 16, 'min_samples_split': 3, 'min_samples_leaf': 2, 'class_weight': None}. Best is trial 49 with value: 0.9396135265700484.
2025-02-02 17:07:42,510 - INFO - Trial 164 finished with value: 0.8188405797101449 and parameters: {'max_depth': 14, 'min_samples_split': 5, 'min_samples_leaf': 2, 'class_weight': None}. Best is trial 49 with value: 0.9396135265700484.
2025-02-02 17:07:42,530 - INFO - Trial 165 finished with value: 0.8188405797101449 and parameters: {'max_depth': 15, 'min_samples_split': 4, 'min_samples_leaf': 2, 'class_weight': None}. Best is trial 49 with value: 0.9396135265700484.
2025-02-02 17:07:42,553 - INFO - Trial 166 finished with value: 0.9105263157894736 and parameters: {'max_depth': 13, 'min_samples_split': 2, 'min_samples_leaf': 2, 'class_weight': None}. Best is trial 49 with value: 0.9396135265700484.
2025-02-02 17:07:42,573 - INFO - Trial 167 finished with value: 0.8188405797101449 and parameters: {'max_depth': 16, 'min_samples_split': 5, 'min_samples_leaf': 2, 'class_weight': None}. Best is trial 49 with value: 0.9396135265700484.
2025-02-02 17:07:42,593 - INFO - Trial 168 finished with value: 0.9105263157894736 and parameters: {'max_depth': 15, 'min_samples_split': 4, 'min_samples_leaf': 2, 'class_weight': None}. Best is trial 49 with value: 0.9396135265700484.
2025-02-02 17:07:42,615 - INFO - Trial 169 finished with value: 0.7912280701754386 and parameters: {'max_depth': 16, 'min_samples_split': 5, 'min_samples_leaf': 2, 'class_weight': None}. Best is trial 49 with value: 0.9396135265700484.
2025-02-02 17:07:42,637 - INFO - Trial 170 finished with value: 0.8818181818181818 and parameters: {'max_depth': 14, 'min_samples_split': 5, 'min_samples_leaf': 2, 'class_weight': None}. Best is trial 49 with value: 0.9396135265700484.
2025-02-02 17:07:42,665 - INFO - Trial 171 finished with value: 0.8188405797101449 and parameters: {'max_depth': 17, 'min_samples_split': 6, 'min_samples_leaf': 2, 'class_weight': None}. Best is trial 49 with value: 0.9396135265700484.
2025-02-02 17:07:42,688 - INFO - Trial 172 finished with value: 0.8818181818181818 and parameters: {'max_depth': 17, 'min_samples_split': 8, 'min_samples_leaf': 2, 'class_weight': None}. Best is trial 49 with value: 0.9396135265700484.
2025-02-02 17:07:42,707 - INFO - Trial 173 finished with value: 0.8818181818181818 and parameters: {'max_depth': 16, 'min_samples_split': 7, 'min_samples_leaf': 2, 'class_weight': None}. Best is trial 49 with value: 0.9396135265700484.
2025-02-02 17:07:42,726 - INFO - Trial 174 finished with value: 0.8188405797101449 and parameters: {'max_depth': 17, 'min_samples_split': 7, 'min_samples_leaf': 2, 'class_weight': None}. Best is trial 49 with value: 0.9396135265700484.
2025-02-02 17:07:42,747 - INFO - Trial 175 finished with value: 0.8818181818181818 and parameters: {'max_depth': 15, 'min_samples_split': 6, 'min_samples_leaf': 2, 'class_weight': None}. Best is trial 49 with value: 0.9396135265700484.
2025-02-02 17:07:42,766 - INFO - Trial 176 finished with value: 0.8188405797101449 and parameters: {'max_depth': 16, 'min_samples_split': 8, 'min_samples_leaf': 2, 'class_weight': None}. Best is trial 49 with value: 0.9396135265700484.
2025-02-02 17:07:42,785 - INFO - Trial 177 finished with value: 0.9105263157894736 and parameters: {'max_depth': 14, 'min_samples_split': 5, 'min_samples_leaf': 2, 'class_weight': None}. Best is trial 49 with value: 0.9396135265700484.
2025-02-02 17:07:42,802 - INFO - Trial 178 finished with value: 0.8818181818181818 and parameters: {'max_depth': 18, 'min_samples_split': 5, 'min_samples_leaf': 2, 'class_weight': None}. Best is trial 49 with value: 0.9396135265700484.
2025-02-02 17:07:42,819 - INFO - Trial 179 finished with value: 0.8188405797101449 and parameters: {'max_depth': 13, 'min_samples_split': 8, 'min_samples_leaf': 2, 'class_weight': None}. Best is trial 49 with value: 0.9396135265700484.
2025-02-02 17:07:42,837 - INFO - Trial 180 finished with value: 0.8818181818181818 and parameters: {'max_depth': 15, 'min_samples_split': 7, 'min_samples_leaf': 2, 'class_weight': None}. Best is trial 49 with value: 0.9396135265700484.
2025-02-02 17:07:42,854 - INFO - Trial 181 finished with value: 0.8188405797101449 and parameters: {'max_depth': 16, 'min_samples_split': 5, 'min_samples_leaf': 2, 'class_weight': None}. Best is trial 49 with value: 0.9396135265700484.
2025-02-02 17:07:42,872 - INFO - Trial 182 finished with value: 0.9396135265700484 and parameters: {'max_depth': 17, 'min_samples_split': 5, 'min_samples_leaf': 2, 'class_weight': None}. Best is trial 49 with value: 0.9396135265700484.
2025-02-02 17:07:42,889 - INFO - Trial 183 finished with value: 0.8818181818181818 and parameters: {'max_depth': 17, 'min_samples_split': 5, 'min_samples_leaf': 2, 'class_weight': None}. Best is trial 49 with value: 0.9396135265700484.
2025-02-02 17:07:42,906 - INFO - Trial 184 finished with value: 0.8818181818181818 and parameters: {'max_depth': 17, 'min_samples_split': 5, 'min_samples_leaf': 2, 'class_weight': None}. Best is trial 49 with value: 0.9396135265700484.
2025-02-02 17:07:42,924 - INFO - Trial 185 finished with value: 0.8818181818181818 and parameters: {'max_depth': 18, 'min_samples_split': 3, 'min_samples_leaf': 2, 'class_weight': None}. Best is trial 49 with value: 0.9396135265700484.
2025-02-02 17:07:42,943 - INFO - Trial 186 finished with value: 0.8818181818181818 and parameters: {'max_depth': 16, 'min_samples_split': 5, 'min_samples_leaf': 2, 'class_weight': None}. Best is trial 49 with value: 0.9396135265700484.
2025-02-02 17:07:42,963 - INFO - Trial 187 finished with value: 0.7912280701754386 and parameters: {'max_depth': 18, 'min_samples_split': 5, 'min_samples_leaf': 2, 'class_weight': None}. Best is trial 49 with value: 0.9396135265700484.
2025-02-02 17:07:42,986 - INFO - Trial 188 finished with value: 0.8532668881506091 and parameters: {'max_depth': 15, 'min_samples_split': 5, 'min_samples_leaf': 2, 'class_weight': 'balanced'}. Best is trial 49 with value: 0.9396135265700484.
2025-02-02 17:07:43,005 - INFO - Trial 189 finished with value: 0.8188405797101449 and parameters: {'max_depth': 15, 'min_samples_split': 3, 'min_samples_leaf': 2, 'class_weight': None}. Best is trial 49 with value: 0.9396135265700484.
2025-02-02 17:07:43,024 - INFO - Trial 190 finished with value: 0.8818181818181818 and parameters: {'max_depth': 14, 'min_samples_split': 5, 'min_samples_leaf': 2, 'class_weight': None}. Best is trial 49 with value: 0.9396135265700484.
2025-02-02 17:07:43,042 - INFO - Trial 191 finished with value: 0.7912280701754386 and parameters: {'max_depth': 16, 'min_samples_split': 5, 'min_samples_leaf': 2, 'class_weight': None}. Best is trial 49 with value: 0.9396135265700484.
2025-02-02 17:07:43,063 - INFO - Trial 192 finished with value: 0.8188405797101449 and parameters: {'max_depth': 17, 'min_samples_split': 5, 'min_samples_leaf': 2, 'class_weight': None}. Best is trial 49 with value: 0.9396135265700484.
2025-02-02 17:07:43,084 - INFO - Trial 193 finished with value: 0.7912280701754386 and parameters: {'max_depth': 16, 'min_samples_split': 5, 'min_samples_leaf': 2, 'class_weight': None}. Best is trial 49 with value: 0.9396135265700484.
2025-02-02 17:07:43,103 - INFO - Trial 194 finished with value: 0.8188405797101449 and parameters: {'max_depth': 17, 'min_samples_split': 5, 'min_samples_leaf': 2, 'class_weight': None}. Best is trial 49 with value: 0.9396135265700484.
2025-02-02 17:07:43,123 - INFO - Trial 195 finished with value: 0.9105263157894736 and parameters: {'max_depth': 16, 'min_samples_split': 6, 'min_samples_leaf': 2, 'class_weight': None}. Best is trial 49 with value: 0.9396135265700484.
2025-02-02 17:07:43,146 - INFO - Trial 196 finished with value: 0.9396135265700484 and parameters: {'max_depth': 15, 'min_samples_split': 5, 'min_samples_leaf': 2, 'class_weight': None}. Best is trial 49 with value: 0.9396135265700484.
2025-02-02 17:07:43,171 - INFO - Trial 197 finished with value: 0.7912280701754386 and parameters: {'max_depth': 15, 'min_samples_split': 6, 'min_samples_leaf': 2, 'class_weight': None}. Best is trial 49 with value: 0.9396135265700484.
2025-02-02 17:07:43,194 - INFO - Trial 198 finished with value: 0.7912280701754386 and parameters: {'max_depth': 14, 'min_samples_split': 5, 'min_samples_leaf': 2, 'class_weight': None}. Best is trial 49 with value: 0.9396135265700484.
2025-02-02 17:07:43,216 - INFO - Trial 199 finished with value: 0.9375 and parameters: {'max_depth': 15, 'min_samples_split': 4, 'min_samples_leaf': 4, 'class_weight': None}. Best is trial 49 with value: 0.9396135265700484.
2025-02-02 17:07:43,235 - INFO - Trial 200 finished with value: 0.9105263157894736 and parameters: {'max_depth': 15, 'min_samples_split': 4, 'min_samples_leaf': 2, 'class_weight': None}. Best is trial 49 with value: 0.9396135265700484.
2025-02-02 17:07:43,253 - INFO - Trial 201 finished with value: 0.9105263157894736 and parameters: {'max_depth': 15, 'min_samples_split': 4, 'min_samples_leaf': 2, 'class_weight': None}. Best is trial 49 with value: 0.9396135265700484.
2025-02-02 17:07:43,271 - INFO - Trial 202 finished with value: 0.7912280701754386 and parameters: {'max_depth': 15, 'min_samples_split': 4, 'min_samples_leaf': 2, 'class_weight': None}. Best is trial 49 with value: 0.9396135265700484.
2025-02-02 17:07:43,290 - INFO - Trial 203 finished with value: 0.8818181818181818 and parameters: {'max_depth': 14, 'min_samples_split': 4, 'min_samples_leaf': 2, 'class_weight': None}. Best is trial 49 with value: 0.9396135265700484.
2025-02-02 17:07:43,308 - INFO - Trial 204 finished with value: 0.8188405797101449 and parameters: {'max_depth': 15, 'min_samples_split': 3, 'min_samples_leaf': 4, 'class_weight': None}. Best is trial 49 with value: 0.9396135265700484.
2025-02-02 17:07:43,329 - INFO - Trial 205 finished with value: 0.8188405797101449 and parameters: {'max_depth': 14, 'min_samples_split': 5, 'min_samples_leaf': 4, 'class_weight': None}. Best is trial 49 with value: 0.9396135265700484.
2025-02-02 17:07:43,348 - INFO - Trial 206 finished with value: 0.8188405797101449 and parameters: {'max_depth': 15, 'min_samples_split': 5, 'min_samples_leaf': 3, 'class_weight': None}. Best is trial 49 with value: 0.9396135265700484.
2025-02-02 17:07:43,367 - INFO - Trial 207 finished with value: 0.9080100125156445 and parameters: {'max_depth': 16, 'min_samples_split': 5, 'min_samples_leaf': 4, 'class_weight': None}. Best is trial 49 with value: 0.9396135265700484.
2025-02-02 17:07:43,386 - INFO - Trial 208 finished with value: 0.9396135265700484 and parameters: {'max_depth': 16, 'min_samples_split': 3, 'min_samples_leaf': 2, 'class_weight': None}. Best is trial 49 with value: 0.9396135265700484.
2025-02-02 17:07:43,405 - INFO - Trial 209 finished with value: 0.8188405797101449 and parameters: {'max_depth': 16, 'min_samples_split': 3, 'min_samples_leaf': 2, 'class_weight': None}. Best is trial 49 with value: 0.9396135265700484.
2025-02-02 17:07:43,428 - INFO - Trial 210 finished with value: 0.8818181818181818 and parameters: {'max_depth': 15, 'min_samples_split': 3, 'min_samples_leaf': 2, 'class_weight': None}. Best is trial 49 with value: 0.9396135265700484.
2025-02-02 17:07:43,452 - INFO - Trial 211 finished with value: 0.8818181818181818 and parameters: {'max_depth': 16, 'min_samples_split': 3, 'min_samples_leaf': 2, 'class_weight': None}. Best is trial 49 with value: 0.9396135265700484.
2025-02-02 17:07:43,476 - INFO - Trial 212 finished with value: 0.8188405797101449 and parameters: {'max_depth': 17, 'min_samples_split': 3, 'min_samples_leaf': 2, 'class_weight': None}. Best is trial 49 with value: 0.9396135265700484.
2025-02-02 17:07:43,497 - INFO - Trial 213 finished with value: 0.8818181818181818 and parameters: {'max_depth': 15, 'min_samples_split': 9, 'min_samples_leaf': 2, 'class_weight': None}. Best is trial 49 with value: 0.9396135265700484.
2025-02-02 17:07:43,518 - INFO - Trial 214 finished with value: 0.8188405797101449 and parameters: {'max_depth': 16, 'min_samples_split': 5, 'min_samples_leaf': 2, 'class_weight': None}. Best is trial 49 with value: 0.9396135265700484.
2025-02-02 17:07:43,537 - INFO - Trial 215 finished with value: 0.8818181818181818 and parameters: {'max_depth': 7, 'min_samples_split': 3, 'min_samples_leaf': 2, 'class_weight': None}. Best is trial 49 with value: 0.9396135265700484.
