2024-12-10 15:09:36,021 - INFO - Trial 12 finished with value: 0.9946251129177958 and parameters: {'n_estimators': 208, 'max_depth': 15, 'learning_rate': 0.07047117367168465, 'subsample': 0.8446579839797048, 'colsample_bytree': 0.6770779054072262, 'scale_pos_weight': 0.9126391836449517}. Best is trial 2 with value: 1.0.
2024-12-10 15:09:36,116 - INFO - Trial 13 finished with value: 0.9946251129177958 and parameters: {'n_estimators': 112, 'max_depth': 10, 'learning_rate': 0.0728469518472591, 'subsample': 0.6857934270933231, 'colsample_bytree': 0.8740425781411754, 'scale_pos_weight': 1.2943534781945378}. Best is trial 2 with value: 1.0.
2024-12-10 15:09:36,252 - INFO - Trial 14 finished with value: 0.9946251129177958 and parameters: {'n_estimators': 244, 'max_depth': 20, 'learning_rate': 0.10228218263252645, 'subsample': 0.6982608269072256, 'colsample_bytree': 0.7063653608887327, 'scale_pos_weight': 0.8439252533247632}. Best is trial 2 with value: 1.0.
2024-12-10 15:09:36,384 - INFO - Trial 15 finished with value: 1.0 and parameters: {'n_estimators': 171, 'max_depth': 16, 'learning_rate': 0.03877980216651401, 'subsample': 0.8457805976587629, 'colsample_bytree': 0.8236718509127784, 'scale_pos_weight': 1.113799996501226}. Best is trial 2 with value: 1.0.
2024-12-10 15:09:36,467 - INFO - Trial 16 finished with value: 1.0 and parameters: {'n_estimators': 92, 'max_depth': 12, 'learning_rate': 0.12189544786605172, 'subsample': 0.8600585035860234, 'colsample_bytree': 0.9998714821989125, 'scale_pos_weight': 0.7613602319809973}. Best is trial 2 with value: 1.0.
2024-12-10 15:09:36,571 - INFO - Trial 17 finished with value: 1.0 and parameters: {'n_estimators': 144, 'max_depth': 17, 'learning_rate': 0.052016323882278226, 'subsample': 0.6319965647027977, 'colsample_bytree': 0.7208487844065238, 'scale_pos_weight': 1.1414343605690556}. Best is trial 2 with value: 1.0.
2024-12-10 15:09:36,695 - INFO - Trial 18 finished with value: 0.9946251129177958 and parameters: {'n_estimators': 190, 'max_depth': 8, 'learning_rate': 0.12579846257462265, 'subsample': 0.7385658072244619, 'colsample_bytree': 0.8377208817313831, 'scale_pos_weight': 1.9355406393824992}. Best is trial 2 with value: 1.0.
2024-12-10 15:09:36,825 - INFO - Trial 19 finished with value: 0.9946251129177958 and parameters: {'n_estimators': 272, 'max_depth': 13, 'learning_rate': 0.192310508296204, 'subsample': 0.5082198814547336, 'colsample_bytree': 0.9334640033739217, 'scale_pos_weight': 0.7243292386299459}. Best is trial 2 with value: 1.0.
2024-12-10 15:09:36,900 - INFO - Trial 20 finished with value: 1.0 and parameters: {'n_estimators': 81, 'max_depth': 3, 'learning_rate': 0.05935758138518865, 'subsample': 0.8932208958334048, 'colsample_bytree': 0.7879438828639443, 'scale_pos_weight': 1.0177735141561386}. Best is trial 2 with value: 1.0.
2024-12-10 15:09:37,037 - INFO - Trial 21 finished with value: 0.9946251129177958 and parameters: {'n_estimators': 294, 'max_depth': 14, 'learning_rate': 0.22304352770929575, 'subsample': 0.6203779852685573, 'colsample_bytree': 0.8840273308000994, 'scale_pos_weight': 1.3398636133856416}. Best is trial 2 with value: 1.0.
2024-12-10 15:09:37,179 - INFO - Trial 22 finished with value: 0.9946251129177958 and parameters: {'n_estimators': 298, 'max_depth': 16, 'learning_rate': 0.18639241029238882, 'subsample': 0.614822807469784, 'colsample_bytree': 0.8608260987576132, 'scale_pos_weight': 1.657328377826156}. Best is trial 2 with value: 1.0.
2024-12-10 15:09:37,299 - INFO - Trial 23 finished with value: 0.9946251129177958 and parameters: {'n_estimators': 234, 'max_depth': 11, 'learning_rate': 0.2952998389867312, 'subsample': 0.5656885996258041, 'colsample_bytree': 0.9168432221986216, 'scale_pos_weight': 1.99913673025869}. Best is trial 2 with value: 1.0.
2024-12-10 15:09:37,472 - INFO - Trial 24 finished with value: 1.0 and parameters: {'n_estimators': 269, 'max_depth': 14, 'learning_rate': 0.029617631236267688, 'subsample': 0.7405035554303705, 'colsample_bytree': 0.7436263805185107, 'scale_pos_weight': 1.4339134852060362}. Best is trial 2 with value: 1.0.
2024-12-10 15:09:37,556 - INFO - Trial 25 finished with value: 0.9946251129177958 and parameters: {'n_estimators': 124, 'max_depth': 20, 'learning_rate': 0.22130201864215449, 'subsample': 0.6596336019579374, 'colsample_bytree': 0.7815442497044978, 'scale_pos_weight': 0.5047203989050073}. Best is trial 2 with value: 1.0.
2024-12-10 15:09:37,685 - INFO - Trial 26 finished with value: 0.9946251129177958 and parameters: {'n_estimators': 215, 'max_depth': 17, 'learning_rate': 0.10161976132783102, 'subsample': 0.8069224166839634, 'colsample_bytree': 0.949992635819413, 'scale_pos_weight': 1.8155318183188927}. Best is trial 2 with value: 1.0.
2024-12-10 15:09:37,797 - INFO - Trial 27 finished with value: 0.9946251129177958 and parameters: {'n_estimators': 187, 'max_depth': 14, 'learning_rate': 0.13074133865570794, 'subsample': 0.586705470295218, 'colsample_bytree': 0.8496532043322725, 'scale_pos_weight': 1.248761804985937}. Best is trial 2 with value: 1.0.
2024-12-10 15:09:37,896 - INFO - Trial 28 finished with value: 0.9946251129177958 and parameters: {'n_estimators': 156, 'max_depth': 8, 'learning_rate': 0.1932606651471925, 'subsample': 0.7210408428487588, 'colsample_bytree': 0.8119080354916616, 'scale_pos_weight': 1.512245778126345}. Best is trial 2 with value: 1.0.
2024-12-10 15:09:38,036 - INFO - Trial 29 finished with value: 0.9946251129177958 and parameters: {'n_estimators': 254, 'max_depth': 18, 'learning_rate': 0.04391222335225401, 'subsample': 0.5375734094619907, 'colsample_bytree': 0.5347365857972619, 'scale_pos_weight': 0.7565980020297821}. Best is trial 2 with value: 1.0.
2024-12-10 15:09:38,166 - INFO - Trial 30 finished with value: 0.9946251129177958 and parameters: {'n_estimators': 280, 'max_depth': 13, 'learning_rate': 0.261493561387139, 'subsample': 0.9834961520049463, 'colsample_bytree': 0.5644435860849646, 'scale_pos_weight': 0.6609968681436984}. Best is trial 2 with value: 1.0.
2024-12-10 15:09:38,300 - INFO - Trial 31 finished with value: 1.0 and parameters: {'n_estimators': 162, 'max_depth': 16, 'learning_rate': 0.03735337953237633, 'subsample': 0.8479396974792349, 'colsample_bytree': 0.8365782281063301, 'scale_pos_weight': 1.1644585060838157}. Best is trial 2 with value: 1.0.
2024-12-10 15:09:38,381 - INFO - Trial 32 finished with value: 0.9848132713575893 and parameters: {'n_estimators': 68, 'max_depth': 16, 'learning_rate': 0.012681881725067568, 'subsample': 0.787507590886929, 'colsample_bytree': 0.8896364029323771, 'scale_pos_weight': 0.9792455131739457}. Best is trial 2 with value: 1.0.
2024-12-10 15:09:38,475 - INFO - Trial 33 finished with value: 1.0 and parameters: {'n_estimators': 112, 'max_depth': 15, 'learning_rate': 0.062246246965271326, 'subsample': 0.883686415841819, 'colsample_bytree': 0.6668947934358932, 'scale_pos_weight': 1.0681502168680033}. Best is trial 2 with value: 1.0.
2024-12-10 15:09:38,590 - INFO - Trial 34 finished with value: 0.9946251129177958 and parameters: {'n_estimators': 177, 'max_depth': 19, 'learning_rate': 0.08247086825309224, 'subsample': 0.8125305610865187, 'colsample_bytree': 0.607796106728569, 'scale_pos_weight': 1.2232275554540613}. Best is trial 2 with value: 1.0.
2024-12-10 15:09:38,705 - INFO - Trial 35 finished with value: 1.0 and parameters: {'n_estimators': 135, 'max_depth': 17, 'learning_rate': 0.029705788158647654, 'subsample': 0.7622917060826465, 'colsample_bytree': 0.7548781736275734, 'scale_pos_weight': 1.3634859625416436}. Best is trial 2 with value: 1.0.
2024-12-10 15:09:38,849 - INFO - Trial 36 finished with value: 0.9946251129177958 and parameters: {'n_estimators': 251, 'max_depth': 13, 'learning_rate': 0.0869963699136401, 'subsample': 0.8281177509047513, 'colsample_bytree': 0.8204013281003244, 'scale_pos_weight': 1.4643088316793031}. Best is trial 2 with value: 1.0.
2024-12-10 15:09:38,970 - INFO - Trial 37 finished with value: 0.9946251129177958 and parameters: {'n_estimators': 227, 'max_depth': 19, 'learning_rate': 0.2500302685140286, 'subsample': 0.9306585538686085, 'colsample_bytree': 0.7962183236203813, 'scale_pos_weight': 1.6213766220214938}. Best is trial 2 with value: 1.0.
2024-12-10 15:09:39,057 - INFO - Trial 38 finished with value: 1.0 and parameters: {'n_estimators': 81, 'max_depth': 18, 'learning_rate': 0.04214723900454102, 'subsample': 0.9029343196172672, 'colsample_bytree': 0.7553230392187741, 'scale_pos_weight': 1.6842036453622333}. Best is trial 2 with value: 1.0.
2024-12-10 15:09:39,143 - INFO - Trial 39 finished with value: 0.9946251129177958 and parameters: {'n_estimators': 107, 'max_depth': 11, 'learning_rate': 0.14265921923974184, 'subsample': 0.5809280961992563, 'colsample_bytree': 0.7089247677432982, 'scale_pos_weight': 0.8433202940580558}. Best is trial 2 with value: 1.0.
2024-12-10 15:09:39,316 - INFO - Trial 40 finished with value: 1.0 and parameters: {'n_estimators': 217, 'max_depth': 15, 'learning_rate': 0.024103762114525168, 'subsample': 0.6562451599624436, 'colsample_bytree': 0.9135661404651272, 'scale_pos_weight': 1.7757390164780689}. Best is trial 2 with value: 1.0.
2024-12-10 15:09:39,384 - INFO - Trial 41 finished with value: 1.0 and parameters: {'n_estimators': 50, 'max_depth': 12, 'learning_rate': 0.11590168587655415, 'subsample': 0.8760220675516117, 'colsample_bytree': 0.933556930992339, 'scale_pos_weight': 0.6119000250515472}. Best is trial 2 with value: 1.0.
2024-12-10 15:09:39,465 - INFO - Trial 42 finished with value: 0.9946251129177958 and parameters: {'n_estimators': 90, 'max_depth': 10, 'learning_rate': 0.1778359204417016, 'subsample': 0.8593289690706403, 'colsample_bytree': 0.994936277209386, 'scale_pos_weight': 0.7680892189757256}. Best is trial 2 with value: 1.0.
2024-12-10 15:09:39,559 - INFO - Trial 43 finished with value: 1.0 and parameters: {'n_estimators': 98, 'max_depth': 14, 'learning_rate': 0.07274941999883018, 'subsample': 0.7677200638770804, 'colsample_bytree': 0.9679932682915786, 'scale_pos_weight': 0.9345633260705565}. Best is trial 2 with value: 1.0.
2024-12-10 15:09:39,632 - INFO - Trial 44 finished with value: 1.0 and parameters: {'n_estimators': 71, 'max_depth': 12, 'learning_rate': 0.20828820161852618, 'subsample': 0.9101011549373254, 'colsample_bytree': 0.9974766559003547, 'scale_pos_weight': 0.5227874472989787}. Best is trial 2 with value: 1.0.
2024-12-10 15:09:39,706 - INFO - Trial 45 finished with value: 0.99013357619915 and parameters: {'n_estimators': 61, 'max_depth': 15, 'learning_rate': 0.05066485059660667, 'subsample': 0.5337741055671648, 'colsample_bytree': 0.827457618863135, 'scale_pos_weight': 0.644042481144816}. Best is trial 2 with value: 1.0.
2024-12-10 15:09:39,804 - INFO - Trial 46 finished with value: 1.0 and parameters: {'n_estimators': 124, 'max_depth': 13, 'learning_rate': 0.1452412686130256, 'subsample': 0.9567270513511669, 'colsample_bytree': 0.865859598395079, 'scale_pos_weight': 0.8602088075863077}. Best is trial 2 with value: 1.0.
2024-12-10 15:09:39,944 - INFO - Trial 47 finished with value: 1.0 and parameters: {'n_estimators': 198, 'max_depth': 17, 'learning_rate': 0.11441329551969324, 'subsample': 0.8380540738868179, 'colsample_bytree': 0.9698706286827918, 'scale_pos_weight': 0.7010588907324524}. Best is trial 2 with value: 1.0.
2024-12-10 15:09:40,102 - INFO - Trial 48 finished with value: 1.0 and parameters: {'n_estimators': 175, 'max_depth': 10, 'learning_rate': 0.012560807490941895, 'subsample': 0.7906861619817398, 'colsample_bytree': 0.8956763948171785, 'scale_pos_weight': 1.0764887098738485}. Best is trial 2 with value: 1.0.
2024-12-10 15:09:40,243 - INFO - Trial 49 finished with value: 0.9946251129177958 and parameters: {'n_estimators': 284, 'max_depth': 16, 'learning_rate': 0.17103610082930393, 'subsample': 0.8692013063035452, 'colsample_bytree': 0.7285802218120759, 'scale_pos_weight': 1.3511281471221261}. Best is trial 2 with value: 1.0.
2024-12-10 15:09:40,331 - INFO - Trial 50 finished with value: 1.0 and parameters: {'n_estimators': 84, 'max_depth': 7, 'learning_rate': 0.05517585029003916, 'subsample': 0.8203838020547809, 'colsample_bytree': 0.7973028067849048, 'scale_pos_weight': 0.575573364389247}. Best is trial 2 with value: 1.0.
2024-12-10 15:09:40,440 - INFO - Trial 51 finished with value: 1.0 and parameters: {'n_estimators': 155, 'max_depth': 17, 'learning_rate': 0.06430872731647938, 'subsample': 0.6098401989900557, 'colsample_bytree': 0.7096713389107457, 'scale_pos_weight': 1.1887346559678724}. Best is trial 2 with value: 1.0.
2024-12-10 15:09:40,541 - INFO - Trial 52 finished with value: 1.0 and parameters: {'n_estimators': 144, 'max_depth': 20, 'learning_rate': 0.08738813945776419, 'subsample': 0.6420944373517473, 'colsample_bytree': 0.6819297191988337, 'scale_pos_weight': 1.1138980924442652}. Best is trial 2 with value: 1.0.
2024-12-10 15:09:40,657 - INFO - Trial 53 finished with value: 1.0 and parameters: {'n_estimators': 167, 'max_depth': 18, 'learning_rate': 0.03790171446027978, 'subsample': 0.5374932235259077, 'colsample_bytree': 0.6517158711250312, 'scale_pos_weight': 1.2590958862083548}. Best is trial 2 with value: 1.0.
2024-12-10 15:09:40,773 - INFO - Trial 54 finished with value: 1.0 and parameters: {'n_estimators': 141, 'max_depth': 14, 'learning_rate': 0.023234836531125867, 'subsample': 0.6031600076281021, 'colsample_bytree': 0.7641722315707008, 'scale_pos_weight': 1.0043905564202076}. Best is trial 2 with value: 1.0.
2024-12-10 15:09:40,878 - INFO - Trial 55 finished with value: 0.9946251129177958 and parameters: {'n_estimators': 187, 'max_depth': 15, 'learning_rate': 0.2780442534579968, 'subsample': 0.6350469607545641, 'colsample_bytree': 0.7325632366138553, 'scale_pos_weight': 1.16559347195581}. Best is trial 2 with value: 1.0.
2024-12-10 15:09:40,968 - INFO - Trial 56 finished with value: 0.9946251129177958 and parameters: {'n_estimators': 100, 'max_depth': 19, 'learning_rate': 0.07852252337255186, 'subsample': 0.6853109384864362, 'colsample_bytree': 0.768446560450238, 'scale_pos_weight': 1.3192027183039556}. Best is trial 2 with value: 1.0.
2024-12-10 15:09:41,064 - INFO - Trial 57 finished with value: 0.9946251129177958 and parameters: {'n_estimators': 120, 'max_depth': 16, 'learning_rate': 0.09932878577344902, 'subsample': 0.5662978900724098, 'colsample_bytree': 0.8545822176006798, 'scale_pos_weight': 1.3920585188674321}. Best is trial 2 with value: 1.0.
2024-12-10 15:09:41,217 - INFO - Trial 58 finished with value: 1.0 and parameters: {'n_estimators': 199, 'max_depth': 12, 'learning_rate': 0.05305542999766333, 'subsample': 0.706578330811322, 'colsample_bytree': 0.8067123431551536, 'scale_pos_weight': 0.7950453283120157}. Best is trial 2 with value: 1.0.
2024-12-10 15:09:41,307 - INFO - Trial 59 finished with value: 1.0 and parameters: {'n_estimators': 77, 'max_depth': 17, 'learning_rate': 0.03396120079940592, 'subsample': 0.5076428727653313, 'colsample_bytree': 0.8738782681975615, 'scale_pos_weight': 1.0543072033249603}. Best is trial 2 with value: 1.0.
2024-12-10 15:09:41,382 - INFO - Trial 60 finished with value: 1.0 and parameters: {'n_estimators': 59, 'max_depth': 18, 'learning_rate': 0.04788787936151702, 'subsample': 0.585442341328503, 'colsample_bytree': 0.6927915772877328, 'scale_pos_weight': 1.5284944715135884}. Best is trial 2 with value: 1.0.
2024-12-10 15:09:41,469 - INFO - Trial 61 finished with value: 1.0 and parameters: {'n_estimators': 90, 'max_depth': 4, 'learning_rate': 0.06038099633887793, 'subsample': 0.861584819554563, 'colsample_bytree': 0.7860658068123327, 'scale_pos_weight': 0.9925627549313106}. Best is trial 2 with value: 1.0.
2024-12-10 15:09:41,554 - INFO - Trial 62 finished with value: 1.0 and parameters: {'n_estimators': 76, 'max_depth': 6, 'learning_rate': 0.06847801010614442, 'subsample': 0.8913183052793268, 'colsample_bytree': 0.8432995372758462, 'scale_pos_weight': 1.1241247834441261}. Best is trial 2 with value: 1.0.
2024-12-10 15:09:41,628 - INFO - Trial 63 finished with value: 0.99013357619915 and parameters: {'n_estimators': 67, 'max_depth': 3, 'learning_rate': 0.010039007051326956, 'subsample': 0.9120713702883609, 'colsample_bytree': 0.7767216277183112, 'scale_pos_weight': 0.8972762862064323}. Best is trial 2 with value: 1.0.
2024-12-10 15:09:41,702 - INFO - Trial 64 finished with value: 1.0 and parameters: {'n_estimators': 50, 'max_depth': 11, 'learning_rate': 0.03111049664313599, 'subsample': 0.8463000485529731, 'colsample_bytree': 0.7271983037144268, 'scale_pos_weight': 1.2680838882856815}. Best is trial 2 with value: 1.0.
2024-12-10 15:09:41,840 - INFO - Trial 65 finished with value: 0.9946251129177958 and parameters: {'n_estimators': 240, 'max_depth': 15, 'learning_rate': 0.11130233959838326, 'subsample': 0.9502352344451479, 'colsample_bytree': 0.8189620756960696, 'scale_pos_weight': 1.189247498504028}. Best is trial 2 with value: 1.0.
2024-12-10 15:09:41,965 - INFO - Trial 66 finished with value: 1.0 and parameters: {'n_estimators': 132, 'max_depth': 20, 'learning_rate': 0.22448369547049954, 'subsample': 0.8929840643496334, 'colsample_bytree': 0.7462977916669546, 'scale_pos_weight': 1.03239179084039}. Best is trial 2 with value: 1.0.
2024-12-10 15:09:42,124 - INFO - Trial 67 finished with value: 0.9946251129177958 and parameters: {'n_estimators': 181, 'max_depth': 13, 'learning_rate': 0.04383149921450615, 'subsample': 0.549509341114907, 'colsample_bytree': 0.7953235872934031, 'scale_pos_weight': 1.8946421091163148}. Best is trial 2 with value: 1.0.
2024-12-10 15:09:42,227 - INFO - Trial 68 finished with value: 1.0 and parameters: {'n_estimators': 106, 'max_depth': 9, 'learning_rate': 0.09267757388741375, 'subsample': 0.8264796962111258, 'colsample_bytree': 0.9384179156334568, 'scale_pos_weight': 0.6978465946121446}. Best is trial 2 with value: 1.0.
2024-12-10 15:09:42,413 - INFO - Trial 69 finished with value: 0.9946251129177958 and parameters: {'n_estimators': 210, 'max_depth': 14, 'learning_rate': 0.07964319320665614, 'subsample': 0.988278270283514, 'colsample_bytree': 0.9101081932328304, 'scale_pos_weight': 0.9573528341239609}. Best is trial 2 with value: 1.0.
2024-12-10 15:09:42,614 - INFO - Trial 70 finished with value: 1.0 and parameters: {'n_estimators': 265, 'max_depth': 16, 'learning_rate': 0.01936218425817414, 'subsample': 0.9298158804895312, 'colsample_bytree': 0.8867771098872227, 'scale_pos_weight': 1.1221704953487563}. Best is trial 2 with value: 1.0.
2024-12-10 15:09:42,800 - INFO - Trial 71 finished with value: 1.0 and parameters: {'n_estimators': 291, 'max_depth': 14, 'learning_rate': 0.026044978560102367, 'subsample': 0.7469009845774867, 'colsample_bytree': 0.7417854732542203, 'scale_pos_weight': 1.4399800602390977}. Best is trial 2 with value: 1.0.
2024-12-10 15:09:42,960 - INFO - Trial 72 finished with value: 0.9946251129177958 and parameters: {'n_estimators': 267, 'max_depth': 14, 'learning_rate': 0.05736568681778208, 'subsample': 0.7932266799481213, 'colsample_bytree': 0.8318463061539763, 'scale_pos_weight': 1.2152121867538592}. Best is trial 2 with value: 1.0.
2024-12-10 15:09:43,128 - INFO - Trial 73 finished with value: 1.0 and parameters: {'n_estimators': 275, 'max_depth': 13, 'learning_rate': 0.03516879759622313, 'subsample': 0.6680464911644304, 'colsample_bytree': 0.7150138452698477, 'scale_pos_weight': 1.4884685150545893}. Best is trial 2 with value: 1.0.
2024-12-10 15:09:43,245 - INFO - Trial 74 finished with value: 1.0 and parameters: {'n_estimators': 152, 'max_depth': 15, 'learning_rate': 0.04697954152096108, 'subsample': 0.5971860614354405, 'colsample_bytree': 0.7644990164651503, 'scale_pos_weight': 1.6040802817554765}. Best is trial 2 with value: 1.0.
2024-12-10 15:09:43,458 - INFO - Trial 75 finished with value: 1.0 and parameters: {'n_estimators': 299, 'max_depth': 16, 'learning_rate': 0.01910826483183759, 'subsample': 0.8559459727053159, 'colsample_bytree': 0.8097688527817996, 'scale_pos_weight': 1.8390905161350655}. Best is trial 2 with value: 1.0.
2024-12-10 15:09:43,603 - INFO - Trial 76 finished with value: 0.9946251129177958 and parameters: {'n_estimators': 288, 'max_depth': 17, 'learning_rate': 0.13782972336232235, 'subsample': 0.727406774955883, 'colsample_bytree': 0.6932551797417864, 'scale_pos_weight': 1.2880325968684685}. Best is trial 2 with value: 1.0.
2024-12-10 15:09:43,706 - INFO - Trial 77 finished with value: 0.9946251129177958 and parameters: {'n_estimators': 162, 'max_depth': 12, 'learning_rate': 0.20357568565043307, 'subsample': 0.634896160030442, 'colsample_bytree': 0.6295928942624596, 'scale_pos_weight': 1.733546099509755}. Best is trial 2 with value: 1.0.
2024-12-10 15:09:43,851 - INFO - Trial 78 finished with value: 1.0 and parameters: {'n_estimators': 230, 'max_depth': 13, 'learning_rate': 0.06807243314188878, 'subsample': 0.7721135831381261, 'colsample_bytree': 0.9798656745078382, 'scale_pos_weight': 1.0846271114030797}. Best is trial 2 with value: 1.0.
2024-12-10 15:09:43,998 - INFO - Trial 79 finished with value: 0.9946251129177958 and parameters: {'n_estimators': 221, 'max_depth': 9, 'learning_rate': 0.1611489393063216, 'subsample': 0.8086683934467609, 'colsample_bytree': 0.7875548973795129, 'scale_pos_weight': 1.574702073945232}. Best is trial 2 with value: 1.0.
2024-12-10 15:09:44,129 - INFO - Trial 80 finished with value: 1.0 and parameters: {'n_estimators': 249, 'max_depth': 19, 'learning_rate': 0.23960607662875377, 'subsample': 0.9717998999311384, 'colsample_bytree': 0.7415058950169694, 'scale_pos_weight': 0.538242347657221}. Best is trial 2 with value: 1.0.
2024-12-10 15:09:44,267 - INFO - Trial 81 finished with value: 1.0 and parameters: {'n_estimators': 166, 'max_depth': 16, 'learning_rate': 0.03600767581300161, 'subsample': 0.8781533462195303, 'colsample_bytree': 0.8437864404442451, 'scale_pos_weight': 1.1360976901298092}. Best is trial 2 with value: 1.0.
