2025-02-02 16:15:16,520 - INFO - Trial 85 finished with value: 0.8508771929824562 and parameters: {'n_estimators': 225, 'max_depth': 10, 'min_samples_split': 7, 'min_samples_leaf': 2, 'class_weight': 'balanced'}. Best is trial 0 with value: 0.8508771929824562.
2025-02-02 16:15:16,741 - INFO - Trial 86 finished with value: 0.8188405797101449 and parameters: {'n_estimators': 217, 'max_depth': 7, 'min_samples_split': 5, 'min_samples_leaf': 1, 'class_weight': 'balanced'}. Best is trial 0 with value: 0.8508771929824562.
2025-02-02 16:15:16,995 - INFO - Trial 87 finished with value: 0.8508771929824562 and parameters: {'n_estimators': 235, 'max_depth': 11, 'min_samples_split': 7, 'min_samples_leaf': 2, 'class_weight': 'balanced'}. Best is trial 0 with value: 0.8508771929824562.
2025-02-02 16:15:17,251 - INFO - Trial 88 finished with value: 0.8188405797101449 and parameters: {'n_estimators': 247, 'max_depth': 14, 'min_samples_split': 8, 'min_samples_leaf': 1, 'class_weight': None}. Best is trial 0 with value: 0.8508771929824562.
2025-02-02 16:15:17,526 - INFO - Trial 89 finished with value: 0.8508771929824562 and parameters: {'n_estimators': 280, 'max_depth': 8, 'min_samples_split': 6, 'min_samples_leaf': 1, 'class_weight': 'balanced'}. Best is trial 0 with value: 0.8508771929824562.
2025-02-02 16:15:17,691 - INFO - Trial 90 finished with value: 0.7662337662337663 and parameters: {'n_estimators': 161, 'max_depth': 17, 'min_samples_split': 9, 'min_samples_leaf': 3, 'class_weight': 'balanced'}. Best is trial 0 with value: 0.8508771929824562.
2025-02-02 16:15:17,882 - INFO - Trial 91 finished with value: 0.7662337662337663 and parameters: {'n_estimators': 189, 'max_depth': 18, 'min_samples_split': 10, 'min_samples_leaf': 1, 'class_weight': 'balanced'}. Best is trial 0 with value: 0.8508771929824562.
2025-02-02 16:15:18,082 - INFO - Trial 92 finished with value: 0.7945736434108528 and parameters: {'n_estimators': 196, 'max_depth': 19, 'min_samples_split': 9, 'min_samples_leaf': 1, 'class_weight': 'balanced'}. Best is trial 0 with value: 0.8508771929824562.
2025-02-02 16:15:18,288 - INFO - Trial 93 finished with value: 0.8508771929824562 and parameters: {'n_estimators': 206, 'max_depth': 18, 'min_samples_split': 9, 'min_samples_leaf': 1, 'class_weight': 'balanced'}. Best is trial 0 with value: 0.8508771929824562.
2025-02-02 16:15:18,524 - INFO - Trial 94 finished with value: 0.8508771929824562 and parameters: {'n_estimators': 239, 'max_depth': 15, 'min_samples_split': 6, 'min_samples_leaf': 1, 'class_weight': 'balanced'}. Best is trial 0 with value: 0.8508771929824562.
2025-02-02 16:15:18,596 - INFO - Trial 95 finished with value: 0.7945736434108528 and parameters: {'n_estimators': 53, 'max_depth': 17, 'min_samples_split': 9, 'min_samples_leaf': 2, 'class_weight': 'balanced'}. Best is trial 0 with value: 0.8508771929824562.
2025-02-02 16:15:18,723 - INFO - Trial 96 finished with value: 0.7945736434108528 and parameters: {'n_estimators': 119, 'max_depth': 20, 'min_samples_split': 8, 'min_samples_leaf': 1, 'class_weight': 'balanced'}. Best is trial 0 with value: 0.8508771929824562.
2025-02-02 16:15:18,948 - INFO - Trial 97 finished with value: 0.7945736434108528 and parameters: {'n_estimators': 219, 'max_depth': 12, 'min_samples_split': 10, 'min_samples_leaf': 2, 'class_weight': 'balanced'}. Best is trial 0 with value: 0.8508771929824562.
2025-02-02 16:15:19,162 - INFO - Trial 98 finished with value: 0.8508771929824562 and parameters: {'n_estimators': 211, 'max_depth': 7, 'min_samples_split': 7, 'min_samples_leaf': 1, 'class_weight': 'balanced'}. Best is trial 0 with value: 0.8508771929824562.
2025-02-02 16:15:19,379 - INFO - Trial 99 finished with value: 0.8188405797101449 and parameters: {'n_estimators': 223, 'max_depth': 16, 'min_samples_split': 5, 'min_samples_leaf': 2, 'class_weight': 'balanced'}. Best is trial 0 with value: 0.8508771929824562.
2025-02-02 16:15:19,719 - INFO - A new study created in memory with name: no-name-03728b17-9af2-4896-8fcc-f7ff246d37a2
2025-02-02 16:15:19,724 - INFO - Trial 0 finished with value: 0.9375 and parameters: {'max_depth': 13, 'min_samples_split': 8, 'min_samples_leaf': 4, 'class_weight': None}. Best is trial 0 with value: 0.9375.
2025-02-02 16:15:19,728 - INFO - Trial 1 finished with value: 0.8188405797101449 and parameters: {'max_depth': 11, 'min_samples_split': 4, 'min_samples_leaf': 1, 'class_weight': 'balanced'}. Best is trial 0 with value: 0.9375.
2025-02-02 16:15:19,735 - INFO - Trial 2 finished with value: 0.8188405797101449 and parameters: {'max_depth': 16, 'min_samples_split': 9, 'min_samples_leaf': 2, 'class_weight': None}. Best is trial 0 with value: 0.9375.
2025-02-02 16:15:19,739 - INFO - Trial 3 finished with value: 0.8188405797101449 and parameters: {'max_depth': 15, 'min_samples_split': 2, 'min_samples_leaf': 3, 'class_weight': 'balanced'}. Best is trial 0 with value: 0.9375.
2025-02-02 16:15:19,743 - INFO - Trial 4 finished with value: 0.8188405797101449 and parameters: {'max_depth': 14, 'min_samples_split': 9, 'min_samples_leaf': 2, 'class_weight': 'balanced'}. Best is trial 0 with value: 0.9375.
2025-02-02 16:15:19,747 - INFO - Trial 5 finished with value: 0.8188405797101449 and parameters: {'max_depth': 7, 'min_samples_split': 5, 'min_samples_leaf': 3, 'class_weight': 'balanced'}. Best is trial 0 with value: 0.9375.
2025-02-02 16:15:19,752 - INFO - Trial 6 finished with value: 0.8188405797101449 and parameters: {'max_depth': 20, 'min_samples_split': 2, 'min_samples_leaf': 3, 'class_weight': None}. Best is trial 0 with value: 0.9375.
2025-02-02 16:15:19,756 - INFO - Trial 7 finished with value: 0.8188405797101449 and parameters: {'max_depth': 19, 'min_samples_split': 10, 'min_samples_leaf': 2, 'class_weight': 'balanced'}. Best is trial 0 with value: 0.9375.
2025-02-02 16:15:19,760 - INFO - Trial 8 finished with value: 0.8508771929824562 and parameters: {'max_depth': 12, 'min_samples_split': 9, 'min_samples_leaf': 4, 'class_weight': None}. Best is trial 0 with value: 0.9375.
2025-02-02 16:15:19,765 - INFO - Trial 9 finished with value: 0.8246753246753247 and parameters: {'max_depth': 5, 'min_samples_split': 4, 'min_samples_leaf': 4, 'class_weight': 'balanced'}. Best is trial 0 with value: 0.9375.
2025-02-02 16:15:19,779 - INFO - Trial 10 finished with value: 0.9080100125156445 and parameters: {'max_depth': 8, 'min_samples_split': 7, 'min_samples_leaf': 4, 'class_weight': None}. Best is trial 0 with value: 0.9375.
2025-02-02 16:15:19,794 - INFO - Trial 11 finished with value: 0.9080100125156445 and parameters: {'max_depth': 9, 'min_samples_split': 7, 'min_samples_leaf': 4, 'class_weight': None}. Best is trial 0 with value: 0.9375.
2025-02-02 16:15:19,808 - INFO - Trial 12 finished with value: 0.8188405797101449 and parameters: {'max_depth': 4, 'min_samples_split': 7, 'min_samples_leaf': 4, 'class_weight': None}. Best is trial 0 with value: 0.9375.
2025-02-02 16:15:19,832 - INFO - Trial 13 finished with value: 0.9375 and parameters: {'max_depth': 9, 'min_samples_split': 7, 'min_samples_leaf': 4, 'class_weight': None}. Best is trial 0 with value: 0.9375.
2025-02-02 16:15:19,856 - INFO - Trial 14 finished with value: 0.9080100125156445 and parameters: {'max_depth': 11, 'min_samples_split': 6, 'min_samples_leaf': 3, 'class_weight': None}. Best is trial 0 with value: 0.9375.
2025-02-02 16:15:19,873 - INFO - Trial 15 finished with value: 0.8188405797101449 and parameters: {'max_depth': 17, 'min_samples_split': 8, 'min_samples_leaf': 1, 'class_weight': None}. Best is trial 0 with value: 0.9375.
2025-02-02 16:15:19,887 - INFO - Trial 16 finished with value: 0.8188405797101449 and parameters: {'max_depth': 13, 'min_samples_split': 6, 'min_samples_leaf': 4, 'class_weight': None}. Best is trial 0 with value: 0.9375.
2025-02-02 16:15:19,901 - INFO - Trial 17 finished with value: 0.9080100125156445 and parameters: {'max_depth': 10, 'min_samples_split': 8, 'min_samples_leaf': 3, 'class_weight': None}. Best is trial 0 with value: 0.9375.
2025-02-02 16:15:19,915 - INFO - Trial 18 finished with value: 0.8508771929824562 and parameters: {'max_depth': 3, 'min_samples_split': 10, 'min_samples_leaf': 4, 'class_weight': None}. Best is trial 0 with value: 0.9375.
2025-02-02 16:15:19,931 - INFO - Trial 19 finished with value: 0.9080100125156445 and parameters: {'max_depth': 6, 'min_samples_split': 5, 'min_samples_leaf': 3, 'class_weight': None}. Best is trial 0 with value: 0.9375.
2025-02-02 16:15:19,945 - INFO - Trial 20 finished with value: 0.9080100125156445 and parameters: {'max_depth': 9, 'min_samples_split': 8, 'min_samples_leaf': 4, 'class_weight': None}. Best is trial 0 with value: 0.9375.
2025-02-02 16:15:19,959 - INFO - Trial 21 finished with value: 0.8188405797101449 and parameters: {'max_depth': 8, 'min_samples_split': 7, 'min_samples_leaf': 4, 'class_weight': None}. Best is trial 0 with value: 0.9375.
2025-02-02 16:15:19,975 - INFO - Trial 22 finished with value: 0.9375 and parameters: {'max_depth': 7, 'min_samples_split': 7, 'min_samples_leaf': 4, 'class_weight': None}. Best is trial 0 with value: 0.9375.
2025-02-02 16:15:19,991 - INFO - Trial 23 finished with value: 0.9080100125156445 and parameters: {'max_depth': 6, 'min_samples_split': 8, 'min_samples_leaf': 4, 'class_weight': None}. Best is trial 0 with value: 0.9375.
2025-02-02 16:15:20,007 - INFO - Trial 24 finished with value: 0.9080100125156445 and parameters: {'max_depth': 13, 'min_samples_split': 6, 'min_samples_leaf': 3, 'class_weight': None}. Best is trial 0 with value: 0.9375.
2025-02-02 16:15:20,022 - INFO - Trial 25 finished with value: 0.9080100125156445 and parameters: {'max_depth': 10, 'min_samples_split': 5, 'min_samples_leaf': 4, 'class_weight': None}. Best is trial 0 with value: 0.9375.
2025-02-02 16:15:20,038 - INFO - Trial 26 finished with value: 0.9080100125156445 and parameters: {'max_depth': 12, 'min_samples_split': 7, 'min_samples_leaf': 3, 'class_weight': None}. Best is trial 0 with value: 0.9375.
2025-02-02 16:15:20,052 - INFO - Trial 27 finished with value: 0.8508771929824562 and parameters: {'max_depth': 7, 'min_samples_split': 9, 'min_samples_leaf': 4, 'class_weight': None}. Best is trial 0 with value: 0.9375.
2025-02-02 16:15:20,066 - INFO - Trial 28 finished with value: 0.9105263157894736 and parameters: {'max_depth': 17, 'min_samples_split': 8, 'min_samples_leaf': 2, 'class_weight': None}. Best is trial 0 with value: 0.9375.
2025-02-02 16:15:20,079 - INFO - Trial 29 finished with value: 0.8508771929824562 and parameters: {'max_depth': 10, 'min_samples_split': 4, 'min_samples_leaf': 1, 'class_weight': 'balanced'}. Best is trial 0 with value: 0.9375.
2025-02-02 16:15:20,092 - INFO - Trial 30 finished with value: 0.9080100125156445 and parameters: {'max_depth': 8, 'min_samples_split': 3, 'min_samples_leaf': 4, 'class_weight': None}. Best is trial 0 with value: 0.9375.
2025-02-02 16:15:20,106 - INFO - Trial 31 finished with value: 0.9105263157894736 and parameters: {'max_depth': 18, 'min_samples_split': 8, 'min_samples_leaf': 2, 'class_weight': None}. Best is trial 0 with value: 0.9375.
2025-02-02 16:15:20,120 - INFO - Trial 32 finished with value: 0.9105263157894736 and parameters: {'max_depth': 16, 'min_samples_split': 7, 'min_samples_leaf': 2, 'class_weight': None}. Best is trial 0 with value: 0.9375.
2025-02-02 16:15:20,133 - INFO - Trial 33 finished with value: 0.8188405797101449 and parameters: {'max_depth': 15, 'min_samples_split': 8, 'min_samples_leaf': 1, 'class_weight': None}. Best is trial 0 with value: 0.9375.
2025-02-02 16:15:20,158 - INFO - Trial 34 finished with value: 0.7912280701754386 and parameters: {'max_depth': 14, 'min_samples_split': 9, 'min_samples_leaf': 2, 'class_weight': None}. Best is trial 0 with value: 0.9375.
2025-02-02 16:15:20,174 - INFO - Trial 35 finished with value: 0.8188405797101449 and parameters: {'max_depth': 16, 'min_samples_split': 6, 'min_samples_leaf': 3, 'class_weight': 'balanced'}. Best is trial 0 with value: 0.9375.
2025-02-02 16:15:20,188 - INFO - Trial 36 finished with value: 0.8246753246753247 and parameters: {'max_depth': 18, 'min_samples_split': 9, 'min_samples_leaf': 2, 'class_weight': None}. Best is trial 0 with value: 0.9375.
2025-02-02 16:15:20,203 - INFO - Trial 37 finished with value: 0.8532668881506091 and parameters: {'max_depth': 20, 'min_samples_split': 6, 'min_samples_leaf': 3, 'class_weight': 'balanced'}. Best is trial 0 with value: 0.9375.
2025-02-02 16:15:20,218 - INFO - Trial 38 finished with value: 0.8532668881506091 and parameters: {'max_depth': 13, 'min_samples_split': 10, 'min_samples_leaf': 2, 'class_weight': None}. Best is trial 0 with value: 0.9375.
2025-02-02 16:15:20,234 - INFO - Trial 39 finished with value: 0.8188405797101449 and parameters: {'max_depth': 6, 'min_samples_split': 8, 'min_samples_leaf': 1, 'class_weight': 'balanced'}. Best is trial 0 with value: 0.9375.
2025-02-02 16:15:20,263 - INFO - Trial 40 finished with value: 0.8508771929824562 and parameters: {'max_depth': 15, 'min_samples_split': 9, 'min_samples_leaf': 3, 'class_weight': None}. Best is trial 0 with value: 0.9375.
2025-02-02 16:15:20,288 - INFO - Trial 41 finished with value: 0.8188405797101449 and parameters: {'max_depth': 18, 'min_samples_split': 8, 'min_samples_leaf': 2, 'class_weight': None}. Best is trial 0 with value: 0.9375.
2025-02-02 16:15:20,321 - INFO - Trial 42 finished with value: 0.8188405797101449 and parameters: {'max_depth': 18, 'min_samples_split': 7, 'min_samples_leaf': 2, 'class_weight': None}. Best is trial 0 with value: 0.9375.
2025-02-02 16:15:20,342 - INFO - Trial 43 finished with value: 0.8188405797101449 and parameters: {'max_depth': 19, 'min_samples_split': 7, 'min_samples_leaf': 2, 'class_weight': None}. Best is trial 0 with value: 0.9375.
2025-02-02 16:15:20,359 - INFO - Trial 44 finished with value: 0.7912280701754386 and parameters: {'max_depth': 17, 'min_samples_split': 8, 'min_samples_leaf': 2, 'class_weight': None}. Best is trial 0 with value: 0.9375.
2025-02-02 16:15:20,375 - INFO - Trial 45 finished with value: 0.8188405797101449 and parameters: {'max_depth': 9, 'min_samples_split': 9, 'min_samples_leaf': 4, 'class_weight': None}. Best is trial 0 with value: 0.9375.
2025-02-02 16:15:20,394 - INFO - Trial 46 finished with value: 0.8818181818181818 and parameters: {'max_depth': 19, 'min_samples_split': 7, 'min_samples_leaf': 2, 'class_weight': None}. Best is trial 0 with value: 0.9375.
2025-02-02 16:15:20,409 - INFO - Trial 47 finished with value: 0.9080100125156445 and parameters: {'max_depth': 11, 'min_samples_split': 8, 'min_samples_leaf': 4, 'class_weight': None}. Best is trial 0 with value: 0.9375.
2025-02-02 16:15:20,425 - INFO - Trial 48 finished with value: 0.8246753246753247 and parameters: {'max_depth': 17, 'min_samples_split': 10, 'min_samples_leaf': 2, 'class_weight': 'balanced'}. Best is trial 0 with value: 0.9375.
2025-02-02 16:15:20,441 - INFO - Trial 49 finished with value: 0.8188405797101449 and parameters: {'max_depth': 14, 'min_samples_split': 5, 'min_samples_leaf': 4, 'class_weight': None}. Best is trial 0 with value: 0.9375.
2025-02-02 16:15:20,458 - INFO - Trial 50 finished with value: 0.9080100125156445 and parameters: {'max_depth': 7, 'min_samples_split': 7, 'min_samples_leaf': 3, 'class_weight': None}. Best is trial 0 with value: 0.9375.
2025-02-02 16:15:20,473 - INFO - Trial 51 finished with value: 0.8188405797101449 and parameters: {'max_depth': 15, 'min_samples_split': 7, 'min_samples_leaf': 2, 'class_weight': None}. Best is trial 0 with value: 0.9375.
2025-02-02 16:15:20,487 - INFO - Trial 52 finished with value: 0.7912280701754386 and parameters: {'max_depth': 16, 'min_samples_split': 6, 'min_samples_leaf': 2, 'class_weight': None}. Best is trial 0 with value: 0.9375.
2025-02-02 16:15:20,501 - INFO - Trial 53 finished with value: 0.9105263157894736 and parameters: {'max_depth': 16, 'min_samples_split': 7, 'min_samples_leaf': 2, 'class_weight': None}. Best is trial 0 with value: 0.9375.
2025-02-02 16:15:20,515 - INFO - Trial 54 finished with value: 0.8188405797101449 and parameters: {'max_depth': 5, 'min_samples_split': 8, 'min_samples_leaf': 1, 'class_weight': None}. Best is trial 0 with value: 0.9375.
2025-02-02 16:15:20,529 - INFO - Trial 55 finished with value: 0.9375 and parameters: {'max_depth': 19, 'min_samples_split': 8, 'min_samples_leaf': 4, 'class_weight': None}. Best is trial 0 with value: 0.9375.
2025-02-02 16:15:20,544 - INFO - Trial 56 finished with value: 0.9375 and parameters: {'max_depth': 20, 'min_samples_split': 8, 'min_samples_leaf': 4, 'class_weight': None}. Best is trial 0 with value: 0.9375.
2025-02-02 16:15:20,559 - INFO - Trial 57 finished with value: 0.8188405797101449 and parameters: {'max_depth': 20, 'min_samples_split': 9, 'min_samples_leaf': 4, 'class_weight': None}. Best is trial 0 with value: 0.9375.
2025-02-02 16:15:20,573 - INFO - Trial 58 finished with value: 0.8188405797101449 and parameters: {'max_depth': 19, 'min_samples_split': 8, 'min_samples_leaf': 4, 'class_weight': None}. Best is trial 0 with value: 0.9375.
2025-02-02 16:15:20,588 - INFO - Trial 59 finished with value: 0.9080100125156445 and parameters: {'max_depth': 20, 'min_samples_split': 8, 'min_samples_leaf': 4, 'class_weight': None}. Best is trial 0 with value: 0.9375.
2025-02-02 16:15:20,602 - INFO - Trial 60 finished with value: 0.8188405797101449 and parameters: {'max_depth': 19, 'min_samples_split': 9, 'min_samples_leaf': 4, 'class_weight': None}. Best is trial 0 with value: 0.9375.
2025-02-02 16:15:20,616 - INFO - Trial 61 finished with value: 0.8188405797101449 and parameters: {'max_depth': 18, 'min_samples_split': 8, 'min_samples_leaf': 4, 'class_weight': None}. Best is trial 0 with value: 0.9375.
2025-02-02 16:15:20,630 - INFO - Trial 62 finished with value: 0.9375 and parameters: {'max_depth': 17, 'min_samples_split': 8, 'min_samples_leaf': 4, 'class_weight': None}. Best is trial 0 with value: 0.9375.
2025-02-02 16:15:20,644 - INFO - Trial 63 finished with value: 0.9375 and parameters: {'max_depth': 20, 'min_samples_split': 7, 'min_samples_leaf': 4, 'class_weight': None}. Best is trial 0 with value: 0.9375.
2025-02-02 16:15:20,658 - INFO - Trial 64 finished with value: 0.9080100125156445 and parameters: {'max_depth': 20, 'min_samples_split': 7, 'min_samples_leaf': 4, 'class_weight': None}. Best is trial 0 with value: 0.9375.
2025-02-02 16:15:20,672 - INFO - Trial 65 finished with value: 0.8188405797101449 and parameters: {'max_depth': 20, 'min_samples_split': 6, 'min_samples_leaf': 4, 'class_weight': None}. Best is trial 0 with value: 0.9375.
2025-02-02 16:15:20,686 - INFO - Trial 66 finished with value: 0.8188405797101449 and parameters: {'max_depth': 7, 'min_samples_split': 7, 'min_samples_leaf': 4, 'class_weight': None}. Best is trial 0 with value: 0.9375.
2025-02-02 16:15:20,700 - INFO - Trial 67 finished with value: 0.7912280701754386 and parameters: {'max_depth': 19, 'min_samples_split': 6, 'min_samples_leaf': 4, 'class_weight': 'balanced'}. Best is trial 0 with value: 0.9375.
2025-02-02 16:15:20,715 - INFO - Trial 68 finished with value: 0.9080100125156445 and parameters: {'max_depth': 9, 'min_samples_split': 7, 'min_samples_leaf': 4, 'class_weight': None}. Best is trial 0 with value: 0.9375.
2025-02-02 16:15:20,729 - INFO - Trial 69 finished with value: 0.8188405797101449 and parameters: {'max_depth': 11, 'min_samples_split': 2, 'min_samples_leaf': 4, 'class_weight': None}. Best is trial 0 with value: 0.9375.
2025-02-02 16:15:20,744 - INFO - Trial 70 finished with value: 0.8508771929824562 and parameters: {'max_depth': 8, 'min_samples_split': 9, 'min_samples_leaf': 4, 'class_weight': None}. Best is trial 0 with value: 0.9375.
2025-02-02 16:15:20,758 - INFO - Trial 71 finished with value: 0.9080100125156445 and parameters: {'max_depth': 18, 'min_samples_split': 8, 'min_samples_leaf': 4, 'class_weight': None}. Best is trial 0 with value: 0.9375.
2025-02-02 16:15:20,773 - INFO - Trial 72 finished with value: 0.8188405797101449 and parameters: {'max_depth': 17, 'min_samples_split': 8, 'min_samples_leaf': 4, 'class_weight': None}. Best is trial 0 with value: 0.9375.
2025-02-02 16:15:20,788 - INFO - Trial 73 finished with value: 0.8188405797101449 and parameters: {'max_depth': 12, 'min_samples_split': 8, 'min_samples_leaf': 4, 'class_weight': None}. Best is trial 0 with value: 0.9375.
2025-02-02 16:15:20,803 - INFO - Trial 74 finished with value: 0.9375 and parameters: {'max_depth': 10, 'min_samples_split': 7, 'min_samples_leaf': 4, 'class_weight': None}. Best is trial 0 with value: 0.9375.
2025-02-02 16:15:20,829 - INFO - Trial 75 finished with value: 0.9080100125156445 and parameters: {'max_depth': 10, 'min_samples_split': 7, 'min_samples_leaf': 4, 'class_weight': None}. Best is trial 0 with value: 0.9375.
2025-02-02 16:15:20,856 - INFO - Trial 76 finished with value: 0.8188405797101449 and parameters: {'max_depth': 8, 'min_samples_split': 6, 'min_samples_leaf': 4, 'class_weight': None}. Best is trial 0 with value: 0.9375.
2025-02-02 16:15:20,881 - INFO - Trial 77 finished with value: 0.9080100125156445 and parameters: {'max_depth': 10, 'min_samples_split': 7, 'min_samples_leaf': 4, 'class_weight': None}. Best is trial 0 with value: 0.9375.
2025-02-02 16:15:20,910 - INFO - Trial 78 finished with value: 0.8246753246753247 and parameters: {'max_depth': 9, 'min_samples_split': 7, 'min_samples_leaf': 4, 'class_weight': 'balanced'}. Best is trial 0 with value: 0.9375.
2025-02-02 16:15:20,937 - INFO - Trial 79 finished with value: 0.9375 and parameters: {'max_depth': 12, 'min_samples_split': 8, 'min_samples_leaf': 4, 'class_weight': None}. Best is trial 0 with value: 0.9375.
2025-02-02 16:15:20,960 - INFO - Trial 80 finished with value: 0.9080100125156445 and parameters: {'max_depth': 5, 'min_samples_split': 5, 'min_samples_leaf': 4, 'class_weight': None}. Best is trial 0 with value: 0.9375.
