2025-02-02 15:37:28,422 - INFO - Trial 79 finished with value: 0.846683354192741 and parameters: {'n_estimators': 124, 'max_depth': 9, 'learning_rate': 0.1541188145061378, 'subsample': 0.6604728257477862}. Best is trial 68 with value: 0.9080100125156445.
2025-02-02 15:37:28,453 - INFO - Trial 80 finished with value: 0.8125 and parameters: {'n_estimators': 57, 'max_depth': 7, 'learning_rate': 0.19746700695173686, 'subsample': 0.7559817310139045}. Best is trial 68 with value: 0.9080100125156445.
2025-02-02 15:37:28,486 - INFO - Trial 81 finished with value: 0.8188405797101449 and parameters: {'n_estimators': 71, 'max_depth': 15, 'learning_rate': 0.1746096479928932, 'subsample': 0.5398195611145619}. Best is trial 68 with value: 0.9080100125156445.
2025-02-02 15:37:28,524 - INFO - Trial 82 finished with value: 0.8792270531400965 and parameters: {'n_estimators': 107, 'max_depth': 14, 'learning_rate': 0.18669943500696143, 'subsample': 0.5244086572391777}. Best is trial 68 with value: 0.9080100125156445.
2025-02-02 15:37:28,566 - INFO - Trial 83 finished with value: 0.8125 and parameters: {'n_estimators': 105, 'max_depth': 14, 'learning_rate': 0.18670060520082069, 'subsample': 0.6375533057155621}. Best is trial 68 with value: 0.9080100125156445.
2025-02-02 15:37:28,606 - INFO - Trial 84 finished with value: 0.846683354192741 and parameters: {'n_estimators': 90, 'max_depth': 12, 'learning_rate': 0.19034458313968236, 'subsample': 0.573115576537388}. Best is trial 68 with value: 0.9080100125156445.
2025-02-02 15:37:28,644 - INFO - Trial 85 finished with value: 0.8125 and parameters: {'n_estimators': 111, 'max_depth': 19, 'learning_rate': 0.19461526210315142, 'subsample': 0.5914592875566111}. Best is trial 68 with value: 0.9080100125156445.
2025-02-02 15:37:28,679 - INFO - Trial 86 finished with value: 0.75 and parameters: {'n_estimators': 80, 'max_depth': 13, 'learning_rate': 0.06483149688051815, 'subsample': 0.556694820911073}. Best is trial 68 with value: 0.9080100125156445.
2025-02-02 15:37:28,718 - INFO - Trial 87 finished with value: 0.8188405797101449 and parameters: {'n_estimators': 99, 'max_depth': 14, 'learning_rate': 0.1832305082810308, 'subsample': 0.7398272816856076}. Best is trial 68 with value: 0.9080100125156445.
2025-02-02 15:37:28,759 - INFO - Trial 88 finished with value: 0.846683354192741 and parameters: {'n_estimators': 131, 'max_depth': 13, 'learning_rate': 0.16472176408101075, 'subsample': 0.6078002689867088}. Best is trial 68 with value: 0.9080100125156445.
2025-02-02 15:37:28,801 - INFO - Trial 89 finished with value: 0.846683354192741 and parameters: {'n_estimators': 138, 'max_depth': 12, 'learning_rate': 0.19947535372164968, 'subsample': 0.6244616480215565}. Best is trial 68 with value: 0.9080100125156445.
2025-02-02 15:37:28,841 - INFO - Trial 90 finished with value: 0.8125 and parameters: {'n_estimators': 118, 'max_depth': 4, 'learning_rate': 0.12164240243381363, 'subsample': 0.5333019864557617}. Best is trial 68 with value: 0.9080100125156445.
2025-02-02 15:37:28,888 - INFO - Trial 91 finished with value: 0.846683354192741 and parameters: {'n_estimators': 179, 'max_depth': 16, 'learning_rate': 0.1797472921024796, 'subsample': 0.5147524993132561}. Best is trial 68 with value: 0.9080100125156445.
2025-02-02 15:37:28,937 - INFO - Trial 92 finished with value: 0.8125 and parameters: {'n_estimators': 165, 'max_depth': 15, 'learning_rate': 0.15859606961560244, 'subsample': 0.5225147366228985}. Best is trial 68 with value: 0.9080100125156445.
2025-02-02 15:37:28,976 - INFO - Trial 93 finished with value: 0.7853566958698374 and parameters: {'n_estimators': 106, 'max_depth': 7, 'learning_rate': 0.1742247286849108, 'subsample': 0.5454952920677}. Best is trial 68 with value: 0.9080100125156445.
2025-02-02 15:37:29,020 - INFO - Trial 94 finished with value: 0.8125 and parameters: {'n_estimators': 149, 'max_depth': 15, 'learning_rate': 0.18968060625733119, 'subsample': 0.7092682163515309}. Best is trial 68 with value: 0.9080100125156445.
2025-02-02 15:37:29,070 - INFO - Trial 95 finished with value: 0.846683354192741 and parameters: {'n_estimators': 189, 'max_depth': 14, 'learning_rate': 0.16758560013814267, 'subsample': 0.5123517096139957}. Best is trial 68 with value: 0.9080100125156445.
2025-02-02 15:37:29,110 - INFO - Trial 96 finished with value: 0.7853566958698374 and parameters: {'n_estimators': 128, 'max_depth': 10, 'learning_rate': 0.1480410073107141, 'subsample': 0.5525281940990182}. Best is trial 68 with value: 0.9080100125156445.
2025-02-02 15:37:29,149 - INFO - Trial 97 finished with value: 0.8125 and parameters: {'n_estimators': 92, 'max_depth': 8, 'learning_rate': 0.13555522294462508, 'subsample': 0.5719917881349597}. Best is trial 68 with value: 0.9080100125156445.
2025-02-02 15:37:29,192 - INFO - Trial 98 finished with value: 0.8508771929824562 and parameters: {'n_estimators': 137, 'max_depth': 13, 'learning_rate': 0.1961259969565391, 'subsample': 0.5303005095495962}. Best is trial 68 with value: 0.9080100125156445.
2025-02-02 15:37:29,232 - INFO - Trial 99 finished with value: 0.846683354192741 and parameters: {'n_estimators': 114, 'max_depth': 13, 'learning_rate': 0.19483181210955772, 'subsample': 0.6410776971775355}. Best is trial 68 with value: 0.9080100125156445.
2025-02-02 16:07:11,763 - INFO - A new study created in memory with name: no-name-b17b4f3b-dc17-4de3-9125-db1f6eabc536
2025-02-02 16:07:12,031 - INFO - Trial 0 finished with value: 0.75 and parameters: {'n_estimators': 287, 'max_depth': 13, 'min_samples_split': 3, 'min_samples_leaf': 4, 'class_weight': None}. Best is trial 0 with value: 0.75.
2025-02-02 16:07:12,179 - INFO - Trial 1 finished with value: 0.8188405797101449 and parameters: {'n_estimators': 139, 'max_depth': 6, 'min_samples_split': 6, 'min_samples_leaf': 2, 'class_weight': 'balanced'}. Best is trial 1 with value: 0.8188405797101449.
2025-02-02 16:07:12,345 - INFO - Trial 2 finished with value: 0.7853566958698374 and parameters: {'n_estimators': 162, 'max_depth': 15, 'min_samples_split': 9, 'min_samples_leaf': 3, 'class_weight': None}. Best is trial 1 with value: 0.8188405797101449.
2025-02-02 16:07:12,469 - INFO - Trial 3 finished with value: 0.7853566958698374 and parameters: {'n_estimators': 123, 'max_depth': 16, 'min_samples_split': 8, 'min_samples_leaf': 2, 'class_weight': None}. Best is trial 1 with value: 0.8188405797101449.
2025-02-02 16:07:12,737 - INFO - Trial 4 finished with value: 0.8227272727272728 and parameters: {'n_estimators': 285, 'max_depth': 20, 'min_samples_split': 9, 'min_samples_leaf': 1, 'class_weight': 'balanced'}. Best is trial 4 with value: 0.8227272727272728.
2025-02-02 16:07:13,036 - INFO - Trial 5 finished with value: 0.8227272727272728 and parameters: {'n_estimators': 265, 'max_depth': 11, 'min_samples_split': 7, 'min_samples_leaf': 1, 'class_weight': 'balanced'}. Best is trial 4 with value: 0.8227272727272728.
2025-02-02 16:07:13,136 - INFO - Trial 6 finished with value: 0.75 and parameters: {'n_estimators': 103, 'max_depth': 13, 'min_samples_split': 8, 'min_samples_leaf': 3, 'class_weight': None}. Best is trial 4 with value: 0.8227272727272728.
2025-02-02 16:07:13,378 - INFO - Trial 7 finished with value: 0.7853566958698374 and parameters: {'n_estimators': 259, 'max_depth': 15, 'min_samples_split': 9, 'min_samples_leaf': 1, 'class_weight': None}. Best is trial 4 with value: 0.8227272727272728.
2025-02-02 16:07:13,492 - INFO - Trial 8 finished with value: 0.8508771929824562 and parameters: {'n_estimators': 117, 'max_depth': 18, 'min_samples_split': 8, 'min_samples_leaf': 2, 'class_weight': 'balanced'}. Best is trial 8 with value: 0.8508771929824562.
2025-02-02 16:07:13,578 - INFO - Trial 9 finished with value: 0.7636363636363637 and parameters: {'n_estimators': 85, 'max_depth': 16, 'min_samples_split': 10, 'min_samples_leaf': 3, 'class_weight': 'balanced'}. Best is trial 8 with value: 0.8508771929824562.
2025-02-02 16:07:13,780 - INFO - Trial 10 finished with value: 0.8227272727272728 and parameters: {'n_estimators': 206, 'max_depth': 20, 'min_samples_split': 5, 'min_samples_leaf': 4, 'class_weight': 'balanced'}. Best is trial 8 with value: 0.8508771929824562.
2025-02-02 16:07:13,995 - INFO - Trial 11 finished with value: 0.8227272727272728 and parameters: {'n_estimators': 214, 'max_depth': 20, 'min_samples_split': 10, 'min_samples_leaf': 1, 'class_weight': 'balanced'}. Best is trial 8 with value: 0.8508771929824562.
2025-02-02 16:07:14,185 - INFO - Trial 12 finished with value: 0.8508771929824562 and parameters: {'n_estimators': 194, 'max_depth': 19, 'min_samples_split': 5, 'min_samples_leaf': 2, 'class_weight': 'balanced'}. Best is trial 8 with value: 0.8508771929824562.
2025-02-02 16:07:14,258 - INFO - Trial 13 finished with value: 0.8188405797101449 and parameters: {'n_estimators': 62, 'max_depth': 9, 'min_samples_split': 4, 'min_samples_leaf': 2, 'class_weight': 'balanced'}. Best is trial 8 with value: 0.8508771929824562.
2025-02-02 16:07:14,451 - INFO - Trial 14 finished with value: 0.7662337662337663 and parameters: {'n_estimators': 196, 'max_depth': 3, 'min_samples_split': 6, 'min_samples_leaf': 2, 'class_weight': 'balanced'}. Best is trial 8 with value: 0.8508771929824562.
2025-02-02 16:07:14,606 - INFO - Trial 15 finished with value: 0.8188405797101449 and parameters: {'n_estimators': 152, 'max_depth': 18, 'min_samples_split': 2, 'min_samples_leaf': 2, 'class_weight': 'balanced'}. Best is trial 8 with value: 0.8508771929824562.
2025-02-02 16:07:14,797 - INFO - Trial 16 finished with value: 0.8508771929824562 and parameters: {'n_estimators': 185, 'max_depth': 18, 'min_samples_split': 5, 'min_samples_leaf': 3, 'class_weight': 'balanced'}. Best is trial 8 with value: 0.8508771929824562.
2025-02-02 16:07:15,036 - INFO - Trial 17 finished with value: 0.8227272727272728 and parameters: {'n_estimators': 241, 'max_depth': 18, 'min_samples_split': 7, 'min_samples_leaf': 2, 'class_weight': 'balanced'}. Best is trial 8 with value: 0.8508771929824562.
2025-02-02 16:07:15,103 - INFO - Trial 18 finished with value: 0.8508771929824562 and parameters: {'n_estimators': 54, 'max_depth': 9, 'min_samples_split': 4, 'min_samples_leaf': 3, 'class_weight': 'balanced'}. Best is trial 8 with value: 0.8508771929824562.
2025-02-02 16:07:15,230 - INFO - Trial 19 finished with value: 0.8227272727272728 and parameters: {'n_estimators': 117, 'max_depth': 17, 'min_samples_split': 7, 'min_samples_leaf': 1, 'class_weight': 'balanced'}. Best is trial 8 with value: 0.8508771929824562.
2025-02-02 16:07:15,482 - INFO - Trial 20 finished with value: 0.8188405797101449 and parameters: {'n_estimators': 225, 'max_depth': 13, 'min_samples_split': 5, 'min_samples_leaf': 2, 'class_weight': 'balanced'}. Best is trial 8 with value: 0.8508771929824562.
2025-02-02 16:07:15,685 - INFO - Trial 21 finished with value: 0.8188405797101449 and parameters: {'n_estimators': 183, 'max_depth': 18, 'min_samples_split': 5, 'min_samples_leaf': 3, 'class_weight': 'balanced'}. Best is trial 8 with value: 0.8508771929824562.
2025-02-02 16:07:15,861 - INFO - Trial 22 finished with value: 0.8227272727272728 and parameters: {'n_estimators': 177, 'max_depth': 19, 'min_samples_split': 4, 'min_samples_leaf': 4, 'class_weight': 'balanced'}. Best is trial 8 with value: 0.8508771929824562.
2025-02-02 16:07:16,012 - INFO - Trial 23 finished with value: 0.8188405797101449 and parameters: {'n_estimators': 143, 'max_depth': 15, 'min_samples_split': 6, 'min_samples_leaf': 3, 'class_weight': 'balanced'}. Best is trial 8 with value: 0.8508771929824562.
2025-02-02 16:07:16,184 - INFO - Trial 24 finished with value: 0.8508771929824562 and parameters: {'n_estimators': 169, 'max_depth': 17, 'min_samples_split': 3, 'min_samples_leaf': 2, 'class_weight': 'balanced'}. Best is trial 8 with value: 0.8508771929824562.
2025-02-02 16:07:16,380 - INFO - Trial 25 finished with value: 0.8508771929824562 and parameters: {'n_estimators': 195, 'max_depth': 19, 'min_samples_split': 5, 'min_samples_leaf': 3, 'class_weight': 'balanced'}. Best is trial 8 with value: 0.8508771929824562.
2025-02-02 16:07:16,607 - INFO - Trial 26 finished with value: 0.75 and parameters: {'n_estimators': 224, 'max_depth': 17, 'min_samples_split': 8, 'min_samples_leaf': 2, 'class_weight': None}. Best is trial 8 with value: 0.8508771929824562.
2025-02-02 16:07:16,707 - INFO - Trial 27 finished with value: 0.8227272727272728 and parameters: {'n_estimators': 90, 'max_depth': 11, 'min_samples_split': 7, 'min_samples_leaf': 3, 'class_weight': 'balanced'}. Best is trial 8 with value: 0.8508771929824562.
2025-02-02 16:07:16,846 - INFO - Trial 28 finished with value: 0.7662337662337663 and parameters: {'n_estimators': 131, 'max_depth': 19, 'min_samples_split': 3, 'min_samples_leaf': 4, 'class_weight': 'balanced'}. Best is trial 8 with value: 0.8508771929824562.
2025-02-02 16:07:17,008 - INFO - Trial 29 finished with value: 0.75 and parameters: {'n_estimators': 158, 'max_depth': 13, 'min_samples_split': 2, 'min_samples_leaf': 2, 'class_weight': None}. Best is trial 8 with value: 0.8508771929824562.
2025-02-02 16:07:17,201 - INFO - Trial 30 finished with value: 0.8227272727272728 and parameters: {'n_estimators': 191, 'max_depth': 14, 'min_samples_split': 4, 'min_samples_leaf': 4, 'class_weight': 'balanced'}. Best is trial 8 with value: 0.8508771929824562.
2025-02-02 16:07:17,267 - INFO - Trial 31 finished with value: 0.8188405797101449 and parameters: {'n_estimators': 52, 'max_depth': 8, 'min_samples_split': 4, 'min_samples_leaf': 3, 'class_weight': 'balanced'}. Best is trial 8 with value: 0.8508771929824562.
2025-02-02 16:07:17,353 - INFO - Trial 32 finished with value: 0.7945736434108528 and parameters: {'n_estimators': 73, 'max_depth': 9, 'min_samples_split': 6, 'min_samples_leaf': 3, 'class_weight': 'balanced'}. Best is trial 8 with value: 0.8508771929824562.
2025-02-02 16:07:17,469 - INFO - Trial 33 finished with value: 0.8188405797101449 and parameters: {'n_estimators': 106, 'max_depth': 6, 'min_samples_split': 5, 'min_samples_leaf': 3, 'class_weight': 'balanced'}. Best is trial 8 with value: 0.8508771929824562.
2025-02-02 16:07:17,660 - INFO - Trial 34 finished with value: 0.8227272727272728 and parameters: {'n_estimators': 143, 'max_depth': 8, 'min_samples_split': 3, 'min_samples_leaf': 3, 'class_weight': 'balanced'}. Best is trial 8 with value: 0.8508771929824562.
2025-02-02 16:07:17,743 - INFO - Trial 35 finished with value: 0.75 and parameters: {'n_estimators': 71, 'max_depth': 6, 'min_samples_split': 4, 'min_samples_leaf': 2, 'class_weight': None}. Best is trial 8 with value: 0.8508771929824562.
2025-02-02 16:07:17,920 - INFO - Trial 36 finished with value: 0.8188405797101449 and parameters: {'n_estimators': 173, 'max_depth': 10, 'min_samples_split': 6, 'min_samples_leaf': 2, 'class_weight': 'balanced'}. Best is trial 8 with value: 0.8508771929824562.
2025-02-02 16:07:18,028 - INFO - Trial 37 finished with value: 0.7912280701754386 and parameters: {'n_estimators': 96, 'max_depth': 16, 'min_samples_split': 5, 'min_samples_leaf': 3, 'class_weight': 'balanced'}. Best is trial 8 with value: 0.8508771929824562.
2025-02-02 16:07:18,161 - INFO - Trial 38 finished with value: 0.8188405797101449 and parameters: {'n_estimators': 120, 'max_depth': 12, 'min_samples_split': 4, 'min_samples_leaf': 1, 'class_weight': None}. Best is trial 8 with value: 0.8508771929824562.
2025-02-02 16:07:18,325 - INFO - Trial 39 finished with value: 0.7662337662337663 and parameters: {'n_estimators': 157, 'max_depth': 14, 'min_samples_split': 9, 'min_samples_leaf': 2, 'class_weight': 'balanced'}. Best is trial 8 with value: 0.8508771929824562.
2025-02-02 16:07:18,612 - INFO - Trial 40 finished with value: 0.7662337662337663 and parameters: {'n_estimators': 295, 'max_depth': 3, 'min_samples_split': 8, 'min_samples_leaf': 3, 'class_weight': 'balanced'}. Best is trial 8 with value: 0.8508771929824562.
2025-02-02 16:07:18,790 - INFO - Trial 41 finished with value: 0.8508771929824562 and parameters: {'n_estimators': 174, 'max_depth': 17, 'min_samples_split': 3, 'min_samples_leaf': 2, 'class_weight': 'balanced'}. Best is trial 8 with value: 0.8508771929824562.
2025-02-02 16:07:18,995 - INFO - Trial 42 finished with value: 0.8508771929824562 and parameters: {'n_estimators': 207, 'max_depth': 20, 'min_samples_split': 3, 'min_samples_leaf': 2, 'class_weight': 'balanced'}. Best is trial 8 with value: 0.8508771929824562.
2025-02-02 16:07:19,243 - INFO - Trial 43 finished with value: 0.8508771929824562 and parameters: {'n_estimators': 243, 'max_depth': 18, 'min_samples_split': 2, 'min_samples_leaf': 2, 'class_weight': 'balanced'}. Best is trial 8 with value: 0.8508771929824562.
2025-02-02 16:07:19,418 - INFO - Trial 44 finished with value: 0.8188405797101449 and parameters: {'n_estimators': 169, 'max_depth': 17, 'min_samples_split': 4, 'min_samples_leaf': 2, 'class_weight': 'balanced'}. Best is trial 8 with value: 0.8508771929824562.
2025-02-02 16:07:19,560 - INFO - Trial 45 finished with value: 0.8508771929824562 and parameters: {'n_estimators': 134, 'max_depth': 16, 'min_samples_split': 5, 'min_samples_leaf': 1, 'class_weight': 'balanced'}. Best is trial 8 with value: 0.8508771929824562.
2025-02-02 16:07:19,659 - INFO - Trial 46 finished with value: 0.75 and parameters: {'n_estimators': 79, 'max_depth': 19, 'min_samples_split': 6, 'min_samples_leaf': 3, 'class_weight': None}. Best is trial 8 with value: 0.8508771929824562.
2025-02-02 16:07:19,781 - INFO - Trial 47 finished with value: 0.8188405797101449 and parameters: {'n_estimators': 111, 'max_depth': 20, 'min_samples_split': 3, 'min_samples_leaf': 2, 'class_weight': 'balanced'}. Best is trial 8 with value: 0.8508771929824562.
2025-02-02 16:07:19,848 - INFO - Trial 48 finished with value: 0.7636363636363637 and parameters: {'n_estimators': 51, 'max_depth': 15, 'min_samples_split': 7, 'min_samples_leaf': 2, 'class_weight': 'balanced'}. Best is trial 8 with value: 0.8508771929824562.
2025-02-02 16:07:20,045 - INFO - Trial 49 finished with value: 0.7662337662337663 and parameters: {'n_estimators': 187, 'max_depth': 16, 'min_samples_split': 9, 'min_samples_leaf': 1, 'class_weight': 'balanced'}. Best is trial 8 with value: 0.8508771929824562.
2025-02-02 16:07:20,257 - INFO - Trial 50 finished with value: 0.8508771929824562 and parameters: {'n_estimators': 216, 'max_depth': 18, 'min_samples_split': 5, 'min_samples_leaf': 3, 'class_weight': 'balanced'}. Best is trial 8 with value: 0.8508771929824562.
2025-02-02 16:07:20,458 - INFO - Trial 51 finished with value: 0.8508771929824562 and parameters: {'n_estimators': 201, 'max_depth': 19, 'min_samples_split': 5, 'min_samples_leaf': 3, 'class_weight': 'balanced'}. Best is trial 8 with value: 0.8508771929824562.
2025-02-02 16:07:20,732 - INFO - Trial 52 finished with value: 0.8508771929824562 and parameters: {'n_estimators': 239, 'max_depth': 19, 'min_samples_split': 4, 'min_samples_leaf': 3, 'class_weight': 'balanced'}. Best is trial 8 with value: 0.8508771929824562.
2025-02-02 16:07:20,935 - INFO - Trial 53 finished with value: 0.7662337662337663 and parameters: {'n_estimators': 193, 'max_depth': 20, 'min_samples_split': 6, 'min_samples_leaf': 4, 'class_weight': 'balanced'}. Best is trial 8 with value: 0.8508771929824562.
2025-02-02 16:07:21,104 - INFO - Trial 54 finished with value: 0.8508771929824562 and parameters: {'n_estimators': 164, 'max_depth': 17, 'min_samples_split': 5, 'min_samples_leaf': 3, 'class_weight': 'balanced'}. Best is trial 8 with value: 0.8508771929824562.
2025-02-02 16:07:21,289 - INFO - Trial 55 finished with value: 0.7912280701754386 and parameters: {'n_estimators': 180, 'max_depth': 18, 'min_samples_split': 10, 'min_samples_leaf': 3, 'class_weight': 'balanced'}. Best is trial 8 with value: 0.8508771929824562.
2025-02-02 16:07:21,518 - INFO - Trial 56 finished with value: 0.8188405797101449 and parameters: {'n_estimators': 227, 'max_depth': 19, 'min_samples_split': 4, 'min_samples_leaf': 2, 'class_weight': 'balanced'}. Best is trial 8 with value: 0.8508771929824562.
2025-02-02 16:07:21,694 - INFO - Trial 57 finished with value: 0.75 and parameters: {'n_estimators': 148, 'max_depth': 5, 'min_samples_split': 6, 'min_samples_leaf': 2, 'class_weight': None}. Best is trial 8 with value: 0.8508771929824562.
2025-02-02 16:07:21,910 - INFO - Trial 58 finished with value: 0.8188405797101449 and parameters: {'n_estimators': 212, 'max_depth': 18, 'min_samples_split': 3, 'min_samples_leaf': 2, 'class_weight': 'balanced'}. Best is trial 8 with value: 0.8508771929824562.
2025-02-02 16:07:22,115 - INFO - Trial 59 finished with value: 0.8508771929824562 and parameters: {'n_estimators': 201, 'max_depth': 20, 'min_samples_split': 5, 'min_samples_leaf': 3, 'class_weight': 'balanced'}. Best is trial 8 with value: 0.8508771929824562.
2025-02-02 16:07:22,371 - INFO - Trial 60 finished with value: 0.7945736434108528 and parameters: {'n_estimators': 258, 'max_depth': 12, 'min_samples_split': 2, 'min_samples_leaf': 4, 'class_weight': 'balanced'}. Best is trial 8 with value: 0.8508771929824562.
2025-02-02 16:07:22,545 - INFO - Trial 61 finished with value: 0.8188405797101449 and parameters: {'n_estimators': 167, 'max_depth': 17, 'min_samples_split': 3, 'min_samples_leaf': 2, 'class_weight': 'balanced'}. Best is trial 8 with value: 0.8508771929824562.
2025-02-02 16:07:22,734 - INFO - Trial 62 finished with value: 0.8188405797101449 and parameters: {'n_estimators': 184, 'max_depth': 14, 'min_samples_split': 4, 'min_samples_leaf': 2, 'class_weight': 'balanced'}. Best is trial 8 with value: 0.8508771929824562.
2025-02-02 16:07:22,920 - INFO - Trial 63 finished with value: 0.8508771929824562 and parameters: {'n_estimators': 175, 'max_depth': 16, 'min_samples_split': 3, 'min_samples_leaf': 2, 'class_weight': 'balanced'}. Best is trial 8 with value: 0.8508771929824562.
