2024-11-26 13:02:55,836 - INFO - Trial 64 finished with value: 1.0 and parameters: {'n_estimators': 289, 'max_depth': 12, 'learning_rate': 0.03527857443359721, 'subsample': 0.9986077312010609, 'colsample_bytree': 0.9998727453565104, 'scale_pos_weight': 0.6404021181867212}. Best is trial 2 with value: 1.0.
2024-11-26 13:02:55,957 - INFO - Trial 65 finished with value: 0.9946251129177958 and parameters: {'n_estimators': 282, 'max_depth': 10, 'learning_rate': 0.21846965208269994, 'subsample': 0.7031114441910246, 'colsample_bytree': 0.8584963474164601, 'scale_pos_weight': 1.0844917185542817}. Best is trial 2 with value: 1.0.
2024-11-26 13:02:56,065 - INFO - Trial 66 finished with value: 0.9946251129177958 and parameters: {'n_estimators': 214, 'max_depth': 9, 'learning_rate': 0.13437615119832502, 'subsample': 0.7343000251973076, 'colsample_bytree': 0.73956573046118, 'scale_pos_weight': 0.8557291319759875}. Best is trial 2 with value: 1.0.
2024-11-26 13:02:56,175 - INFO - Trial 67 finished with value: 0.9946251129177958 and parameters: {'n_estimators': 240, 'max_depth': 8, 'learning_rate': 0.24803027117592322, 'subsample': 0.603612394337067, 'colsample_bytree': 0.9012326988886075, 'scale_pos_weight': 0.6085540554665063}. Best is trial 2 with value: 1.0.
2024-11-26 13:02:56,293 - INFO - Trial 68 finished with value: 1.0 and parameters: {'n_estimators': 266, 'max_depth': 12, 'learning_rate': 0.1687942886467464, 'subsample': 0.9089839594191571, 'colsample_bytree': 0.8722457365670439, 'scale_pos_weight': 0.7614902558477122}. Best is trial 2 with value: 1.0.
2024-11-26 13:02:56,414 - INFO - Trial 69 finished with value: 0.9946251129177958 and parameters: {'n_estimators': 250, 'max_depth': 20, 'learning_rate': 0.19321357880701165, 'subsample': 0.760683490191465, 'colsample_bytree': 0.8059558178266615, 'scale_pos_weight': 1.1357120846382867}. Best is trial 2 with value: 1.0.
2024-11-26 13:02:56,552 - INFO - Trial 70 finished with value: 0.9946251129177958 and parameters: {'n_estimators': 261, 'max_depth': 15, 'learning_rate': 0.07851281130605238, 'subsample': 0.8374644268638597, 'colsample_bytree': 0.8321042301195041, 'scale_pos_weight': 1.1958294423700462}. Best is trial 2 with value: 1.0.
2024-11-26 13:02:56,621 - INFO - Trial 71 finished with value: 0.9946251129177958 and parameters: {'n_estimators': 76, 'max_depth': 14, 'learning_rate': 0.18063420232751037, 'subsample': 0.8792566806774406, 'colsample_bytree': 0.7416101472633159, 'scale_pos_weight': 0.9052171294003393}. Best is trial 2 with value: 1.0.
2024-11-26 13:02:56,689 - INFO - Trial 72 finished with value: 0.9946251129177958 and parameters: {'n_estimators': 66, 'max_depth': 16, 'learning_rate': 0.20346144510323433, 'subsample': 0.8678251008739497, 'colsample_bytree': 0.7749808387609428, 'scale_pos_weight': 0.9816508281272682}. Best is trial 2 with value: 1.0.
2024-11-26 13:02:56,770 - INFO - Trial 73 finished with value: 0.9946251129177958 and parameters: {'n_estimators': 110, 'max_depth': 19, 'learning_rate': 0.21836950257067414, 'subsample': 0.9288891852517233, 'colsample_bytree': 0.6966403850744374, 'scale_pos_weight': 1.2931799771916468}. Best is trial 2 with value: 1.0.
2024-11-26 13:02:56,834 - INFO - Trial 74 finished with value: 1.0 and parameters: {'n_estimators': 59, 'max_depth': 18, 'learning_rate': 0.24180083903886204, 'subsample': 0.8096955810249007, 'colsample_bytree': 0.9744471672113193, 'scale_pos_weight': 0.803428871970449}. Best is trial 2 with value: 1.0.
2024-11-26 13:02:56,917 - INFO - Trial 75 finished with value: 1.0 and parameters: {'n_estimators': 100, 'max_depth': 13, 'learning_rate': 0.28066438486345824, 'subsample': 0.7971554828978332, 'colsample_bytree': 0.751844755284378, 'scale_pos_weight': 1.0259780850750655}. Best is trial 2 with value: 1.0.
2024-11-26 13:02:57,000 - INFO - Trial 76 finished with value: 1.0 and parameters: {'n_estimators': 130, 'max_depth': 17, 'learning_rate': 0.2637368865342357, 'subsample': 0.9010541910797301, 'colsample_bytree': 0.9487345586057139, 'scale_pos_weight': 0.8837455780971917}. Best is trial 2 with value: 1.0.
2024-11-26 13:02:57,129 - INFO - Trial 77 finished with value: 1.0 and parameters: {'n_estimators': 295, 'max_depth': 11, 'learning_rate': 0.15950638983072202, 'subsample': 0.8271768775352133, 'colsample_bytree': 0.7897413760819851, 'scale_pos_weight': 0.9442670104349102}. Best is trial 2 with value: 1.0.
2024-11-26 13:02:57,241 - INFO - Trial 78 finished with value: 1.0 and parameters: {'n_estimators': 144, 'max_depth': 10, 'learning_rate': 0.02331613339292124, 'subsample': 0.7806143471636537, 'colsample_bytree': 0.8548928660003098, 'scale_pos_weight': 0.702708577000607}. Best is trial 2 with value: 1.0.
2024-11-26 13:02:57,364 - INFO - Trial 79 finished with value: 1.0 and parameters: {'n_estimators': 275, 'max_depth': 14, 'learning_rate': 0.10006550774890877, 'subsample': 0.6483190414132568, 'colsample_bytree': 0.9193062208105699, 'scale_pos_weight': 0.544295106980262}. Best is trial 2 with value: 1.0.
2024-11-26 13:02:57,443 - INFO - Trial 80 finished with value: 1.0 and parameters: {'n_estimators': 95, 'max_depth': 20, 'learning_rate': 0.15216717618525005, 'subsample': 0.9451257772393455, 'colsample_bytree': 0.9886532531963802, 'scale_pos_weight': 0.5908213113978502}. Best is trial 2 with value: 1.0.
2024-11-26 13:02:57,541 - INFO - Trial 81 finished with value: 1.0 and parameters: {'n_estimators': 122, 'max_depth': 15, 'learning_rate': 0.03788560051733312, 'subsample': 0.5136612216263714, 'colsample_bytree': 0.9682644472458275, 'scale_pos_weight': 1.660645672866091}. Best is trial 2 with value: 1.0.
2024-11-26 13:02:57,661 - INFO - Trial 82 finished with value: 1.0 and parameters: {'n_estimators': 195, 'max_depth': 16, 'learning_rate': 0.05112282099038138, 'subsample': 0.5596347130401166, 'colsample_bytree': 0.9853839750423716, 'scale_pos_weight': 1.5188331719634882}. Best is trial 2 with value: 1.0.
2024-11-26 13:02:57,823 - INFO - Trial 83 finished with value: 1.0 and parameters: {'n_estimators': 283, 'max_depth': 14, 'learning_rate': 0.0251270867872403, 'subsample': 0.5333771769577119, 'colsample_bytree': 0.897418949216638, 'scale_pos_weight': 1.7139756966578203}. Best is trial 2 with value: 1.0.
2024-11-26 13:02:57,936 - INFO - Trial 84 finished with value: 1.0 and parameters: {'n_estimators': 182, 'max_depth': 15, 'learning_rate': 0.07154077869730212, 'subsample': 0.5818773667715798, 'colsample_bytree': 0.939177148148378, 'scale_pos_weight': 1.4370927032302567}. Best is trial 2 with value: 1.0.
2024-11-26 13:02:58,028 - INFO - Trial 85 finished with value: 0.9946251129177958 and parameters: {'n_estimators': 166, 'max_depth': 11, 'learning_rate': 0.2277673856070196, 'subsample': 0.5279664497409569, 'colsample_bytree': 0.8798063645352573, 'scale_pos_weight': 1.5750430288459323}. Best is trial 2 with value: 1.0.
2024-11-26 13:02:58,126 - INFO - Trial 86 finished with value: 0.9946251129177958 and parameters: {'n_estimators': 119, 'max_depth': 17, 'learning_rate': 0.05759042905917778, 'subsample': 0.7664519607958487, 'colsample_bytree': 0.9540058495623512, 'scale_pos_weight': 1.8199956126959072}. Best is trial 2 with value: 1.0.
2024-11-26 13:02:58,287 - INFO - Trial 87 finished with value: 1.0 and parameters: {'n_estimators': 295, 'max_depth': 16, 'learning_rate': 0.0153218032663519, 'subsample': 0.5002369296861398, 'colsample_bytree': 0.8281577858663168, 'scale_pos_weight': 0.8322720115510738}. Best is trial 2 with value: 1.0.
2024-11-26 13:02:58,358 - INFO - Trial 88 finished with value: 0.9949377571191965 and parameters: {'n_estimators': 54, 'max_depth': 12, 'learning_rate': 0.046519835666418596, 'subsample': 0.8453647114051065, 'colsample_bytree': 0.9631231409677286, 'scale_pos_weight': 0.6701439731164791}. Best is trial 2 with value: 1.0.
2024-11-26 13:02:58,465 - INFO - Trial 89 finished with value: 1.0 and parameters: {'n_estimators': 148, 'max_depth': 19, 'learning_rate': 0.030197475391361056, 'subsample': 0.7932968410075899, 'colsample_bytree': 0.6520467823377685, 'scale_pos_weight': 1.9716898187302276}. Best is trial 2 with value: 1.0.
2024-11-26 13:02:58,560 - INFO - Trial 90 finished with value: 1.0 and parameters: {'n_estimators': 160, 'max_depth': 9, 'learning_rate': 0.1841378243892204, 'subsample': 0.6597352950281612, 'colsample_bytree': 0.9127784685272158, 'scale_pos_weight': 1.2302259934189257}. Best is trial 2 with value: 1.0.
2024-11-26 13:02:58,669 - INFO - Trial 91 finished with value: 0.9946251129177958 and parameters: {'n_estimators': 201, 'max_depth': 19, 'learning_rate': 0.1394252551982468, 'subsample': 0.6313632035493496, 'colsample_bytree': 0.8853501005223406, 'scale_pos_weight': 0.621225777397478}. Best is trial 2 with value: 1.0.
2024-11-26 13:02:58,781 - INFO - Trial 92 finished with value: 0.9946251129177958 and parameters: {'n_estimators': 213, 'max_depth': 18, 'learning_rate': 0.11600525460334948, 'subsample': 0.6165981314456095, 'colsample_bytree': 0.8465174159003734, 'scale_pos_weight': 0.5049879957737087}. Best is trial 2 with value: 1.0.
2024-11-26 13:02:58,885 - INFO - Trial 93 finished with value: 1.0 and parameters: {'n_estimators': 180, 'max_depth': 10, 'learning_rate': 0.12983978539574947, 'subsample': 0.686467684098618, 'colsample_bytree': 0.8667288804498344, 'scale_pos_weight': 0.7294121003500491}. Best is trial 2 with value: 1.0.
2024-11-26 13:02:58,993 - INFO - Trial 94 finished with value: 1.0 and parameters: {'n_estimators': 197, 'max_depth': 20, 'learning_rate': 0.14086099451420941, 'subsample': 0.711496864145065, 'colsample_bytree': 0.8938100328220918, 'scale_pos_weight': 0.7755518625526767}. Best is trial 2 with value: 1.0.
2024-11-26 13:02:59,109 - INFO - Trial 95 finished with value: 0.9946251129177958 and parameters: {'n_estimators': 222, 'max_depth': 17, 'learning_rate': 0.12051633278006804, 'subsample': 0.6033652417744229, 'colsample_bytree': 0.9268272068704111, 'scale_pos_weight': 1.171261592545169}. Best is trial 2 with value: 1.0.
2024-11-26 13:02:59,226 - INFO - Trial 96 finished with value: 0.9946251129177958 and parameters: {'n_estimators': 233, 'max_depth': 19, 'learning_rate': 0.14865934449048993, 'subsample': 0.5732552365331351, 'colsample_bytree': 0.8797329619036502, 'scale_pos_weight': 1.0988522675427015}. Best is trial 2 with value: 1.0.
2024-11-26 13:02:59,330 - INFO - Trial 97 finished with value: 1.0 and parameters: {'n_estimators': 209, 'max_depth': 13, 'learning_rate': 0.25214437520659433, 'subsample': 0.6601924612240244, 'colsample_bytree': 0.9902412940239546, 'scale_pos_weight': 0.6744453118514193}. Best is trial 2 with value: 1.0.
2024-11-26 13:02:59,466 - INFO - Trial 98 finished with value: 0.9946251129177958 and parameters: {'n_estimators': 291, 'max_depth': 3, 'learning_rate': 0.0651806109041013, 'subsample': 0.7457322454719877, 'colsample_bytree': 0.8039774217320715, 'scale_pos_weight': 0.5836838479118712}. Best is trial 2 with value: 1.0.
2024-11-26 13:02:59,551 - INFO - Trial 99 finished with value: 0.9946251129177958 and parameters: {'n_estimators': 85, 'max_depth': 18, 'learning_rate': 0.16270627770023144, 'subsample': 0.8660629644021188, 'colsample_bytree': 0.8383502473152514, 'scale_pos_weight': 1.3674949206247176}. Best is trial 2 with value: 1.0.
2024-11-26 15:58:06,318 - INFO - A new study created in memory with name: no-name-ec365e8a-1c42-4693-ba7e-aaba33b81785
2024-11-26 15:58:06,501 - INFO - Trial 0 finished with value: 1.0 and parameters: {'n_estimators': 72, 'max_depth': 20, 'min_samples_split': 6, 'min_samples_leaf': 3, 'class_weight': 'balanced'}. Best is trial 0 with value: 1.0.
2024-11-26 15:58:06,717 - INFO - Trial 1 finished with value: 0.99013357619915 and parameters: {'n_estimators': 160, 'max_depth': 5, 'min_samples_split': 10, 'min_samples_leaf': 3, 'class_weight': None}. Best is trial 0 with value: 1.0.
2024-11-26 15:58:06,821 - INFO - Trial 2 finished with value: 1.0 and parameters: {'n_estimators': 68, 'max_depth': 17, 'min_samples_split': 5, 'min_samples_leaf': 3, 'class_weight': None}. Best is trial 0 with value: 1.0.
2024-11-26 15:58:07,153 - INFO - Trial 3 finished with value: 0.99013357619915 and parameters: {'n_estimators': 253, 'max_depth': 4, 'min_samples_split': 10, 'min_samples_leaf': 2, 'class_weight': None}. Best is trial 0 with value: 1.0.
2024-11-26 15:58:07,489 - INFO - Trial 4 finished with value: 0.9949377571191965 and parameters: {'n_estimators': 236, 'max_depth': 10, 'min_samples_split': 10, 'min_samples_leaf': 2, 'class_weight': None}. Best is trial 0 with value: 1.0.
2024-11-26 15:58:07,900 - INFO - Trial 5 finished with value: 1.0 and parameters: {'n_estimators': 261, 'max_depth': 14, 'min_samples_split': 2, 'min_samples_leaf': 3, 'class_weight': None}. Best is trial 0 with value: 1.0.
2024-11-26 15:58:08,149 - INFO - Trial 6 finished with value: 0.99013357619915 and parameters: {'n_estimators': 188, 'max_depth': 4, 'min_samples_split': 2, 'min_samples_leaf': 2, 'class_weight': None}. Best is trial 0 with value: 1.0.
2024-11-26 15:58:08,314 - INFO - Trial 7 finished with value: 1.0 and parameters: {'n_estimators': 113, 'max_depth': 18, 'min_samples_split': 5, 'min_samples_leaf': 3, 'class_weight': None}. Best is trial 0 with value: 1.0.
2024-11-26 15:58:08,690 - INFO - Trial 8 finished with value: 0.99013357619915 and parameters: {'n_estimators': 266, 'max_depth': 7, 'min_samples_split': 3, 'min_samples_leaf': 3, 'class_weight': 'balanced'}. Best is trial 0 with value: 1.0.
2024-11-26 15:58:08,896 - INFO - Trial 9 finished with value: 0.99013357619915 and parameters: {'n_estimators': 154, 'max_depth': 5, 'min_samples_split': 2, 'min_samples_leaf': 2, 'class_weight': None}. Best is trial 0 with value: 1.0.
2024-11-26 15:58:08,995 - INFO - Trial 10 finished with value: 1.0 and parameters: {'n_estimators': 57, 'max_depth': 20, 'min_samples_split': 7, 'min_samples_leaf': 4, 'class_weight': 'balanced'}. Best is trial 0 with value: 1.0.
2024-11-26 15:58:09,084 - INFO - Trial 11 finished with value: 1.0 and parameters: {'n_estimators': 50, 'max_depth': 16, 'min_samples_split': 6, 'min_samples_leaf': 4, 'class_weight': 'balanced'}. Best is trial 0 with value: 1.0.
2024-11-26 15:58:09,258 - INFO - Trial 12 finished with value: 1.0 and parameters: {'n_estimators': 111, 'max_depth': 20, 'min_samples_split': 5, 'min_samples_leaf': 1, 'class_weight': 'balanced'}. Best is trial 0 with value: 1.0.
2024-11-26 15:58:09,409 - INFO - Trial 13 finished with value: 0.9949377571191965 and parameters: {'n_estimators': 94, 'max_depth': 15, 'min_samples_split': 8, 'min_samples_leaf': 4, 'class_weight': 'balanced'}. Best is trial 0 with value: 1.0.
2024-11-26 15:58:09,544 - INFO - Trial 14 finished with value: 0.9946251129177958 and parameters: {'n_estimators': 82, 'max_depth': 12, 'min_samples_split': 4, 'min_samples_leaf': 1, 'class_weight': 'balanced'}. Best is trial 0 with value: 1.0.
2024-11-26 15:58:09,836 - INFO - Trial 15 finished with value: 1.0 and parameters: {'n_estimators': 202, 'max_depth': 17, 'min_samples_split': 8, 'min_samples_leaf': 3, 'class_weight': 'balanced'}. Best is trial 0 with value: 1.0.
2024-11-26 15:58:10,043 - INFO - Trial 16 finished with value: 1.0 and parameters: {'n_estimators': 138, 'max_depth': 18, 'min_samples_split': 6, 'min_samples_leaf': 4, 'class_weight': None}. Best is trial 0 with value: 1.0.
2024-11-26 15:58:10,167 - INFO - Trial 17 finished with value: 1.0 and parameters: {'n_estimators': 77, 'max_depth': 13, 'min_samples_split': 4, 'min_samples_leaf': 3, 'class_weight': 'balanced'}. Best is trial 0 with value: 1.0.
2024-11-26 15:58:10,361 - INFO - Trial 18 finished with value: 1.0 and parameters: {'n_estimators': 126, 'max_depth': 20, 'min_samples_split': 7, 'min_samples_leaf': 2, 'class_weight': None}. Best is trial 0 with value: 1.0.
2024-11-26 15:58:10,670 - INFO - Trial 19 finished with value: 0.9949377571191965 and parameters: {'n_estimators': 210, 'max_depth': 10, 'min_samples_split': 5, 'min_samples_leaf': 4, 'class_weight': 'balanced'}. Best is trial 0 with value: 1.0.
2024-11-26 15:58:10,788 - INFO - Trial 20 finished with value: 1.0 and parameters: {'n_estimators': 72, 'max_depth': 18, 'min_samples_split': 8, 'min_samples_leaf': 3, 'class_weight': 'balanced'}. Best is trial 0 with value: 1.0.
2024-11-26 15:58:11,211 - INFO - Trial 21 finished with value: 1.0 and parameters: {'n_estimators': 298, 'max_depth': 14, 'min_samples_split': 3, 'min_samples_leaf': 3, 'class_weight': None}. Best is trial 0 with value: 1.0.
2024-11-26 15:58:11,621 - INFO - Trial 22 finished with value: 1.0 and parameters: {'n_estimators': 291, 'max_depth': 16, 'min_samples_split': 4, 'min_samples_leaf': 3, 'class_weight': None}. Best is trial 0 with value: 1.0.
2024-11-26 15:58:11,950 - INFO - Trial 23 finished with value: 1.0 and parameters: {'n_estimators': 224, 'max_depth': 14, 'min_samples_split': 7, 'min_samples_leaf': 3, 'class_weight': None}. Best is trial 0 with value: 1.0.
2024-11-26 15:58:12,126 - INFO - Trial 24 finished with value: 0.9949377571191965 and parameters: {'n_estimators': 104, 'max_depth': 11, 'min_samples_split': 3, 'min_samples_leaf': 2, 'class_weight': None}. Best is trial 0 with value: 1.0.
2024-11-26 15:58:12,394 - INFO - Trial 25 finished with value: 1.0 and parameters: {'n_estimators': 182, 'max_depth': 19, 'min_samples_split': 6, 'min_samples_leaf': 3, 'class_weight': None}. Best is trial 0 with value: 1.0.
2024-11-26 15:58:12,609 - INFO - Trial 26 finished with value: 1.0 and parameters: {'n_estimators': 140, 'max_depth': 16, 'min_samples_split': 2, 'min_samples_leaf': 4, 'class_weight': None}. Best is trial 0 with value: 1.0.
2024-11-26 15:58:12,987 - INFO - Trial 27 finished with value: 0.99013357619915 and parameters: {'n_estimators': 266, 'max_depth': 8, 'min_samples_split': 9, 'min_samples_leaf': 3, 'class_weight': None}. Best is trial 0 with value: 1.0.
2024-11-26 15:58:13,098 - INFO - Trial 28 finished with value: 1.0 and parameters: {'n_estimators': 64, 'max_depth': 17, 'min_samples_split': 5, 'min_samples_leaf': 2, 'class_weight': 'balanced'}. Best is trial 0 with value: 1.0.
2024-11-26 15:58:13,336 - INFO - Trial 29 finished with value: 1.0 and parameters: {'n_estimators': 161, 'max_depth': 14, 'min_samples_split': 6, 'min_samples_leaf': 3, 'class_weight': None}. Best is trial 0 with value: 1.0.
2024-11-26 15:58:13,484 - INFO - Trial 30 finished with value: 1.0 and parameters: {'n_estimators': 93, 'max_depth': 19, 'min_samples_split': 4, 'min_samples_leaf': 4, 'class_weight': None}. Best is trial 0 with value: 1.0.
2024-11-26 15:58:13,676 - INFO - Trial 31 finished with value: 1.0 and parameters: {'n_estimators': 124, 'max_depth': 18, 'min_samples_split': 5, 'min_samples_leaf': 3, 'class_weight': None}. Best is trial 0 with value: 1.0.
2024-11-26 15:58:13,822 - INFO - Trial 32 finished with value: 0.9949377571191965 and parameters: {'n_estimators': 89, 'max_depth': 17, 'min_samples_split': 5, 'min_samples_leaf': 3, 'class_weight': None}. Best is trial 0 with value: 1.0.
2024-11-26 15:58:13,990 - INFO - Trial 33 finished with value: 1.0 and parameters: {'n_estimators': 107, 'max_depth': 19, 'min_samples_split': 7, 'min_samples_leaf': 3, 'class_weight': None}. Best is trial 0 with value: 1.0.
2024-11-26 15:58:14,111 - INFO - Trial 34 finished with value: 0.9949377571191965 and parameters: {'n_estimators': 71, 'max_depth': 15, 'min_samples_split': 3, 'min_samples_leaf': 3, 'class_weight': None}. Best is trial 0 with value: 1.0.
2024-11-26 15:58:14,462 - INFO - Trial 35 finished with value: 1.0 and parameters: {'n_estimators': 241, 'max_depth': 18, 'min_samples_split': 6, 'min_samples_leaf': 2, 'class_weight': None}. Best is trial 0 with value: 1.0.
2024-11-26 15:58:14,570 - INFO - Trial 36 finished with value: 1.0 and parameters: {'n_estimators': 61, 'max_depth': 15, 'min_samples_split': 4, 'min_samples_leaf': 3, 'class_weight': None}. Best is trial 0 with value: 1.0.
2024-11-26 15:58:14,816 - INFO - Trial 37 finished with value: 1.0 and parameters: {'n_estimators': 162, 'max_depth': 19, 'min_samples_split': 2, 'min_samples_leaf': 2, 'class_weight': None}. Best is trial 0 with value: 1.0.
2024-11-26 15:58:15,000 - INFO - Trial 38 finished with value: 1.0 and parameters: {'n_estimators': 118, 'max_depth': 17, 'min_samples_split': 10, 'min_samples_leaf': 2, 'class_weight': 'balanced'}. Best is trial 0 with value: 1.0.
2024-11-26 15:58:15,091 - INFO - Trial 39 finished with value: 1.0 and parameters: {'n_estimators': 50, 'max_depth': 12, 'min_samples_split': 5, 'min_samples_leaf': 3, 'class_weight': None}. Best is trial 0 with value: 1.0.
2024-11-26 15:58:15,260 - INFO - Trial 40 finished with value: 1.0 and parameters: {'n_estimators': 99, 'max_depth': 20, 'min_samples_split': 9, 'min_samples_leaf': 4, 'class_weight': 'balanced'}. Best is trial 0 with value: 1.0.
2024-11-26 15:58:15,365 - INFO - Trial 41 finished with value: 0.9949377571191965 and parameters: {'n_estimators': 59, 'max_depth': 20, 'min_samples_split': 7, 'min_samples_leaf': 4, 'class_weight': 'balanced'}. Best is trial 0 with value: 1.0.
2024-11-26 15:58:15,498 - INFO - Trial 42 finished with value: 1.0 and parameters: {'n_estimators': 79, 'max_depth': 20, 'min_samples_split': 7, 'min_samples_leaf': 4, 'class_weight': 'balanced'}. Best is trial 0 with value: 1.0.
2024-11-26 15:58:15,604 - INFO - Trial 43 finished with value: 1.0 and parameters: {'n_estimators': 58, 'max_depth': 19, 'min_samples_split': 6, 'min_samples_leaf': 4, 'class_weight': 'balanced'}. Best is trial 0 with value: 1.0.
2024-11-26 15:58:15,750 - INFO - Trial 44 finished with value: 1.0 and parameters: {'n_estimators': 87, 'max_depth': 16, 'min_samples_split': 7, 'min_samples_leaf': 1, 'class_weight': 'balanced'}. Best is trial 0 with value: 1.0.
