2024-11-26 15:58:15,969 - INFO - Trial 45 finished with value: 1.0 and parameters: {'n_estimators': 144, 'max_depth': 18, 'min_samples_split': 8, 'min_samples_leaf': 3, 'class_weight': 'balanced'}. Best is trial 0 with value: 1.0.
2024-11-26 15:58:16,063 - INFO - Trial 46 finished with value: 1.0 and parameters: {'n_estimators': 50, 'max_depth': 13, 'min_samples_split': 6, 'min_samples_leaf': 3, 'class_weight': 'balanced'}. Best is trial 0 with value: 1.0.
2024-11-26 15:58:16,361 - INFO - Trial 47 finished with value: 1.0 and parameters: {'n_estimators': 201, 'max_depth': 17, 'min_samples_split': 9, 'min_samples_leaf': 4, 'class_weight': 'balanced'}. Best is trial 0 with value: 1.0.
2024-11-26 15:58:16,479 - INFO - Trial 48 finished with value: 1.0 and parameters: {'n_estimators': 69, 'max_depth': 19, 'min_samples_split': 5, 'min_samples_leaf': 2, 'class_weight': None}. Best is trial 0 with value: 1.0.
2024-11-26 15:58:16,878 - INFO - Trial 49 finished with value: 0.99013357619915 and parameters: {'n_estimators': 273, 'max_depth': 9, 'min_samples_split': 3, 'min_samples_leaf': 3, 'class_weight': 'balanced'}. Best is trial 0 with value: 1.0.
2024-11-26 15:58:17,039 - INFO - Trial 50 finished with value: 0.99013357619915 and parameters: {'n_estimators': 116, 'max_depth': 3, 'min_samples_split': 8, 'min_samples_leaf': 4, 'class_weight': None}. Best is trial 0 with value: 1.0.
2024-11-26 15:58:17,139 - INFO - Trial 51 finished with value: 1.0 and parameters: {'n_estimators': 50, 'max_depth': 16, 'min_samples_split': 6, 'min_samples_leaf': 4, 'class_weight': 'balanced'}. Best is trial 0 with value: 1.0.
2024-11-26 15:58:17,261 - INFO - Trial 52 finished with value: 0.9949377571191965 and parameters: {'n_estimators': 72, 'max_depth': 18, 'min_samples_split': 6, 'min_samples_leaf': 4, 'class_weight': 'balanced'}. Best is trial 0 with value: 1.0.
2024-11-26 15:58:17,398 - INFO - Trial 53 finished with value: 0.9949377571191965 and parameters: {'n_estimators': 82, 'max_depth': 15, 'min_samples_split': 5, 'min_samples_leaf': 4, 'class_weight': 'balanced'}. Best is trial 0 with value: 1.0.
2024-11-26 15:58:17,559 - INFO - Trial 54 finished with value: 1.0 and parameters: {'n_estimators': 100, 'max_depth': 13, 'min_samples_split': 4, 'min_samples_leaf': 3, 'class_weight': 'balanced'}. Best is trial 0 with value: 1.0.
2024-11-26 15:58:17,692 - INFO - Trial 55 finished with value: 1.0 and parameters: {'n_estimators': 77, 'max_depth': 20, 'min_samples_split': 7, 'min_samples_leaf': 3, 'class_weight': 'balanced'}. Best is trial 0 with value: 1.0.
2024-11-26 15:58:17,815 - INFO - Trial 56 finished with value: 0.99013357619915 and parameters: {'n_estimators': 64, 'max_depth': 17, 'min_samples_split': 6, 'min_samples_leaf': 4, 'class_weight': None}. Best is trial 0 with value: 1.0.
2024-11-26 15:58:18,020 - INFO - Trial 57 finished with value: 1.0 and parameters: {'n_estimators': 130, 'max_depth': 15, 'min_samples_split': 5, 'min_samples_leaf': 3, 'class_weight': 'balanced'}. Best is trial 0 with value: 1.0.
2024-11-26 15:58:18,350 - INFO - Trial 58 finished with value: 0.9946251129177958 and parameters: {'n_estimators': 221, 'max_depth': 16, 'min_samples_split': 4, 'min_samples_leaf': 1, 'class_weight': None}. Best is trial 0 with value: 1.0.
2024-11-26 15:58:18,485 - INFO - Trial 59 finished with value: 0.99013357619915 and parameters: {'n_estimators': 84, 'max_depth': 6, 'min_samples_split': 7, 'min_samples_leaf': 3, 'class_weight': 'balanced'}. Best is trial 0 with value: 1.0.
2024-11-26 15:58:18,592 - INFO - Trial 60 finished with value: 1.0 and parameters: {'n_estimators': 59, 'max_depth': 14, 'min_samples_split': 6, 'min_samples_leaf': 4, 'class_weight': None}. Best is trial 0 with value: 1.0.
2024-11-26 15:58:18,883 - INFO - Trial 61 finished with value: 1.0 and parameters: {'n_estimators': 172, 'max_depth': 20, 'min_samples_split': 5, 'min_samples_leaf': 1, 'class_weight': 'balanced'}. Best is trial 0 with value: 1.0.
2024-11-26 15:58:19,082 - INFO - Trial 62 finished with value: 1.0 and parameters: {'n_estimators': 106, 'max_depth': 18, 'min_samples_split': 5, 'min_samples_leaf': 1, 'class_weight': 'balanced'}. Best is trial 0 with value: 1.0.
2024-11-26 15:58:19,224 - INFO - Trial 63 finished with value: 1.0 and parameters: {'n_estimators': 68, 'max_depth': 19, 'min_samples_split': 3, 'min_samples_leaf': 2, 'class_weight': 'balanced'}. Best is trial 0 with value: 1.0.
2024-11-26 15:58:19,499 - INFO - Trial 64 finished with value: 1.0 and parameters: {'n_estimators': 146, 'max_depth': 19, 'min_samples_split': 6, 'min_samples_leaf': 3, 'class_weight': 'balanced'}. Best is trial 0 with value: 1.0.
2024-11-26 15:58:19,717 - INFO - Trial 65 finished with value: 1.0 and parameters: {'n_estimators': 112, 'max_depth': 18, 'min_samples_split': 8, 'min_samples_leaf': 2, 'class_weight': None}. Best is trial 0 with value: 1.0.
2024-11-26 15:58:19,887 - INFO - Trial 66 finished with value: 1.0 and parameters: {'n_estimators': 92, 'max_depth': 20, 'min_samples_split': 2, 'min_samples_leaf': 3, 'class_weight': None}. Best is trial 0 with value: 1.0.
2024-11-26 15:58:20,177 - INFO - Trial 67 finished with value: 1.0 and parameters: {'n_estimators': 192, 'max_depth': 17, 'min_samples_split': 4, 'min_samples_leaf': 3, 'class_weight': 'balanced'}. Best is trial 0 with value: 1.0.
2024-11-26 15:58:20,302 - INFO - Trial 68 finished with value: 1.0 and parameters: {'n_estimators': 74, 'max_depth': 19, 'min_samples_split': 5, 'min_samples_leaf': 3, 'class_weight': None}. Best is trial 0 with value: 1.0.
2024-11-26 15:58:20,661 - INFO - Trial 69 finished with value: 1.0 and parameters: {'n_estimators': 241, 'max_depth': 16, 'min_samples_split': 7, 'min_samples_leaf': 2, 'class_weight': 'balanced'}. Best is trial 0 with value: 1.0.
2024-11-26 15:58:20,899 - INFO - Trial 70 finished with value: 1.0 and parameters: {'n_estimators': 129, 'max_depth': 18, 'min_samples_split': 6, 'min_samples_leaf': 4, 'class_weight': None}. Best is trial 0 with value: 1.0.
2024-11-26 15:58:21,342 - INFO - Trial 71 finished with value: 1.0 and parameters: {'n_estimators': 259, 'max_depth': 17, 'min_samples_split': 8, 'min_samples_leaf': 3, 'class_weight': 'balanced'}. Best is trial 0 with value: 1.0.
2024-11-26 15:58:21,814 - INFO - Trial 72 finished with value: 1.0 and parameters: {'n_estimators': 283, 'max_depth': 20, 'min_samples_split': 7, 'min_samples_leaf': 3, 'class_weight': 'balanced'}. Best is trial 0 with value: 1.0.
2024-11-26 15:58:22,080 - INFO - Trial 73 finished with value: 1.0 and parameters: {'n_estimators': 155, 'max_depth': 16, 'min_samples_split': 9, 'min_samples_leaf': 3, 'class_weight': 'balanced'}. Best is trial 0 with value: 1.0.
2024-11-26 15:58:22,381 - INFO - Trial 74 finished with value: 0.9949377571191965 and parameters: {'n_estimators': 170, 'max_depth': 11, 'min_samples_split': 8, 'min_samples_leaf': 3, 'class_weight': 'balanced'}. Best is trial 0 with value: 1.0.
2024-11-26 15:58:22,795 - INFO - Trial 75 finished with value: 1.0 and parameters: {'n_estimators': 252, 'max_depth': 15, 'min_samples_split': 4, 'min_samples_leaf': 3, 'class_weight': 'balanced'}. Best is trial 0 with value: 1.0.
2024-11-26 15:58:22,962 - INFO - Trial 76 finished with value: 1.0 and parameters: {'n_estimators': 97, 'max_depth': 18, 'min_samples_split': 6, 'min_samples_leaf': 3, 'class_weight': None}. Best is trial 0 with value: 1.0.
2024-11-26 15:58:23,241 - INFO - Trial 77 finished with value: 0.9949377571191965 and parameters: {'n_estimators': 183, 'max_depth': 19, 'min_samples_split': 10, 'min_samples_leaf': 4, 'class_weight': 'balanced'}. Best is trial 0 with value: 1.0.
2024-11-26 15:58:23,581 - INFO - Trial 78 finished with value: 1.0 and parameters: {'n_estimators': 204, 'max_depth': 17, 'min_samples_split': 5, 'min_samples_leaf': 2, 'class_weight': None}. Best is trial 0 with value: 1.0.
2024-11-26 15:58:23,683 - INFO - Trial 79 finished with value: 1.0 and parameters: {'n_estimators': 56, 'max_depth': 20, 'min_samples_split': 7, 'min_samples_leaf': 3, 'class_weight': 'balanced'}. Best is trial 0 with value: 1.0.
2024-11-26 15:58:24,066 - INFO - Trial 80 finished with value: 0.99013357619915 and parameters: {'n_estimators': 231, 'max_depth': 13, 'min_samples_split': 6, 'min_samples_leaf': 4, 'class_weight': None}. Best is trial 0 with value: 1.0.
2024-11-26 15:58:24,283 - INFO - Trial 81 finished with value: 1.0 and parameters: {'n_estimators': 140, 'max_depth': 18, 'min_samples_split': 5, 'min_samples_leaf': 4, 'class_weight': None}. Best is trial 0 with value: 1.0.
2024-11-26 15:58:24,519 - INFO - Trial 82 finished with value: 0.9949377571191965 and parameters: {'n_estimators': 124, 'max_depth': 17, 'min_samples_split': 6, 'min_samples_leaf': 4, 'class_weight': None}. Best is trial 0 with value: 1.0.
2024-11-26 15:58:24,696 - INFO - Trial 83 finished with value: 1.0 and parameters: {'n_estimators': 112, 'max_depth': 14, 'min_samples_split': 6, 'min_samples_leaf': 4, 'class_weight': None}. Best is trial 0 with value: 1.0.
2024-11-26 15:58:25,169 - INFO - Trial 84 finished with value: 1.0 and parameters: {'n_estimators': 298, 'max_depth': 19, 'min_samples_split': 8, 'min_samples_leaf': 4, 'class_weight': None}. Best is trial 0 with value: 1.0.
2024-11-26 15:58:25,309 - INFO - Trial 85 finished with value: 1.0 and parameters: {'n_estimators': 65, 'max_depth': 16, 'min_samples_split': 7, 'min_samples_leaf': 3, 'class_weight': None}. Best is trial 0 with value: 1.0.
2024-11-26 15:58:25,422 - INFO - Trial 86 finished with value: 1.0 and parameters: {'n_estimators': 54, 'max_depth': 18, 'min_samples_split': 5, 'min_samples_leaf': 4, 'class_weight': 'balanced'}. Best is trial 0 with value: 1.0.
2024-11-26 15:58:25,637 - INFO - Trial 87 finished with value: 1.0 and parameters: {'n_estimators': 136, 'max_depth': 19, 'min_samples_split': 4, 'min_samples_leaf': 3, 'class_weight': 'balanced'}. Best is trial 0 with value: 1.0.
2024-11-26 15:58:25,809 - INFO - Trial 88 finished with value: 0.9946251129177958 and parameters: {'n_estimators': 88, 'max_depth': 17, 'min_samples_split': 9, 'min_samples_leaf': 1, 'class_weight': None}. Best is trial 0 with value: 1.0.
2024-11-26 15:58:25,956 - INFO - Trial 89 finished with value: 1.0 and parameters: {'n_estimators': 80, 'max_depth': 20, 'min_samples_split': 6, 'min_samples_leaf': 3, 'class_weight': 'balanced'}. Best is trial 0 with value: 1.0.
2024-11-26 15:58:26,307 - INFO - Trial 90 finished with value: 1.0 and parameters: {'n_estimators': 218, 'max_depth': 18, 'min_samples_split': 3, 'min_samples_leaf': 4, 'class_weight': None}. Best is trial 0 with value: 1.0.
2024-11-26 15:58:26,434 - INFO - Trial 91 finished with value: 1.0 and parameters: {'n_estimators': 73, 'max_depth': 12, 'min_samples_split': 2, 'min_samples_leaf': 3, 'class_weight': 'balanced'}. Best is trial 0 with value: 1.0.
2024-11-26 15:58:26,548 - INFO - Trial 92 finished with value: 1.0 and parameters: {'n_estimators': 64, 'max_depth': 14, 'min_samples_split': 5, 'min_samples_leaf': 3, 'class_weight': 'balanced'}. Best is trial 0 with value: 1.0.
2024-11-26 15:58:26,738 - INFO - Trial 93 finished with value: 1.0 and parameters: {'n_estimators': 119, 'max_depth': 13, 'min_samples_split': 5, 'min_samples_leaf': 3, 'class_weight': 'balanced'}. Best is trial 0 with value: 1.0.
2024-11-26 15:58:26,912 - INFO - Trial 94 finished with value: 1.0 and parameters: {'n_estimators': 103, 'max_depth': 14, 'min_samples_split': 4, 'min_samples_leaf': 3, 'class_weight': 'balanced'}. Best is trial 0 with value: 1.0.
2024-11-26 15:58:27,070 - INFO - Trial 95 finished with value: 1.0 and parameters: {'n_estimators': 93, 'max_depth': 15, 'min_samples_split': 3, 'min_samples_leaf': 2, 'class_weight': 'balanced'}. Best is trial 0 with value: 1.0.
2024-11-26 15:58:27,229 - INFO - Trial 96 finished with value: 1.0 and parameters: {'n_estimators': 79, 'max_depth': 12, 'min_samples_split': 5, 'min_samples_leaf': 3, 'class_weight': 'balanced'}. Best is trial 0 with value: 1.0.
2024-11-26 15:58:27,366 - INFO - Trial 97 finished with value: 0.9949377571191965 and parameters: {'n_estimators': 68, 'max_depth': 19, 'min_samples_split': 6, 'min_samples_leaf': 4, 'class_weight': None}. Best is trial 0 with value: 1.0.
2024-11-26 15:58:27,599 - INFO - Trial 98 finished with value: 0.9949377571191965 and parameters: {'n_estimators': 151, 'max_depth': 20, 'min_samples_split': 6, 'min_samples_leaf': 3, 'class_weight': 'balanced'}. Best is trial 0 with value: 1.0.
2024-11-26 15:58:27,701 - INFO - Trial 99 finished with value: 1.0 and parameters: {'n_estimators': 54, 'max_depth': 17, 'min_samples_split': 7, 'min_samples_leaf': 4, 'class_weight': None}. Best is trial 0 with value: 1.0.
2024-11-26 15:58:28,220 - INFO - A new study created in memory with name: no-name-a69a0056-7af0-486a-ae16-cb15a6047c3b
2024-11-26 15:58:28,244 - INFO - Trial 0 finished with value: 0.9895833333333334 and parameters: {'max_depth': 10, 'min_samples_split': 9, 'min_samples_leaf': 4, 'class_weight': 'balanced'}. Best is trial 0 with value: 0.9895833333333334.
2024-11-26 15:58:28,267 - INFO - Trial 1 finished with value: 0.9848132713575893 and parameters: {'max_depth': 8, 'min_samples_split': 8, 'min_samples_leaf': 1, 'class_weight': 'balanced'}. Best is trial 0 with value: 0.9895833333333334.
2024-11-26 15:58:28,287 - INFO - Trial 2 finished with value: 0.9895833333333334 and parameters: {'max_depth': 12, 'min_samples_split': 7, 'min_samples_leaf': 1, 'class_weight': None}. Best is trial 0 with value: 0.9895833333333334.
2024-11-26 15:58:28,306 - INFO - Trial 3 finished with value: 0.9895833333333334 and parameters: {'max_depth': 8, 'min_samples_split': 10, 'min_samples_leaf': 4, 'class_weight': None}. Best is trial 0 with value: 0.9895833333333334.
2024-11-26 15:58:28,322 - INFO - Trial 4 finished with value: 0.9802671523982999 and parameters: {'max_depth': 3, 'min_samples_split': 9, 'min_samples_leaf': 4, 'class_weight': None}. Best is trial 0 with value: 0.9895833333333334.
2024-11-26 15:58:28,340 - INFO - Trial 5 finished with value: 1.0 and parameters: {'max_depth': 17, 'min_samples_split': 9, 'min_samples_leaf': 1, 'class_weight': None}. Best is trial 5 with value: 1.0.
2024-11-26 15:58:28,355 - INFO - Trial 6 finished with value: 0.9895833333333334 and parameters: {'max_depth': 12, 'min_samples_split': 2, 'min_samples_leaf': 2, 'class_weight': None}. Best is trial 5 with value: 1.0.
2024-11-26 15:58:28,373 - INFO - Trial 7 finished with value: 0.9895833333333334 and parameters: {'max_depth': 11, 'min_samples_split': 3, 'min_samples_leaf': 4, 'class_weight': 'balanced'}. Best is trial 5 with value: 1.0.
2024-11-26 15:58:28,391 - INFO - Trial 8 finished with value: 0.9946251129177958 and parameters: {'max_depth': 13, 'min_samples_split': 4, 'min_samples_leaf': 3, 'class_weight': 'balanced'}. Best is trial 5 with value: 1.0.
2024-11-26 15:58:28,409 - INFO - Trial 9 finished with value: 0.9895833333333334 and parameters: {'max_depth': 18, 'min_samples_split': 9, 'min_samples_leaf': 4, 'class_weight': 'balanced'}. Best is trial 5 with value: 1.0.
2024-11-26 15:58:28,437 - INFO - Trial 10 finished with value: 0.9895833333333334 and parameters: {'max_depth': 20, 'min_samples_split': 5, 'min_samples_leaf': 2, 'class_weight': None}. Best is trial 5 with value: 1.0.
2024-11-26 15:58:28,466 - INFO - Trial 11 finished with value: 0.9946251129177958 and parameters: {'max_depth': 16, 'min_samples_split': 5, 'min_samples_leaf': 3, 'class_weight': 'balanced'}. Best is trial 5 with value: 1.0.
2024-11-26 15:58:28,489 - INFO - Trial 12 finished with value: 0.9888674388674389 and parameters: {'max_depth': 15, 'min_samples_split': 4, 'min_samples_leaf': 3, 'class_weight': None}. Best is trial 5 with value: 1.0.
2024-11-26 15:58:28,515 - INFO - Trial 13 finished with value: 0.9946251129177958 and parameters: {'max_depth': 15, 'min_samples_split': 6, 'min_samples_leaf': 2, 'class_weight': 'balanced'}. Best is trial 5 with value: 1.0.
2024-11-26 15:58:28,542 - INFO - Trial 14 finished with value: 0.9946251129177958 and parameters: {'max_depth': 17, 'min_samples_split': 6, 'min_samples_leaf': 3, 'class_weight': 'balanced'}. Best is trial 5 with value: 1.0.
2024-11-26 15:58:28,565 - INFO - Trial 15 finished with value: 0.9895833333333334 and parameters: {'max_depth': 20, 'min_samples_split': 4, 'min_samples_leaf': 1, 'class_weight': None}. Best is trial 5 with value: 1.0.
2024-11-26 15:58:28,591 - INFO - Trial 16 finished with value: 0.9946251129177958 and parameters: {'max_depth': 14, 'min_samples_split': 7, 'min_samples_leaf': 2, 'class_weight': None}. Best is trial 5 with value: 1.0.
2024-11-26 15:58:28,615 - INFO - Trial 17 finished with value: 0.99013357619915 and parameters: {'max_depth': 4, 'min_samples_split': 2, 'min_samples_leaf': 3, 'class_weight': 'balanced'}. Best is trial 5 with value: 1.0.
2024-11-26 15:58:28,641 - INFO - Trial 18 finished with value: 0.9895833333333334 and parameters: {'max_depth': 18, 'min_samples_split': 10, 'min_samples_leaf': 1, 'class_weight': 'balanced'}. Best is trial 5 with value: 1.0.
2024-11-26 15:58:28,665 - INFO - Trial 19 finished with value: 0.9946251129177958 and parameters: {'max_depth': 13, 'min_samples_split': 4, 'min_samples_leaf': 2, 'class_weight': None}. Best is trial 5 with value: 1.0.
2024-11-26 15:58:28,690 - INFO - Trial 20 finished with value: 0.9946251129177958 and parameters: {'max_depth': 9, 'min_samples_split': 7, 'min_samples_leaf': 3, 'class_weight': 'balanced'}. Best is trial 5 with value: 1.0.
2024-11-26 15:58:28,718 - INFO - Trial 21 finished with value: 0.9838753387533877 and parameters: {'max_depth': 16, 'min_samples_split': 5, 'min_samples_leaf': 3, 'class_weight': 'balanced'}. Best is trial 5 with value: 1.0.
2024-11-26 15:58:28,746 - INFO - Trial 22 finished with value: 0.9946251129177958 and parameters: {'max_depth': 17, 'min_samples_split': 5, 'min_samples_leaf': 3, 'class_weight': 'balanced'}. Best is trial 5 with value: 1.0.
2024-11-26 15:58:28,776 - INFO - Trial 23 finished with value: 0.9895833333333334 and parameters: {'max_depth': 14, 'min_samples_split': 3, 'min_samples_leaf': 3, 'class_weight': 'balanced'}. Best is trial 5 with value: 1.0.
2024-11-26 15:58:28,807 - INFO - Trial 24 finished with value: 0.9946251129177958 and parameters: {'max_depth': 19, 'min_samples_split': 6, 'min_samples_leaf': 2, 'class_weight': 'balanced'}. Best is trial 5 with value: 1.0.
2024-11-26 15:58:28,839 - INFO - Trial 25 finished with value: 0.9946251129177958 and parameters: {'max_depth': 16, 'min_samples_split': 3, 'min_samples_leaf': 3, 'class_weight': 'balanced'}. Best is trial 5 with value: 1.0.
2024-11-26 15:58:28,868 - INFO - Trial 26 finished with value: 0.9895833333333334 and parameters: {'max_depth': 14, 'min_samples_split': 5, 'min_samples_leaf': 2, 'class_weight': None}. Best is trial 5 with value: 1.0.
2024-11-26 15:58:28,899 - INFO - Trial 27 finished with value: 0.9895833333333334 and parameters: {'max_depth': 6, 'min_samples_split': 8, 'min_samples_leaf': 3, 'class_weight': 'balanced'}. Best is trial 5 with value: 1.0.
2024-11-26 15:58:28,931 - INFO - Trial 28 finished with value: 1.0 and parameters: {'max_depth': 16, 'min_samples_split': 4, 'min_samples_leaf': 1, 'class_weight': None}. Best is trial 5 with value: 1.0.
2024-11-26 15:58:28,964 - INFO - Trial 29 finished with value: 0.9895833333333334 and parameters: {'max_depth': 10, 'min_samples_split': 4, 'min_samples_leaf': 1, 'class_weight': None}. Best is trial 5 with value: 1.0.
2024-11-26 15:58:28,995 - INFO - Trial 30 finished with value: 1.0 and parameters: {'max_depth': 13, 'min_samples_split': 3, 'min_samples_leaf': 1, 'class_weight': None}. Best is trial 5 with value: 1.0.
2024-11-26 15:58:29,025 - INFO - Trial 31 finished with value: 1.0 and parameters: {'max_depth': 13, 'min_samples_split': 3, 'min_samples_leaf': 1, 'class_weight': None}. Best is trial 5 with value: 1.0.
2024-11-26 15:58:29,055 - INFO - Trial 32 finished with value: 0.9895833333333334 and parameters: {'max_depth': 13, 'min_samples_split': 2, 'min_samples_leaf': 1, 'class_weight': None}. Best is trial 5 with value: 1.0.
2024-11-26 15:58:29,084 - INFO - Trial 33 finished with value: 0.9895833333333334 and parameters: {'max_depth': 11, 'min_samples_split': 3, 'min_samples_leaf': 1, 'class_weight': None}. Best is trial 5 with value: 1.0.
2024-11-26 15:58:29,113 - INFO - Trial 34 finished with value: 0.9949377571191965 and parameters: {'max_depth': 15, 'min_samples_split': 3, 'min_samples_leaf': 1, 'class_weight': None}. Best is trial 5 with value: 1.0.
2024-11-26 15:58:29,144 - INFO - Trial 35 finished with value: 0.9946251129177958 and parameters: {'max_depth': 18, 'min_samples_split': 2, 'min_samples_leaf': 1, 'class_weight': None}. Best is trial 5 with value: 1.0.
2024-11-26 15:58:29,176 - INFO - Trial 36 finished with value: 0.9838753387533877 and parameters: {'max_depth': 12, 'min_samples_split': 8, 'min_samples_leaf': 1, 'class_weight': None}. Best is trial 5 with value: 1.0.
2024-11-26 15:58:29,205 - INFO - Trial 37 finished with value: 0.9949377571191965 and parameters: {'max_depth': 10, 'min_samples_split': 3, 'min_samples_leaf': 1, 'class_weight': None}. Best is trial 5 with value: 1.0.
2024-11-26 15:58:29,235 - INFO - Trial 38 finished with value: 0.9895833333333334 and parameters: {'max_depth': 17, 'min_samples_split': 9, 'min_samples_leaf': 1, 'class_weight': None}. Best is trial 5 with value: 1.0.
2024-11-26 15:58:29,266 - INFO - Trial 39 finished with value: 0.99013357619915 and parameters: {'max_depth': 7, 'min_samples_split': 2, 'min_samples_leaf': 1, 'class_weight': None}. Best is trial 5 with value: 1.0.
2024-11-26 15:58:29,297 - INFO - Trial 40 finished with value: 1.0 and parameters: {'max_depth': 11, 'min_samples_split': 10, 'min_samples_leaf': 1, 'class_weight': None}. Best is trial 5 with value: 1.0.
