2024-12-10 14:36:53,823 - INFO - Trial 22 finished with value: 1.0 and parameters: {'n_estimators': 164, 'max_depth': 10, 'learning_rate': 0.035193327285332004, 'subsample': 0.6829508843534244, 'colsample_bytree': 0.8219534355159666, 'scale_pos_weight': 1.0132097431100455}. Best is trial 0 with value: 1.0.
2024-12-10 14:36:53,910 - INFO - Trial 23 finished with value: 1.0 and parameters: {'n_estimators': 105, 'max_depth': 9, 'learning_rate': 0.07165381298953331, 'subsample': 0.6212077810435845, 'colsample_bytree': 0.6336878336869946, 'scale_pos_weight': 0.8049717815489469}. Best is trial 0 with value: 1.0.
2024-12-10 14:36:54,041 - INFO - Trial 24 finished with value: 1.0 and parameters: {'n_estimators': 204, 'max_depth': 14, 'learning_rate': 0.034497366808179726, 'subsample': 0.8432200494919733, 'colsample_bytree': 0.7603377445050025, 'scale_pos_weight': 0.5182727368723931}. Best is trial 0 with value: 1.0.
2024-12-10 14:36:54,132 - INFO - Trial 25 finished with value: 1.0 and parameters: {'n_estimators': 67, 'max_depth': 17, 'learning_rate': 0.06496964175068232, 'subsample': 0.9059905531413042, 'colsample_bytree': 0.8664110653854017, 'scale_pos_weight': 0.6817264816809214}. Best is trial 0 with value: 1.0.
2024-12-10 14:36:54,243 - INFO - Trial 26 finished with value: 1.0 and parameters: {'n_estimators': 140, 'max_depth': 12, 'learning_rate': 0.018483710794032132, 'subsample': 0.7593379833618538, 'colsample_bytree': 0.7038816590242096, 'scale_pos_weight': 1.0693466790266517}. Best is trial 0 with value: 1.0.
2024-12-10 14:36:54,362 - INFO - Trial 27 finished with value: 0.9946251129177958 and parameters: {'n_estimators': 224, 'max_depth': 5, 'learning_rate': 0.12477266186686767, 'subsample': 0.7102877542288576, 'colsample_bytree': 0.5900323342102072, 'scale_pos_weight': 0.8993652400089704}. Best is trial 0 with value: 1.0.
2024-12-10 14:36:54,481 - INFO - Trial 28 finished with value: 0.9946251129177958 and parameters: {'n_estimators': 181, 'max_depth': 10, 'learning_rate': 0.08132999601900756, 'subsample': 0.7882459222049881, 'colsample_bytree': 0.7864703641182215, 'scale_pos_weight': 1.2888837394559216}. Best is trial 0 with value: 1.0.
2024-12-10 14:36:54,606 - INFO - Trial 29 finished with value: 1.0 and parameters: {'n_estimators': 265, 'max_depth': 11, 'learning_rate': 0.2704650354208761, 'subsample': 0.9280611626356714, 'colsample_bytree': 0.6867504405156405, 'scale_pos_weight': 0.6089895777462087}. Best is trial 0 with value: 1.0.
2024-12-10 14:36:54,715 - INFO - Trial 30 finished with value: 1.0 and parameters: {'n_estimators': 148, 'max_depth': 8, 'learning_rate': 0.05662929613462723, 'subsample': 0.9223309379226138, 'colsample_bytree': 0.6502422265172744, 'scale_pos_weight': 1.24541718131245}. Best is trial 0 with value: 1.0.
2024-12-10 14:36:54,803 - INFO - Trial 31 finished with value: 0.9946251129177958 and parameters: {'n_estimators': 130, 'max_depth': 10, 'learning_rate': 0.29466697736451036, 'subsample': 0.5590815189579665, 'colsample_bytree': 0.8824197645390246, 'scale_pos_weight': 0.5809001386952796}. Best is trial 0 with value: 1.0.
2024-12-10 14:36:54,889 - INFO - Trial 32 finished with value: 0.9946251129177958 and parameters: {'n_estimators': 100, 'max_depth': 11, 'learning_rate': 0.22889740260057082, 'subsample': 0.5006560588091733, 'colsample_bytree': 0.9053938406336336, 'scale_pos_weight': 0.6858615733770967}. Best is trial 0 with value: 1.0.
2024-12-10 14:36:54,967 - INFO - Trial 33 finished with value: 1.0 and parameters: {'n_estimators': 78, 'max_depth': 9, 'learning_rate': 0.17749102399449107, 'subsample': 0.627149473613957, 'colsample_bytree': 0.8577774826453859, 'scale_pos_weight': 0.582595127373609}. Best is trial 0 with value: 1.0.
2024-12-10 14:36:55,066 - INFO - Trial 34 finished with value: 0.9946251129177958 and parameters: {'n_estimators': 159, 'max_depth': 12, 'learning_rate': 0.19710951728057283, 'subsample': 0.5533314757807417, 'colsample_bytree': 0.9562130477970459, 'scale_pos_weight': 0.8209190301988408}. Best is trial 0 with value: 1.0.
2024-12-10 14:36:55,151 - INFO - Trial 35 finished with value: 0.9946251129177958 and parameters: {'n_estimators': 114, 'max_depth': 14, 'learning_rate': 0.2746429298087863, 'subsample': 0.6225586329421029, 'colsample_bytree': 0.7889714230863477, 'scale_pos_weight': 0.503348867999462}. Best is trial 0 with value: 1.0.
2024-12-10 14:36:55,246 - INFO - Trial 36 finished with value: 1.0 and parameters: {'n_estimators': 140, 'max_depth': 11, 'learning_rate': 0.13637274775122327, 'subsample': 0.5975341242396112, 'colsample_bytree': 0.9041454649814689, 'scale_pos_weight': 0.66177394602583}. Best is trial 0 with value: 1.0.
2024-12-10 14:36:55,379 - INFO - Trial 37 finished with value: 1.0 and parameters: {'n_estimators': 283, 'max_depth': 7, 'learning_rate': 0.24575990883356558, 'subsample': 0.6539024059157331, 'colsample_bytree': 0.7448763796867527, 'scale_pos_weight': 1.5389353420306928}. Best is trial 0 with value: 1.0.
2024-12-10 14:36:55,567 - INFO - Trial 38 finished with value: 1.0 and parameters: {'n_estimators': 297, 'max_depth': 10, 'learning_rate': 0.02536442960508059, 'subsample': 0.9450033596328733, 'colsample_bytree': 0.8078740673675457, 'scale_pos_weight': 0.7450434255431175}. Best is trial 0 with value: 1.0.
2024-12-10 14:36:55,677 - INFO - Trial 39 finished with value: 1.0 and parameters: {'n_estimators': 196, 'max_depth': 3, 'learning_rate': 0.15891487402899557, 'subsample': 0.8208142852389729, 'colsample_bytree': 0.8411691617020561, 'scale_pos_weight': 0.860796856264582}. Best is trial 0 with value: 1.0.
2024-12-10 14:36:55,803 - INFO - Trial 40 finished with value: 0.9946251129177958 and parameters: {'n_estimators': 236, 'max_depth': 13, 'learning_rate': 0.19966892088109212, 'subsample': 0.8646079962641527, 'colsample_bytree': 0.9494035252284008, 'scale_pos_weight': 1.3419904842543402}. Best is trial 0 with value: 1.0.
2024-12-10 14:36:55,945 - INFO - Trial 41 finished with value: 0.9946251129177958 and parameters: {'n_estimators': 297, 'max_depth': 16, 'learning_rate': 0.22181771179821722, 'subsample': 0.9654852557113794, 'colsample_bytree': 0.9246591630948994, 'scale_pos_weight': 1.4116659005511418}. Best is trial 0 with value: 1.0.
2024-12-10 14:36:56,079 - INFO - Trial 42 finished with value: 1.0 and parameters: {'n_estimators': 278, 'max_depth': 18, 'learning_rate': 0.24753543123909522, 'subsample': 0.9788711180715185, 'colsample_bytree': 0.8864647307175052, 'scale_pos_weight': 1.4868494343926044}. Best is trial 0 with value: 1.0.
2024-12-10 14:36:56,188 - INFO - Trial 43 finished with value: 1.0 and parameters: {'n_estimators': 170, 'max_depth': 14, 'learning_rate': 0.23945787032977092, 'subsample': 0.7064898908169618, 'colsample_bytree': 0.9679077233692078, 'scale_pos_weight': 1.6620363634011417}. Best is trial 0 with value: 1.0.
2024-12-10 14:36:56,320 - INFO - Trial 44 finished with value: 1.0 and parameters: {'n_estimators': 256, 'max_depth': 15, 'learning_rate': 0.2117300151077035, 'subsample': 0.8797442364353258, 'colsample_bytree': 0.8628093033350894, 'scale_pos_weight': 0.9770207314936001}. Best is trial 0 with value: 1.0.
2024-12-10 14:36:56,439 - INFO - Trial 45 finished with value: 0.9946251129177958 and parameters: {'n_estimators': 216, 'max_depth': 12, 'learning_rate': 0.2628990250089009, 'subsample': 0.9471920497601464, 'colsample_bytree': 0.9952906970680317, 'scale_pos_weight': 1.9850188868180214}. Best is trial 0 with value: 1.0.
2024-12-10 14:36:56,584 - INFO - Trial 46 finished with value: 0.9946251129177958 and parameters: {'n_estimators': 268, 'max_depth': 20, 'learning_rate': 0.10333322454006307, 'subsample': 0.993717000709816, 'colsample_bytree': 0.8994277973800137, 'scale_pos_weight': 1.1656271840074237}. Best is trial 0 with value: 1.0.
2024-12-10 14:36:56,698 - INFO - Trial 47 finished with value: 0.9946251129177958 and parameters: {'n_estimators': 189, 'max_depth': 9, 'learning_rate': 0.1822591340854755, 'subsample': 0.8985240491829752, 'colsample_bytree': 0.8458172294264289, 'scale_pos_weight': 1.0856207543913539}. Best is trial 0 with value: 1.0.
2024-12-10 14:36:56,830 - INFO - Trial 48 finished with value: 1.0 and parameters: {'n_estimators': 238, 'max_depth': 7, 'learning_rate': 0.08322132929769263, 'subsample': 0.84180906403206, 'colsample_bytree': 0.5008760040347757, 'scale_pos_weight': 0.7415843617653767}. Best is trial 0 with value: 1.0.
2024-12-10 14:36:56,997 - INFO - Trial 49 finished with value: 1.0 and parameters: {'n_estimators': 300, 'max_depth': 13, 'learning_rate': 0.0467863751029593, 'subsample': 0.7419656691976141, 'colsample_bytree': 0.8130763099131337, 'scale_pos_weight': 0.5848653142245629}. Best is trial 0 with value: 1.0.
2024-12-10 14:36:57,157 - INFO - Trial 50 finished with value: 0.9946251129177958 and parameters: {'n_estimators': 291, 'max_depth': 15, 'learning_rate': 0.09804157336092284, 'subsample': 0.5352652053787574, 'colsample_bytree': 0.9314433024388754, 'scale_pos_weight': 1.3329910641402747}. Best is trial 0 with value: 1.0.
2024-12-10 14:36:57,289 - INFO - Trial 51 finished with value: 0.9946251129177958 and parameters: {'n_estimators': 268, 'max_depth': 19, 'learning_rate': 0.19848769004704248, 'subsample': 0.8017559963651651, 'colsample_bytree': 0.7708510797147223, 'scale_pos_weight': 0.7321186778223292}. Best is trial 0 with value: 1.0.
2024-12-10 14:36:57,425 - INFO - Trial 52 finished with value: 1.0 and parameters: {'n_estimators': 278, 'max_depth': 20, 'learning_rate': 0.2108177285888542, 'subsample': 0.575944434439424, 'colsample_bytree': 0.8355169761406828, 'scale_pos_weight': 0.8724050530927405}. Best is trial 0 with value: 1.0.
2024-12-10 14:36:57,582 - INFO - Trial 53 finished with value: 1.0 and parameters: {'n_estimators': 258, 'max_depth': 17, 'learning_rate': 0.04383984090770153, 'subsample': 0.647871779692006, 'colsample_bytree': 0.7339268852282435, 'scale_pos_weight': 0.6187179362556766}. Best is trial 0 with value: 1.0.
2024-12-10 14:36:57,691 - INFO - Trial 54 finished with value: 1.0 and parameters: {'n_estimators': 172, 'max_depth': 10, 'learning_rate': 0.2308779186153696, 'subsample': 0.596793579511095, 'colsample_bytree': 0.882173688855576, 'scale_pos_weight': 1.8153478257942248}. Best is trial 0 with value: 1.0.
2024-12-10 14:36:57,829 - INFO - Trial 55 finished with value: 1.0 and parameters: {'n_estimators': 212, 'max_depth': 11, 'learning_rate': 0.18725226888389393, 'subsample': 0.7778865918241424, 'colsample_bytree': 0.9681227924934016, 'scale_pos_weight': 0.9297147903872519}. Best is trial 0 with value: 1.0.
2024-12-10 14:36:57,975 - INFO - Trial 56 finished with value: 0.9946251129177958 and parameters: {'n_estimators': 242, 'max_depth': 9, 'learning_rate': 0.1584579045068469, 'subsample': 0.5293447125533698, 'colsample_bytree': 0.8241157244576661, 'scale_pos_weight': 0.541336034104303}. Best is trial 0 with value: 1.0.
2024-12-10 14:36:58,143 - INFO - Trial 57 finished with value: 0.99013357619915 and parameters: {'n_estimators': 229, 'max_depth': 8, 'learning_rate': 0.010076236614281246, 'subsample': 0.575299375975376, 'colsample_bytree': 0.9161843619681886, 'scale_pos_weight': 0.7712183007237656}. Best is trial 0 with value: 1.0.
2024-12-10 14:36:58,247 - INFO - Trial 58 finished with value: 0.9946251129177958 and parameters: {'n_estimators': 152, 'max_depth': 16, 'learning_rate': 0.06312510512491763, 'subsample': 0.6953406877125345, 'colsample_bytree': 0.5504408925323441, 'scale_pos_weight': 0.6570474759999656}. Best is trial 0 with value: 1.0.
2024-12-10 14:36:58,385 - INFO - Trial 59 finished with value: 0.9946251129177958 and parameters: {'n_estimators': 284, 'max_depth': 4, 'learning_rate': 0.2578457182436702, 'subsample': 0.8788580642323175, 'colsample_bytree': 0.6900419206952332, 'scale_pos_weight': 1.2127088868216567}. Best is trial 0 with value: 1.0.
2024-12-10 14:36:58,502 - INFO - Trial 60 finished with value: 0.9949377571191965 and parameters: {'n_estimators': 127, 'max_depth': 19, 'learning_rate': 0.02328589103526507, 'subsample': 0.9310422126403975, 'colsample_bytree': 0.8527649789644871, 'scale_pos_weight': 0.6941727283679199}. Best is trial 0 with value: 1.0.
2024-12-10 14:36:58,644 - INFO - Trial 61 finished with value: 1.0 and parameters: {'n_estimators': 179, 'max_depth': 18, 'learning_rate': 0.03764039266212451, 'subsample': 0.8254937853902847, 'colsample_bytree': 0.8687374787077838, 'scale_pos_weight': 1.053694496576139}. Best is trial 0 with value: 1.0.
2024-12-10 14:36:58,826 - INFO - Trial 62 finished with value: 1.0 and parameters: {'n_estimators': 206, 'max_depth': 17, 'learning_rate': 0.02672382697293753, 'subsample': 0.8473918962738229, 'colsample_bytree': 0.8890923867658594, 'scale_pos_weight': 0.9858547501356456}. Best is trial 0 with value: 1.0.
2024-12-10 14:36:58,950 - INFO - Trial 63 finished with value: 1.0 and parameters: {'n_estimators': 163, 'max_depth': 12, 'learning_rate': 0.05885925103084947, 'subsample': 0.7581975048600046, 'colsample_bytree': 0.7712928537009225, 'scale_pos_weight': 0.7935848070215683}. Best is trial 0 with value: 1.0.
2024-12-10 14:36:59,076 - INFO - Trial 64 finished with value: 1.0 and parameters: {'n_estimators': 194, 'max_depth': 16, 'learning_rate': 0.0722365912160353, 'subsample': 0.7238700871842252, 'colsample_bytree': 0.9426467934728144, 'scale_pos_weight': 0.5631184555401517}. Best is trial 0 with value: 1.0.
2024-12-10 14:36:59,214 - INFO - Trial 65 finished with value: 1.0 and parameters: {'n_estimators': 142, 'max_depth': 14, 'learning_rate': 0.013224110137928454, 'subsample': 0.912234789613644, 'colsample_bytree': 0.8718699278499171, 'scale_pos_weight': 1.1912576949410782}. Best is trial 0 with value: 1.0.
2024-12-10 14:36:59,439 - INFO - Trial 66 finished with value: 1.0 and parameters: {'n_estimators': 274, 'max_depth': 11, 'learning_rate': 0.03582237519687757, 'subsample': 0.9626518741235905, 'colsample_bytree': 0.8238631256492808, 'scale_pos_weight': 0.6344260524928501}. Best is trial 0 with value: 1.0.
2024-12-10 14:36:59,580 - INFO - Trial 67 finished with value: 0.9946251129177958 and parameters: {'n_estimators': 248, 'max_depth': 8, 'learning_rate': 0.16999757908837076, 'subsample': 0.8134412156963081, 'colsample_bytree': 0.6663004080333251, 'scale_pos_weight': 1.0985525246742402}. Best is trial 0 with value: 1.0.
2024-12-10 14:36:59,748 - INFO - Trial 68 finished with value: 0.9946251129177958 and parameters: {'n_estimators': 286, 'max_depth': 13, 'learning_rate': 0.04965121858030224, 'subsample': 0.5916206154423777, 'colsample_bytree': 0.9242317958676747, 'scale_pos_weight': 1.2847700858916324}. Best is trial 0 with value: 1.0.
2024-12-10 14:36:59,874 - INFO - Trial 69 finished with value: 1.0 and parameters: {'n_estimators': 176, 'max_depth': 10, 'learning_rate': 0.027411842911832, 'subsample': 0.5013889438366177, 'colsample_bytree': 0.7996348836894895, 'scale_pos_weight': 0.7131266085901167}. Best is trial 0 with value: 1.0.
2024-12-10 14:36:59,992 - INFO - Trial 70 finished with value: 0.9946251129177958 and parameters: {'n_estimators': 190, 'max_depth': 19, 'learning_rate': 0.2200139399752248, 'subsample': 0.548549575890845, 'colsample_bytree': 0.7143420237874974, 'scale_pos_weight': 0.8346694621803479}. Best is trial 0 with value: 1.0.
2024-12-10 14:37:00,149 - INFO - Trial 71 finished with value: 1.0 and parameters: {'n_estimators': 231, 'max_depth': 7, 'learning_rate': 0.06819234429162045, 'subsample': 0.8539185136479845, 'colsample_bytree': 0.6375383849765703, 'scale_pos_weight': 1.0448862924983067}. Best is trial 0 with value: 1.0.
2024-12-10 14:37:00,290 - INFO - Trial 72 finished with value: 1.0 and parameters: {'n_estimators': 219, 'max_depth': 5, 'learning_rate': 0.07494344651190366, 'subsample': 0.8370766254184918, 'colsample_bytree': 0.9000567075534697, 'scale_pos_weight': 0.9107858315810595}. Best is trial 0 with value: 1.0.
2024-12-10 14:37:00,428 - INFO - Trial 73 finished with value: 1.0 and parameters: {'n_estimators': 203, 'max_depth': 15, 'learning_rate': 0.05495414086982158, 'subsample': 0.866410568152983, 'colsample_bytree': 0.8509638791658272, 'scale_pos_weight': 0.9629772528584452}. Best is trial 0 with value: 1.0.
2024-12-10 14:37:00,558 - INFO - Trial 74 finished with value: 1.0 and parameters: {'n_estimators': 261, 'max_depth': 9, 'learning_rate': 0.2846277551487898, 'subsample': 0.8899908712235729, 'colsample_bytree': 0.754918789067248, 'scale_pos_weight': 0.8837030316645667}. Best is trial 0 with value: 1.0.
2024-12-10 14:37:00,725 - INFO - Trial 75 finished with value: 1.0 and parameters: {'n_estimators': 210, 'max_depth': 11, 'learning_rate': 0.016038371452251187, 'subsample': 0.7943375930685389, 'colsample_bytree': 0.6977650996214039, 'scale_pos_weight': 1.0261220639388058}. Best is trial 0 with value: 1.0.
2024-12-10 14:37:00,845 - INFO - Trial 76 finished with value: 0.9946251129177958 and parameters: {'n_estimators': 185, 'max_depth': 6, 'learning_rate': 0.1394017287817659, 'subsample': 0.9393688025296791, 'colsample_bytree': 0.8718642511582948, 'scale_pos_weight': 1.1239962652715425}. Best is trial 0 with value: 1.0.
2024-12-10 14:37:00,976 - INFO - Trial 77 finished with value: 1.0 and parameters: {'n_estimators': 252, 'max_depth': 12, 'learning_rate': 0.20654876962494714, 'subsample': 0.6454167194117717, 'colsample_bytree': 0.7811496571739817, 'scale_pos_weight': 1.4467120599987098}. Best is trial 0 with value: 1.0.
2024-12-10 14:37:01,139 - INFO - Trial 78 finished with value: 1.0 and parameters: {'n_estimators': 293, 'max_depth': 10, 'learning_rate': 0.040075367628372494, 'subsample': 0.6138391217355036, 'colsample_bytree': 0.7323377187195699, 'scale_pos_weight': 0.7984003383215671}. Best is trial 0 with value: 1.0.
2024-12-10 14:37:01,274 - INFO - Trial 79 finished with value: 1.0 and parameters: {'n_estimators': 224, 'max_depth': 6, 'learning_rate': 0.09080849466888183, 'subsample': 0.9088424584685997, 'colsample_bytree': 0.8401810055924791, 'scale_pos_weight': 0.6096316682728924}. Best is trial 0 with value: 1.0.
2024-12-10 14:37:01,387 - INFO - Trial 80 finished with value: 1.0 and parameters: {'n_estimators': 198, 'max_depth': 14, 'learning_rate': 0.23432466163632173, 'subsample': 0.828614964319844, 'colsample_bytree': 0.8092314096364576, 'scale_pos_weight': 0.5522922252927034}. Best is trial 0 with value: 1.0.
2024-12-10 14:37:01,503 - INFO - Trial 81 finished with value: 0.9946251129177958 and parameters: {'n_estimators': 159, 'max_depth': 8, 'learning_rate': 0.08162451773574443, 'subsample': 0.7731305578567071, 'colsample_bytree': 0.9889187406390986, 'scale_pos_weight': 0.9406969174768893}. Best is trial 0 with value: 1.0.
2024-12-10 14:37:01,627 - INFO - Trial 82 finished with value: 1.0 and parameters: {'n_estimators': 170, 'max_depth': 10, 'learning_rate': 0.11286888281471441, 'subsample': 0.7450456033571868, 'colsample_bytree': 0.9722582530543016, 'scale_pos_weight': 0.9902997151893482}. Best is trial 0 with value: 1.0.
2024-12-10 14:37:01,739 - INFO - Trial 83 finished with value: 1.0 and parameters: {'n_estimators': 132, 'max_depth': 7, 'learning_rate': 0.04930144644395273, 'subsample': 0.6643641864355103, 'colsample_bytree': 0.9594276083527736, 'scale_pos_weight': 0.501672986256676}. Best is trial 0 with value: 1.0.
2024-12-10 14:37:01,830 - INFO - Trial 84 finished with value: 1.0 and parameters: {'n_estimators': 110, 'max_depth': 9, 'learning_rate': 0.21974959497256893, 'subsample': 0.7272735974670793, 'colsample_bytree': 0.9992134753174635, 'scale_pos_weight': 0.8438831950579764}. Best is trial 0 with value: 1.0.
2024-12-10 14:37:01,965 - INFO - Trial 85 finished with value: 1.0 and parameters: {'n_estimators': 147, 'max_depth': 8, 'learning_rate': 0.02925372959148321, 'subsample': 0.9866103259289222, 'colsample_bytree': 0.9108097708647137, 'scale_pos_weight': 0.7666004507030635}. Best is trial 0 with value: 1.0.
2024-12-10 14:37:02,040 - INFO - Trial 86 finished with value: 0.9848132713575893 and parameters: {'n_estimators': 50, 'max_depth': 6, 'learning_rate': 0.01941739985131797, 'subsample': 0.687910345156349, 'colsample_bytree': 0.980794073143392, 'scale_pos_weight': 0.666229937221251}. Best is trial 0 with value: 1.0.
2024-12-10 14:37:02,202 - INFO - Trial 87 finished with value: 0.9946251129177958 and parameters: {'n_estimators': 274, 'max_depth': 9, 'learning_rate': 0.08904583036995015, 'subsample': 0.7843035222503351, 'colsample_bytree': 0.8898388784143892, 'scale_pos_weight': 1.5800105037165373}. Best is trial 0 with value: 1.0.
2024-12-10 14:37:02,327 - INFO - Trial 88 finished with value: 1.0 and parameters: {'n_estimators': 162, 'max_depth': 7, 'learning_rate': 0.06378514159287801, 'subsample': 0.9575057423882949, 'colsample_bytree': 0.9515515863189585, 'scale_pos_weight': 0.7008538106064999}. Best is trial 0 with value: 1.0.
2024-12-10 14:37:02,478 - INFO - Trial 89 finished with value: 1.0 and parameters: {'n_estimators': 192, 'max_depth': 10, 'learning_rate': 0.04444831991252271, 'subsample': 0.8670809110028236, 'colsample_bytree': 0.9353460286098503, 'scale_pos_weight': 1.359186423962648}. Best is trial 0 with value: 1.0.
2024-12-10 14:37:02,588 - INFO - Trial 90 finished with value: 1.0 and parameters: {'n_estimators': 183, 'max_depth': 17, 'learning_rate': 0.24905549016784903, 'subsample': 0.7053961239800653, 'colsample_bytree': 0.8792188812516176, 'scale_pos_weight': 0.9434920878938383}. Best is trial 0 with value: 1.0.
2024-12-10 14:37:02,778 - INFO - Trial 91 finished with value: 1.0 and parameters: {'n_estimators': 289, 'max_depth': 15, 'learning_rate': 0.041309749141164746, 'subsample': 0.8842694011769671, 'colsample_bytree': 0.8260533802443468, 'scale_pos_weight': 1.1108080553565556}. Best is trial 0 with value: 1.0.
