2025-02-02 17:07:28,171 - INFO - Trial 944 finished with value: 0.8508771929824562 and parameters: {'n_estimators': 187, 'max_depth': 18, 'min_samples_split': 5, 'min_samples_leaf': 1, 'class_weight': 'balanced'}. Best is trial 584 with value: 0.8792270531400965.
2025-02-02 17:07:28,276 - INFO - Trial 945 finished with value: 0.7912280701754386 and parameters: {'n_estimators': 50, 'max_depth': 17, 'min_samples_split': 7, 'min_samples_leaf': 1, 'class_weight': 'balanced'}. Best is trial 584 with value: 0.8792270531400965.
2025-02-02 17:07:28,465 - INFO - Trial 946 finished with value: 0.8188405797101449 and parameters: {'n_estimators': 130, 'max_depth': 20, 'min_samples_split': 6, 'min_samples_leaf': 1, 'class_weight': None}. Best is trial 584 with value: 0.8792270531400965.
2025-02-02 17:07:28,665 - INFO - Trial 947 finished with value: 0.8508771929824562 and parameters: {'n_estimators': 165, 'max_depth': 12, 'min_samples_split': 7, 'min_samples_leaf': 1, 'class_weight': 'balanced'}. Best is trial 584 with value: 0.8792270531400965.
2025-02-02 17:07:28,898 - INFO - Trial 948 finished with value: 0.8227272727272728 and parameters: {'n_estimators': 172, 'max_depth': 15, 'min_samples_split': 4, 'min_samples_leaf': 3, 'class_weight': 'balanced'}. Best is trial 584 with value: 0.8792270531400965.
2025-02-02 17:07:29,149 - INFO - Trial 949 finished with value: 0.8188405797101449 and parameters: {'n_estimators': 214, 'max_depth': 19, 'min_samples_split': 6, 'min_samples_leaf': 2, 'class_weight': 'balanced'}. Best is trial 584 with value: 0.8792270531400965.
2025-02-02 17:07:29,262 - INFO - Trial 950 finished with value: 0.8227272727272728 and parameters: {'n_estimators': 65, 'max_depth': 18, 'min_samples_split': 8, 'min_samples_leaf': 4, 'class_weight': 'balanced'}. Best is trial 584 with value: 0.8792270531400965.
2025-02-02 17:07:29,400 - INFO - Trial 951 finished with value: 0.8508771929824562 and parameters: {'n_estimators': 78, 'max_depth': 16, 'min_samples_split': 7, 'min_samples_leaf': 1, 'class_weight': 'balanced'}. Best is trial 584 with value: 0.8792270531400965.
2025-02-02 17:07:29,604 - INFO - Trial 952 finished with value: 0.8508771929824562 and parameters: {'n_estimators': 148, 'max_depth': 11, 'min_samples_split': 7, 'min_samples_leaf': 2, 'class_weight': 'balanced'}. Best is trial 584 with value: 0.8792270531400965.
2025-02-02 17:07:29,848 - INFO - Trial 953 finished with value: 0.8188405797101449 and parameters: {'n_estimators': 205, 'max_depth': 13, 'min_samples_split': 5, 'min_samples_leaf': 1, 'class_weight': 'balanced'}. Best is trial 584 with value: 0.8792270531400965.
2025-02-02 17:07:30,066 - INFO - Trial 954 finished with value: 0.8508771929824562 and parameters: {'n_estimators': 155, 'max_depth': 14, 'min_samples_split': 6, 'min_samples_leaf': 1, 'class_weight': 'balanced'}. Best is trial 584 with value: 0.8792270531400965.
2025-02-02 17:07:30,244 - INFO - Trial 955 finished with value: 0.8188405797101449 and parameters: {'n_estimators': 120, 'max_depth': 12, 'min_samples_split': 3, 'min_samples_leaf': 2, 'class_weight': 'balanced'}. Best is trial 584 with value: 0.8792270531400965.
2025-02-02 17:07:30,444 - INFO - Trial 956 finished with value: 0.7662337662337663 and parameters: {'n_estimators': 141, 'max_depth': 20, 'min_samples_split': 9, 'min_samples_leaf': 1, 'class_weight': 'balanced'}. Best is trial 584 with value: 0.8792270531400965.
2025-02-02 17:07:30,687 - INFO - Trial 957 finished with value: 0.75 and parameters: {'n_estimators': 176, 'max_depth': 18, 'min_samples_split': 7, 'min_samples_leaf': 1, 'class_weight': None}. Best is trial 584 with value: 0.8792270531400965.
2025-02-02 17:07:30,948 - INFO - Trial 958 finished with value: 0.8508771929824562 and parameters: {'n_estimators': 209, 'max_depth': 17, 'min_samples_split': 5, 'min_samples_leaf': 2, 'class_weight': 'balanced'}. Best is trial 584 with value: 0.8792270531400965.
2025-02-02 17:07:31,060 - INFO - Trial 959 finished with value: 0.7945736434108528 and parameters: {'n_estimators': 57, 'max_depth': 13, 'min_samples_split': 6, 'min_samples_leaf': 3, 'class_weight': 'balanced'}. Best is trial 584 with value: 0.8792270531400965.
2025-02-02 17:07:31,317 - INFO - Trial 960 finished with value: 0.8508771929824562 and parameters: {'n_estimators': 223, 'max_depth': 14, 'min_samples_split': 7, 'min_samples_leaf': 1, 'class_weight': 'balanced'}. Best is trial 584 with value: 0.8792270531400965.
2025-02-02 17:07:31,586 - INFO - Trial 961 finished with value: 0.8188405797101449 and parameters: {'n_estimators': 197, 'max_depth': 15, 'min_samples_split': 4, 'min_samples_leaf': 1, 'class_weight': 'balanced'}. Best is trial 584 with value: 0.8792270531400965.
2025-02-02 17:07:31,914 - INFO - Trial 962 finished with value: 0.8508771929824562 and parameters: {'n_estimators': 276, 'max_depth': 7, 'min_samples_split': 6, 'min_samples_leaf': 1, 'class_weight': 'balanced'}. Best is trial 584 with value: 0.8792270531400965.
2025-02-02 17:07:32,086 - INFO - Trial 963 finished with value: 0.8508771929824562 and parameters: {'n_estimators': 127, 'max_depth': 19, 'min_samples_split': 8, 'min_samples_leaf': 2, 'class_weight': 'balanced'}. Best is trial 584 with value: 0.8792270531400965.
2025-02-02 17:07:32,211 - INFO - Trial 964 finished with value: 0.8188405797101449 and parameters: {'n_estimators': 71, 'max_depth': 12, 'min_samples_split': 7, 'min_samples_leaf': 1, 'class_weight': 'balanced'}. Best is trial 584 with value: 0.8792270531400965.
2025-02-02 17:07:32,395 - INFO - Trial 965 finished with value: 0.8508771929824562 and parameters: {'n_estimators': 137, 'max_depth': 16, 'min_samples_split': 6, 'min_samples_leaf': 2, 'class_weight': 'balanced'}. Best is trial 584 with value: 0.8792270531400965.
2025-02-02 17:07:32,612 - INFO - Trial 966 finished with value: 0.8508771929824562 and parameters: {'n_estimators': 180, 'max_depth': 20, 'min_samples_split': 5, 'min_samples_leaf': 1, 'class_weight': 'balanced'}. Best is trial 584 with value: 0.8792270531400965.
2025-02-02 17:07:32,878 - INFO - Trial 967 finished with value: 0.8227272727272728 and parameters: {'n_estimators': 230, 'max_depth': 18, 'min_samples_split': 7, 'min_samples_leaf': 3, 'class_weight': 'balanced'}. Best is trial 584 with value: 0.8792270531400965.
2025-02-02 17:07:33,091 - INFO - Trial 968 finished with value: 0.7853566958698374 and parameters: {'n_estimators': 161, 'max_depth': 17, 'min_samples_split': 2, 'min_samples_leaf': 4, 'class_weight': None}. Best is trial 584 with value: 0.8792270531400965.
2025-02-02 17:07:33,249 - INFO - Trial 969 finished with value: 0.8508771929824562 and parameters: {'n_estimators': 104, 'max_depth': 15, 'min_samples_split': 6, 'min_samples_leaf': 1, 'class_weight': 'balanced'}. Best is trial 584 with value: 0.8792270531400965.
2025-02-02 17:07:33,474 - INFO - Trial 970 finished with value: 0.8188405797101449 and parameters: {'n_estimators': 168, 'max_depth': 12, 'min_samples_split': 4, 'min_samples_leaf': 1, 'class_weight': 'balanced'}. Best is trial 584 with value: 0.8792270531400965.
2025-02-02 17:07:33,673 - INFO - Trial 971 finished with value: 0.8508771929824562 and parameters: {'n_estimators': 147, 'max_depth': 19, 'min_samples_split': 8, 'min_samples_leaf': 2, 'class_weight': 'balanced'}. Best is trial 584 with value: 0.8792270531400965.
2025-02-02 17:07:33,867 - INFO - Trial 972 finished with value: 0.8188405797101449 and parameters: {'n_estimators': 110, 'max_depth': 14, 'min_samples_split': 7, 'min_samples_leaf': 1, 'class_weight': 'balanced'}. Best is trial 584 with value: 0.8792270531400965.
2025-02-02 17:07:34,082 - INFO - Trial 973 finished with value: 0.8508771929824562 and parameters: {'n_estimators': 151, 'max_depth': 11, 'min_samples_split': 6, 'min_samples_leaf': 1, 'class_weight': 'balanced'}. Best is trial 584 with value: 0.8792270531400965.
2025-02-02 17:07:34,321 - INFO - Trial 974 finished with value: 0.8227272727272728 and parameters: {'n_estimators': 185, 'max_depth': 13, 'min_samples_split': 7, 'min_samples_leaf': 3, 'class_weight': 'balanced'}. Best is trial 584 with value: 0.8792270531400965.
2025-02-02 17:07:34,564 - INFO - Trial 975 finished with value: 0.8188405797101449 and parameters: {'n_estimators': 191, 'max_depth': 20, 'min_samples_split': 5, 'min_samples_leaf': 2, 'class_weight': 'balanced'}. Best is trial 584 with value: 0.8792270531400965.
2025-02-02 17:07:34,730 - INFO - Trial 976 finished with value: 0.8188405797101449 and parameters: {'n_estimators': 122, 'max_depth': 17, 'min_samples_split': 3, 'min_samples_leaf': 2, 'class_weight': 'balanced'}. Best is trial 584 with value: 0.8792270531400965.
2025-02-02 17:07:34,925 - INFO - Trial 977 finished with value: 0.8508771929824562 and parameters: {'n_estimators': 157, 'max_depth': 19, 'min_samples_split': 7, 'min_samples_leaf': 1, 'class_weight': 'balanced'}. Best is trial 584 with value: 0.8792270531400965.
2025-02-02 17:07:35,084 - INFO - Trial 978 finished with value: 0.8508771929824562 and parameters: {'n_estimators': 98, 'max_depth': 18, 'min_samples_split': 5, 'min_samples_leaf': 1, 'class_weight': 'balanced'}. Best is trial 584 with value: 0.8792270531400965.
2025-02-02 17:07:35,254 - INFO - Trial 979 finished with value: 0.8508771929824562 and parameters: {'n_estimators': 116, 'max_depth': 13, 'min_samples_split': 6, 'min_samples_leaf': 1, 'class_weight': 'balanced'}. Best is trial 584 with value: 0.8792270531400965.
2025-02-02 17:07:35,449 - INFO - Trial 980 finished with value: 0.7853566958698374 and parameters: {'n_estimators': 143, 'max_depth': 15, 'min_samples_split': 7, 'min_samples_leaf': 2, 'class_weight': None}. Best is trial 584 with value: 0.8792270531400965.
2025-02-02 17:07:35,708 - INFO - Trial 981 finished with value: 0.8508771929824562 and parameters: {'n_estimators': 200, 'max_depth': 18, 'min_samples_split': 6, 'min_samples_leaf': 1, 'class_weight': 'balanced'}. Best is trial 584 with value: 0.8792270531400965.
2025-02-02 17:07:35,980 - INFO - Trial 982 finished with value: 0.8508771929824562 and parameters: {'n_estimators': 218, 'max_depth': 11, 'min_samples_split': 8, 'min_samples_leaf': 2, 'class_weight': 'balanced'}. Best is trial 584 with value: 0.8792270531400965.
2025-02-02 17:07:36,158 - INFO - Trial 983 finished with value: 0.8508771929824562 and parameters: {'n_estimators': 132, 'max_depth': 14, 'min_samples_split': 7, 'min_samples_leaf': 3, 'class_weight': 'balanced'}. Best is trial 584 with value: 0.8792270531400965.
2025-02-02 17:07:36,284 - INFO - Trial 984 finished with value: 0.8508771929824562 and parameters: {'n_estimators': 67, 'max_depth': 12, 'min_samples_split': 6, 'min_samples_leaf': 1, 'class_weight': 'balanced'}. Best is trial 584 with value: 0.8792270531400965.
2025-02-02 17:07:36,508 - INFO - Trial 985 finished with value: 0.8508771929824562 and parameters: {'n_estimators': 171, 'max_depth': 16, 'min_samples_split': 5, 'min_samples_leaf': 1, 'class_weight': 'balanced'}. Best is trial 584 with value: 0.8792270531400965.
2025-02-02 17:07:36,669 - INFO - Trial 986 finished with value: 0.8508771929824562 and parameters: {'n_estimators': 93, 'max_depth': 18, 'min_samples_split': 7, 'min_samples_leaf': 1, 'class_weight': 'balanced'}. Best is trial 584 with value: 0.8792270531400965.
2025-02-02 17:07:36,809 - INFO - Trial 987 finished with value: 0.7945736434108528 and parameters: {'n_estimators': 77, 'max_depth': 19, 'min_samples_split': 6, 'min_samples_leaf': 4, 'class_weight': 'balanced'}. Best is trial 584 with value: 0.8792270531400965.
2025-02-02 17:07:37,069 - INFO - Trial 988 finished with value: 0.8227272727272728 and parameters: {'n_estimators': 211, 'max_depth': 12, 'min_samples_split': 7, 'min_samples_leaf': 2, 'class_weight': 'balanced'}. Best is trial 584 with value: 0.8792270531400965.
2025-02-02 17:07:37,298 - INFO - Trial 989 finished with value: 0.8508771929824562 and parameters: {'n_estimators': 177, 'max_depth': 20, 'min_samples_split': 5, 'min_samples_leaf': 1, 'class_weight': 'balanced'}. Best is trial 584 with value: 0.8792270531400965.
2025-02-02 17:07:37,424 - INFO - Trial 990 finished with value: 0.7912280701754386 and parameters: {'n_estimators': 84, 'max_depth': 14, 'min_samples_split': 3, 'min_samples_leaf': 3, 'class_weight': 'balanced'}. Best is trial 584 with value: 0.8792270531400965.
2025-02-02 17:07:37,636 - INFO - Trial 991 finished with value: 0.7122448979591838 and parameters: {'n_estimators': 164, 'max_depth': 4, 'min_samples_split': 4, 'min_samples_leaf': 1, 'class_weight': None}. Best is trial 584 with value: 0.8792270531400965.
2025-02-02 17:07:37,836 - INFO - Trial 992 finished with value: 0.7945736434108528 and parameters: {'n_estimators': 155, 'max_depth': 15, 'min_samples_split': 8, 'min_samples_leaf': 1, 'class_weight': 'balanced'}. Best is trial 584 with value: 0.8792270531400965.
2025-02-02 17:07:37,947 - INFO - Trial 993 finished with value: 0.7358803986710962 and parameters: {'n_estimators': 54, 'max_depth': 13, 'min_samples_split': 7, 'min_samples_leaf': 2, 'class_weight': 'balanced'}. Best is trial 584 with value: 0.8792270531400965.
2025-02-02 17:07:38,182 - INFO - Trial 994 finished with value: 0.8508771929824562 and parameters: {'n_estimators': 204, 'max_depth': 17, 'min_samples_split': 6, 'min_samples_leaf': 2, 'class_weight': 'balanced'}. Best is trial 584 with value: 0.8792270531400965.
2025-02-02 17:07:38,302 - INFO - Trial 995 finished with value: 0.7945736434108528 and parameters: {'n_estimators': 61, 'max_depth': 18, 'min_samples_split': 7, 'min_samples_leaf': 1, 'class_weight': 'balanced'}. Best is trial 584 with value: 0.8792270531400965.
2025-02-02 17:07:38,535 - INFO - Trial 996 finished with value: 0.8508771929824562 and parameters: {'n_estimators': 184, 'max_depth': 16, 'min_samples_split': 2, 'min_samples_leaf': 1, 'class_weight': 'balanced'}. Best is trial 584 with value: 0.8792270531400965.
2025-02-02 17:07:38,738 - INFO - Trial 997 finished with value: 0.8508771929824562 and parameters: {'n_estimators': 139, 'max_depth': 20, 'min_samples_split': 6, 'min_samples_leaf': 1, 'class_weight': 'balanced'}. Best is trial 584 with value: 0.8792270531400965.
2025-02-02 17:07:38,971 - INFO - Trial 998 finished with value: 0.8508771929824562 and parameters: {'n_estimators': 194, 'max_depth': 12, 'min_samples_split': 7, 'min_samples_leaf': 1, 'class_weight': 'balanced'}. Best is trial 584 with value: 0.8792270531400965.
2025-02-02 17:07:39,150 - INFO - Trial 999 finished with value: 0.8188405797101449 and parameters: {'n_estimators': 127, 'max_depth': 19, 'min_samples_split': 5, 'min_samples_leaf': 2, 'class_weight': 'balanced'}. Best is trial 584 with value: 0.8792270531400965.
2025-02-02 17:07:39,588 - INFO - A new study created in memory with name: no-name-60d147a8-4761-457a-9270-db519764df6f
2025-02-02 17:07:39,597 - INFO - Trial 0 finished with value: 0.8188405797101449 and parameters: {'max_depth': 9, 'min_samples_split': 10, 'min_samples_leaf': 1, 'class_weight': None}. Best is trial 0 with value: 0.8188405797101449.
2025-02-02 17:07:39,602 - INFO - Trial 1 finished with value: 0.8532668881506091 and parameters: {'max_depth': 19, 'min_samples_split': 6, 'min_samples_leaf': 3, 'class_weight': 'balanced'}. Best is trial 1 with value: 0.8532668881506091.
2025-02-02 17:07:39,607 - INFO - Trial 2 finished with value: 0.8818181818181818 and parameters: {'max_depth': 16, 'min_samples_split': 7, 'min_samples_leaf': 3, 'class_weight': 'balanced'}. Best is trial 2 with value: 0.8818181818181818.
2025-02-02 17:07:39,611 - INFO - Trial 3 finished with value: 0.8188405797101449 and parameters: {'max_depth': 10, 'min_samples_split': 5, 'min_samples_leaf': 4, 'class_weight': None}. Best is trial 2 with value: 0.8818181818181818.
2025-02-02 17:07:39,615 - INFO - Trial 4 finished with value: 0.795864262990456 and parameters: {'max_depth': 18, 'min_samples_split': 2, 'min_samples_leaf': 3, 'class_weight': 'balanced'}. Best is trial 2 with value: 0.8818181818181818.
2025-02-02 17:07:39,620 - INFO - Trial 5 finished with value: 0.8818181818181818 and parameters: {'max_depth': 20, 'min_samples_split': 9, 'min_samples_leaf': 2, 'class_weight': None}. Best is trial 2 with value: 0.8818181818181818.
2025-02-02 17:07:39,625 - INFO - Trial 6 finished with value: 0.8246753246753247 and parameters: {'max_depth': 12, 'min_samples_split': 2, 'min_samples_leaf': 3, 'class_weight': 'balanced'}. Best is trial 2 with value: 0.8818181818181818.
2025-02-02 17:07:39,629 - INFO - Trial 7 finished with value: 0.795864262990456 and parameters: {'max_depth': 13, 'min_samples_split': 6, 'min_samples_leaf': 3, 'class_weight': 'balanced'}. Best is trial 2 with value: 0.8818181818181818.
2025-02-02 17:07:39,634 - INFO - Trial 8 finished with value: 0.8188405797101449 and parameters: {'max_depth': 18, 'min_samples_split': 6, 'min_samples_leaf': 4, 'class_weight': 'balanced'}. Best is trial 2 with value: 0.8818181818181818.
2025-02-02 17:07:39,638 - INFO - Trial 9 finished with value: 0.8818181818181818 and parameters: {'max_depth': 8, 'min_samples_split': 6, 'min_samples_leaf': 2, 'class_weight': 'balanced'}. Best is trial 2 with value: 0.8818181818181818.
2025-02-02 17:07:39,652 - INFO - Trial 10 finished with value: 0.8188405797101449 and parameters: {'max_depth': 3, 'min_samples_split': 8, 'min_samples_leaf': 1, 'class_weight': None}. Best is trial 2 with value: 0.8818181818181818.
2025-02-02 17:07:39,664 - INFO - Trial 11 finished with value: 0.8818181818181818 and parameters: {'max_depth': 16, 'min_samples_split': 9, 'min_samples_leaf': 2, 'class_weight': None}. Best is trial 2 with value: 0.8818181818181818.
2025-02-02 17:07:39,679 - INFO - Trial 12 finished with value: 0.9105263157894736 and parameters: {'max_depth': 15, 'min_samples_split': 8, 'min_samples_leaf': 2, 'class_weight': None}. Best is trial 12 with value: 0.9105263157894736.
2025-02-02 17:07:39,693 - INFO - Trial 13 finished with value: 0.8818181818181818 and parameters: {'max_depth': 15, 'min_samples_split': 8, 'min_samples_leaf': 2, 'class_weight': None}. Best is trial 12 with value: 0.9105263157894736.
2025-02-02 17:07:39,705 - INFO - Trial 14 finished with value: 0.8188405797101449 and parameters: {'max_depth': 15, 'min_samples_split': 4, 'min_samples_leaf': 4, 'class_weight': 'balanced'}. Best is trial 12 with value: 0.9105263157894736.
2025-02-02 17:07:39,719 - INFO - Trial 15 finished with value: 0.8188405797101449 and parameters: {'max_depth': 6, 'min_samples_split': 8, 'min_samples_leaf': 1, 'class_weight': None}. Best is trial 12 with value: 0.9105263157894736.
2025-02-02 17:07:39,733 - INFO - Trial 16 finished with value: 0.8188405797101449 and parameters: {'max_depth': 13, 'min_samples_split': 7, 'min_samples_leaf': 2, 'class_weight': 'balanced'}. Best is trial 12 with value: 0.9105263157894736.
2025-02-02 17:07:39,750 - INFO - Trial 17 finished with value: 0.8188405797101449 and parameters: {'max_depth': 16, 'min_samples_split': 4, 'min_samples_leaf': 3, 'class_weight': None}. Best is trial 12 with value: 0.9105263157894736.
2025-02-02 17:07:39,768 - INFO - Trial 18 finished with value: 0.8508771929824562 and parameters: {'max_depth': 14, 'min_samples_split': 10, 'min_samples_leaf': 3, 'class_weight': None}. Best is trial 12 with value: 0.9105263157894736.
2025-02-02 17:07:39,786 - INFO - Trial 19 finished with value: 0.8818181818181818 and parameters: {'max_depth': 17, 'min_samples_split': 7, 'min_samples_leaf': 2, 'class_weight': 'balanced'}. Best is trial 12 with value: 0.9105263157894736.
2025-02-02 17:07:39,801 - INFO - Trial 20 finished with value: 0.7912280701754386 and parameters: {'max_depth': 11, 'min_samples_split': 7, 'min_samples_leaf': 4, 'class_weight': 'balanced'}. Best is trial 12 with value: 0.9105263157894736.
2025-02-02 17:07:39,817 - INFO - Trial 21 finished with value: 0.7912280701754386 and parameters: {'max_depth': 19, 'min_samples_split': 9, 'min_samples_leaf': 2, 'class_weight': None}. Best is trial 12 with value: 0.9105263157894736.
2025-02-02 17:07:39,837 - INFO - Trial 22 finished with value: 0.8188405797101449 and parameters: {'max_depth': 19, 'min_samples_split': 9, 'min_samples_leaf': 2, 'class_weight': None}. Best is trial 12 with value: 0.9105263157894736.
2025-02-02 17:07:39,853 - INFO - Trial 23 finished with value: 0.8188405797101449 and parameters: {'max_depth': 20, 'min_samples_split': 8, 'min_samples_leaf': 1, 'class_weight': None}. Best is trial 12 with value: 0.9105263157894736.
2025-02-02 17:07:39,872 - INFO - Trial 24 finished with value: 0.8818181818181818 and parameters: {'max_depth': 17, 'min_samples_split': 9, 'min_samples_leaf': 2, 'class_weight': None}. Best is trial 12 with value: 0.9105263157894736.
2025-02-02 17:07:39,895 - INFO - Trial 25 finished with value: 0.8188405797101449 and parameters: {'max_depth': 20, 'min_samples_split': 10, 'min_samples_leaf': 3, 'class_weight': None}. Best is trial 12 with value: 0.9105263157894736.
2025-02-02 17:07:39,911 - INFO - Trial 26 finished with value: 0.8188405797101449 and parameters: {'max_depth': 14, 'min_samples_split': 7, 'min_samples_leaf': 2, 'class_weight': None}. Best is trial 12 with value: 0.9105263157894736.
2025-02-02 17:07:39,927 - INFO - Trial 27 finished with value: 0.9080100125156445 and parameters: {'max_depth': 16, 'min_samples_split': 5, 'min_samples_leaf': 1, 'class_weight': None}. Best is trial 12 with value: 0.9105263157894736.
2025-02-02 17:07:39,942 - INFO - Trial 28 finished with value: 0.7853566958698374 and parameters: {'max_depth': 16, 'min_samples_split': 4, 'min_samples_leaf': 1, 'class_weight': 'balanced'}. Best is trial 12 with value: 0.9105263157894736.
2025-02-02 17:07:39,956 - INFO - Trial 29 finished with value: 0.7853566958698374 and parameters: {'max_depth': 12, 'min_samples_split': 5, 'min_samples_leaf': 1, 'class_weight': None}. Best is trial 12 with value: 0.9105263157894736.
